{"uid":"b886b255c8aac0e7","name":"TC 03.02.05 Verify error on attempting to log in with empty email - Negative","fullName":"tests.test_sign_in.TestLogin#test_03_02_05_error_if_login_with_empty_password","historyId":"1671eade30fea13ce3a08a7945e43e0d","time":{"start":1729390448893,"stop":1729390450298,"duration":1405},"description":"Check error message on attempt to log in with empty password","descriptionHtml":"<p>Check error message on attempt to log in with empty password</p>\n","status":"broken","statusMessage":"selenium.common.exceptions.ElementClickInterceptedException: Message: element click intercepted: Element <input name=\"login[password]\" type=\"password\" autocomplete=\"off\" class=\"input-text\" id=\"pass\" title=\"Password\" data-validate=\"{required:true}\" aria-required=\"true\"> is not clickable at point (560, 845). Other element would receive the click: <div id=\"aswift_3_host\" style=\"border: none !important; height: 90px !important; width: 100% !important; margin: 0px !important; padding: 0px !important; position: relative !important; visibility: visible !important; background-color: transparent !important; display: inline-block !important; inset: auto !important; clear: none !important; float: none !important; max-height: none !important; max-width: none !important; opacity: 1 !important; overflow: visible !important; vertical-align: baseline !important; z-index: auto !important;\">...</div>\n  (Session info: chrome=130.0.6723.58)\nStacktrace:\n#0 0x5637f61290aa <unknown>\n#1 0x5637f5c401a0 <unknown>\n#2 0x5637f5c93896 <unknown>\n#3 0x5637f5c9182d <unknown>\n#4 0x5637f5c8f2d7 <unknown>\n#5 0x5637f5c8e6f1 <unknown>\n#6 0x5637f5c81cf8 <unknown>\n#7 0x5637f5cb0d82 <unknown>\n#8 0x5637f5c816d8 <unknown>\n#9 0x5637f5cb0f4e <unknown>\n#10 0x5637f5ccf866 <unknown>\n#11 0x5637f5cb0b23 <unknown>\n#12 0x5637f5c7f990 <unknown>\n#13 0x5637f5c8096e <unknown>\n#14 0x5637f60f516b <unknown>\n#15 0x5637f60f8f68 <unknown>\n#16 0x5637f60e264c <unknown>\n#17 0x5637f60f9ae7 <unknown>\n#18 0x5637f60c74af <unknown>\n#19 0x5637f61174f8 <unknown>\n#20 0x5637f61176c0 <unknown>\n#21 0x5637f6127f26 <unknown>\n#22 0x7fd859c94ac3 <unknown>","statusTrace":"self = <test_sign_in.TestLogin object at 0x7fa330567690>\ndriver = <selenium.webdriver.chrome.webdriver.WebDriver (session=\"672abecbae9b2b84855ed70ace26afc4\")>\nsign_in_page = <pages.sign_in_page.SignInPage object at 0x7fa331d1d5d0>\n\n    @allure.title('TC 03.02.05 Verify error on attempting to log in with empty email - Negative')\n    def test_03_02_05_error_if_login_with_empty_password(self, driver, sign_in_page):\n        \"\"\"Check error message on attempt to log in with empty password\"\"\"\n        sign_in_page.fill_in_email_field(credentials['email'])\n>       sign_in_page.fill_in_password_field('')\n\ntests/test_sign_in.py:223: \n_ _ _ _ _ _ _ _ _ _ _ _ _ _ _ _ _ _ _ _ _ _ _ _ _ _ _ _ _ _ _ _ _ _ _ _ _ _ _ _ \npages/sign_in_page.py:88: in fill_in_password_field\n    return self.fill_in_field(self.check_customer_password_field_is_clickable(), password)\npages/base_page.py:319: in fill_in_field\n    input_field.click()\n/opt/hostedtoolcache/Python/3.11.10/x64/lib/python3.11/site-packages/selenium/webdriver/remote/webelement.py:93: in click\n    self._execute(Command.CLICK_ELEMENT)\n/opt/hostedtoolcache/Python/3.11.10/x64/lib/python3.11/site-packages/selenium/webdriver/remote/webelement.py:394: in _execute\n    return self._parent.execute(command, params)\n/opt/hostedtoolcache/Python/3.11.10/x64/lib/python3.11/site-packages/selenium/webdriver/remote/webdriver.py:344: in execute\n    self.error_handler.check_response(response)\n_ _ _ _ _ _ _ _ _ _ _ _ _ _ _ _ _ _ _ _ _ _ _ _ _ _ _ _ _ _ _ _ _ _ _ _ _ _ _ _ \n\nself = <selenium.webdriver.remote.errorhandler.ErrorHandler object at 0x7fa331d1e950>\nresponse = {'status': 400, 'value': '{\"value\":{\"error\":\"element click intercepted\",\"message\":\"element click intercepted: Element ...\\\\n#20 0x5637f61176c0 \\\\u003Cunknown>\\\\n#21 0x5637f6127f26 \\\\u003Cunknown>\\\\n#22 0x7fd859c94ac3 \\\\u003Cunknown>\\\\n\"}}'}\n\n    def check_response(self, response: Dict[str, Any]) -> None:\n        \"\"\"Checks that a JSON response from the WebDriver does not have an\n        error.\n    \n        :Args:\n         - response - The JSON response from the WebDriver server as a dictionary\n           object.\n    \n        :Raises: If the response contains an error message.\n        \"\"\"\n        status = response.get(\"status\", None)\n        if not status or status == ErrorCode.SUCCESS:\n            return\n        value = None\n        message = response.get(\"message\", \"\")\n        screen: str = response.get(\"screen\", \"\")\n        stacktrace = None\n        if isinstance(status, int):\n            value_json = response.get(\"value\", None)\n            if value_json and isinstance(value_json, str):\n                import json\n    \n                try:\n                    value = json.loads(value_json)\n                    if len(value) == 1:\n                        value = value[\"value\"]\n                    status = value.get(\"error\", None)\n                    if not status:\n                        status = value.get(\"status\", ErrorCode.UNKNOWN_ERROR)\n                        message = value.get(\"value\") or value.get(\"message\")\n                        if not isinstance(message, str):\n                            value = message\n                            message = message.get(\"message\")\n                    else:\n                        message = value.get(\"message\", None)\n                except ValueError:\n                    pass\n    \n        exception_class: Type[WebDriverException]\n        e = ErrorCode()\n        error_codes = [item for item in dir(e) if not item.startswith(\"__\")]\n        for error_code in error_codes:\n            error_info = getattr(ErrorCode, error_code)\n            if isinstance(error_info, list) and status in error_info:\n                exception_class = getattr(ExceptionMapping, error_code, WebDriverException)\n                break\n        else:\n            exception_class = WebDriverException\n    \n        if not value:\n            value = response[\"value\"]\n        if isinstance(value, str):\n            raise exception_class(value)\n        if message == \"\" and \"message\" in value:\n            message = value[\"message\"]\n    \n        screen = None  # type: ignore[assignment]\n        if \"screen\" in value:\n            screen = value[\"screen\"]\n    \n        stacktrace = None\n        st_value = value.get(\"stackTrace\") or value.get(\"stacktrace\")\n        if st_value:\n            if isinstance(st_value, str):\n                stacktrace = st_value.split(\"\\n\")\n            else:\n                stacktrace = []\n                try:\n                    for frame in st_value:\n                        line = frame.get(\"lineNumber\", \"\")\n                        file = frame.get(\"fileName\", \"<anonymous>\")\n                        if line:\n                            file = f\"{file}:{line}\"\n                        meth = frame.get(\"methodName\", \"<anonymous>\")\n                        if \"className\" in frame:\n                            meth = f\"{frame['className']}.{meth}\"\n                        msg = \"    at %s (%s)\"\n                        msg = msg % (meth, file)\n                        stacktrace.append(msg)\n                except TypeError:\n                    pass\n        if exception_class == UnexpectedAlertPresentException:\n            alert_text = None\n            if \"data\" in value:\n                alert_text = value[\"data\"].get(\"text\")\n            elif \"alert\" in value:\n                alert_text = value[\"alert\"].get(\"text\")\n            raise exception_class(message, screen, stacktrace, alert_text)  # type: ignore[call-arg]  # mypy is not smart enough here\n>       raise exception_class(message, screen, stacktrace)\nE       selenium.common.exceptions.ElementClickInterceptedException: Message: element click intercepted: Element <input name=\"login[password]\" type=\"password\" autocomplete=\"off\" class=\"input-text\" id=\"pass\" title=\"Password\" data-validate=\"{required:true}\" aria-required=\"true\"> is not clickable at point (560, 845). Other element would receive the click: <div id=\"aswift_3_host\" style=\"border: none !important; height: 90px !important; width: 100% !important; margin: 0px !important; padding: 0px !important; position: relative !important; visibility: visible !important; background-color: transparent !important; display: inline-block !important; inset: auto !important; clear: none !important; float: none !important; max-height: none !important; max-width: none !important; opacity: 1 !important; overflow: visible !important; vertical-align: baseline !important; z-index: auto !important;\">...</div>\nE         (Session info: chrome=130.0.6723.58)\nE       Stacktrace:\nE       #0 0x5637f61290aa <unknown>\nE       #1 0x5637f5c401a0 <unknown>\nE       #2 0x5637f5c93896 <unknown>\nE       #3 0x5637f5c9182d <unknown>\nE       #4 0x5637f5c8f2d7 <unknown>\nE       #5 0x5637f5c8e6f1 <unknown>\nE       #6 0x5637f5c81cf8 <unknown>\nE       #7 0x5637f5cb0d82 <unknown>\nE       #8 0x5637f5c816d8 <unknown>\nE       #9 0x5637f5cb0f4e <unknown>\nE       #10 0x5637f5ccf866 <unknown>\nE       #11 0x5637f5cb0b23 <unknown>\nE       #12 0x5637f5c7f990 <unknown>\nE       #13 0x5637f5c8096e <unknown>\nE       #14 0x5637f60f516b <unknown>\nE       #15 0x5637f60f8f68 <unknown>\nE       #16 0x5637f60e264c <unknown>\nE       #17 0x5637f60f9ae7 <unknown>\nE       #18 0x5637f60c74af <unknown>\nE       #19 0x5637f61174f8 <unknown>\nE       #20 0x5637f61176c0 <unknown>\nE       #21 0x5637f6127f26 <unknown>\nE       #22 0x7fd859c94ac3 <unknown>\n\n/opt/hostedtoolcache/Python/3.11.10/x64/lib/python3.11/site-packages/selenium/webdriver/remote/errorhandler.py:229: ElementClickInterceptedException","flaky":false,"newFailed":false,"newBroken":false,"newPassed":false,"retriesCount":0,"retriesStatusChange":false,"beforeStages":[{"name":"_session_faker","time":{"start":1729388679795,"stop":1729388679861,"duration":66},"status":"passed","steps":[],"attachments":[],"parameters":[],"shouldDisplayMessage":false,"stepsCount":0,"attachmentsCount":0,"hasContent":false,"attachmentStep":false},{"name":"clear_allure_result_folder","time":{"start":1729388679862,"stop":1729388679862,"duration":0},"status":"passed","steps":[],"attachments":[],"parameters":[],"shouldDisplayMessage":false,"stepsCount":0,"attachmentsCount":0,"hasContent":false,"attachmentStep":false},{"name":"driver","time":{"start":1729390446117,"stop":1729390447320,"duration":1203},"status":"passed","steps":[],"attachments":[],"parameters":[],"shouldDisplayMessage":false,"stepsCount":0,"attachmentsCount":0,"hasContent":false,"attachmentStep":false},{"name":"sign_in_page","time":{"start":1729390447321,"stop":1729390448893,"duration":1572},"status":"passed","steps":[{"name":"Open a browser","time":{"start":1729390447321,"stop":1729390448893,"duration":1572},"status":"passed","steps":[],"attachments":[],"parameters":[],"shouldDisplayMessage":false,"stepsCount":0,"attachmentsCount":0,"hasContent":false,"attachmentStep":false}],"attachments":[],"parameters":[],"shouldDisplayMessage":false,"stepsCount":1,"attachmentsCount":0,"hasContent":true,"attachmentStep":false}],"testStage":{"description":"Check error message on attempt to log in with empty password","status":"broken","statusMessage":"selenium.common.exceptions.ElementClickInterceptedException: Message: element click intercepted: Element <input name=\"login[password]\" type=\"password\" autocomplete=\"off\" class=\"input-text\" id=\"pass\" title=\"Password\" data-validate=\"{required:true}\" aria-required=\"true\"> is not clickable at point (560, 845). Other element would receive the click: <div id=\"aswift_3_host\" style=\"border: none !important; height: 90px !important; width: 100% !important; margin: 0px !important; padding: 0px !important; position: relative !important; visibility: visible !important; background-color: transparent !important; display: inline-block !important; inset: auto !important; clear: none !important; float: none !important; max-height: none !important; max-width: none !important; opacity: 1 !important; overflow: visible !important; vertical-align: baseline !important; z-index: auto !important;\">...</div>\n  (Session info: chrome=130.0.6723.58)\nStacktrace:\n#0 0x5637f61290aa <unknown>\n#1 0x5637f5c401a0 <unknown>\n#2 0x5637f5c93896 <unknown>\n#3 0x5637f5c9182d <unknown>\n#4 0x5637f5c8f2d7 <unknown>\n#5 0x5637f5c8e6f1 <unknown>\n#6 0x5637f5c81cf8 <unknown>\n#7 0x5637f5cb0d82 <unknown>\n#8 0x5637f5c816d8 <unknown>\n#9 0x5637f5cb0f4e <unknown>\n#10 0x5637f5ccf866 <unknown>\n#11 0x5637f5cb0b23 <unknown>\n#12 0x5637f5c7f990 <unknown>\n#13 0x5637f5c8096e <unknown>\n#14 0x5637f60f516b <unknown>\n#15 0x5637f60f8f68 <unknown>\n#16 0x5637f60e264c <unknown>\n#17 0x5637f60f9ae7 <unknown>\n#18 0x5637f60c74af <unknown>\n#19 0x5637f61174f8 <unknown>\n#20 0x5637f61176c0 <unknown>\n#21 0x5637f6127f26 <unknown>\n#22 0x7fd859c94ac3 <unknown>","statusTrace":"self = <test_sign_in.TestLogin object at 0x7fa330567690>\ndriver = <selenium.webdriver.chrome.webdriver.WebDriver (session=\"672abecbae9b2b84855ed70ace26afc4\")>\nsign_in_page = <pages.sign_in_page.SignInPage object at 0x7fa331d1d5d0>\n\n    @allure.title('TC 03.02.05 Verify error on attempting to log in with empty email - Negative')\n    def test_03_02_05_error_if_login_with_empty_password(self, driver, sign_in_page):\n        \"\"\"Check error message on attempt to log in with empty password\"\"\"\n        sign_in_page.fill_in_email_field(credentials['email'])\n>       sign_in_page.fill_in_password_field('')\n\ntests/test_sign_in.py:223: \n_ _ _ _ _ _ _ _ _ _ _ _ _ _ _ _ _ _ _ _ _ _ _ _ _ _ _ _ _ _ _ _ _ _ _ _ _ _ _ _ \npages/sign_in_page.py:88: in fill_in_password_field\n    return self.fill_in_field(self.check_customer_password_field_is_clickable(), password)\npages/base_page.py:319: in fill_in_field\n    input_field.click()\n/opt/hostedtoolcache/Python/3.11.10/x64/lib/python3.11/site-packages/selenium/webdriver/remote/webelement.py:93: in click\n    self._execute(Command.CLICK_ELEMENT)\n/opt/hostedtoolcache/Python/3.11.10/x64/lib/python3.11/site-packages/selenium/webdriver/remote/webelement.py:394: in _execute\n    return self._parent.execute(command, params)\n/opt/hostedtoolcache/Python/3.11.10/x64/lib/python3.11/site-packages/selenium/webdriver/remote/webdriver.py:344: in execute\n    self.error_handler.check_response(response)\n_ _ _ _ _ _ _ _ _ _ _ _ _ _ _ _ _ _ _ _ _ _ _ _ _ _ _ _ _ _ _ _ _ _ _ _ _ _ _ _ \n\nself = <selenium.webdriver.remote.errorhandler.ErrorHandler object at 0x7fa331d1e950>\nresponse = {'status': 400, 'value': '{\"value\":{\"error\":\"element click intercepted\",\"message\":\"element click intercepted: Element ...\\\\n#20 0x5637f61176c0 \\\\u003Cunknown>\\\\n#21 0x5637f6127f26 \\\\u003Cunknown>\\\\n#22 0x7fd859c94ac3 \\\\u003Cunknown>\\\\n\"}}'}\n\n    def check_response(self, response: Dict[str, Any]) -> None:\n        \"\"\"Checks that a JSON response from the WebDriver does not have an\n        error.\n    \n        :Args:\n         - response - The JSON response from the WebDriver server as a dictionary\n           object.\n    \n        :Raises: If the response contains an error message.\n        \"\"\"\n        status = response.get(\"status\", None)\n        if not status or status == ErrorCode.SUCCESS:\n            return\n        value = None\n        message = response.get(\"message\", \"\")\n        screen: str = response.get(\"screen\", \"\")\n        stacktrace = None\n        if isinstance(status, int):\n            value_json = response.get(\"value\", None)\n            if value_json and isinstance(value_json, str):\n                import json\n    \n                try:\n                    value = json.loads(value_json)\n                    if len(value) == 1:\n                        value = value[\"value\"]\n                    status = value.get(\"error\", None)\n                    if not status:\n                        status = value.get(\"status\", ErrorCode.UNKNOWN_ERROR)\n                        message = value.get(\"value\") or value.get(\"message\")\n                        if not isinstance(message, str):\n                            value = message\n                            message = message.get(\"message\")\n                    else:\n                        message = value.get(\"message\", None)\n                except ValueError:\n                    pass\n    \n        exception_class: Type[WebDriverException]\n        e = ErrorCode()\n        error_codes = [item for item in dir(e) if not item.startswith(\"__\")]\n        for error_code in error_codes:\n            error_info = getattr(ErrorCode, error_code)\n            if isinstance(error_info, list) and status in error_info:\n                exception_class = getattr(ExceptionMapping, error_code, WebDriverException)\n                break\n        else:\n            exception_class = WebDriverException\n    \n        if not value:\n            value = response[\"value\"]\n        if isinstance(value, str):\n            raise exception_class(value)\n        if message == \"\" and \"message\" in value:\n            message = value[\"message\"]\n    \n        screen = None  # type: ignore[assignment]\n        if \"screen\" in value:\n            screen = value[\"screen\"]\n    \n        stacktrace = None\n        st_value = value.get(\"stackTrace\") or value.get(\"stacktrace\")\n        if st_value:\n            if isinstance(st_value, str):\n                stacktrace = st_value.split(\"\\n\")\n            else:\n                stacktrace = []\n                try:\n                    for frame in st_value:\n                        line = frame.get(\"lineNumber\", \"\")\n                        file = frame.get(\"fileName\", \"<anonymous>\")\n                        if line:\n                            file = f\"{file}:{line}\"\n                        meth = frame.get(\"methodName\", \"<anonymous>\")\n                        if \"className\" in frame:\n                            meth = f\"{frame['className']}.{meth}\"\n                        msg = \"    at %s (%s)\"\n                        msg = msg % (meth, file)\n                        stacktrace.append(msg)\n                except TypeError:\n                    pass\n        if exception_class == UnexpectedAlertPresentException:\n            alert_text = None\n            if \"data\" in value:\n                alert_text = value[\"data\"].get(\"text\")\n            elif \"alert\" in value:\n                alert_text = value[\"alert\"].get(\"text\")\n            raise exception_class(message, screen, stacktrace, alert_text)  # type: ignore[call-arg]  # mypy is not smart enough here\n>       raise exception_class(message, screen, stacktrace)\nE       selenium.common.exceptions.ElementClickInterceptedException: Message: element click intercepted: Element <input name=\"login[password]\" type=\"password\" autocomplete=\"off\" class=\"input-text\" id=\"pass\" title=\"Password\" data-validate=\"{required:true}\" aria-required=\"true\"> is not clickable at point (560, 845). Other element would receive the click: <div id=\"aswift_3_host\" style=\"border: none !important; height: 90px !important; width: 100% !important; margin: 0px !important; padding: 0px !important; position: relative !important; visibility: visible !important; background-color: transparent !important; display: inline-block !important; inset: auto !important; clear: none !important; float: none !important; max-height: none !important; max-width: none !important; opacity: 1 !important; overflow: visible !important; vertical-align: baseline !important; z-index: auto !important;\">...</div>\nE         (Session info: chrome=130.0.6723.58)\nE       Stacktrace:\nE       #0 0x5637f61290aa <unknown>\nE       #1 0x5637f5c401a0 <unknown>\nE       #2 0x5637f5c93896 <unknown>\nE       #3 0x5637f5c9182d <unknown>\nE       #4 0x5637f5c8f2d7 <unknown>\nE       #5 0x5637f5c8e6f1 <unknown>\nE       #6 0x5637f5c81cf8 <unknown>\nE       #7 0x5637f5cb0d82 <unknown>\nE       #8 0x5637f5c816d8 <unknown>\nE       #9 0x5637f5cb0f4e <unknown>\nE       #10 0x5637f5ccf866 <unknown>\nE       #11 0x5637f5cb0b23 <unknown>\nE       #12 0x5637f5c7f990 <unknown>\nE       #13 0x5637f5c8096e <unknown>\nE       #14 0x5637f60f516b <unknown>\nE       #15 0x5637f60f8f68 <unknown>\nE       #16 0x5637f60e264c <unknown>\nE       #17 0x5637f60f9ae7 <unknown>\nE       #18 0x5637f60c74af <unknown>\nE       #19 0x5637f61174f8 <unknown>\nE       #20 0x5637f61176c0 <unknown>\nE       #21 0x5637f6127f26 <unknown>\nE       #22 0x7fd859c94ac3 <unknown>\n\n/opt/hostedtoolcache/Python/3.11.10/x64/lib/python3.11/site-packages/selenium/webdriver/remote/errorhandler.py:229: ElementClickInterceptedException","steps":[{"name":"Fill in Email field","time":{"start":1729390448893,"stop":1729390449163,"duration":270},"status":"passed","steps":[{"name":"Check Email field is clickable","time":{"start":1729390448893,"stop":1729390448925,"duration":32},"status":"passed","steps":[{"name":"Find clickable elements","time":{"start":1729390448893,"stop":1729390448925,"duration":32},"status":"passed","steps":[],"attachments":[],"parameters":[{"name":"locator","value":"('css selector', '#email')"},{"name":"timeout","value":"5"}],"shouldDisplayMessage":false,"stepsCount":0,"attachmentsCount":0,"hasContent":true,"attachmentStep":false}],"attachments":[],"parameters":[],"shouldDisplayMessage":false,"stepsCount":1,"attachmentsCount":0,"hasContent":true,"attachmentStep":false},{"name":"Fill in a field","time":{"start":1729390448925,"stop":1729390449163,"duration":238},"status":"passed","steps":[{"name":"Find clickable elements","time":{"start":1729390448925,"stop":1729390448944,"duration":19},"status":"passed","steps":[],"attachments":[],"parameters":[{"name":"locator","value":"<selenium.webdriver.remote.webelement.WebElement (session=\"672abecbae9b2b84855ed70ace26afc4\", element=\"f.E903854FA163EF6B4F2354F2EE2C48AA.d.B00BBF277DFC1B355A96D5A6D6A875A7.e.3\")>"},{"name":"timeout","value":"5"}],"shouldDisplayMessage":false,"stepsCount":0,"attachmentsCount":0,"hasContent":true,"attachmentStep":false}],"attachments":[],"parameters":[{"name":"locator","value":"<selenium.webdriver.remote.webelement.WebElement (session=\"672abecbae9b2b84855ed70ace26afc4\", element=\"f.E903854FA163EF6B4F2354F2EE2C48AA.d.B00BBF277DFC1B355A96D5A6D6A875A7.e.3\")>"},{"name":"value","value":"'teston120@mailinator.com'"}],"shouldDisplayMessage":false,"stepsCount":1,"attachmentsCount":0,"hasContent":true,"attachmentStep":false}],"attachments":[],"parameters":[{"name":"email","value":"'teston120@mailinator.com'"}],"shouldDisplayMessage":false,"stepsCount":4,"attachmentsCount":0,"hasContent":true,"attachmentStep":false},{"name":"Fill in Password field","time":{"start":1729390449163,"stop":1729390450298,"duration":1135},"status":"broken","statusMessage":"selenium.common.exceptions.ElementClickInterceptedException: Message: element click intercepted: Element <input name=\"login[password]\" type=\"password\" autocomplete=\"off\" class=\"input-text\" id=\"pass\" title=\"Password\" data-validate=\"{required:true}\" aria-required=\"true\"> is not clickable at point (560, 845). Other element would receive the click: <div id=\"aswift_3_host\" style=\"border: none !important; height: 90px !important; width: 100% !important; margin: 0px !important; padding: 0px !important; position: relative !important; visibility: visible !important; background-color: transparent !important; display: inline-block !important; inset: auto !important; clear: none !important; float: none !important; max-height: none !important; max-width: none !important; opacity: 1 !important; overflow: visible !important; vertical-align: baseline !important; z-index: auto !important;\">...</div>\n  (Session info: chrome=130.0.6723.58)\nStacktrace:\n#0 0x5637f61290aa <unknown>\n#1 0x5637f5c401a0 <unknown>\n#2 0x5637f5c93896 <unknown>\n#3 0x5637f5c9182d <unknown>\n#4 0x5637f5c8f2d7 <unknown>\n#5 0x5637f5c8e6f1 <unknown>\n#6 0x5637f5c81cf8 <unknown>\n#7 0x5637f5cb0d82 <unknown>\n#8 0x5637f5c816d8 <unknown>\n#9 0x5637f5cb0f4e <unknown>\n#10 0x5637f5ccf866 <unknown>\n#11 0x5637f5cb0b23 <unknown>\n#12 0x5637f5c7f990 <unknown>\n#13 0x5637f5c8096e <unknown>\n#14 0x5637f60f516b <unknown>\n#15 0x5637f60f8f68 <unknown>\n#16 0x5637f60e264c <unknown>\n#17 0x5637f60f9ae7 <unknown>\n#18 0x5637f60c74af <unknown>\n#19 0x5637f61174f8 <unknown>\n#20 0x5637f61176c0 <unknown>\n#21 0x5637f6127f26 <unknown>\n#22 0x7fd859c94ac3 <unknown>\n\n","statusTrace":"  File \"/opt/hostedtoolcache/Python/3.11.10/x64/lib/python3.11/site-packages/allure_commons/_allure.py\", line 192, in impl\n    return func(*a, **kw)\n           ^^^^^^^^^^^^^^\n  File \"/home/runner/work/luma_project/luma_project/pages/sign_in_page.py\", line 88, in fill_in_password_field\n    return self.fill_in_field(self.check_customer_password_field_is_clickable(), password)\n           ^^^^^^^^^^^^^^^^^^^^^^^^^^^^^^^^^^^^^^^^^^^^^^^^^^^^^^^^^^^^^^^^^^^^^^^^^^^^^^^\n  File \"/opt/hostedtoolcache/Python/3.11.10/x64/lib/python3.11/site-packages/allure_commons/_allure.py\", line 192, in impl\n    return func(*a, **kw)\n           ^^^^^^^^^^^^^^\n  File \"/home/runner/work/luma_project/luma_project/pages/base_page.py\", line 319, in fill_in_field\n    input_field.click()\n  File \"/opt/hostedtoolcache/Python/3.11.10/x64/lib/python3.11/site-packages/selenium/webdriver/remote/webelement.py\", line 93, in click\n    self._execute(Command.CLICK_ELEMENT)\n  File \"/opt/hostedtoolcache/Python/3.11.10/x64/lib/python3.11/site-packages/selenium/webdriver/remote/webelement.py\", line 394, in _execute\n    return self._parent.execute(command, params)\n           ^^^^^^^^^^^^^^^^^^^^^^^^^^^^^^^^^^^^^\n  File \"/opt/hostedtoolcache/Python/3.11.10/x64/lib/python3.11/site-packages/selenium/webdriver/remote/webdriver.py\", line 344, in execute\n    self.error_handler.check_response(response)\n  File \"/opt/hostedtoolcache/Python/3.11.10/x64/lib/python3.11/site-packages/selenium/webdriver/remote/errorhandler.py\", line 229, in check_response\n    raise exception_class(message, screen, stacktrace)\n","steps":[{"name":"Check Password field is clickable","time":{"start":1729390449163,"stop":1729390449187,"duration":24},"status":"passed","steps":[{"name":"Find clickable elements","time":{"start":1729390449163,"stop":1729390449187,"duration":24},"status":"passed","steps":[],"attachments":[],"parameters":[{"name":"locator","value":"('css selector', '#pass')"},{"name":"timeout","value":"5"}],"shouldDisplayMessage":false,"stepsCount":0,"attachmentsCount":0,"hasContent":true,"attachmentStep":false}],"attachments":[],"parameters":[],"shouldDisplayMessage":false,"stepsCount":1,"attachmentsCount":0,"hasContent":true,"attachmentStep":false},{"name":"Fill in a field","time":{"start":1729390449187,"stop":1729390450297,"duration":1110},"status":"broken","statusMessage":"selenium.common.exceptions.ElementClickInterceptedException: Message: element click intercepted: Element <input name=\"login[password]\" type=\"password\" autocomplete=\"off\" class=\"input-text\" id=\"pass\" title=\"Password\" data-validate=\"{required:true}\" aria-required=\"true\"> is not clickable at point (560, 845). Other element would receive the click: <div id=\"aswift_3_host\" style=\"border: none !important; height: 90px !important; width: 100% !important; margin: 0px !important; padding: 0px !important; position: relative !important; visibility: visible !important; background-color: transparent !important; display: inline-block !important; inset: auto !important; clear: none !important; float: none !important; max-height: none !important; max-width: none !important; opacity: 1 !important; overflow: visible !important; vertical-align: baseline !important; z-index: auto !important;\">...</div>\n  (Session info: chrome=130.0.6723.58)\nStacktrace:\n#0 0x5637f61290aa <unknown>\n#1 0x5637f5c401a0 <unknown>\n#2 0x5637f5c93896 <unknown>\n#3 0x5637f5c9182d <unknown>\n#4 0x5637f5c8f2d7 <unknown>\n#5 0x5637f5c8e6f1 <unknown>\n#6 0x5637f5c81cf8 <unknown>\n#7 0x5637f5cb0d82 <unknown>\n#8 0x5637f5c816d8 <unknown>\n#9 0x5637f5cb0f4e <unknown>\n#10 0x5637f5ccf866 <unknown>\n#11 0x5637f5cb0b23 <unknown>\n#12 0x5637f5c7f990 <unknown>\n#13 0x5637f5c8096e <unknown>\n#14 0x5637f60f516b <unknown>\n#15 0x5637f60f8f68 <unknown>\n#16 0x5637f60e264c <unknown>\n#17 0x5637f60f9ae7 <unknown>\n#18 0x5637f60c74af <unknown>\n#19 0x5637f61174f8 <unknown>\n#20 0x5637f61176c0 <unknown>\n#21 0x5637f6127f26 <unknown>\n#22 0x7fd859c94ac3 <unknown>\n\n","statusTrace":"  File \"/opt/hostedtoolcache/Python/3.11.10/x64/lib/python3.11/site-packages/allure_commons/_allure.py\", line 192, in impl\n    return func(*a, **kw)\n           ^^^^^^^^^^^^^^\n  File \"/home/runner/work/luma_project/luma_project/pages/base_page.py\", line 319, in fill_in_field\n    input_field.click()\n  File \"/opt/hostedtoolcache/Python/3.11.10/x64/lib/python3.11/site-packages/selenium/webdriver/remote/webelement.py\", line 93, in click\n    self._execute(Command.CLICK_ELEMENT)\n  File \"/opt/hostedtoolcache/Python/3.11.10/x64/lib/python3.11/site-packages/selenium/webdriver/remote/webelement.py\", line 394, in _execute\n    return self._parent.execute(command, params)\n           ^^^^^^^^^^^^^^^^^^^^^^^^^^^^^^^^^^^^^\n  File \"/opt/hostedtoolcache/Python/3.11.10/x64/lib/python3.11/site-packages/selenium/webdriver/remote/webdriver.py\", line 344, in execute\n    self.error_handler.check_response(response)\n  File \"/opt/hostedtoolcache/Python/3.11.10/x64/lib/python3.11/site-packages/selenium/webdriver/remote/errorhandler.py\", line 229, in check_response\n    raise exception_class(message, screen, stacktrace)\n","steps":[{"name":"Find clickable elements","time":{"start":1729390449188,"stop":1729390449199,"duration":11},"status":"passed","steps":[],"attachments":[],"parameters":[{"name":"locator","value":"<selenium.webdriver.remote.webelement.WebElement (session=\"672abecbae9b2b84855ed70ace26afc4\", element=\"f.E903854FA163EF6B4F2354F2EE2C48AA.d.B00BBF277DFC1B355A96D5A6D6A875A7.e.4\")>"},{"name":"timeout","value":"5"}],"shouldDisplayMessage":false,"stepsCount":0,"attachmentsCount":0,"hasContent":true,"attachmentStep":false}],"attachments":[],"parameters":[{"name":"locator","value":"<selenium.webdriver.remote.webelement.WebElement (session=\"672abecbae9b2b84855ed70ace26afc4\", element=\"f.E903854FA163EF6B4F2354F2EE2C48AA.d.B00BBF277DFC1B355A96D5A6D6A875A7.e.4\")>"},{"name":"value","value":"''"}],"shouldDisplayMessage":true,"stepsCount":1,"attachmentsCount":0,"hasContent":true,"attachmentStep":false}],"attachments":[],"parameters":[{"name":"password","value":"''"}],"shouldDisplayMessage":false,"stepsCount":4,"attachmentsCount":0,"hasContent":true,"attachmentStep":false}],"attachments":[{"uid":"79deccb289f28534","name":"Screenshot","source":"79deccb289f28534.png","type":"image/png","size":116211},{"uid":"61c6a2c58c9c816d","name":"HTML source","source":"61c6a2c58c9c816d.html","type":"text/html","size":123085}],"parameters":[],"shouldDisplayMessage":true,"stepsCount":10,"attachmentsCount":2,"hasContent":true,"attachmentStep":false},"afterStages":[{"name":"driver::0","time":{"start":1729390450449,"stop":1729390450520,"duration":71},"status":"passed","steps":[],"attachments":[],"parameters":[],"shouldDisplayMessage":false,"stepsCount":0,"attachmentsCount":0,"hasContent":false,"attachmentStep":false},{"name":"clear_allure_result_folder::0","time":{"start":1729390596173,"stop":1729390596173,"duration":0},"status":"passed","steps":[],"attachments":[],"parameters":[],"shouldDisplayMessage":false,"stepsCount":0,"attachmentsCount":0,"hasContent":false,"attachmentStep":false}],"labels":[{"name":"feature","value":"Login Functionality"},{"name":"parentSuite","value":"tests"},{"name":"suite","value":"test_sign_in"},{"name":"subSuite","value":"TestLogin"},{"name":"host","value":"fv-az1118-588"},{"name":"thread","value":"2817-MainThread"},{"name":"framework","value":"pytest"},{"name":"language","value":"cpython3"},{"name":"package","value":"tests.test_sign_in"},{"name":"resultFormat","value":"allure2"}],"parameters":[],"links":[],"hidden":false,"retry":false,"extra":{"severity":"normal","retries":[],"categories":[{"name":"Test defects","matchedStatuses":[],"flaky":false}],"tags":[]},"source":"b886b255c8aac0e7.json","parameterValues":[]}