{"uid":"4d26735f409c3a9a","name":"TC 03.02.02 to 03_02_10 Verify Error on Failed Login with invalid credentials","fullName":"tests.test_sign_in.TestFailedLogin#test_03_02_02_to_10_error_if_login_with_invalid_credentials","historyId":"cb41e4e458941a07ca73df0d85ea2e49","time":{"start":1732069859631,"stop":1732069860922,"duration":1291},"description":"Check error on Failed Login with invalid credentials, case-sensitive password and password with spaces","descriptionHtml":"<p>Check error on Failed Login with invalid credentials, case-sensitive password and password with spaces</p>\n","status":"broken","statusMessage":"selenium.common.exceptions.ElementClickInterceptedException: Message: element click intercepted: Element <input name=\"login[username]\" value=\"\" autocomplete=\"off\" id=\"email\" type=\"email\" class=\"input-text\" title=\"Email\" data-validate=\"{required:true, 'validate-email':true}\" aria-required=\"true\"> is not clickable at point (560, 767). Other element would receive the click: <iframe id=\"aswift_3\" name=\"aswift_3\" browsingtopics=\"true\" style=\"width: 1005px !important; height: 124px !important; display: block; margin: 0px auto;\" sandbox=\"allow-forms allow-popups allow-popups-to-escape-sandbox allow-same-origin allow-scripts allow-top-navigation-by-user-activation\" width=\"1005\" height=\"124\" frameborder=\"0\" marginwidth=\"0\" marginheight=\"0\" vspace=\"0\" hspace=\"0\" allowtransparency=\"true\" scrolling=\"no\" allow=\"attribution-reporting; run-ad-auction\" src=\"https://googleads.g.doubleclick.net/pagead/html/r20241118/r20190131/zrt_lookup_fy2021.html#RS-0-&amp;adk=1812271801&amp;client=ca-pub-7399332034053978&amp;fa=1&amp;ifi=4&amp;uci=a!4&amp;btvi=2\" data-google-container-id=\"a!4\" tabindex=\"0\" title=\"Advertisement\" aria-label=\"Advertisement\" data-google-query-id=\"CMH8kYXv6YkDFYoSdgYdkAY06A\" data-load-complete=\"true\"></iframe>\n  (Session info: chrome=131.0.6778.69)\nStacktrace:\n#0 0x55845ccc54ca <unknown>\n#1 0x55845c7d8620 <unknown>\n#2 0x55845c82dff6 <unknown>\n#3 0x55845c82bf66 <unknown>\n#4 0x55845c829685 <unknown>\n#5 0x55845c828848 <unknown>\n#6 0x55845c81bff5 <unknown>\n#7 0x55845c84b372 <unknown>\n#8 0x55845c81b938 <unknown>\n#9 0x55845c84b53e <unknown>\n#10 0x55845c869de0 <unknown>\n#11 0x55845c84b113 <unknown>\n#12 0x55845c819be0 <unknown>\n#13 0x55845c81abbe <unknown>\n#14 0x55845cc91e4b <unknown>\n#15 0x55845cc95de2 <unknown>\n#16 0x55845cc7ed2c <unknown>\n#17 0x55845cc96957 <unknown>\n#18 0x55845cc644bf <unknown>\n#19 0x55845ccb4348 <unknown>\n#20 0x55845ccb4510 <unknown>\n#21 0x55845ccc4346 <unknown>\n#22 0x7f0bbbe94ac3 <unknown>","statusTrace":"self = <test_sign_in.TestFailedLogin object at 0x7f634e463e90>\ndriver = <selenium.webdriver.chrome.webdriver.WebDriver (session=\"f9e0224ea26b714a65beee4262d24090\")>\nsign_in_page = <pages.sign_in_page.SignInPage object at 0x7f634f0871d0>\nemail = 'teston120@mailinator.com', password = 'Test#12p@ssw0rd'\n\n    @allure.title('TC 03.02.02 to 03_02_10 Verify Error on Failed Login with invalid credentials')\n    @pytest.mark.parametrize('email, password', [LOGIN[i] for i in [1, 2, 6, 8, 9]])\n    def test_03_02_02_to_10_error_if_login_with_invalid_credentials(self, driver, sign_in_page, email, password):\n        \"\"\"Check error on Failed Login with invalid credentials, case-sensitive password and password with spaces\"\"\"\n>       sign_in_page.fill_in_email_field(email)\n\ntests/test_sign_in.py:271: \n_ _ _ _ _ _ _ _ _ _ _ _ _ _ _ _ _ _ _ _ _ _ _ _ _ _ _ _ _ _ _ _ _ _ _ _ _ _ _ _ \npages/sign_in_page.py:54: in fill_in_email_field\n    self.fill_in_field(self.check_customer_email_field_is_clickable(), email)\npages/base_page.py:319: in fill_in_field\n    input_field.click()\n/opt/hostedtoolcache/Python/3.11.10/x64/lib/python3.11/site-packages/selenium/webdriver/remote/webelement.py:93: in click\n    self._execute(Command.CLICK_ELEMENT)\n/opt/hostedtoolcache/Python/3.11.10/x64/lib/python3.11/site-packages/selenium/webdriver/remote/webelement.py:394: in _execute\n    return self._parent.execute(command, params)\n/opt/hostedtoolcache/Python/3.11.10/x64/lib/python3.11/site-packages/selenium/webdriver/remote/webdriver.py:344: in execute\n    self.error_handler.check_response(response)\n_ _ _ _ _ _ _ _ _ _ _ _ _ _ _ _ _ _ _ _ _ _ _ _ _ _ _ _ _ _ _ _ _ _ _ _ _ _ _ _ \n\nself = <selenium.webdriver.remote.errorhandler.ErrorHandler object at 0x7f634e820550>\nresponse = {'status': 400, 'value': '{\"value\":{\"error\":\"element click intercepted\",\"message\":\"element click intercepted: Element ...\\\\n#20 0x55845ccb4510 \\\\u003Cunknown>\\\\n#21 0x55845ccc4346 \\\\u003Cunknown>\\\\n#22 0x7f0bbbe94ac3 \\\\u003Cunknown>\\\\n\"}}'}\n\n    def check_response(self, response: Dict[str, Any]) -> None:\n        \"\"\"Checks that a JSON response from the WebDriver does not have an\n        error.\n    \n        :Args:\n         - response - The JSON response from the WebDriver server as a dictionary\n           object.\n    \n        :Raises: If the response contains an error message.\n        \"\"\"\n        status = response.get(\"status\", None)\n        if not status or status == ErrorCode.SUCCESS:\n            return\n        value = None\n        message = response.get(\"message\", \"\")\n        screen: str = response.get(\"screen\", \"\")\n        stacktrace = None\n        if isinstance(status, int):\n            value_json = response.get(\"value\", None)\n            if value_json and isinstance(value_json, str):\n                import json\n    \n                try:\n                    value = json.loads(value_json)\n                    if len(value) == 1:\n                        value = value[\"value\"]\n                    status = value.get(\"error\", None)\n                    if not status:\n                        status = value.get(\"status\", ErrorCode.UNKNOWN_ERROR)\n                        message = value.get(\"value\") or value.get(\"message\")\n                        if not isinstance(message, str):\n                            value = message\n                            message = message.get(\"message\")\n                    else:\n                        message = value.get(\"message\", None)\n                except ValueError:\n                    pass\n    \n        exception_class: Type[WebDriverException]\n        e = ErrorCode()\n        error_codes = [item for item in dir(e) if not item.startswith(\"__\")]\n        for error_code in error_codes:\n            error_info = getattr(ErrorCode, error_code)\n            if isinstance(error_info, list) and status in error_info:\n                exception_class = getattr(ExceptionMapping, error_code, WebDriverException)\n                break\n        else:\n            exception_class = WebDriverException\n    \n        if not value:\n            value = response[\"value\"]\n        if isinstance(value, str):\n            raise exception_class(value)\n        if message == \"\" and \"message\" in value:\n            message = value[\"message\"]\n    \n        screen = None  # type: ignore[assignment]\n        if \"screen\" in value:\n            screen = value[\"screen\"]\n    \n        stacktrace = None\n        st_value = value.get(\"stackTrace\") or value.get(\"stacktrace\")\n        if st_value:\n            if isinstance(st_value, str):\n                stacktrace = st_value.split(\"\\n\")\n            else:\n                stacktrace = []\n                try:\n                    for frame in st_value:\n                        line = frame.get(\"lineNumber\", \"\")\n                        file = frame.get(\"fileName\", \"<anonymous>\")\n                        if line:\n                            file = f\"{file}:{line}\"\n                        meth = frame.get(\"methodName\", \"<anonymous>\")\n                        if \"className\" in frame:\n                            meth = f\"{frame['className']}.{meth}\"\n                        msg = \"    at %s (%s)\"\n                        msg = msg % (meth, file)\n                        stacktrace.append(msg)\n                except TypeError:\n                    pass\n        if exception_class == UnexpectedAlertPresentException:\n            alert_text = None\n            if \"data\" in value:\n                alert_text = value[\"data\"].get(\"text\")\n            elif \"alert\" in value:\n                alert_text = value[\"alert\"].get(\"text\")\n            raise exception_class(message, screen, stacktrace, alert_text)  # type: ignore[call-arg]  # mypy is not smart enough here\n>       raise exception_class(message, screen, stacktrace)\nE       selenium.common.exceptions.ElementClickInterceptedException: Message: element click intercepted: Element <input name=\"login[username]\" value=\"\" autocomplete=\"off\" id=\"email\" type=\"email\" class=\"input-text\" title=\"Email\" data-validate=\"{required:true, 'validate-email':true}\" aria-required=\"true\"> is not clickable at point (560, 767). Other element would receive the click: <iframe id=\"aswift_3\" name=\"aswift_3\" browsingtopics=\"true\" style=\"width: 1005px !important; height: 124px !important; display: block; margin: 0px auto;\" sandbox=\"allow-forms allow-popups allow-popups-to-escape-sandbox allow-same-origin allow-scripts allow-top-navigation-by-user-activation\" width=\"1005\" height=\"124\" frameborder=\"0\" marginwidth=\"0\" marginheight=\"0\" vspace=\"0\" hspace=\"0\" allowtransparency=\"true\" scrolling=\"no\" allow=\"attribution-reporting; run-ad-auction\" src=\"https://googleads.g.doubleclick.net/pagead/html/r20241118/r20190131/zrt_lookup_fy2021.html#RS-0-&amp;adk=1812271801&amp;client=ca-pub-7399332034053978&amp;fa=1&amp;ifi=4&amp;uci=a!4&amp;btvi=2\" data-google-container-id=\"a!4\" tabindex=\"0\" title=\"Advertisement\" aria-label=\"Advertisement\" data-google-query-id=\"CMH8kYXv6YkDFYoSdgYdkAY06A\" data-load-complete=\"true\"></iframe>\nE         (Session info: chrome=131.0.6778.69)\nE       Stacktrace:\nE       #0 0x55845ccc54ca <unknown>\nE       #1 0x55845c7d8620 <unknown>\nE       #2 0x55845c82dff6 <unknown>\nE       #3 0x55845c82bf66 <unknown>\nE       #4 0x55845c829685 <unknown>\nE       #5 0x55845c828848 <unknown>\nE       #6 0x55845c81bff5 <unknown>\nE       #7 0x55845c84b372 <unknown>\nE       #8 0x55845c81b938 <unknown>\nE       #9 0x55845c84b53e <unknown>\nE       #10 0x55845c869de0 <unknown>\nE       #11 0x55845c84b113 <unknown>\nE       #12 0x55845c819be0 <unknown>\nE       #13 0x55845c81abbe <unknown>\nE       #14 0x55845cc91e4b <unknown>\nE       #15 0x55845cc95de2 <unknown>\nE       #16 0x55845cc7ed2c <unknown>\nE       #17 0x55845cc96957 <unknown>\nE       #18 0x55845cc644bf <unknown>\nE       #19 0x55845ccb4348 <unknown>\nE       #20 0x55845ccb4510 <unknown>\nE       #21 0x55845ccc4346 <unknown>\nE       #22 0x7f0bbbe94ac3 <unknown>\n\n/opt/hostedtoolcache/Python/3.11.10/x64/lib/python3.11/site-packages/selenium/webdriver/remote/errorhandler.py:229: ElementClickInterceptedException","flaky":false,"newFailed":false,"newBroken":true,"newPassed":false,"retriesCount":0,"retriesStatusChange":false,"beforeStages":[{"name":"_session_faker","time":{"start":1732066923608,"stop":1732066923673,"duration":65},"status":"passed","steps":[],"attachments":[],"parameters":[],"shouldDisplayMessage":false,"stepsCount":0,"attachmentsCount":0,"hasContent":false,"attachmentStep":false},{"name":"clear_allure_result_folder","time":{"start":1732066923673,"stop":1732066923674,"duration":1},"status":"passed","steps":[],"attachments":[],"parameters":[],"shouldDisplayMessage":false,"stepsCount":0,"attachmentsCount":0,"hasContent":false,"attachmentStep":false},{"name":"driver","time":{"start":1732069856340,"stop":1732069857600,"duration":1260},"status":"passed","steps":[],"attachments":[],"parameters":[],"shouldDisplayMessage":false,"stepsCount":0,"attachmentsCount":0,"hasContent":false,"attachmentStep":false},{"name":"sign_in_page","time":{"start":1732069857600,"stop":1732069859630,"duration":2030},"status":"passed","steps":[{"name":"Open a browser","time":{"start":1732069857600,"stop":1732069859630,"duration":2030},"status":"passed","steps":[],"attachments":[],"parameters":[],"shouldDisplayMessage":false,"stepsCount":0,"attachmentsCount":0,"hasContent":false,"attachmentStep":false}],"attachments":[],"parameters":[],"shouldDisplayMessage":false,"stepsCount":1,"attachmentsCount":0,"hasContent":true,"attachmentStep":false}],"testStage":{"description":"Check error on Failed Login with invalid credentials, case-sensitive password and password with spaces","status":"broken","statusMessage":"selenium.common.exceptions.ElementClickInterceptedException: Message: element click intercepted: Element <input name=\"login[username]\" value=\"\" autocomplete=\"off\" id=\"email\" type=\"email\" class=\"input-text\" title=\"Email\" data-validate=\"{required:true, 'validate-email':true}\" aria-required=\"true\"> is not clickable at point (560, 767). Other element would receive the click: <iframe id=\"aswift_3\" name=\"aswift_3\" browsingtopics=\"true\" style=\"width: 1005px !important; height: 124px !important; display: block; margin: 0px auto;\" sandbox=\"allow-forms allow-popups allow-popups-to-escape-sandbox allow-same-origin allow-scripts allow-top-navigation-by-user-activation\" width=\"1005\" height=\"124\" frameborder=\"0\" marginwidth=\"0\" marginheight=\"0\" vspace=\"0\" hspace=\"0\" allowtransparency=\"true\" scrolling=\"no\" allow=\"attribution-reporting; run-ad-auction\" src=\"https://googleads.g.doubleclick.net/pagead/html/r20241118/r20190131/zrt_lookup_fy2021.html#RS-0-&amp;adk=1812271801&amp;client=ca-pub-7399332034053978&amp;fa=1&amp;ifi=4&amp;uci=a!4&amp;btvi=2\" data-google-container-id=\"a!4\" tabindex=\"0\" title=\"Advertisement\" aria-label=\"Advertisement\" data-google-query-id=\"CMH8kYXv6YkDFYoSdgYdkAY06A\" data-load-complete=\"true\"></iframe>\n  (Session info: chrome=131.0.6778.69)\nStacktrace:\n#0 0x55845ccc54ca <unknown>\n#1 0x55845c7d8620 <unknown>\n#2 0x55845c82dff6 <unknown>\n#3 0x55845c82bf66 <unknown>\n#4 0x55845c829685 <unknown>\n#5 0x55845c828848 <unknown>\n#6 0x55845c81bff5 <unknown>\n#7 0x55845c84b372 <unknown>\n#8 0x55845c81b938 <unknown>\n#9 0x55845c84b53e <unknown>\n#10 0x55845c869de0 <unknown>\n#11 0x55845c84b113 <unknown>\n#12 0x55845c819be0 <unknown>\n#13 0x55845c81abbe <unknown>\n#14 0x55845cc91e4b <unknown>\n#15 0x55845cc95de2 <unknown>\n#16 0x55845cc7ed2c <unknown>\n#17 0x55845cc96957 <unknown>\n#18 0x55845cc644bf <unknown>\n#19 0x55845ccb4348 <unknown>\n#20 0x55845ccb4510 <unknown>\n#21 0x55845ccc4346 <unknown>\n#22 0x7f0bbbe94ac3 <unknown>","statusTrace":"self = <test_sign_in.TestFailedLogin object at 0x7f634e463e90>\ndriver = <selenium.webdriver.chrome.webdriver.WebDriver (session=\"f9e0224ea26b714a65beee4262d24090\")>\nsign_in_page = <pages.sign_in_page.SignInPage object at 0x7f634f0871d0>\nemail = 'teston120@mailinator.com', password = 'Test#12p@ssw0rd'\n\n    @allure.title('TC 03.02.02 to 03_02_10 Verify Error on Failed Login with invalid credentials')\n    @pytest.mark.parametrize('email, password', [LOGIN[i] for i in [1, 2, 6, 8, 9]])\n    def test_03_02_02_to_10_error_if_login_with_invalid_credentials(self, driver, sign_in_page, email, password):\n        \"\"\"Check error on Failed Login with invalid credentials, case-sensitive password and password with spaces\"\"\"\n>       sign_in_page.fill_in_email_field(email)\n\ntests/test_sign_in.py:271: \n_ _ _ _ _ _ _ _ _ _ _ _ _ _ _ _ _ _ _ _ _ _ _ _ _ _ _ _ _ _ _ _ _ _ _ _ _ _ _ _ \npages/sign_in_page.py:54: in fill_in_email_field\n    self.fill_in_field(self.check_customer_email_field_is_clickable(), email)\npages/base_page.py:319: in fill_in_field\n    input_field.click()\n/opt/hostedtoolcache/Python/3.11.10/x64/lib/python3.11/site-packages/selenium/webdriver/remote/webelement.py:93: in click\n    self._execute(Command.CLICK_ELEMENT)\n/opt/hostedtoolcache/Python/3.11.10/x64/lib/python3.11/site-packages/selenium/webdriver/remote/webelement.py:394: in _execute\n    return self._parent.execute(command, params)\n/opt/hostedtoolcache/Python/3.11.10/x64/lib/python3.11/site-packages/selenium/webdriver/remote/webdriver.py:344: in execute\n    self.error_handler.check_response(response)\n_ _ _ _ _ _ _ _ _ _ _ _ _ _ _ _ _ _ _ _ _ _ _ _ _ _ _ _ _ _ _ _ _ _ _ _ _ _ _ _ \n\nself = <selenium.webdriver.remote.errorhandler.ErrorHandler object at 0x7f634e820550>\nresponse = {'status': 400, 'value': '{\"value\":{\"error\":\"element click intercepted\",\"message\":\"element click intercepted: Element ...\\\\n#20 0x55845ccb4510 \\\\u003Cunknown>\\\\n#21 0x55845ccc4346 \\\\u003Cunknown>\\\\n#22 0x7f0bbbe94ac3 \\\\u003Cunknown>\\\\n\"}}'}\n\n    def check_response(self, response: Dict[str, Any]) -> None:\n        \"\"\"Checks that a JSON response from the WebDriver does not have an\n        error.\n    \n        :Args:\n         - response - The JSON response from the WebDriver server as a dictionary\n           object.\n    \n        :Raises: If the response contains an error message.\n        \"\"\"\n        status = response.get(\"status\", None)\n        if not status or status == ErrorCode.SUCCESS:\n            return\n        value = None\n        message = response.get(\"message\", \"\")\n        screen: str = response.get(\"screen\", \"\")\n        stacktrace = None\n        if isinstance(status, int):\n            value_json = response.get(\"value\", None)\n            if value_json and isinstance(value_json, str):\n                import json\n    \n                try:\n                    value = json.loads(value_json)\n                    if len(value) == 1:\n                        value = value[\"value\"]\n                    status = value.get(\"error\", None)\n                    if not status:\n                        status = value.get(\"status\", ErrorCode.UNKNOWN_ERROR)\n                        message = value.get(\"value\") or value.get(\"message\")\n                        if not isinstance(message, str):\n                            value = message\n                            message = message.get(\"message\")\n                    else:\n                        message = value.get(\"message\", None)\n                except ValueError:\n                    pass\n    \n        exception_class: Type[WebDriverException]\n        e = ErrorCode()\n        error_codes = [item for item in dir(e) if not item.startswith(\"__\")]\n        for error_code in error_codes:\n            error_info = getattr(ErrorCode, error_code)\n            if isinstance(error_info, list) and status in error_info:\n                exception_class = getattr(ExceptionMapping, error_code, WebDriverException)\n                break\n        else:\n            exception_class = WebDriverException\n    \n        if not value:\n            value = response[\"value\"]\n        if isinstance(value, str):\n            raise exception_class(value)\n        if message == \"\" and \"message\" in value:\n            message = value[\"message\"]\n    \n        screen = None  # type: ignore[assignment]\n        if \"screen\" in value:\n            screen = value[\"screen\"]\n    \n        stacktrace = None\n        st_value = value.get(\"stackTrace\") or value.get(\"stacktrace\")\n        if st_value:\n            if isinstance(st_value, str):\n                stacktrace = st_value.split(\"\\n\")\n            else:\n                stacktrace = []\n                try:\n                    for frame in st_value:\n                        line = frame.get(\"lineNumber\", \"\")\n                        file = frame.get(\"fileName\", \"<anonymous>\")\n                        if line:\n                            file = f\"{file}:{line}\"\n                        meth = frame.get(\"methodName\", \"<anonymous>\")\n                        if \"className\" in frame:\n                            meth = f\"{frame['className']}.{meth}\"\n                        msg = \"    at %s (%s)\"\n                        msg = msg % (meth, file)\n                        stacktrace.append(msg)\n                except TypeError:\n                    pass\n        if exception_class == UnexpectedAlertPresentException:\n            alert_text = None\n            if \"data\" in value:\n                alert_text = value[\"data\"].get(\"text\")\n            elif \"alert\" in value:\n                alert_text = value[\"alert\"].get(\"text\")\n            raise exception_class(message, screen, stacktrace, alert_text)  # type: ignore[call-arg]  # mypy is not smart enough here\n>       raise exception_class(message, screen, stacktrace)\nE       selenium.common.exceptions.ElementClickInterceptedException: Message: element click intercepted: Element <input name=\"login[username]\" value=\"\" autocomplete=\"off\" id=\"email\" type=\"email\" class=\"input-text\" title=\"Email\" data-validate=\"{required:true, 'validate-email':true}\" aria-required=\"true\"> is not clickable at point (560, 767). Other element would receive the click: <iframe id=\"aswift_3\" name=\"aswift_3\" browsingtopics=\"true\" style=\"width: 1005px !important; height: 124px !important; display: block; margin: 0px auto;\" sandbox=\"allow-forms allow-popups allow-popups-to-escape-sandbox allow-same-origin allow-scripts allow-top-navigation-by-user-activation\" width=\"1005\" height=\"124\" frameborder=\"0\" marginwidth=\"0\" marginheight=\"0\" vspace=\"0\" hspace=\"0\" allowtransparency=\"true\" scrolling=\"no\" allow=\"attribution-reporting; run-ad-auction\" src=\"https://googleads.g.doubleclick.net/pagead/html/r20241118/r20190131/zrt_lookup_fy2021.html#RS-0-&amp;adk=1812271801&amp;client=ca-pub-7399332034053978&amp;fa=1&amp;ifi=4&amp;uci=a!4&amp;btvi=2\" data-google-container-id=\"a!4\" tabindex=\"0\" title=\"Advertisement\" aria-label=\"Advertisement\" data-google-query-id=\"CMH8kYXv6YkDFYoSdgYdkAY06A\" data-load-complete=\"true\"></iframe>\nE         (Session info: chrome=131.0.6778.69)\nE       Stacktrace:\nE       #0 0x55845ccc54ca <unknown>\nE       #1 0x55845c7d8620 <unknown>\nE       #2 0x55845c82dff6 <unknown>\nE       #3 0x55845c82bf66 <unknown>\nE       #4 0x55845c829685 <unknown>\nE       #5 0x55845c828848 <unknown>\nE       #6 0x55845c81bff5 <unknown>\nE       #7 0x55845c84b372 <unknown>\nE       #8 0x55845c81b938 <unknown>\nE       #9 0x55845c84b53e <unknown>\nE       #10 0x55845c869de0 <unknown>\nE       #11 0x55845c84b113 <unknown>\nE       #12 0x55845c819be0 <unknown>\nE       #13 0x55845c81abbe <unknown>\nE       #14 0x55845cc91e4b <unknown>\nE       #15 0x55845cc95de2 <unknown>\nE       #16 0x55845cc7ed2c <unknown>\nE       #17 0x55845cc96957 <unknown>\nE       #18 0x55845cc644bf <unknown>\nE       #19 0x55845ccb4348 <unknown>\nE       #20 0x55845ccb4510 <unknown>\nE       #21 0x55845ccc4346 <unknown>\nE       #22 0x7f0bbbe94ac3 <unknown>\n\n/opt/hostedtoolcache/Python/3.11.10/x64/lib/python3.11/site-packages/selenium/webdriver/remote/errorhandler.py:229: ElementClickInterceptedException","steps":[{"name":"Fill in Email field","time":{"start":1732069859631,"stop":1732069860922,"duration":1291},"status":"broken","statusMessage":"selenium.common.exceptions.ElementClickInterceptedException: Message: element click intercepted: Element <input name=\"login[username]\" value=\"\" autocomplete=\"off\" id=\"email\" type=\"email\" class=\"input-text\" title=\"Email\" data-validate=\"{required:true, 'validate-email':true}\" aria-required=\"true\"> is not clickable at point (560, 767). Other element would receive the click: <iframe id=\"aswift_3\" name=\"aswift_3\" browsingtopics=\"true\" style=\"width: 1005px !important; height: 124px !important; display: block; margin: 0px auto;\" sandbox=\"allow-forms allow-popups allow-popups-to-escape-sandbox allow-same-origin allow-scripts allow-top-navigation-by-user-activation\" width=\"1005\" height=\"124\" frameborder=\"0\" marginwidth=\"0\" marginheight=\"0\" vspace=\"0\" hspace=\"0\" allowtransparency=\"true\" scrolling=\"no\" allow=\"attribution-reporting; run-ad-auction\" src=\"https://googleads.g.doubleclick.net/pagead/html/r20241118/r20190131/zrt_lookup_fy2021.html#RS-0-&amp;adk=1812271801&amp;client=ca-pub-7399332034053978&amp;fa=1&amp;ifi=4&amp;uci=a!4&amp;btvi=2\" data-google-container-id=\"a!4\" tabindex=\"0\" title=\"Advertisement\" aria-label=\"Advertisement\" data-google-query-id=\"CMH8kYXv6YkDFYoSdgYdkAY06A\" data-load-complete=\"true\"></iframe>\n  (Session info: chrome=131.0.6778.69)\nStacktrace:\n#0 0x55845ccc54ca <unknown>\n#1 0x55845c7d8620 <unknown>\n#2 0x55845c82dff6 <unknown>\n#3 0x55845c82bf66 <unknown>\n#4 0x55845c829685 <unknown>\n#5 0x55845c828848 <unknown>\n#6 0x55845c81bff5 <unknown>\n#7 0x55845c84b372 <unknown>\n#8 0x55845c81b938 <unknown>\n#9 0x55845c84b53e <unknown>\n#10 0x55845c869de0 <unknown>\n#11 0x55845c84b113 <unknown>\n#12 0x55845c819be0 <unknown>\n#13 0x55845c81abbe <unknown>\n#14 0x55845cc91e4b <unknown>\n#15 0x55845cc95de2 <unknown>\n#16 0x55845cc7ed2c <unknown>\n#17 0x55845cc96957 <unknown>\n#18 0x55845cc644bf <unknown>\n#19 0x55845ccb4348 <unknown>\n#20 0x55845ccb4510 <unknown>\n#21 0x55845ccc4346 <unknown>\n#22 0x7f0bbbe94ac3 <unknown>\n\n","statusTrace":"  File \"/opt/hostedtoolcache/Python/3.11.10/x64/lib/python3.11/site-packages/allure_commons/_allure.py\", line 192, in impl\n    return func(*a, **kw)\n           ^^^^^^^^^^^^^^\n  File \"/home/runner/work/luma_project/luma_project/pages/sign_in_page.py\", line 54, in fill_in_email_field\n    self.fill_in_field(self.check_customer_email_field_is_clickable(), email)\n  File \"/opt/hostedtoolcache/Python/3.11.10/x64/lib/python3.11/site-packages/allure_commons/_allure.py\", line 192, in impl\n    return func(*a, **kw)\n           ^^^^^^^^^^^^^^\n  File \"/home/runner/work/luma_project/luma_project/pages/base_page.py\", line 319, in fill_in_field\n    input_field.click()\n  File \"/opt/hostedtoolcache/Python/3.11.10/x64/lib/python3.11/site-packages/selenium/webdriver/remote/webelement.py\", line 93, in click\n    self._execute(Command.CLICK_ELEMENT)\n  File \"/opt/hostedtoolcache/Python/3.11.10/x64/lib/python3.11/site-packages/selenium/webdriver/remote/webelement.py\", line 394, in _execute\n    return self._parent.execute(command, params)\n           ^^^^^^^^^^^^^^^^^^^^^^^^^^^^^^^^^^^^^\n  File \"/opt/hostedtoolcache/Python/3.11.10/x64/lib/python3.11/site-packages/selenium/webdriver/remote/webdriver.py\", line 344, in execute\n    self.error_handler.check_response(response)\n  File \"/opt/hostedtoolcache/Python/3.11.10/x64/lib/python3.11/site-packages/selenium/webdriver/remote/errorhandler.py\", line 229, in check_response\n    raise exception_class(message, screen, stacktrace)\n","steps":[{"name":"Check Email field is clickable","time":{"start":1732069859631,"stop":1732069859742,"duration":111},"status":"passed","steps":[{"name":"Find clickable elements","time":{"start":1732069859631,"stop":1732069859742,"duration":111},"status":"passed","steps":[],"attachments":[],"parameters":[{"name":"locator","value":"('css selector', '#email')"},{"name":"timeout","value":"5"}],"shouldDisplayMessage":false,"stepsCount":0,"attachmentsCount":0,"hasContent":true,"attachmentStep":false}],"attachments":[],"parameters":[],"shouldDisplayMessage":false,"stepsCount":1,"attachmentsCount":0,"hasContent":true,"attachmentStep":false},{"name":"Fill in a field","time":{"start":1732069859742,"stop":1732069860921,"duration":1179},"status":"broken","statusMessage":"selenium.common.exceptions.ElementClickInterceptedException: Message: element click intercepted: Element <input name=\"login[username]\" value=\"\" autocomplete=\"off\" id=\"email\" type=\"email\" class=\"input-text\" title=\"Email\" data-validate=\"{required:true, 'validate-email':true}\" aria-required=\"true\"> is not clickable at point (560, 767). Other element would receive the click: <iframe id=\"aswift_3\" name=\"aswift_3\" browsingtopics=\"true\" style=\"width: 1005px !important; height: 124px !important; display: block; margin: 0px auto;\" sandbox=\"allow-forms allow-popups allow-popups-to-escape-sandbox allow-same-origin allow-scripts allow-top-navigation-by-user-activation\" width=\"1005\" height=\"124\" frameborder=\"0\" marginwidth=\"0\" marginheight=\"0\" vspace=\"0\" hspace=\"0\" allowtransparency=\"true\" scrolling=\"no\" allow=\"attribution-reporting; run-ad-auction\" src=\"https://googleads.g.doubleclick.net/pagead/html/r20241118/r20190131/zrt_lookup_fy2021.html#RS-0-&amp;adk=1812271801&amp;client=ca-pub-7399332034053978&amp;fa=1&amp;ifi=4&amp;uci=a!4&amp;btvi=2\" data-google-container-id=\"a!4\" tabindex=\"0\" title=\"Advertisement\" aria-label=\"Advertisement\" data-google-query-id=\"CMH8kYXv6YkDFYoSdgYdkAY06A\" data-load-complete=\"true\"></iframe>\n  (Session info: chrome=131.0.6778.69)\nStacktrace:\n#0 0x55845ccc54ca <unknown>\n#1 0x55845c7d8620 <unknown>\n#2 0x55845c82dff6 <unknown>\n#3 0x55845c82bf66 <unknown>\n#4 0x55845c829685 <unknown>\n#5 0x55845c828848 <unknown>\n#6 0x55845c81bff5 <unknown>\n#7 0x55845c84b372 <unknown>\n#8 0x55845c81b938 <unknown>\n#9 0x55845c84b53e <unknown>\n#10 0x55845c869de0 <unknown>\n#11 0x55845c84b113 <unknown>\n#12 0x55845c819be0 <unknown>\n#13 0x55845c81abbe <unknown>\n#14 0x55845cc91e4b <unknown>\n#15 0x55845cc95de2 <unknown>\n#16 0x55845cc7ed2c <unknown>\n#17 0x55845cc96957 <unknown>\n#18 0x55845cc644bf <unknown>\n#19 0x55845ccb4348 <unknown>\n#20 0x55845ccb4510 <unknown>\n#21 0x55845ccc4346 <unknown>\n#22 0x7f0bbbe94ac3 <unknown>\n\n","statusTrace":"  File \"/opt/hostedtoolcache/Python/3.11.10/x64/lib/python3.11/site-packages/allure_commons/_allure.py\", line 192, in impl\n    return func(*a, **kw)\n           ^^^^^^^^^^^^^^\n  File \"/home/runner/work/luma_project/luma_project/pages/base_page.py\", line 319, in fill_in_field\n    input_field.click()\n  File \"/opt/hostedtoolcache/Python/3.11.10/x64/lib/python3.11/site-packages/selenium/webdriver/remote/webelement.py\", line 93, in click\n    self._execute(Command.CLICK_ELEMENT)\n  File \"/opt/hostedtoolcache/Python/3.11.10/x64/lib/python3.11/site-packages/selenium/webdriver/remote/webelement.py\", line 394, in _execute\n    return self._parent.execute(command, params)\n           ^^^^^^^^^^^^^^^^^^^^^^^^^^^^^^^^^^^^^\n  File \"/opt/hostedtoolcache/Python/3.11.10/x64/lib/python3.11/site-packages/selenium/webdriver/remote/webdriver.py\", line 344, in execute\n    self.error_handler.check_response(response)\n  File \"/opt/hostedtoolcache/Python/3.11.10/x64/lib/python3.11/site-packages/selenium/webdriver/remote/errorhandler.py\", line 229, in check_response\n    raise exception_class(message, screen, stacktrace)\n","steps":[{"name":"Find clickable elements","time":{"start":1732069859742,"stop":1732069859762,"duration":20},"status":"passed","steps":[],"attachments":[],"parameters":[{"name":"locator","value":"<selenium.webdriver.remote.webelement.WebElement (session=\"f9e0224ea26b714a65beee4262d24090\", element=\"f.219C6D0307D0D4C93C069CA6D810B804.d.9FE6219BAC9A09913BFEC4F13BADBDDA.e.3\")>"},{"name":"timeout","value":"5"}],"shouldDisplayMessage":false,"stepsCount":0,"attachmentsCount":0,"hasContent":true,"attachmentStep":false}],"attachments":[],"parameters":[{"name":"locator","value":"<selenium.webdriver.remote.webelement.WebElement (session=\"f9e0224ea26b714a65beee4262d24090\", element=\"f.219C6D0307D0D4C93C069CA6D810B804.d.9FE6219BAC9A09913BFEC4F13BADBDDA.e.3\")>"},{"name":"value","value":"'teston120@mailinator.com'"}],"shouldDisplayMessage":true,"stepsCount":1,"attachmentsCount":0,"hasContent":true,"attachmentStep":false}],"attachments":[],"parameters":[{"name":"email","value":"'teston120@mailinator.com'"}],"shouldDisplayMessage":false,"stepsCount":4,"attachmentsCount":0,"hasContent":true,"attachmentStep":false}],"attachments":[{"uid":"af04e6e1da28bee7","name":"Screenshot","source":"af04e6e1da28bee7.png","type":"image/png","size":367216},{"uid":"a51c8091f937fb38","name":"HTML source","source":"a51c8091f937fb38.html","type":"text/html","size":134131}],"parameters":[],"shouldDisplayMessage":true,"stepsCount":5,"attachmentsCount":2,"hasContent":true,"attachmentStep":false},"afterStages":[{"name":"driver::0","time":{"start":1732069861095,"stop":1732069861173,"duration":78},"status":"passed","steps":[],"attachments":[],"parameters":[],"shouldDisplayMessage":false,"stepsCount":0,"attachmentsCount":0,"hasContent":false,"attachmentStep":false},{"name":"clear_allure_result_folder::0","time":{"start":1732069950879,"stop":1732069950879,"duration":0},"status":"passed","steps":[],"attachments":[],"parameters":[],"shouldDisplayMessage":false,"stepsCount":0,"attachmentsCount":0,"hasContent":false,"attachmentStep":false}],"labels":[{"name":"feature","value":"Failed Login Functionality"},{"name":"parentSuite","value":"tests"},{"name":"suite","value":"test_sign_in"},{"name":"subSuite","value":"TestFailedLogin"},{"name":"host","value":"fv-az1020-329"},{"name":"thread","value":"2856-MainThread"},{"name":"framework","value":"pytest"},{"name":"language","value":"cpython3"},{"name":"package","value":"tests.test_sign_in"},{"name":"resultFormat","value":"allure2"}],"parameters":[{"name":"email","value":"'teston120@mailinator.com'"},{"name":"password","value":"'Test#12p@ssw0rd'"}],"links":[],"hidden":false,"retry":false,"extra":{"severity":"normal","retries":[],"categories":[{"name":"Test defects","matchedStatuses":[],"flaky":false}],"history":{"statistic":{"failed":0,"broken":2,"skipped":0,"passed":2,"unknown":0,"total":4},"items":[{"uid":"5fcc9c7c525ef7e4","reportUrl":"https://verafes.github.io/luma_project/499//#testresult/5fcc9c7c525ef7e4","status":"passed","time":{"start":1731983747694,"stop":1731983749834,"duration":2140}},{"uid":"ede044341c19d473","reportUrl":"https://verafes.github.io/luma_project/498//#testresult/ede044341c19d473","status":"broken","statusDetails":"selenium.common.exceptions.ElementClickInterceptedException: Message: element click intercepted: Element <input name=\"login[password]\" type=\"password\" autocomplete=\"off\" class=\"input-text\" id=\"pass\" title=\"Password\" data-validate=\"{required:true}\" aria-required=\"true\"> is not clickable at point (560, 845). Other element would receive the click: <div id=\"aswift_3_host\" style=\"border: none !important; height: 50px !important; width: 100% !important; margin: 0px !important; padding: 0px !important; position: relative !important; visibility: visible !important; background-color: transparent !important; display: inline-block !important; inset: auto !important; clear: none !important; float: none !important; max-height: none !important; max-width: none !important; opacity: 1 !important; overflow: visible !important; vertical-align: baseline !important; z-index: auto !important;\">...</div>\n  (Session info: chrome=131.0.6778.69)\nStacktrace:\n#0 0x56099a4954ca <unknown>\n#1 0x560999fa8620 <unknown>\n#2 0x560999ffdff6 <unknown>\n#3 0x560999ffbf66 <unknown>\n#4 0x560999ff9685 <unknown>\n#5 0x560999ff8848 <unknown>\n#6 0x560999febff5 <unknown>\n#7 0x56099a01b372 <unknown>\n#8 0x560999feb938 <unknown>\n#9 0x56099a01b53e <unknown>\n#10 0x56099a039de0 <unknown>\n#11 0x56099a01b113 <unknown>\n#12 0x560999fe9be0 <unknown>\n#13 0x560999feabbe <unknown>\n#14 0x56099a461e4b <unknown>\n#15 0x56099a465de2 <unknown>\n#16 0x56099a44ed2c <unknown>\n#17 0x56099a466957 <unknown>\n#18 0x56099a4344bf <unknown>\n#19 0x56099a484348 <unknown>\n#20 0x56099a484510 <unknown>\n#21 0x56099a494346 <unknown>\n#22 0x7f93dfc94ac3 <unknown>","time":{"start":1731897237356,"stop":1731897238703,"duration":1347}},{"uid":"f7f22dfa96a3415","reportUrl":"https://verafes.github.io/luma_project/497//#testresult/f7f22dfa96a3415","status":"passed","time":{"start":1731809648222,"stop":1731809650604,"duration":2382}}]},"tags":[]},"source":"4d26735f409c3a9a.json","parameterValues":["'teston120@mailinator.com'","'Test#12p@ssw0rd'"]}