{"uid":"f11a0db1dc72e359","name":"TC 03.02.01 to 03_02_10 Verify Failed Login, no error validation","fullName":"tests.test_sign_in.TestFailedLogin#test_03_02_01_to_03_02_10_login","historyId":"dcefff073194f7683cb60b459da94db5","time":{"start":1732069844974,"stop":1732069848594,"duration":3620},"description":"Check Success and Failed Login, no error validation","descriptionHtml":"<p>Check Success and Failed Login, no error validation</p>\n","status":"broken","statusMessage":"selenium.common.exceptions.ElementClickInterceptedException: Message: element click intercepted: Element <input name=\"login[username]\" value=\"\" autocomplete=\"off\" id=\"email\" type=\"email\" class=\"input-text\" title=\"Email\" data-validate=\"{required:true, 'validate-email':true}\" aria-required=\"true\"> is not clickable at point (560, 767). Other element would receive the click: <iframe id=\"aswift_3\" name=\"aswift_3\" browsingtopics=\"true\" style=\"width: 1005px !important; height: 124px !important; display: block; margin: 0px auto;\" sandbox=\"allow-forms allow-popups allow-popups-to-escape-sandbox allow-same-origin allow-scripts allow-top-navigation-by-user-activation\" width=\"1005\" height=\"124\" frameborder=\"0\" marginwidth=\"0\" marginheight=\"0\" vspace=\"0\" hspace=\"0\" allowtransparency=\"true\" scrolling=\"no\" allow=\"attribution-reporting; run-ad-auction\" src=\"https://googleads.g.doubleclick.net/pagead/html/r20241118/r20190131/zrt_lookup_fy2021.html#RS-0-&amp;adk=1812271801&amp;client=ca-pub-7399332034053978&amp;fa=1&amp;ifi=4&amp;uci=a!4&amp;btvi=2\" data-google-container-id=\"a!4\" tabindex=\"0\" title=\"Advertisement\" aria-label=\"Advertisement\" data-google-query-id=\"CKygjf_u6YkDFXXX9QIdjq0A1g\" data-load-complete=\"true\"></iframe>\n  (Session info: chrome=131.0.6778.69)\nStacktrace:\n#0 0x5576b32da4ca <unknown>\n#1 0x5576b2ded620 <unknown>\n#2 0x5576b2e42ff6 <unknown>\n#3 0x5576b2e40f66 <unknown>\n#4 0x5576b2e3e685 <unknown>\n#5 0x5576b2e3d848 <unknown>\n#6 0x5576b2e30ff5 <unknown>\n#7 0x5576b2e60372 <unknown>\n#8 0x5576b2e30938 <unknown>\n#9 0x5576b2e6053e <unknown>\n#10 0x5576b2e7ede0 <unknown>\n#11 0x5576b2e60113 <unknown>\n#12 0x5576b2e2ebe0 <unknown>\n#13 0x5576b2e2fbbe <unknown>\n#14 0x5576b32a6e4b <unknown>\n#15 0x5576b32aade2 <unknown>\n#16 0x5576b3293d2c <unknown>\n#17 0x5576b32ab957 <unknown>\n#18 0x5576b32794bf <unknown>\n#19 0x5576b32c9348 <unknown>\n#20 0x5576b32c9510 <unknown>\n#21 0x5576b32d9346 <unknown>\n#22 0x7fd3d3e94ac3 <unknown>","statusTrace":"self = <test_sign_in.TestFailedLogin object at 0x7f634f1e7950>\ndriver = <selenium.webdriver.chrome.webdriver.WebDriver (session=\"1f87221f927130430ace0caabaa703f9\")>\nemail = 'teston120@mailinator.com', password = 'Test#12p@ssword '\n\n    @allure.title('TC 03.02.01 to 03_02_10 Verify Failed Login, no error validation')\n    @pytest.mark.parametrize('email, password', LOGIN)\n    def test_03_02_01_to_03_02_10_login(self, driver, email, password):\n        \"\"\"Check Success and Failed Login, no error validation\"\"\"\n        sign_in_page = SignInPage(driver, SIGN_IN_URL)\n        sign_in_page.open()\n>       sign_in_page.fill_in_email_field(email)\n\ntests/test_sign_in.py:256: \n_ _ _ _ _ _ _ _ _ _ _ _ _ _ _ _ _ _ _ _ _ _ _ _ _ _ _ _ _ _ _ _ _ _ _ _ _ _ _ _ \npages/sign_in_page.py:54: in fill_in_email_field\n    self.fill_in_field(self.check_customer_email_field_is_clickable(), email)\npages/base_page.py:319: in fill_in_field\n    input_field.click()\n/opt/hostedtoolcache/Python/3.11.10/x64/lib/python3.11/site-packages/selenium/webdriver/remote/webelement.py:93: in click\n    self._execute(Command.CLICK_ELEMENT)\n/opt/hostedtoolcache/Python/3.11.10/x64/lib/python3.11/site-packages/selenium/webdriver/remote/webelement.py:394: in _execute\n    return self._parent.execute(command, params)\n/opt/hostedtoolcache/Python/3.11.10/x64/lib/python3.11/site-packages/selenium/webdriver/remote/webdriver.py:344: in execute\n    self.error_handler.check_response(response)\n_ _ _ _ _ _ _ _ _ _ _ _ _ _ _ _ _ _ _ _ _ _ _ _ _ _ _ _ _ _ _ _ _ _ _ _ _ _ _ _ \n\nself = <selenium.webdriver.remote.errorhandler.ErrorHandler object at 0x7f634eff9dd0>\nresponse = {'status': 400, 'value': '{\"value\":{\"error\":\"element click intercepted\",\"message\":\"element click intercepted: Element ...\\\\n#20 0x5576b32c9510 \\\\u003Cunknown>\\\\n#21 0x5576b32d9346 \\\\u003Cunknown>\\\\n#22 0x7fd3d3e94ac3 \\\\u003Cunknown>\\\\n\"}}'}\n\n    def check_response(self, response: Dict[str, Any]) -> None:\n        \"\"\"Checks that a JSON response from the WebDriver does not have an\n        error.\n    \n        :Args:\n         - response - The JSON response from the WebDriver server as a dictionary\n           object.\n    \n        :Raises: If the response contains an error message.\n        \"\"\"\n        status = response.get(\"status\", None)\n        if not status or status == ErrorCode.SUCCESS:\n            return\n        value = None\n        message = response.get(\"message\", \"\")\n        screen: str = response.get(\"screen\", \"\")\n        stacktrace = None\n        if isinstance(status, int):\n            value_json = response.get(\"value\", None)\n            if value_json and isinstance(value_json, str):\n                import json\n    \n                try:\n                    value = json.loads(value_json)\n                    if len(value) == 1:\n                        value = value[\"value\"]\n                    status = value.get(\"error\", None)\n                    if not status:\n                        status = value.get(\"status\", ErrorCode.UNKNOWN_ERROR)\n                        message = value.get(\"value\") or value.get(\"message\")\n                        if not isinstance(message, str):\n                            value = message\n                            message = message.get(\"message\")\n                    else:\n                        message = value.get(\"message\", None)\n                except ValueError:\n                    pass\n    \n        exception_class: Type[WebDriverException]\n        e = ErrorCode()\n        error_codes = [item for item in dir(e) if not item.startswith(\"__\")]\n        for error_code in error_codes:\n            error_info = getattr(ErrorCode, error_code)\n            if isinstance(error_info, list) and status in error_info:\n                exception_class = getattr(ExceptionMapping, error_code, WebDriverException)\n                break\n        else:\n            exception_class = WebDriverException\n    \n        if not value:\n            value = response[\"value\"]\n        if isinstance(value, str):\n            raise exception_class(value)\n        if message == \"\" and \"message\" in value:\n            message = value[\"message\"]\n    \n        screen = None  # type: ignore[assignment]\n        if \"screen\" in value:\n            screen = value[\"screen\"]\n    \n        stacktrace = None\n        st_value = value.get(\"stackTrace\") or value.get(\"stacktrace\")\n        if st_value:\n            if isinstance(st_value, str):\n                stacktrace = st_value.split(\"\\n\")\n            else:\n                stacktrace = []\n                try:\n                    for frame in st_value:\n                        line = frame.get(\"lineNumber\", \"\")\n                        file = frame.get(\"fileName\", \"<anonymous>\")\n                        if line:\n                            file = f\"{file}:{line}\"\n                        meth = frame.get(\"methodName\", \"<anonymous>\")\n                        if \"className\" in frame:\n                            meth = f\"{frame['className']}.{meth}\"\n                        msg = \"    at %s (%s)\"\n                        msg = msg % (meth, file)\n                        stacktrace.append(msg)\n                except TypeError:\n                    pass\n        if exception_class == UnexpectedAlertPresentException:\n            alert_text = None\n            if \"data\" in value:\n                alert_text = value[\"data\"].get(\"text\")\n            elif \"alert\" in value:\n                alert_text = value[\"alert\"].get(\"text\")\n            raise exception_class(message, screen, stacktrace, alert_text)  # type: ignore[call-arg]  # mypy is not smart enough here\n>       raise exception_class(message, screen, stacktrace)\nE       selenium.common.exceptions.ElementClickInterceptedException: Message: element click intercepted: Element <input name=\"login[username]\" value=\"\" autocomplete=\"off\" id=\"email\" type=\"email\" class=\"input-text\" title=\"Email\" data-validate=\"{required:true, 'validate-email':true}\" aria-required=\"true\"> is not clickable at point (560, 767). Other element would receive the click: <iframe id=\"aswift_3\" name=\"aswift_3\" browsingtopics=\"true\" style=\"width: 1005px !important; height: 124px !important; display: block; margin: 0px auto;\" sandbox=\"allow-forms allow-popups allow-popups-to-escape-sandbox allow-same-origin allow-scripts allow-top-navigation-by-user-activation\" width=\"1005\" height=\"124\" frameborder=\"0\" marginwidth=\"0\" marginheight=\"0\" vspace=\"0\" hspace=\"0\" allowtransparency=\"true\" scrolling=\"no\" allow=\"attribution-reporting; run-ad-auction\" src=\"https://googleads.g.doubleclick.net/pagead/html/r20241118/r20190131/zrt_lookup_fy2021.html#RS-0-&amp;adk=1812271801&amp;client=ca-pub-7399332034053978&amp;fa=1&amp;ifi=4&amp;uci=a!4&amp;btvi=2\" data-google-container-id=\"a!4\" tabindex=\"0\" title=\"Advertisement\" aria-label=\"Advertisement\" data-google-query-id=\"CKygjf_u6YkDFXXX9QIdjq0A1g\" data-load-complete=\"true\"></iframe>\nE         (Session info: chrome=131.0.6778.69)\nE       Stacktrace:\nE       #0 0x5576b32da4ca <unknown>\nE       #1 0x5576b2ded620 <unknown>\nE       #2 0x5576b2e42ff6 <unknown>\nE       #3 0x5576b2e40f66 <unknown>\nE       #4 0x5576b2e3e685 <unknown>\nE       #5 0x5576b2e3d848 <unknown>\nE       #6 0x5576b2e30ff5 <unknown>\nE       #7 0x5576b2e60372 <unknown>\nE       #8 0x5576b2e30938 <unknown>\nE       #9 0x5576b2e6053e <unknown>\nE       #10 0x5576b2e7ede0 <unknown>\nE       #11 0x5576b2e60113 <unknown>\nE       #12 0x5576b2e2ebe0 <unknown>\nE       #13 0x5576b2e2fbbe <unknown>\nE       #14 0x5576b32a6e4b <unknown>\nE       #15 0x5576b32aade2 <unknown>\nE       #16 0x5576b3293d2c <unknown>\nE       #17 0x5576b32ab957 <unknown>\nE       #18 0x5576b32794bf <unknown>\nE       #19 0x5576b32c9348 <unknown>\nE       #20 0x5576b32c9510 <unknown>\nE       #21 0x5576b32d9346 <unknown>\nE       #22 0x7fd3d3e94ac3 <unknown>\n\n/opt/hostedtoolcache/Python/3.11.10/x64/lib/python3.11/site-packages/selenium/webdriver/remote/errorhandler.py:229: ElementClickInterceptedException","flaky":false,"newFailed":false,"newBroken":false,"newPassed":false,"retriesCount":0,"retriesStatusChange":false,"beforeStages":[{"name":"_session_faker","time":{"start":1732066923608,"stop":1732066923673,"duration":65},"status":"passed","steps":[],"attachments":[],"parameters":[],"shouldDisplayMessage":false,"stepsCount":0,"attachmentsCount":0,"hasContent":false,"attachmentStep":false},{"name":"clear_allure_result_folder","time":{"start":1732066923673,"stop":1732066923674,"duration":1},"status":"passed","steps":[],"attachments":[],"parameters":[],"shouldDisplayMessage":false,"stepsCount":0,"attachmentsCount":0,"hasContent":false,"attachmentStep":false},{"name":"driver","time":{"start":1732069843697,"stop":1732069844974,"duration":1277},"status":"passed","steps":[],"attachments":[],"parameters":[],"shouldDisplayMessage":false,"stepsCount":0,"attachmentsCount":0,"hasContent":false,"attachmentStep":false}],"testStage":{"description":"Check Success and Failed Login, no error validation","status":"broken","statusMessage":"selenium.common.exceptions.ElementClickInterceptedException: Message: element click intercepted: Element <input name=\"login[username]\" value=\"\" autocomplete=\"off\" id=\"email\" type=\"email\" class=\"input-text\" title=\"Email\" data-validate=\"{required:true, 'validate-email':true}\" aria-required=\"true\"> is not clickable at point (560, 767). Other element would receive the click: <iframe id=\"aswift_3\" name=\"aswift_3\" browsingtopics=\"true\" style=\"width: 1005px !important; height: 124px !important; display: block; margin: 0px auto;\" sandbox=\"allow-forms allow-popups allow-popups-to-escape-sandbox allow-same-origin allow-scripts allow-top-navigation-by-user-activation\" width=\"1005\" height=\"124\" frameborder=\"0\" marginwidth=\"0\" marginheight=\"0\" vspace=\"0\" hspace=\"0\" allowtransparency=\"true\" scrolling=\"no\" allow=\"attribution-reporting; run-ad-auction\" src=\"https://googleads.g.doubleclick.net/pagead/html/r20241118/r20190131/zrt_lookup_fy2021.html#RS-0-&amp;adk=1812271801&amp;client=ca-pub-7399332034053978&amp;fa=1&amp;ifi=4&amp;uci=a!4&amp;btvi=2\" data-google-container-id=\"a!4\" tabindex=\"0\" title=\"Advertisement\" aria-label=\"Advertisement\" data-google-query-id=\"CKygjf_u6YkDFXXX9QIdjq0A1g\" data-load-complete=\"true\"></iframe>\n  (Session info: chrome=131.0.6778.69)\nStacktrace:\n#0 0x5576b32da4ca <unknown>\n#1 0x5576b2ded620 <unknown>\n#2 0x5576b2e42ff6 <unknown>\n#3 0x5576b2e40f66 <unknown>\n#4 0x5576b2e3e685 <unknown>\n#5 0x5576b2e3d848 <unknown>\n#6 0x5576b2e30ff5 <unknown>\n#7 0x5576b2e60372 <unknown>\n#8 0x5576b2e30938 <unknown>\n#9 0x5576b2e6053e <unknown>\n#10 0x5576b2e7ede0 <unknown>\n#11 0x5576b2e60113 <unknown>\n#12 0x5576b2e2ebe0 <unknown>\n#13 0x5576b2e2fbbe <unknown>\n#14 0x5576b32a6e4b <unknown>\n#15 0x5576b32aade2 <unknown>\n#16 0x5576b3293d2c <unknown>\n#17 0x5576b32ab957 <unknown>\n#18 0x5576b32794bf <unknown>\n#19 0x5576b32c9348 <unknown>\n#20 0x5576b32c9510 <unknown>\n#21 0x5576b32d9346 <unknown>\n#22 0x7fd3d3e94ac3 <unknown>","statusTrace":"self = <test_sign_in.TestFailedLogin object at 0x7f634f1e7950>\ndriver = <selenium.webdriver.chrome.webdriver.WebDriver (session=\"1f87221f927130430ace0caabaa703f9\")>\nemail = 'teston120@mailinator.com', password = 'Test#12p@ssword '\n\n    @allure.title('TC 03.02.01 to 03_02_10 Verify Failed Login, no error validation')\n    @pytest.mark.parametrize('email, password', LOGIN)\n    def test_03_02_01_to_03_02_10_login(self, driver, email, password):\n        \"\"\"Check Success and Failed Login, no error validation\"\"\"\n        sign_in_page = SignInPage(driver, SIGN_IN_URL)\n        sign_in_page.open()\n>       sign_in_page.fill_in_email_field(email)\n\ntests/test_sign_in.py:256: \n_ _ _ _ _ _ _ _ _ _ _ _ _ _ _ _ _ _ _ _ _ _ _ _ _ _ _ _ _ _ _ _ _ _ _ _ _ _ _ _ \npages/sign_in_page.py:54: in fill_in_email_field\n    self.fill_in_field(self.check_customer_email_field_is_clickable(), email)\npages/base_page.py:319: in fill_in_field\n    input_field.click()\n/opt/hostedtoolcache/Python/3.11.10/x64/lib/python3.11/site-packages/selenium/webdriver/remote/webelement.py:93: in click\n    self._execute(Command.CLICK_ELEMENT)\n/opt/hostedtoolcache/Python/3.11.10/x64/lib/python3.11/site-packages/selenium/webdriver/remote/webelement.py:394: in _execute\n    return self._parent.execute(command, params)\n/opt/hostedtoolcache/Python/3.11.10/x64/lib/python3.11/site-packages/selenium/webdriver/remote/webdriver.py:344: in execute\n    self.error_handler.check_response(response)\n_ _ _ _ _ _ _ _ _ _ _ _ _ _ _ _ _ _ _ _ _ _ _ _ _ _ _ _ _ _ _ _ _ _ _ _ _ _ _ _ \n\nself = <selenium.webdriver.remote.errorhandler.ErrorHandler object at 0x7f634eff9dd0>\nresponse = {'status': 400, 'value': '{\"value\":{\"error\":\"element click intercepted\",\"message\":\"element click intercepted: Element ...\\\\n#20 0x5576b32c9510 \\\\u003Cunknown>\\\\n#21 0x5576b32d9346 \\\\u003Cunknown>\\\\n#22 0x7fd3d3e94ac3 \\\\u003Cunknown>\\\\n\"}}'}\n\n    def check_response(self, response: Dict[str, Any]) -> None:\n        \"\"\"Checks that a JSON response from the WebDriver does not have an\n        error.\n    \n        :Args:\n         - response - The JSON response from the WebDriver server as a dictionary\n           object.\n    \n        :Raises: If the response contains an error message.\n        \"\"\"\n        status = response.get(\"status\", None)\n        if not status or status == ErrorCode.SUCCESS:\n            return\n        value = None\n        message = response.get(\"message\", \"\")\n        screen: str = response.get(\"screen\", \"\")\n        stacktrace = None\n        if isinstance(status, int):\n            value_json = response.get(\"value\", None)\n            if value_json and isinstance(value_json, str):\n                import json\n    \n                try:\n                    value = json.loads(value_json)\n                    if len(value) == 1:\n                        value = value[\"value\"]\n                    status = value.get(\"error\", None)\n                    if not status:\n                        status = value.get(\"status\", ErrorCode.UNKNOWN_ERROR)\n                        message = value.get(\"value\") or value.get(\"message\")\n                        if not isinstance(message, str):\n                            value = message\n                            message = message.get(\"message\")\n                    else:\n                        message = value.get(\"message\", None)\n                except ValueError:\n                    pass\n    \n        exception_class: Type[WebDriverException]\n        e = ErrorCode()\n        error_codes = [item for item in dir(e) if not item.startswith(\"__\")]\n        for error_code in error_codes:\n            error_info = getattr(ErrorCode, error_code)\n            if isinstance(error_info, list) and status in error_info:\n                exception_class = getattr(ExceptionMapping, error_code, WebDriverException)\n                break\n        else:\n            exception_class = WebDriverException\n    \n        if not value:\n            value = response[\"value\"]\n        if isinstance(value, str):\n            raise exception_class(value)\n        if message == \"\" and \"message\" in value:\n            message = value[\"message\"]\n    \n        screen = None  # type: ignore[assignment]\n        if \"screen\" in value:\n            screen = value[\"screen\"]\n    \n        stacktrace = None\n        st_value = value.get(\"stackTrace\") or value.get(\"stacktrace\")\n        if st_value:\n            if isinstance(st_value, str):\n                stacktrace = st_value.split(\"\\n\")\n            else:\n                stacktrace = []\n                try:\n                    for frame in st_value:\n                        line = frame.get(\"lineNumber\", \"\")\n                        file = frame.get(\"fileName\", \"<anonymous>\")\n                        if line:\n                            file = f\"{file}:{line}\"\n                        meth = frame.get(\"methodName\", \"<anonymous>\")\n                        if \"className\" in frame:\n                            meth = f\"{frame['className']}.{meth}\"\n                        msg = \"    at %s (%s)\"\n                        msg = msg % (meth, file)\n                        stacktrace.append(msg)\n                except TypeError:\n                    pass\n        if exception_class == UnexpectedAlertPresentException:\n            alert_text = None\n            if \"data\" in value:\n                alert_text = value[\"data\"].get(\"text\")\n            elif \"alert\" in value:\n                alert_text = value[\"alert\"].get(\"text\")\n            raise exception_class(message, screen, stacktrace, alert_text)  # type: ignore[call-arg]  # mypy is not smart enough here\n>       raise exception_class(message, screen, stacktrace)\nE       selenium.common.exceptions.ElementClickInterceptedException: Message: element click intercepted: Element <input name=\"login[username]\" value=\"\" autocomplete=\"off\" id=\"email\" type=\"email\" class=\"input-text\" title=\"Email\" data-validate=\"{required:true, 'validate-email':true}\" aria-required=\"true\"> is not clickable at point (560, 767). Other element would receive the click: <iframe id=\"aswift_3\" name=\"aswift_3\" browsingtopics=\"true\" style=\"width: 1005px !important; height: 124px !important; display: block; margin: 0px auto;\" sandbox=\"allow-forms allow-popups allow-popups-to-escape-sandbox allow-same-origin allow-scripts allow-top-navigation-by-user-activation\" width=\"1005\" height=\"124\" frameborder=\"0\" marginwidth=\"0\" marginheight=\"0\" vspace=\"0\" hspace=\"0\" allowtransparency=\"true\" scrolling=\"no\" allow=\"attribution-reporting; run-ad-auction\" src=\"https://googleads.g.doubleclick.net/pagead/html/r20241118/r20190131/zrt_lookup_fy2021.html#RS-0-&amp;adk=1812271801&amp;client=ca-pub-7399332034053978&amp;fa=1&amp;ifi=4&amp;uci=a!4&amp;btvi=2\" data-google-container-id=\"a!4\" tabindex=\"0\" title=\"Advertisement\" aria-label=\"Advertisement\" data-google-query-id=\"CKygjf_u6YkDFXXX9QIdjq0A1g\" data-load-complete=\"true\"></iframe>\nE         (Session info: chrome=131.0.6778.69)\nE       Stacktrace:\nE       #0 0x5576b32da4ca <unknown>\nE       #1 0x5576b2ded620 <unknown>\nE       #2 0x5576b2e42ff6 <unknown>\nE       #3 0x5576b2e40f66 <unknown>\nE       #4 0x5576b2e3e685 <unknown>\nE       #5 0x5576b2e3d848 <unknown>\nE       #6 0x5576b2e30ff5 <unknown>\nE       #7 0x5576b2e60372 <unknown>\nE       #8 0x5576b2e30938 <unknown>\nE       #9 0x5576b2e6053e <unknown>\nE       #10 0x5576b2e7ede0 <unknown>\nE       #11 0x5576b2e60113 <unknown>\nE       #12 0x5576b2e2ebe0 <unknown>\nE       #13 0x5576b2e2fbbe <unknown>\nE       #14 0x5576b32a6e4b <unknown>\nE       #15 0x5576b32aade2 <unknown>\nE       #16 0x5576b3293d2c <unknown>\nE       #17 0x5576b32ab957 <unknown>\nE       #18 0x5576b32794bf <unknown>\nE       #19 0x5576b32c9348 <unknown>\nE       #20 0x5576b32c9510 <unknown>\nE       #21 0x5576b32d9346 <unknown>\nE       #22 0x7fd3d3e94ac3 <unknown>\n\n/opt/hostedtoolcache/Python/3.11.10/x64/lib/python3.11/site-packages/selenium/webdriver/remote/errorhandler.py:229: ElementClickInterceptedException","steps":[{"name":"Open a browser","time":{"start":1732069844974,"stop":1732069847459,"duration":2485},"status":"passed","steps":[],"attachments":[],"parameters":[],"shouldDisplayMessage":false,"stepsCount":0,"attachmentsCount":0,"hasContent":false,"attachmentStep":false},{"name":"Fill in Email field","time":{"start":1732069847460,"stop":1732069848593,"duration":1133},"status":"broken","statusMessage":"selenium.common.exceptions.ElementClickInterceptedException: Message: element click intercepted: Element <input name=\"login[username]\" value=\"\" autocomplete=\"off\" id=\"email\" type=\"email\" class=\"input-text\" title=\"Email\" data-validate=\"{required:true, 'validate-email':true}\" aria-required=\"true\"> is not clickable at point (560, 767). Other element would receive the click: <iframe id=\"aswift_3\" name=\"aswift_3\" browsingtopics=\"true\" style=\"width: 1005px !important; height: 124px !important; display: block; margin: 0px auto;\" sandbox=\"allow-forms allow-popups allow-popups-to-escape-sandbox allow-same-origin allow-scripts allow-top-navigation-by-user-activation\" width=\"1005\" height=\"124\" frameborder=\"0\" marginwidth=\"0\" marginheight=\"0\" vspace=\"0\" hspace=\"0\" allowtransparency=\"true\" scrolling=\"no\" allow=\"attribution-reporting; run-ad-auction\" src=\"https://googleads.g.doubleclick.net/pagead/html/r20241118/r20190131/zrt_lookup_fy2021.html#RS-0-&amp;adk=1812271801&amp;client=ca-pub-7399332034053978&amp;fa=1&amp;ifi=4&amp;uci=a!4&amp;btvi=2\" data-google-container-id=\"a!4\" tabindex=\"0\" title=\"Advertisement\" aria-label=\"Advertisement\" data-google-query-id=\"CKygjf_u6YkDFXXX9QIdjq0A1g\" data-load-complete=\"true\"></iframe>\n  (Session info: chrome=131.0.6778.69)\nStacktrace:\n#0 0x5576b32da4ca <unknown>\n#1 0x5576b2ded620 <unknown>\n#2 0x5576b2e42ff6 <unknown>\n#3 0x5576b2e40f66 <unknown>\n#4 0x5576b2e3e685 <unknown>\n#5 0x5576b2e3d848 <unknown>\n#6 0x5576b2e30ff5 <unknown>\n#7 0x5576b2e60372 <unknown>\n#8 0x5576b2e30938 <unknown>\n#9 0x5576b2e6053e <unknown>\n#10 0x5576b2e7ede0 <unknown>\n#11 0x5576b2e60113 <unknown>\n#12 0x5576b2e2ebe0 <unknown>\n#13 0x5576b2e2fbbe <unknown>\n#14 0x5576b32a6e4b <unknown>\n#15 0x5576b32aade2 <unknown>\n#16 0x5576b3293d2c <unknown>\n#17 0x5576b32ab957 <unknown>\n#18 0x5576b32794bf <unknown>\n#19 0x5576b32c9348 <unknown>\n#20 0x5576b32c9510 <unknown>\n#21 0x5576b32d9346 <unknown>\n#22 0x7fd3d3e94ac3 <unknown>\n\n","statusTrace":"  File \"/opt/hostedtoolcache/Python/3.11.10/x64/lib/python3.11/site-packages/allure_commons/_allure.py\", line 192, in impl\n    return func(*a, **kw)\n           ^^^^^^^^^^^^^^\n  File \"/home/runner/work/luma_project/luma_project/pages/sign_in_page.py\", line 54, in fill_in_email_field\n    self.fill_in_field(self.check_customer_email_field_is_clickable(), email)\n  File \"/opt/hostedtoolcache/Python/3.11.10/x64/lib/python3.11/site-packages/allure_commons/_allure.py\", line 192, in impl\n    return func(*a, **kw)\n           ^^^^^^^^^^^^^^\n  File \"/home/runner/work/luma_project/luma_project/pages/base_page.py\", line 319, in fill_in_field\n    input_field.click()\n  File \"/opt/hostedtoolcache/Python/3.11.10/x64/lib/python3.11/site-packages/selenium/webdriver/remote/webelement.py\", line 93, in click\n    self._execute(Command.CLICK_ELEMENT)\n  File \"/opt/hostedtoolcache/Python/3.11.10/x64/lib/python3.11/site-packages/selenium/webdriver/remote/webelement.py\", line 394, in _execute\n    return self._parent.execute(command, params)\n           ^^^^^^^^^^^^^^^^^^^^^^^^^^^^^^^^^^^^^\n  File \"/opt/hostedtoolcache/Python/3.11.10/x64/lib/python3.11/site-packages/selenium/webdriver/remote/webdriver.py\", line 344, in execute\n    self.error_handler.check_response(response)\n  File \"/opt/hostedtoolcache/Python/3.11.10/x64/lib/python3.11/site-packages/selenium/webdriver/remote/errorhandler.py\", line 229, in check_response\n    raise exception_class(message, screen, stacktrace)\n","steps":[{"name":"Check Email field is clickable","time":{"start":1732069847460,"stop":1732069847489,"duration":29},"status":"passed","steps":[{"name":"Find clickable elements","time":{"start":1732069847460,"stop":1732069847489,"duration":29},"status":"passed","steps":[],"attachments":[],"parameters":[{"name":"locator","value":"('css selector', '#email')"},{"name":"timeout","value":"5"}],"shouldDisplayMessage":false,"stepsCount":0,"attachmentsCount":0,"hasContent":true,"attachmentStep":false}],"attachments":[],"parameters":[],"shouldDisplayMessage":false,"stepsCount":1,"attachmentsCount":0,"hasContent":true,"attachmentStep":false},{"name":"Fill in a field","time":{"start":1732069847489,"stop":1732069848593,"duration":1104},"status":"broken","statusMessage":"selenium.common.exceptions.ElementClickInterceptedException: Message: element click intercepted: Element <input name=\"login[username]\" value=\"\" autocomplete=\"off\" id=\"email\" type=\"email\" class=\"input-text\" title=\"Email\" data-validate=\"{required:true, 'validate-email':true}\" aria-required=\"true\"> is not clickable at point (560, 767). Other element would receive the click: <iframe id=\"aswift_3\" name=\"aswift_3\" browsingtopics=\"true\" style=\"width: 1005px !important; height: 124px !important; display: block; margin: 0px auto;\" sandbox=\"allow-forms allow-popups allow-popups-to-escape-sandbox allow-same-origin allow-scripts allow-top-navigation-by-user-activation\" width=\"1005\" height=\"124\" frameborder=\"0\" marginwidth=\"0\" marginheight=\"0\" vspace=\"0\" hspace=\"0\" allowtransparency=\"true\" scrolling=\"no\" allow=\"attribution-reporting; run-ad-auction\" src=\"https://googleads.g.doubleclick.net/pagead/html/r20241118/r20190131/zrt_lookup_fy2021.html#RS-0-&amp;adk=1812271801&amp;client=ca-pub-7399332034053978&amp;fa=1&amp;ifi=4&amp;uci=a!4&amp;btvi=2\" data-google-container-id=\"a!4\" tabindex=\"0\" title=\"Advertisement\" aria-label=\"Advertisement\" data-google-query-id=\"CKygjf_u6YkDFXXX9QIdjq0A1g\" data-load-complete=\"true\"></iframe>\n  (Session info: chrome=131.0.6778.69)\nStacktrace:\n#0 0x5576b32da4ca <unknown>\n#1 0x5576b2ded620 <unknown>\n#2 0x5576b2e42ff6 <unknown>\n#3 0x5576b2e40f66 <unknown>\n#4 0x5576b2e3e685 <unknown>\n#5 0x5576b2e3d848 <unknown>\n#6 0x5576b2e30ff5 <unknown>\n#7 0x5576b2e60372 <unknown>\n#8 0x5576b2e30938 <unknown>\n#9 0x5576b2e6053e <unknown>\n#10 0x5576b2e7ede0 <unknown>\n#11 0x5576b2e60113 <unknown>\n#12 0x5576b2e2ebe0 <unknown>\n#13 0x5576b2e2fbbe <unknown>\n#14 0x5576b32a6e4b <unknown>\n#15 0x5576b32aade2 <unknown>\n#16 0x5576b3293d2c <unknown>\n#17 0x5576b32ab957 <unknown>\n#18 0x5576b32794bf <unknown>\n#19 0x5576b32c9348 <unknown>\n#20 0x5576b32c9510 <unknown>\n#21 0x5576b32d9346 <unknown>\n#22 0x7fd3d3e94ac3 <unknown>\n\n","statusTrace":"  File \"/opt/hostedtoolcache/Python/3.11.10/x64/lib/python3.11/site-packages/allure_commons/_allure.py\", line 192, in impl\n    return func(*a, **kw)\n           ^^^^^^^^^^^^^^\n  File \"/home/runner/work/luma_project/luma_project/pages/base_page.py\", line 319, in fill_in_field\n    input_field.click()\n  File \"/opt/hostedtoolcache/Python/3.11.10/x64/lib/python3.11/site-packages/selenium/webdriver/remote/webelement.py\", line 93, in click\n    self._execute(Command.CLICK_ELEMENT)\n  File \"/opt/hostedtoolcache/Python/3.11.10/x64/lib/python3.11/site-packages/selenium/webdriver/remote/webelement.py\", line 394, in _execute\n    return self._parent.execute(command, params)\n           ^^^^^^^^^^^^^^^^^^^^^^^^^^^^^^^^^^^^^\n  File \"/opt/hostedtoolcache/Python/3.11.10/x64/lib/python3.11/site-packages/selenium/webdriver/remote/webdriver.py\", line 344, in execute\n    self.error_handler.check_response(response)\n  File \"/opt/hostedtoolcache/Python/3.11.10/x64/lib/python3.11/site-packages/selenium/webdriver/remote/errorhandler.py\", line 229, in check_response\n    raise exception_class(message, screen, stacktrace)\n","steps":[{"name":"Find clickable elements","time":{"start":1732069847489,"stop":1732069847504,"duration":15},"status":"passed","steps":[],"attachments":[],"parameters":[{"name":"locator","value":"<selenium.webdriver.remote.webelement.WebElement (session=\"1f87221f927130430ace0caabaa703f9\", element=\"f.D45498C12A77E4875485B9BC0190490E.d.8C44D358AE12C8E630EB6A9BB6C37434.e.3\")>"},{"name":"timeout","value":"5"}],"shouldDisplayMessage":false,"stepsCount":0,"attachmentsCount":0,"hasContent":true,"attachmentStep":false}],"attachments":[],"parameters":[{"name":"locator","value":"<selenium.webdriver.remote.webelement.WebElement (session=\"1f87221f927130430ace0caabaa703f9\", element=\"f.D45498C12A77E4875485B9BC0190490E.d.8C44D358AE12C8E630EB6A9BB6C37434.e.3\")>"},{"name":"value","value":"'teston120@mailinator.com'"}],"shouldDisplayMessage":true,"stepsCount":1,"attachmentsCount":0,"hasContent":true,"attachmentStep":false}],"attachments":[],"parameters":[{"name":"email","value":"'teston120@mailinator.com'"}],"shouldDisplayMessage":false,"stepsCount":4,"attachmentsCount":0,"hasContent":true,"attachmentStep":false}],"attachments":[{"uid":"76415a7ddc362a5f","name":"Screenshot","source":"76415a7ddc362a5f.png","type":"image/png","size":373837},{"uid":"21c0d5418254a531","name":"HTML source","source":"21c0d5418254a531.html","type":"text/html","size":212656}],"parameters":[],"shouldDisplayMessage":true,"stepsCount":6,"attachmentsCount":2,"hasContent":true,"attachmentStep":false},"afterStages":[{"name":"driver::0","time":{"start":1732069848746,"stop":1732069848820,"duration":74},"status":"passed","steps":[],"attachments":[],"parameters":[],"shouldDisplayMessage":false,"stepsCount":0,"attachmentsCount":0,"hasContent":false,"attachmentStep":false},{"name":"clear_allure_result_folder::0","time":{"start":1732069950879,"stop":1732069950879,"duration":0},"status":"passed","steps":[],"attachments":[],"parameters":[],"shouldDisplayMessage":false,"stepsCount":0,"attachmentsCount":0,"hasContent":false,"attachmentStep":false}],"labels":[{"name":"feature","value":"Failed Login Functionality"},{"name":"parentSuite","value":"tests"},{"name":"suite","value":"test_sign_in"},{"name":"subSuite","value":"TestFailedLogin"},{"name":"host","value":"fv-az1020-329"},{"name":"thread","value":"2856-MainThread"},{"name":"framework","value":"pytest"},{"name":"language","value":"cpython3"},{"name":"package","value":"tests.test_sign_in"},{"name":"resultFormat","value":"allure2"}],"parameters":[{"name":"email","value":"'teston120@mailinator.com'"},{"name":"password","value":"'Test#12p@ssword '"}],"links":[],"hidden":false,"retry":false,"extra":{"severity":"normal","retries":[],"categories":[{"name":"Test defects","matchedStatuses":[],"flaky":false}],"history":{"statistic":{"failed":0,"broken":3,"skipped":0,"passed":1,"unknown":0,"total":4},"items":[{"uid":"b99c68f0071309ee","reportUrl":"https://verafes.github.io/luma_project/499//#testresult/b99c68f0071309ee","status":"broken","statusDetails":"selenium.common.exceptions.ElementClickInterceptedException: Message: element click intercepted: Element <input name=\"login[password]\" type=\"password\" autocomplete=\"off\" class=\"input-text\" id=\"pass\" title=\"Password\" data-validate=\"{required:true}\" aria-required=\"true\"> is not clickable at point (560, 845). Other element would receive the click: <iframe id=\"aswift_3\" name=\"aswift_3\" browsingtopics=\"true\" style=\"width: 1005px !important; height: 124px !important; display: block; margin: 0px auto;\" sandbox=\"allow-forms allow-popups allow-popups-to-escape-sandbox allow-same-origin allow-scripts allow-top-navigation-by-user-activation\" width=\"1005\" height=\"124\" frameborder=\"0\" marginwidth=\"0\" marginheight=\"0\" vspace=\"0\" hspace=\"0\" allowtransparency=\"true\" scrolling=\"no\" allow=\"attribution-reporting; run-ad-auction\" src=\"https://googleads.g.doubleclick.net/pagead/html/r20241114/r20190131/zrt_lookup_fy2021.html#RS-0-&amp;adk=1812271801&amp;client=ca-pub-7399332034053978&amp;fa=1&amp;ifi=4&amp;uci=a!4&amp;btvi=2\" data-google-container-id=\"a!4\" tabindex=\"0\" title=\"Advertisement\" aria-label=\"Advertisement\" data-google-query-id=\"CNGCg5uu54kDFRybjggdXdMK8g\" data-load-complete=\"true\"></iframe>\n  (Session info: chrome=131.0.6778.69)\nStacktrace:\n#0 0x55ffae79f4ca <unknown>\n#1 0x55ffae2b2620 <unknown>\n#2 0x55ffae307ff6 <unknown>\n#3 0x55ffae305f66 <unknown>\n#4 0x55ffae303685 <unknown>\n#5 0x55ffae302848 <unknown>\n#6 0x55ffae2f5ff5 <unknown>\n#7 0x55ffae325372 <unknown>\n#8 0x55ffae2f5938 <unknown>\n#9 0x55ffae32553e <unknown>\n#10 0x55ffae343de0 <unknown>\n#11 0x55ffae325113 <unknown>\n#12 0x55ffae2f3be0 <unknown>\n#13 0x55ffae2f4bbe <unknown>\n#14 0x55ffae76be4b <unknown>\n#15 0x55ffae76fde2 <unknown>\n#16 0x55ffae758d2c <unknown>\n#17 0x55ffae770957 <unknown>\n#18 0x55ffae73e4bf <unknown>\n#19 0x55ffae78e348 <unknown>\n#20 0x55ffae78e510 <unknown>\n#21 0x55ffae79e346 <unknown>\n#22 0x7fc3daa94ac3 <unknown>","time":{"start":1731983735947,"stop":1731983738864,"duration":2917}},{"uid":"2e16ed4ddae1e5c8","reportUrl":"https://verafes.github.io/luma_project/498//#testresult/2e16ed4ddae1e5c8","status":"broken","statusDetails":"selenium.common.exceptions.ElementClickInterceptedException: Message: element click intercepted: Element <input name=\"login[password]\" type=\"password\" autocomplete=\"off\" class=\"input-text\" id=\"pass\" title=\"Password\" data-validate=\"{required:true}\" aria-required=\"true\"> is not clickable at point (560, 845). Other element would receive the click: <div id=\"aswift_3_host\" style=\"border: none !important; height: 50px !important; width: 100% !important; margin: 0px !important; padding: 0px !important; position: relative !important; visibility: visible !important; background-color: transparent !important; display: inline-block !important; inset: auto !important; clear: none !important; float: none !important; max-height: none !important; max-width: none !important; opacity: 1 !important; overflow: visible !important; vertical-align: baseline !important; z-index: auto !important;\">...</div>\n  (Session info: chrome=131.0.6778.69)\nStacktrace:\n#0 0x55acf54234ca <unknown>\n#1 0x55acf4f36620 <unknown>\n#2 0x55acf4f8bff6 <unknown>\n#3 0x55acf4f89f66 <unknown>\n#4 0x55acf4f87685 <unknown>\n#5 0x55acf4f86848 <unknown>\n#6 0x55acf4f79ff5 <unknown>\n#7 0x55acf4fa9372 <unknown>\n#8 0x55acf4f79938 <unknown>\n#9 0x55acf4fa953e <unknown>\n#10 0x55acf4fc7de0 <unknown>\n#11 0x55acf4fa9113 <unknown>\n#12 0x55acf4f77be0 <unknown>\n#13 0x55acf4f78bbe <unknown>\n#14 0x55acf53efe4b <unknown>\n#15 0x55acf53f3de2 <unknown>\n#16 0x55acf53dcd2c <unknown>\n#17 0x55acf53f4957 <unknown>\n#18 0x55acf53c24bf <unknown>\n#19 0x55acf5412348 <unknown>\n#20 0x55acf5412510 <unknown>\n#21 0x55acf5422346 <unknown>\n#22 0x7f1126894ac3 <unknown>","time":{"start":1731897225898,"stop":1731897229230,"duration":3332}},{"uid":"f53bfd5bc11bef55","reportUrl":"https://verafes.github.io/luma_project/497//#testresult/f53bfd5bc11bef55","status":"passed","time":{"start":1731809635086,"stop":1731809639818,"duration":4732}}]},"tags":[]},"source":"f11a0db1dc72e359.json","parameterValues":["'teston120@mailinator.com'","'Test#12p@ssword '"]}