{"uid":"116c1887aeec1eb2","name":"TC 13.01.38 - Check the display of the title in block 5 'home-eco' in the Promo Block","fullName":"tests.test_main_page.TestPromoBlock#test_tc_13_01_38_check_info_block_title_in_section2_block5","historyId":"0e89ae00c39dc75b9c98caa91b99bd78","time":{"start":1734487058733,"stop":1734487059974,"duration":1241},"description":"This test checks if the info block title in section 2 block 5 'home-eco' is correct\n            in the Promo Block under header on the main page","descriptionHtml":"<p>This test checks if the info block title in section 2 block 5 'home-eco' is correct<br />\nin the Promo Block under header on the main page</p>\n","status":"broken","statusMessage":"selenium.common.exceptions.NoSuchElementException: Message: no such element: Unable to locate element: {\"method\":\"css selector\",\"selector\":\".home-eco .content .title\"}\n  (Session info: chrome=131.0.6778.108); For documentation on this error, please visit: https://www.selenium.dev/documentation/webdriver/troubleshooting/errors#no-such-element-exception\nStacktrace:\n#0 0x55f43f9d834a <unknown>\n#1 0x55f43f4ee6e0 <unknown>\n#2 0x55f43f53d3e6 <unknown>\n#3 0x55f43f53d681 <unknown>\n#4 0x55f43f582b04 <unknown>\n#5 0x55f43f56148d <unknown>\n#6 0x55f43f57fed7 <unknown>\n#7 0x55f43f561203 <unknown>\n#8 0x55f43f52fcc0 <unknown>\n#9 0x55f43f530c9e <unknown>\n#10 0x55f43f9a5d3b <unknown>\n#11 0x55f43f9a9cc2 <unknown>\n#12 0x55f43f992b6c <unknown>\n#13 0x55f43f9aa837 <unknown>\n#14 0x55f43f97810f <unknown>\n#15 0x55f43f9c75a8 <unknown>\n#16 0x55f43f9c7770 <unknown>\n#17 0x55f43f9d71c6 <unknown>\n#18 0x7faacf09ca94 <unknown>\n#19 0x7faacf129c3c <unknown>","statusTrace":"self = <test_main_page.TestMainPage.TestPromoBlock object at 0x7fd1f8c77c90>\ndriver = <selenium.webdriver.chrome.webdriver.WebDriver (session=\"1c8a4a848762e8da0595d54c0761b66c\")>\n\n    @allure.title(\"TC 13.01.38 - Check the display of the title in block 5 'home-eco' in the Promo Block\")\n    def test_tc_13_01_38_check_info_block_title_in_section2_block5(self, driver):\n        \"\"\"This test checks if the info block title in section 2 block 5 'home-eco' is correct\n        in the Promo Block under header on the main page\"\"\"\n        page = PromoBlock(driver, MAIN_PAGE_URL)\n        page.open()\n>       actual_text = page.check_info_block_title_in_section2_block5()\n\ntests/test_main_page.py:523: \n_ _ _ _ _ _ _ _ _ _ _ _ _ _ _ _ _ _ _ _ _ _ _ _ _ _ _ _ _ _ _ _ _ _ _ _ _ _ _ _ \npages/main_page.py:268: in check_info_block_title_in_section2_block5\n    info_block_title = self.find_element(self.locators.SECTION_2_BLOCK_5_INFO_BLOCK_TITLE).text\npages/base_page.py:201: in find_element\n    return self.driver.find_element(*locator)\n/opt/hostedtoolcache/Python/3.11.11/x64/lib/python3.11/site-packages/selenium/webdriver/remote/webdriver.py:738: in find_element\n    return self.execute(Command.FIND_ELEMENT, {\"using\": by, \"value\": value})[\"value\"]\n/opt/hostedtoolcache/Python/3.11.11/x64/lib/python3.11/site-packages/selenium/webdriver/remote/webdriver.py:344: in execute\n    self.error_handler.check_response(response)\n_ _ _ _ _ _ _ _ _ _ _ _ _ _ _ _ _ _ _ _ _ _ _ _ _ _ _ _ _ _ _ _ _ _ _ _ _ _ _ _ \n\nself = <selenium.webdriver.remote.errorhandler.ErrorHandler object at 0x7fd1f86fb8d0>\nresponse = {'status': 404, 'value': '{\"value\":{\"error\":\"no such element\",\"message\":\"no such element: Unable to locate element: {\\...\\\\n#17 0x55f43f9d71c6 \\\\u003Cunknown>\\\\n#18 0x7faacf09ca94 \\\\u003Cunknown>\\\\n#19 0x7faacf129c3c \\\\u003Cunknown>\\\\n\"}}'}\n\n    def check_response(self, response: Dict[str, Any]) -> None:\n        \"\"\"Checks that a JSON response from the WebDriver does not have an\n        error.\n    \n        :Args:\n         - response - The JSON response from the WebDriver server as a dictionary\n           object.\n    \n        :Raises: If the response contains an error message.\n        \"\"\"\n        status = response.get(\"status\", None)\n        if not status or status == ErrorCode.SUCCESS:\n            return\n        value = None\n        message = response.get(\"message\", \"\")\n        screen: str = response.get(\"screen\", \"\")\n        stacktrace = None\n        if isinstance(status, int):\n            value_json = response.get(\"value\", None)\n            if value_json and isinstance(value_json, str):\n                import json\n    \n                try:\n                    value = json.loads(value_json)\n                    if len(value) == 1:\n                        value = value[\"value\"]\n                    status = value.get(\"error\", None)\n                    if not status:\n                        status = value.get(\"status\", ErrorCode.UNKNOWN_ERROR)\n                        message = value.get(\"value\") or value.get(\"message\")\n                        if not isinstance(message, str):\n                            value = message\n                            message = message.get(\"message\")\n                    else:\n                        message = value.get(\"message\", None)\n                except ValueError:\n                    pass\n    \n        exception_class: Type[WebDriverException]\n        e = ErrorCode()\n        error_codes = [item for item in dir(e) if not item.startswith(\"__\")]\n        for error_code in error_codes:\n            error_info = getattr(ErrorCode, error_code)\n            if isinstance(error_info, list) and status in error_info:\n                exception_class = getattr(ExceptionMapping, error_code, WebDriverException)\n                break\n        else:\n            exception_class = WebDriverException\n    \n        if not value:\n            value = response[\"value\"]\n        if isinstance(value, str):\n            raise exception_class(value)\n        if message == \"\" and \"message\" in value:\n            message = value[\"message\"]\n    \n        screen = None  # type: ignore[assignment]\n        if \"screen\" in value:\n            screen = value[\"screen\"]\n    \n        stacktrace = None\n        st_value = value.get(\"stackTrace\") or value.get(\"stacktrace\")\n        if st_value:\n            if isinstance(st_value, str):\n                stacktrace = st_value.split(\"\\n\")\n            else:\n                stacktrace = []\n                try:\n                    for frame in st_value:\n                        line = frame.get(\"lineNumber\", \"\")\n                        file = frame.get(\"fileName\", \"<anonymous>\")\n                        if line:\n                            file = f\"{file}:{line}\"\n                        meth = frame.get(\"methodName\", \"<anonymous>\")\n                        if \"className\" in frame:\n                            meth = f\"{frame['className']}.{meth}\"\n                        msg = \"    at %s (%s)\"\n                        msg = msg % (meth, file)\n                        stacktrace.append(msg)\n                except TypeError:\n                    pass\n        if exception_class == UnexpectedAlertPresentException:\n            alert_text = None\n            if \"data\" in value:\n                alert_text = value[\"data\"].get(\"text\")\n            elif \"alert\" in value:\n                alert_text = value[\"alert\"].get(\"text\")\n            raise exception_class(message, screen, stacktrace, alert_text)  # type: ignore[call-arg]  # mypy is not smart enough here\n>       raise exception_class(message, screen, stacktrace)\nE       selenium.common.exceptions.NoSuchElementException: Message: no such element: Unable to locate element: {\"method\":\"css selector\",\"selector\":\".home-eco .content .title\"}\nE         (Session info: chrome=131.0.6778.108); For documentation on this error, please visit: https://www.selenium.dev/documentation/webdriver/troubleshooting/errors#no-such-element-exception\nE       Stacktrace:\nE       #0 0x55f43f9d834a <unknown>\nE       #1 0x55f43f4ee6e0 <unknown>\nE       #2 0x55f43f53d3e6 <unknown>\nE       #3 0x55f43f53d681 <unknown>\nE       #4 0x55f43f582b04 <unknown>\nE       #5 0x55f43f56148d <unknown>\nE       #6 0x55f43f57fed7 <unknown>\nE       #7 0x55f43f561203 <unknown>\nE       #8 0x55f43f52fcc0 <unknown>\nE       #9 0x55f43f530c9e <unknown>\nE       #10 0x55f43f9a5d3b <unknown>\nE       #11 0x55f43f9a9cc2 <unknown>\nE       #12 0x55f43f992b6c <unknown>\nE       #13 0x55f43f9aa837 <unknown>\nE       #14 0x55f43f97810f <unknown>\nE       #15 0x55f43f9c75a8 <unknown>\nE       #16 0x55f43f9c7770 <unknown>\nE       #17 0x55f43f9d71c6 <unknown>\nE       #18 0x7faacf09ca94 <unknown>\nE       #19 0x7faacf129c3c <unknown>\n\n/opt/hostedtoolcache/Python/3.11.11/x64/lib/python3.11/site-packages/selenium/webdriver/remote/errorhandler.py:229: NoSuchElementException","flaky":false,"newFailed":false,"newBroken":false,"newPassed":false,"retriesCount":0,"retriesStatusChange":false,"beforeStages":[{"name":"_session_faker","time":{"start":1734486178668,"stop":1734486178728,"duration":60},"status":"passed","steps":[],"attachments":[],"parameters":[],"shouldDisplayMessage":false,"stepsCount":0,"attachmentsCount":0,"hasContent":false,"attachmentStep":false},{"name":"clear_allure_result_folder","time":{"start":1734486178728,"stop":1734486178729,"duration":1},"status":"passed","steps":[],"attachments":[],"parameters":[],"shouldDisplayMessage":false,"stepsCount":0,"attachmentsCount":0,"hasContent":false,"attachmentStep":false},{"name":"driver","time":{"start":1734487057534,"stop":1734487058733,"duration":1199},"status":"passed","steps":[],"attachments":[],"parameters":[],"shouldDisplayMessage":false,"stepsCount":0,"attachmentsCount":0,"hasContent":false,"attachmentStep":false}],"testStage":{"description":"This test checks if the info block title in section 2 block 5 'home-eco' is correct\n            in the Promo Block under header on the main page","status":"broken","statusMessage":"selenium.common.exceptions.NoSuchElementException: Message: no such element: Unable to locate element: {\"method\":\"css selector\",\"selector\":\".home-eco .content .title\"}\n  (Session info: chrome=131.0.6778.108); For documentation on this error, please visit: https://www.selenium.dev/documentation/webdriver/troubleshooting/errors#no-such-element-exception\nStacktrace:\n#0 0x55f43f9d834a <unknown>\n#1 0x55f43f4ee6e0 <unknown>\n#2 0x55f43f53d3e6 <unknown>\n#3 0x55f43f53d681 <unknown>\n#4 0x55f43f582b04 <unknown>\n#5 0x55f43f56148d <unknown>\n#6 0x55f43f57fed7 <unknown>\n#7 0x55f43f561203 <unknown>\n#8 0x55f43f52fcc0 <unknown>\n#9 0x55f43f530c9e <unknown>\n#10 0x55f43f9a5d3b <unknown>\n#11 0x55f43f9a9cc2 <unknown>\n#12 0x55f43f992b6c <unknown>\n#13 0x55f43f9aa837 <unknown>\n#14 0x55f43f97810f <unknown>\n#15 0x55f43f9c75a8 <unknown>\n#16 0x55f43f9c7770 <unknown>\n#17 0x55f43f9d71c6 <unknown>\n#18 0x7faacf09ca94 <unknown>\n#19 0x7faacf129c3c <unknown>","statusTrace":"self = <test_main_page.TestMainPage.TestPromoBlock object at 0x7fd1f8c77c90>\ndriver = <selenium.webdriver.chrome.webdriver.WebDriver (session=\"1c8a4a848762e8da0595d54c0761b66c\")>\n\n    @allure.title(\"TC 13.01.38 - Check the display of the title in block 5 'home-eco' in the Promo Block\")\n    def test_tc_13_01_38_check_info_block_title_in_section2_block5(self, driver):\n        \"\"\"This test checks if the info block title in section 2 block 5 'home-eco' is correct\n        in the Promo Block under header on the main page\"\"\"\n        page = PromoBlock(driver, MAIN_PAGE_URL)\n        page.open()\n>       actual_text = page.check_info_block_title_in_section2_block5()\n\ntests/test_main_page.py:523: \n_ _ _ _ _ _ _ _ _ _ _ _ _ _ _ _ _ _ _ _ _ _ _ _ _ _ _ _ _ _ _ _ _ _ _ _ _ _ _ _ \npages/main_page.py:268: in check_info_block_title_in_section2_block5\n    info_block_title = self.find_element(self.locators.SECTION_2_BLOCK_5_INFO_BLOCK_TITLE).text\npages/base_page.py:201: in find_element\n    return self.driver.find_element(*locator)\n/opt/hostedtoolcache/Python/3.11.11/x64/lib/python3.11/site-packages/selenium/webdriver/remote/webdriver.py:738: in find_element\n    return self.execute(Command.FIND_ELEMENT, {\"using\": by, \"value\": value})[\"value\"]\n/opt/hostedtoolcache/Python/3.11.11/x64/lib/python3.11/site-packages/selenium/webdriver/remote/webdriver.py:344: in execute\n    self.error_handler.check_response(response)\n_ _ _ _ _ _ _ _ _ _ _ _ _ _ _ _ _ _ _ _ _ _ _ _ _ _ _ _ _ _ _ _ _ _ _ _ _ _ _ _ \n\nself = <selenium.webdriver.remote.errorhandler.ErrorHandler object at 0x7fd1f86fb8d0>\nresponse = {'status': 404, 'value': '{\"value\":{\"error\":\"no such element\",\"message\":\"no such element: Unable to locate element: {\\...\\\\n#17 0x55f43f9d71c6 \\\\u003Cunknown>\\\\n#18 0x7faacf09ca94 \\\\u003Cunknown>\\\\n#19 0x7faacf129c3c \\\\u003Cunknown>\\\\n\"}}'}\n\n    def check_response(self, response: Dict[str, Any]) -> None:\n        \"\"\"Checks that a JSON response from the WebDriver does not have an\n        error.\n    \n        :Args:\n         - response - The JSON response from the WebDriver server as a dictionary\n           object.\n    \n        :Raises: If the response contains an error message.\n        \"\"\"\n        status = response.get(\"status\", None)\n        if not status or status == ErrorCode.SUCCESS:\n            return\n        value = None\n        message = response.get(\"message\", \"\")\n        screen: str = response.get(\"screen\", \"\")\n        stacktrace = None\n        if isinstance(status, int):\n            value_json = response.get(\"value\", None)\n            if value_json and isinstance(value_json, str):\n                import json\n    \n                try:\n                    value = json.loads(value_json)\n                    if len(value) == 1:\n                        value = value[\"value\"]\n                    status = value.get(\"error\", None)\n                    if not status:\n                        status = value.get(\"status\", ErrorCode.UNKNOWN_ERROR)\n                        message = value.get(\"value\") or value.get(\"message\")\n                        if not isinstance(message, str):\n                            value = message\n                            message = message.get(\"message\")\n                    else:\n                        message = value.get(\"message\", None)\n                except ValueError:\n                    pass\n    \n        exception_class: Type[WebDriverException]\n        e = ErrorCode()\n        error_codes = [item for item in dir(e) if not item.startswith(\"__\")]\n        for error_code in error_codes:\n            error_info = getattr(ErrorCode, error_code)\n            if isinstance(error_info, list) and status in error_info:\n                exception_class = getattr(ExceptionMapping, error_code, WebDriverException)\n                break\n        else:\n            exception_class = WebDriverException\n    \n        if not value:\n            value = response[\"value\"]\n        if isinstance(value, str):\n            raise exception_class(value)\n        if message == \"\" and \"message\" in value:\n            message = value[\"message\"]\n    \n        screen = None  # type: ignore[assignment]\n        if \"screen\" in value:\n            screen = value[\"screen\"]\n    \n        stacktrace = None\n        st_value = value.get(\"stackTrace\") or value.get(\"stacktrace\")\n        if st_value:\n            if isinstance(st_value, str):\n                stacktrace = st_value.split(\"\\n\")\n            else:\n                stacktrace = []\n                try:\n                    for frame in st_value:\n                        line = frame.get(\"lineNumber\", \"\")\n                        file = frame.get(\"fileName\", \"<anonymous>\")\n                        if line:\n                            file = f\"{file}:{line}\"\n                        meth = frame.get(\"methodName\", \"<anonymous>\")\n                        if \"className\" in frame:\n                            meth = f\"{frame['className']}.{meth}\"\n                        msg = \"    at %s (%s)\"\n                        msg = msg % (meth, file)\n                        stacktrace.append(msg)\n                except TypeError:\n                    pass\n        if exception_class == UnexpectedAlertPresentException:\n            alert_text = None\n            if \"data\" in value:\n                alert_text = value[\"data\"].get(\"text\")\n            elif \"alert\" in value:\n                alert_text = value[\"alert\"].get(\"text\")\n            raise exception_class(message, screen, stacktrace, alert_text)  # type: ignore[call-arg]  # mypy is not smart enough here\n>       raise exception_class(message, screen, stacktrace)\nE       selenium.common.exceptions.NoSuchElementException: Message: no such element: Unable to locate element: {\"method\":\"css selector\",\"selector\":\".home-eco .content .title\"}\nE         (Session info: chrome=131.0.6778.108); For documentation on this error, please visit: https://www.selenium.dev/documentation/webdriver/troubleshooting/errors#no-such-element-exception\nE       Stacktrace:\nE       #0 0x55f43f9d834a <unknown>\nE       #1 0x55f43f4ee6e0 <unknown>\nE       #2 0x55f43f53d3e6 <unknown>\nE       #3 0x55f43f53d681 <unknown>\nE       #4 0x55f43f582b04 <unknown>\nE       #5 0x55f43f56148d <unknown>\nE       #6 0x55f43f57fed7 <unknown>\nE       #7 0x55f43f561203 <unknown>\nE       #8 0x55f43f52fcc0 <unknown>\nE       #9 0x55f43f530c9e <unknown>\nE       #10 0x55f43f9a5d3b <unknown>\nE       #11 0x55f43f9a9cc2 <unknown>\nE       #12 0x55f43f992b6c <unknown>\nE       #13 0x55f43f9aa837 <unknown>\nE       #14 0x55f43f97810f <unknown>\nE       #15 0x55f43f9c75a8 <unknown>\nE       #16 0x55f43f9c7770 <unknown>\nE       #17 0x55f43f9d71c6 <unknown>\nE       #18 0x7faacf09ca94 <unknown>\nE       #19 0x7faacf129c3c <unknown>\n\n/opt/hostedtoolcache/Python/3.11.11/x64/lib/python3.11/site-packages/selenium/webdriver/remote/errorhandler.py:229: NoSuchElementException","steps":[{"name":"Open a browser","time":{"start":1734487058733,"stop":1734487059955,"duration":1222},"status":"passed","steps":[],"attachments":[],"parameters":[],"shouldDisplayMessage":false,"stepsCount":0,"attachmentsCount":0,"hasContent":false,"attachmentStep":false},{"name":"Check the title of info block in section 2 block 5 'home-eco' in the Promo Block is correct","time":{"start":1734487059955,"stop":1734487059973,"duration":18},"status":"broken","statusMessage":"selenium.common.exceptions.NoSuchElementException: Message: no such element: Unable to locate element: {\"method\":\"css selector\",\"selector\":\".home-eco .content .title\"}\n  (Session info: chrome=131.0.6778.108); For documentation on this error, please visit: https://www.selenium.dev/documentation/webdriver/troubleshooting/errors#no-such-element-exception\nStacktrace:\n#0 0x55f43f9d834a <unknown>\n#1 0x55f43f4ee6e0 <unknown>\n#2 0x55f43f53d3e6 <unknown>\n#3 0x55f43f53d681 <unknown>\n#4 0x55f43f582b04 <unknown>\n#5 0x55f43f56148d <unknown>\n#6 0x55f43f57fed7 <unknown>\n#7 0x55f43f561203 <unknown>\n#8 0x55f43f52fcc0 <unknown>\n#9 0x55f43f530c9e <unknown>\n#10 0x55f43f9a5d3b <unknown>\n#11 0x55f43f9a9cc2 <unknown>\n#12 0x55f43f992b6c <unknown>\n#13 0x55f43f9aa837 <unknown>\n#14 0x55f43f97810f <unknown>\n#15 0x55f43f9c75a8 <unknown>\n#16 0x55f43f9c7770 <unknown>\n#17 0x55f43f9d71c6 <unknown>\n#18 0x7faacf09ca94 <unknown>\n#19 0x7faacf129c3c <unknown>\n\n","statusTrace":"  File \"/opt/hostedtoolcache/Python/3.11.11/x64/lib/python3.11/site-packages/allure_commons/_allure.py\", line 192, in impl\n    return func(*a, **kw)\n           ^^^^^^^^^^^^^^\n  File \"/home/runner/work/luma_project/luma_project/pages/main_page.py\", line 268, in check_info_block_title_in_section2_block5\n    info_block_title = self.find_element(self.locators.SECTION_2_BLOCK_5_INFO_BLOCK_TITLE).text\n                       ^^^^^^^^^^^^^^^^^^^^^^^^^^^^^^^^^^^^^^^^^^^^^^^^^^^^^^^^^^^^^^^^^^^\n  File \"/opt/hostedtoolcache/Python/3.11.11/x64/lib/python3.11/site-packages/allure_commons/_allure.py\", line 192, in impl\n    return func(*a, **kw)\n           ^^^^^^^^^^^^^^\n  File \"/home/runner/work/luma_project/luma_project/pages/base_page.py\", line 201, in find_element\n    return self.driver.find_element(*locator)\n           ^^^^^^^^^^^^^^^^^^^^^^^^^^^^^^^^^^\n  File \"/opt/hostedtoolcache/Python/3.11.11/x64/lib/python3.11/site-packages/selenium/webdriver/remote/webdriver.py\", line 738, in find_element\n    return self.execute(Command.FIND_ELEMENT, {\"using\": by, \"value\": value})[\"value\"]\n           ^^^^^^^^^^^^^^^^^^^^^^^^^^^^^^^^^^^^^^^^^^^^^^^^^^^^^^^^^^^^^^^^^\n  File \"/opt/hostedtoolcache/Python/3.11.11/x64/lib/python3.11/site-packages/selenium/webdriver/remote/webdriver.py\", line 344, in execute\n    self.error_handler.check_response(response)\n  File \"/opt/hostedtoolcache/Python/3.11.11/x64/lib/python3.11/site-packages/selenium/webdriver/remote/errorhandler.py\", line 229, in check_response\n    raise exception_class(message, screen, stacktrace)\n","steps":[{"name":"Find element (unpacking)","time":{"start":1734487059955,"stop":1734487059973,"duration":18},"status":"broken","statusMessage":"selenium.common.exceptions.NoSuchElementException: Message: no such element: Unable to locate element: {\"method\":\"css selector\",\"selector\":\".home-eco .content .title\"}\n  (Session info: chrome=131.0.6778.108); For documentation on this error, please visit: https://www.selenium.dev/documentation/webdriver/troubleshooting/errors#no-such-element-exception\nStacktrace:\n#0 0x55f43f9d834a <unknown>\n#1 0x55f43f4ee6e0 <unknown>\n#2 0x55f43f53d3e6 <unknown>\n#3 0x55f43f53d681 <unknown>\n#4 0x55f43f582b04 <unknown>\n#5 0x55f43f56148d <unknown>\n#6 0x55f43f57fed7 <unknown>\n#7 0x55f43f561203 <unknown>\n#8 0x55f43f52fcc0 <unknown>\n#9 0x55f43f530c9e <unknown>\n#10 0x55f43f9a5d3b <unknown>\n#11 0x55f43f9a9cc2 <unknown>\n#12 0x55f43f992b6c <unknown>\n#13 0x55f43f9aa837 <unknown>\n#14 0x55f43f97810f <unknown>\n#15 0x55f43f9c75a8 <unknown>\n#16 0x55f43f9c7770 <unknown>\n#17 0x55f43f9d71c6 <unknown>\n#18 0x7faacf09ca94 <unknown>\n#19 0x7faacf129c3c <unknown>\n\n","statusTrace":"  File \"/opt/hostedtoolcache/Python/3.11.11/x64/lib/python3.11/site-packages/allure_commons/_allure.py\", line 192, in impl\n    return func(*a, **kw)\n           ^^^^^^^^^^^^^^\n  File \"/home/runner/work/luma_project/luma_project/pages/base_page.py\", line 201, in find_element\n    return self.driver.find_element(*locator)\n           ^^^^^^^^^^^^^^^^^^^^^^^^^^^^^^^^^^\n  File \"/opt/hostedtoolcache/Python/3.11.11/x64/lib/python3.11/site-packages/selenium/webdriver/remote/webdriver.py\", line 738, in find_element\n    return self.execute(Command.FIND_ELEMENT, {\"using\": by, \"value\": value})[\"value\"]\n           ^^^^^^^^^^^^^^^^^^^^^^^^^^^^^^^^^^^^^^^^^^^^^^^^^^^^^^^^^^^^^^^^^\n  File \"/opt/hostedtoolcache/Python/3.11.11/x64/lib/python3.11/site-packages/selenium/webdriver/remote/webdriver.py\", line 344, in execute\n    self.error_handler.check_response(response)\n  File \"/opt/hostedtoolcache/Python/3.11.11/x64/lib/python3.11/site-packages/selenium/webdriver/remote/errorhandler.py\", line 229, in check_response\n    raise exception_class(message, screen, stacktrace)\n","steps":[],"attachments":[],"parameters":[{"name":"locator","value":"('css selector', '.home-eco .content .title')"}],"shouldDisplayMessage":true,"stepsCount":0,"attachmentsCount":0,"hasContent":true,"attachmentStep":false}],"attachments":[],"parameters":[],"shouldDisplayMessage":false,"stepsCount":1,"attachmentsCount":0,"hasContent":true,"attachmentStep":false}],"attachments":[{"uid":"24f99cbca60e9db1","name":"Screenshot","source":"24f99cbca60e9db1.png","type":"image/png","size":548028},{"uid":"3f4b30b697be605b","name":"HTML source","source":"3f4b30b697be605b.html","type":"text/html","size":136666}],"parameters":[],"shouldDisplayMessage":true,"stepsCount":3,"attachmentsCount":2,"hasContent":true,"attachmentStep":false},"afterStages":[{"name":"driver::0","time":{"start":1734487060262,"stop":1734487060334,"duration":72},"status":"passed","steps":[],"attachments":[],"parameters":[],"shouldDisplayMessage":false,"stepsCount":0,"attachmentsCount":0,"hasContent":false,"attachmentStep":false},{"name":"clear_allure_result_folder::0","time":{"start":1734487776361,"stop":1734487776361,"duration":0},"status":"passed","steps":[],"attachments":[],"parameters":[],"shouldDisplayMessage":false,"stepsCount":0,"attachmentsCount":0,"hasContent":false,"attachmentStep":false}],"labels":[{"name":"epic","value":"Main Page"},{"name":"feature","value":"Promo Block Testing"},{"name":"parentSuite","value":"tests"},{"name":"suite","value":"test_main_page"},{"name":"subSuite","value":"TestMainPage"},{"name":"host","value":"fv-az1782-166"},{"name":"thread","value":"2771-MainThread"},{"name":"framework","value":"pytest"},{"name":"language","value":"cpython3"},{"name":"package","value":"tests.test_main_page"},{"name":"resultFormat","value":"allure2"}],"parameters":[],"links":[],"hidden":false,"retry":false,"extra":{"severity":"normal","retries":[],"categories":[{"name":"Test defects","matchedStatuses":[],"flaky":false}],"history":{"statistic":{"failed":0,"broken":4,"skipped":0,"passed":0,"unknown":0,"total":4},"items":[{"uid":"a8721529e9bd4ecf","reportUrl":"https://verafes.github.io/luma_project/527//#testresult/a8721529e9bd4ecf","status":"broken","statusDetails":"selenium.common.exceptions.NoSuchElementException: Message: no such element: Unable to locate element: {\"method\":\"css selector\",\"selector\":\".home-eco .content .title\"}\n  (Session info: chrome=131.0.6778.108); For documentation on this error, please visit: https://www.selenium.dev/documentation/webdriver/troubleshooting/errors#no-such-element-exception\nStacktrace:\n#0 0x560104b6134a <unknown>\n#1 0x5601046776e0 <unknown>\n#2 0x5601046c63e6 <unknown>\n#3 0x5601046c6681 <unknown>\n#4 0x56010470bb04 <unknown>\n#5 0x5601046ea48d <unknown>\n#6 0x560104708ed7 <unknown>\n#7 0x5601046ea203 <unknown>\n#8 0x5601046b8cc0 <unknown>\n#9 0x5601046b9c9e <unknown>\n#10 0x560104b2ed3b <unknown>\n#11 0x560104b32cc2 <unknown>\n#12 0x560104b1bb6c <unknown>\n#13 0x560104b33837 <unknown>\n#14 0x560104b0110f <unknown>\n#15 0x560104b505a8 <unknown>\n#16 0x560104b50770 <unknown>\n#17 0x560104b601c6 <unknown>\n#18 0x7fdb6249ca94 <unknown>\n#19 0x7fdb62529c3c <unknown>","time":{"start":1734400709501,"stop":1734400710715,"duration":1214}},{"uid":"11bfabd822124fa2","reportUrl":"https://verafes.github.io/luma_project/526//#testresult/11bfabd822124fa2","status":"broken","statusDetails":"selenium.common.exceptions.NoSuchElementException: Message: no such element: Unable to locate element: {\"method\":\"css selector\",\"selector\":\".home-eco .content .title\"}\n  (Session info: chrome=131.0.6778.108); For documentation on this error, please visit: https://www.selenium.dev/documentation/webdriver/troubleshooting/errors#no-such-element-exception\nStacktrace:\n#0 0x5638f3a5834a <unknown>\n#1 0x5638f356e6e0 <unknown>\n#2 0x5638f35bd3e6 <unknown>\n#3 0x5638f35bd681 <unknown>\n#4 0x5638f3602b04 <unknown>\n#5 0x5638f35e148d <unknown>\n#6 0x5638f35ffed7 <unknown>\n#7 0x5638f35e1203 <unknown>\n#8 0x5638f35afcc0 <unknown>\n#9 0x5638f35b0c9e <unknown>\n#10 0x5638f3a25d3b <unknown>\n#11 0x5638f3a29cc2 <unknown>\n#12 0x5638f3a12b6c <unknown>\n#13 0x5638f3a2a837 <unknown>\n#14 0x5638f39f810f <unknown>\n#15 0x5638f3a475a8 <unknown>\n#16 0x5638f3a47770 <unknown>\n#17 0x5638f3a571c6 <unknown>\n#18 0x7f152a49ca94 <unknown>\n#19 0x7f152a529c3c <unknown>","time":{"start":1734314569562,"stop":1734314570998,"duration":1436}},{"uid":"ce844a61b37dd403","reportUrl":"https://verafes.github.io/luma_project/525//#testresult/ce844a61b37dd403","status":"broken","statusDetails":"selenium.common.exceptions.NoSuchElementException: Message: no such element: Unable to locate element: {\"method\":\"css selector\",\"selector\":\".home-eco .content .title\"}\n  (Session info: chrome=131.0.6778.139); For documentation on this error, please visit: https://www.selenium.dev/documentation/webdriver/troubleshooting/errors#no-such-element-exception\nStacktrace:\n#0 0x55b3c7a2931a <unknown>\n#1 0x55b3c753f6e0 <unknown>\n#2 0x55b3c758e3e6 <unknown>\n#3 0x55b3c758e681 <unknown>\n#4 0x55b3c75d3b04 <unknown>\n#5 0x55b3c75b248d <unknown>\n#6 0x55b3c75d0ed7 <unknown>\n#7 0x55b3c75b2203 <unknown>\n#8 0x55b3c7580cc0 <unknown>\n#9 0x55b3c7581c9e <unknown>\n#10 0x55b3c79f6d0b <unknown>\n#11 0x55b3c79fac92 <unknown>\n#12 0x55b3c79e3b3c <unknown>\n#13 0x55b3c79fb807 <unknown>\n#14 0x55b3c79c90df <unknown>\n#15 0x55b3c7a18578 <unknown>\n#16 0x55b3c7a18740 <unknown>\n#17 0x55b3c7a28196 <unknown>\n#18 0x7f4302e94ac3 <unknown>","time":{"start":1734228312935,"stop":1734228313972,"duration":1037}}]},"tags":[]},"source":"116c1887aeec1eb2.json","parameterValues":[]}