{"uid":"187bf7ab5714beec","name":"TC 13.01.40 - Check the display of the sign in block 5 'home-eco' in the Promo Block","fullName":"tests.test_main_page.TestPromoBlock#test_tc_13_01_40_check_info_block_sign_in_section2_block5","historyId":"bbadd18d65ace558f9c035e6c2c0c499","time":{"start":1734487064338,"stop":1734487065530,"duration":1192},"description":"This test checks if the sign in info block in section 2 block 5 'home-eco' is correct\n            in the Promo Block under header on the main page","descriptionHtml":"<p>This test checks if the sign in info block in section 2 block 5 'home-eco' is correct<br />\nin the Promo Block under header on the main page</p>\n","status":"broken","statusMessage":"selenium.common.exceptions.NoSuchElementException: Message: no such element: Unable to locate element: {\"method\":\"css selector\",\"selector\":\".home-eco .content .icon\"}\n  (Session info: chrome=131.0.6778.108); For documentation on this error, please visit: https://www.selenium.dev/documentation/webdriver/troubleshooting/errors#no-such-element-exception\nStacktrace:\n#0 0x55d176e4e34a <unknown>\n#1 0x55d1769646e0 <unknown>\n#2 0x55d1769b33e6 <unknown>\n#3 0x55d1769b3681 <unknown>\n#4 0x55d1769f8b04 <unknown>\n#5 0x55d1769d748d <unknown>\n#6 0x55d1769f5ed7 <unknown>\n#7 0x55d1769d7203 <unknown>\n#8 0x55d1769a5cc0 <unknown>\n#9 0x55d1769a6c9e <unknown>\n#10 0x55d176e1bd3b <unknown>\n#11 0x55d176e1fcc2 <unknown>\n#12 0x55d176e08b6c <unknown>\n#13 0x55d176e20837 <unknown>\n#14 0x55d176dee10f <unknown>\n#15 0x55d176e3d5a8 <unknown>\n#16 0x55d176e3d770 <unknown>\n#17 0x55d176e4d1c6 <unknown>\n#18 0x7f618829ca94 <unknown>\n#19 0x7f6188329c3c <unknown>","statusTrace":"self = <test_main_page.TestMainPage.TestPromoBlock object at 0x7fd1f8c75b90>\ndriver = <selenium.webdriver.chrome.webdriver.WebDriver (session=\"c7a9cfb86624260755c3f30062826be8\")>\n\n    @allure.title(\"TC 13.01.40 - Check the display of the sign in block 5 'home-eco' in the Promo Block\")\n    def test_tc_13_01_40_check_info_block_sign_in_section2_block5(self, driver):\n        \"\"\"This test checks if the sign in info block in section 2 block 5 'home-eco' is correct\n        in the Promo Block under header on the main page\"\"\"\n        page = PromoBlock(driver, MAIN_PAGE_URL)\n        page.open()\n>       actual_text = page.check_info_block_sign_in_section2_block5()\n\ntests/test_main_page.py:545: \n_ _ _ _ _ _ _ _ _ _ _ _ _ _ _ _ _ _ _ _ _ _ _ _ _ _ _ _ _ _ _ _ _ _ _ _ _ _ _ _ \npages/main_page.py:316: in check_info_block_sign_in_section2_block5\n    info_block_sign = self.find_element(self.locators.SECTION_2_BLOCK_5_INFO_BLOCK_SIGN).text\npages/base_page.py:201: in find_element\n    return self.driver.find_element(*locator)\n/opt/hostedtoolcache/Python/3.11.11/x64/lib/python3.11/site-packages/selenium/webdriver/remote/webdriver.py:738: in find_element\n    return self.execute(Command.FIND_ELEMENT, {\"using\": by, \"value\": value})[\"value\"]\n/opt/hostedtoolcache/Python/3.11.11/x64/lib/python3.11/site-packages/selenium/webdriver/remote/webdriver.py:344: in execute\n    self.error_handler.check_response(response)\n_ _ _ _ _ _ _ _ _ _ _ _ _ _ _ _ _ _ _ _ _ _ _ _ _ _ _ _ _ _ _ _ _ _ _ _ _ _ _ _ \n\nself = <selenium.webdriver.remote.errorhandler.ErrorHandler object at 0x7fd1f85635d0>\nresponse = {'status': 404, 'value': '{\"value\":{\"error\":\"no such element\",\"message\":\"no such element: Unable to locate element: {\\...\\\\n#17 0x55d176e4d1c6 \\\\u003Cunknown>\\\\n#18 0x7f618829ca94 \\\\u003Cunknown>\\\\n#19 0x7f6188329c3c \\\\u003Cunknown>\\\\n\"}}'}\n\n    def check_response(self, response: Dict[str, Any]) -> None:\n        \"\"\"Checks that a JSON response from the WebDriver does not have an\n        error.\n    \n        :Args:\n         - response - The JSON response from the WebDriver server as a dictionary\n           object.\n    \n        :Raises: If the response contains an error message.\n        \"\"\"\n        status = response.get(\"status\", None)\n        if not status or status == ErrorCode.SUCCESS:\n            return\n        value = None\n        message = response.get(\"message\", \"\")\n        screen: str = response.get(\"screen\", \"\")\n        stacktrace = None\n        if isinstance(status, int):\n            value_json = response.get(\"value\", None)\n            if value_json and isinstance(value_json, str):\n                import json\n    \n                try:\n                    value = json.loads(value_json)\n                    if len(value) == 1:\n                        value = value[\"value\"]\n                    status = value.get(\"error\", None)\n                    if not status:\n                        status = value.get(\"status\", ErrorCode.UNKNOWN_ERROR)\n                        message = value.get(\"value\") or value.get(\"message\")\n                        if not isinstance(message, str):\n                            value = message\n                            message = message.get(\"message\")\n                    else:\n                        message = value.get(\"message\", None)\n                except ValueError:\n                    pass\n    \n        exception_class: Type[WebDriverException]\n        e = ErrorCode()\n        error_codes = [item for item in dir(e) if not item.startswith(\"__\")]\n        for error_code in error_codes:\n            error_info = getattr(ErrorCode, error_code)\n            if isinstance(error_info, list) and status in error_info:\n                exception_class = getattr(ExceptionMapping, error_code, WebDriverException)\n                break\n        else:\n            exception_class = WebDriverException\n    \n        if not value:\n            value = response[\"value\"]\n        if isinstance(value, str):\n            raise exception_class(value)\n        if message == \"\" and \"message\" in value:\n            message = value[\"message\"]\n    \n        screen = None  # type: ignore[assignment]\n        if \"screen\" in value:\n            screen = value[\"screen\"]\n    \n        stacktrace = None\n        st_value = value.get(\"stackTrace\") or value.get(\"stacktrace\")\n        if st_value:\n            if isinstance(st_value, str):\n                stacktrace = st_value.split(\"\\n\")\n            else:\n                stacktrace = []\n                try:\n                    for frame in st_value:\n                        line = frame.get(\"lineNumber\", \"\")\n                        file = frame.get(\"fileName\", \"<anonymous>\")\n                        if line:\n                            file = f\"{file}:{line}\"\n                        meth = frame.get(\"methodName\", \"<anonymous>\")\n                        if \"className\" in frame:\n                            meth = f\"{frame['className']}.{meth}\"\n                        msg = \"    at %s (%s)\"\n                        msg = msg % (meth, file)\n                        stacktrace.append(msg)\n                except TypeError:\n                    pass\n        if exception_class == UnexpectedAlertPresentException:\n            alert_text = None\n            if \"data\" in value:\n                alert_text = value[\"data\"].get(\"text\")\n            elif \"alert\" in value:\n                alert_text = value[\"alert\"].get(\"text\")\n            raise exception_class(message, screen, stacktrace, alert_text)  # type: ignore[call-arg]  # mypy is not smart enough here\n>       raise exception_class(message, screen, stacktrace)\nE       selenium.common.exceptions.NoSuchElementException: Message: no such element: Unable to locate element: {\"method\":\"css selector\",\"selector\":\".home-eco .content .icon\"}\nE         (Session info: chrome=131.0.6778.108); For documentation on this error, please visit: https://www.selenium.dev/documentation/webdriver/troubleshooting/errors#no-such-element-exception\nE       Stacktrace:\nE       #0 0x55d176e4e34a <unknown>\nE       #1 0x55d1769646e0 <unknown>\nE       #2 0x55d1769b33e6 <unknown>\nE       #3 0x55d1769b3681 <unknown>\nE       #4 0x55d1769f8b04 <unknown>\nE       #5 0x55d1769d748d <unknown>\nE       #6 0x55d1769f5ed7 <unknown>\nE       #7 0x55d1769d7203 <unknown>\nE       #8 0x55d1769a5cc0 <unknown>\nE       #9 0x55d1769a6c9e <unknown>\nE       #10 0x55d176e1bd3b <unknown>\nE       #11 0x55d176e1fcc2 <unknown>\nE       #12 0x55d176e08b6c <unknown>\nE       #13 0x55d176e20837 <unknown>\nE       #14 0x55d176dee10f <unknown>\nE       #15 0x55d176e3d5a8 <unknown>\nE       #16 0x55d176e3d770 <unknown>\nE       #17 0x55d176e4d1c6 <unknown>\nE       #18 0x7f618829ca94 <unknown>\nE       #19 0x7f6188329c3c <unknown>\n\n/opt/hostedtoolcache/Python/3.11.11/x64/lib/python3.11/site-packages/selenium/webdriver/remote/errorhandler.py:229: NoSuchElementException","flaky":false,"newFailed":false,"newBroken":false,"newPassed":false,"retriesCount":0,"retriesStatusChange":false,"beforeStages":[{"name":"_session_faker","time":{"start":1734486178668,"stop":1734486178728,"duration":60},"status":"passed","steps":[],"attachments":[],"parameters":[],"shouldDisplayMessage":false,"stepsCount":0,"attachmentsCount":0,"hasContent":false,"attachmentStep":false},{"name":"clear_allure_result_folder","time":{"start":1734486178728,"stop":1734486178729,"duration":1},"status":"passed","steps":[],"attachments":[],"parameters":[],"shouldDisplayMessage":false,"stepsCount":0,"attachmentsCount":0,"hasContent":false,"attachmentStep":false},{"name":"driver","time":{"start":1734487063145,"stop":1734487064338,"duration":1193},"status":"passed","steps":[],"attachments":[],"parameters":[],"shouldDisplayMessage":false,"stepsCount":0,"attachmentsCount":0,"hasContent":false,"attachmentStep":false}],"testStage":{"description":"This test checks if the sign in info block in section 2 block 5 'home-eco' is correct\n            in the Promo Block under header on the main page","status":"broken","statusMessage":"selenium.common.exceptions.NoSuchElementException: Message: no such element: Unable to locate element: {\"method\":\"css selector\",\"selector\":\".home-eco .content .icon\"}\n  (Session info: chrome=131.0.6778.108); For documentation on this error, please visit: https://www.selenium.dev/documentation/webdriver/troubleshooting/errors#no-such-element-exception\nStacktrace:\n#0 0x55d176e4e34a <unknown>\n#1 0x55d1769646e0 <unknown>\n#2 0x55d1769b33e6 <unknown>\n#3 0x55d1769b3681 <unknown>\n#4 0x55d1769f8b04 <unknown>\n#5 0x55d1769d748d <unknown>\n#6 0x55d1769f5ed7 <unknown>\n#7 0x55d1769d7203 <unknown>\n#8 0x55d1769a5cc0 <unknown>\n#9 0x55d1769a6c9e <unknown>\n#10 0x55d176e1bd3b <unknown>\n#11 0x55d176e1fcc2 <unknown>\n#12 0x55d176e08b6c <unknown>\n#13 0x55d176e20837 <unknown>\n#14 0x55d176dee10f <unknown>\n#15 0x55d176e3d5a8 <unknown>\n#16 0x55d176e3d770 <unknown>\n#17 0x55d176e4d1c6 <unknown>\n#18 0x7f618829ca94 <unknown>\n#19 0x7f6188329c3c <unknown>","statusTrace":"self = <test_main_page.TestMainPage.TestPromoBlock object at 0x7fd1f8c75b90>\ndriver = <selenium.webdriver.chrome.webdriver.WebDriver (session=\"c7a9cfb86624260755c3f30062826be8\")>\n\n    @allure.title(\"TC 13.01.40 - Check the display of the sign in block 5 'home-eco' in the Promo Block\")\n    def test_tc_13_01_40_check_info_block_sign_in_section2_block5(self, driver):\n        \"\"\"This test checks if the sign in info block in section 2 block 5 'home-eco' is correct\n        in the Promo Block under header on the main page\"\"\"\n        page = PromoBlock(driver, MAIN_PAGE_URL)\n        page.open()\n>       actual_text = page.check_info_block_sign_in_section2_block5()\n\ntests/test_main_page.py:545: \n_ _ _ _ _ _ _ _ _ _ _ _ _ _ _ _ _ _ _ _ _ _ _ _ _ _ _ _ _ _ _ _ _ _ _ _ _ _ _ _ \npages/main_page.py:316: in check_info_block_sign_in_section2_block5\n    info_block_sign = self.find_element(self.locators.SECTION_2_BLOCK_5_INFO_BLOCK_SIGN).text\npages/base_page.py:201: in find_element\n    return self.driver.find_element(*locator)\n/opt/hostedtoolcache/Python/3.11.11/x64/lib/python3.11/site-packages/selenium/webdriver/remote/webdriver.py:738: in find_element\n    return self.execute(Command.FIND_ELEMENT, {\"using\": by, \"value\": value})[\"value\"]\n/opt/hostedtoolcache/Python/3.11.11/x64/lib/python3.11/site-packages/selenium/webdriver/remote/webdriver.py:344: in execute\n    self.error_handler.check_response(response)\n_ _ _ _ _ _ _ _ _ _ _ _ _ _ _ _ _ _ _ _ _ _ _ _ _ _ _ _ _ _ _ _ _ _ _ _ _ _ _ _ \n\nself = <selenium.webdriver.remote.errorhandler.ErrorHandler object at 0x7fd1f85635d0>\nresponse = {'status': 404, 'value': '{\"value\":{\"error\":\"no such element\",\"message\":\"no such element: Unable to locate element: {\\...\\\\n#17 0x55d176e4d1c6 \\\\u003Cunknown>\\\\n#18 0x7f618829ca94 \\\\u003Cunknown>\\\\n#19 0x7f6188329c3c \\\\u003Cunknown>\\\\n\"}}'}\n\n    def check_response(self, response: Dict[str, Any]) -> None:\n        \"\"\"Checks that a JSON response from the WebDriver does not have an\n        error.\n    \n        :Args:\n         - response - The JSON response from the WebDriver server as a dictionary\n           object.\n    \n        :Raises: If the response contains an error message.\n        \"\"\"\n        status = response.get(\"status\", None)\n        if not status or status == ErrorCode.SUCCESS:\n            return\n        value = None\n        message = response.get(\"message\", \"\")\n        screen: str = response.get(\"screen\", \"\")\n        stacktrace = None\n        if isinstance(status, int):\n            value_json = response.get(\"value\", None)\n            if value_json and isinstance(value_json, str):\n                import json\n    \n                try:\n                    value = json.loads(value_json)\n                    if len(value) == 1:\n                        value = value[\"value\"]\n                    status = value.get(\"error\", None)\n                    if not status:\n                        status = value.get(\"status\", ErrorCode.UNKNOWN_ERROR)\n                        message = value.get(\"value\") or value.get(\"message\")\n                        if not isinstance(message, str):\n                            value = message\n                            message = message.get(\"message\")\n                    else:\n                        message = value.get(\"message\", None)\n                except ValueError:\n                    pass\n    \n        exception_class: Type[WebDriverException]\n        e = ErrorCode()\n        error_codes = [item for item in dir(e) if not item.startswith(\"__\")]\n        for error_code in error_codes:\n            error_info = getattr(ErrorCode, error_code)\n            if isinstance(error_info, list) and status in error_info:\n                exception_class = getattr(ExceptionMapping, error_code, WebDriverException)\n                break\n        else:\n            exception_class = WebDriverException\n    \n        if not value:\n            value = response[\"value\"]\n        if isinstance(value, str):\n            raise exception_class(value)\n        if message == \"\" and \"message\" in value:\n            message = value[\"message\"]\n    \n        screen = None  # type: ignore[assignment]\n        if \"screen\" in value:\n            screen = value[\"screen\"]\n    \n        stacktrace = None\n        st_value = value.get(\"stackTrace\") or value.get(\"stacktrace\")\n        if st_value:\n            if isinstance(st_value, str):\n                stacktrace = st_value.split(\"\\n\")\n            else:\n                stacktrace = []\n                try:\n                    for frame in st_value:\n                        line = frame.get(\"lineNumber\", \"\")\n                        file = frame.get(\"fileName\", \"<anonymous>\")\n                        if line:\n                            file = f\"{file}:{line}\"\n                        meth = frame.get(\"methodName\", \"<anonymous>\")\n                        if \"className\" in frame:\n                            meth = f\"{frame['className']}.{meth}\"\n                        msg = \"    at %s (%s)\"\n                        msg = msg % (meth, file)\n                        stacktrace.append(msg)\n                except TypeError:\n                    pass\n        if exception_class == UnexpectedAlertPresentException:\n            alert_text = None\n            if \"data\" in value:\n                alert_text = value[\"data\"].get(\"text\")\n            elif \"alert\" in value:\n                alert_text = value[\"alert\"].get(\"text\")\n            raise exception_class(message, screen, stacktrace, alert_text)  # type: ignore[call-arg]  # mypy is not smart enough here\n>       raise exception_class(message, screen, stacktrace)\nE       selenium.common.exceptions.NoSuchElementException: Message: no such element: Unable to locate element: {\"method\":\"css selector\",\"selector\":\".home-eco .content .icon\"}\nE         (Session info: chrome=131.0.6778.108); For documentation on this error, please visit: https://www.selenium.dev/documentation/webdriver/troubleshooting/errors#no-such-element-exception\nE       Stacktrace:\nE       #0 0x55d176e4e34a <unknown>\nE       #1 0x55d1769646e0 <unknown>\nE       #2 0x55d1769b33e6 <unknown>\nE       #3 0x55d1769b3681 <unknown>\nE       #4 0x55d1769f8b04 <unknown>\nE       #5 0x55d1769d748d <unknown>\nE       #6 0x55d1769f5ed7 <unknown>\nE       #7 0x55d1769d7203 <unknown>\nE       #8 0x55d1769a5cc0 <unknown>\nE       #9 0x55d1769a6c9e <unknown>\nE       #10 0x55d176e1bd3b <unknown>\nE       #11 0x55d176e1fcc2 <unknown>\nE       #12 0x55d176e08b6c <unknown>\nE       #13 0x55d176e20837 <unknown>\nE       #14 0x55d176dee10f <unknown>\nE       #15 0x55d176e3d5a8 <unknown>\nE       #16 0x55d176e3d770 <unknown>\nE       #17 0x55d176e4d1c6 <unknown>\nE       #18 0x7f618829ca94 <unknown>\nE       #19 0x7f6188329c3c <unknown>\n\n/opt/hostedtoolcache/Python/3.11.11/x64/lib/python3.11/site-packages/selenium/webdriver/remote/errorhandler.py:229: NoSuchElementException","steps":[{"name":"Open a browser","time":{"start":1734487064338,"stop":1734487065510,"duration":1172},"status":"passed","steps":[],"attachments":[],"parameters":[],"shouldDisplayMessage":false,"stepsCount":0,"attachmentsCount":0,"hasContent":false,"attachmentStep":false},{"name":"Check the sign of info block in section 2 block 5 'home-eco' in the Promo Block is correct","time":{"start":1734487065511,"stop":1734487065529,"duration":18},"status":"broken","statusMessage":"selenium.common.exceptions.NoSuchElementException: Message: no such element: Unable to locate element: {\"method\":\"css selector\",\"selector\":\".home-eco .content .icon\"}\n  (Session info: chrome=131.0.6778.108); For documentation on this error, please visit: https://www.selenium.dev/documentation/webdriver/troubleshooting/errors#no-such-element-exception\nStacktrace:\n#0 0x55d176e4e34a <unknown>\n#1 0x55d1769646e0 <unknown>\n#2 0x55d1769b33e6 <unknown>\n#3 0x55d1769b3681 <unknown>\n#4 0x55d1769f8b04 <unknown>\n#5 0x55d1769d748d <unknown>\n#6 0x55d1769f5ed7 <unknown>\n#7 0x55d1769d7203 <unknown>\n#8 0x55d1769a5cc0 <unknown>\n#9 0x55d1769a6c9e <unknown>\n#10 0x55d176e1bd3b <unknown>\n#11 0x55d176e1fcc2 <unknown>\n#12 0x55d176e08b6c <unknown>\n#13 0x55d176e20837 <unknown>\n#14 0x55d176dee10f <unknown>\n#15 0x55d176e3d5a8 <unknown>\n#16 0x55d176e3d770 <unknown>\n#17 0x55d176e4d1c6 <unknown>\n#18 0x7f618829ca94 <unknown>\n#19 0x7f6188329c3c <unknown>\n\n","statusTrace":"  File \"/opt/hostedtoolcache/Python/3.11.11/x64/lib/python3.11/site-packages/allure_commons/_allure.py\", line 192, in impl\n    return func(*a, **kw)\n           ^^^^^^^^^^^^^^\n  File \"/home/runner/work/luma_project/luma_project/pages/main_page.py\", line 316, in check_info_block_sign_in_section2_block5\n    info_block_sign = self.find_element(self.locators.SECTION_2_BLOCK_5_INFO_BLOCK_SIGN).text\n                      ^^^^^^^^^^^^^^^^^^^^^^^^^^^^^^^^^^^^^^^^^^^^^^^^^^^^^^^^^^^^^^^^^^\n  File \"/opt/hostedtoolcache/Python/3.11.11/x64/lib/python3.11/site-packages/allure_commons/_allure.py\", line 192, in impl\n    return func(*a, **kw)\n           ^^^^^^^^^^^^^^\n  File \"/home/runner/work/luma_project/luma_project/pages/base_page.py\", line 201, in find_element\n    return self.driver.find_element(*locator)\n           ^^^^^^^^^^^^^^^^^^^^^^^^^^^^^^^^^^\n  File \"/opt/hostedtoolcache/Python/3.11.11/x64/lib/python3.11/site-packages/selenium/webdriver/remote/webdriver.py\", line 738, in find_element\n    return self.execute(Command.FIND_ELEMENT, {\"using\": by, \"value\": value})[\"value\"]\n           ^^^^^^^^^^^^^^^^^^^^^^^^^^^^^^^^^^^^^^^^^^^^^^^^^^^^^^^^^^^^^^^^^\n  File \"/opt/hostedtoolcache/Python/3.11.11/x64/lib/python3.11/site-packages/selenium/webdriver/remote/webdriver.py\", line 344, in execute\n    self.error_handler.check_response(response)\n  File \"/opt/hostedtoolcache/Python/3.11.11/x64/lib/python3.11/site-packages/selenium/webdriver/remote/errorhandler.py\", line 229, in check_response\n    raise exception_class(message, screen, stacktrace)\n","steps":[{"name":"Find element (unpacking)","time":{"start":1734487065511,"stop":1734487065528,"duration":17},"status":"broken","statusMessage":"selenium.common.exceptions.NoSuchElementException: Message: no such element: Unable to locate element: {\"method\":\"css selector\",\"selector\":\".home-eco .content .icon\"}\n  (Session info: chrome=131.0.6778.108); For documentation on this error, please visit: https://www.selenium.dev/documentation/webdriver/troubleshooting/errors#no-such-element-exception\nStacktrace:\n#0 0x55d176e4e34a <unknown>\n#1 0x55d1769646e0 <unknown>\n#2 0x55d1769b33e6 <unknown>\n#3 0x55d1769b3681 <unknown>\n#4 0x55d1769f8b04 <unknown>\n#5 0x55d1769d748d <unknown>\n#6 0x55d1769f5ed7 <unknown>\n#7 0x55d1769d7203 <unknown>\n#8 0x55d1769a5cc0 <unknown>\n#9 0x55d1769a6c9e <unknown>\n#10 0x55d176e1bd3b <unknown>\n#11 0x55d176e1fcc2 <unknown>\n#12 0x55d176e08b6c <unknown>\n#13 0x55d176e20837 <unknown>\n#14 0x55d176dee10f <unknown>\n#15 0x55d176e3d5a8 <unknown>\n#16 0x55d176e3d770 <unknown>\n#17 0x55d176e4d1c6 <unknown>\n#18 0x7f618829ca94 <unknown>\n#19 0x7f6188329c3c <unknown>\n\n","statusTrace":"  File \"/opt/hostedtoolcache/Python/3.11.11/x64/lib/python3.11/site-packages/allure_commons/_allure.py\", line 192, in impl\n    return func(*a, **kw)\n           ^^^^^^^^^^^^^^\n  File \"/home/runner/work/luma_project/luma_project/pages/base_page.py\", line 201, in find_element\n    return self.driver.find_element(*locator)\n           ^^^^^^^^^^^^^^^^^^^^^^^^^^^^^^^^^^\n  File \"/opt/hostedtoolcache/Python/3.11.11/x64/lib/python3.11/site-packages/selenium/webdriver/remote/webdriver.py\", line 738, in find_element\n    return self.execute(Command.FIND_ELEMENT, {\"using\": by, \"value\": value})[\"value\"]\n           ^^^^^^^^^^^^^^^^^^^^^^^^^^^^^^^^^^^^^^^^^^^^^^^^^^^^^^^^^^^^^^^^^\n  File \"/opt/hostedtoolcache/Python/3.11.11/x64/lib/python3.11/site-packages/selenium/webdriver/remote/webdriver.py\", line 344, in execute\n    self.error_handler.check_response(response)\n  File \"/opt/hostedtoolcache/Python/3.11.11/x64/lib/python3.11/site-packages/selenium/webdriver/remote/errorhandler.py\", line 229, in check_response\n    raise exception_class(message, screen, stacktrace)\n","steps":[],"attachments":[],"parameters":[{"name":"locator","value":"('css selector', '.home-eco .content .icon')"}],"shouldDisplayMessage":true,"stepsCount":0,"attachmentsCount":0,"hasContent":true,"attachmentStep":false}],"attachments":[],"parameters":[],"shouldDisplayMessage":false,"stepsCount":1,"attachmentsCount":0,"hasContent":true,"attachmentStep":false}],"attachments":[{"uid":"3d8e34bdc7ec3214","name":"Screenshot","source":"3d8e34bdc7ec3214.png","type":"image/png","size":548028},{"uid":"69e161b07d8961cd","name":"HTML source","source":"69e161b07d8961cd.html","type":"text/html","size":136668}],"parameters":[],"shouldDisplayMessage":true,"stepsCount":3,"attachmentsCount":2,"hasContent":true,"attachmentStep":false},"afterStages":[{"name":"driver::0","time":{"start":1734487065820,"stop":1734487065892,"duration":72},"status":"passed","steps":[],"attachments":[],"parameters":[],"shouldDisplayMessage":false,"stepsCount":0,"attachmentsCount":0,"hasContent":false,"attachmentStep":false},{"name":"clear_allure_result_folder::0","time":{"start":1734487776361,"stop":1734487776361,"duration":0},"status":"passed","steps":[],"attachments":[],"parameters":[],"shouldDisplayMessage":false,"stepsCount":0,"attachmentsCount":0,"hasContent":false,"attachmentStep":false}],"labels":[{"name":"epic","value":"Main Page"},{"name":"feature","value":"Promo Block Testing"},{"name":"parentSuite","value":"tests"},{"name":"suite","value":"test_main_page"},{"name":"subSuite","value":"TestMainPage"},{"name":"host","value":"fv-az1782-166"},{"name":"thread","value":"2771-MainThread"},{"name":"framework","value":"pytest"},{"name":"language","value":"cpython3"},{"name":"package","value":"tests.test_main_page"},{"name":"resultFormat","value":"allure2"}],"parameters":[],"links":[],"hidden":false,"retry":false,"extra":{"severity":"normal","retries":[],"categories":[{"name":"Test defects","matchedStatuses":[],"flaky":false}],"history":{"statistic":{"failed":0,"broken":4,"skipped":0,"passed":0,"unknown":0,"total":4},"items":[{"uid":"85297d68bae446c3","reportUrl":"https://verafes.github.io/luma_project/527//#testresult/85297d68bae446c3","status":"broken","statusDetails":"selenium.common.exceptions.NoSuchElementException: Message: no such element: Unable to locate element: {\"method\":\"css selector\",\"selector\":\".home-eco .content .icon\"}\n  (Session info: chrome=131.0.6778.108); For documentation on this error, please visit: https://www.selenium.dev/documentation/webdriver/troubleshooting/errors#no-such-element-exception\nStacktrace:\n#0 0x562f7739234a <unknown>\n#1 0x562f76ea86e0 <unknown>\n#2 0x562f76ef73e6 <unknown>\n#3 0x562f76ef7681 <unknown>\n#4 0x562f76f3cb04 <unknown>\n#5 0x562f76f1b48d <unknown>\n#6 0x562f76f39ed7 <unknown>\n#7 0x562f76f1b203 <unknown>\n#8 0x562f76ee9cc0 <unknown>\n#9 0x562f76eeac9e <unknown>\n#10 0x562f7735fd3b <unknown>\n#11 0x562f77363cc2 <unknown>\n#12 0x562f7734cb6c <unknown>\n#13 0x562f77364837 <unknown>\n#14 0x562f7733210f <unknown>\n#15 0x562f773815a8 <unknown>\n#16 0x562f77381770 <unknown>\n#17 0x562f773911c6 <unknown>\n#18 0x7ff27189ca94 <unknown>\n#19 0x7ff271929c3c <unknown>","time":{"start":1734400715033,"stop":1734400716181,"duration":1148}},{"uid":"3b2899f78e63c657","reportUrl":"https://verafes.github.io/luma_project/526//#testresult/3b2899f78e63c657","status":"broken","statusDetails":"selenium.common.exceptions.NoSuchElementException: Message: no such element: Unable to locate element: {\"method\":\"css selector\",\"selector\":\".home-eco .content .icon\"}\n  (Session info: chrome=131.0.6778.108); For documentation on this error, please visit: https://www.selenium.dev/documentation/webdriver/troubleshooting/errors#no-such-element-exception\nStacktrace:\n#0 0x55fce9ed634a <unknown>\n#1 0x55fce99ec6e0 <unknown>\n#2 0x55fce9a3b3e6 <unknown>\n#3 0x55fce9a3b681 <unknown>\n#4 0x55fce9a80b04 <unknown>\n#5 0x55fce9a5f48d <unknown>\n#6 0x55fce9a7ded7 <unknown>\n#7 0x55fce9a5f203 <unknown>\n#8 0x55fce9a2dcc0 <unknown>\n#9 0x55fce9a2ec9e <unknown>\n#10 0x55fce9ea3d3b <unknown>\n#11 0x55fce9ea7cc2 <unknown>\n#12 0x55fce9e90b6c <unknown>\n#13 0x55fce9ea8837 <unknown>\n#14 0x55fce9e7610f <unknown>\n#15 0x55fce9ec55a8 <unknown>\n#16 0x55fce9ec5770 <unknown>\n#17 0x55fce9ed51c6 <unknown>\n#18 0x7f2f6d69ca94 <unknown>\n#19 0x7f2f6d729c3c <unknown>","time":{"start":1734314575140,"stop":1734314576728,"duration":1588}},{"uid":"93ef29f1b1e5d411","reportUrl":"https://verafes.github.io/luma_project/525//#testresult/93ef29f1b1e5d411","status":"broken","statusDetails":"selenium.common.exceptions.NoSuchElementException: Message: no such element: Unable to locate element: {\"method\":\"css selector\",\"selector\":\".home-eco .content .icon\"}\n  (Session info: chrome=131.0.6778.139); For documentation on this error, please visit: https://www.selenium.dev/documentation/webdriver/troubleshooting/errors#no-such-element-exception\nStacktrace:\n#0 0x5649a9cbe31a <unknown>\n#1 0x5649a97d46e0 <unknown>\n#2 0x5649a98233e6 <unknown>\n#3 0x5649a9823681 <unknown>\n#4 0x5649a9868b04 <unknown>\n#5 0x5649a984748d <unknown>\n#6 0x5649a9865ed7 <unknown>\n#7 0x5649a9847203 <unknown>\n#8 0x5649a9815cc0 <unknown>\n#9 0x5649a9816c9e <unknown>\n#10 0x5649a9c8bd0b <unknown>\n#11 0x5649a9c8fc92 <unknown>\n#12 0x5649a9c78b3c <unknown>\n#13 0x5649a9c90807 <unknown>\n#14 0x5649a9c5e0df <unknown>\n#15 0x5649a9cad578 <unknown>\n#16 0x5649a9cad740 <unknown>\n#17 0x5649a9cbd196 <unknown>\n#18 0x7fb120e94ac3 <unknown>","time":{"start":1734228318277,"stop":1734228319546,"duration":1269}}]},"tags":[]},"source":"187bf7ab5714beec.json","parameterValues":[]}