{"uid":"7e7f442655320aa6","name":"TC 13.01.29 - Check the display of the text in block 3 'home-erin' in the Promo Block","fullName":"tests.test_main_page.TestPromoBlock#test_tc_13_01_29_check_info_block_text_in_section2_block3","historyId":"c38799825597cdd800d6bc4c826d00b4","time":{"start":1734487009719,"stop":1734487011013,"duration":1294},"description":"This test checks if the info block text in section 2 block 3 'home-erin' is correct\n            in the Promo Block under header on the main page","descriptionHtml":"<p>This test checks if the info block text in section 2 block 3 'home-erin' is correct<br />\nin the Promo Block under header on the main page</p>\n","status":"broken","statusMessage":"selenium.common.exceptions.NoSuchElementException: Message: no such element: Unable to locate element: {\"method\":\"css selector\",\"selector\":\".home-erin .content .info\"}\n  (Session info: chrome=131.0.6778.108); For documentation on this error, please visit: https://www.selenium.dev/documentation/webdriver/troubleshooting/errors#no-such-element-exception\nStacktrace:\n#0 0x55584ce4634a <unknown>\n#1 0x55584c95c6e0 <unknown>\n#2 0x55584c9ab3e6 <unknown>\n#3 0x55584c9ab681 <unknown>\n#4 0x55584c9f0b04 <unknown>\n#5 0x55584c9cf48d <unknown>\n#6 0x55584c9eded7 <unknown>\n#7 0x55584c9cf203 <unknown>\n#8 0x55584c99dcc0 <unknown>\n#9 0x55584c99ec9e <unknown>\n#10 0x55584ce13d3b <unknown>\n#11 0x55584ce17cc2 <unknown>\n#12 0x55584ce00b6c <unknown>\n#13 0x55584ce18837 <unknown>\n#14 0x55584cde610f <unknown>\n#15 0x55584ce355a8 <unknown>\n#16 0x55584ce35770 <unknown>\n#17 0x55584ce451c6 <unknown>\n#18 0x7f035ea9ca94 <unknown>\n#19 0x7f035eb29c3c <unknown>","statusTrace":"self = <test_main_page.TestMainPage.TestPromoBlock object at 0x7fd1f8c95d10>\ndriver = <selenium.webdriver.chrome.webdriver.WebDriver (session=\"638a7f43a9623e5194beaac11577a02f\")>\n\n    @allure.title(\"TC 13.01.29 - Check the display of the text in block 3 'home-erin' in the Promo Block\")\n    def test_tc_13_01_29_check_info_block_text_in_section2_block3(self, driver):\n        \"\"\"This test checks if the info block text in section 2 block 3 'home-erin' is correct\n        in the Promo Block under header on the main page\"\"\"\n        page = PromoBlock(driver, MAIN_PAGE_URL)\n        page.open()\n>       actual_text = page.check_info_block_text_in_section2_block3()\n\ntests/test_main_page.py:403: \n_ _ _ _ _ _ _ _ _ _ _ _ _ _ _ _ _ _ _ _ _ _ _ _ _ _ _ _ _ _ _ _ _ _ _ _ _ _ _ _ \npages/main_page.py:280: in check_info_block_text_in_section2_block3\n    info_block_text = self.find_element(self.locators.SECTION_2_BLOCK_3_INFO_BLOCK_TEXT).text\npages/base_page.py:201: in find_element\n    return self.driver.find_element(*locator)\n/opt/hostedtoolcache/Python/3.11.11/x64/lib/python3.11/site-packages/selenium/webdriver/remote/webdriver.py:738: in find_element\n    return self.execute(Command.FIND_ELEMENT, {\"using\": by, \"value\": value})[\"value\"]\n/opt/hostedtoolcache/Python/3.11.11/x64/lib/python3.11/site-packages/selenium/webdriver/remote/webdriver.py:344: in execute\n    self.error_handler.check_response(response)\n_ _ _ _ _ _ _ _ _ _ _ _ _ _ _ _ _ _ _ _ _ _ _ _ _ _ _ _ _ _ _ _ _ _ _ _ _ _ _ _ \n\nself = <selenium.webdriver.remote.errorhandler.ErrorHandler object at 0x7fd1f8602950>\nresponse = {'status': 404, 'value': '{\"value\":{\"error\":\"no such element\",\"message\":\"no such element: Unable to locate element: {\\...\\\\n#17 0x55584ce451c6 \\\\u003Cunknown>\\\\n#18 0x7f035ea9ca94 \\\\u003Cunknown>\\\\n#19 0x7f035eb29c3c \\\\u003Cunknown>\\\\n\"}}'}\n\n    def check_response(self, response: Dict[str, Any]) -> None:\n        \"\"\"Checks that a JSON response from the WebDriver does not have an\n        error.\n    \n        :Args:\n         - response - The JSON response from the WebDriver server as a dictionary\n           object.\n    \n        :Raises: If the response contains an error message.\n        \"\"\"\n        status = response.get(\"status\", None)\n        if not status or status == ErrorCode.SUCCESS:\n            return\n        value = None\n        message = response.get(\"message\", \"\")\n        screen: str = response.get(\"screen\", \"\")\n        stacktrace = None\n        if isinstance(status, int):\n            value_json = response.get(\"value\", None)\n            if value_json and isinstance(value_json, str):\n                import json\n    \n                try:\n                    value = json.loads(value_json)\n                    if len(value) == 1:\n                        value = value[\"value\"]\n                    status = value.get(\"error\", None)\n                    if not status:\n                        status = value.get(\"status\", ErrorCode.UNKNOWN_ERROR)\n                        message = value.get(\"value\") or value.get(\"message\")\n                        if not isinstance(message, str):\n                            value = message\n                            message = message.get(\"message\")\n                    else:\n                        message = value.get(\"message\", None)\n                except ValueError:\n                    pass\n    \n        exception_class: Type[WebDriverException]\n        e = ErrorCode()\n        error_codes = [item for item in dir(e) if not item.startswith(\"__\")]\n        for error_code in error_codes:\n            error_info = getattr(ErrorCode, error_code)\n            if isinstance(error_info, list) and status in error_info:\n                exception_class = getattr(ExceptionMapping, error_code, WebDriverException)\n                break\n        else:\n            exception_class = WebDriverException\n    \n        if not value:\n            value = response[\"value\"]\n        if isinstance(value, str):\n            raise exception_class(value)\n        if message == \"\" and \"message\" in value:\n            message = value[\"message\"]\n    \n        screen = None  # type: ignore[assignment]\n        if \"screen\" in value:\n            screen = value[\"screen\"]\n    \n        stacktrace = None\n        st_value = value.get(\"stackTrace\") or value.get(\"stacktrace\")\n        if st_value:\n            if isinstance(st_value, str):\n                stacktrace = st_value.split(\"\\n\")\n            else:\n                stacktrace = []\n                try:\n                    for frame in st_value:\n                        line = frame.get(\"lineNumber\", \"\")\n                        file = frame.get(\"fileName\", \"<anonymous>\")\n                        if line:\n                            file = f\"{file}:{line}\"\n                        meth = frame.get(\"methodName\", \"<anonymous>\")\n                        if \"className\" in frame:\n                            meth = f\"{frame['className']}.{meth}\"\n                        msg = \"    at %s (%s)\"\n                        msg = msg % (meth, file)\n                        stacktrace.append(msg)\n                except TypeError:\n                    pass\n        if exception_class == UnexpectedAlertPresentException:\n            alert_text = None\n            if \"data\" in value:\n                alert_text = value[\"data\"].get(\"text\")\n            elif \"alert\" in value:\n                alert_text = value[\"alert\"].get(\"text\")\n            raise exception_class(message, screen, stacktrace, alert_text)  # type: ignore[call-arg]  # mypy is not smart enough here\n>       raise exception_class(message, screen, stacktrace)\nE       selenium.common.exceptions.NoSuchElementException: Message: no such element: Unable to locate element: {\"method\":\"css selector\",\"selector\":\".home-erin .content .info\"}\nE         (Session info: chrome=131.0.6778.108); For documentation on this error, please visit: https://www.selenium.dev/documentation/webdriver/troubleshooting/errors#no-such-element-exception\nE       Stacktrace:\nE       #0 0x55584ce4634a <unknown>\nE       #1 0x55584c95c6e0 <unknown>\nE       #2 0x55584c9ab3e6 <unknown>\nE       #3 0x55584c9ab681 <unknown>\nE       #4 0x55584c9f0b04 <unknown>\nE       #5 0x55584c9cf48d <unknown>\nE       #6 0x55584c9eded7 <unknown>\nE       #7 0x55584c9cf203 <unknown>\nE       #8 0x55584c99dcc0 <unknown>\nE       #9 0x55584c99ec9e <unknown>\nE       #10 0x55584ce13d3b <unknown>\nE       #11 0x55584ce17cc2 <unknown>\nE       #12 0x55584ce00b6c <unknown>\nE       #13 0x55584ce18837 <unknown>\nE       #14 0x55584cde610f <unknown>\nE       #15 0x55584ce355a8 <unknown>\nE       #16 0x55584ce35770 <unknown>\nE       #17 0x55584ce451c6 <unknown>\nE       #18 0x7f035ea9ca94 <unknown>\nE       #19 0x7f035eb29c3c <unknown>\n\n/opt/hostedtoolcache/Python/3.11.11/x64/lib/python3.11/site-packages/selenium/webdriver/remote/errorhandler.py:229: NoSuchElementException","flaky":false,"newFailed":false,"newBroken":false,"newPassed":false,"retriesCount":0,"retriesStatusChange":false,"beforeStages":[{"name":"_session_faker","time":{"start":1734486178668,"stop":1734486178728,"duration":60},"status":"passed","steps":[],"attachments":[],"parameters":[],"shouldDisplayMessage":false,"stepsCount":0,"attachmentsCount":0,"hasContent":false,"attachmentStep":false},{"name":"clear_allure_result_folder","time":{"start":1734486178728,"stop":1734486178729,"duration":1},"status":"passed","steps":[],"attachments":[],"parameters":[],"shouldDisplayMessage":false,"stepsCount":0,"attachmentsCount":0,"hasContent":false,"attachmentStep":false},{"name":"driver","time":{"start":1734487008517,"stop":1734487009719,"duration":1202},"status":"passed","steps":[],"attachments":[],"parameters":[],"shouldDisplayMessage":false,"stepsCount":0,"attachmentsCount":0,"hasContent":false,"attachmentStep":false}],"testStage":{"description":"This test checks if the info block text in section 2 block 3 'home-erin' is correct\n            in the Promo Block under header on the main page","status":"broken","statusMessage":"selenium.common.exceptions.NoSuchElementException: Message: no such element: Unable to locate element: {\"method\":\"css selector\",\"selector\":\".home-erin .content .info\"}\n  (Session info: chrome=131.0.6778.108); For documentation on this error, please visit: https://www.selenium.dev/documentation/webdriver/troubleshooting/errors#no-such-element-exception\nStacktrace:\n#0 0x55584ce4634a <unknown>\n#1 0x55584c95c6e0 <unknown>\n#2 0x55584c9ab3e6 <unknown>\n#3 0x55584c9ab681 <unknown>\n#4 0x55584c9f0b04 <unknown>\n#5 0x55584c9cf48d <unknown>\n#6 0x55584c9eded7 <unknown>\n#7 0x55584c9cf203 <unknown>\n#8 0x55584c99dcc0 <unknown>\n#9 0x55584c99ec9e <unknown>\n#10 0x55584ce13d3b <unknown>\n#11 0x55584ce17cc2 <unknown>\n#12 0x55584ce00b6c <unknown>\n#13 0x55584ce18837 <unknown>\n#14 0x55584cde610f <unknown>\n#15 0x55584ce355a8 <unknown>\n#16 0x55584ce35770 <unknown>\n#17 0x55584ce451c6 <unknown>\n#18 0x7f035ea9ca94 <unknown>\n#19 0x7f035eb29c3c <unknown>","statusTrace":"self = <test_main_page.TestMainPage.TestPromoBlock object at 0x7fd1f8c95d10>\ndriver = <selenium.webdriver.chrome.webdriver.WebDriver (session=\"638a7f43a9623e5194beaac11577a02f\")>\n\n    @allure.title(\"TC 13.01.29 - Check the display of the text in block 3 'home-erin' in the Promo Block\")\n    def test_tc_13_01_29_check_info_block_text_in_section2_block3(self, driver):\n        \"\"\"This test checks if the info block text in section 2 block 3 'home-erin' is correct\n        in the Promo Block under header on the main page\"\"\"\n        page = PromoBlock(driver, MAIN_PAGE_URL)\n        page.open()\n>       actual_text = page.check_info_block_text_in_section2_block3()\n\ntests/test_main_page.py:403: \n_ _ _ _ _ _ _ _ _ _ _ _ _ _ _ _ _ _ _ _ _ _ _ _ _ _ _ _ _ _ _ _ _ _ _ _ _ _ _ _ \npages/main_page.py:280: in check_info_block_text_in_section2_block3\n    info_block_text = self.find_element(self.locators.SECTION_2_BLOCK_3_INFO_BLOCK_TEXT).text\npages/base_page.py:201: in find_element\n    return self.driver.find_element(*locator)\n/opt/hostedtoolcache/Python/3.11.11/x64/lib/python3.11/site-packages/selenium/webdriver/remote/webdriver.py:738: in find_element\n    return self.execute(Command.FIND_ELEMENT, {\"using\": by, \"value\": value})[\"value\"]\n/opt/hostedtoolcache/Python/3.11.11/x64/lib/python3.11/site-packages/selenium/webdriver/remote/webdriver.py:344: in execute\n    self.error_handler.check_response(response)\n_ _ _ _ _ _ _ _ _ _ _ _ _ _ _ _ _ _ _ _ _ _ _ _ _ _ _ _ _ _ _ _ _ _ _ _ _ _ _ _ \n\nself = <selenium.webdriver.remote.errorhandler.ErrorHandler object at 0x7fd1f8602950>\nresponse = {'status': 404, 'value': '{\"value\":{\"error\":\"no such element\",\"message\":\"no such element: Unable to locate element: {\\...\\\\n#17 0x55584ce451c6 \\\\u003Cunknown>\\\\n#18 0x7f035ea9ca94 \\\\u003Cunknown>\\\\n#19 0x7f035eb29c3c \\\\u003Cunknown>\\\\n\"}}'}\n\n    def check_response(self, response: Dict[str, Any]) -> None:\n        \"\"\"Checks that a JSON response from the WebDriver does not have an\n        error.\n    \n        :Args:\n         - response - The JSON response from the WebDriver server as a dictionary\n           object.\n    \n        :Raises: If the response contains an error message.\n        \"\"\"\n        status = response.get(\"status\", None)\n        if not status or status == ErrorCode.SUCCESS:\n            return\n        value = None\n        message = response.get(\"message\", \"\")\n        screen: str = response.get(\"screen\", \"\")\n        stacktrace = None\n        if isinstance(status, int):\n            value_json = response.get(\"value\", None)\n            if value_json and isinstance(value_json, str):\n                import json\n    \n                try:\n                    value = json.loads(value_json)\n                    if len(value) == 1:\n                        value = value[\"value\"]\n                    status = value.get(\"error\", None)\n                    if not status:\n                        status = value.get(\"status\", ErrorCode.UNKNOWN_ERROR)\n                        message = value.get(\"value\") or value.get(\"message\")\n                        if not isinstance(message, str):\n                            value = message\n                            message = message.get(\"message\")\n                    else:\n                        message = value.get(\"message\", None)\n                except ValueError:\n                    pass\n    \n        exception_class: Type[WebDriverException]\n        e = ErrorCode()\n        error_codes = [item for item in dir(e) if not item.startswith(\"__\")]\n        for error_code in error_codes:\n            error_info = getattr(ErrorCode, error_code)\n            if isinstance(error_info, list) and status in error_info:\n                exception_class = getattr(ExceptionMapping, error_code, WebDriverException)\n                break\n        else:\n            exception_class = WebDriverException\n    \n        if not value:\n            value = response[\"value\"]\n        if isinstance(value, str):\n            raise exception_class(value)\n        if message == \"\" and \"message\" in value:\n            message = value[\"message\"]\n    \n        screen = None  # type: ignore[assignment]\n        if \"screen\" in value:\n            screen = value[\"screen\"]\n    \n        stacktrace = None\n        st_value = value.get(\"stackTrace\") or value.get(\"stacktrace\")\n        if st_value:\n            if isinstance(st_value, str):\n                stacktrace = st_value.split(\"\\n\")\n            else:\n                stacktrace = []\n                try:\n                    for frame in st_value:\n                        line = frame.get(\"lineNumber\", \"\")\n                        file = frame.get(\"fileName\", \"<anonymous>\")\n                        if line:\n                            file = f\"{file}:{line}\"\n                        meth = frame.get(\"methodName\", \"<anonymous>\")\n                        if \"className\" in frame:\n                            meth = f\"{frame['className']}.{meth}\"\n                        msg = \"    at %s (%s)\"\n                        msg = msg % (meth, file)\n                        stacktrace.append(msg)\n                except TypeError:\n                    pass\n        if exception_class == UnexpectedAlertPresentException:\n            alert_text = None\n            if \"data\" in value:\n                alert_text = value[\"data\"].get(\"text\")\n            elif \"alert\" in value:\n                alert_text = value[\"alert\"].get(\"text\")\n            raise exception_class(message, screen, stacktrace, alert_text)  # type: ignore[call-arg]  # mypy is not smart enough here\n>       raise exception_class(message, screen, stacktrace)\nE       selenium.common.exceptions.NoSuchElementException: Message: no such element: Unable to locate element: {\"method\":\"css selector\",\"selector\":\".home-erin .content .info\"}\nE         (Session info: chrome=131.0.6778.108); For documentation on this error, please visit: https://www.selenium.dev/documentation/webdriver/troubleshooting/errors#no-such-element-exception\nE       Stacktrace:\nE       #0 0x55584ce4634a <unknown>\nE       #1 0x55584c95c6e0 <unknown>\nE       #2 0x55584c9ab3e6 <unknown>\nE       #3 0x55584c9ab681 <unknown>\nE       #4 0x55584c9f0b04 <unknown>\nE       #5 0x55584c9cf48d <unknown>\nE       #6 0x55584c9eded7 <unknown>\nE       #7 0x55584c9cf203 <unknown>\nE       #8 0x55584c99dcc0 <unknown>\nE       #9 0x55584c99ec9e <unknown>\nE       #10 0x55584ce13d3b <unknown>\nE       #11 0x55584ce17cc2 <unknown>\nE       #12 0x55584ce00b6c <unknown>\nE       #13 0x55584ce18837 <unknown>\nE       #14 0x55584cde610f <unknown>\nE       #15 0x55584ce355a8 <unknown>\nE       #16 0x55584ce35770 <unknown>\nE       #17 0x55584ce451c6 <unknown>\nE       #18 0x7f035ea9ca94 <unknown>\nE       #19 0x7f035eb29c3c <unknown>\n\n/opt/hostedtoolcache/Python/3.11.11/x64/lib/python3.11/site-packages/selenium/webdriver/remote/errorhandler.py:229: NoSuchElementException","steps":[{"name":"Open a browser","time":{"start":1734487009720,"stop":1734487010979,"duration":1259},"status":"passed","steps":[],"attachments":[],"parameters":[],"shouldDisplayMessage":false,"stepsCount":0,"attachmentsCount":0,"hasContent":false,"attachmentStep":false},{"name":"Check the text of info block in section 2 block 3 'home-erin' in the Promo Block is correct","time":{"start":1734487010979,"stop":1734487011012,"duration":33},"status":"broken","statusMessage":"selenium.common.exceptions.NoSuchElementException: Message: no such element: Unable to locate element: {\"method\":\"css selector\",\"selector\":\".home-erin .content .info\"}\n  (Session info: chrome=131.0.6778.108); For documentation on this error, please visit: https://www.selenium.dev/documentation/webdriver/troubleshooting/errors#no-such-element-exception\nStacktrace:\n#0 0x55584ce4634a <unknown>\n#1 0x55584c95c6e0 <unknown>\n#2 0x55584c9ab3e6 <unknown>\n#3 0x55584c9ab681 <unknown>\n#4 0x55584c9f0b04 <unknown>\n#5 0x55584c9cf48d <unknown>\n#6 0x55584c9eded7 <unknown>\n#7 0x55584c9cf203 <unknown>\n#8 0x55584c99dcc0 <unknown>\n#9 0x55584c99ec9e <unknown>\n#10 0x55584ce13d3b <unknown>\n#11 0x55584ce17cc2 <unknown>\n#12 0x55584ce00b6c <unknown>\n#13 0x55584ce18837 <unknown>\n#14 0x55584cde610f <unknown>\n#15 0x55584ce355a8 <unknown>\n#16 0x55584ce35770 <unknown>\n#17 0x55584ce451c6 <unknown>\n#18 0x7f035ea9ca94 <unknown>\n#19 0x7f035eb29c3c <unknown>\n\n","statusTrace":"  File \"/opt/hostedtoolcache/Python/3.11.11/x64/lib/python3.11/site-packages/allure_commons/_allure.py\", line 192, in impl\n    return func(*a, **kw)\n           ^^^^^^^^^^^^^^\n  File \"/home/runner/work/luma_project/luma_project/pages/main_page.py\", line 280, in check_info_block_text_in_section2_block3\n    info_block_text = self.find_element(self.locators.SECTION_2_BLOCK_3_INFO_BLOCK_TEXT).text\n                      ^^^^^^^^^^^^^^^^^^^^^^^^^^^^^^^^^^^^^^^^^^^^^^^^^^^^^^^^^^^^^^^^^^\n  File \"/opt/hostedtoolcache/Python/3.11.11/x64/lib/python3.11/site-packages/allure_commons/_allure.py\", line 192, in impl\n    return func(*a, **kw)\n           ^^^^^^^^^^^^^^\n  File \"/home/runner/work/luma_project/luma_project/pages/base_page.py\", line 201, in find_element\n    return self.driver.find_element(*locator)\n           ^^^^^^^^^^^^^^^^^^^^^^^^^^^^^^^^^^\n  File \"/opt/hostedtoolcache/Python/3.11.11/x64/lib/python3.11/site-packages/selenium/webdriver/remote/webdriver.py\", line 738, in find_element\n    return self.execute(Command.FIND_ELEMENT, {\"using\": by, \"value\": value})[\"value\"]\n           ^^^^^^^^^^^^^^^^^^^^^^^^^^^^^^^^^^^^^^^^^^^^^^^^^^^^^^^^^^^^^^^^^\n  File \"/opt/hostedtoolcache/Python/3.11.11/x64/lib/python3.11/site-packages/selenium/webdriver/remote/webdriver.py\", line 344, in execute\n    self.error_handler.check_response(response)\n  File \"/opt/hostedtoolcache/Python/3.11.11/x64/lib/python3.11/site-packages/selenium/webdriver/remote/errorhandler.py\", line 229, in check_response\n    raise exception_class(message, screen, stacktrace)\n","steps":[{"name":"Find element (unpacking)","time":{"start":1734487010979,"stop":1734487011012,"duration":33},"status":"broken","statusMessage":"selenium.common.exceptions.NoSuchElementException: Message: no such element: Unable to locate element: {\"method\":\"css selector\",\"selector\":\".home-erin .content .info\"}\n  (Session info: chrome=131.0.6778.108); For documentation on this error, please visit: https://www.selenium.dev/documentation/webdriver/troubleshooting/errors#no-such-element-exception\nStacktrace:\n#0 0x55584ce4634a <unknown>\n#1 0x55584c95c6e0 <unknown>\n#2 0x55584c9ab3e6 <unknown>\n#3 0x55584c9ab681 <unknown>\n#4 0x55584c9f0b04 <unknown>\n#5 0x55584c9cf48d <unknown>\n#6 0x55584c9eded7 <unknown>\n#7 0x55584c9cf203 <unknown>\n#8 0x55584c99dcc0 <unknown>\n#9 0x55584c99ec9e <unknown>\n#10 0x55584ce13d3b <unknown>\n#11 0x55584ce17cc2 <unknown>\n#12 0x55584ce00b6c <unknown>\n#13 0x55584ce18837 <unknown>\n#14 0x55584cde610f <unknown>\n#15 0x55584ce355a8 <unknown>\n#16 0x55584ce35770 <unknown>\n#17 0x55584ce451c6 <unknown>\n#18 0x7f035ea9ca94 <unknown>\n#19 0x7f035eb29c3c <unknown>\n\n","statusTrace":"  File \"/opt/hostedtoolcache/Python/3.11.11/x64/lib/python3.11/site-packages/allure_commons/_allure.py\", line 192, in impl\n    return func(*a, **kw)\n           ^^^^^^^^^^^^^^\n  File \"/home/runner/work/luma_project/luma_project/pages/base_page.py\", line 201, in find_element\n    return self.driver.find_element(*locator)\n           ^^^^^^^^^^^^^^^^^^^^^^^^^^^^^^^^^^\n  File \"/opt/hostedtoolcache/Python/3.11.11/x64/lib/python3.11/site-packages/selenium/webdriver/remote/webdriver.py\", line 738, in find_element\n    return self.execute(Command.FIND_ELEMENT, {\"using\": by, \"value\": value})[\"value\"]\n           ^^^^^^^^^^^^^^^^^^^^^^^^^^^^^^^^^^^^^^^^^^^^^^^^^^^^^^^^^^^^^^^^^\n  File \"/opt/hostedtoolcache/Python/3.11.11/x64/lib/python3.11/site-packages/selenium/webdriver/remote/webdriver.py\", line 344, in execute\n    self.error_handler.check_response(response)\n  File \"/opt/hostedtoolcache/Python/3.11.11/x64/lib/python3.11/site-packages/selenium/webdriver/remote/errorhandler.py\", line 229, in check_response\n    raise exception_class(message, screen, stacktrace)\n","steps":[],"attachments":[],"parameters":[{"name":"locator","value":"('css selector', '.home-erin .content .info')"}],"shouldDisplayMessage":true,"stepsCount":0,"attachmentsCount":0,"hasContent":true,"attachmentStep":false}],"attachments":[],"parameters":[],"shouldDisplayMessage":false,"stepsCount":1,"attachmentsCount":0,"hasContent":true,"attachmentStep":false}],"attachments":[{"uid":"d8e8e27dca214d1c","name":"Screenshot","source":"d8e8e27dca214d1c.png","type":"image/png","size":548028},{"uid":"c239ba410bade418","name":"HTML source","source":"c239ba410bade418.html","type":"text/html","size":136664}],"parameters":[],"shouldDisplayMessage":true,"stepsCount":3,"attachmentsCount":2,"hasContent":true,"attachmentStep":false},"afterStages":[{"name":"driver::0","time":{"start":1734487011274,"stop":1734487011346,"duration":72},"status":"passed","steps":[],"attachments":[],"parameters":[],"shouldDisplayMessage":false,"stepsCount":0,"attachmentsCount":0,"hasContent":false,"attachmentStep":false},{"name":"clear_allure_result_folder::0","time":{"start":1734487776361,"stop":1734487776361,"duration":0},"status":"passed","steps":[],"attachments":[],"parameters":[],"shouldDisplayMessage":false,"stepsCount":0,"attachmentsCount":0,"hasContent":false,"attachmentStep":false}],"labels":[{"name":"epic","value":"Main Page"},{"name":"feature","value":"Promo Block Testing"},{"name":"parentSuite","value":"tests"},{"name":"suite","value":"test_main_page"},{"name":"subSuite","value":"TestMainPage"},{"name":"host","value":"fv-az1782-166"},{"name":"thread","value":"2771-MainThread"},{"name":"framework","value":"pytest"},{"name":"language","value":"cpython3"},{"name":"package","value":"tests.test_main_page"},{"name":"resultFormat","value":"allure2"}],"parameters":[],"links":[],"hidden":false,"retry":false,"extra":{"severity":"normal","retries":[],"categories":[{"name":"Test defects","matchedStatuses":[],"flaky":false}],"history":{"statistic":{"failed":0,"broken":4,"skipped":0,"passed":0,"unknown":0,"total":4},"items":[{"uid":"18dbe81887091520","reportUrl":"https://verafes.github.io/luma_project/527//#testresult/18dbe81887091520","status":"broken","statusDetails":"selenium.common.exceptions.NoSuchElementException: Message: no such element: Unable to locate element: {\"method\":\"css selector\",\"selector\":\".home-erin .content .info\"}\n  (Session info: chrome=131.0.6778.108); For documentation on this error, please visit: https://www.selenium.dev/documentation/webdriver/troubleshooting/errors#no-such-element-exception\nStacktrace:\n#0 0x5643f09c834a <unknown>\n#1 0x5643f04de6e0 <unknown>\n#2 0x5643f052d3e6 <unknown>\n#3 0x5643f052d681 <unknown>\n#4 0x5643f0572b04 <unknown>\n#5 0x5643f055148d <unknown>\n#6 0x5643f056fed7 <unknown>\n#7 0x5643f0551203 <unknown>\n#8 0x5643f051fcc0 <unknown>\n#9 0x5643f0520c9e <unknown>\n#10 0x5643f0995d3b <unknown>\n#11 0x5643f0999cc2 <unknown>\n#12 0x5643f0982b6c <unknown>\n#13 0x5643f099a837 <unknown>\n#14 0x5643f096810f <unknown>\n#15 0x5643f09b75a8 <unknown>\n#16 0x5643f09b7770 <unknown>\n#17 0x5643f09c71c6 <unknown>\n#18 0x7fbb9e49ca94 <unknown>\n#19 0x7fbb9e529c3c <unknown>","time":{"start":1734400661203,"stop":1734400662421,"duration":1218}},{"uid":"e65ecaba1b665797","reportUrl":"https://verafes.github.io/luma_project/526//#testresult/e65ecaba1b665797","status":"broken","statusDetails":"selenium.common.exceptions.NoSuchElementException: Message: no such element: Unable to locate element: {\"method\":\"css selector\",\"selector\":\".home-erin .content .info\"}\n  (Session info: chrome=131.0.6778.108); For documentation on this error, please visit: https://www.selenium.dev/documentation/webdriver/troubleshooting/errors#no-such-element-exception\nStacktrace:\n#0 0x558d2afac34a <unknown>\n#1 0x558d2aac26e0 <unknown>\n#2 0x558d2ab113e6 <unknown>\n#3 0x558d2ab11681 <unknown>\n#4 0x558d2ab56b04 <unknown>\n#5 0x558d2ab3548d <unknown>\n#6 0x558d2ab53ed7 <unknown>\n#7 0x558d2ab35203 <unknown>\n#8 0x558d2ab03cc0 <unknown>\n#9 0x558d2ab04c9e <unknown>\n#10 0x558d2af79d3b <unknown>\n#11 0x558d2af7dcc2 <unknown>\n#12 0x558d2af66b6c <unknown>\n#13 0x558d2af7e837 <unknown>\n#14 0x558d2af4c10f <unknown>\n#15 0x558d2af9b5a8 <unknown>\n#16 0x558d2af9b770 <unknown>\n#17 0x558d2afab1c6 <unknown>\n#18 0x7f241b89ca94 <unknown>\n#19 0x7f241b929c3c <unknown>","time":{"start":1734314515536,"stop":1734314517112,"duration":1576}},{"uid":"7b0da56299b28125","reportUrl":"https://verafes.github.io/luma_project/525//#testresult/7b0da56299b28125","status":"broken","statusDetails":"selenium.common.exceptions.NoSuchElementException: Message: no such element: Unable to locate element: {\"method\":\"css selector\",\"selector\":\".home-erin .content .info\"}\n  (Session info: chrome=131.0.6778.139); For documentation on this error, please visit: https://www.selenium.dev/documentation/webdriver/troubleshooting/errors#no-such-element-exception\nStacktrace:\n#0 0x55b6cbd6d31a <unknown>\n#1 0x55b6cb8836e0 <unknown>\n#2 0x55b6cb8d23e6 <unknown>\n#3 0x55b6cb8d2681 <unknown>\n#4 0x55b6cb917b04 <unknown>\n#5 0x55b6cb8f648d <unknown>\n#6 0x55b6cb914ed7 <unknown>\n#7 0x55b6cb8f6203 <unknown>\n#8 0x55b6cb8c4cc0 <unknown>\n#9 0x55b6cb8c5c9e <unknown>\n#10 0x55b6cbd3ad0b <unknown>\n#11 0x55b6cbd3ec92 <unknown>\n#12 0x55b6cbd27b3c <unknown>\n#13 0x55b6cbd3f807 <unknown>\n#14 0x55b6cbd0d0df <unknown>\n#15 0x55b6cbd5c578 <unknown>\n#16 0x55b6cbd5c740 <unknown>\n#17 0x55b6cbd6c196 <unknown>\n#18 0x7fa4ec694ac3 <unknown>","time":{"start":1734228264542,"stop":1734228265675,"duration":1133}}]},"tags":[]},"source":"7e7f442655320aa6.json","parameterValues":[]}