{"uid":"cac7f0bf3d999bf7","name":"TC 13.01.46 - Check block 3 'home-erin' in section 2 of the Promo Block is present in the DOM tree","fullName":"tests.test_main_page.TestPromoBlock#test_tc_13_01_46_check_block3_in_section2_is_present","historyId":"cd88cf9a8dd03f203bd9b7e5a8db7130","time":{"start":1734487097665,"stop":1734487103934,"duration":6269},"description":"This test checks if block 3 'home-erin' in section 2 in the Promo Block is present\n            in the DOM tree on the main page","descriptionHtml":"<p>This test checks if block 3 'home-erin' in section 2 in the Promo Block is present<br />\nin the DOM tree on the main page</p>\n","status":"broken","statusMessage":"selenium.common.exceptions.TimeoutException: Message: \nStacktrace:\n#0 0x555da39c834a <unknown>\n#1 0x555da34de6e0 <unknown>\n#2 0x555da352d3e6 <unknown>\n#3 0x555da352d681 <unknown>\n#4 0x555da3572b04 <unknown>\n#5 0x555da355148d <unknown>\n#6 0x555da356fed7 <unknown>\n#7 0x555da3551203 <unknown>\n#8 0x555da351fcc0 <unknown>\n#9 0x555da3520c9e <unknown>\n#10 0x555da3995d3b <unknown>\n#11 0x555da3999cc2 <unknown>\n#12 0x555da3982b6c <unknown>\n#13 0x555da399a837 <unknown>\n#14 0x555da396810f <unknown>\n#15 0x555da39b75a8 <unknown>\n#16 0x555da39b7770 <unknown>\n#17 0x555da39c71c6 <unknown>\n#18 0x7fde0849ca94 <unknown>\n#19 0x7fde08529c3c <unknown>","statusTrace":"self = <test_main_page.TestMainPage.TestPromoBlock object at 0x7fd1f8c77f50>\ndriver = <selenium.webdriver.chrome.webdriver.WebDriver (session=\"f933f62e1e79f975f0d5d4763a1c64c2\")>\n\n    @allure.title(\"TC 13.01.46 - Check block 3 'home-erin' in section 2 of the Promo Block is present \"\n                  \"in the DOM tree\")\n    def test_tc_13_01_46_check_block3_in_section2_is_present(self, driver):\n        \"\"\"This test checks if block 3 'home-erin' in section 2 in the Promo Block is present\n        in the DOM tree on the main page\"\"\"\n        page = PromoBlock(driver, MAIN_PAGE_URL)\n        page.open()\n>       block3_section2 = page.check_block3_section2_is_present()\n\ntests/test_main_page.py:605: \n_ _ _ _ _ _ _ _ _ _ _ _ _ _ _ _ _ _ _ _ _ _ _ _ _ _ _ _ _ _ _ _ _ _ _ _ _ _ _ _ \npages/main_page.py:216: in check_block3_section2_is_present\n    return self.element_is_present(self.locators.SECTION_2_BLOCK_3)\npages/base_page.py:50: in element_is_present\n    return wait(self.driver, timeout).until(EC.presence_of_element_located(locator))\n_ _ _ _ _ _ _ _ _ _ _ _ _ _ _ _ _ _ _ _ _ _ _ _ _ _ _ _ _ _ _ _ _ _ _ _ _ _ _ _ \n\nself = <selenium.webdriver.support.wait.WebDriverWait (session=\"f933f62e1e79f975f0d5d4763a1c64c2\")>\nmethod = <function presence_of_element_located.<locals>._predicate at 0x7fd1f8b656c0>\nmessage = ''\n\n    def until(self, method, message: str = \"\"):\n        \"\"\"Calls the method provided with the driver as an argument until the \\\n        return value does not evaluate to ``False``.\n    \n        :param method: callable(WebDriver)\n        :param message: optional message for :exc:`TimeoutException`\n        :returns: the result of the last call to `method`\n        :raises: :exc:`selenium.common.exceptions.TimeoutException` if timeout occurs\n        \"\"\"\n        screen = None\n        stacktrace = None\n    \n        end_time = time.monotonic() + self._timeout\n        while True:\n            try:\n                value = method(self._driver)\n                if value:\n                    return value\n            except self._ignored_exceptions as exc:\n                screen = getattr(exc, \"screen\", None)\n                stacktrace = getattr(exc, \"stacktrace\", None)\n            time.sleep(self._poll)\n            if time.monotonic() > end_time:\n                break\n>       raise TimeoutException(message, screen, stacktrace)\nE       selenium.common.exceptions.TimeoutException: Message: \nE       Stacktrace:\nE       #0 0x555da39c834a <unknown>\nE       #1 0x555da34de6e0 <unknown>\nE       #2 0x555da352d3e6 <unknown>\nE       #3 0x555da352d681 <unknown>\nE       #4 0x555da3572b04 <unknown>\nE       #5 0x555da355148d <unknown>\nE       #6 0x555da356fed7 <unknown>\nE       #7 0x555da3551203 <unknown>\nE       #8 0x555da351fcc0 <unknown>\nE       #9 0x555da3520c9e <unknown>\nE       #10 0x555da3995d3b <unknown>\nE       #11 0x555da3999cc2 <unknown>\nE       #12 0x555da3982b6c <unknown>\nE       #13 0x555da399a837 <unknown>\nE       #14 0x555da396810f <unknown>\nE       #15 0x555da39b75a8 <unknown>\nE       #16 0x555da39b7770 <unknown>\nE       #17 0x555da39c71c6 <unknown>\nE       #18 0x7fde0849ca94 <unknown>\nE       #19 0x7fde08529c3c <unknown>\n\n/opt/hostedtoolcache/Python/3.11.11/x64/lib/python3.11/site-packages/selenium/webdriver/support/wait.py:95: TimeoutException","flaky":false,"newFailed":false,"newBroken":false,"newPassed":false,"retriesCount":0,"retriesStatusChange":false,"beforeStages":[{"name":"_session_faker","time":{"start":1734486178668,"stop":1734486178728,"duration":60},"status":"passed","steps":[],"attachments":[],"parameters":[],"shouldDisplayMessage":false,"stepsCount":0,"attachmentsCount":0,"hasContent":false,"attachmentStep":false},{"name":"clear_allure_result_folder","time":{"start":1734486178728,"stop":1734486178729,"duration":1},"status":"passed","steps":[],"attachments":[],"parameters":[],"shouldDisplayMessage":false,"stepsCount":0,"attachmentsCount":0,"hasContent":false,"attachmentStep":false},{"name":"driver","time":{"start":1734487096466,"stop":1734487097664,"duration":1198},"status":"passed","steps":[],"attachments":[],"parameters":[],"shouldDisplayMessage":false,"stepsCount":0,"attachmentsCount":0,"hasContent":false,"attachmentStep":false}],"testStage":{"description":"This test checks if block 3 'home-erin' in section 2 in the Promo Block is present\n            in the DOM tree on the main page","status":"broken","statusMessage":"selenium.common.exceptions.TimeoutException: Message: \nStacktrace:\n#0 0x555da39c834a <unknown>\n#1 0x555da34de6e0 <unknown>\n#2 0x555da352d3e6 <unknown>\n#3 0x555da352d681 <unknown>\n#4 0x555da3572b04 <unknown>\n#5 0x555da355148d <unknown>\n#6 0x555da356fed7 <unknown>\n#7 0x555da3551203 <unknown>\n#8 0x555da351fcc0 <unknown>\n#9 0x555da3520c9e <unknown>\n#10 0x555da3995d3b <unknown>\n#11 0x555da3999cc2 <unknown>\n#12 0x555da3982b6c <unknown>\n#13 0x555da399a837 <unknown>\n#14 0x555da396810f <unknown>\n#15 0x555da39b75a8 <unknown>\n#16 0x555da39b7770 <unknown>\n#17 0x555da39c71c6 <unknown>\n#18 0x7fde0849ca94 <unknown>\n#19 0x7fde08529c3c <unknown>","statusTrace":"self = <test_main_page.TestMainPage.TestPromoBlock object at 0x7fd1f8c77f50>\ndriver = <selenium.webdriver.chrome.webdriver.WebDriver (session=\"f933f62e1e79f975f0d5d4763a1c64c2\")>\n\n    @allure.title(\"TC 13.01.46 - Check block 3 'home-erin' in section 2 of the Promo Block is present \"\n                  \"in the DOM tree\")\n    def test_tc_13_01_46_check_block3_in_section2_is_present(self, driver):\n        \"\"\"This test checks if block 3 'home-erin' in section 2 in the Promo Block is present\n        in the DOM tree on the main page\"\"\"\n        page = PromoBlock(driver, MAIN_PAGE_URL)\n        page.open()\n>       block3_section2 = page.check_block3_section2_is_present()\n\ntests/test_main_page.py:605: \n_ _ _ _ _ _ _ _ _ _ _ _ _ _ _ _ _ _ _ _ _ _ _ _ _ _ _ _ _ _ _ _ _ _ _ _ _ _ _ _ \npages/main_page.py:216: in check_block3_section2_is_present\n    return self.element_is_present(self.locators.SECTION_2_BLOCK_3)\npages/base_page.py:50: in element_is_present\n    return wait(self.driver, timeout).until(EC.presence_of_element_located(locator))\n_ _ _ _ _ _ _ _ _ _ _ _ _ _ _ _ _ _ _ _ _ _ _ _ _ _ _ _ _ _ _ _ _ _ _ _ _ _ _ _ \n\nself = <selenium.webdriver.support.wait.WebDriverWait (session=\"f933f62e1e79f975f0d5d4763a1c64c2\")>\nmethod = <function presence_of_element_located.<locals>._predicate at 0x7fd1f8b656c0>\nmessage = ''\n\n    def until(self, method, message: str = \"\"):\n        \"\"\"Calls the method provided with the driver as an argument until the \\\n        return value does not evaluate to ``False``.\n    \n        :param method: callable(WebDriver)\n        :param message: optional message for :exc:`TimeoutException`\n        :returns: the result of the last call to `method`\n        :raises: :exc:`selenium.common.exceptions.TimeoutException` if timeout occurs\n        \"\"\"\n        screen = None\n        stacktrace = None\n    \n        end_time = time.monotonic() + self._timeout\n        while True:\n            try:\n                value = method(self._driver)\n                if value:\n                    return value\n            except self._ignored_exceptions as exc:\n                screen = getattr(exc, \"screen\", None)\n                stacktrace = getattr(exc, \"stacktrace\", None)\n            time.sleep(self._poll)\n            if time.monotonic() > end_time:\n                break\n>       raise TimeoutException(message, screen, stacktrace)\nE       selenium.common.exceptions.TimeoutException: Message: \nE       Stacktrace:\nE       #0 0x555da39c834a <unknown>\nE       #1 0x555da34de6e0 <unknown>\nE       #2 0x555da352d3e6 <unknown>\nE       #3 0x555da352d681 <unknown>\nE       #4 0x555da3572b04 <unknown>\nE       #5 0x555da355148d <unknown>\nE       #6 0x555da356fed7 <unknown>\nE       #7 0x555da3551203 <unknown>\nE       #8 0x555da351fcc0 <unknown>\nE       #9 0x555da3520c9e <unknown>\nE       #10 0x555da3995d3b <unknown>\nE       #11 0x555da3999cc2 <unknown>\nE       #12 0x555da3982b6c <unknown>\nE       #13 0x555da399a837 <unknown>\nE       #14 0x555da396810f <unknown>\nE       #15 0x555da39b75a8 <unknown>\nE       #16 0x555da39b7770 <unknown>\nE       #17 0x555da39c71c6 <unknown>\nE       #18 0x7fde0849ca94 <unknown>\nE       #19 0x7fde08529c3c <unknown>\n\n/opt/hostedtoolcache/Python/3.11.11/x64/lib/python3.11/site-packages/selenium/webdriver/support/wait.py:95: TimeoutException","steps":[{"name":"Open a browser","time":{"start":1734487097665,"stop":1734487098857,"duration":1192},"status":"passed","steps":[],"attachments":[],"parameters":[],"shouldDisplayMessage":false,"stepsCount":0,"attachmentsCount":0,"hasContent":false,"attachmentStep":false},{"name":"Check block 3 'home-erin' in section 2 of the Promo Block is present in the DOM tree","time":{"start":1734487098857,"stop":1734487103934,"duration":5077},"status":"broken","statusMessage":"selenium.common.exceptions.TimeoutException: Message: \nStacktrace:\n#0 0x555da39c834a <unknown>\n#1 0x555da34de6e0 <unknown>\n#2 0x555da352d3e6 <unknown>\n#3 0x555da352d681 <unknown>\n#4 0x555da3572b04 <unknown>\n#5 0x555da355148d <unknown>\n#6 0x555da356fed7 <unknown>\n#7 0x555da3551203 <unknown>\n#8 0x555da351fcc0 <unknown>\n#9 0x555da3520c9e <unknown>\n#10 0x555da3995d3b <unknown>\n#11 0x555da3999cc2 <unknown>\n#12 0x555da3982b6c <unknown>\n#13 0x555da399a837 <unknown>\n#14 0x555da396810f <unknown>\n#15 0x555da39b75a8 <unknown>\n#16 0x555da39b7770 <unknown>\n#17 0x555da39c71c6 <unknown>\n#18 0x7fde0849ca94 <unknown>\n#19 0x7fde08529c3c <unknown>\n\n","statusTrace":"  File \"/opt/hostedtoolcache/Python/3.11.11/x64/lib/python3.11/site-packages/allure_commons/_allure.py\", line 192, in impl\n    return func(*a, **kw)\n           ^^^^^^^^^^^^^^\n  File \"/home/runner/work/luma_project/luma_project/pages/main_page.py\", line 216, in check_block3_section2_is_present\n    return self.element_is_present(self.locators.SECTION_2_BLOCK_3)\n           ^^^^^^^^^^^^^^^^^^^^^^^^^^^^^^^^^^^^^^^^^^^^^^^^^^^^^^^^\n  File \"/opt/hostedtoolcache/Python/3.11.11/x64/lib/python3.11/site-packages/allure_commons/_allure.py\", line 192, in impl\n    return func(*a, **kw)\n           ^^^^^^^^^^^^^^\n  File \"/home/runner/work/luma_project/luma_project/pages/base_page.py\", line 50, in element_is_present\n    return wait(self.driver, timeout).until(EC.presence_of_element_located(locator))\n           ^^^^^^^^^^^^^^^^^^^^^^^^^^^^^^^^^^^^^^^^^^^^^^^^^^^^^^^^^^^^^^^^^^^^^^^^^\n  File \"/opt/hostedtoolcache/Python/3.11.11/x64/lib/python3.11/site-packages/selenium/webdriver/support/wait.py\", line 95, in until\n    raise TimeoutException(message, screen, stacktrace)\n","steps":[{"name":"Find a present element","time":{"start":1734487098857,"stop":1734487103933,"duration":5076},"status":"broken","statusMessage":"selenium.common.exceptions.TimeoutException: Message: \nStacktrace:\n#0 0x555da39c834a <unknown>\n#1 0x555da34de6e0 <unknown>\n#2 0x555da352d3e6 <unknown>\n#3 0x555da352d681 <unknown>\n#4 0x555da3572b04 <unknown>\n#5 0x555da355148d <unknown>\n#6 0x555da356fed7 <unknown>\n#7 0x555da3551203 <unknown>\n#8 0x555da351fcc0 <unknown>\n#9 0x555da3520c9e <unknown>\n#10 0x555da3995d3b <unknown>\n#11 0x555da3999cc2 <unknown>\n#12 0x555da3982b6c <unknown>\n#13 0x555da399a837 <unknown>\n#14 0x555da396810f <unknown>\n#15 0x555da39b75a8 <unknown>\n#16 0x555da39b7770 <unknown>\n#17 0x555da39c71c6 <unknown>\n#18 0x7fde0849ca94 <unknown>\n#19 0x7fde08529c3c <unknown>\n\n","statusTrace":"  File \"/opt/hostedtoolcache/Python/3.11.11/x64/lib/python3.11/site-packages/allure_commons/_allure.py\", line 192, in impl\n    return func(*a, **kw)\n           ^^^^^^^^^^^^^^\n  File \"/home/runner/work/luma_project/luma_project/pages/base_page.py\", line 50, in element_is_present\n    return wait(self.driver, timeout).until(EC.presence_of_element_located(locator))\n           ^^^^^^^^^^^^^^^^^^^^^^^^^^^^^^^^^^^^^^^^^^^^^^^^^^^^^^^^^^^^^^^^^^^^^^^^^\n  File \"/opt/hostedtoolcache/Python/3.11.11/x64/lib/python3.11/site-packages/selenium/webdriver/support/wait.py\", line 95, in until\n    raise TimeoutException(message, screen, stacktrace)\n","steps":[],"attachments":[],"parameters":[{"name":"locator","value":"('css selector', '.home-erin')"},{"name":"timeout","value":"5"}],"shouldDisplayMessage":true,"stepsCount":0,"attachmentsCount":0,"hasContent":true,"attachmentStep":false}],"attachments":[],"parameters":[],"shouldDisplayMessage":false,"stepsCount":1,"attachmentsCount":0,"hasContent":true,"attachmentStep":false}],"attachments":[{"uid":"14b2d6fcfe82fc9b","name":"Screenshot","source":"14b2d6fcfe82fc9b.png","type":"image/png","size":548028},{"uid":"3f46d39c0608a9a9","name":"HTML source","source":"3f46d39c0608a9a9.html","type":"text/html","size":144787}],"parameters":[],"shouldDisplayMessage":true,"stepsCount":3,"attachmentsCount":2,"hasContent":true,"attachmentStep":false},"afterStages":[{"name":"driver::0","time":{"start":1734487104167,"stop":1734487104272,"duration":105},"status":"passed","steps":[],"attachments":[],"parameters":[],"shouldDisplayMessage":false,"stepsCount":0,"attachmentsCount":0,"hasContent":false,"attachmentStep":false},{"name":"clear_allure_result_folder::0","time":{"start":1734487776361,"stop":1734487776361,"duration":0},"status":"passed","steps":[],"attachments":[],"parameters":[],"shouldDisplayMessage":false,"stepsCount":0,"attachmentsCount":0,"hasContent":false,"attachmentStep":false}],"labels":[{"name":"epic","value":"Main Page"},{"name":"feature","value":"Promo Block Testing"},{"name":"parentSuite","value":"tests"},{"name":"suite","value":"test_main_page"},{"name":"subSuite","value":"TestMainPage"},{"name":"host","value":"fv-az1782-166"},{"name":"thread","value":"2771-MainThread"},{"name":"framework","value":"pytest"},{"name":"language","value":"cpython3"},{"name":"package","value":"tests.test_main_page"},{"name":"resultFormat","value":"allure2"}],"parameters":[],"links":[],"hidden":false,"retry":false,"extra":{"severity":"normal","retries":[],"categories":[{"name":"Test defects","matchedStatuses":[],"flaky":false}],"history":{"statistic":{"failed":0,"broken":4,"skipped":0,"passed":0,"unknown":0,"total":4},"items":[{"uid":"189bfb7ba878a2e7","reportUrl":"https://verafes.github.io/luma_project/527//#testresult/189bfb7ba878a2e7","status":"broken","statusDetails":"selenium.common.exceptions.TimeoutException: Message: \nStacktrace:\n#0 0x55b871f8934a <unknown>\n#1 0x55b871a9f6e0 <unknown>\n#2 0x55b871aee3e6 <unknown>\n#3 0x55b871aee681 <unknown>\n#4 0x55b871b33b04 <unknown>\n#5 0x55b871b1248d <unknown>\n#6 0x55b871b30ed7 <unknown>\n#7 0x55b871b12203 <unknown>\n#8 0x55b871ae0cc0 <unknown>\n#9 0x55b871ae1c9e <unknown>\n#10 0x55b871f56d3b <unknown>\n#11 0x55b871f5acc2 <unknown>\n#12 0x55b871f43b6c <unknown>\n#13 0x55b871f5b837 <unknown>\n#14 0x55b871f2910f <unknown>\n#15 0x55b871f785a8 <unknown>\n#16 0x55b871f78770 <unknown>\n#17 0x55b871f881c6 <unknown>\n#18 0x7f755c89ca94 <unknown>\n#19 0x7f755c929c3c <unknown>","time":{"start":1734400746785,"stop":1734400753263,"duration":6478}},{"uid":"b3d6e0b187dee569","reportUrl":"https://verafes.github.io/luma_project/526//#testresult/b3d6e0b187dee569","status":"broken","statusDetails":"selenium.common.exceptions.TimeoutException: Message: \nStacktrace:\n#0 0x55bddcca034a <unknown>\n#1 0x55bddc7b66e0 <unknown>\n#2 0x55bddc8053e6 <unknown>\n#3 0x55bddc805681 <unknown>\n#4 0x55bddc84ab04 <unknown>\n#5 0x55bddc82948d <unknown>\n#6 0x55bddc847ed7 <unknown>\n#7 0x55bddc829203 <unknown>\n#8 0x55bddc7f7cc0 <unknown>\n#9 0x55bddc7f8c9e <unknown>\n#10 0x55bddcc6dd3b <unknown>\n#11 0x55bddcc71cc2 <unknown>\n#12 0x55bddcc5ab6c <unknown>\n#13 0x55bddcc72837 <unknown>\n#14 0x55bddcc4010f <unknown>\n#15 0x55bddcc8f5a8 <unknown>\n#16 0x55bddcc8f770 <unknown>\n#17 0x55bddcc9f1c6 <unknown>\n#18 0x7f7848a9ca94 <unknown>\n#19 0x7f7848b29c3c <unknown>","time":{"start":1734314608157,"stop":1734314615720,"duration":7563}},{"uid":"58ba2e13455ef2e2","reportUrl":"https://verafes.github.io/luma_project/525//#testresult/58ba2e13455ef2e2","status":"broken","statusDetails":"selenium.common.exceptions.TimeoutException: Message: \nStacktrace:\n#0 0x555f915d631a <unknown>\n#1 0x555f910ec6e0 <unknown>\n#2 0x555f9113b3e6 <unknown>\n#3 0x555f9113b681 <unknown>\n#4 0x555f91180b04 <unknown>\n#5 0x555f9115f48d <unknown>\n#6 0x555f9117ded7 <unknown>\n#7 0x555f9115f203 <unknown>\n#8 0x555f9112dcc0 <unknown>\n#9 0x555f9112ec9e <unknown>\n#10 0x555f915a3d0b <unknown>\n#11 0x555f915a7c92 <unknown>\n#12 0x555f91590b3c <unknown>\n#13 0x555f915a8807 <unknown>\n#14 0x555f915760df <unknown>\n#15 0x555f915c5578 <unknown>\n#16 0x555f915c5740 <unknown>\n#17 0x555f915d5196 <unknown>\n#18 0x7f2243294ac3 <unknown>","time":{"start":1734228349743,"stop":1734228355991,"duration":6248}}]},"tags":[]},"source":"cac7f0bf3d999bf7.json","parameterValues":[]}