{"uid":"85bae10a55cf747b","name":"TC 17.01.17 Verify captcha image is present by default","fullName":"tests.test_forgot_your_password.TestForgotYourPassword#test_17_01_17_captcha_image_is_displayed","historyId":"20eee1dd441b6fd3a44d298e65fa59d2","time":{"start":1697591860522,"stop":1697591865692,"duration":5170},"description":"Check that the captcha image is present by default","descriptionHtml":"<p>Check that the captcha image is present by default</p>\n","status":"broken","statusMessage":"selenium.common.exceptions.TimeoutException: Message: \nStacktrace:\n#0 0x564a6943a6b3 <unknown>\n#1 0x564a691101e7 <unknown>\n#2 0x564a69157566 <unknown>\n#3 0x564a69157651 <unknown>\n#4 0x564a69194a74 <unknown>\n#5 0x564a691790ed <unknown>\n#6 0x564a69192322 <unknown>\n#7 0x564a69178e93 <unknown>\n#8 0x564a6914b934 <unknown>\n#9 0x564a6914c71e <unknown>\n#10 0x564a693ffcb8 <unknown>\n#11 0x564a69403bf0 <unknown>\n#12 0x564a6940e19c <unknown>\n#13 0x564a69404808 <unknown>\n#14 0x564a693d127f <unknown>\n#15 0x564a69428e88 <unknown>\n#16 0x564a69429059 <unknown>\n#17 0x564a69439843 <unknown>\n#18 0x7f723ee94b43 <unknown>","statusTrace":"self = <test_forgot_your_password.TestForgotYourPassword object at 0x7f3a3467eb10>\ndriver = <selenium.webdriver.chrome.webdriver.WebDriver (session=\"16c87b154ea4cc977e2592b66fdff043\")>\nforgot_psw_page = <pages.forgot_your_password_page.ForgotYourPasswordPage object at 0x7f3a3517aa50>\n\n    @allure.title('TC 17.01.17 Verify captcha image is present by default')\n    def test_17_01_17_captcha_image_is_displayed(self, driver, forgot_psw_page):\n        \"\"\"Check that the captcha image is present by default\"\"\"\n>       captcha_image = forgot_psw_page.check_captcha_image_is_visible()\n\ntests/test_forgot_your_password.py:153: \n_ _ _ _ _ _ _ _ _ _ _ _ _ _ _ _ _ _ _ _ _ _ _ _ _ _ _ _ _ _ _ _ _ _ _ _ _ _ _ _ \npages/forgot_your_password_page.py:109: in check_captcha_image_is_visible\n    return self.element_is_visible(self.locators.RELOAD_CAPTCHA_IMAGE)\npages/base_page.py:29: in element_is_visible\n    self.go_to_element(self.element_is_present(locator))\npages/base_page.py:50: in element_is_present\n    return wait(self.driver, timeout).until(EC.presence_of_element_located(locator))\n_ _ _ _ _ _ _ _ _ _ _ _ _ _ _ _ _ _ _ _ _ _ _ _ _ _ _ _ _ _ _ _ _ _ _ _ _ _ _ _ \n\nself = <selenium.webdriver.support.wait.WebDriverWait (session=\"16c87b154ea4cc977e2592b66fdff043\")>\nmethod = <function presence_of_element_located.<locals>._predicate at 0x7f3a34f81a80>\nmessage = ''\n\n    def until(self, method, message: str = \"\"):\n        \"\"\"Calls the method provided with the driver as an argument until the \\\n        return value does not evaluate to ``False``.\n    \n        :param method: callable(WebDriver)\n        :param message: optional message for :exc:`TimeoutException`\n        :returns: the result of the last call to `method`\n        :raises: :exc:`selenium.common.exceptions.TimeoutException` if timeout occurs\n        \"\"\"\n        screen = None\n        stacktrace = None\n    \n        end_time = time.monotonic() + self._timeout\n        while True:\n            try:\n                value = method(self._driver)\n                if value:\n                    return value\n            except self._ignored_exceptions as exc:\n                screen = getattr(exc, \"screen\", None)\n                stacktrace = getattr(exc, \"stacktrace\", None)\n            time.sleep(self._poll)\n            if time.monotonic() > end_time:\n                break\n>       raise TimeoutException(message, screen, stacktrace)\nE       selenium.common.exceptions.TimeoutException: Message: \nE       Stacktrace:\nE       #0 0x564a6943a6b3 <unknown>\nE       #1 0x564a691101e7 <unknown>\nE       #2 0x564a69157566 <unknown>\nE       #3 0x564a69157651 <unknown>\nE       #4 0x564a69194a74 <unknown>\nE       #5 0x564a691790ed <unknown>\nE       #6 0x564a69192322 <unknown>\nE       #7 0x564a69178e93 <unknown>\nE       #8 0x564a6914b934 <unknown>\nE       #9 0x564a6914c71e <unknown>\nE       #10 0x564a693ffcb8 <unknown>\nE       #11 0x564a69403bf0 <unknown>\nE       #12 0x564a6940e19c <unknown>\nE       #13 0x564a69404808 <unknown>\nE       #14 0x564a693d127f <unknown>\nE       #15 0x564a69428e88 <unknown>\nE       #16 0x564a69429059 <unknown>\nE       #17 0x564a69439843 <unknown>\nE       #18 0x7f723ee94b43 <unknown>\n\n/opt/hostedtoolcache/Python/3.11.5/x64/lib/python3.11/site-packages/selenium/webdriver/support/wait.py:95: TimeoutException","flaky":false,"newFailed":false,"newBroken":false,"newPassed":false,"retriesCount":0,"retriesStatusChange":false,"beforeStages":[{"name":"_session_faker","time":{"start":1697591395901,"stop":1697591395995,"duration":94},"status":"passed","steps":[],"attachments":[],"parameters":[],"shouldDisplayMessage":false,"stepsCount":0,"attachmentsCount":0,"hasContent":false},{"name":"clear_allure_result_folder","time":{"start":1697591395996,"stop":1697591395996,"duration":0},"status":"passed","steps":[],"attachments":[],"parameters":[],"shouldDisplayMessage":false,"stepsCount":0,"attachmentsCount":0,"hasContent":false},{"name":"driver","time":{"start":1697591858175,"stop":1697591859368,"duration":1193},"status":"passed","steps":[],"attachments":[],"parameters":[],"shouldDisplayMessage":false,"stepsCount":0,"attachmentsCount":0,"hasContent":false},{"name":"forgot_psw_page","time":{"start":1697591859369,"stop":1697591860521,"duration":1152},"status":"passed","steps":[{"name":"Open a browser","time":{"start":1697591859369,"stop":1697591860521,"duration":1152},"status":"passed","steps":[],"attachments":[],"parameters":[],"shouldDisplayMessage":false,"stepsCount":0,"attachmentsCount":0,"hasContent":false}],"attachments":[],"parameters":[],"shouldDisplayMessage":false,"stepsCount":1,"attachmentsCount":0,"hasContent":true}],"testStage":{"description":"Check that the captcha image is present by default","status":"broken","statusMessage":"selenium.common.exceptions.TimeoutException: Message: \nStacktrace:\n#0 0x564a6943a6b3 <unknown>\n#1 0x564a691101e7 <unknown>\n#2 0x564a69157566 <unknown>\n#3 0x564a69157651 <unknown>\n#4 0x564a69194a74 <unknown>\n#5 0x564a691790ed <unknown>\n#6 0x564a69192322 <unknown>\n#7 0x564a69178e93 <unknown>\n#8 0x564a6914b934 <unknown>\n#9 0x564a6914c71e <unknown>\n#10 0x564a693ffcb8 <unknown>\n#11 0x564a69403bf0 <unknown>\n#12 0x564a6940e19c <unknown>\n#13 0x564a69404808 <unknown>\n#14 0x564a693d127f <unknown>\n#15 0x564a69428e88 <unknown>\n#16 0x564a69429059 <unknown>\n#17 0x564a69439843 <unknown>\n#18 0x7f723ee94b43 <unknown>","statusTrace":"self = <test_forgot_your_password.TestForgotYourPassword object at 0x7f3a3467eb10>\ndriver = <selenium.webdriver.chrome.webdriver.WebDriver (session=\"16c87b154ea4cc977e2592b66fdff043\")>\nforgot_psw_page = <pages.forgot_your_password_page.ForgotYourPasswordPage object at 0x7f3a3517aa50>\n\n    @allure.title('TC 17.01.17 Verify captcha image is present by default')\n    def test_17_01_17_captcha_image_is_displayed(self, driver, forgot_psw_page):\n        \"\"\"Check that the captcha image is present by default\"\"\"\n>       captcha_image = forgot_psw_page.check_captcha_image_is_visible()\n\ntests/test_forgot_your_password.py:153: \n_ _ _ _ _ _ _ _ _ _ _ _ _ _ _ _ _ _ _ _ _ _ _ _ _ _ _ _ _ _ _ _ _ _ _ _ _ _ _ _ \npages/forgot_your_password_page.py:109: in check_captcha_image_is_visible\n    return self.element_is_visible(self.locators.RELOAD_CAPTCHA_IMAGE)\npages/base_page.py:29: in element_is_visible\n    self.go_to_element(self.element_is_present(locator))\npages/base_page.py:50: in element_is_present\n    return wait(self.driver, timeout).until(EC.presence_of_element_located(locator))\n_ _ _ _ _ _ _ _ _ _ _ _ _ _ _ _ _ _ _ _ _ _ _ _ _ _ _ _ _ _ _ _ _ _ _ _ _ _ _ _ \n\nself = <selenium.webdriver.support.wait.WebDriverWait (session=\"16c87b154ea4cc977e2592b66fdff043\")>\nmethod = <function presence_of_element_located.<locals>._predicate at 0x7f3a34f81a80>\nmessage = ''\n\n    def until(self, method, message: str = \"\"):\n        \"\"\"Calls the method provided with the driver as an argument until the \\\n        return value does not evaluate to ``False``.\n    \n        :param method: callable(WebDriver)\n        :param message: optional message for :exc:`TimeoutException`\n        :returns: the result of the last call to `method`\n        :raises: :exc:`selenium.common.exceptions.TimeoutException` if timeout occurs\n        \"\"\"\n        screen = None\n        stacktrace = None\n    \n        end_time = time.monotonic() + self._timeout\n        while True:\n            try:\n                value = method(self._driver)\n                if value:\n                    return value\n            except self._ignored_exceptions as exc:\n                screen = getattr(exc, \"screen\", None)\n                stacktrace = getattr(exc, \"stacktrace\", None)\n            time.sleep(self._poll)\n            if time.monotonic() > end_time:\n                break\n>       raise TimeoutException(message, screen, stacktrace)\nE       selenium.common.exceptions.TimeoutException: Message: \nE       Stacktrace:\nE       #0 0x564a6943a6b3 <unknown>\nE       #1 0x564a691101e7 <unknown>\nE       #2 0x564a69157566 <unknown>\nE       #3 0x564a69157651 <unknown>\nE       #4 0x564a69194a74 <unknown>\nE       #5 0x564a691790ed <unknown>\nE       #6 0x564a69192322 <unknown>\nE       #7 0x564a69178e93 <unknown>\nE       #8 0x564a6914b934 <unknown>\nE       #9 0x564a6914c71e <unknown>\nE       #10 0x564a693ffcb8 <unknown>\nE       #11 0x564a69403bf0 <unknown>\nE       #12 0x564a6940e19c <unknown>\nE       #13 0x564a69404808 <unknown>\nE       #14 0x564a693d127f <unknown>\nE       #15 0x564a69428e88 <unknown>\nE       #16 0x564a69429059 <unknown>\nE       #17 0x564a69439843 <unknown>\nE       #18 0x7f723ee94b43 <unknown>\n\n/opt/hostedtoolcache/Python/3.11.5/x64/lib/python3.11/site-packages/selenium/webdriver/support/wait.py:95: TimeoutException","steps":[{"name":"Check Captcha image is visible","time":{"start":1697591860522,"stop":1697591865691,"duration":5169},"status":"broken","statusMessage":"selenium.common.exceptions.TimeoutException: Message: \nStacktrace:\n#0 0x564a6943a6b3 <unknown>\n#1 0x564a691101e7 <unknown>\n#2 0x564a69157566 <unknown>\n#3 0x564a69157651 <unknown>\n#4 0x564a69194a74 <unknown>\n#5 0x564a691790ed <unknown>\n#6 0x564a69192322 <unknown>\n#7 0x564a69178e93 <unknown>\n#8 0x564a6914b934 <unknown>\n#9 0x564a6914c71e <unknown>\n#10 0x564a693ffcb8 <unknown>\n#11 0x564a69403bf0 <unknown>\n#12 0x564a6940e19c <unknown>\n#13 0x564a69404808 <unknown>\n#14 0x564a693d127f <unknown>\n#15 0x564a69428e88 <unknown>\n#16 0x564a69429059 <unknown>\n#17 0x564a69439843 <unknown>\n#18 0x7f723ee94b43 <unknown>\n\n","statusTrace":"  File \"/opt/hostedtoolcache/Python/3.11.5/x64/lib/python3.11/site-packages/allure_commons/_allure.py\", line 192, in impl\n    return func(*a, **kw)\n           ^^^^^^^^^^^^^^\n  File \"/home/runner/work/luma_project/luma_project/pages/forgot_your_password_page.py\", line 109, in check_captcha_image_is_visible\n    return self.element_is_visible(self.locators.RELOAD_CAPTCHA_IMAGE)\n           ^^^^^^^^^^^^^^^^^^^^^^^^^^^^^^^^^^^^^^^^^^^^^^^^^^^^^^^^^^^\n  File \"/opt/hostedtoolcache/Python/3.11.5/x64/lib/python3.11/site-packages/allure_commons/_allure.py\", line 192, in impl\n    return func(*a, **kw)\n           ^^^^^^^^^^^^^^\n  File \"/home/runner/work/luma_project/luma_project/pages/base_page.py\", line 29, in element_is_visible\n    self.go_to_element(self.element_is_present(locator))\n                       ^^^^^^^^^^^^^^^^^^^^^^^^^^^^^^^^\n  File \"/opt/hostedtoolcache/Python/3.11.5/x64/lib/python3.11/site-packages/allure_commons/_allure.py\", line 192, in impl\n    return func(*a, **kw)\n           ^^^^^^^^^^^^^^\n  File \"/home/runner/work/luma_project/luma_project/pages/base_page.py\", line 50, in element_is_present\n    return wait(self.driver, timeout).until(EC.presence_of_element_located(locator))\n           ^^^^^^^^^^^^^^^^^^^^^^^^^^^^^^^^^^^^^^^^^^^^^^^^^^^^^^^^^^^^^^^^^^^^^^^^^\n  File \"/opt/hostedtoolcache/Python/3.11.5/x64/lib/python3.11/site-packages/selenium/webdriver/support/wait.py\", line 95, in until\n    raise TimeoutException(message, screen, stacktrace)\n","steps":[{"name":"Find a visible element","time":{"start":1697591860522,"stop":1697591865691,"duration":5169},"status":"broken","statusMessage":"selenium.common.exceptions.TimeoutException: Message: \nStacktrace:\n#0 0x564a6943a6b3 <unknown>\n#1 0x564a691101e7 <unknown>\n#2 0x564a69157566 <unknown>\n#3 0x564a69157651 <unknown>\n#4 0x564a69194a74 <unknown>\n#5 0x564a691790ed <unknown>\n#6 0x564a69192322 <unknown>\n#7 0x564a69178e93 <unknown>\n#8 0x564a6914b934 <unknown>\n#9 0x564a6914c71e <unknown>\n#10 0x564a693ffcb8 <unknown>\n#11 0x564a69403bf0 <unknown>\n#12 0x564a6940e19c <unknown>\n#13 0x564a69404808 <unknown>\n#14 0x564a693d127f <unknown>\n#15 0x564a69428e88 <unknown>\n#16 0x564a69429059 <unknown>\n#17 0x564a69439843 <unknown>\n#18 0x7f723ee94b43 <unknown>\n\n","statusTrace":"  File \"/opt/hostedtoolcache/Python/3.11.5/x64/lib/python3.11/site-packages/allure_commons/_allure.py\", line 192, in impl\n    return func(*a, **kw)\n           ^^^^^^^^^^^^^^\n  File \"/home/runner/work/luma_project/luma_project/pages/base_page.py\", line 29, in element_is_visible\n    self.go_to_element(self.element_is_present(locator))\n                       ^^^^^^^^^^^^^^^^^^^^^^^^^^^^^^^^\n  File \"/opt/hostedtoolcache/Python/3.11.5/x64/lib/python3.11/site-packages/allure_commons/_allure.py\", line 192, in impl\n    return func(*a, **kw)\n           ^^^^^^^^^^^^^^\n  File \"/home/runner/work/luma_project/luma_project/pages/base_page.py\", line 50, in element_is_present\n    return wait(self.driver, timeout).until(EC.presence_of_element_located(locator))\n           ^^^^^^^^^^^^^^^^^^^^^^^^^^^^^^^^^^^^^^^^^^^^^^^^^^^^^^^^^^^^^^^^^^^^^^^^^\n  File \"/opt/hostedtoolcache/Python/3.11.5/x64/lib/python3.11/site-packages/selenium/webdriver/support/wait.py\", line 95, in until\n    raise TimeoutException(message, screen, stacktrace)\n","steps":[{"name":"Find a present element","time":{"start":1697591860522,"stop":1697591865690,"duration":5168},"status":"broken","statusMessage":"selenium.common.exceptions.TimeoutException: Message: \nStacktrace:\n#0 0x564a6943a6b3 <unknown>\n#1 0x564a691101e7 <unknown>\n#2 0x564a69157566 <unknown>\n#3 0x564a69157651 <unknown>\n#4 0x564a69194a74 <unknown>\n#5 0x564a691790ed <unknown>\n#6 0x564a69192322 <unknown>\n#7 0x564a69178e93 <unknown>\n#8 0x564a6914b934 <unknown>\n#9 0x564a6914c71e <unknown>\n#10 0x564a693ffcb8 <unknown>\n#11 0x564a69403bf0 <unknown>\n#12 0x564a6940e19c <unknown>\n#13 0x564a69404808 <unknown>\n#14 0x564a693d127f <unknown>\n#15 0x564a69428e88 <unknown>\n#16 0x564a69429059 <unknown>\n#17 0x564a69439843 <unknown>\n#18 0x7f723ee94b43 <unknown>\n\n","statusTrace":"  File \"/opt/hostedtoolcache/Python/3.11.5/x64/lib/python3.11/site-packages/allure_commons/_allure.py\", line 192, in impl\n    return func(*a, **kw)\n           ^^^^^^^^^^^^^^\n  File \"/home/runner/work/luma_project/luma_project/pages/base_page.py\", line 50, in element_is_present\n    return wait(self.driver, timeout).until(EC.presence_of_element_located(locator))\n           ^^^^^^^^^^^^^^^^^^^^^^^^^^^^^^^^^^^^^^^^^^^^^^^^^^^^^^^^^^^^^^^^^^^^^^^^^\n  File \"/opt/hostedtoolcache/Python/3.11.5/x64/lib/python3.11/site-packages/selenium/webdriver/support/wait.py\", line 95, in until\n    raise TimeoutException(message, screen, stacktrace)\n","steps":[],"attachments":[],"parameters":[{"name":"locator","value":"('xpath', '//img[@class=\"captcha-img\"]')"},{"name":"timeout","value":"5"}],"shouldDisplayMessage":true,"stepsCount":0,"attachmentsCount":0,"hasContent":true}],"attachments":[],"parameters":[{"name":"locator","value":"('xpath', '//img[@class=\"captcha-img\"]')"},{"name":"timeout","value":"10"}],"shouldDisplayMessage":false,"stepsCount":1,"attachmentsCount":0,"hasContent":true}],"attachments":[],"parameters":[],"shouldDisplayMessage":false,"stepsCount":2,"attachmentsCount":0,"hasContent":true}],"attachments":[{"uid":"1b4c0765917f8eab","name":"Screenshot","source":"1b4c0765917f8eab.png","type":"image/png","size":73852},{"uid":"85c2671fd25ffac8","name":"HTML source","source":"85c2671fd25ffac8.html","type":"text/html","size":78444}],"parameters":[],"shouldDisplayMessage":true,"stepsCount":3,"attachmentsCount":2,"hasContent":true},"afterStages":[{"name":"driver::0","time":{"start":1697591865892,"stop":1697591865962,"duration":70},"status":"passed","steps":[],"attachments":[],"parameters":[],"shouldDisplayMessage":false,"stepsCount":0,"attachmentsCount":0,"hasContent":false},{"name":"clear_allure_result_folder::0","time":{"start":1697593099967,"stop":1697593099967,"duration":0},"status":"passed","steps":[],"attachments":[],"parameters":[],"shouldDisplayMessage":false,"stepsCount":0,"attachmentsCount":0,"hasContent":false}],"labels":[{"name":"epic","value":"Forgot Your Password Page"},{"name":"parentSuite","value":"tests"},{"name":"suite","value":"test_forgot_your_password"},{"name":"subSuite","value":"TestForgotYourPassword"},{"name":"host","value":"fv-az1233-60"},{"name":"thread","value":"2983-MainThread"},{"name":"framework","value":"pytest"},{"name":"language","value":"cpython3"},{"name":"package","value":"tests.test_forgot_your_password"},{"name":"resultFormat","value":"allure2"}],"parameters":[],"links":[],"hidden":false,"retry":false,"extra":{"severity":"normal","retries":[],"categories":[{"name":"Test defects","matchedStatuses":[],"flaky":false}],"history":{"statistic":{"failed":0,"broken":3,"skipped":0,"passed":0,"unknown":0,"total":3},"items":[{"uid":"6007713367b78b6f","reportUrl":"https://verafes.github.io/luma_project/100//#testresult/6007713367b78b6f","status":"broken","statusDetails":"selenium.common.exceptions.TimeoutException: Message: \nStacktrace:\n#0 0x558d90ea56b3 <unknown>\n#1 0x558d90b7b1e7 <unknown>\n#2 0x558d90bc2566 <unknown>\n#3 0x558d90bc2651 <unknown>\n#4 0x558d90bffa74 <unknown>\n#5 0x558d90be40ed <unknown>\n#6 0x558d90bfd322 <unknown>\n#7 0x558d90be3e93 <unknown>\n#8 0x558d90bb6934 <unknown>\n#9 0x558d90bb771e <unknown>\n#10 0x558d90e6acb8 <unknown>\n#11 0x558d90e6ebf0 <unknown>\n#12 0x558d90e7919c <unknown>\n#13 0x558d90e6f808 <unknown>\n#14 0x558d90e3c27f <unknown>\n#15 0x558d90e93e88 <unknown>\n#16 0x558d90e94059 <unknown>\n#17 0x558d90ea4843 <unknown>\n#18 0x7f7980a94b43 <unknown>","time":{"start":1697505420846,"stop":1697505425968,"duration":5122}},{"uid":"d8b24a4a4b5c798f","reportUrl":"https://verafes.github.io/luma_project/99//#testresult/d8b24a4a4b5c798f","status":"broken","statusDetails":"selenium.common.exceptions.TimeoutException: Message: \nStacktrace:\n#0 0x55f90ae1d6b3 <unknown>\n#1 0x55f90aaf31e7 <unknown>\n#2 0x55f90ab3a566 <unknown>\n#3 0x55f90ab3a651 <unknown>\n#4 0x55f90ab77a74 <unknown>\n#5 0x55f90ab5c0ed <unknown>\n#6 0x55f90ab75322 <unknown>\n#7 0x55f90ab5be93 <unknown>\n#8 0x55f90ab2e934 <unknown>\n#9 0x55f90ab2f71e <unknown>\n#10 0x55f90ade2cb8 <unknown>\n#11 0x55f90ade6bf0 <unknown>\n#12 0x55f90adf119c <unknown>\n#13 0x55f90ade7808 <unknown>\n#14 0x55f90adb427f <unknown>\n#15 0x55f90ae0be88 <unknown>\n#16 0x55f90ae0c059 <unknown>\n#17 0x55f90ae1c843 <unknown>\n#18 0x7fac3b294b43 <unknown>","time":{"start":1697419117975,"stop":1697419123131,"duration":5156}}]},"tags":[]},"source":"85bae10a55cf747b.json","parameterValues":[]}