{"uid":"c917810d19b01e2e","name":"TC 13.01.33 - Check the display of the title in block 4 'home-performance' in the Promo Block","fullName":"tests.test_main_page.TestPromoBlock#test_tc_13_01_33_check_info_block_title_in_section2_block4","historyId":"f7decc44a590e6c0afbfb00294171467","time":{"start":1734573321566,"stop":1734573322700,"duration":1134},"description":"This test checks if the info block title in section 2 block 4 'home-performance' is correct\n            in the Promo Block under header on the main page","descriptionHtml":"<p>This test checks if the info block title in section 2 block 4 'home-performance' is correct<br />\nin the Promo Block under header on the main page</p>\n","status":"broken","statusMessage":"selenium.common.exceptions.NoSuchElementException: Message: no such element: Unable to locate element: {\"method\":\"css selector\",\"selector\":\".home-performance .content .title\"}\n  (Session info: chrome=131.0.6778.139); For documentation on this error, please visit: https://www.selenium.dev/documentation/webdriver/troubleshooting/errors#no-such-element-exception\nStacktrace:\n#0 0x56157ca6231a <unknown>\n#1 0x56157c5786e0 <unknown>\n#2 0x56157c5c73e6 <unknown>\n#3 0x56157c5c7681 <unknown>\n#4 0x56157c60cb04 <unknown>\n#5 0x56157c5eb48d <unknown>\n#6 0x56157c609ed7 <unknown>\n#7 0x56157c5eb203 <unknown>\n#8 0x56157c5b9cc0 <unknown>\n#9 0x56157c5bac9e <unknown>\n#10 0x56157ca2fd0b <unknown>\n#11 0x56157ca33c92 <unknown>\n#12 0x56157ca1cb3c <unknown>\n#13 0x56157ca34807 <unknown>\n#14 0x56157ca020df <unknown>\n#15 0x56157ca51578 <unknown>\n#16 0x56157ca51740 <unknown>\n#17 0x56157ca61196 <unknown>\n#18 0x7f2721e9ca94 <unknown>\n#19 0x7f2721f29c3c <unknown>","statusTrace":"self = <test_main_page.TestMainPage.TestPromoBlock object at 0x7f934fde3a10>\ndriver = <selenium.webdriver.chrome.webdriver.WebDriver (session=\"0014ba123e533616b8bc008f4d25f158\")>\n\n    @allure.title(\"TC 13.01.33 - Check the display of the title in block 4 'home-performance' in the Promo Block\")\n    def test_tc_13_01_33_check_info_block_title_in_section2_block4(self, driver):\n        \"\"\"This test checks if the info block title in section 2 block 4 'home-performance' is correct\n        in the Promo Block under header on the main page\"\"\"\n        page = PromoBlock(driver, MAIN_PAGE_URL)\n        page.open()\n>       actual_text = page.check_info_block_title_in_section2_block4()\n\ntests/test_main_page.py:452: \n_ _ _ _ _ _ _ _ _ _ _ _ _ _ _ _ _ _ _ _ _ _ _ _ _ _ _ _ _ _ _ _ _ _ _ _ _ _ _ _ \npages/main_page.py:262: in check_info_block_title_in_section2_block4\n    info_block_title = self.find_element(self.locators.SECTION_2_BLOCK_4_INFO_BLOCK_TITLE).text\npages/base_page.py:201: in find_element\n    return self.driver.find_element(*locator)\n/opt/hostedtoolcache/Python/3.11.11/x64/lib/python3.11/site-packages/selenium/webdriver/remote/webdriver.py:738: in find_element\n    return self.execute(Command.FIND_ELEMENT, {\"using\": by, \"value\": value})[\"value\"]\n/opt/hostedtoolcache/Python/3.11.11/x64/lib/python3.11/site-packages/selenium/webdriver/remote/webdriver.py:344: in execute\n    self.error_handler.check_response(response)\n_ _ _ _ _ _ _ _ _ _ _ _ _ _ _ _ _ _ _ _ _ _ _ _ _ _ _ _ _ _ _ _ _ _ _ _ _ _ _ _ \n\nself = <selenium.webdriver.remote.errorhandler.ErrorHandler object at 0x7f934f6d9f10>\nresponse = {'status': 404, 'value': '{\"value\":{\"error\":\"no such element\",\"message\":\"no such element: Unable to locate element: {\\...\\\\n#17 0x56157ca61196 \\\\u003Cunknown>\\\\n#18 0x7f2721e9ca94 \\\\u003Cunknown>\\\\n#19 0x7f2721f29c3c \\\\u003Cunknown>\\\\n\"}}'}\n\n    def check_response(self, response: Dict[str, Any]) -> None:\n        \"\"\"Checks that a JSON response from the WebDriver does not have an\n        error.\n    \n        :Args:\n         - response - The JSON response from the WebDriver server as a dictionary\n           object.\n    \n        :Raises: If the response contains an error message.\n        \"\"\"\n        status = response.get(\"status\", None)\n        if not status or status == ErrorCode.SUCCESS:\n            return\n        value = None\n        message = response.get(\"message\", \"\")\n        screen: str = response.get(\"screen\", \"\")\n        stacktrace = None\n        if isinstance(status, int):\n            value_json = response.get(\"value\", None)\n            if value_json and isinstance(value_json, str):\n                import json\n    \n                try:\n                    value = json.loads(value_json)\n                    if len(value) == 1:\n                        value = value[\"value\"]\n                    status = value.get(\"error\", None)\n                    if not status:\n                        status = value.get(\"status\", ErrorCode.UNKNOWN_ERROR)\n                        message = value.get(\"value\") or value.get(\"message\")\n                        if not isinstance(message, str):\n                            value = message\n                            message = message.get(\"message\")\n                    else:\n                        message = value.get(\"message\", None)\n                except ValueError:\n                    pass\n    \n        exception_class: Type[WebDriverException]\n        e = ErrorCode()\n        error_codes = [item for item in dir(e) if not item.startswith(\"__\")]\n        for error_code in error_codes:\n            error_info = getattr(ErrorCode, error_code)\n            if isinstance(error_info, list) and status in error_info:\n                exception_class = getattr(ExceptionMapping, error_code, WebDriverException)\n                break\n        else:\n            exception_class = WebDriverException\n    \n        if not value:\n            value = response[\"value\"]\n        if isinstance(value, str):\n            raise exception_class(value)\n        if message == \"\" and \"message\" in value:\n            message = value[\"message\"]\n    \n        screen = None  # type: ignore[assignment]\n        if \"screen\" in value:\n            screen = value[\"screen\"]\n    \n        stacktrace = None\n        st_value = value.get(\"stackTrace\") or value.get(\"stacktrace\")\n        if st_value:\n            if isinstance(st_value, str):\n                stacktrace = st_value.split(\"\\n\")\n            else:\n                stacktrace = []\n                try:\n                    for frame in st_value:\n                        line = frame.get(\"lineNumber\", \"\")\n                        file = frame.get(\"fileName\", \"<anonymous>\")\n                        if line:\n                            file = f\"{file}:{line}\"\n                        meth = frame.get(\"methodName\", \"<anonymous>\")\n                        if \"className\" in frame:\n                            meth = f\"{frame['className']}.{meth}\"\n                        msg = \"    at %s (%s)\"\n                        msg = msg % (meth, file)\n                        stacktrace.append(msg)\n                except TypeError:\n                    pass\n        if exception_class == UnexpectedAlertPresentException:\n            alert_text = None\n            if \"data\" in value:\n                alert_text = value[\"data\"].get(\"text\")\n            elif \"alert\" in value:\n                alert_text = value[\"alert\"].get(\"text\")\n            raise exception_class(message, screen, stacktrace, alert_text)  # type: ignore[call-arg]  # mypy is not smart enough here\n>       raise exception_class(message, screen, stacktrace)\nE       selenium.common.exceptions.NoSuchElementException: Message: no such element: Unable to locate element: {\"method\":\"css selector\",\"selector\":\".home-performance .content .title\"}\nE         (Session info: chrome=131.0.6778.139); For documentation on this error, please visit: https://www.selenium.dev/documentation/webdriver/troubleshooting/errors#no-such-element-exception\nE       Stacktrace:\nE       #0 0x56157ca6231a <unknown>\nE       #1 0x56157c5786e0 <unknown>\nE       #2 0x56157c5c73e6 <unknown>\nE       #3 0x56157c5c7681 <unknown>\nE       #4 0x56157c60cb04 <unknown>\nE       #5 0x56157c5eb48d <unknown>\nE       #6 0x56157c609ed7 <unknown>\nE       #7 0x56157c5eb203 <unknown>\nE       #8 0x56157c5b9cc0 <unknown>\nE       #9 0x56157c5bac9e <unknown>\nE       #10 0x56157ca2fd0b <unknown>\nE       #11 0x56157ca33c92 <unknown>\nE       #12 0x56157ca1cb3c <unknown>\nE       #13 0x56157ca34807 <unknown>\nE       #14 0x56157ca020df <unknown>\nE       #15 0x56157ca51578 <unknown>\nE       #16 0x56157ca51740 <unknown>\nE       #17 0x56157ca61196 <unknown>\nE       #18 0x7f2721e9ca94 <unknown>\nE       #19 0x7f2721f29c3c <unknown>\n\n/opt/hostedtoolcache/Python/3.11.11/x64/lib/python3.11/site-packages/selenium/webdriver/remote/errorhandler.py:229: NoSuchElementException","flaky":false,"newFailed":false,"newBroken":false,"newPassed":false,"retriesCount":0,"retriesStatusChange":false,"beforeStages":[{"name":"_session_faker","time":{"start":1734572613045,"stop":1734572613109,"duration":64},"status":"passed","steps":[],"attachments":[],"parameters":[],"shouldDisplayMessage":false,"stepsCount":0,"attachmentsCount":0,"hasContent":false,"attachmentStep":false},{"name":"clear_allure_result_folder","time":{"start":1734572613109,"stop":1734572613109,"duration":0},"status":"passed","steps":[],"attachments":[],"parameters":[],"shouldDisplayMessage":false,"stepsCount":0,"attachmentsCount":0,"hasContent":false,"attachmentStep":false},{"name":"driver","time":{"start":1734573320376,"stop":1734573321566,"duration":1190},"status":"passed","steps":[],"attachments":[],"parameters":[],"shouldDisplayMessage":false,"stepsCount":0,"attachmentsCount":0,"hasContent":false,"attachmentStep":false}],"testStage":{"description":"This test checks if the info block title in section 2 block 4 'home-performance' is correct\n            in the Promo Block under header on the main page","status":"broken","statusMessage":"selenium.common.exceptions.NoSuchElementException: Message: no such element: Unable to locate element: {\"method\":\"css selector\",\"selector\":\".home-performance .content .title\"}\n  (Session info: chrome=131.0.6778.139); For documentation on this error, please visit: https://www.selenium.dev/documentation/webdriver/troubleshooting/errors#no-such-element-exception\nStacktrace:\n#0 0x56157ca6231a <unknown>\n#1 0x56157c5786e0 <unknown>\n#2 0x56157c5c73e6 <unknown>\n#3 0x56157c5c7681 <unknown>\n#4 0x56157c60cb04 <unknown>\n#5 0x56157c5eb48d <unknown>\n#6 0x56157c609ed7 <unknown>\n#7 0x56157c5eb203 <unknown>\n#8 0x56157c5b9cc0 <unknown>\n#9 0x56157c5bac9e <unknown>\n#10 0x56157ca2fd0b <unknown>\n#11 0x56157ca33c92 <unknown>\n#12 0x56157ca1cb3c <unknown>\n#13 0x56157ca34807 <unknown>\n#14 0x56157ca020df <unknown>\n#15 0x56157ca51578 <unknown>\n#16 0x56157ca51740 <unknown>\n#17 0x56157ca61196 <unknown>\n#18 0x7f2721e9ca94 <unknown>\n#19 0x7f2721f29c3c <unknown>","statusTrace":"self = <test_main_page.TestMainPage.TestPromoBlock object at 0x7f934fde3a10>\ndriver = <selenium.webdriver.chrome.webdriver.WebDriver (session=\"0014ba123e533616b8bc008f4d25f158\")>\n\n    @allure.title(\"TC 13.01.33 - Check the display of the title in block 4 'home-performance' in the Promo Block\")\n    def test_tc_13_01_33_check_info_block_title_in_section2_block4(self, driver):\n        \"\"\"This test checks if the info block title in section 2 block 4 'home-performance' is correct\n        in the Promo Block under header on the main page\"\"\"\n        page = PromoBlock(driver, MAIN_PAGE_URL)\n        page.open()\n>       actual_text = page.check_info_block_title_in_section2_block4()\n\ntests/test_main_page.py:452: \n_ _ _ _ _ _ _ _ _ _ _ _ _ _ _ _ _ _ _ _ _ _ _ _ _ _ _ _ _ _ _ _ _ _ _ _ _ _ _ _ \npages/main_page.py:262: in check_info_block_title_in_section2_block4\n    info_block_title = self.find_element(self.locators.SECTION_2_BLOCK_4_INFO_BLOCK_TITLE).text\npages/base_page.py:201: in find_element\n    return self.driver.find_element(*locator)\n/opt/hostedtoolcache/Python/3.11.11/x64/lib/python3.11/site-packages/selenium/webdriver/remote/webdriver.py:738: in find_element\n    return self.execute(Command.FIND_ELEMENT, {\"using\": by, \"value\": value})[\"value\"]\n/opt/hostedtoolcache/Python/3.11.11/x64/lib/python3.11/site-packages/selenium/webdriver/remote/webdriver.py:344: in execute\n    self.error_handler.check_response(response)\n_ _ _ _ _ _ _ _ _ _ _ _ _ _ _ _ _ _ _ _ _ _ _ _ _ _ _ _ _ _ _ _ _ _ _ _ _ _ _ _ \n\nself = <selenium.webdriver.remote.errorhandler.ErrorHandler object at 0x7f934f6d9f10>\nresponse = {'status': 404, 'value': '{\"value\":{\"error\":\"no such element\",\"message\":\"no such element: Unable to locate element: {\\...\\\\n#17 0x56157ca61196 \\\\u003Cunknown>\\\\n#18 0x7f2721e9ca94 \\\\u003Cunknown>\\\\n#19 0x7f2721f29c3c \\\\u003Cunknown>\\\\n\"}}'}\n\n    def check_response(self, response: Dict[str, Any]) -> None:\n        \"\"\"Checks that a JSON response from the WebDriver does not have an\n        error.\n    \n        :Args:\n         - response - The JSON response from the WebDriver server as a dictionary\n           object.\n    \n        :Raises: If the response contains an error message.\n        \"\"\"\n        status = response.get(\"status\", None)\n        if not status or status == ErrorCode.SUCCESS:\n            return\n        value = None\n        message = response.get(\"message\", \"\")\n        screen: str = response.get(\"screen\", \"\")\n        stacktrace = None\n        if isinstance(status, int):\n            value_json = response.get(\"value\", None)\n            if value_json and isinstance(value_json, str):\n                import json\n    \n                try:\n                    value = json.loads(value_json)\n                    if len(value) == 1:\n                        value = value[\"value\"]\n                    status = value.get(\"error\", None)\n                    if not status:\n                        status = value.get(\"status\", ErrorCode.UNKNOWN_ERROR)\n                        message = value.get(\"value\") or value.get(\"message\")\n                        if not isinstance(message, str):\n                            value = message\n                            message = message.get(\"message\")\n                    else:\n                        message = value.get(\"message\", None)\n                except ValueError:\n                    pass\n    \n        exception_class: Type[WebDriverException]\n        e = ErrorCode()\n        error_codes = [item for item in dir(e) if not item.startswith(\"__\")]\n        for error_code in error_codes:\n            error_info = getattr(ErrorCode, error_code)\n            if isinstance(error_info, list) and status in error_info:\n                exception_class = getattr(ExceptionMapping, error_code, WebDriverException)\n                break\n        else:\n            exception_class = WebDriverException\n    \n        if not value:\n            value = response[\"value\"]\n        if isinstance(value, str):\n            raise exception_class(value)\n        if message == \"\" and \"message\" in value:\n            message = value[\"message\"]\n    \n        screen = None  # type: ignore[assignment]\n        if \"screen\" in value:\n            screen = value[\"screen\"]\n    \n        stacktrace = None\n        st_value = value.get(\"stackTrace\") or value.get(\"stacktrace\")\n        if st_value:\n            if isinstance(st_value, str):\n                stacktrace = st_value.split(\"\\n\")\n            else:\n                stacktrace = []\n                try:\n                    for frame in st_value:\n                        line = frame.get(\"lineNumber\", \"\")\n                        file = frame.get(\"fileName\", \"<anonymous>\")\n                        if line:\n                            file = f\"{file}:{line}\"\n                        meth = frame.get(\"methodName\", \"<anonymous>\")\n                        if \"className\" in frame:\n                            meth = f\"{frame['className']}.{meth}\"\n                        msg = \"    at %s (%s)\"\n                        msg = msg % (meth, file)\n                        stacktrace.append(msg)\n                except TypeError:\n                    pass\n        if exception_class == UnexpectedAlertPresentException:\n            alert_text = None\n            if \"data\" in value:\n                alert_text = value[\"data\"].get(\"text\")\n            elif \"alert\" in value:\n                alert_text = value[\"alert\"].get(\"text\")\n            raise exception_class(message, screen, stacktrace, alert_text)  # type: ignore[call-arg]  # mypy is not smart enough here\n>       raise exception_class(message, screen, stacktrace)\nE       selenium.common.exceptions.NoSuchElementException: Message: no such element: Unable to locate element: {\"method\":\"css selector\",\"selector\":\".home-performance .content .title\"}\nE         (Session info: chrome=131.0.6778.139); For documentation on this error, please visit: https://www.selenium.dev/documentation/webdriver/troubleshooting/errors#no-such-element-exception\nE       Stacktrace:\nE       #0 0x56157ca6231a <unknown>\nE       #1 0x56157c5786e0 <unknown>\nE       #2 0x56157c5c73e6 <unknown>\nE       #3 0x56157c5c7681 <unknown>\nE       #4 0x56157c60cb04 <unknown>\nE       #5 0x56157c5eb48d <unknown>\nE       #6 0x56157c609ed7 <unknown>\nE       #7 0x56157c5eb203 <unknown>\nE       #8 0x56157c5b9cc0 <unknown>\nE       #9 0x56157c5bac9e <unknown>\nE       #10 0x56157ca2fd0b <unknown>\nE       #11 0x56157ca33c92 <unknown>\nE       #12 0x56157ca1cb3c <unknown>\nE       #13 0x56157ca34807 <unknown>\nE       #14 0x56157ca020df <unknown>\nE       #15 0x56157ca51578 <unknown>\nE       #16 0x56157ca51740 <unknown>\nE       #17 0x56157ca61196 <unknown>\nE       #18 0x7f2721e9ca94 <unknown>\nE       #19 0x7f2721f29c3c <unknown>\n\n/opt/hostedtoolcache/Python/3.11.11/x64/lib/python3.11/site-packages/selenium/webdriver/remote/errorhandler.py:229: NoSuchElementException","steps":[{"name":"Open a browser","time":{"start":1734573321567,"stop":1734573322681,"duration":1114},"status":"passed","steps":[],"attachments":[],"parameters":[],"shouldDisplayMessage":false,"stepsCount":0,"attachmentsCount":0,"hasContent":false,"attachmentStep":false},{"name":"Check the title of info block in section 2 block 4 'home-performance' in the Promo Block is correct","time":{"start":1734573322681,"stop":1734573322700,"duration":19},"status":"broken","statusMessage":"selenium.common.exceptions.NoSuchElementException: Message: no such element: Unable to locate element: {\"method\":\"css selector\",\"selector\":\".home-performance .content .title\"}\n  (Session info: chrome=131.0.6778.139); For documentation on this error, please visit: https://www.selenium.dev/documentation/webdriver/troubleshooting/errors#no-such-element-exception\nStacktrace:\n#0 0x56157ca6231a <unknown>\n#1 0x56157c5786e0 <unknown>\n#2 0x56157c5c73e6 <unknown>\n#3 0x56157c5c7681 <unknown>\n#4 0x56157c60cb04 <unknown>\n#5 0x56157c5eb48d <unknown>\n#6 0x56157c609ed7 <unknown>\n#7 0x56157c5eb203 <unknown>\n#8 0x56157c5b9cc0 <unknown>\n#9 0x56157c5bac9e <unknown>\n#10 0x56157ca2fd0b <unknown>\n#11 0x56157ca33c92 <unknown>\n#12 0x56157ca1cb3c <unknown>\n#13 0x56157ca34807 <unknown>\n#14 0x56157ca020df <unknown>\n#15 0x56157ca51578 <unknown>\n#16 0x56157ca51740 <unknown>\n#17 0x56157ca61196 <unknown>\n#18 0x7f2721e9ca94 <unknown>\n#19 0x7f2721f29c3c <unknown>\n\n","statusTrace":"  File \"/opt/hostedtoolcache/Python/3.11.11/x64/lib/python3.11/site-packages/allure_commons/_allure.py\", line 192, in impl\n    return func(*a, **kw)\n           ^^^^^^^^^^^^^^\n  File \"/home/runner/work/luma_project/luma_project/pages/main_page.py\", line 262, in check_info_block_title_in_section2_block4\n    info_block_title = self.find_element(self.locators.SECTION_2_BLOCK_4_INFO_BLOCK_TITLE).text\n                       ^^^^^^^^^^^^^^^^^^^^^^^^^^^^^^^^^^^^^^^^^^^^^^^^^^^^^^^^^^^^^^^^^^^\n  File \"/opt/hostedtoolcache/Python/3.11.11/x64/lib/python3.11/site-packages/allure_commons/_allure.py\", line 192, in impl\n    return func(*a, **kw)\n           ^^^^^^^^^^^^^^\n  File \"/home/runner/work/luma_project/luma_project/pages/base_page.py\", line 201, in find_element\n    return self.driver.find_element(*locator)\n           ^^^^^^^^^^^^^^^^^^^^^^^^^^^^^^^^^^\n  File \"/opt/hostedtoolcache/Python/3.11.11/x64/lib/python3.11/site-packages/selenium/webdriver/remote/webdriver.py\", line 738, in find_element\n    return self.execute(Command.FIND_ELEMENT, {\"using\": by, \"value\": value})[\"value\"]\n           ^^^^^^^^^^^^^^^^^^^^^^^^^^^^^^^^^^^^^^^^^^^^^^^^^^^^^^^^^^^^^^^^^\n  File \"/opt/hostedtoolcache/Python/3.11.11/x64/lib/python3.11/site-packages/selenium/webdriver/remote/webdriver.py\", line 344, in execute\n    self.error_handler.check_response(response)\n  File \"/opt/hostedtoolcache/Python/3.11.11/x64/lib/python3.11/site-packages/selenium/webdriver/remote/errorhandler.py\", line 229, in check_response\n    raise exception_class(message, screen, stacktrace)\n","steps":[{"name":"Find element (unpacking)","time":{"start":1734573322681,"stop":1734573322699,"duration":18},"status":"broken","statusMessage":"selenium.common.exceptions.NoSuchElementException: Message: no such element: Unable to locate element: {\"method\":\"css selector\",\"selector\":\".home-performance .content .title\"}\n  (Session info: chrome=131.0.6778.139); For documentation on this error, please visit: https://www.selenium.dev/documentation/webdriver/troubleshooting/errors#no-such-element-exception\nStacktrace:\n#0 0x56157ca6231a <unknown>\n#1 0x56157c5786e0 <unknown>\n#2 0x56157c5c73e6 <unknown>\n#3 0x56157c5c7681 <unknown>\n#4 0x56157c60cb04 <unknown>\n#5 0x56157c5eb48d <unknown>\n#6 0x56157c609ed7 <unknown>\n#7 0x56157c5eb203 <unknown>\n#8 0x56157c5b9cc0 <unknown>\n#9 0x56157c5bac9e <unknown>\n#10 0x56157ca2fd0b <unknown>\n#11 0x56157ca33c92 <unknown>\n#12 0x56157ca1cb3c <unknown>\n#13 0x56157ca34807 <unknown>\n#14 0x56157ca020df <unknown>\n#15 0x56157ca51578 <unknown>\n#16 0x56157ca51740 <unknown>\n#17 0x56157ca61196 <unknown>\n#18 0x7f2721e9ca94 <unknown>\n#19 0x7f2721f29c3c <unknown>\n\n","statusTrace":"  File \"/opt/hostedtoolcache/Python/3.11.11/x64/lib/python3.11/site-packages/allure_commons/_allure.py\", line 192, in impl\n    return func(*a, **kw)\n           ^^^^^^^^^^^^^^\n  File \"/home/runner/work/luma_project/luma_project/pages/base_page.py\", line 201, in find_element\n    return self.driver.find_element(*locator)\n           ^^^^^^^^^^^^^^^^^^^^^^^^^^^^^^^^^^\n  File \"/opt/hostedtoolcache/Python/3.11.11/x64/lib/python3.11/site-packages/selenium/webdriver/remote/webdriver.py\", line 738, in find_element\n    return self.execute(Command.FIND_ELEMENT, {\"using\": by, \"value\": value})[\"value\"]\n           ^^^^^^^^^^^^^^^^^^^^^^^^^^^^^^^^^^^^^^^^^^^^^^^^^^^^^^^^^^^^^^^^^\n  File \"/opt/hostedtoolcache/Python/3.11.11/x64/lib/python3.11/site-packages/selenium/webdriver/remote/webdriver.py\", line 344, in execute\n    self.error_handler.check_response(response)\n  File \"/opt/hostedtoolcache/Python/3.11.11/x64/lib/python3.11/site-packages/selenium/webdriver/remote/errorhandler.py\", line 229, in check_response\n    raise exception_class(message, screen, stacktrace)\n","steps":[],"attachments":[],"parameters":[{"name":"locator","value":"('css selector', '.home-performance .content .title')"}],"shouldDisplayMessage":true,"stepsCount":0,"attachmentsCount":0,"hasContent":true,"attachmentStep":false}],"attachments":[],"parameters":[],"shouldDisplayMessage":false,"stepsCount":1,"attachmentsCount":0,"hasContent":true,"attachmentStep":false}],"attachments":[{"uid":"e5fdad579f854d6e","name":"Screenshot","source":"e5fdad579f854d6e.png","type":"image/png","size":548028},{"uid":"b4985de24e3b1d25","name":"HTML source","source":"b4985de24e3b1d25.html","type":"text/html","size":136671}],"parameters":[],"shouldDisplayMessage":true,"stepsCount":3,"attachmentsCount":2,"hasContent":true,"attachmentStep":false},"afterStages":[{"name":"driver::0","time":{"start":1734573322968,"stop":1734573323039,"duration":71},"status":"passed","steps":[],"attachments":[],"parameters":[],"shouldDisplayMessage":false,"stepsCount":0,"attachmentsCount":0,"hasContent":false,"attachmentStep":false},{"name":"clear_allure_result_folder::0","time":{"start":1734574059628,"stop":1734574059628,"duration":0},"status":"passed","steps":[],"attachments":[],"parameters":[],"shouldDisplayMessage":false,"stepsCount":0,"attachmentsCount":0,"hasContent":false,"attachmentStep":false}],"labels":[{"name":"feature","value":"Promo Block Testing"},{"name":"epic","value":"Main Page"},{"name":"parentSuite","value":"tests"},{"name":"suite","value":"test_main_page"},{"name":"subSuite","value":"TestMainPage"},{"name":"host","value":"fv-az1928-252"},{"name":"thread","value":"2780-MainThread"},{"name":"framework","value":"pytest"},{"name":"language","value":"cpython3"},{"name":"package","value":"tests.test_main_page"},{"name":"resultFormat","value":"allure2"}],"parameters":[],"links":[],"hidden":false,"retry":false,"extra":{"severity":"normal","retries":[],"categories":[{"name":"Test defects","matchedStatuses":[],"flaky":false}],"history":{"statistic":{"failed":0,"broken":5,"skipped":0,"passed":0,"unknown":0,"total":5},"items":[{"uid":"e18b00bebe645d93","reportUrl":"https://verafes.github.io/luma_project/528//#testresult/e18b00bebe645d93","status":"broken","statusDetails":"selenium.common.exceptions.NoSuchElementException: Message: no such element: Unable to locate element: {\"method\":\"css selector\",\"selector\":\".home-performance .content .title\"}\n  (Session info: chrome=131.0.6778.108); For documentation on this error, please visit: https://www.selenium.dev/documentation/webdriver/troubleshooting/errors#no-such-element-exception\nStacktrace:\n#0 0x564c168c834a <unknown>\n#1 0x564c163de6e0 <unknown>\n#2 0x564c1642d3e6 <unknown>\n#3 0x564c1642d681 <unknown>\n#4 0x564c16472b04 <unknown>\n#5 0x564c1645148d <unknown>\n#6 0x564c1646fed7 <unknown>\n#7 0x564c16451203 <unknown>\n#8 0x564c1641fcc0 <unknown>\n#9 0x564c16420c9e <unknown>\n#10 0x564c16895d3b <unknown>\n#11 0x564c16899cc2 <unknown>\n#12 0x564c16882b6c <unknown>\n#13 0x564c1689a837 <unknown>\n#14 0x564c1686810f <unknown>\n#15 0x564c168b75a8 <unknown>\n#16 0x564c168b7770 <unknown>\n#17 0x564c168c71c6 <unknown>\n#18 0x7fb6a5a9ca94 <unknown>\n#19 0x7fb6a5b29c3c <unknown>","time":{"start":1734487028753,"stop":1734487029981,"duration":1228}},{"uid":"e4365ae90cba24e5","reportUrl":"https://verafes.github.io/luma_project/527//#testresult/e4365ae90cba24e5","status":"broken","statusDetails":"selenium.common.exceptions.NoSuchElementException: Message: no such element: Unable to locate element: {\"method\":\"css selector\",\"selector\":\".home-performance .content .title\"}\n  (Session info: chrome=131.0.6778.108); For documentation on this error, please visit: https://www.selenium.dev/documentation/webdriver/troubleshooting/errors#no-such-element-exception\nStacktrace:\n#0 0x55d831b3034a <unknown>\n#1 0x55d8316466e0 <unknown>\n#2 0x55d8316953e6 <unknown>\n#3 0x55d831695681 <unknown>\n#4 0x55d8316dab04 <unknown>\n#5 0x55d8316b948d <unknown>\n#6 0x55d8316d7ed7 <unknown>\n#7 0x55d8316b9203 <unknown>\n#8 0x55d831687cc0 <unknown>\n#9 0x55d831688c9e <unknown>\n#10 0x55d831afdd3b <unknown>\n#11 0x55d831b01cc2 <unknown>\n#12 0x55d831aeab6c <unknown>\n#13 0x55d831b02837 <unknown>\n#14 0x55d831ad010f <unknown>\n#15 0x55d831b1f5a8 <unknown>\n#16 0x55d831b1f770 <unknown>\n#17 0x55d831b2f1c6 <unknown>\n#18 0x7fa89509ca94 <unknown>\n#19 0x7fa895129c3c <unknown>","time":{"start":1734400680087,"stop":1734400681244,"duration":1157}},{"uid":"4e11e51dbd4d28b9","reportUrl":"https://verafes.github.io/luma_project/526//#testresult/4e11e51dbd4d28b9","status":"broken","statusDetails":"selenium.common.exceptions.NoSuchElementException: Message: no such element: Unable to locate element: {\"method\":\"css selector\",\"selector\":\".home-performance .content .title\"}\n  (Session info: chrome=131.0.6778.108); For documentation on this error, please visit: https://www.selenium.dev/documentation/webdriver/troubleshooting/errors#no-such-element-exception\nStacktrace:\n#0 0x55b23a47a34a <unknown>\n#1 0x55b239f906e0 <unknown>\n#2 0x55b239fdf3e6 <unknown>\n#3 0x55b239fdf681 <unknown>\n#4 0x55b23a024b04 <unknown>\n#5 0x55b23a00348d <unknown>\n#6 0x55b23a021ed7 <unknown>\n#7 0x55b23a003203 <unknown>\n#8 0x55b239fd1cc0 <unknown>\n#9 0x55b239fd2c9e <unknown>\n#10 0x55b23a447d3b <unknown>\n#11 0x55b23a44bcc2 <unknown>\n#12 0x55b23a434b6c <unknown>\n#13 0x55b23a44c837 <unknown>\n#14 0x55b23a41a10f <unknown>\n#15 0x55b23a4695a8 <unknown>\n#16 0x55b23a469770 <unknown>\n#17 0x55b23a4791c6 <unknown>\n#18 0x7f5f8329ca94 <unknown>\n#19 0x7f5f83329c3c <unknown>","time":{"start":1734314535713,"stop":1734314537267,"duration":1554}},{"uid":"b3a638e3006b141e","reportUrl":"https://verafes.github.io/luma_project/525//#testresult/b3a638e3006b141e","status":"broken","statusDetails":"selenium.common.exceptions.NoSuchElementException: Message: no such element: Unable to locate element: {\"method\":\"css selector\",\"selector\":\".home-performance .content .title\"}\n  (Session info: chrome=131.0.6778.139); For documentation on this error, please visit: https://www.selenium.dev/documentation/webdriver/troubleshooting/errors#no-such-element-exception\nStacktrace:\n#0 0x55627055d31a <unknown>\n#1 0x5562700736e0 <unknown>\n#2 0x5562700c23e6 <unknown>\n#3 0x5562700c2681 <unknown>\n#4 0x556270107b04 <unknown>\n#5 0x5562700e648d <unknown>\n#6 0x556270104ed7 <unknown>\n#7 0x5562700e6203 <unknown>\n#8 0x5562700b4cc0 <unknown>\n#9 0x5562700b5c9e <unknown>\n#10 0x55627052ad0b <unknown>\n#11 0x55627052ec92 <unknown>\n#12 0x556270517b3c <unknown>\n#13 0x55627052f807 <unknown>\n#14 0x5562704fd0df <unknown>\n#15 0x55627054c578 <unknown>\n#16 0x55627054c740 <unknown>\n#17 0x55627055c196 <unknown>\n#18 0x7f8cd9094ac3 <unknown>","time":{"start":1734228283335,"stop":1734228284389,"duration":1054}}]},"tags":[]},"source":"c917810d19b01e2e.json","parameterValues":[]}