{"uid":"fad97c1dcc829ae2","name":"TC 13.01.36_01 - Check correctness of the image in block 5 'home-eco' in the Promo Block","fullName":"tests.test_main_page.TestPromoBlock#test_tc_13_01_36_01_check_image_correctness_in_section2_block5","historyId":"affe465dc61b2411feabe8a3013a4db8","time":{"start":1734573340578,"stop":1734573341746,"duration":1168},"description":"This test checks if the image in section 2 block 5 'home-eco' is correct","descriptionHtml":"<p>This test checks if the image in section 2 block 5 'home-eco' is correct</p>\n","status":"broken","statusMessage":"selenium.common.exceptions.NoSuchElementException: Message: no such element: Unable to locate element: {\"method\":\"css selector\",\"selector\":\".home-eco img\"}\n  (Session info: chrome=131.0.6778.139); For documentation on this error, please visit: https://www.selenium.dev/documentation/webdriver/troubleshooting/errors#no-such-element-exception\nStacktrace:\n#0 0x55ace41e931a <unknown>\n#1 0x55ace3cff6e0 <unknown>\n#2 0x55ace3d4e3e6 <unknown>\n#3 0x55ace3d4e681 <unknown>\n#4 0x55ace3d93b04 <unknown>\n#5 0x55ace3d7248d <unknown>\n#6 0x55ace3d90ed7 <unknown>\n#7 0x55ace3d72203 <unknown>\n#8 0x55ace3d40cc0 <unknown>\n#9 0x55ace3d41c9e <unknown>\n#10 0x55ace41b6d0b <unknown>\n#11 0x55ace41bac92 <unknown>\n#12 0x55ace41a3b3c <unknown>\n#13 0x55ace41bb807 <unknown>\n#14 0x55ace41890df <unknown>\n#15 0x55ace41d8578 <unknown>\n#16 0x55ace41d8740 <unknown>\n#17 0x55ace41e8196 <unknown>\n#18 0x7fa32429ca94 <unknown>\n#19 0x7fa324329c3c <unknown>","statusTrace":"self = <test_main_page.TestMainPage.TestPromoBlock object at 0x7f934fde1d50>\ndriver = <selenium.webdriver.chrome.webdriver.WebDriver (session=\"614972729e327b406b0f924844645e53\")>\n\n    @allure.title(\"TC 13.01.36_01 - Check correctness of the image in block 5 'home-eco' in the Promo Block\")\n    def test_tc_13_01_36_01_check_image_correctness_in_section2_block5(self, driver):\n        \"\"\"This test checks if the image in section 2 block 5 'home-eco' is correct\"\"\"\n        page = PromoBlock(driver, MAIN_PAGE_URL)\n        page.open()\n>       block5_image = page.find_element(self.locators.SECTION_2_BLOCK_5_IMAGE)\n\ntests/test_main_page.py:504: \n_ _ _ _ _ _ _ _ _ _ _ _ _ _ _ _ _ _ _ _ _ _ _ _ _ _ _ _ _ _ _ _ _ _ _ _ _ _ _ _ \npages/base_page.py:201: in find_element\n    return self.driver.find_element(*locator)\n/opt/hostedtoolcache/Python/3.11.11/x64/lib/python3.11/site-packages/selenium/webdriver/remote/webdriver.py:738: in find_element\n    return self.execute(Command.FIND_ELEMENT, {\"using\": by, \"value\": value})[\"value\"]\n/opt/hostedtoolcache/Python/3.11.11/x64/lib/python3.11/site-packages/selenium/webdriver/remote/webdriver.py:344: in execute\n    self.error_handler.check_response(response)\n_ _ _ _ _ _ _ _ _ _ _ _ _ _ _ _ _ _ _ _ _ _ _ _ _ _ _ _ _ _ _ _ _ _ _ _ _ _ _ _ \n\nself = <selenium.webdriver.remote.errorhandler.ErrorHandler object at 0x7f934fe08f10>\nresponse = {'status': 404, 'value': '{\"value\":{\"error\":\"no such element\",\"message\":\"no such element: Unable to locate element: {\\...\\\\n#17 0x55ace41e8196 \\\\u003Cunknown>\\\\n#18 0x7fa32429ca94 \\\\u003Cunknown>\\\\n#19 0x7fa324329c3c \\\\u003Cunknown>\\\\n\"}}'}\n\n    def check_response(self, response: Dict[str, Any]) -> None:\n        \"\"\"Checks that a JSON response from the WebDriver does not have an\n        error.\n    \n        :Args:\n         - response - The JSON response from the WebDriver server as a dictionary\n           object.\n    \n        :Raises: If the response contains an error message.\n        \"\"\"\n        status = response.get(\"status\", None)\n        if not status or status == ErrorCode.SUCCESS:\n            return\n        value = None\n        message = response.get(\"message\", \"\")\n        screen: str = response.get(\"screen\", \"\")\n        stacktrace = None\n        if isinstance(status, int):\n            value_json = response.get(\"value\", None)\n            if value_json and isinstance(value_json, str):\n                import json\n    \n                try:\n                    value = json.loads(value_json)\n                    if len(value) == 1:\n                        value = value[\"value\"]\n                    status = value.get(\"error\", None)\n                    if not status:\n                        status = value.get(\"status\", ErrorCode.UNKNOWN_ERROR)\n                        message = value.get(\"value\") or value.get(\"message\")\n                        if not isinstance(message, str):\n                            value = message\n                            message = message.get(\"message\")\n                    else:\n                        message = value.get(\"message\", None)\n                except ValueError:\n                    pass\n    \n        exception_class: Type[WebDriverException]\n        e = ErrorCode()\n        error_codes = [item for item in dir(e) if not item.startswith(\"__\")]\n        for error_code in error_codes:\n            error_info = getattr(ErrorCode, error_code)\n            if isinstance(error_info, list) and status in error_info:\n                exception_class = getattr(ExceptionMapping, error_code, WebDriverException)\n                break\n        else:\n            exception_class = WebDriverException\n    \n        if not value:\n            value = response[\"value\"]\n        if isinstance(value, str):\n            raise exception_class(value)\n        if message == \"\" and \"message\" in value:\n            message = value[\"message\"]\n    \n        screen = None  # type: ignore[assignment]\n        if \"screen\" in value:\n            screen = value[\"screen\"]\n    \n        stacktrace = None\n        st_value = value.get(\"stackTrace\") or value.get(\"stacktrace\")\n        if st_value:\n            if isinstance(st_value, str):\n                stacktrace = st_value.split(\"\\n\")\n            else:\n                stacktrace = []\n                try:\n                    for frame in st_value:\n                        line = frame.get(\"lineNumber\", \"\")\n                        file = frame.get(\"fileName\", \"<anonymous>\")\n                        if line:\n                            file = f\"{file}:{line}\"\n                        meth = frame.get(\"methodName\", \"<anonymous>\")\n                        if \"className\" in frame:\n                            meth = f\"{frame['className']}.{meth}\"\n                        msg = \"    at %s (%s)\"\n                        msg = msg % (meth, file)\n                        stacktrace.append(msg)\n                except TypeError:\n                    pass\n        if exception_class == UnexpectedAlertPresentException:\n            alert_text = None\n            if \"data\" in value:\n                alert_text = value[\"data\"].get(\"text\")\n            elif \"alert\" in value:\n                alert_text = value[\"alert\"].get(\"text\")\n            raise exception_class(message, screen, stacktrace, alert_text)  # type: ignore[call-arg]  # mypy is not smart enough here\n>       raise exception_class(message, screen, stacktrace)\nE       selenium.common.exceptions.NoSuchElementException: Message: no such element: Unable to locate element: {\"method\":\"css selector\",\"selector\":\".home-eco img\"}\nE         (Session info: chrome=131.0.6778.139); For documentation on this error, please visit: https://www.selenium.dev/documentation/webdriver/troubleshooting/errors#no-such-element-exception\nE       Stacktrace:\nE       #0 0x55ace41e931a <unknown>\nE       #1 0x55ace3cff6e0 <unknown>\nE       #2 0x55ace3d4e3e6 <unknown>\nE       #3 0x55ace3d4e681 <unknown>\nE       #4 0x55ace3d93b04 <unknown>\nE       #5 0x55ace3d7248d <unknown>\nE       #6 0x55ace3d90ed7 <unknown>\nE       #7 0x55ace3d72203 <unknown>\nE       #8 0x55ace3d40cc0 <unknown>\nE       #9 0x55ace3d41c9e <unknown>\nE       #10 0x55ace41b6d0b <unknown>\nE       #11 0x55ace41bac92 <unknown>\nE       #12 0x55ace41a3b3c <unknown>\nE       #13 0x55ace41bb807 <unknown>\nE       #14 0x55ace41890df <unknown>\nE       #15 0x55ace41d8578 <unknown>\nE       #16 0x55ace41d8740 <unknown>\nE       #17 0x55ace41e8196 <unknown>\nE       #18 0x7fa32429ca94 <unknown>\nE       #19 0x7fa324329c3c <unknown>\n\n/opt/hostedtoolcache/Python/3.11.11/x64/lib/python3.11/site-packages/selenium/webdriver/remote/errorhandler.py:229: NoSuchElementException","flaky":false,"newFailed":false,"newBroken":false,"newPassed":false,"retriesCount":0,"retriesStatusChange":false,"beforeStages":[{"name":"_session_faker","time":{"start":1734572613045,"stop":1734572613109,"duration":64},"status":"passed","steps":[],"attachments":[],"parameters":[],"shouldDisplayMessage":false,"stepsCount":0,"attachmentsCount":0,"hasContent":false,"attachmentStep":false},{"name":"clear_allure_result_folder","time":{"start":1734572613109,"stop":1734572613109,"duration":0},"status":"passed","steps":[],"attachments":[],"parameters":[],"shouldDisplayMessage":false,"stepsCount":0,"attachmentsCount":0,"hasContent":false,"attachmentStep":false},{"name":"driver","time":{"start":1734573339392,"stop":1734573340578,"duration":1186},"status":"passed","steps":[],"attachments":[],"parameters":[],"shouldDisplayMessage":false,"stepsCount":0,"attachmentsCount":0,"hasContent":false,"attachmentStep":false}],"testStage":{"description":"This test checks if the image in section 2 block 5 'home-eco' is correct","status":"broken","statusMessage":"selenium.common.exceptions.NoSuchElementException: Message: no such element: Unable to locate element: {\"method\":\"css selector\",\"selector\":\".home-eco img\"}\n  (Session info: chrome=131.0.6778.139); For documentation on this error, please visit: https://www.selenium.dev/documentation/webdriver/troubleshooting/errors#no-such-element-exception\nStacktrace:\n#0 0x55ace41e931a <unknown>\n#1 0x55ace3cff6e0 <unknown>\n#2 0x55ace3d4e3e6 <unknown>\n#3 0x55ace3d4e681 <unknown>\n#4 0x55ace3d93b04 <unknown>\n#5 0x55ace3d7248d <unknown>\n#6 0x55ace3d90ed7 <unknown>\n#7 0x55ace3d72203 <unknown>\n#8 0x55ace3d40cc0 <unknown>\n#9 0x55ace3d41c9e <unknown>\n#10 0x55ace41b6d0b <unknown>\n#11 0x55ace41bac92 <unknown>\n#12 0x55ace41a3b3c <unknown>\n#13 0x55ace41bb807 <unknown>\n#14 0x55ace41890df <unknown>\n#15 0x55ace41d8578 <unknown>\n#16 0x55ace41d8740 <unknown>\n#17 0x55ace41e8196 <unknown>\n#18 0x7fa32429ca94 <unknown>\n#19 0x7fa324329c3c <unknown>","statusTrace":"self = <test_main_page.TestMainPage.TestPromoBlock object at 0x7f934fde1d50>\ndriver = <selenium.webdriver.chrome.webdriver.WebDriver (session=\"614972729e327b406b0f924844645e53\")>\n\n    @allure.title(\"TC 13.01.36_01 - Check correctness of the image in block 5 'home-eco' in the Promo Block\")\n    def test_tc_13_01_36_01_check_image_correctness_in_section2_block5(self, driver):\n        \"\"\"This test checks if the image in section 2 block 5 'home-eco' is correct\"\"\"\n        page = PromoBlock(driver, MAIN_PAGE_URL)\n        page.open()\n>       block5_image = page.find_element(self.locators.SECTION_2_BLOCK_5_IMAGE)\n\ntests/test_main_page.py:504: \n_ _ _ _ _ _ _ _ _ _ _ _ _ _ _ _ _ _ _ _ _ _ _ _ _ _ _ _ _ _ _ _ _ _ _ _ _ _ _ _ \npages/base_page.py:201: in find_element\n    return self.driver.find_element(*locator)\n/opt/hostedtoolcache/Python/3.11.11/x64/lib/python3.11/site-packages/selenium/webdriver/remote/webdriver.py:738: in find_element\n    return self.execute(Command.FIND_ELEMENT, {\"using\": by, \"value\": value})[\"value\"]\n/opt/hostedtoolcache/Python/3.11.11/x64/lib/python3.11/site-packages/selenium/webdriver/remote/webdriver.py:344: in execute\n    self.error_handler.check_response(response)\n_ _ _ _ _ _ _ _ _ _ _ _ _ _ _ _ _ _ _ _ _ _ _ _ _ _ _ _ _ _ _ _ _ _ _ _ _ _ _ _ \n\nself = <selenium.webdriver.remote.errorhandler.ErrorHandler object at 0x7f934fe08f10>\nresponse = {'status': 404, 'value': '{\"value\":{\"error\":\"no such element\",\"message\":\"no such element: Unable to locate element: {\\...\\\\n#17 0x55ace41e8196 \\\\u003Cunknown>\\\\n#18 0x7fa32429ca94 \\\\u003Cunknown>\\\\n#19 0x7fa324329c3c \\\\u003Cunknown>\\\\n\"}}'}\n\n    def check_response(self, response: Dict[str, Any]) -> None:\n        \"\"\"Checks that a JSON response from the WebDriver does not have an\n        error.\n    \n        :Args:\n         - response - The JSON response from the WebDriver server as a dictionary\n           object.\n    \n        :Raises: If the response contains an error message.\n        \"\"\"\n        status = response.get(\"status\", None)\n        if not status or status == ErrorCode.SUCCESS:\n            return\n        value = None\n        message = response.get(\"message\", \"\")\n        screen: str = response.get(\"screen\", \"\")\n        stacktrace = None\n        if isinstance(status, int):\n            value_json = response.get(\"value\", None)\n            if value_json and isinstance(value_json, str):\n                import json\n    \n                try:\n                    value = json.loads(value_json)\n                    if len(value) == 1:\n                        value = value[\"value\"]\n                    status = value.get(\"error\", None)\n                    if not status:\n                        status = value.get(\"status\", ErrorCode.UNKNOWN_ERROR)\n                        message = value.get(\"value\") or value.get(\"message\")\n                        if not isinstance(message, str):\n                            value = message\n                            message = message.get(\"message\")\n                    else:\n                        message = value.get(\"message\", None)\n                except ValueError:\n                    pass\n    \n        exception_class: Type[WebDriverException]\n        e = ErrorCode()\n        error_codes = [item for item in dir(e) if not item.startswith(\"__\")]\n        for error_code in error_codes:\n            error_info = getattr(ErrorCode, error_code)\n            if isinstance(error_info, list) and status in error_info:\n                exception_class = getattr(ExceptionMapping, error_code, WebDriverException)\n                break\n        else:\n            exception_class = WebDriverException\n    \n        if not value:\n            value = response[\"value\"]\n        if isinstance(value, str):\n            raise exception_class(value)\n        if message == \"\" and \"message\" in value:\n            message = value[\"message\"]\n    \n        screen = None  # type: ignore[assignment]\n        if \"screen\" in value:\n            screen = value[\"screen\"]\n    \n        stacktrace = None\n        st_value = value.get(\"stackTrace\") or value.get(\"stacktrace\")\n        if st_value:\n            if isinstance(st_value, str):\n                stacktrace = st_value.split(\"\\n\")\n            else:\n                stacktrace = []\n                try:\n                    for frame in st_value:\n                        line = frame.get(\"lineNumber\", \"\")\n                        file = frame.get(\"fileName\", \"<anonymous>\")\n                        if line:\n                            file = f\"{file}:{line}\"\n                        meth = frame.get(\"methodName\", \"<anonymous>\")\n                        if \"className\" in frame:\n                            meth = f\"{frame['className']}.{meth}\"\n                        msg = \"    at %s (%s)\"\n                        msg = msg % (meth, file)\n                        stacktrace.append(msg)\n                except TypeError:\n                    pass\n        if exception_class == UnexpectedAlertPresentException:\n            alert_text = None\n            if \"data\" in value:\n                alert_text = value[\"data\"].get(\"text\")\n            elif \"alert\" in value:\n                alert_text = value[\"alert\"].get(\"text\")\n            raise exception_class(message, screen, stacktrace, alert_text)  # type: ignore[call-arg]  # mypy is not smart enough here\n>       raise exception_class(message, screen, stacktrace)\nE       selenium.common.exceptions.NoSuchElementException: Message: no such element: Unable to locate element: {\"method\":\"css selector\",\"selector\":\".home-eco img\"}\nE         (Session info: chrome=131.0.6778.139); For documentation on this error, please visit: https://www.selenium.dev/documentation/webdriver/troubleshooting/errors#no-such-element-exception\nE       Stacktrace:\nE       #0 0x55ace41e931a <unknown>\nE       #1 0x55ace3cff6e0 <unknown>\nE       #2 0x55ace3d4e3e6 <unknown>\nE       #3 0x55ace3d4e681 <unknown>\nE       #4 0x55ace3d93b04 <unknown>\nE       #5 0x55ace3d7248d <unknown>\nE       #6 0x55ace3d90ed7 <unknown>\nE       #7 0x55ace3d72203 <unknown>\nE       #8 0x55ace3d40cc0 <unknown>\nE       #9 0x55ace3d41c9e <unknown>\nE       #10 0x55ace41b6d0b <unknown>\nE       #11 0x55ace41bac92 <unknown>\nE       #12 0x55ace41a3b3c <unknown>\nE       #13 0x55ace41bb807 <unknown>\nE       #14 0x55ace41890df <unknown>\nE       #15 0x55ace41d8578 <unknown>\nE       #16 0x55ace41d8740 <unknown>\nE       #17 0x55ace41e8196 <unknown>\nE       #18 0x7fa32429ca94 <unknown>\nE       #19 0x7fa324329c3c <unknown>\n\n/opt/hostedtoolcache/Python/3.11.11/x64/lib/python3.11/site-packages/selenium/webdriver/remote/errorhandler.py:229: NoSuchElementException","steps":[{"name":"Open a browser","time":{"start":1734573340578,"stop":1734573341729,"duration":1151},"status":"passed","steps":[],"attachments":[],"parameters":[],"shouldDisplayMessage":false,"stepsCount":0,"attachmentsCount":0,"hasContent":false,"attachmentStep":false},{"name":"Find element (unpacking)","time":{"start":1734573341729,"stop":1734573341745,"duration":16},"status":"broken","statusMessage":"selenium.common.exceptions.NoSuchElementException: Message: no such element: Unable to locate element: {\"method\":\"css selector\",\"selector\":\".home-eco img\"}\n  (Session info: chrome=131.0.6778.139); For documentation on this error, please visit: https://www.selenium.dev/documentation/webdriver/troubleshooting/errors#no-such-element-exception\nStacktrace:\n#0 0x55ace41e931a <unknown>\n#1 0x55ace3cff6e0 <unknown>\n#2 0x55ace3d4e3e6 <unknown>\n#3 0x55ace3d4e681 <unknown>\n#4 0x55ace3d93b04 <unknown>\n#5 0x55ace3d7248d <unknown>\n#6 0x55ace3d90ed7 <unknown>\n#7 0x55ace3d72203 <unknown>\n#8 0x55ace3d40cc0 <unknown>\n#9 0x55ace3d41c9e <unknown>\n#10 0x55ace41b6d0b <unknown>\n#11 0x55ace41bac92 <unknown>\n#12 0x55ace41a3b3c <unknown>\n#13 0x55ace41bb807 <unknown>\n#14 0x55ace41890df <unknown>\n#15 0x55ace41d8578 <unknown>\n#16 0x55ace41d8740 <unknown>\n#17 0x55ace41e8196 <unknown>\n#18 0x7fa32429ca94 <unknown>\n#19 0x7fa324329c3c <unknown>\n\n","statusTrace":"  File \"/opt/hostedtoolcache/Python/3.11.11/x64/lib/python3.11/site-packages/allure_commons/_allure.py\", line 192, in impl\n    return func(*a, **kw)\n           ^^^^^^^^^^^^^^\n  File \"/home/runner/work/luma_project/luma_project/pages/base_page.py\", line 201, in find_element\n    return self.driver.find_element(*locator)\n           ^^^^^^^^^^^^^^^^^^^^^^^^^^^^^^^^^^\n  File \"/opt/hostedtoolcache/Python/3.11.11/x64/lib/python3.11/site-packages/selenium/webdriver/remote/webdriver.py\", line 738, in find_element\n    return self.execute(Command.FIND_ELEMENT, {\"using\": by, \"value\": value})[\"value\"]\n           ^^^^^^^^^^^^^^^^^^^^^^^^^^^^^^^^^^^^^^^^^^^^^^^^^^^^^^^^^^^^^^^^^\n  File \"/opt/hostedtoolcache/Python/3.11.11/x64/lib/python3.11/site-packages/selenium/webdriver/remote/webdriver.py\", line 344, in execute\n    self.error_handler.check_response(response)\n  File \"/opt/hostedtoolcache/Python/3.11.11/x64/lib/python3.11/site-packages/selenium/webdriver/remote/errorhandler.py\", line 229, in check_response\n    raise exception_class(message, screen, stacktrace)\n","steps":[],"attachments":[],"parameters":[{"name":"locator","value":"('css selector', '.home-eco img')"}],"shouldDisplayMessage":true,"stepsCount":0,"attachmentsCount":0,"hasContent":true,"attachmentStep":false}],"attachments":[{"uid":"53f6b5faccddd5c2","name":"Screenshot","source":"53f6b5faccddd5c2.png","type":"image/png","size":548028},{"uid":"e6f21c46920200f","name":"HTML source","source":"e6f21c46920200f.html","type":"text/html","size":136668}],"parameters":[],"shouldDisplayMessage":true,"stepsCount":2,"attachmentsCount":2,"hasContent":true,"attachmentStep":false},"afterStages":[{"name":"driver::0","time":{"start":1734573342001,"stop":1734573342073,"duration":72},"status":"passed","steps":[],"attachments":[],"parameters":[],"shouldDisplayMessage":false,"stepsCount":0,"attachmentsCount":0,"hasContent":false,"attachmentStep":false},{"name":"clear_allure_result_folder::0","time":{"start":1734574059628,"stop":1734574059628,"duration":0},"status":"passed","steps":[],"attachments":[],"parameters":[],"shouldDisplayMessage":false,"stepsCount":0,"attachmentsCount":0,"hasContent":false,"attachmentStep":false}],"labels":[{"name":"feature","value":"Promo Block Testing"},{"name":"epic","value":"Main Page"},{"name":"parentSuite","value":"tests"},{"name":"suite","value":"test_main_page"},{"name":"subSuite","value":"TestMainPage"},{"name":"host","value":"fv-az1928-252"},{"name":"thread","value":"2780-MainThread"},{"name":"framework","value":"pytest"},{"name":"language","value":"cpython3"},{"name":"package","value":"tests.test_main_page"},{"name":"resultFormat","value":"allure2"}],"parameters":[],"links":[],"hidden":false,"retry":false,"extra":{"severity":"normal","retries":[],"categories":[{"name":"Test defects","matchedStatuses":[],"flaky":false}],"history":{"statistic":{"failed":0,"broken":5,"skipped":0,"passed":0,"unknown":0,"total":5},"items":[{"uid":"312fe0c385428a0e","reportUrl":"https://verafes.github.io/luma_project/528//#testresult/312fe0c385428a0e","status":"broken","statusDetails":"selenium.common.exceptions.NoSuchElementException: Message: no such element: Unable to locate element: {\"method\":\"css selector\",\"selector\":\".home-eco img\"}\n  (Session info: chrome=131.0.6778.108); For documentation on this error, please visit: https://www.selenium.dev/documentation/webdriver/troubleshooting/errors#no-such-element-exception\nStacktrace:\n#0 0x5596420ef34a <unknown>\n#1 0x559641c056e0 <unknown>\n#2 0x559641c543e6 <unknown>\n#3 0x559641c54681 <unknown>\n#4 0x559641c99b04 <unknown>\n#5 0x559641c7848d <unknown>\n#6 0x559641c96ed7 <unknown>\n#7 0x559641c78203 <unknown>\n#8 0x559641c46cc0 <unknown>\n#9 0x559641c47c9e <unknown>\n#10 0x5596420bcd3b <unknown>\n#11 0x5596420c0cc2 <unknown>\n#12 0x5596420a9b6c <unknown>\n#13 0x5596420c1837 <unknown>\n#14 0x55964208f10f <unknown>\n#15 0x5596420de5a8 <unknown>\n#16 0x5596420de770 <unknown>\n#17 0x5596420ee1c6 <unknown>\n#18 0x7fccb029ca94 <unknown>\n#19 0x7fccb0329c3c <unknown>","time":{"start":1734487048064,"stop":1734487049353,"duration":1289}},{"uid":"9d92f1190650acfd","reportUrl":"https://verafes.github.io/luma_project/527//#testresult/9d92f1190650acfd","status":"broken","statusDetails":"selenium.common.exceptions.NoSuchElementException: Message: no such element: Unable to locate element: {\"method\":\"css selector\",\"selector\":\".home-eco img\"}\n  (Session info: chrome=131.0.6778.108); For documentation on this error, please visit: https://www.selenium.dev/documentation/webdriver/troubleshooting/errors#no-such-element-exception\nStacktrace:\n#0 0x56153920434a <unknown>\n#1 0x561538d1a6e0 <unknown>\n#2 0x561538d693e6 <unknown>\n#3 0x561538d69681 <unknown>\n#4 0x561538daeb04 <unknown>\n#5 0x561538d8d48d <unknown>\n#6 0x561538dabed7 <unknown>\n#7 0x561538d8d203 <unknown>\n#8 0x561538d5bcc0 <unknown>\n#9 0x561538d5cc9e <unknown>\n#10 0x5615391d1d3b <unknown>\n#11 0x5615391d5cc2 <unknown>\n#12 0x5615391beb6c <unknown>\n#13 0x5615391d6837 <unknown>\n#14 0x5615391a410f <unknown>\n#15 0x5615391f35a8 <unknown>\n#16 0x5615391f3770 <unknown>\n#17 0x5615392031c6 <unknown>\n#18 0x7f4be4c9ca94 <unknown>\n#19 0x7f4be4d29c3c <unknown>","time":{"start":1734400698754,"stop":1734400699993,"duration":1239}},{"uid":"6606299e5ce68977","reportUrl":"https://verafes.github.io/luma_project/526//#testresult/6606299e5ce68977","status":"broken","statusDetails":"selenium.common.exceptions.NoSuchElementException: Message: no such element: Unable to locate element: {\"method\":\"css selector\",\"selector\":\".home-eco img\"}\n  (Session info: chrome=131.0.6778.108); For documentation on this error, please visit: https://www.selenium.dev/documentation/webdriver/troubleshooting/errors#no-such-element-exception\nStacktrace:\n#0 0x561481ee234a <unknown>\n#1 0x5614819f86e0 <unknown>\n#2 0x561481a473e6 <unknown>\n#3 0x561481a47681 <unknown>\n#4 0x561481a8cb04 <unknown>\n#5 0x561481a6b48d <unknown>\n#6 0x561481a89ed7 <unknown>\n#7 0x561481a6b203 <unknown>\n#8 0x561481a39cc0 <unknown>\n#9 0x561481a3ac9e <unknown>\n#10 0x561481eafd3b <unknown>\n#11 0x561481eb3cc2 <unknown>\n#12 0x561481e9cb6c <unknown>\n#13 0x561481eb4837 <unknown>\n#14 0x561481e8210f <unknown>\n#15 0x561481ed15a8 <unknown>\n#16 0x561481ed1770 <unknown>\n#17 0x561481ee11c6 <unknown>\n#18 0x7f7bda29ca94 <unknown>\n#19 0x7f7bda329c3c <unknown>","time":{"start":1734314558106,"stop":1734314559521,"duration":1415}},{"uid":"8cec01ee5c10e129","reportUrl":"https://verafes.github.io/luma_project/525//#testresult/8cec01ee5c10e129","status":"broken","statusDetails":"selenium.common.exceptions.NoSuchElementException: Message: no such element: Unable to locate element: {\"method\":\"css selector\",\"selector\":\".home-eco img\"}\n  (Session info: chrome=131.0.6778.139); For documentation on this error, please visit: https://www.selenium.dev/documentation/webdriver/troubleshooting/errors#no-such-element-exception\nStacktrace:\n#0 0x5586e007431a <unknown>\n#1 0x5586dfb8a6e0 <unknown>\n#2 0x5586dfbd93e6 <unknown>\n#3 0x5586dfbd9681 <unknown>\n#4 0x5586dfc1eb04 <unknown>\n#5 0x5586dfbfd48d <unknown>\n#6 0x5586dfc1bed7 <unknown>\n#7 0x5586dfbfd203 <unknown>\n#8 0x5586dfbcbcc0 <unknown>\n#9 0x5586dfbccc9e <unknown>\n#10 0x5586e0041d0b <unknown>\n#11 0x5586e0045c92 <unknown>\n#12 0x5586e002eb3c <unknown>\n#13 0x5586e0046807 <unknown>\n#14 0x5586e00140df <unknown>\n#15 0x5586e0063578 <unknown>\n#16 0x5586e0063740 <unknown>\n#17 0x5586e0073196 <unknown>\n#18 0x7f893c094ac3 <unknown>","time":{"start":1734228302195,"stop":1734228303376,"duration":1181}}]},"tags":[]},"source":"fad97c1dcc829ae2.json","parameterValues":[]}