{"uid":"d2188bc837546c32","name":"Check the transition to the page my wish after clicking on the button. User is not authorized","fullName":"tests.test_main_page.TestHotSellerSection#test_06_01_17_check_the_transition_to_the_page_my_wish_after_click_on_the_button","historyId":"0a4f97c306f2cceb030ba035cd56202a","time":{"start":1730080546467,"stop":1730080550462,"duration":3995},"description":"\n            This test will check that after clicking on the add to wishlist button,\n            you are redirected to the My Wishlist page\n            User is not authorized\n            ","descriptionHtml":"<pre><code>        This test will check that after clicking on the add to wishlist button,\n        you are redirected to the My Wishlist page\n        User is not authorized\n</code></pre>\n","status":"skipped","statusMessage":"XFAIL In CI, there is no transition to the user registration page, so the test fails\n\nselenium.common.exceptions.ElementClickInterceptedException: Message: element click intercepted: Element <a href=\"#\" data-post=\"{&quot;action&quot;:&quot;https:\\/\\/magento.softwaretestingboard.com\\/wishlist\\/index\\/add\\/&quot;,&quot;data&quot;:{&quot;product&quot;:6,&quot;uenc&quot;:&quot;aHR0cHM6Ly9tYWdlbnRvLnNvZnR3YXJldGVzdGluZ2JvYXJkLmNvbS8,&quot;}}\" class=\"action towishlist\" data-action=\"add-to-wishlist\" title=\"Add to Wish List\">...</a> is not clickable at point (0, 842). Other element would receive the click: <div id=\"aswift_4_host\" style=\"border: none !important; height: 124px !important; width: 100% !important; margin: 0px !important; padding: 0px !important; position: relative !important; visibility: visible !important; background-color: transparent !important; display: inline-block !important; inset: auto !important; clear: none !important; float: none !important; max-height: none !important; max-width: none !important; opacity: 1 !important; overflow: visible !important; vertical-align: baseline !important; z-index: auto !important;\">...</div>\n  (Session info: chrome=130.0.6723.58)\nStacktrace:\n#0 0x55af5c0600aa <unknown>\n#1 0x55af5bb771a0 <unknown>\n#2 0x55af5bbca896 <unknown>\n#3 0x55af5bbc882d <unknown>\n#4 0x55af5bbc62d7 <unknown>\n#5 0x55af5bbc56f1 <unknown>\n#6 0x55af5bbb8cf8 <unknown>\n#7 0x55af5bbe7d82 <unknown>\n#8 0x55af5bbb86d8 <unknown>\n#9 0x55af5bbe7f4e <unknown>\n#10 0x55af5bc06866 <unknown>\n#11 0x55af5bbe7b23 <unknown>\n#12 0x55af5bbb6990 <unknown>\n#13 0x55af5bbb796e <unknown>\n#14 0x55af5c02c16b <unknown>\n#15 0x55af5c02ff68 <unknown>\n#16 0x55af5c01964c <unknown>\n#17 0x55af5c030ae7 <unknown>\n#18 0x55af5bffe4af <unknown>\n#19 0x55af5c04e4f8 <unknown>\n#20 0x55af5c04e6c0 <unknown>\n#21 0x55af5c05ef26 <unknown>\n#22 0x7f945b294ac3 <unknown>","statusTrace":"self = <test_main_page.TestMainPage.TestHotSellerSection object at 0x7f49d803fb90>\ndriver = <selenium.webdriver.chrome.webdriver.WebDriver (session=\"232d6b520a09c095c7da455c86976e81\")>\n\n    @pytest.mark.xfail(reason=\"In CI, there is no transition to the user registration page, so the test fails\")\n    @allure.title(\"Check the transition to the page my wish after clicking on the button. User is not authorized\")\n    def test_06_01_17_check_the_transition_to_the_page_my_wish_after_click_on_the_button(self, driver):\n        \"\"\"\n        This test will check that after clicking on the add to wishlist button,\n        you are redirected to the My Wishlist page\n        User is not authorized\n        \"\"\"\n        page = MainPage(driver, MAIN_PAGE_URL)\n        page.open()\n>       error_message_text = page.check_the_transition_to_the_page_my_wish_after_click_on_the_button()\n\ntests/test_main_page.py:109: \n_ _ _ _ _ _ _ _ _ _ _ _ _ _ _ _ _ _ _ _ _ _ _ _ _ _ _ _ _ _ _ _ _ _ _ _ _ _ _ _ \npages/main_page.py:139: in check_the_transition_to_the_page_my_wish_after_click_on_the_button\n    button.click()\n/opt/hostedtoolcache/Python/3.11.10/x64/lib/python3.11/site-packages/selenium/webdriver/remote/webelement.py:93: in click\n    self._execute(Command.CLICK_ELEMENT)\n/opt/hostedtoolcache/Python/3.11.10/x64/lib/python3.11/site-packages/selenium/webdriver/remote/webelement.py:394: in _execute\n    return self._parent.execute(command, params)\n/opt/hostedtoolcache/Python/3.11.10/x64/lib/python3.11/site-packages/selenium/webdriver/remote/webdriver.py:344: in execute\n    self.error_handler.check_response(response)\n_ _ _ _ _ _ _ _ _ _ _ _ _ _ _ _ _ _ _ _ _ _ _ _ _ _ _ _ _ _ _ _ _ _ _ _ _ _ _ _ \n\nself = <selenium.webdriver.remote.errorhandler.ErrorHandler object at 0x7f49d7995f10>\nresponse = {'status': 400, 'value': '{\"value\":{\"error\":\"element click intercepted\",\"message\":\"element click intercepted: Element ...\\\\n#20 0x55af5c04e6c0 \\\\u003Cunknown>\\\\n#21 0x55af5c05ef26 \\\\u003Cunknown>\\\\n#22 0x7f945b294ac3 \\\\u003Cunknown>\\\\n\"}}'}\n\n    def check_response(self, response: Dict[str, Any]) -> None:\n        \"\"\"Checks that a JSON response from the WebDriver does not have an\n        error.\n    \n        :Args:\n         - response - The JSON response from the WebDriver server as a dictionary\n           object.\n    \n        :Raises: If the response contains an error message.\n        \"\"\"\n        status = response.get(\"status\", None)\n        if not status or status == ErrorCode.SUCCESS:\n            return\n        value = None\n        message = response.get(\"message\", \"\")\n        screen: str = response.get(\"screen\", \"\")\n        stacktrace = None\n        if isinstance(status, int):\n            value_json = response.get(\"value\", None)\n            if value_json and isinstance(value_json, str):\n                import json\n    \n                try:\n                    value = json.loads(value_json)\n                    if len(value) == 1:\n                        value = value[\"value\"]\n                    status = value.get(\"error\", None)\n                    if not status:\n                        status = value.get(\"status\", ErrorCode.UNKNOWN_ERROR)\n                        message = value.get(\"value\") or value.get(\"message\")\n                        if not isinstance(message, str):\n                            value = message\n                            message = message.get(\"message\")\n                    else:\n                        message = value.get(\"message\", None)\n                except ValueError:\n                    pass\n    \n        exception_class: Type[WebDriverException]\n        e = ErrorCode()\n        error_codes = [item for item in dir(e) if not item.startswith(\"__\")]\n        for error_code in error_codes:\n            error_info = getattr(ErrorCode, error_code)\n            if isinstance(error_info, list) and status in error_info:\n                exception_class = getattr(ExceptionMapping, error_code, WebDriverException)\n                break\n        else:\n            exception_class = WebDriverException\n    \n        if not value:\n            value = response[\"value\"]\n        if isinstance(value, str):\n            raise exception_class(value)\n        if message == \"\" and \"message\" in value:\n            message = value[\"message\"]\n    \n        screen = None  # type: ignore[assignment]\n        if \"screen\" in value:\n            screen = value[\"screen\"]\n    \n        stacktrace = None\n        st_value = value.get(\"stackTrace\") or value.get(\"stacktrace\")\n        if st_value:\n            if isinstance(st_value, str):\n                stacktrace = st_value.split(\"\\n\")\n            else:\n                stacktrace = []\n                try:\n                    for frame in st_value:\n                        line = frame.get(\"lineNumber\", \"\")\n                        file = frame.get(\"fileName\", \"<anonymous>\")\n                        if line:\n                            file = f\"{file}:{line}\"\n                        meth = frame.get(\"methodName\", \"<anonymous>\")\n                        if \"className\" in frame:\n                            meth = f\"{frame['className']}.{meth}\"\n                        msg = \"    at %s (%s)\"\n                        msg = msg % (meth, file)\n                        stacktrace.append(msg)\n                except TypeError:\n                    pass\n        if exception_class == UnexpectedAlertPresentException:\n            alert_text = None\n            if \"data\" in value:\n                alert_text = value[\"data\"].get(\"text\")\n            elif \"alert\" in value:\n                alert_text = value[\"alert\"].get(\"text\")\n            raise exception_class(message, screen, stacktrace, alert_text)  # type: ignore[call-arg]  # mypy is not smart enough here\n>       raise exception_class(message, screen, stacktrace)\nE       selenium.common.exceptions.ElementClickInterceptedException: Message: element click intercepted: Element <a href=\"#\" data-post=\"{&quot;action&quot;:&quot;https:\\/\\/magento.softwaretestingboard.com\\/wishlist\\/index\\/add\\/&quot;,&quot;data&quot;:{&quot;product&quot;:6,&quot;uenc&quot;:&quot;aHR0cHM6Ly9tYWdlbnRvLnNvZnR3YXJldGVzdGluZ2JvYXJkLmNvbS8,&quot;}}\" class=\"action towishlist\" data-action=\"add-to-wishlist\" title=\"Add to Wish List\">...</a> is not clickable at point (0, 842). Other element would receive the click: <div id=\"aswift_4_host\" style=\"border: none !important; height: 124px !important; width: 100% !important; margin: 0px !important; padding: 0px !important; position: relative !important; visibility: visible !important; background-color: transparent !important; display: inline-block !important; inset: auto !important; clear: none !important; float: none !important; max-height: none !important; max-width: none !important; opacity: 1 !important; overflow: visible !important; vertical-align: baseline !important; z-index: auto !important;\">...</div>\nE         (Session info: chrome=130.0.6723.58)\nE       Stacktrace:\nE       #0 0x55af5c0600aa <unknown>\nE       #1 0x55af5bb771a0 <unknown>\nE       #2 0x55af5bbca896 <unknown>\nE       #3 0x55af5bbc882d <unknown>\nE       #4 0x55af5bbc62d7 <unknown>\nE       #5 0x55af5bbc56f1 <unknown>\nE       #6 0x55af5bbb8cf8 <unknown>\nE       #7 0x55af5bbe7d82 <unknown>\nE       #8 0x55af5bbb86d8 <unknown>\nE       #9 0x55af5bbe7f4e <unknown>\nE       #10 0x55af5bc06866 <unknown>\nE       #11 0x55af5bbe7b23 <unknown>\nE       #12 0x55af5bbb6990 <unknown>\nE       #13 0x55af5bbb796e <unknown>\nE       #14 0x55af5c02c16b <unknown>\nE       #15 0x55af5c02ff68 <unknown>\nE       #16 0x55af5c01964c <unknown>\nE       #17 0x55af5c030ae7 <unknown>\nE       #18 0x55af5bffe4af <unknown>\nE       #19 0x55af5c04e4f8 <unknown>\nE       #20 0x55af5c04e6c0 <unknown>\nE       #21 0x55af5c05ef26 <unknown>\nE       #22 0x7f945b294ac3 <unknown>\n\n/opt/hostedtoolcache/Python/3.11.10/x64/lib/python3.11/site-packages/selenium/webdriver/remote/errorhandler.py:229: ElementClickInterceptedException","flaky":false,"newFailed":false,"newBroken":false,"newPassed":false,"retriesCount":0,"retriesStatusChange":false,"beforeStages":[{"name":"_session_faker","time":{"start":1730079722836,"stop":1730079722900,"duration":64},"status":"passed","steps":[],"attachments":[],"parameters":[],"shouldDisplayMessage":false,"stepsCount":0,"attachmentsCount":0,"hasContent":false,"attachmentStep":false},{"name":"clear_allure_result_folder","time":{"start":1730079722900,"stop":1730079722900,"duration":0},"status":"passed","steps":[],"attachments":[],"parameters":[],"shouldDisplayMessage":false,"stepsCount":0,"attachmentsCount":0,"hasContent":false,"attachmentStep":false},{"name":"driver","time":{"start":1730080545206,"stop":1730080546467,"duration":1261},"status":"passed","steps":[],"attachments":[],"parameters":[],"shouldDisplayMessage":false,"stepsCount":0,"attachmentsCount":0,"hasContent":false,"attachmentStep":false}],"testStage":{"description":"\n            This test will check that after clicking on the add to wishlist button,\n            you are redirected to the My Wishlist page\n            User is not authorized\n            ","status":"skipped","statusMessage":"XFAIL In CI, there is no transition to the user registration page, so the test fails\n\nselenium.common.exceptions.ElementClickInterceptedException: Message: element click intercepted: Element <a href=\"#\" data-post=\"{&quot;action&quot;:&quot;https:\\/\\/magento.softwaretestingboard.com\\/wishlist\\/index\\/add\\/&quot;,&quot;data&quot;:{&quot;product&quot;:6,&quot;uenc&quot;:&quot;aHR0cHM6Ly9tYWdlbnRvLnNvZnR3YXJldGVzdGluZ2JvYXJkLmNvbS8,&quot;}}\" class=\"action towishlist\" data-action=\"add-to-wishlist\" title=\"Add to Wish List\">...</a> is not clickable at point (0, 842). Other element would receive the click: <div id=\"aswift_4_host\" style=\"border: none !important; height: 124px !important; width: 100% !important; margin: 0px !important; padding: 0px !important; position: relative !important; visibility: visible !important; background-color: transparent !important; display: inline-block !important; inset: auto !important; clear: none !important; float: none !important; max-height: none !important; max-width: none !important; opacity: 1 !important; overflow: visible !important; vertical-align: baseline !important; z-index: auto !important;\">...</div>\n  (Session info: chrome=130.0.6723.58)\nStacktrace:\n#0 0x55af5c0600aa <unknown>\n#1 0x55af5bb771a0 <unknown>\n#2 0x55af5bbca896 <unknown>\n#3 0x55af5bbc882d <unknown>\n#4 0x55af5bbc62d7 <unknown>\n#5 0x55af5bbc56f1 <unknown>\n#6 0x55af5bbb8cf8 <unknown>\n#7 0x55af5bbe7d82 <unknown>\n#8 0x55af5bbb86d8 <unknown>\n#9 0x55af5bbe7f4e <unknown>\n#10 0x55af5bc06866 <unknown>\n#11 0x55af5bbe7b23 <unknown>\n#12 0x55af5bbb6990 <unknown>\n#13 0x55af5bbb796e <unknown>\n#14 0x55af5c02c16b <unknown>\n#15 0x55af5c02ff68 <unknown>\n#16 0x55af5c01964c <unknown>\n#17 0x55af5c030ae7 <unknown>\n#18 0x55af5bffe4af <unknown>\n#19 0x55af5c04e4f8 <unknown>\n#20 0x55af5c04e6c0 <unknown>\n#21 0x55af5c05ef26 <unknown>\n#22 0x7f945b294ac3 <unknown>","statusTrace":"self = <test_main_page.TestMainPage.TestHotSellerSection object at 0x7f49d803fb90>\ndriver = <selenium.webdriver.chrome.webdriver.WebDriver (session=\"232d6b520a09c095c7da455c86976e81\")>\n\n    @pytest.mark.xfail(reason=\"In CI, there is no transition to the user registration page, so the test fails\")\n    @allure.title(\"Check the transition to the page my wish after clicking on the button. User is not authorized\")\n    def test_06_01_17_check_the_transition_to_the_page_my_wish_after_click_on_the_button(self, driver):\n        \"\"\"\n        This test will check that after clicking on the add to wishlist button,\n        you are redirected to the My Wishlist page\n        User is not authorized\n        \"\"\"\n        page = MainPage(driver, MAIN_PAGE_URL)\n        page.open()\n>       error_message_text = page.check_the_transition_to_the_page_my_wish_after_click_on_the_button()\n\ntests/test_main_page.py:109: \n_ _ _ _ _ _ _ _ _ _ _ _ _ _ _ _ _ _ _ _ _ _ _ _ _ _ _ _ _ _ _ _ _ _ _ _ _ _ _ _ \npages/main_page.py:139: in check_the_transition_to_the_page_my_wish_after_click_on_the_button\n    button.click()\n/opt/hostedtoolcache/Python/3.11.10/x64/lib/python3.11/site-packages/selenium/webdriver/remote/webelement.py:93: in click\n    self._execute(Command.CLICK_ELEMENT)\n/opt/hostedtoolcache/Python/3.11.10/x64/lib/python3.11/site-packages/selenium/webdriver/remote/webelement.py:394: in _execute\n    return self._parent.execute(command, params)\n/opt/hostedtoolcache/Python/3.11.10/x64/lib/python3.11/site-packages/selenium/webdriver/remote/webdriver.py:344: in execute\n    self.error_handler.check_response(response)\n_ _ _ _ _ _ _ _ _ _ _ _ _ _ _ _ _ _ _ _ _ _ _ _ _ _ _ _ _ _ _ _ _ _ _ _ _ _ _ _ \n\nself = <selenium.webdriver.remote.errorhandler.ErrorHandler object at 0x7f49d7995f10>\nresponse = {'status': 400, 'value': '{\"value\":{\"error\":\"element click intercepted\",\"message\":\"element click intercepted: Element ...\\\\n#20 0x55af5c04e6c0 \\\\u003Cunknown>\\\\n#21 0x55af5c05ef26 \\\\u003Cunknown>\\\\n#22 0x7f945b294ac3 \\\\u003Cunknown>\\\\n\"}}'}\n\n    def check_response(self, response: Dict[str, Any]) -> None:\n        \"\"\"Checks that a JSON response from the WebDriver does not have an\n        error.\n    \n        :Args:\n         - response - The JSON response from the WebDriver server as a dictionary\n           object.\n    \n        :Raises: If the response contains an error message.\n        \"\"\"\n        status = response.get(\"status\", None)\n        if not status or status == ErrorCode.SUCCESS:\n            return\n        value = None\n        message = response.get(\"message\", \"\")\n        screen: str = response.get(\"screen\", \"\")\n        stacktrace = None\n        if isinstance(status, int):\n            value_json = response.get(\"value\", None)\n            if value_json and isinstance(value_json, str):\n                import json\n    \n                try:\n                    value = json.loads(value_json)\n                    if len(value) == 1:\n                        value = value[\"value\"]\n                    status = value.get(\"error\", None)\n                    if not status:\n                        status = value.get(\"status\", ErrorCode.UNKNOWN_ERROR)\n                        message = value.get(\"value\") or value.get(\"message\")\n                        if not isinstance(message, str):\n                            value = message\n                            message = message.get(\"message\")\n                    else:\n                        message = value.get(\"message\", None)\n                except ValueError:\n                    pass\n    \n        exception_class: Type[WebDriverException]\n        e = ErrorCode()\n        error_codes = [item for item in dir(e) if not item.startswith(\"__\")]\n        for error_code in error_codes:\n            error_info = getattr(ErrorCode, error_code)\n            if isinstance(error_info, list) and status in error_info:\n                exception_class = getattr(ExceptionMapping, error_code, WebDriverException)\n                break\n        else:\n            exception_class = WebDriverException\n    \n        if not value:\n            value = response[\"value\"]\n        if isinstance(value, str):\n            raise exception_class(value)\n        if message == \"\" and \"message\" in value:\n            message = value[\"message\"]\n    \n        screen = None  # type: ignore[assignment]\n        if \"screen\" in value:\n            screen = value[\"screen\"]\n    \n        stacktrace = None\n        st_value = value.get(\"stackTrace\") or value.get(\"stacktrace\")\n        if st_value:\n            if isinstance(st_value, str):\n                stacktrace = st_value.split(\"\\n\")\n            else:\n                stacktrace = []\n                try:\n                    for frame in st_value:\n                        line = frame.get(\"lineNumber\", \"\")\n                        file = frame.get(\"fileName\", \"<anonymous>\")\n                        if line:\n                            file = f\"{file}:{line}\"\n                        meth = frame.get(\"methodName\", \"<anonymous>\")\n                        if \"className\" in frame:\n                            meth = f\"{frame['className']}.{meth}\"\n                        msg = \"    at %s (%s)\"\n                        msg = msg % (meth, file)\n                        stacktrace.append(msg)\n                except TypeError:\n                    pass\n        if exception_class == UnexpectedAlertPresentException:\n            alert_text = None\n            if \"data\" in value:\n                alert_text = value[\"data\"].get(\"text\")\n            elif \"alert\" in value:\n                alert_text = value[\"alert\"].get(\"text\")\n            raise exception_class(message, screen, stacktrace, alert_text)  # type: ignore[call-arg]  # mypy is not smart enough here\n>       raise exception_class(message, screen, stacktrace)\nE       selenium.common.exceptions.ElementClickInterceptedException: Message: element click intercepted: Element <a href=\"#\" data-post=\"{&quot;action&quot;:&quot;https:\\/\\/magento.softwaretestingboard.com\\/wishlist\\/index\\/add\\/&quot;,&quot;data&quot;:{&quot;product&quot;:6,&quot;uenc&quot;:&quot;aHR0cHM6Ly9tYWdlbnRvLnNvZnR3YXJldGVzdGluZ2JvYXJkLmNvbS8,&quot;}}\" class=\"action towishlist\" data-action=\"add-to-wishlist\" title=\"Add to Wish List\">...</a> is not clickable at point (0, 842). Other element would receive the click: <div id=\"aswift_4_host\" style=\"border: none !important; height: 124px !important; width: 100% !important; margin: 0px !important; padding: 0px !important; position: relative !important; visibility: visible !important; background-color: transparent !important; display: inline-block !important; inset: auto !important; clear: none !important; float: none !important; max-height: none !important; max-width: none !important; opacity: 1 !important; overflow: visible !important; vertical-align: baseline !important; z-index: auto !important;\">...</div>\nE         (Session info: chrome=130.0.6723.58)\nE       Stacktrace:\nE       #0 0x55af5c0600aa <unknown>\nE       #1 0x55af5bb771a0 <unknown>\nE       #2 0x55af5bbca896 <unknown>\nE       #3 0x55af5bbc882d <unknown>\nE       #4 0x55af5bbc62d7 <unknown>\nE       #5 0x55af5bbc56f1 <unknown>\nE       #6 0x55af5bbb8cf8 <unknown>\nE       #7 0x55af5bbe7d82 <unknown>\nE       #8 0x55af5bbb86d8 <unknown>\nE       #9 0x55af5bbe7f4e <unknown>\nE       #10 0x55af5bc06866 <unknown>\nE       #11 0x55af5bbe7b23 <unknown>\nE       #12 0x55af5bbb6990 <unknown>\nE       #13 0x55af5bbb796e <unknown>\nE       #14 0x55af5c02c16b <unknown>\nE       #15 0x55af5c02ff68 <unknown>\nE       #16 0x55af5c01964c <unknown>\nE       #17 0x55af5c030ae7 <unknown>\nE       #18 0x55af5bffe4af <unknown>\nE       #19 0x55af5c04e4f8 <unknown>\nE       #20 0x55af5c04e6c0 <unknown>\nE       #21 0x55af5c05ef26 <unknown>\nE       #22 0x7f945b294ac3 <unknown>\n\n/opt/hostedtoolcache/Python/3.11.10/x64/lib/python3.11/site-packages/selenium/webdriver/remote/errorhandler.py:229: ElementClickInterceptedException","steps":[{"name":"Open a browser","time":{"start":1730080546467,"stop":1730080548753,"duration":2286},"status":"passed","steps":[],"attachments":[],"parameters":[],"shouldDisplayMessage":false,"stepsCount":0,"attachmentsCount":0,"hasContent":false,"attachmentStep":false},{"name":"Check the transition to the page my desires when clicking on the button. User is not authorized","time":{"start":1730080548753,"stop":1730080550461,"duration":1708},"status":"broken","statusMessage":"selenium.common.exceptions.ElementClickInterceptedException: Message: element click intercepted: Element <a href=\"#\" data-post=\"{&quot;action&quot;:&quot;https:\\/\\/magento.softwaretestingboard.com\\/wishlist\\/index\\/add\\/&quot;,&quot;data&quot;:{&quot;product&quot;:6,&quot;uenc&quot;:&quot;aHR0cHM6Ly9tYWdlbnRvLnNvZnR3YXJldGVzdGluZ2JvYXJkLmNvbS8,&quot;}}\" class=\"action towishlist\" data-action=\"add-to-wishlist\" title=\"Add to Wish List\">...</a> is not clickable at point (0, 842). Other element would receive the click: <div id=\"aswift_4_host\" style=\"border: none !important; height: 124px !important; width: 100% !important; margin: 0px !important; padding: 0px !important; position: relative !important; visibility: visible !important; background-color: transparent !important; display: inline-block !important; inset: auto !important; clear: none !important; float: none !important; max-height: none !important; max-width: none !important; opacity: 1 !important; overflow: visible !important; vertical-align: baseline !important; z-index: auto !important;\">...</div>\n  (Session info: chrome=130.0.6723.58)\nStacktrace:\n#0 0x55af5c0600aa <unknown>\n#1 0x55af5bb771a0 <unknown>\n#2 0x55af5bbca896 <unknown>\n#3 0x55af5bbc882d <unknown>\n#4 0x55af5bbc62d7 <unknown>\n#5 0x55af5bbc56f1 <unknown>\n#6 0x55af5bbb8cf8 <unknown>\n#7 0x55af5bbe7d82 <unknown>\n#8 0x55af5bbb86d8 <unknown>\n#9 0x55af5bbe7f4e <unknown>\n#10 0x55af5bc06866 <unknown>\n#11 0x55af5bbe7b23 <unknown>\n#12 0x55af5bbb6990 <unknown>\n#13 0x55af5bbb796e <unknown>\n#14 0x55af5c02c16b <unknown>\n#15 0x55af5c02ff68 <unknown>\n#16 0x55af5c01964c <unknown>\n#17 0x55af5c030ae7 <unknown>\n#18 0x55af5bffe4af <unknown>\n#19 0x55af5c04e4f8 <unknown>\n#20 0x55af5c04e6c0 <unknown>\n#21 0x55af5c05ef26 <unknown>\n#22 0x7f945b294ac3 <unknown>\n\n","statusTrace":"  File \"/opt/hostedtoolcache/Python/3.11.10/x64/lib/python3.11/site-packages/allure_commons/_allure.py\", line 192, in impl\n    return func(*a, **kw)\n           ^^^^^^^^^^^^^^\n  File \"/home/runner/work/luma_project/luma_project/pages/main_page.py\", line 139, in check_the_transition_to_the_page_my_wish_after_click_on_the_button\n    button.click()\n  File \"/opt/hostedtoolcache/Python/3.11.10/x64/lib/python3.11/site-packages/selenium/webdriver/remote/webelement.py\", line 93, in click\n    self._execute(Command.CLICK_ELEMENT)\n  File \"/opt/hostedtoolcache/Python/3.11.10/x64/lib/python3.11/site-packages/selenium/webdriver/remote/webelement.py\", line 394, in _execute\n    return self._parent.execute(command, params)\n           ^^^^^^^^^^^^^^^^^^^^^^^^^^^^^^^^^^^^^\n  File \"/opt/hostedtoolcache/Python/3.11.10/x64/lib/python3.11/site-packages/selenium/webdriver/remote/webdriver.py\", line 344, in execute\n    self.error_handler.check_response(response)\n  File \"/opt/hostedtoolcache/Python/3.11.10/x64/lib/python3.11/site-packages/selenium/webdriver/remote/errorhandler.py\", line 229, in check_response\n    raise exception_class(message, screen, stacktrace)\n","steps":[{"name":"Find a visible element","time":{"start":1730080548753,"stop":1730080548805,"duration":52},"status":"passed","steps":[{"name":"Find a present element","time":{"start":1730080548753,"stop":1730080548768,"duration":15},"status":"passed","steps":[],"attachments":[],"parameters":[{"name":"locator","value":"('css selector', \"li[class='product-item']:nth-child(5) div[class='product-item-info']\")"},{"name":"timeout","value":"5"}],"shouldDisplayMessage":false,"stepsCount":0,"attachmentsCount":0,"hasContent":true,"attachmentStep":false},{"name":"Go to specified element","time":{"start":1730080548768,"stop":1730080548772,"duration":4},"status":"passed","steps":[],"attachments":[],"parameters":[{"name":"element","value":"<selenium.webdriver.remote.webelement.WebElement (session=\"232d6b520a09c095c7da455c86976e81\", element=\"f.5AC34BAA5903F0AFE6E3C01A2571BF42.d.FDCCEE46C8802FBAD48B470E8C459793.e.62\")>"}],"shouldDisplayMessage":false,"stepsCount":0,"attachmentsCount":0,"hasContent":true,"attachmentStep":false}],"attachments":[],"parameters":[{"name":"locator","value":"('css selector', \"li[class='product-item']:nth-child(5) div[class='product-item-info']\")"},{"name":"timeout","value":"10"}],"shouldDisplayMessage":false,"stepsCount":2,"attachmentsCount":0,"hasContent":true,"attachmentStep":false},{"name":"Move cursor to element","time":{"start":1730080548805,"stop":1730080549082,"duration":277},"status":"passed","steps":[],"attachments":[],"parameters":[{"name":"element","value":"<selenium.webdriver.remote.webelement.WebElement (session=\"232d6b520a09c095c7da455c86976e81\", element=\"f.5AC34BAA5903F0AFE6E3C01A2571BF42.d.FDCCEE46C8802FBAD48B470E8C459793.e.62\")>"}],"shouldDisplayMessage":false,"stepsCount":0,"attachmentsCount":0,"hasContent":true,"attachmentStep":false},{"name":"Find a visible element","time":{"start":1730080549082,"stop":1730080549109,"duration":27},"status":"passed","steps":[{"name":"Find a present element","time":{"start":1730080549082,"stop":1730080549091,"duration":9},"status":"passed","steps":[],"attachments":[],"parameters":[{"name":"locator","value":"('css selector', \"li[class='product-item']:nth-child(5) a[data-action='add-to-wishlist']\")"},{"name":"timeout","value":"5"}],"shouldDisplayMessage":false,"stepsCount":0,"attachmentsCount":0,"hasContent":true,"attachmentStep":false},{"name":"Go to specified element","time":{"start":1730080549091,"stop":1730080549095,"duration":4},"status":"passed","steps":[],"attachments":[],"parameters":[{"name":"element","value":"<selenium.webdriver.remote.webelement.WebElement (session=\"232d6b520a09c095c7da455c86976e81\", element=\"f.5AC34BAA5903F0AFE6E3C01A2571BF42.d.FDCCEE46C8802FBAD48B470E8C459793.e.68\")>"}],"shouldDisplayMessage":false,"stepsCount":0,"attachmentsCount":0,"hasContent":true,"attachmentStep":false}],"attachments":[],"parameters":[{"name":"locator","value":"('css selector', \"li[class='product-item']:nth-child(5) a[data-action='add-to-wishlist']\")"},{"name":"timeout","value":"10"}],"shouldDisplayMessage":false,"stepsCount":2,"attachmentsCount":0,"hasContent":true,"attachmentStep":false},{"name":"Move cursor to element","time":{"start":1730080549109,"stop":1730080549377,"duration":268},"status":"passed","steps":[],"attachments":[],"parameters":[{"name":"element","value":"<selenium.webdriver.remote.webelement.WebElement (session=\"232d6b520a09c095c7da455c86976e81\", element=\"f.5AC34BAA5903F0AFE6E3C01A2571BF42.d.FDCCEE46C8802FBAD48B470E8C459793.e.68\")>"}],"shouldDisplayMessage":false,"stepsCount":0,"attachmentsCount":0,"hasContent":true,"attachmentStep":false}],"attachments":[],"parameters":[],"shouldDisplayMessage":true,"stepsCount":8,"attachmentsCount":0,"hasContent":true,"attachmentStep":false}],"attachments":[{"uid":"cb279e09fc5cc702","name":"Screenshot","source":"cb279e09fc5cc702.png","type":"image/png","size":507144},{"uid":"e7ec066b9bfe9109","name":"HTML source","source":"e7ec066b9bfe9109.html","type":"text/html","size":162518}],"parameters":[],"shouldDisplayMessage":true,"stepsCount":10,"attachmentsCount":2,"hasContent":true,"attachmentStep":false},"afterStages":[{"name":"driver::0","time":{"start":1730080550645,"stop":1730080550718,"duration":73},"status":"passed","steps":[],"attachments":[],"parameters":[],"shouldDisplayMessage":false,"stepsCount":0,"attachmentsCount":0,"hasContent":false,"attachmentStep":false},{"name":"clear_allure_result_folder::0","time":{"start":1730081807539,"stop":1730081807539,"duration":0},"status":"passed","steps":[],"attachments":[],"parameters":[],"shouldDisplayMessage":false,"stepsCount":0,"attachmentsCount":0,"hasContent":false,"attachmentStep":false}],"labels":[{"name":"feature","value":"Testing Hot Seller Section"},{"name":"epic","value":"Main Page"},{"name":"tag","value":"@pytest.mark.xfail(reason='In CI, there is no transition to the user registration page, so the test fails')"},{"name":"parentSuite","value":"tests"},{"name":"suite","value":"test_main_page"},{"name":"subSuite","value":"TestMainPage"},{"name":"host","value":"fv-az1543-749"},{"name":"thread","value":"2812-MainThread"},{"name":"framework","value":"pytest"},{"name":"language","value":"cpython3"},{"name":"package","value":"tests.test_main_page"},{"name":"resultFormat","value":"allure2"}],"parameters":[],"links":[],"hidden":false,"retry":false,"extra":{"severity":"normal","retries":[],"categories":[],"tags":["@pytest.mark.xfail(reason='In CI, there is no transition to the user registration page, so the test fails')"]},"source":"d2188bc837546c32.json","parameterValues":[]}