{"uid":"1f8d835eaab2e9fa","name":"TC 13.02.03 - Check the link in section 2 block 2 'home-t-shirts' in the Promo Block leads to the correct page","fullName":"tests.test_main_page.TestPromoBlock#test_tc_13_02_03_check_section2_block2_link","historyId":"8276abc4c28a076413326f9f418f9d74","time":{"start":1737510691358,"stop":1737510697986,"duration":6628},"description":"Check that link in section 2 block 2 'home-t-shirts' is correct","descriptionHtml":"<p>Check that link in section 2 block 2 'home-t-shirts' is correct</p>\n","status":"broken","statusMessage":"selenium.common.exceptions.TimeoutException: Message: \nStacktrace:\n#0 0x55fba3b888fa <unknown>\n#1 0x55fba3699d20 <unknown>\n#2 0x55fba36e8a66 <unknown>\n#3 0x55fba36e8d01 <unknown>\n#4 0x55fba372e184 <unknown>\n#5 0x55fba370cb1d <unknown>\n#6 0x55fba372b560 <unknown>\n#7 0x55fba370c893 <unknown>\n#8 0x55fba36db30d <unknown>\n#9 0x55fba36dc32e <unknown>\n#10 0x55fba3b5500b <unknown>\n#11 0x55fba3b58f97 <unknown>\n#12 0x55fba3b4171c <unknown>\n#13 0x55fba3b59b17 <unknown>\n#14 0x55fba3b266cf <unknown>\n#15 0x55fba3b776b8 <unknown>\n#16 0x55fba3b77880 <unknown>\n#17 0x55fba3b87776 <unknown>\n#18 0x7ff80829ca94 <unknown>\n#19 0x7ff808329c3c <unknown>","statusTrace":"self = <test_main_page.TestMainPage.TestPromoBlock object at 0x7f172027cc10>\ndriver = <selenium.webdriver.chrome.webdriver.WebDriver (session=\"dcce71c2b8203dcee414cceecadd1cd4\")>\n\n    @allure.title(\"TC 13.02.03 - Check the link in section 2 block 2 'home-t-shirts' in the Promo Block \"\n                  \"leads to the correct page\")\n    def test_tc_13_02_03_check_section2_block2_link(self, driver):\n        \"\"\"Check that link in section 2 block 2 'home-t-shirts' is correct\"\"\"\n        page = PromoBlock(driver, MAIN_PAGE_URL)\n        page.open()\n>       page.check_section2_block2_link()\n\ntests/test_main_page.py:712: \n_ _ _ _ _ _ _ _ _ _ _ _ _ _ _ _ _ _ _ _ _ _ _ _ _ _ _ _ _ _ _ _ _ _ _ _ _ _ _ _ \npages/main_page.py:386: in check_section2_block2_link\n    section2_block2 = self.element_is_visible(self.locators.SECTION_2_BLOCK_2)\npages/base_page.py:29: in element_is_visible\n    self.go_to_element(self.element_is_present(locator))\npages/base_page.py:50: in element_is_present\n    return wait(self.driver, timeout).until(EC.presence_of_element_located(locator))\n_ _ _ _ _ _ _ _ _ _ _ _ _ _ _ _ _ _ _ _ _ _ _ _ _ _ _ _ _ _ _ _ _ _ _ _ _ _ _ _ \n\nself = <selenium.webdriver.support.wait.WebDriverWait (session=\"dcce71c2b8203dcee414cceecadd1cd4\")>\nmethod = <function presence_of_element_located.<locals>._predicate at 0x7f1722114180>\nmessage = ''\n\n    def until(self, method, message: str = \"\"):\n        \"\"\"Calls the method provided with the driver as an argument until the \\\n        return value does not evaluate to ``False``.\n    \n        :param method: callable(WebDriver)\n        :param message: optional message for :exc:`TimeoutException`\n        :returns: the result of the last call to `method`\n        :raises: :exc:`selenium.common.exceptions.TimeoutException` if timeout occurs\n        \"\"\"\n        screen = None\n        stacktrace = None\n    \n        end_time = time.monotonic() + self._timeout\n        while True:\n            try:\n                value = method(self._driver)\n                if value:\n                    return value\n            except self._ignored_exceptions as exc:\n                screen = getattr(exc, \"screen\", None)\n                stacktrace = getattr(exc, \"stacktrace\", None)\n            time.sleep(self._poll)\n            if time.monotonic() > end_time:\n                break\n>       raise TimeoutException(message, screen, stacktrace)\nE       selenium.common.exceptions.TimeoutException: Message: \nE       Stacktrace:\nE       #0 0x55fba3b888fa <unknown>\nE       #1 0x55fba3699d20 <unknown>\nE       #2 0x55fba36e8a66 <unknown>\nE       #3 0x55fba36e8d01 <unknown>\nE       #4 0x55fba372e184 <unknown>\nE       #5 0x55fba370cb1d <unknown>\nE       #6 0x55fba372b560 <unknown>\nE       #7 0x55fba370c893 <unknown>\nE       #8 0x55fba36db30d <unknown>\nE       #9 0x55fba36dc32e <unknown>\nE       #10 0x55fba3b5500b <unknown>\nE       #11 0x55fba3b58f97 <unknown>\nE       #12 0x55fba3b4171c <unknown>\nE       #13 0x55fba3b59b17 <unknown>\nE       #14 0x55fba3b266cf <unknown>\nE       #15 0x55fba3b776b8 <unknown>\nE       #16 0x55fba3b77880 <unknown>\nE       #17 0x55fba3b87776 <unknown>\nE       #18 0x7ff80829ca94 <unknown>\nE       #19 0x7ff808329c3c <unknown>\n\n/opt/hostedtoolcache/Python/3.11.11/x64/lib/python3.11/site-packages/selenium/webdriver/support/wait.py:95: TimeoutException","flaky":false,"newFailed":false,"newBroken":false,"newPassed":false,"retriesCount":0,"retriesStatusChange":false,"beforeStages":[{"name":"_session_faker","time":{"start":1737509856592,"stop":1737509856654,"duration":62},"status":"passed","steps":[],"attachments":[],"parameters":[],"shouldDisplayMessage":false,"stepsCount":0,"attachmentsCount":0,"hasContent":false,"attachmentStep":false},{"name":"clear_allure_result_folder","time":{"start":1737509856654,"stop":1737509856655,"duration":1},"status":"passed","steps":[],"attachments":[],"parameters":[],"shouldDisplayMessage":false,"stepsCount":0,"attachmentsCount":0,"hasContent":false,"attachmentStep":false},{"name":"driver","time":{"start":1737510690095,"stop":1737510691358,"duration":1263},"status":"passed","steps":[],"attachments":[],"parameters":[],"shouldDisplayMessage":false,"stepsCount":0,"attachmentsCount":0,"hasContent":false,"attachmentStep":false}],"testStage":{"description":"Check that link in section 2 block 2 'home-t-shirts' is correct","status":"broken","statusMessage":"selenium.common.exceptions.TimeoutException: Message: \nStacktrace:\n#0 0x55fba3b888fa <unknown>\n#1 0x55fba3699d20 <unknown>\n#2 0x55fba36e8a66 <unknown>\n#3 0x55fba36e8d01 <unknown>\n#4 0x55fba372e184 <unknown>\n#5 0x55fba370cb1d <unknown>\n#6 0x55fba372b560 <unknown>\n#7 0x55fba370c893 <unknown>\n#8 0x55fba36db30d <unknown>\n#9 0x55fba36dc32e <unknown>\n#10 0x55fba3b5500b <unknown>\n#11 0x55fba3b58f97 <unknown>\n#12 0x55fba3b4171c <unknown>\n#13 0x55fba3b59b17 <unknown>\n#14 0x55fba3b266cf <unknown>\n#15 0x55fba3b776b8 <unknown>\n#16 0x55fba3b77880 <unknown>\n#17 0x55fba3b87776 <unknown>\n#18 0x7ff80829ca94 <unknown>\n#19 0x7ff808329c3c <unknown>","statusTrace":"self = <test_main_page.TestMainPage.TestPromoBlock object at 0x7f172027cc10>\ndriver = <selenium.webdriver.chrome.webdriver.WebDriver (session=\"dcce71c2b8203dcee414cceecadd1cd4\")>\n\n    @allure.title(\"TC 13.02.03 - Check the link in section 2 block 2 'home-t-shirts' in the Promo Block \"\n                  \"leads to the correct page\")\n    def test_tc_13_02_03_check_section2_block2_link(self, driver):\n        \"\"\"Check that link in section 2 block 2 'home-t-shirts' is correct\"\"\"\n        page = PromoBlock(driver, MAIN_PAGE_URL)\n        page.open()\n>       page.check_section2_block2_link()\n\ntests/test_main_page.py:712: \n_ _ _ _ _ _ _ _ _ _ _ _ _ _ _ _ _ _ _ _ _ _ _ _ _ _ _ _ _ _ _ _ _ _ _ _ _ _ _ _ \npages/main_page.py:386: in check_section2_block2_link\n    section2_block2 = self.element_is_visible(self.locators.SECTION_2_BLOCK_2)\npages/base_page.py:29: in element_is_visible\n    self.go_to_element(self.element_is_present(locator))\npages/base_page.py:50: in element_is_present\n    return wait(self.driver, timeout).until(EC.presence_of_element_located(locator))\n_ _ _ _ _ _ _ _ _ _ _ _ _ _ _ _ _ _ _ _ _ _ _ _ _ _ _ _ _ _ _ _ _ _ _ _ _ _ _ _ \n\nself = <selenium.webdriver.support.wait.WebDriverWait (session=\"dcce71c2b8203dcee414cceecadd1cd4\")>\nmethod = <function presence_of_element_located.<locals>._predicate at 0x7f1722114180>\nmessage = ''\n\n    def until(self, method, message: str = \"\"):\n        \"\"\"Calls the method provided with the driver as an argument until the \\\n        return value does not evaluate to ``False``.\n    \n        :param method: callable(WebDriver)\n        :param message: optional message for :exc:`TimeoutException`\n        :returns: the result of the last call to `method`\n        :raises: :exc:`selenium.common.exceptions.TimeoutException` if timeout occurs\n        \"\"\"\n        screen = None\n        stacktrace = None\n    \n        end_time = time.monotonic() + self._timeout\n        while True:\n            try:\n                value = method(self._driver)\n                if value:\n                    return value\n            except self._ignored_exceptions as exc:\n                screen = getattr(exc, \"screen\", None)\n                stacktrace = getattr(exc, \"stacktrace\", None)\n            time.sleep(self._poll)\n            if time.monotonic() > end_time:\n                break\n>       raise TimeoutException(message, screen, stacktrace)\nE       selenium.common.exceptions.TimeoutException: Message: \nE       Stacktrace:\nE       #0 0x55fba3b888fa <unknown>\nE       #1 0x55fba3699d20 <unknown>\nE       #2 0x55fba36e8a66 <unknown>\nE       #3 0x55fba36e8d01 <unknown>\nE       #4 0x55fba372e184 <unknown>\nE       #5 0x55fba370cb1d <unknown>\nE       #6 0x55fba372b560 <unknown>\nE       #7 0x55fba370c893 <unknown>\nE       #8 0x55fba36db30d <unknown>\nE       #9 0x55fba36dc32e <unknown>\nE       #10 0x55fba3b5500b <unknown>\nE       #11 0x55fba3b58f97 <unknown>\nE       #12 0x55fba3b4171c <unknown>\nE       #13 0x55fba3b59b17 <unknown>\nE       #14 0x55fba3b266cf <unknown>\nE       #15 0x55fba3b776b8 <unknown>\nE       #16 0x55fba3b77880 <unknown>\nE       #17 0x55fba3b87776 <unknown>\nE       #18 0x7ff80829ca94 <unknown>\nE       #19 0x7ff808329c3c <unknown>\n\n/opt/hostedtoolcache/Python/3.11.11/x64/lib/python3.11/site-packages/selenium/webdriver/support/wait.py:95: TimeoutException","steps":[{"name":"Open a browser","time":{"start":1737510691358,"stop":1737510692856,"duration":1498},"status":"passed","steps":[],"attachments":[],"parameters":[],"shouldDisplayMessage":false,"stepsCount":0,"attachmentsCount":0,"hasContent":false,"attachmentStep":false},{"name":"Check the link in section 2 block 2 'home-t-shirts' in the Promo Block leads to the correct page","time":{"start":1737510692856,"stop":1737510697986,"duration":5130},"status":"broken","statusMessage":"selenium.common.exceptions.TimeoutException: Message: \nStacktrace:\n#0 0x55fba3b888fa <unknown>\n#1 0x55fba3699d20 <unknown>\n#2 0x55fba36e8a66 <unknown>\n#3 0x55fba36e8d01 <unknown>\n#4 0x55fba372e184 <unknown>\n#5 0x55fba370cb1d <unknown>\n#6 0x55fba372b560 <unknown>\n#7 0x55fba370c893 <unknown>\n#8 0x55fba36db30d <unknown>\n#9 0x55fba36dc32e <unknown>\n#10 0x55fba3b5500b <unknown>\n#11 0x55fba3b58f97 <unknown>\n#12 0x55fba3b4171c <unknown>\n#13 0x55fba3b59b17 <unknown>\n#14 0x55fba3b266cf <unknown>\n#15 0x55fba3b776b8 <unknown>\n#16 0x55fba3b77880 <unknown>\n#17 0x55fba3b87776 <unknown>\n#18 0x7ff80829ca94 <unknown>\n#19 0x7ff808329c3c <unknown>\n\n","statusTrace":"  File \"/opt/hostedtoolcache/Python/3.11.11/x64/lib/python3.11/site-packages/allure_commons/_allure.py\", line 192, in impl\n    return func(*a, **kw)\n           ^^^^^^^^^^^^^^\n  File \"/home/runner/work/luma_project/luma_project/pages/main_page.py\", line 386, in check_section2_block2_link\n    section2_block2 = self.element_is_visible(self.locators.SECTION_2_BLOCK_2)\n                      ^^^^^^^^^^^^^^^^^^^^^^^^^^^^^^^^^^^^^^^^^^^^^^^^^^^^^^^^\n  File \"/opt/hostedtoolcache/Python/3.11.11/x64/lib/python3.11/site-packages/allure_commons/_allure.py\", line 192, in impl\n    return func(*a, **kw)\n           ^^^^^^^^^^^^^^\n  File \"/home/runner/work/luma_project/luma_project/pages/base_page.py\", line 29, in element_is_visible\n    self.go_to_element(self.element_is_present(locator))\n                       ^^^^^^^^^^^^^^^^^^^^^^^^^^^^^^^^\n  File \"/opt/hostedtoolcache/Python/3.11.11/x64/lib/python3.11/site-packages/allure_commons/_allure.py\", line 192, in impl\n    return func(*a, **kw)\n           ^^^^^^^^^^^^^^\n  File \"/home/runner/work/luma_project/luma_project/pages/base_page.py\", line 50, in element_is_present\n    return wait(self.driver, timeout).until(EC.presence_of_element_located(locator))\n           ^^^^^^^^^^^^^^^^^^^^^^^^^^^^^^^^^^^^^^^^^^^^^^^^^^^^^^^^^^^^^^^^^^^^^^^^^\n  File \"/opt/hostedtoolcache/Python/3.11.11/x64/lib/python3.11/site-packages/selenium/webdriver/support/wait.py\", line 95, in until\n    raise TimeoutException(message, screen, stacktrace)\n","steps":[{"name":"Find a visible element","time":{"start":1737510692856,"stop":1737510697986,"duration":5130},"status":"broken","statusMessage":"selenium.common.exceptions.TimeoutException: Message: \nStacktrace:\n#0 0x55fba3b888fa <unknown>\n#1 0x55fba3699d20 <unknown>\n#2 0x55fba36e8a66 <unknown>\n#3 0x55fba36e8d01 <unknown>\n#4 0x55fba372e184 <unknown>\n#5 0x55fba370cb1d <unknown>\n#6 0x55fba372b560 <unknown>\n#7 0x55fba370c893 <unknown>\n#8 0x55fba36db30d <unknown>\n#9 0x55fba36dc32e <unknown>\n#10 0x55fba3b5500b <unknown>\n#11 0x55fba3b58f97 <unknown>\n#12 0x55fba3b4171c <unknown>\n#13 0x55fba3b59b17 <unknown>\n#14 0x55fba3b266cf <unknown>\n#15 0x55fba3b776b8 <unknown>\n#16 0x55fba3b77880 <unknown>\n#17 0x55fba3b87776 <unknown>\n#18 0x7ff80829ca94 <unknown>\n#19 0x7ff808329c3c <unknown>\n\n","statusTrace":"  File \"/opt/hostedtoolcache/Python/3.11.11/x64/lib/python3.11/site-packages/allure_commons/_allure.py\", line 192, in impl\n    return func(*a, **kw)\n           ^^^^^^^^^^^^^^\n  File \"/home/runner/work/luma_project/luma_project/pages/base_page.py\", line 29, in element_is_visible\n    self.go_to_element(self.element_is_present(locator))\n                       ^^^^^^^^^^^^^^^^^^^^^^^^^^^^^^^^\n  File \"/opt/hostedtoolcache/Python/3.11.11/x64/lib/python3.11/site-packages/allure_commons/_allure.py\", line 192, in impl\n    return func(*a, **kw)\n           ^^^^^^^^^^^^^^\n  File \"/home/runner/work/luma_project/luma_project/pages/base_page.py\", line 50, in element_is_present\n    return wait(self.driver, timeout).until(EC.presence_of_element_located(locator))\n           ^^^^^^^^^^^^^^^^^^^^^^^^^^^^^^^^^^^^^^^^^^^^^^^^^^^^^^^^^^^^^^^^^^^^^^^^^\n  File \"/opt/hostedtoolcache/Python/3.11.11/x64/lib/python3.11/site-packages/selenium/webdriver/support/wait.py\", line 95, in until\n    raise TimeoutException(message, screen, stacktrace)\n","steps":[{"name":"Find a present element","time":{"start":1737510692856,"stop":1737510697986,"duration":5130},"status":"broken","statusMessage":"selenium.common.exceptions.TimeoutException: Message: \nStacktrace:\n#0 0x55fba3b888fa <unknown>\n#1 0x55fba3699d20 <unknown>\n#2 0x55fba36e8a66 <unknown>\n#3 0x55fba36e8d01 <unknown>\n#4 0x55fba372e184 <unknown>\n#5 0x55fba370cb1d <unknown>\n#6 0x55fba372b560 <unknown>\n#7 0x55fba370c893 <unknown>\n#8 0x55fba36db30d <unknown>\n#9 0x55fba36dc32e <unknown>\n#10 0x55fba3b5500b <unknown>\n#11 0x55fba3b58f97 <unknown>\n#12 0x55fba3b4171c <unknown>\n#13 0x55fba3b59b17 <unknown>\n#14 0x55fba3b266cf <unknown>\n#15 0x55fba3b776b8 <unknown>\n#16 0x55fba3b77880 <unknown>\n#17 0x55fba3b87776 <unknown>\n#18 0x7ff80829ca94 <unknown>\n#19 0x7ff808329c3c <unknown>\n\n","statusTrace":"  File \"/opt/hostedtoolcache/Python/3.11.11/x64/lib/python3.11/site-packages/allure_commons/_allure.py\", line 192, in impl\n    return func(*a, **kw)\n           ^^^^^^^^^^^^^^\n  File \"/home/runner/work/luma_project/luma_project/pages/base_page.py\", line 50, in element_is_present\n    return wait(self.driver, timeout).until(EC.presence_of_element_located(locator))\n           ^^^^^^^^^^^^^^^^^^^^^^^^^^^^^^^^^^^^^^^^^^^^^^^^^^^^^^^^^^^^^^^^^^^^^^^^^\n  File \"/opt/hostedtoolcache/Python/3.11.11/x64/lib/python3.11/site-packages/selenium/webdriver/support/wait.py\", line 95, in until\n    raise TimeoutException(message, screen, stacktrace)\n","steps":[],"attachments":[],"parameters":[{"name":"locator","value":"('css selector', '.home-t-shirts')"},{"name":"timeout","value":"5"}],"shouldDisplayMessage":true,"stepsCount":0,"attachmentsCount":0,"hasContent":true,"attachmentStep":false}],"attachments":[],"parameters":[{"name":"locator","value":"('css selector', '.home-t-shirts')"},{"name":"timeout","value":"10"}],"shouldDisplayMessage":false,"stepsCount":1,"attachmentsCount":0,"hasContent":true,"attachmentStep":false}],"attachments":[],"parameters":[],"shouldDisplayMessage":false,"stepsCount":2,"attachmentsCount":0,"hasContent":true,"attachmentStep":false}],"attachments":[{"uid":"869be6ef12cf9deb","name":"Screenshot","source":"869be6ef12cf9deb.png","type":"image/png","size":548028},{"uid":"ad565b67056e28d9","name":"HTML source","source":"ad565b67056e28d9.html","type":"text/html","size":145157}],"parameters":[],"shouldDisplayMessage":true,"stepsCount":4,"attachmentsCount":2,"hasContent":true,"attachmentStep":false},"afterStages":[{"name":"driver::0","time":{"start":1737510698213,"stop":1737510698317,"duration":104},"status":"passed","steps":[],"attachments":[],"parameters":[],"shouldDisplayMessage":false,"stepsCount":0,"attachmentsCount":0,"hasContent":false,"attachmentStep":false},{"name":"clear_allure_result_folder::0","time":{"start":1737511261675,"stop":1737511261675,"duration":0},"status":"passed","steps":[],"attachments":[],"parameters":[],"shouldDisplayMessage":false,"stepsCount":0,"attachmentsCount":0,"hasContent":false,"attachmentStep":false}],"labels":[{"name":"feature","value":"Promo Block Testing"},{"name":"epic","value":"Main Page"},{"name":"parentSuite","value":"tests"},{"name":"suite","value":"test_main_page"},{"name":"subSuite","value":"TestMainPage"},{"name":"host","value":"fv-az1372-975"},{"name":"thread","value":"2774-MainThread"},{"name":"framework","value":"pytest"},{"name":"language","value":"cpython3"},{"name":"package","value":"tests.test_main_page"},{"name":"resultFormat","value":"allure2"}],"parameters":[],"links":[],"hidden":false,"retry":false,"extra":{"severity":"normal","retries":[],"categories":[{"name":"Test defects","matchedStatuses":[],"flaky":false}],"history":{"statistic":{"failed":0,"broken":3,"skipped":0,"passed":0,"unknown":0,"total":3},"items":[{"uid":"9da19f1486598e12","reportUrl":"https://verafes.github.io/luma_project/561//#testresult/9da19f1486598e12","status":"broken","statusDetails":"selenium.common.exceptions.TimeoutException: Message: \nStacktrace:\n#0 0x5629207058fa <unknown>\n#1 0x562920216d20 <unknown>\n#2 0x562920265a66 <unknown>\n#3 0x562920265d01 <unknown>\n#4 0x5629202ab184 <unknown>\n#5 0x562920289b1d <unknown>\n#6 0x5629202a8560 <unknown>\n#7 0x562920289893 <unknown>\n#8 0x56292025830d <unknown>\n#9 0x56292025932e <unknown>\n#10 0x5629206d200b <unknown>\n#11 0x5629206d5f97 <unknown>\n#12 0x5629206be71c <unknown>\n#13 0x5629206d6b17 <unknown>\n#14 0x5629206a36cf <unknown>\n#15 0x5629206f46b8 <unknown>\n#16 0x5629206f4880 <unknown>\n#17 0x562920704776 <unknown>\n#18 0x7ff43949ca94 <unknown>\n#19 0x7ff439529c3c <unknown>","time":{"start":1737338136105,"stop":1737338142633,"duration":6528}},{"uid":"1696aee5690d88c4","reportUrl":"https://verafes.github.io/luma_project/560//#testresult/1696aee5690d88c4","status":"broken","statusDetails":"selenium.common.exceptions.TimeoutException: Message: \nStacktrace:\n#0 0x565026cd28fa <unknown>\n#1 0x5650267e3d20 <unknown>\n#2 0x565026832a66 <unknown>\n#3 0x565026832d01 <unknown>\n#4 0x565026878184 <unknown>\n#5 0x565026856b1d <unknown>\n#6 0x565026875560 <unknown>\n#7 0x565026856893 <unknown>\n#8 0x56502682530d <unknown>\n#9 0x56502682632e <unknown>\n#10 0x565026c9f00b <unknown>\n#11 0x565026ca2f97 <unknown>\n#12 0x565026c8b71c <unknown>\n#13 0x565026ca3b17 <unknown>\n#14 0x565026c706cf <unknown>\n#15 0x565026cc16b8 <unknown>\n#16 0x565026cc1880 <unknown>\n#17 0x565026cd1776 <unknown>\n#18 0x7fc98929ca94 <unknown>\n#19 0x7fc989329c3c <unknown>","time":{"start":1737251717395,"stop":1737251723544,"duration":6149}}]},"tags":[]},"source":"1f8d835eaab2e9fa.json","parameterValues":[]}