{"uid":"b8181769701709fa","name":"TC 13.01.23 - Check the display of the title in block 2 'home-t-shirts' in the Promo Block","fullName":"tests.test_main_page.TestPromoBlock#test_tc_13_01_23_check_info_block_title_in_section2_block2","historyId":"f83a989cb967d88ba338c33427c83caa","time":{"start":1737510502660,"stop":1737510503905,"duration":1245},"description":"This test checks if the info block title in section 2 block 2 'home-t-shirts' is correct\n            in the Promo Block under header on the main page","descriptionHtml":"<p>This test checks if the info block title in section 2 block 2 'home-t-shirts' is correct<br />\nin the Promo Block under header on the main page</p>\n","status":"broken","statusMessage":"selenium.common.exceptions.NoSuchElementException: Message: no such element: Unable to locate element: {\"method\":\"css selector\",\"selector\":\".home-t-shirts .content .title\"}\n  (Session info: chrome=131.0.6778.204); For documentation on this error, please visit: https://www.selenium.dev/documentation/webdriver/troubleshooting/errors#no-such-element-exception\nStacktrace:\n#0 0x56438b9988fa <unknown>\n#1 0x56438b4a9d20 <unknown>\n#2 0x56438b4f8a66 <unknown>\n#3 0x56438b4f8d01 <unknown>\n#4 0x56438b53e184 <unknown>\n#5 0x56438b51cb1d <unknown>\n#6 0x56438b53b560 <unknown>\n#7 0x56438b51c893 <unknown>\n#8 0x56438b4eb30d <unknown>\n#9 0x56438b4ec32e <unknown>\n#10 0x56438b96500b <unknown>\n#11 0x56438b968f97 <unknown>\n#12 0x56438b95171c <unknown>\n#13 0x56438b969b17 <unknown>\n#14 0x56438b9366cf <unknown>\n#15 0x56438b9876b8 <unknown>\n#16 0x56438b987880 <unknown>\n#17 0x56438b997776 <unknown>\n#18 0x7fbe9629ca94 <unknown>\n#19 0x7fbe96329c3c <unknown>","statusTrace":"self = <test_main_page.TestMainPage.TestPromoBlock object at 0x7f1720390290>\ndriver = <selenium.webdriver.chrome.webdriver.WebDriver (session=\"54141da4536df3de8084a56e37b8bdf4\")>\n\n    @allure.title(\"TC 13.01.23 - Check the display of the title in block 2 'home-t-shirts' in the Promo Block\")\n    def test_tc_13_01_23_check_info_block_title_in_section2_block2(self, driver):\n        \"\"\"This test checks if the info block title in section 2 block 2 'home-t-shirts' is correct\n        in the Promo Block under header on the main page\"\"\"\n        page = PromoBlock(driver, MAIN_PAGE_URL)\n        page.open()\n>       actual_text = page.check_info_block_title_in_section2_block2()\n\ntests/test_main_page.py:330: \n_ _ _ _ _ _ _ _ _ _ _ _ _ _ _ _ _ _ _ _ _ _ _ _ _ _ _ _ _ _ _ _ _ _ _ _ _ _ _ _ \npages/main_page.py:250: in check_info_block_title_in_section2_block2\n    info_block_title = self.find_element(self.locators.SECTION_2_BLOCK_2_INFO_BLOCK_TITLE).text\npages/base_page.py:201: in find_element\n    return self.driver.find_element(*locator)\n/opt/hostedtoolcache/Python/3.11.11/x64/lib/python3.11/site-packages/selenium/webdriver/remote/webdriver.py:738: in find_element\n    return self.execute(Command.FIND_ELEMENT, {\"using\": by, \"value\": value})[\"value\"]\n/opt/hostedtoolcache/Python/3.11.11/x64/lib/python3.11/site-packages/selenium/webdriver/remote/webdriver.py:344: in execute\n    self.error_handler.check_response(response)\n_ _ _ _ _ _ _ _ _ _ _ _ _ _ _ _ _ _ _ _ _ _ _ _ _ _ _ _ _ _ _ _ _ _ _ _ _ _ _ _ \n\nself = <selenium.webdriver.remote.errorhandler.ErrorHandler object at 0x7f172218c1d0>\nresponse = {'status': 404, 'value': '{\"value\":{\"error\":\"no such element\",\"message\":\"no such element: Unable to locate element: {\\...\\\\n#17 0x56438b997776 \\\\u003Cunknown>\\\\n#18 0x7fbe9629ca94 \\\\u003Cunknown>\\\\n#19 0x7fbe96329c3c \\\\u003Cunknown>\\\\n\"}}'}\n\n    def check_response(self, response: Dict[str, Any]) -> None:\n        \"\"\"Checks that a JSON response from the WebDriver does not have an\n        error.\n    \n        :Args:\n         - response - The JSON response from the WebDriver server as a dictionary\n           object.\n    \n        :Raises: If the response contains an error message.\n        \"\"\"\n        status = response.get(\"status\", None)\n        if not status or status == ErrorCode.SUCCESS:\n            return\n        value = None\n        message = response.get(\"message\", \"\")\n        screen: str = response.get(\"screen\", \"\")\n        stacktrace = None\n        if isinstance(status, int):\n            value_json = response.get(\"value\", None)\n            if value_json and isinstance(value_json, str):\n                import json\n    \n                try:\n                    value = json.loads(value_json)\n                    if len(value) == 1:\n                        value = value[\"value\"]\n                    status = value.get(\"error\", None)\n                    if not status:\n                        status = value.get(\"status\", ErrorCode.UNKNOWN_ERROR)\n                        message = value.get(\"value\") or value.get(\"message\")\n                        if not isinstance(message, str):\n                            value = message\n                            message = message.get(\"message\")\n                    else:\n                        message = value.get(\"message\", None)\n                except ValueError:\n                    pass\n    \n        exception_class: Type[WebDriverException]\n        e = ErrorCode()\n        error_codes = [item for item in dir(e) if not item.startswith(\"__\")]\n        for error_code in error_codes:\n            error_info = getattr(ErrorCode, error_code)\n            if isinstance(error_info, list) and status in error_info:\n                exception_class = getattr(ExceptionMapping, error_code, WebDriverException)\n                break\n        else:\n            exception_class = WebDriverException\n    \n        if not value:\n            value = response[\"value\"]\n        if isinstance(value, str):\n            raise exception_class(value)\n        if message == \"\" and \"message\" in value:\n            message = value[\"message\"]\n    \n        screen = None  # type: ignore[assignment]\n        if \"screen\" in value:\n            screen = value[\"screen\"]\n    \n        stacktrace = None\n        st_value = value.get(\"stackTrace\") or value.get(\"stacktrace\")\n        if st_value:\n            if isinstance(st_value, str):\n                stacktrace = st_value.split(\"\\n\")\n            else:\n                stacktrace = []\n                try:\n                    for frame in st_value:\n                        line = frame.get(\"lineNumber\", \"\")\n                        file = frame.get(\"fileName\", \"<anonymous>\")\n                        if line:\n                            file = f\"{file}:{line}\"\n                        meth = frame.get(\"methodName\", \"<anonymous>\")\n                        if \"className\" in frame:\n                            meth = f\"{frame['className']}.{meth}\"\n                        msg = \"    at %s (%s)\"\n                        msg = msg % (meth, file)\n                        stacktrace.append(msg)\n                except TypeError:\n                    pass\n        if exception_class == UnexpectedAlertPresentException:\n            alert_text = None\n            if \"data\" in value:\n                alert_text = value[\"data\"].get(\"text\")\n            elif \"alert\" in value:\n                alert_text = value[\"alert\"].get(\"text\")\n            raise exception_class(message, screen, stacktrace, alert_text)  # type: ignore[call-arg]  # mypy is not smart enough here\n>       raise exception_class(message, screen, stacktrace)\nE       selenium.common.exceptions.NoSuchElementException: Message: no such element: Unable to locate element: {\"method\":\"css selector\",\"selector\":\".home-t-shirts .content .title\"}\nE         (Session info: chrome=131.0.6778.204); For documentation on this error, please visit: https://www.selenium.dev/documentation/webdriver/troubleshooting/errors#no-such-element-exception\nE       Stacktrace:\nE       #0 0x56438b9988fa <unknown>\nE       #1 0x56438b4a9d20 <unknown>\nE       #2 0x56438b4f8a66 <unknown>\nE       #3 0x56438b4f8d01 <unknown>\nE       #4 0x56438b53e184 <unknown>\nE       #5 0x56438b51cb1d <unknown>\nE       #6 0x56438b53b560 <unknown>\nE       #7 0x56438b51c893 <unknown>\nE       #8 0x56438b4eb30d <unknown>\nE       #9 0x56438b4ec32e <unknown>\nE       #10 0x56438b96500b <unknown>\nE       #11 0x56438b968f97 <unknown>\nE       #12 0x56438b95171c <unknown>\nE       #13 0x56438b969b17 <unknown>\nE       #14 0x56438b9366cf <unknown>\nE       #15 0x56438b9876b8 <unknown>\nE       #16 0x56438b987880 <unknown>\nE       #17 0x56438b997776 <unknown>\nE       #18 0x7fbe9629ca94 <unknown>\nE       #19 0x7fbe96329c3c <unknown>\n\n/opt/hostedtoolcache/Python/3.11.11/x64/lib/python3.11/site-packages/selenium/webdriver/remote/errorhandler.py:229: NoSuchElementException","flaky":false,"newFailed":false,"newBroken":false,"newPassed":false,"retriesCount":0,"retriesStatusChange":false,"beforeStages":[{"name":"_session_faker","time":{"start":1737509856592,"stop":1737509856654,"duration":62},"status":"passed","steps":[],"attachments":[],"parameters":[],"shouldDisplayMessage":false,"stepsCount":0,"attachmentsCount":0,"hasContent":false,"attachmentStep":false},{"name":"clear_allure_result_folder","time":{"start":1737509856654,"stop":1737509856655,"duration":1},"status":"passed","steps":[],"attachments":[],"parameters":[],"shouldDisplayMessage":false,"stepsCount":0,"attachmentsCount":0,"hasContent":false,"attachmentStep":false},{"name":"driver","time":{"start":1737510501469,"stop":1737510502659,"duration":1190},"status":"passed","steps":[],"attachments":[],"parameters":[],"shouldDisplayMessage":false,"stepsCount":0,"attachmentsCount":0,"hasContent":false,"attachmentStep":false}],"testStage":{"description":"This test checks if the info block title in section 2 block 2 'home-t-shirts' is correct\n            in the Promo Block under header on the main page","status":"broken","statusMessage":"selenium.common.exceptions.NoSuchElementException: Message: no such element: Unable to locate element: {\"method\":\"css selector\",\"selector\":\".home-t-shirts .content .title\"}\n  (Session info: chrome=131.0.6778.204); For documentation on this error, please visit: https://www.selenium.dev/documentation/webdriver/troubleshooting/errors#no-such-element-exception\nStacktrace:\n#0 0x56438b9988fa <unknown>\n#1 0x56438b4a9d20 <unknown>\n#2 0x56438b4f8a66 <unknown>\n#3 0x56438b4f8d01 <unknown>\n#4 0x56438b53e184 <unknown>\n#5 0x56438b51cb1d <unknown>\n#6 0x56438b53b560 <unknown>\n#7 0x56438b51c893 <unknown>\n#8 0x56438b4eb30d <unknown>\n#9 0x56438b4ec32e <unknown>\n#10 0x56438b96500b <unknown>\n#11 0x56438b968f97 <unknown>\n#12 0x56438b95171c <unknown>\n#13 0x56438b969b17 <unknown>\n#14 0x56438b9366cf <unknown>\n#15 0x56438b9876b8 <unknown>\n#16 0x56438b987880 <unknown>\n#17 0x56438b997776 <unknown>\n#18 0x7fbe9629ca94 <unknown>\n#19 0x7fbe96329c3c <unknown>","statusTrace":"self = <test_main_page.TestMainPage.TestPromoBlock object at 0x7f1720390290>\ndriver = <selenium.webdriver.chrome.webdriver.WebDriver (session=\"54141da4536df3de8084a56e37b8bdf4\")>\n\n    @allure.title(\"TC 13.01.23 - Check the display of the title in block 2 'home-t-shirts' in the Promo Block\")\n    def test_tc_13_01_23_check_info_block_title_in_section2_block2(self, driver):\n        \"\"\"This test checks if the info block title in section 2 block 2 'home-t-shirts' is correct\n        in the Promo Block under header on the main page\"\"\"\n        page = PromoBlock(driver, MAIN_PAGE_URL)\n        page.open()\n>       actual_text = page.check_info_block_title_in_section2_block2()\n\ntests/test_main_page.py:330: \n_ _ _ _ _ _ _ _ _ _ _ _ _ _ _ _ _ _ _ _ _ _ _ _ _ _ _ _ _ _ _ _ _ _ _ _ _ _ _ _ \npages/main_page.py:250: in check_info_block_title_in_section2_block2\n    info_block_title = self.find_element(self.locators.SECTION_2_BLOCK_2_INFO_BLOCK_TITLE).text\npages/base_page.py:201: in find_element\n    return self.driver.find_element(*locator)\n/opt/hostedtoolcache/Python/3.11.11/x64/lib/python3.11/site-packages/selenium/webdriver/remote/webdriver.py:738: in find_element\n    return self.execute(Command.FIND_ELEMENT, {\"using\": by, \"value\": value})[\"value\"]\n/opt/hostedtoolcache/Python/3.11.11/x64/lib/python3.11/site-packages/selenium/webdriver/remote/webdriver.py:344: in execute\n    self.error_handler.check_response(response)\n_ _ _ _ _ _ _ _ _ _ _ _ _ _ _ _ _ _ _ _ _ _ _ _ _ _ _ _ _ _ _ _ _ _ _ _ _ _ _ _ \n\nself = <selenium.webdriver.remote.errorhandler.ErrorHandler object at 0x7f172218c1d0>\nresponse = {'status': 404, 'value': '{\"value\":{\"error\":\"no such element\",\"message\":\"no such element: Unable to locate element: {\\...\\\\n#17 0x56438b997776 \\\\u003Cunknown>\\\\n#18 0x7fbe9629ca94 \\\\u003Cunknown>\\\\n#19 0x7fbe96329c3c \\\\u003Cunknown>\\\\n\"}}'}\n\n    def check_response(self, response: Dict[str, Any]) -> None:\n        \"\"\"Checks that a JSON response from the WebDriver does not have an\n        error.\n    \n        :Args:\n         - response - The JSON response from the WebDriver server as a dictionary\n           object.\n    \n        :Raises: If the response contains an error message.\n        \"\"\"\n        status = response.get(\"status\", None)\n        if not status or status == ErrorCode.SUCCESS:\n            return\n        value = None\n        message = response.get(\"message\", \"\")\n        screen: str = response.get(\"screen\", \"\")\n        stacktrace = None\n        if isinstance(status, int):\n            value_json = response.get(\"value\", None)\n            if value_json and isinstance(value_json, str):\n                import json\n    \n                try:\n                    value = json.loads(value_json)\n                    if len(value) == 1:\n                        value = value[\"value\"]\n                    status = value.get(\"error\", None)\n                    if not status:\n                        status = value.get(\"status\", ErrorCode.UNKNOWN_ERROR)\n                        message = value.get(\"value\") or value.get(\"message\")\n                        if not isinstance(message, str):\n                            value = message\n                            message = message.get(\"message\")\n                    else:\n                        message = value.get(\"message\", None)\n                except ValueError:\n                    pass\n    \n        exception_class: Type[WebDriverException]\n        e = ErrorCode()\n        error_codes = [item for item in dir(e) if not item.startswith(\"__\")]\n        for error_code in error_codes:\n            error_info = getattr(ErrorCode, error_code)\n            if isinstance(error_info, list) and status in error_info:\n                exception_class = getattr(ExceptionMapping, error_code, WebDriverException)\n                break\n        else:\n            exception_class = WebDriverException\n    \n        if not value:\n            value = response[\"value\"]\n        if isinstance(value, str):\n            raise exception_class(value)\n        if message == \"\" and \"message\" in value:\n            message = value[\"message\"]\n    \n        screen = None  # type: ignore[assignment]\n        if \"screen\" in value:\n            screen = value[\"screen\"]\n    \n        stacktrace = None\n        st_value = value.get(\"stackTrace\") or value.get(\"stacktrace\")\n        if st_value:\n            if isinstance(st_value, str):\n                stacktrace = st_value.split(\"\\n\")\n            else:\n                stacktrace = []\n                try:\n                    for frame in st_value:\n                        line = frame.get(\"lineNumber\", \"\")\n                        file = frame.get(\"fileName\", \"<anonymous>\")\n                        if line:\n                            file = f\"{file}:{line}\"\n                        meth = frame.get(\"methodName\", \"<anonymous>\")\n                        if \"className\" in frame:\n                            meth = f\"{frame['className']}.{meth}\"\n                        msg = \"    at %s (%s)\"\n                        msg = msg % (meth, file)\n                        stacktrace.append(msg)\n                except TypeError:\n                    pass\n        if exception_class == UnexpectedAlertPresentException:\n            alert_text = None\n            if \"data\" in value:\n                alert_text = value[\"data\"].get(\"text\")\n            elif \"alert\" in value:\n                alert_text = value[\"alert\"].get(\"text\")\n            raise exception_class(message, screen, stacktrace, alert_text)  # type: ignore[call-arg]  # mypy is not smart enough here\n>       raise exception_class(message, screen, stacktrace)\nE       selenium.common.exceptions.NoSuchElementException: Message: no such element: Unable to locate element: {\"method\":\"css selector\",\"selector\":\".home-t-shirts .content .title\"}\nE         (Session info: chrome=131.0.6778.204); For documentation on this error, please visit: https://www.selenium.dev/documentation/webdriver/troubleshooting/errors#no-such-element-exception\nE       Stacktrace:\nE       #0 0x56438b9988fa <unknown>\nE       #1 0x56438b4a9d20 <unknown>\nE       #2 0x56438b4f8a66 <unknown>\nE       #3 0x56438b4f8d01 <unknown>\nE       #4 0x56438b53e184 <unknown>\nE       #5 0x56438b51cb1d <unknown>\nE       #6 0x56438b53b560 <unknown>\nE       #7 0x56438b51c893 <unknown>\nE       #8 0x56438b4eb30d <unknown>\nE       #9 0x56438b4ec32e <unknown>\nE       #10 0x56438b96500b <unknown>\nE       #11 0x56438b968f97 <unknown>\nE       #12 0x56438b95171c <unknown>\nE       #13 0x56438b969b17 <unknown>\nE       #14 0x56438b9366cf <unknown>\nE       #15 0x56438b9876b8 <unknown>\nE       #16 0x56438b987880 <unknown>\nE       #17 0x56438b997776 <unknown>\nE       #18 0x7fbe9629ca94 <unknown>\nE       #19 0x7fbe96329c3c <unknown>\n\n/opt/hostedtoolcache/Python/3.11.11/x64/lib/python3.11/site-packages/selenium/webdriver/remote/errorhandler.py:229: NoSuchElementException","steps":[{"name":"Open a browser","time":{"start":1737510502660,"stop":1737510503886,"duration":1226},"status":"passed","steps":[],"attachments":[],"parameters":[],"shouldDisplayMessage":false,"stepsCount":0,"attachmentsCount":0,"hasContent":false,"attachmentStep":false},{"name":"Check the title of info block in section 2 block 2 'home-t-shirts' in the Promo Block is correct","time":{"start":1737510503886,"stop":1737510503904,"duration":18},"status":"broken","statusMessage":"selenium.common.exceptions.NoSuchElementException: Message: no such element: Unable to locate element: {\"method\":\"css selector\",\"selector\":\".home-t-shirts .content .title\"}\n  (Session info: chrome=131.0.6778.204); For documentation on this error, please visit: https://www.selenium.dev/documentation/webdriver/troubleshooting/errors#no-such-element-exception\nStacktrace:\n#0 0x56438b9988fa <unknown>\n#1 0x56438b4a9d20 <unknown>\n#2 0x56438b4f8a66 <unknown>\n#3 0x56438b4f8d01 <unknown>\n#4 0x56438b53e184 <unknown>\n#5 0x56438b51cb1d <unknown>\n#6 0x56438b53b560 <unknown>\n#7 0x56438b51c893 <unknown>\n#8 0x56438b4eb30d <unknown>\n#9 0x56438b4ec32e <unknown>\n#10 0x56438b96500b <unknown>\n#11 0x56438b968f97 <unknown>\n#12 0x56438b95171c <unknown>\n#13 0x56438b969b17 <unknown>\n#14 0x56438b9366cf <unknown>\n#15 0x56438b9876b8 <unknown>\n#16 0x56438b987880 <unknown>\n#17 0x56438b997776 <unknown>\n#18 0x7fbe9629ca94 <unknown>\n#19 0x7fbe96329c3c <unknown>\n\n","statusTrace":"  File \"/opt/hostedtoolcache/Python/3.11.11/x64/lib/python3.11/site-packages/allure_commons/_allure.py\", line 192, in impl\n    return func(*a, **kw)\n           ^^^^^^^^^^^^^^\n  File \"/home/runner/work/luma_project/luma_project/pages/main_page.py\", line 250, in check_info_block_title_in_section2_block2\n    info_block_title = self.find_element(self.locators.SECTION_2_BLOCK_2_INFO_BLOCK_TITLE).text\n                       ^^^^^^^^^^^^^^^^^^^^^^^^^^^^^^^^^^^^^^^^^^^^^^^^^^^^^^^^^^^^^^^^^^^\n  File \"/opt/hostedtoolcache/Python/3.11.11/x64/lib/python3.11/site-packages/allure_commons/_allure.py\", line 192, in impl\n    return func(*a, **kw)\n           ^^^^^^^^^^^^^^\n  File \"/home/runner/work/luma_project/luma_project/pages/base_page.py\", line 201, in find_element\n    return self.driver.find_element(*locator)\n           ^^^^^^^^^^^^^^^^^^^^^^^^^^^^^^^^^^\n  File \"/opt/hostedtoolcache/Python/3.11.11/x64/lib/python3.11/site-packages/selenium/webdriver/remote/webdriver.py\", line 738, in find_element\n    return self.execute(Command.FIND_ELEMENT, {\"using\": by, \"value\": value})[\"value\"]\n           ^^^^^^^^^^^^^^^^^^^^^^^^^^^^^^^^^^^^^^^^^^^^^^^^^^^^^^^^^^^^^^^^^\n  File \"/opt/hostedtoolcache/Python/3.11.11/x64/lib/python3.11/site-packages/selenium/webdriver/remote/webdriver.py\", line 344, in execute\n    self.error_handler.check_response(response)\n  File \"/opt/hostedtoolcache/Python/3.11.11/x64/lib/python3.11/site-packages/selenium/webdriver/remote/errorhandler.py\", line 229, in check_response\n    raise exception_class(message, screen, stacktrace)\n","steps":[{"name":"Find element (unpacking)","time":{"start":1737510503886,"stop":1737510503904,"duration":18},"status":"broken","statusMessage":"selenium.common.exceptions.NoSuchElementException: Message: no such element: Unable to locate element: {\"method\":\"css selector\",\"selector\":\".home-t-shirts .content .title\"}\n  (Session info: chrome=131.0.6778.204); For documentation on this error, please visit: https://www.selenium.dev/documentation/webdriver/troubleshooting/errors#no-such-element-exception\nStacktrace:\n#0 0x56438b9988fa <unknown>\n#1 0x56438b4a9d20 <unknown>\n#2 0x56438b4f8a66 <unknown>\n#3 0x56438b4f8d01 <unknown>\n#4 0x56438b53e184 <unknown>\n#5 0x56438b51cb1d <unknown>\n#6 0x56438b53b560 <unknown>\n#7 0x56438b51c893 <unknown>\n#8 0x56438b4eb30d <unknown>\n#9 0x56438b4ec32e <unknown>\n#10 0x56438b96500b <unknown>\n#11 0x56438b968f97 <unknown>\n#12 0x56438b95171c <unknown>\n#13 0x56438b969b17 <unknown>\n#14 0x56438b9366cf <unknown>\n#15 0x56438b9876b8 <unknown>\n#16 0x56438b987880 <unknown>\n#17 0x56438b997776 <unknown>\n#18 0x7fbe9629ca94 <unknown>\n#19 0x7fbe96329c3c <unknown>\n\n","statusTrace":"  File \"/opt/hostedtoolcache/Python/3.11.11/x64/lib/python3.11/site-packages/allure_commons/_allure.py\", line 192, in impl\n    return func(*a, **kw)\n           ^^^^^^^^^^^^^^\n  File \"/home/runner/work/luma_project/luma_project/pages/base_page.py\", line 201, in find_element\n    return self.driver.find_element(*locator)\n           ^^^^^^^^^^^^^^^^^^^^^^^^^^^^^^^^^^\n  File \"/opt/hostedtoolcache/Python/3.11.11/x64/lib/python3.11/site-packages/selenium/webdriver/remote/webdriver.py\", line 738, in find_element\n    return self.execute(Command.FIND_ELEMENT, {\"using\": by, \"value\": value})[\"value\"]\n           ^^^^^^^^^^^^^^^^^^^^^^^^^^^^^^^^^^^^^^^^^^^^^^^^^^^^^^^^^^^^^^^^^\n  File \"/opt/hostedtoolcache/Python/3.11.11/x64/lib/python3.11/site-packages/selenium/webdriver/remote/webdriver.py\", line 344, in execute\n    self.error_handler.check_response(response)\n  File \"/opt/hostedtoolcache/Python/3.11.11/x64/lib/python3.11/site-packages/selenium/webdriver/remote/errorhandler.py\", line 229, in check_response\n    raise exception_class(message, screen, stacktrace)\n","steps":[],"attachments":[],"parameters":[{"name":"locator","value":"('css selector', '.home-t-shirts .content .title')"}],"shouldDisplayMessage":true,"stepsCount":0,"attachmentsCount":0,"hasContent":true,"attachmentStep":false}],"attachments":[],"parameters":[],"shouldDisplayMessage":false,"stepsCount":1,"attachmentsCount":0,"hasContent":true,"attachmentStep":false}],"attachments":[{"uid":"4ee6bb889b6fa0b2","name":"Screenshot","source":"4ee6bb889b6fa0b2.png","type":"image/png","size":548028},{"uid":"788293ece0e3ca41","name":"HTML source","source":"788293ece0e3ca41.html","type":"text/html","size":136654}],"parameters":[],"shouldDisplayMessage":true,"stepsCount":3,"attachmentsCount":2,"hasContent":true,"attachmentStep":false},"afterStages":[{"name":"driver::0","time":{"start":1737510504164,"stop":1737510504236,"duration":72},"status":"passed","steps":[],"attachments":[],"parameters":[],"shouldDisplayMessage":false,"stepsCount":0,"attachmentsCount":0,"hasContent":false,"attachmentStep":false},{"name":"clear_allure_result_folder::0","time":{"start":1737511261675,"stop":1737511261675,"duration":0},"status":"passed","steps":[],"attachments":[],"parameters":[],"shouldDisplayMessage":false,"stepsCount":0,"attachmentsCount":0,"hasContent":false,"attachmentStep":false}],"labels":[{"name":"feature","value":"Promo Block Testing"},{"name":"epic","value":"Main Page"},{"name":"parentSuite","value":"tests"},{"name":"suite","value":"test_main_page"},{"name":"subSuite","value":"TestMainPage"},{"name":"host","value":"fv-az1372-975"},{"name":"thread","value":"2774-MainThread"},{"name":"framework","value":"pytest"},{"name":"language","value":"cpython3"},{"name":"package","value":"tests.test_main_page"},{"name":"resultFormat","value":"allure2"}],"parameters":[],"links":[],"hidden":false,"retry":false,"extra":{"severity":"normal","retries":[],"categories":[{"name":"Test defects","matchedStatuses":[],"flaky":false}],"history":{"statistic":{"failed":0,"broken":3,"skipped":0,"passed":0,"unknown":0,"total":3},"items":[{"uid":"f2c5db9a669ccd8a","reportUrl":"https://verafes.github.io/luma_project/561//#testresult/f2c5db9a669ccd8a","status":"broken","statusDetails":"selenium.common.exceptions.NoSuchElementException: Message: no such element: Unable to locate element: {\"method\":\"css selector\",\"selector\":\".home-t-shirts .content .title\"}\n  (Session info: chrome=131.0.6778.204); For documentation on this error, please visit: https://www.selenium.dev/documentation/webdriver/troubleshooting/errors#no-such-element-exception\nStacktrace:\n#0 0x563e783868fa <unknown>\n#1 0x563e77e97d20 <unknown>\n#2 0x563e77ee6a66 <unknown>\n#3 0x563e77ee6d01 <unknown>\n#4 0x563e77f2c184 <unknown>\n#5 0x563e77f0ab1d <unknown>\n#6 0x563e77f29560 <unknown>\n#7 0x563e77f0a893 <unknown>\n#8 0x563e77ed930d <unknown>\n#9 0x563e77eda32e <unknown>\n#10 0x563e7835300b <unknown>\n#11 0x563e78356f97 <unknown>\n#12 0x563e7833f71c <unknown>\n#13 0x563e78357b17 <unknown>\n#14 0x563e783246cf <unknown>\n#15 0x563e783756b8 <unknown>\n#16 0x563e78375880 <unknown>\n#17 0x563e78385776 <unknown>\n#18 0x7f270749ca94 <unknown>\n#19 0x7f2707529c3c <unknown>","time":{"start":1737337948299,"stop":1737337949429,"duration":1130}},{"uid":"2e04e0831f0b9df6","reportUrl":"https://verafes.github.io/luma_project/560//#testresult/2e04e0831f0b9df6","status":"broken","statusDetails":"selenium.common.exceptions.NoSuchElementException: Message: no such element: Unable to locate element: {\"method\":\"css selector\",\"selector\":\".home-t-shirts .content .title\"}\n  (Session info: chrome=131.0.6778.204); For documentation on this error, please visit: https://www.selenium.dev/documentation/webdriver/troubleshooting/errors#no-such-element-exception\nStacktrace:\n#0 0x5557ffda68fa <unknown>\n#1 0x5557ff8b7d20 <unknown>\n#2 0x5557ff906a66 <unknown>\n#3 0x5557ff906d01 <unknown>\n#4 0x5557ff94c184 <unknown>\n#5 0x5557ff92ab1d <unknown>\n#6 0x5557ff949560 <unknown>\n#7 0x5557ff92a893 <unknown>\n#8 0x5557ff8f930d <unknown>\n#9 0x5557ff8fa32e <unknown>\n#10 0x5557ffd7300b <unknown>\n#11 0x5557ffd76f97 <unknown>\n#12 0x5557ffd5f71c <unknown>\n#13 0x5557ffd77b17 <unknown>\n#14 0x5557ffd446cf <unknown>\n#15 0x5557ffd956b8 <unknown>\n#16 0x5557ffd95880 <unknown>\n#17 0x5557ffda5776 <unknown>\n#18 0x7f906789ca94 <unknown>\n#19 0x7f9067929c3c <unknown>","time":{"start":1737251525964,"stop":1737251527203,"duration":1239}}]},"tags":[]},"source":"b8181769701709fa.json","parameterValues":[]}