{"uid":"3ad6cbe173987af5","name":"TC 13.01.50 - Check if block 1 'home-pants' in section 2 is clickablein the Promo Block on the main page","fullName":"tests.test_main_page.TestPromoBlock#test_tc_13_01_50_check_section2_block1_clickability","historyId":"3859571638e9bbf85fd31e5492109e9c","time":{"start":1736560304565,"stop":1736560310862,"duration":6297},"description":"This test checks if block 1 'home-pants' in section 2 in Promo Block under header is clickable","descriptionHtml":"<p>This test checks if block 1 'home-pants' in section 2 in Promo Block under header is clickable</p>\n","status":"broken","statusMessage":"selenium.common.exceptions.TimeoutException: Message: \nStacktrace:\n#0 0x5600329048fa <unknown>\n#1 0x560032415d20 <unknown>\n#2 0x560032464a66 <unknown>\n#3 0x560032464d01 <unknown>\n#4 0x5600324aa184 <unknown>\n#5 0x560032488b1d <unknown>\n#6 0x5600324a7560 <unknown>\n#7 0x560032488893 <unknown>\n#8 0x56003245730d <unknown>\n#9 0x56003245832e <unknown>\n#10 0x5600328d100b <unknown>\n#11 0x5600328d4f97 <unknown>\n#12 0x5600328bd71c <unknown>\n#13 0x5600328d5b17 <unknown>\n#14 0x5600328a26cf <unknown>\n#15 0x5600328f36b8 <unknown>\n#16 0x5600328f3880 <unknown>\n#17 0x560032903776 <unknown>\n#18 0x7f33aac9ca94 <unknown>\n#19 0x7f33aad29c3c <unknown>","statusTrace":"self = <test_main_page.TestMainPage.TestPromoBlock object at 0x7f6fe396cb10>\ndriver = <selenium.webdriver.chrome.webdriver.WebDriver (session=\"88a7280c674d9b8db00ad69dcfca44de\")>\n\n    @allure.title(\"TC 13.01.50 - Check if block 1 'home-pants' in section 2 is clickable\"\n                  \"in the Promo Block on the main page\")\n    def test_tc_13_01_50_check_section2_block1_clickability(self, driver):\n        \"\"\"This test checks if block 1 'home-pants' in section 2 in Promo Block under header is clickable\"\"\"\n        page = PromoBlock(driver, MAIN_PAGE_URL)\n        page.open()\n>       section2_block1 = page.check_section2_block1_clickability()\n\ntests/test_main_page.py:645: \n_ _ _ _ _ _ _ _ _ _ _ _ _ _ _ _ _ _ _ _ _ _ _ _ _ _ _ _ _ _ _ _ _ _ _ _ _ _ _ _ \npages/main_page.py:328: in check_section2_block1_clickability\n    section2_block1 = self.element_is_clickable(self.locators.SECTION_2_BLOCK_1)\npages/base_page.py:80: in element_is_clickable\n    return wait(self.driver, timeout).until(EC.element_to_be_clickable(locator))\n_ _ _ _ _ _ _ _ _ _ _ _ _ _ _ _ _ _ _ _ _ _ _ _ _ _ _ _ _ _ _ _ _ _ _ _ _ _ _ _ \n\nself = <selenium.webdriver.support.wait.WebDriverWait (session=\"88a7280c674d9b8db00ad69dcfca44de\")>\nmethod = <function element_to_be_clickable.<locals>._predicate at 0x7f6fe5767d80>\nmessage = ''\n\n    def until(self, method, message: str = \"\"):\n        \"\"\"Calls the method provided with the driver as an argument until the \\\n        return value does not evaluate to ``False``.\n    \n        :param method: callable(WebDriver)\n        :param message: optional message for :exc:`TimeoutException`\n        :returns: the result of the last call to `method`\n        :raises: :exc:`selenium.common.exceptions.TimeoutException` if timeout occurs\n        \"\"\"\n        screen = None\n        stacktrace = None\n    \n        end_time = time.monotonic() + self._timeout\n        while True:\n            try:\n                value = method(self._driver)\n                if value:\n                    return value\n            except self._ignored_exceptions as exc:\n                screen = getattr(exc, \"screen\", None)\n                stacktrace = getattr(exc, \"stacktrace\", None)\n            time.sleep(self._poll)\n            if time.monotonic() > end_time:\n                break\n>       raise TimeoutException(message, screen, stacktrace)\nE       selenium.common.exceptions.TimeoutException: Message: \nE       Stacktrace:\nE       #0 0x5600329048fa <unknown>\nE       #1 0x560032415d20 <unknown>\nE       #2 0x560032464a66 <unknown>\nE       #3 0x560032464d01 <unknown>\nE       #4 0x5600324aa184 <unknown>\nE       #5 0x560032488b1d <unknown>\nE       #6 0x5600324a7560 <unknown>\nE       #7 0x560032488893 <unknown>\nE       #8 0x56003245730d <unknown>\nE       #9 0x56003245832e <unknown>\nE       #10 0x5600328d100b <unknown>\nE       #11 0x5600328d4f97 <unknown>\nE       #12 0x5600328bd71c <unknown>\nE       #13 0x5600328d5b17 <unknown>\nE       #14 0x5600328a26cf <unknown>\nE       #15 0x5600328f36b8 <unknown>\nE       #16 0x5600328f3880 <unknown>\nE       #17 0x560032903776 <unknown>\nE       #18 0x7f33aac9ca94 <unknown>\nE       #19 0x7f33aad29c3c <unknown>\n\n/opt/hostedtoolcache/Python/3.11.11/x64/lib/python3.11/site-packages/selenium/webdriver/support/wait.py:95: TimeoutException","flaky":false,"newFailed":false,"newBroken":false,"newPassed":false,"retriesCount":0,"retriesStatusChange":false,"beforeStages":[{"name":"_session_faker","time":{"start":1736559496068,"stop":1736559496130,"duration":62},"status":"passed","steps":[],"attachments":[],"parameters":[],"shouldDisplayMessage":false,"stepsCount":0,"attachmentsCount":0,"hasContent":false,"attachmentStep":false},{"name":"clear_allure_result_folder","time":{"start":1736559496131,"stop":1736559496131,"duration":0},"status":"passed","steps":[],"attachments":[],"parameters":[],"shouldDisplayMessage":false,"stepsCount":0,"attachmentsCount":0,"hasContent":false,"attachmentStep":false},{"name":"driver","time":{"start":1736560303278,"stop":1736560304564,"duration":1286},"status":"passed","steps":[],"attachments":[],"parameters":[],"shouldDisplayMessage":false,"stepsCount":0,"attachmentsCount":0,"hasContent":false,"attachmentStep":false}],"testStage":{"description":"This test checks if block 1 'home-pants' in section 2 in Promo Block under header is clickable","status":"broken","statusMessage":"selenium.common.exceptions.TimeoutException: Message: \nStacktrace:\n#0 0x5600329048fa <unknown>\n#1 0x560032415d20 <unknown>\n#2 0x560032464a66 <unknown>\n#3 0x560032464d01 <unknown>\n#4 0x5600324aa184 <unknown>\n#5 0x560032488b1d <unknown>\n#6 0x5600324a7560 <unknown>\n#7 0x560032488893 <unknown>\n#8 0x56003245730d <unknown>\n#9 0x56003245832e <unknown>\n#10 0x5600328d100b <unknown>\n#11 0x5600328d4f97 <unknown>\n#12 0x5600328bd71c <unknown>\n#13 0x5600328d5b17 <unknown>\n#14 0x5600328a26cf <unknown>\n#15 0x5600328f36b8 <unknown>\n#16 0x5600328f3880 <unknown>\n#17 0x560032903776 <unknown>\n#18 0x7f33aac9ca94 <unknown>\n#19 0x7f33aad29c3c <unknown>","statusTrace":"self = <test_main_page.TestMainPage.TestPromoBlock object at 0x7f6fe396cb10>\ndriver = <selenium.webdriver.chrome.webdriver.WebDriver (session=\"88a7280c674d9b8db00ad69dcfca44de\")>\n\n    @allure.title(\"TC 13.01.50 - Check if block 1 'home-pants' in section 2 is clickable\"\n                  \"in the Promo Block on the main page\")\n    def test_tc_13_01_50_check_section2_block1_clickability(self, driver):\n        \"\"\"This test checks if block 1 'home-pants' in section 2 in Promo Block under header is clickable\"\"\"\n        page = PromoBlock(driver, MAIN_PAGE_URL)\n        page.open()\n>       section2_block1 = page.check_section2_block1_clickability()\n\ntests/test_main_page.py:645: \n_ _ _ _ _ _ _ _ _ _ _ _ _ _ _ _ _ _ _ _ _ _ _ _ _ _ _ _ _ _ _ _ _ _ _ _ _ _ _ _ \npages/main_page.py:328: in check_section2_block1_clickability\n    section2_block1 = self.element_is_clickable(self.locators.SECTION_2_BLOCK_1)\npages/base_page.py:80: in element_is_clickable\n    return wait(self.driver, timeout).until(EC.element_to_be_clickable(locator))\n_ _ _ _ _ _ _ _ _ _ _ _ _ _ _ _ _ _ _ _ _ _ _ _ _ _ _ _ _ _ _ _ _ _ _ _ _ _ _ _ \n\nself = <selenium.webdriver.support.wait.WebDriverWait (session=\"88a7280c674d9b8db00ad69dcfca44de\")>\nmethod = <function element_to_be_clickable.<locals>._predicate at 0x7f6fe5767d80>\nmessage = ''\n\n    def until(self, method, message: str = \"\"):\n        \"\"\"Calls the method provided with the driver as an argument until the \\\n        return value does not evaluate to ``False``.\n    \n        :param method: callable(WebDriver)\n        :param message: optional message for :exc:`TimeoutException`\n        :returns: the result of the last call to `method`\n        :raises: :exc:`selenium.common.exceptions.TimeoutException` if timeout occurs\n        \"\"\"\n        screen = None\n        stacktrace = None\n    \n        end_time = time.monotonic() + self._timeout\n        while True:\n            try:\n                value = method(self._driver)\n                if value:\n                    return value\n            except self._ignored_exceptions as exc:\n                screen = getattr(exc, \"screen\", None)\n                stacktrace = getattr(exc, \"stacktrace\", None)\n            time.sleep(self._poll)\n            if time.monotonic() > end_time:\n                break\n>       raise TimeoutException(message, screen, stacktrace)\nE       selenium.common.exceptions.TimeoutException: Message: \nE       Stacktrace:\nE       #0 0x5600329048fa <unknown>\nE       #1 0x560032415d20 <unknown>\nE       #2 0x560032464a66 <unknown>\nE       #3 0x560032464d01 <unknown>\nE       #4 0x5600324aa184 <unknown>\nE       #5 0x560032488b1d <unknown>\nE       #6 0x5600324a7560 <unknown>\nE       #7 0x560032488893 <unknown>\nE       #8 0x56003245730d <unknown>\nE       #9 0x56003245832e <unknown>\nE       #10 0x5600328d100b <unknown>\nE       #11 0x5600328d4f97 <unknown>\nE       #12 0x5600328bd71c <unknown>\nE       #13 0x5600328d5b17 <unknown>\nE       #14 0x5600328a26cf <unknown>\nE       #15 0x5600328f36b8 <unknown>\nE       #16 0x5600328f3880 <unknown>\nE       #17 0x560032903776 <unknown>\nE       #18 0x7f33aac9ca94 <unknown>\nE       #19 0x7f33aad29c3c <unknown>\n\n/opt/hostedtoolcache/Python/3.11.11/x64/lib/python3.11/site-packages/selenium/webdriver/support/wait.py:95: TimeoutException","steps":[{"name":"Open a browser","time":{"start":1736560304565,"stop":1736560305738,"duration":1173},"status":"passed","steps":[],"attachments":[],"parameters":[],"shouldDisplayMessage":false,"stepsCount":0,"attachmentsCount":0,"hasContent":false,"attachmentStep":false},{"name":"Check clickability of the block 1 'home-pants' in the section 2 in the Promo Block","time":{"start":1736560305738,"stop":1736560310862,"duration":5124},"status":"broken","statusMessage":"selenium.common.exceptions.TimeoutException: Message: \nStacktrace:\n#0 0x5600329048fa <unknown>\n#1 0x560032415d20 <unknown>\n#2 0x560032464a66 <unknown>\n#3 0x560032464d01 <unknown>\n#4 0x5600324aa184 <unknown>\n#5 0x560032488b1d <unknown>\n#6 0x5600324a7560 <unknown>\n#7 0x560032488893 <unknown>\n#8 0x56003245730d <unknown>\n#9 0x56003245832e <unknown>\n#10 0x5600328d100b <unknown>\n#11 0x5600328d4f97 <unknown>\n#12 0x5600328bd71c <unknown>\n#13 0x5600328d5b17 <unknown>\n#14 0x5600328a26cf <unknown>\n#15 0x5600328f36b8 <unknown>\n#16 0x5600328f3880 <unknown>\n#17 0x560032903776 <unknown>\n#18 0x7f33aac9ca94 <unknown>\n#19 0x7f33aad29c3c <unknown>\n\n","statusTrace":"  File \"/opt/hostedtoolcache/Python/3.11.11/x64/lib/python3.11/site-packages/allure_commons/_allure.py\", line 192, in impl\n    return func(*a, **kw)\n           ^^^^^^^^^^^^^^\n  File \"/home/runner/work/luma_project/luma_project/pages/main_page.py\", line 328, in check_section2_block1_clickability\n    section2_block1 = self.element_is_clickable(self.locators.SECTION_2_BLOCK_1)\n                      ^^^^^^^^^^^^^^^^^^^^^^^^^^^^^^^^^^^^^^^^^^^^^^^^^^^^^^^^^^\n  File \"/opt/hostedtoolcache/Python/3.11.11/x64/lib/python3.11/site-packages/allure_commons/_allure.py\", line 192, in impl\n    return func(*a, **kw)\n           ^^^^^^^^^^^^^^\n  File \"/home/runner/work/luma_project/luma_project/pages/base_page.py\", line 80, in element_is_clickable\n    return wait(self.driver, timeout).until(EC.element_to_be_clickable(locator))\n           ^^^^^^^^^^^^^^^^^^^^^^^^^^^^^^^^^^^^^^^^^^^^^^^^^^^^^^^^^^^^^^^^^^^^^\n  File \"/opt/hostedtoolcache/Python/3.11.11/x64/lib/python3.11/site-packages/selenium/webdriver/support/wait.py\", line 95, in until\n    raise TimeoutException(message, screen, stacktrace)\n","steps":[{"name":"Find clickable elements","time":{"start":1736560305738,"stop":1736560310861,"duration":5123},"status":"broken","statusMessage":"selenium.common.exceptions.TimeoutException: Message: \nStacktrace:\n#0 0x5600329048fa <unknown>\n#1 0x560032415d20 <unknown>\n#2 0x560032464a66 <unknown>\n#3 0x560032464d01 <unknown>\n#4 0x5600324aa184 <unknown>\n#5 0x560032488b1d <unknown>\n#6 0x5600324a7560 <unknown>\n#7 0x560032488893 <unknown>\n#8 0x56003245730d <unknown>\n#9 0x56003245832e <unknown>\n#10 0x5600328d100b <unknown>\n#11 0x5600328d4f97 <unknown>\n#12 0x5600328bd71c <unknown>\n#13 0x5600328d5b17 <unknown>\n#14 0x5600328a26cf <unknown>\n#15 0x5600328f36b8 <unknown>\n#16 0x5600328f3880 <unknown>\n#17 0x560032903776 <unknown>\n#18 0x7f33aac9ca94 <unknown>\n#19 0x7f33aad29c3c <unknown>\n\n","statusTrace":"  File \"/opt/hostedtoolcache/Python/3.11.11/x64/lib/python3.11/site-packages/allure_commons/_allure.py\", line 192, in impl\n    return func(*a, **kw)\n           ^^^^^^^^^^^^^^\n  File \"/home/runner/work/luma_project/luma_project/pages/base_page.py\", line 80, in element_is_clickable\n    return wait(self.driver, timeout).until(EC.element_to_be_clickable(locator))\n           ^^^^^^^^^^^^^^^^^^^^^^^^^^^^^^^^^^^^^^^^^^^^^^^^^^^^^^^^^^^^^^^^^^^^^\n  File \"/opt/hostedtoolcache/Python/3.11.11/x64/lib/python3.11/site-packages/selenium/webdriver/support/wait.py\", line 95, in until\n    raise TimeoutException(message, screen, stacktrace)\n","steps":[],"attachments":[],"parameters":[{"name":"locator","value":"('css selector', '.home-pants')"},{"name":"timeout","value":"5"}],"shouldDisplayMessage":true,"stepsCount":0,"attachmentsCount":0,"hasContent":true,"attachmentStep":false}],"attachments":[],"parameters":[],"shouldDisplayMessage":false,"stepsCount":1,"attachmentsCount":0,"hasContent":true,"attachmentStep":false}],"attachments":[{"uid":"866b71cfb9ac515a","name":"Screenshot","source":"866b71cfb9ac515a.png","type":"image/png","size":548028},{"uid":"5eed953e5ce358fb","name":"HTML source","source":"5eed953e5ce358fb.html","type":"text/html","size":144656}],"parameters":[],"shouldDisplayMessage":true,"stepsCount":3,"attachmentsCount":2,"hasContent":true,"attachmentStep":false},"afterStages":[{"name":"driver::0","time":{"start":1736560311095,"stop":1736560311202,"duration":107},"status":"passed","steps":[],"attachments":[],"parameters":[],"shouldDisplayMessage":false,"stepsCount":0,"attachmentsCount":0,"hasContent":false,"attachmentStep":false},{"name":"clear_allure_result_folder::0","time":{"start":1736560967651,"stop":1736560967651,"duration":0},"status":"passed","steps":[],"attachments":[],"parameters":[],"shouldDisplayMessage":false,"stepsCount":0,"attachmentsCount":0,"hasContent":false,"attachmentStep":false}],"labels":[{"name":"epic","value":"Main Page"},{"name":"feature","value":"Promo Block Testing"},{"name":"parentSuite","value":"tests"},{"name":"suite","value":"test_main_page"},{"name":"subSuite","value":"TestMainPage"},{"name":"host","value":"fv-az1690-319"},{"name":"thread","value":"2761-MainThread"},{"name":"framework","value":"pytest"},{"name":"language","value":"cpython3"},{"name":"package","value":"tests.test_main_page"},{"name":"resultFormat","value":"allure2"}],"parameters":[],"links":[],"hidden":false,"retry":false,"extra":{"severity":"normal","retries":[],"categories":[{"name":"Test defects","matchedStatuses":[],"flaky":false}],"history":{"statistic":{"failed":0,"broken":7,"skipped":0,"passed":0,"unknown":0,"total":7},"items":[{"uid":"82fff06a02934ee4","reportUrl":"https://verafes.github.io/luma_project/551//#testresult/82fff06a02934ee4","status":"broken","statusDetails":"selenium.common.exceptions.TimeoutException: Message: \nStacktrace:\n#0 0x563cf4ed18fa <unknown>\n#1 0x563cf49e2d20 <unknown>\n#2 0x563cf4a31a66 <unknown>\n#3 0x563cf4a31d01 <unknown>\n#4 0x563cf4a77184 <unknown>\n#5 0x563cf4a55b1d <unknown>\n#6 0x563cf4a74560 <unknown>\n#7 0x563cf4a55893 <unknown>\n#8 0x563cf4a2430d <unknown>\n#9 0x563cf4a2532e <unknown>\n#10 0x563cf4e9e00b <unknown>\n#11 0x563cf4ea1f97 <unknown>\n#12 0x563cf4e8a71c <unknown>\n#13 0x563cf4ea2b17 <unknown>\n#14 0x563cf4e6f6cf <unknown>\n#15 0x563cf4ec06b8 <unknown>\n#16 0x563cf4ec0880 <unknown>\n#17 0x563cf4ed0776 <unknown>\n#18 0x7fa343c9ca94 <unknown>\n#19 0x7fa343d29c3c <unknown>","time":{"start":1736474013440,"stop":1736474019694,"duration":6254}},{"uid":"d6fb576f622ce05d","reportUrl":"https://verafes.github.io/luma_project/550//#testresult/d6fb576f622ce05d","status":"broken","statusDetails":"selenium.common.exceptions.TimeoutException: Message: \nStacktrace:\n#0 0x558e023d08fa <unknown>\n#1 0x558e01ee1d20 <unknown>\n#2 0x558e01f30a66 <unknown>\n#3 0x558e01f30d01 <unknown>\n#4 0x558e01f76184 <unknown>\n#5 0x558e01f54b1d <unknown>\n#6 0x558e01f73560 <unknown>\n#7 0x558e01f54893 <unknown>\n#8 0x558e01f2330d <unknown>\n#9 0x558e01f2432e <unknown>\n#10 0x558e0239d00b <unknown>\n#11 0x558e023a0f97 <unknown>\n#12 0x558e0238971c <unknown>\n#13 0x558e023a1b17 <unknown>\n#14 0x558e0236e6cf <unknown>\n#15 0x558e023bf6b8 <unknown>\n#16 0x558e023bf880 <unknown>\n#17 0x558e023cf776 <unknown>\n#18 0x7f8b65c9ca94 <unknown>\n#19 0x7f8b65d29c3c <unknown>","time":{"start":1736389169358,"stop":1736389175862,"duration":6504}},{"uid":"1fb0f7751a0345d1","reportUrl":"https://verafes.github.io/luma_project/549//#testresult/1fb0f7751a0345d1","status":"broken","statusDetails":"selenium.common.exceptions.TimeoutException: Message: \nStacktrace:\n#0 0x558673c7131a <unknown>\n#1 0x5586737876e0 <unknown>\n#2 0x5586737d63e6 <unknown>\n#3 0x5586737d6681 <unknown>\n#4 0x55867381bb04 <unknown>\n#5 0x5586737fa48d <unknown>\n#6 0x558673818ed7 <unknown>\n#7 0x5586737fa203 <unknown>\n#8 0x5586737c8cc0 <unknown>\n#9 0x5586737c9c9e <unknown>\n#10 0x558673c3ed0b <unknown>\n#11 0x558673c42c92 <unknown>\n#12 0x558673c2bb3c <unknown>\n#13 0x558673c43807 <unknown>\n#14 0x558673c110df <unknown>\n#15 0x558673c60578 <unknown>\n#16 0x558673c60740 <unknown>\n#17 0x558673c70196 <unknown>\n#18 0x7fc780a9ca94 <unknown>\n#19 0x7fc780b29c3c <unknown>","time":{"start":1736301091099,"stop":1736301097315,"duration":6216}},{"uid":"a386ce321e71a5bd","reportUrl":"https://verafes.github.io/luma_project/548//#testresult/a386ce321e71a5bd","status":"broken","statusDetails":"selenium.common.exceptions.TimeoutException: Message: \nStacktrace:\n#0 0x55845c65031a <unknown>\n#1 0x55845c1666e0 <unknown>\n#2 0x55845c1b53e6 <unknown>\n#3 0x55845c1b5681 <unknown>\n#4 0x55845c1fab04 <unknown>\n#5 0x55845c1d948d <unknown>\n#6 0x55845c1f7ed7 <unknown>\n#7 0x55845c1d9203 <unknown>\n#8 0x55845c1a7cc0 <unknown>\n#9 0x55845c1a8c9e <unknown>\n#10 0x55845c61dd0b <unknown>\n#11 0x55845c621c92 <unknown>\n#12 0x55845c60ab3c <unknown>\n#13 0x55845c622807 <unknown>\n#14 0x55845c5f00df <unknown>\n#15 0x55845c63f578 <unknown>\n#16 0x55845c63f740 <unknown>\n#17 0x55845c64f196 <unknown>\n#18 0x7f225c29ca94 <unknown>\n#19 0x7f225c329c3c <unknown>","time":{"start":1736214715311,"stop":1736214721589,"duration":6278}},{"uid":"b2a8cd07f36a3f33","reportUrl":"https://verafes.github.io/luma_project/547//#testresult/b2a8cd07f36a3f33","status":"broken","statusDetails":"selenium.common.exceptions.TimeoutException: Message: \nStacktrace:\n#0 0x558d19c9b31a <unknown>\n#1 0x558d197b16e0 <unknown>\n#2 0x558d198003e6 <unknown>\n#3 0x558d19800681 <unknown>\n#4 0x558d19845b04 <unknown>\n#5 0x558d1982448d <unknown>\n#6 0x558d19842ed7 <unknown>\n#7 0x558d19824203 <unknown>\n#8 0x558d197f2cc0 <unknown>\n#9 0x558d197f3c9e <unknown>\n#10 0x558d19c68d0b <unknown>\n#11 0x558d19c6cc92 <unknown>\n#12 0x558d19c55b3c <unknown>\n#13 0x558d19c6d807 <unknown>\n#14 0x558d19c3b0df <unknown>\n#15 0x558d19c8a578 <unknown>\n#16 0x558d19c8a740 <unknown>\n#17 0x558d19c9a196 <unknown>\n#18 0x7f7a2709ca94 <unknown>\n#19 0x7f7a27129c3c <unknown>","time":{"start":1736128619125,"stop":1736128625521,"duration":6396}},{"uid":"b9cf1fae5d82f7fa","reportUrl":"https://verafes.github.io/luma_project/546//#testresult/b9cf1fae5d82f7fa","status":"broken","statusDetails":"selenium.common.exceptions.TimeoutException: Message: \nStacktrace:\n#0 0x55ce50f5031a <unknown>\n#1 0x55ce50a666e0 <unknown>\n#2 0x55ce50ab53e6 <unknown>\n#3 0x55ce50ab5681 <unknown>\n#4 0x55ce50afab04 <unknown>\n#5 0x55ce50ad948d <unknown>\n#6 0x55ce50af7ed7 <unknown>\n#7 0x55ce50ad9203 <unknown>\n#8 0x55ce50aa7cc0 <unknown>\n#9 0x55ce50aa8c9e <unknown>\n#10 0x55ce50f1dd0b <unknown>\n#11 0x55ce50f21c92 <unknown>\n#12 0x55ce50f0ab3c <unknown>\n#13 0x55ce50f22807 <unknown>\n#14 0x55ce50ef00df <unknown>\n#15 0x55ce50f3f578 <unknown>\n#16 0x55ce50f3f740 <unknown>\n#17 0x55ce50f4f196 <unknown>\n#18 0x7fbb1549ca94 <unknown>\n#19 0x7fbb15529c3c <unknown>","time":{"start":1736043168695,"stop":1736043175245,"duration":6550}}]},"tags":[]},"source":"3ad6cbe173987af5.json","parameterValues":[]}