{"uid":"eb68081432d7deea","name":"TC 13.01.52 - Check if block 3 'home-erin' in section 2 is clickablein the Promo Block on the main page","fullName":"tests.test_main_page.TestPromoBlock#test_tc_13_01_52_check_section2_block3_clickability","historyId":"2dd6059093f3a778171c7c1f2bca6ca4","time":{"start":1735869109700,"stop":1735869116252,"duration":6552},"description":"This test checks if block 3 'home-erin' in section 2 in Promo Block under header is clickable","descriptionHtml":"<p>This test checks if block 3 'home-erin' in section 2 in Promo Block under header is clickable</p>\n","status":"broken","statusMessage":"selenium.common.exceptions.TimeoutException: Message: \nStacktrace:\n#0 0x5648b1de731a <unknown>\n#1 0x5648b18fd6e0 <unknown>\n#2 0x5648b194c3e6 <unknown>\n#3 0x5648b194c681 <unknown>\n#4 0x5648b1991b04 <unknown>\n#5 0x5648b197048d <unknown>\n#6 0x5648b198eed7 <unknown>\n#7 0x5648b1970203 <unknown>\n#8 0x5648b193ecc0 <unknown>\n#9 0x5648b193fc9e <unknown>\n#10 0x5648b1db4d0b <unknown>\n#11 0x5648b1db8c92 <unknown>\n#12 0x5648b1da1b3c <unknown>\n#13 0x5648b1db9807 <unknown>\n#14 0x5648b1d870df <unknown>\n#15 0x5648b1dd6578 <unknown>\n#16 0x5648b1dd6740 <unknown>\n#17 0x5648b1de6196 <unknown>\n#18 0x7fb22c89ca94 <unknown>\n#19 0x7fb22c929c3c <unknown>","statusTrace":"self = <test_main_page.TestMainPage.TestPromoBlock object at 0x7feca7d4b510>\ndriver = <selenium.webdriver.chrome.webdriver.WebDriver (session=\"2f4571c3dc3a3310c1a0f27db5e51b62\")>\n\n    @allure.title(\"TC 13.01.52 - Check if block 3 'home-erin' in section 2 is clickable\"\n                  \"in the Promo Block on the main page\")\n    def test_tc_13_01_52_check_section2_block3_clickability(self, driver):\n        \"\"\"This test checks if block 3 'home-erin' in section 2 in Promo Block under header is clickable\"\"\"\n        page = PromoBlock(driver, MAIN_PAGE_URL)\n        page.open()\n>       section2_block3 = page.check_section2_block3_clickability()\n\ntests/test_main_page.py:663: \n_ _ _ _ _ _ _ _ _ _ _ _ _ _ _ _ _ _ _ _ _ _ _ _ _ _ _ _ _ _ _ _ _ _ _ _ _ _ _ _ \npages/main_page.py:340: in check_section2_block3_clickability\n    section2_block3 = self.element_is_clickable(self.locators.SECTION_2_BLOCK_3)\npages/base_page.py:80: in element_is_clickable\n    return wait(self.driver, timeout).until(EC.element_to_be_clickable(locator))\n_ _ _ _ _ _ _ _ _ _ _ _ _ _ _ _ _ _ _ _ _ _ _ _ _ _ _ _ _ _ _ _ _ _ _ _ _ _ _ _ \n\nself = <selenium.webdriver.support.wait.WebDriverWait (session=\"2f4571c3dc3a3310c1a0f27db5e51b62\")>\nmethod = <function element_to_be_clickable.<locals>._predicate at 0x7feca7ba0540>\nmessage = ''\n\n    def until(self, method, message: str = \"\"):\n        \"\"\"Calls the method provided with the driver as an argument until the \\\n        return value does not evaluate to ``False``.\n    \n        :param method: callable(WebDriver)\n        :param message: optional message for :exc:`TimeoutException`\n        :returns: the result of the last call to `method`\n        :raises: :exc:`selenium.common.exceptions.TimeoutException` if timeout occurs\n        \"\"\"\n        screen = None\n        stacktrace = None\n    \n        end_time = time.monotonic() + self._timeout\n        while True:\n            try:\n                value = method(self._driver)\n                if value:\n                    return value\n            except self._ignored_exceptions as exc:\n                screen = getattr(exc, \"screen\", None)\n                stacktrace = getattr(exc, \"stacktrace\", None)\n            time.sleep(self._poll)\n            if time.monotonic() > end_time:\n                break\n>       raise TimeoutException(message, screen, stacktrace)\nE       selenium.common.exceptions.TimeoutException: Message: \nE       Stacktrace:\nE       #0 0x5648b1de731a <unknown>\nE       #1 0x5648b18fd6e0 <unknown>\nE       #2 0x5648b194c3e6 <unknown>\nE       #3 0x5648b194c681 <unknown>\nE       #4 0x5648b1991b04 <unknown>\nE       #5 0x5648b197048d <unknown>\nE       #6 0x5648b198eed7 <unknown>\nE       #7 0x5648b1970203 <unknown>\nE       #8 0x5648b193ecc0 <unknown>\nE       #9 0x5648b193fc9e <unknown>\nE       #10 0x5648b1db4d0b <unknown>\nE       #11 0x5648b1db8c92 <unknown>\nE       #12 0x5648b1da1b3c <unknown>\nE       #13 0x5648b1db9807 <unknown>\nE       #14 0x5648b1d870df <unknown>\nE       #15 0x5648b1dd6578 <unknown>\nE       #16 0x5648b1dd6740 <unknown>\nE       #17 0x5648b1de6196 <unknown>\nE       #18 0x7fb22c89ca94 <unknown>\nE       #19 0x7fb22c929c3c <unknown>\n\n/opt/hostedtoolcache/Python/3.11.11/x64/lib/python3.11/site-packages/selenium/webdriver/support/wait.py:95: TimeoutException","flaky":false,"newFailed":false,"newBroken":false,"newPassed":false,"retriesCount":0,"retriesStatusChange":false,"beforeStages":[{"name":"_session_faker","time":{"start":1735868284085,"stop":1735868284147,"duration":62},"status":"passed","steps":[],"attachments":[],"parameters":[],"shouldDisplayMessage":false,"stepsCount":0,"attachmentsCount":0,"hasContent":false,"attachmentStep":false},{"name":"clear_allure_result_folder","time":{"start":1735868284147,"stop":1735868284147,"duration":0},"status":"passed","steps":[],"attachments":[],"parameters":[],"shouldDisplayMessage":false,"stepsCount":0,"attachmentsCount":0,"hasContent":false,"attachmentStep":false},{"name":"driver","time":{"start":1735869108427,"stop":1735869109699,"duration":1272},"status":"passed","steps":[],"attachments":[],"parameters":[],"shouldDisplayMessage":false,"stepsCount":0,"attachmentsCount":0,"hasContent":false,"attachmentStep":false}],"testStage":{"description":"This test checks if block 3 'home-erin' in section 2 in Promo Block under header is clickable","status":"broken","statusMessage":"selenium.common.exceptions.TimeoutException: Message: \nStacktrace:\n#0 0x5648b1de731a <unknown>\n#1 0x5648b18fd6e0 <unknown>\n#2 0x5648b194c3e6 <unknown>\n#3 0x5648b194c681 <unknown>\n#4 0x5648b1991b04 <unknown>\n#5 0x5648b197048d <unknown>\n#6 0x5648b198eed7 <unknown>\n#7 0x5648b1970203 <unknown>\n#8 0x5648b193ecc0 <unknown>\n#9 0x5648b193fc9e <unknown>\n#10 0x5648b1db4d0b <unknown>\n#11 0x5648b1db8c92 <unknown>\n#12 0x5648b1da1b3c <unknown>\n#13 0x5648b1db9807 <unknown>\n#14 0x5648b1d870df <unknown>\n#15 0x5648b1dd6578 <unknown>\n#16 0x5648b1dd6740 <unknown>\n#17 0x5648b1de6196 <unknown>\n#18 0x7fb22c89ca94 <unknown>\n#19 0x7fb22c929c3c <unknown>","statusTrace":"self = <test_main_page.TestMainPage.TestPromoBlock object at 0x7feca7d4b510>\ndriver = <selenium.webdriver.chrome.webdriver.WebDriver (session=\"2f4571c3dc3a3310c1a0f27db5e51b62\")>\n\n    @allure.title(\"TC 13.01.52 - Check if block 3 'home-erin' in section 2 is clickable\"\n                  \"in the Promo Block on the main page\")\n    def test_tc_13_01_52_check_section2_block3_clickability(self, driver):\n        \"\"\"This test checks if block 3 'home-erin' in section 2 in Promo Block under header is clickable\"\"\"\n        page = PromoBlock(driver, MAIN_PAGE_URL)\n        page.open()\n>       section2_block3 = page.check_section2_block3_clickability()\n\ntests/test_main_page.py:663: \n_ _ _ _ _ _ _ _ _ _ _ _ _ _ _ _ _ _ _ _ _ _ _ _ _ _ _ _ _ _ _ _ _ _ _ _ _ _ _ _ \npages/main_page.py:340: in check_section2_block3_clickability\n    section2_block3 = self.element_is_clickable(self.locators.SECTION_2_BLOCK_3)\npages/base_page.py:80: in element_is_clickable\n    return wait(self.driver, timeout).until(EC.element_to_be_clickable(locator))\n_ _ _ _ _ _ _ _ _ _ _ _ _ _ _ _ _ _ _ _ _ _ _ _ _ _ _ _ _ _ _ _ _ _ _ _ _ _ _ _ \n\nself = <selenium.webdriver.support.wait.WebDriverWait (session=\"2f4571c3dc3a3310c1a0f27db5e51b62\")>\nmethod = <function element_to_be_clickable.<locals>._predicate at 0x7feca7ba0540>\nmessage = ''\n\n    def until(self, method, message: str = \"\"):\n        \"\"\"Calls the method provided with the driver as an argument until the \\\n        return value does not evaluate to ``False``.\n    \n        :param method: callable(WebDriver)\n        :param message: optional message for :exc:`TimeoutException`\n        :returns: the result of the last call to `method`\n        :raises: :exc:`selenium.common.exceptions.TimeoutException` if timeout occurs\n        \"\"\"\n        screen = None\n        stacktrace = None\n    \n        end_time = time.monotonic() + self._timeout\n        while True:\n            try:\n                value = method(self._driver)\n                if value:\n                    return value\n            except self._ignored_exceptions as exc:\n                screen = getattr(exc, \"screen\", None)\n                stacktrace = getattr(exc, \"stacktrace\", None)\n            time.sleep(self._poll)\n            if time.monotonic() > end_time:\n                break\n>       raise TimeoutException(message, screen, stacktrace)\nE       selenium.common.exceptions.TimeoutException: Message: \nE       Stacktrace:\nE       #0 0x5648b1de731a <unknown>\nE       #1 0x5648b18fd6e0 <unknown>\nE       #2 0x5648b194c3e6 <unknown>\nE       #3 0x5648b194c681 <unknown>\nE       #4 0x5648b1991b04 <unknown>\nE       #5 0x5648b197048d <unknown>\nE       #6 0x5648b198eed7 <unknown>\nE       #7 0x5648b1970203 <unknown>\nE       #8 0x5648b193ecc0 <unknown>\nE       #9 0x5648b193fc9e <unknown>\nE       #10 0x5648b1db4d0b <unknown>\nE       #11 0x5648b1db8c92 <unknown>\nE       #12 0x5648b1da1b3c <unknown>\nE       #13 0x5648b1db9807 <unknown>\nE       #14 0x5648b1d870df <unknown>\nE       #15 0x5648b1dd6578 <unknown>\nE       #16 0x5648b1dd6740 <unknown>\nE       #17 0x5648b1de6196 <unknown>\nE       #18 0x7fb22c89ca94 <unknown>\nE       #19 0x7fb22c929c3c <unknown>\n\n/opt/hostedtoolcache/Python/3.11.11/x64/lib/python3.11/site-packages/selenium/webdriver/support/wait.py:95: TimeoutException","steps":[{"name":"Open a browser","time":{"start":1735869109700,"stop":1735869110766,"duration":1066},"status":"passed","steps":[],"attachments":[],"parameters":[],"shouldDisplayMessage":false,"stepsCount":0,"attachmentsCount":0,"hasContent":false,"attachmentStep":false},{"name":"Check clickability of the block 3 'home-erin' in the section 2 in the Promo Block","time":{"start":1735869110766,"stop":1735869116251,"duration":5485},"status":"broken","statusMessage":"selenium.common.exceptions.TimeoutException: Message: \nStacktrace:\n#0 0x5648b1de731a <unknown>\n#1 0x5648b18fd6e0 <unknown>\n#2 0x5648b194c3e6 <unknown>\n#3 0x5648b194c681 <unknown>\n#4 0x5648b1991b04 <unknown>\n#5 0x5648b197048d <unknown>\n#6 0x5648b198eed7 <unknown>\n#7 0x5648b1970203 <unknown>\n#8 0x5648b193ecc0 <unknown>\n#9 0x5648b193fc9e <unknown>\n#10 0x5648b1db4d0b <unknown>\n#11 0x5648b1db8c92 <unknown>\n#12 0x5648b1da1b3c <unknown>\n#13 0x5648b1db9807 <unknown>\n#14 0x5648b1d870df <unknown>\n#15 0x5648b1dd6578 <unknown>\n#16 0x5648b1dd6740 <unknown>\n#17 0x5648b1de6196 <unknown>\n#18 0x7fb22c89ca94 <unknown>\n#19 0x7fb22c929c3c <unknown>\n\n","statusTrace":"  File \"/opt/hostedtoolcache/Python/3.11.11/x64/lib/python3.11/site-packages/allure_commons/_allure.py\", line 192, in impl\n    return func(*a, **kw)\n           ^^^^^^^^^^^^^^\n  File \"/home/runner/work/luma_project/luma_project/pages/main_page.py\", line 340, in check_section2_block3_clickability\n    section2_block3 = self.element_is_clickable(self.locators.SECTION_2_BLOCK_3)\n                      ^^^^^^^^^^^^^^^^^^^^^^^^^^^^^^^^^^^^^^^^^^^^^^^^^^^^^^^^^^\n  File \"/opt/hostedtoolcache/Python/3.11.11/x64/lib/python3.11/site-packages/allure_commons/_allure.py\", line 192, in impl\n    return func(*a, **kw)\n           ^^^^^^^^^^^^^^\n  File \"/home/runner/work/luma_project/luma_project/pages/base_page.py\", line 80, in element_is_clickable\n    return wait(self.driver, timeout).until(EC.element_to_be_clickable(locator))\n           ^^^^^^^^^^^^^^^^^^^^^^^^^^^^^^^^^^^^^^^^^^^^^^^^^^^^^^^^^^^^^^^^^^^^^\n  File \"/opt/hostedtoolcache/Python/3.11.11/x64/lib/python3.11/site-packages/selenium/webdriver/support/wait.py\", line 95, in until\n    raise TimeoutException(message, screen, stacktrace)\n","steps":[{"name":"Find clickable elements","time":{"start":1735869110766,"stop":1735869116251,"duration":5485},"status":"broken","statusMessage":"selenium.common.exceptions.TimeoutException: Message: \nStacktrace:\n#0 0x5648b1de731a <unknown>\n#1 0x5648b18fd6e0 <unknown>\n#2 0x5648b194c3e6 <unknown>\n#3 0x5648b194c681 <unknown>\n#4 0x5648b1991b04 <unknown>\n#5 0x5648b197048d <unknown>\n#6 0x5648b198eed7 <unknown>\n#7 0x5648b1970203 <unknown>\n#8 0x5648b193ecc0 <unknown>\n#9 0x5648b193fc9e <unknown>\n#10 0x5648b1db4d0b <unknown>\n#11 0x5648b1db8c92 <unknown>\n#12 0x5648b1da1b3c <unknown>\n#13 0x5648b1db9807 <unknown>\n#14 0x5648b1d870df <unknown>\n#15 0x5648b1dd6578 <unknown>\n#16 0x5648b1dd6740 <unknown>\n#17 0x5648b1de6196 <unknown>\n#18 0x7fb22c89ca94 <unknown>\n#19 0x7fb22c929c3c <unknown>\n\n","statusTrace":"  File \"/opt/hostedtoolcache/Python/3.11.11/x64/lib/python3.11/site-packages/allure_commons/_allure.py\", line 192, in impl\n    return func(*a, **kw)\n           ^^^^^^^^^^^^^^\n  File \"/home/runner/work/luma_project/luma_project/pages/base_page.py\", line 80, in element_is_clickable\n    return wait(self.driver, timeout).until(EC.element_to_be_clickable(locator))\n           ^^^^^^^^^^^^^^^^^^^^^^^^^^^^^^^^^^^^^^^^^^^^^^^^^^^^^^^^^^^^^^^^^^^^^\n  File \"/opt/hostedtoolcache/Python/3.11.11/x64/lib/python3.11/site-packages/selenium/webdriver/support/wait.py\", line 95, in until\n    raise TimeoutException(message, screen, stacktrace)\n","steps":[],"attachments":[],"parameters":[{"name":"locator","value":"('css selector', '.home-erin')"},{"name":"timeout","value":"5"}],"shouldDisplayMessage":true,"stepsCount":0,"attachmentsCount":0,"hasContent":true,"attachmentStep":false}],"attachments":[],"parameters":[],"shouldDisplayMessage":false,"stepsCount":1,"attachmentsCount":0,"hasContent":true,"attachmentStep":false}],"attachments":[{"uid":"1fcac0c5664931f4","name":"Screenshot","source":"1fcac0c5664931f4.png","type":"image/png","size":350892},{"uid":"9185333d629a268","name":"HTML source","source":"9185333d629a268.html","type":"text/html","size":145678}],"parameters":[],"shouldDisplayMessage":true,"stepsCount":3,"attachmentsCount":2,"hasContent":true,"attachmentStep":false},"afterStages":[{"name":"driver::0","time":{"start":1735869116433,"stop":1735869116565,"duration":132},"status":"passed","steps":[],"attachments":[],"parameters":[],"shouldDisplayMessage":false,"stepsCount":0,"attachmentsCount":0,"hasContent":false,"attachmentStep":false},{"name":"clear_allure_result_folder::0","time":{"start":1735869852948,"stop":1735869852948,"duration":0},"status":"passed","steps":[],"attachments":[],"parameters":[],"shouldDisplayMessage":false,"stepsCount":0,"attachmentsCount":0,"hasContent":false,"attachmentStep":false}],"labels":[{"name":"epic","value":"Main Page"},{"name":"feature","value":"Promo Block Testing"},{"name":"parentSuite","value":"tests"},{"name":"suite","value":"test_main_page"},{"name":"subSuite","value":"TestMainPage"},{"name":"host","value":"fv-az1915-640"},{"name":"thread","value":"2794-MainThread"},{"name":"framework","value":"pytest"},{"name":"language","value":"cpython3"},{"name":"package","value":"tests.test_main_page"},{"name":"resultFormat","value":"allure2"}],"parameters":[],"links":[],"hidden":false,"retry":false,"extra":{"severity":"normal","retries":[],"categories":[{"name":"Test defects","matchedStatuses":[],"flaky":false}],"history":{"statistic":{"failed":0,"broken":6,"skipped":0,"passed":0,"unknown":0,"total":6},"items":[{"uid":"732b36f20d17821c","reportUrl":"https://verafes.github.io/luma_project/543//#testresult/732b36f20d17821c","status":"broken","statusDetails":"selenium.common.exceptions.TimeoutException: Message: \nStacktrace:\n#0 0x55b75dd4b31a <unknown>\n#1 0x55b75d8616e0 <unknown>\n#2 0x55b75d8b03e6 <unknown>\n#3 0x55b75d8b0681 <unknown>\n#4 0x55b75d8f5b04 <unknown>\n#5 0x55b75d8d448d <unknown>\n#6 0x55b75d8f2ed7 <unknown>\n#7 0x55b75d8d4203 <unknown>\n#8 0x55b75d8a2cc0 <unknown>\n#9 0x55b75d8a3c9e <unknown>\n#10 0x55b75dd18d0b <unknown>\n#11 0x55b75dd1cc92 <unknown>\n#12 0x55b75dd05b3c <unknown>\n#13 0x55b75dd1d807 <unknown>\n#14 0x55b75dceb0df <unknown>\n#15 0x55b75dd3a578 <unknown>\n#16 0x55b75dd3a740 <unknown>\n#17 0x55b75dd4a196 <unknown>\n#18 0x7ffbd029ca94 <unknown>\n#19 0x7ffbd0329c3c <unknown>","time":{"start":1735782671566,"stop":1735782677920,"duration":6354}},{"uid":"67400ce6f3081091","reportUrl":"https://verafes.github.io/luma_project/542//#testresult/67400ce6f3081091","status":"broken","statusDetails":"selenium.common.exceptions.TimeoutException: Message: \nStacktrace:\n#0 0x557a3567d31a <unknown>\n#1 0x557a351936e0 <unknown>\n#2 0x557a351e23e6 <unknown>\n#3 0x557a351e2681 <unknown>\n#4 0x557a35227b04 <unknown>\n#5 0x557a3520648d <unknown>\n#6 0x557a35224ed7 <unknown>\n#7 0x557a35206203 <unknown>\n#8 0x557a351d4cc0 <unknown>\n#9 0x557a351d5c9e <unknown>\n#10 0x557a3564ad0b <unknown>\n#11 0x557a3564ec92 <unknown>\n#12 0x557a35637b3c <unknown>\n#13 0x557a3564f807 <unknown>\n#14 0x557a3561d0df <unknown>\n#15 0x557a3566c578 <unknown>\n#16 0x557a3566c740 <unknown>\n#17 0x557a3567c196 <unknown>\n#18 0x7fc15729ca94 <unknown>\n#19 0x7fc157329c3c <unknown>","time":{"start":1735696708159,"stop":1735696714522,"duration":6363}},{"uid":"8d121db7a8608da","reportUrl":"https://verafes.github.io/luma_project/541//#testresult/8d121db7a8608da","status":"broken","statusDetails":"selenium.common.exceptions.TimeoutException: Message: \nStacktrace:\n#0 0x55efd83d131a <unknown>\n#1 0x55efd7ee76e0 <unknown>\n#2 0x55efd7f363e6 <unknown>\n#3 0x55efd7f36681 <unknown>\n#4 0x55efd7f7bb04 <unknown>\n#5 0x55efd7f5a48d <unknown>\n#6 0x55efd7f78ed7 <unknown>\n#7 0x55efd7f5a203 <unknown>\n#8 0x55efd7f28cc0 <unknown>\n#9 0x55efd7f29c9e <unknown>\n#10 0x55efd839ed0b <unknown>\n#11 0x55efd83a2c92 <unknown>\n#12 0x55efd838bb3c <unknown>\n#13 0x55efd83a3807 <unknown>\n#14 0x55efd83710df <unknown>\n#15 0x55efd83c0578 <unknown>\n#16 0x55efd83c0740 <unknown>\n#17 0x55efd83d0196 <unknown>\n#18 0x7f8ba649ca94 <unknown>\n#19 0x7f8ba6529c3c <unknown>","time":{"start":1735609877282,"stop":1735609883693,"duration":6411}},{"uid":"778d7b2b7acc16ad","reportUrl":"https://verafes.github.io/luma_project/540//#testresult/778d7b2b7acc16ad","status":"broken","statusDetails":"selenium.common.exceptions.TimeoutException: Message: \nStacktrace:\n#0 0x55809d51e31a <unknown>\n#1 0x55809d0346e0 <unknown>\n#2 0x55809d0833e6 <unknown>\n#3 0x55809d083681 <unknown>\n#4 0x55809d0c8b04 <unknown>\n#5 0x55809d0a748d <unknown>\n#6 0x55809d0c5ed7 <unknown>\n#7 0x55809d0a7203 <unknown>\n#8 0x55809d075cc0 <unknown>\n#9 0x55809d076c9e <unknown>\n#10 0x55809d4ebd0b <unknown>\n#11 0x55809d4efc92 <unknown>\n#12 0x55809d4d8b3c <unknown>\n#13 0x55809d4f0807 <unknown>\n#14 0x55809d4be0df <unknown>\n#15 0x55809d50d578 <unknown>\n#16 0x55809d50d740 <unknown>\n#17 0x55809d51d196 <unknown>\n#18 0x7f98bec9ca94 <unknown>\n#19 0x7f98bed29c3c <unknown>","time":{"start":1735523630392,"stop":1735523636825,"duration":6433}},{"uid":"8e0aefb9abb03a7","reportUrl":"https://verafes.github.io/luma_project/539//#testresult/8e0aefb9abb03a7","status":"broken","statusDetails":"selenium.common.exceptions.TimeoutException: Message: \nStacktrace:\n#0 0x560a54b6831a <unknown>\n#1 0x560a5467e6e0 <unknown>\n#2 0x560a546cd3e6 <unknown>\n#3 0x560a546cd681 <unknown>\n#4 0x560a54712b04 <unknown>\n#5 0x560a546f148d <unknown>\n#6 0x560a5470fed7 <unknown>\n#7 0x560a546f1203 <unknown>\n#8 0x560a546bfcc0 <unknown>\n#9 0x560a546c0c9e <unknown>\n#10 0x560a54b35d0b <unknown>\n#11 0x560a54b39c92 <unknown>\n#12 0x560a54b22b3c <unknown>\n#13 0x560a54b3a807 <unknown>\n#14 0x560a54b080df <unknown>\n#15 0x560a54b57578 <unknown>\n#16 0x560a54b57740 <unknown>\n#17 0x560a54b67196 <unknown>\n#18 0x7f1b7669ca94 <unknown>\n#19 0x7f1b76729c3c <unknown>","time":{"start":1735438821118,"stop":1735438827703,"duration":6585}}]},"tags":[]},"source":"eb68081432d7deea.json","parameterValues":[]}