{"uid":"92af634498633821","name":"Check the transition to the page my wish after clicking on the button. User is not authorized","fullName":"tests.test_main_page.TestHotSellerSection#test_06_01_17_check_the_transition_to_the_page_my_wish_after_click_on_the_button","historyId":"0a4f97c306f2cceb030ba035cd56202a","time":{"start":1722907775129,"stop":1722907786648,"duration":11519},"description":"\n            This test will check that after clicking on the add to wishlist button,\n            you are redirected to the My Wishlist page\n            User is not authorized\n            ","descriptionHtml":"<pre><code>        This test will check that after clicking on the add to wishlist button,\n        you are redirected to the My Wishlist page\n        User is not authorized\n</code></pre>\n","status":"skipped","statusMessage":"XFAIL In CI, there is no transition to the user registration page, so the test fails\n\nselenium.common.exceptions.TimeoutException: Message:","statusTrace":"self = <test_main_page.TestMainPage.TestHotSellerSection object at 0x7fe863a3dc10>\ndriver = <selenium.webdriver.chrome.webdriver.WebDriver (session=\"47d0a9b2fc992b21ed54ecfc23e71584\")>\n\n    @pytest.mark.xfail(reason=\"In CI, there is no transition to the user registration page, so the test fails\")\n    @allure.title(\"Check the transition to the page my wish after clicking on the button. User is not authorized\")\n    def test_06_01_17_check_the_transition_to_the_page_my_wish_after_click_on_the_button(self, driver):\n        \"\"\"\n        This test will check that after clicking on the add to wishlist button,\n        you are redirected to the My Wishlist page\n        User is not authorized\n        \"\"\"\n        page = MainPage(driver, MAIN_PAGE_URL)\n        page.open()\n>       error_message_text = page.check_the_transition_to_the_page_my_wish_after_click_on_the_button()\n\ntests/test_main_page.py:109: \n_ _ _ _ _ _ _ _ _ _ _ _ _ _ _ _ _ _ _ _ _ _ _ _ _ _ _ _ _ _ _ _ _ _ _ _ _ _ _ _ \npages/main_page.py:137: in check_the_transition_to_the_page_my_wish_after_click_on_the_button\n    button = self.element_is_visible(self.locators.PRODUCT_CARD_BUTTONS[\"add_to_wish_list\"])\npages/base_page.py:30: in element_is_visible\n    return wait(self.driver, timeout).until(EC.visibility_of_element_located(locator))\n_ _ _ _ _ _ _ _ _ _ _ _ _ _ _ _ _ _ _ _ _ _ _ _ _ _ _ _ _ _ _ _ _ _ _ _ _ _ _ _ \n\nself = <selenium.webdriver.support.wait.WebDriverWait (session=\"47d0a9b2fc992b21ed54ecfc23e71584\")>\nmethod = <function visibility_of_element_located.<locals>._predicate at 0x7fe86398ae80>\nmessage = ''\n\n    def until(self, method, message: str = \"\"):\n        \"\"\"Calls the method provided with the driver as an argument until the \\\n        return value does not evaluate to ``False``.\n    \n        :param method: callable(WebDriver)\n        :param message: optional message for :exc:`TimeoutException`\n        :returns: the result of the last call to `method`\n        :raises: :exc:`selenium.common.exceptions.TimeoutException` if timeout occurs\n        \"\"\"\n        screen = None\n        stacktrace = None\n    \n        end_time = time.monotonic() + self._timeout\n        while True:\n            try:\n                value = method(self._driver)\n                if value:\n                    return value\n            except self._ignored_exceptions as exc:\n                screen = getattr(exc, \"screen\", None)\n                stacktrace = getattr(exc, \"stacktrace\", None)\n            time.sleep(self._poll)\n            if time.monotonic() > end_time:\n                break\n>       raise TimeoutException(message, screen, stacktrace)\nE       selenium.common.exceptions.TimeoutException: Message:\n\n/opt/hostedtoolcache/Python/3.11.9/x64/lib/python3.11/site-packages/selenium/webdriver/support/wait.py:95: TimeoutException","flaky":false,"newFailed":false,"newBroken":false,"newPassed":false,"retriesCount":0,"retriesStatusChange":false,"beforeStages":[{"name":"_session_faker","time":{"start":1722907249746,"stop":1722907249811,"duration":65},"status":"passed","steps":[],"attachments":[],"parameters":[],"stepsCount":0,"shouldDisplayMessage":false,"attachmentsCount":0,"hasContent":false,"attachmentStep":false},{"name":"clear_allure_result_folder","time":{"start":1722907249811,"stop":1722907249811,"duration":0},"status":"passed","steps":[],"attachments":[],"parameters":[],"stepsCount":0,"shouldDisplayMessage":false,"attachmentsCount":0,"hasContent":false,"attachmentStep":false},{"name":"driver","time":{"start":1722907773945,"stop":1722907775129,"duration":1184},"status":"passed","steps":[],"attachments":[],"parameters":[],"stepsCount":0,"shouldDisplayMessage":false,"attachmentsCount":0,"hasContent":false,"attachmentStep":false}],"testStage":{"description":"\n            This test will check that after clicking on the add to wishlist button,\n            you are redirected to the My Wishlist page\n            User is not authorized\n            ","status":"skipped","statusMessage":"XFAIL In CI, there is no transition to the user registration page, so the test fails\n\nselenium.common.exceptions.TimeoutException: Message:","statusTrace":"self = <test_main_page.TestMainPage.TestHotSellerSection object at 0x7fe863a3dc10>\ndriver = <selenium.webdriver.chrome.webdriver.WebDriver (session=\"47d0a9b2fc992b21ed54ecfc23e71584\")>\n\n    @pytest.mark.xfail(reason=\"In CI, there is no transition to the user registration page, so the test fails\")\n    @allure.title(\"Check the transition to the page my wish after clicking on the button. User is not authorized\")\n    def test_06_01_17_check_the_transition_to_the_page_my_wish_after_click_on_the_button(self, driver):\n        \"\"\"\n        This test will check that after clicking on the add to wishlist button,\n        you are redirected to the My Wishlist page\n        User is not authorized\n        \"\"\"\n        page = MainPage(driver, MAIN_PAGE_URL)\n        page.open()\n>       error_message_text = page.check_the_transition_to_the_page_my_wish_after_click_on_the_button()\n\ntests/test_main_page.py:109: \n_ _ _ _ _ _ _ _ _ _ _ _ _ _ _ _ _ _ _ _ _ _ _ _ _ _ _ _ _ _ _ _ _ _ _ _ _ _ _ _ \npages/main_page.py:137: in check_the_transition_to_the_page_my_wish_after_click_on_the_button\n    button = self.element_is_visible(self.locators.PRODUCT_CARD_BUTTONS[\"add_to_wish_list\"])\npages/base_page.py:30: in element_is_visible\n    return wait(self.driver, timeout).until(EC.visibility_of_element_located(locator))\n_ _ _ _ _ _ _ _ _ _ _ _ _ _ _ _ _ _ _ _ _ _ _ _ _ _ _ _ _ _ _ _ _ _ _ _ _ _ _ _ \n\nself = <selenium.webdriver.support.wait.WebDriverWait (session=\"47d0a9b2fc992b21ed54ecfc23e71584\")>\nmethod = <function visibility_of_element_located.<locals>._predicate at 0x7fe86398ae80>\nmessage = ''\n\n    def until(self, method, message: str = \"\"):\n        \"\"\"Calls the method provided with the driver as an argument until the \\\n        return value does not evaluate to ``False``.\n    \n        :param method: callable(WebDriver)\n        :param message: optional message for :exc:`TimeoutException`\n        :returns: the result of the last call to `method`\n        :raises: :exc:`selenium.common.exceptions.TimeoutException` if timeout occurs\n        \"\"\"\n        screen = None\n        stacktrace = None\n    \n        end_time = time.monotonic() + self._timeout\n        while True:\n            try:\n                value = method(self._driver)\n                if value:\n                    return value\n            except self._ignored_exceptions as exc:\n                screen = getattr(exc, \"screen\", None)\n                stacktrace = getattr(exc, \"stacktrace\", None)\n            time.sleep(self._poll)\n            if time.monotonic() > end_time:\n                break\n>       raise TimeoutException(message, screen, stacktrace)\nE       selenium.common.exceptions.TimeoutException: Message:\n\n/opt/hostedtoolcache/Python/3.11.9/x64/lib/python3.11/site-packages/selenium/webdriver/support/wait.py:95: TimeoutException","steps":[{"name":"Open a browser","time":{"start":1722907775129,"stop":1722907776091,"duration":962},"status":"passed","steps":[],"attachments":[],"parameters":[],"stepsCount":0,"shouldDisplayMessage":false,"attachmentsCount":0,"hasContent":false,"attachmentStep":false},{"name":"Check the transition to the page my desires when clicking on the button. User is not authorized","time":{"start":1722907776091,"stop":1722907786648,"duration":10557},"status":"broken","statusMessage":"selenium.common.exceptions.TimeoutException: Message: \n\n","statusTrace":"  File \"/opt/hostedtoolcache/Python/3.11.9/x64/lib/python3.11/site-packages/allure_commons/_allure.py\", line 192, in impl\n    return func(*a, **kw)\n           ^^^^^^^^^^^^^^\n  File \"/home/runner/work/luma_project/luma_project/pages/main_page.py\", line 137, in check_the_transition_to_the_page_my_wish_after_click_on_the_button\n    button = self.element_is_visible(self.locators.PRODUCT_CARD_BUTTONS[\"add_to_wish_list\"])\n             ^^^^^^^^^^^^^^^^^^^^^^^^^^^^^^^^^^^^^^^^^^^^^^^^^^^^^^^^^^^^^^^^^^^^^^^^^^^^^^^\n  File \"/opt/hostedtoolcache/Python/3.11.9/x64/lib/python3.11/site-packages/allure_commons/_allure.py\", line 192, in impl\n    return func(*a, **kw)\n           ^^^^^^^^^^^^^^\n  File \"/home/runner/work/luma_project/luma_project/pages/base_page.py\", line 30, in element_is_visible\n    return wait(self.driver, timeout).until(EC.visibility_of_element_located(locator))\n           ^^^^^^^^^^^^^^^^^^^^^^^^^^^^^^^^^^^^^^^^^^^^^^^^^^^^^^^^^^^^^^^^^^^^^^^^^^^\n  File \"/opt/hostedtoolcache/Python/3.11.9/x64/lib/python3.11/site-packages/selenium/webdriver/support/wait.py\", line 95, in until\n    raise TimeoutException(message, screen, stacktrace)\n","steps":[{"name":"Find a visible element","time":{"start":1722907776091,"stop":1722907776130,"duration":39},"status":"passed","steps":[{"name":"Find a present element","time":{"start":1722907776091,"stop":1722907776100,"duration":9},"status":"passed","steps":[],"attachments":[],"parameters":[{"name":"locator","value":"('css selector', \"li[class='product-item']:nth-child(4) div[class='product-item-info']\")"},{"name":"timeout","value":"5"}],"stepsCount":0,"shouldDisplayMessage":false,"attachmentsCount":0,"hasContent":true,"attachmentStep":false},{"name":"Go to specified element","time":{"start":1722907776100,"stop":1722907776107,"duration":7},"status":"passed","steps":[],"attachments":[],"parameters":[{"name":"element","value":"<selenium.webdriver.remote.webelement.WebElement (session=\"47d0a9b2fc992b21ed54ecfc23e71584\", element=\"f.E4E10869FE6087F291A9914D52911A66.d.C544C9937DF112A5A0E357E2FD2E536D.e.30\")>"}],"stepsCount":0,"shouldDisplayMessage":false,"attachmentsCount":0,"hasContent":true,"attachmentStep":false}],"attachments":[],"parameters":[{"name":"locator","value":"('css selector', \"li[class='product-item']:nth-child(4) div[class='product-item-info']\")"},{"name":"timeout","value":"10"}],"stepsCount":2,"shouldDisplayMessage":false,"attachmentsCount":0,"hasContent":true,"attachmentStep":false},{"name":"Move cursor to element","time":{"start":1722907776130,"stop":1722907776403,"duration":273},"status":"passed","steps":[],"attachments":[],"parameters":[{"name":"element","value":"<selenium.webdriver.remote.webelement.WebElement (session=\"47d0a9b2fc992b21ed54ecfc23e71584\", element=\"f.E4E10869FE6087F291A9914D52911A66.d.C544C9937DF112A5A0E357E2FD2E536D.e.30\")>"}],"stepsCount":0,"shouldDisplayMessage":false,"attachmentsCount":0,"hasContent":true,"attachmentStep":false},{"name":"Find a visible element","time":{"start":1722907776403,"stop":1722907786648,"duration":10245},"status":"broken","statusMessage":"selenium.common.exceptions.TimeoutException: Message: \n\n","statusTrace":"  File \"/opt/hostedtoolcache/Python/3.11.9/x64/lib/python3.11/site-packages/allure_commons/_allure.py\", line 192, in impl\n    return func(*a, **kw)\n           ^^^^^^^^^^^^^^\n  File \"/home/runner/work/luma_project/luma_project/pages/base_page.py\", line 30, in element_is_visible\n    return wait(self.driver, timeout).until(EC.visibility_of_element_located(locator))\n           ^^^^^^^^^^^^^^^^^^^^^^^^^^^^^^^^^^^^^^^^^^^^^^^^^^^^^^^^^^^^^^^^^^^^^^^^^^^\n  File \"/opt/hostedtoolcache/Python/3.11.9/x64/lib/python3.11/site-packages/selenium/webdriver/support/wait.py\", line 95, in until\n    raise TimeoutException(message, screen, stacktrace)\n","steps":[{"name":"Find a present element","time":{"start":1722907776403,"stop":1722907776411,"duration":8},"status":"passed","steps":[],"attachments":[],"parameters":[{"name":"locator","value":"('css selector', \"li[class='product-item']:nth-child(4) a[data-action='add-to-wishlist']\")"},{"name":"timeout","value":"5"}],"stepsCount":0,"shouldDisplayMessage":false,"attachmentsCount":0,"hasContent":true,"attachmentStep":false},{"name":"Go to specified element","time":{"start":1722907776411,"stop":1722907776416,"duration":5},"status":"passed","steps":[],"attachments":[],"parameters":[{"name":"element","value":"<selenium.webdriver.remote.webelement.WebElement (session=\"47d0a9b2fc992b21ed54ecfc23e71584\", element=\"f.E4E10869FE6087F291A9914D52911A66.d.C544C9937DF112A5A0E357E2FD2E536D.e.58\")>"}],"stepsCount":0,"shouldDisplayMessage":false,"attachmentsCount":0,"hasContent":true,"attachmentStep":false}],"attachments":[],"parameters":[{"name":"locator","value":"('css selector', \"li[class='product-item']:nth-child(4) a[data-action='add-to-wishlist']\")"},{"name":"timeout","value":"10"}],"stepsCount":2,"shouldDisplayMessage":true,"attachmentsCount":0,"hasContent":true,"attachmentStep":false}],"attachments":[],"parameters":[],"stepsCount":7,"shouldDisplayMessage":false,"attachmentsCount":0,"hasContent":true,"attachmentStep":false}],"attachments":[{"uid":"2594c7fedb430c0","name":"Screenshot","source":"2594c7fedb430c0.png","type":"image/png","size":103342},{"uid":"53e9c4158e62f07c","name":"HTML source","source":"53e9c4158e62f07c.html","type":"text/html","size":129930}],"parameters":[],"stepsCount":9,"shouldDisplayMessage":true,"attachmentsCount":2,"hasContent":true,"attachmentStep":false},"afterStages":[{"name":"driver::0","time":{"start":1722907786787,"stop":1722907786861,"duration":74},"status":"passed","steps":[],"attachments":[],"parameters":[],"stepsCount":0,"shouldDisplayMessage":false,"attachmentsCount":0,"hasContent":false,"attachmentStep":false},{"name":"clear_allure_result_folder::0","time":{"start":1722908520790,"stop":1722908520790,"duration":0},"status":"passed","steps":[],"attachments":[],"parameters":[],"stepsCount":0,"shouldDisplayMessage":false,"attachmentsCount":0,"hasContent":false,"attachmentStep":false}],"labels":[{"name":"epic","value":"Main Page"},{"name":"feature","value":"Testing Hot Seller Section"},{"name":"tag","value":"@pytest.mark.xfail(reason='In CI, there is no transition to the user registration page, so the test fails')"},{"name":"parentSuite","value":"tests"},{"name":"suite","value":"test_main_page"},{"name":"subSuite","value":"TestMainPage"},{"name":"host","value":"fv-az732-661"},{"name":"thread","value":"2866-MainThread"},{"name":"framework","value":"pytest"},{"name":"language","value":"cpython3"},{"name":"package","value":"tests.test_main_page"},{"name":"resultFormat","value":"allure2"}],"parameters":[],"links":[],"hidden":false,"retry":false,"extra":{"severity":"normal","retries":[],"categories":[],"history":{"statistic":{"failed":0,"broken":0,"skipped":3,"passed":0,"unknown":0,"total":3},"items":[{"uid":"cf033cbbd000ec17","reportUrl":"https://verafes.github.io/luma_project/393//#testresult/cf033cbbd000ec17","status":"skipped","statusDetails":"XFAIL In CI, there is no transition to the user registration page, so the test fails\n\nselenium.common.exceptions.TimeoutException: Message:","time":{"start":1722821415675,"stop":1722821427145,"duration":11470}},{"uid":"21e7ad4994c007ed","reportUrl":"https://verafes.github.io/luma_project/392//#testresult/21e7ad4994c007ed","status":"skipped","statusDetails":"XFAIL In CI, there is no transition to the user registration page, so the test fails\n\nselenium.common.exceptions.TimeoutException: Message:","time":{"start":1722735407104,"stop":1722735418580,"duration":11476}}]},"tags":["@pytest.mark.xfail(reason='In CI, there is no transition to the user registration page, so the test fails')"]},"source":"92af634498633821.json","parameterValues":[]}