{"uid":"3c878d5e1ced2dfe","name":"tc 07.02.07 Verify that 'Proceed to checkout' button is displayed and clickable","fullName":"tests.test_shopping_cart.TestShoppingCartFull#test_tc_07_02_07_verify_proceed_to_checkout_button_is_actual","historyId":"134b6a6958ee1496fd06be610c3ead5c","time":{"start":1732241698773,"stop":1732241698773,"duration":0},"description":"Check that the 'Proceed to checkout' button is displayed and clickable.","descriptionHtml":"<p>Check that the 'Proceed to checkout' button is displayed and clickable.</p>\n","status":"broken","statusMessage":"selenium.common.exceptions.ElementClickInterceptedException: Message: element click intercepted: Element <button type=\"submit\" title=\"Add to Cart\" class=\"action primary tocart\" id=\"product-addtocart-button\">...</button> is not clickable at point (1187, 744). Other element would receive the click: <iframe id=\"aswift_2\" name=\"aswift_2\" browsingtopics=\"true\" style=\"width: 1005px !important; height: 124px !important; display: block; margin: 0px auto;\" sandbox=\"allow-forms allow-popups allow-popups-to-escape-sandbox allow-same-origin allow-scripts allow-top-navigation-by-user-activation\" width=\"1005\" height=\"124\" frameborder=\"0\" marginwidth=\"0\" marginheight=\"0\" vspace=\"0\" hspace=\"0\" allowtransparency=\"true\" scrolling=\"no\" allow=\"attribution-reporting; run-ad-auction\" src=\"https://googleads.g.doubleclick.net/pagead/html/r20241120/r20190131/zrt_lookup_fy2021.html#RS-0-&amp;adk=1812271801&amp;client=ca-pub-7399332034053978&amp;fa=1&amp;ifi=3&amp;uci=a!3&amp;btvi=2\" data-google-container-id=\"a!3\" tabindex=\"0\" title=\"Advertisement\" aria-label=\"Advertisement\" data-google-query-id=\"CJ3G9pnv7okDFWcVdgYdsuA3HA\" data-load-complete=\"true\"></iframe>\n  (Session info: chrome=131.0.6778.69)\nStacktrace:\n#0 0x55e2d3d654ca <unknown>\n#1 0x55e2d3878620 <unknown>\n#2 0x55e2d38cdff6 <unknown>\n#3 0x55e2d38cbf66 <unknown>\n#4 0x55e2d38c9685 <unknown>\n#5 0x55e2d38c8848 <unknown>\n#6 0x55e2d38bbff5 <unknown>\n#7 0x55e2d38eb372 <unknown>\n#8 0x55e2d38bb938 <unknown>\n#9 0x55e2d38eb53e <unknown>\n#10 0x55e2d3909de0 <unknown>\n#11 0x55e2d38eb113 <unknown>\n#12 0x55e2d38b9be0 <unknown>\n#13 0x55e2d38babbe <unknown>\n#14 0x55e2d3d31e4b <unknown>\n#15 0x55e2d3d35de2 <unknown>\n#16 0x55e2d3d1ed2c <unknown>\n#17 0x55e2d3d36957 <unknown>\n#18 0x55e2d3d044bf <unknown>\n#19 0x55e2d3d54348 <unknown>\n#20 0x55e2d3d54510 <unknown>\n#21 0x55e2d3d64346 <unknown>\n#22 0x7fe425294ac3 <unknown>","statusTrace":"driver = <selenium.webdriver.chrome.webdriver.WebDriver (session=\"202ded9e378a06ff0214d4c3c1da8e7d\")>\n\n    @pytest.fixture(scope=\"function\")\n    def full_cart_page(driver):\n        driver.get(ITEM_CART_URL)\n        size_button = wait(driver, 5).until(EC.presence_of_element_located(shopping_locators.SIZE_BUTTON))\n        size_button.click()\n        color_button = wait(driver, 3).until(EC.presence_of_element_located(shopping_locators.COLOR_BUTTON))\n        color_button.click()\n        add_to_cart_button = wait(driver, 5).until(EC.presence_of_element_located(shopping_locators.ADD_TO_CART_BUTTON))\n>       add_to_cart_button.click()\n\ntests/test_shopping_cart.py:18: \n_ _ _ _ _ _ _ _ _ _ _ _ _ _ _ _ _ _ _ _ _ _ _ _ _ _ _ _ _ _ _ _ _ _ _ _ _ _ _ _ \n/opt/hostedtoolcache/Python/3.11.10/x64/lib/python3.11/site-packages/selenium/webdriver/remote/webelement.py:93: in click\n    self._execute(Command.CLICK_ELEMENT)\n/opt/hostedtoolcache/Python/3.11.10/x64/lib/python3.11/site-packages/selenium/webdriver/remote/webelement.py:394: in _execute\n    return self._parent.execute(command, params)\n/opt/hostedtoolcache/Python/3.11.10/x64/lib/python3.11/site-packages/selenium/webdriver/remote/webdriver.py:344: in execute\n    self.error_handler.check_response(response)\n_ _ _ _ _ _ _ _ _ _ _ _ _ _ _ _ _ _ _ _ _ _ _ _ _ _ _ _ _ _ _ _ _ _ _ _ _ _ _ _ \n\nself = <selenium.webdriver.remote.errorhandler.ErrorHandler object at 0x7fe149b0d650>\nresponse = {'status': 400, 'value': '{\"value\":{\"error\":\"element click intercepted\",\"message\":\"element click intercepted: Element ...\\\\n#20 0x55e2d3d54510 \\\\u003Cunknown>\\\\n#21 0x55e2d3d64346 \\\\u003Cunknown>\\\\n#22 0x7fe425294ac3 \\\\u003Cunknown>\\\\n\"}}'}\n\n    def check_response(self, response: Dict[str, Any]) -> None:\n        \"\"\"Checks that a JSON response from the WebDriver does not have an\n        error.\n    \n        :Args:\n         - response - The JSON response from the WebDriver server as a dictionary\n           object.\n    \n        :Raises: If the response contains an error message.\n        \"\"\"\n        status = response.get(\"status\", None)\n        if not status or status == ErrorCode.SUCCESS:\n            return\n        value = None\n        message = response.get(\"message\", \"\")\n        screen: str = response.get(\"screen\", \"\")\n        stacktrace = None\n        if isinstance(status, int):\n            value_json = response.get(\"value\", None)\n            if value_json and isinstance(value_json, str):\n                import json\n    \n                try:\n                    value = json.loads(value_json)\n                    if len(value) == 1:\n                        value = value[\"value\"]\n                    status = value.get(\"error\", None)\n                    if not status:\n                        status = value.get(\"status\", ErrorCode.UNKNOWN_ERROR)\n                        message = value.get(\"value\") or value.get(\"message\")\n                        if not isinstance(message, str):\n                            value = message\n                            message = message.get(\"message\")\n                    else:\n                        message = value.get(\"message\", None)\n                except ValueError:\n                    pass\n    \n        exception_class: Type[WebDriverException]\n        e = ErrorCode()\n        error_codes = [item for item in dir(e) if not item.startswith(\"__\")]\n        for error_code in error_codes:\n            error_info = getattr(ErrorCode, error_code)\n            if isinstance(error_info, list) and status in error_info:\n                exception_class = getattr(ExceptionMapping, error_code, WebDriverException)\n                break\n        else:\n            exception_class = WebDriverException\n    \n        if not value:\n            value = response[\"value\"]\n        if isinstance(value, str):\n            raise exception_class(value)\n        if message == \"\" and \"message\" in value:\n            message = value[\"message\"]\n    \n        screen = None  # type: ignore[assignment]\n        if \"screen\" in value:\n            screen = value[\"screen\"]\n    \n        stacktrace = None\n        st_value = value.get(\"stackTrace\") or value.get(\"stacktrace\")\n        if st_value:\n            if isinstance(st_value, str):\n                stacktrace = st_value.split(\"\\n\")\n            else:\n                stacktrace = []\n                try:\n                    for frame in st_value:\n                        line = frame.get(\"lineNumber\", \"\")\n                        file = frame.get(\"fileName\", \"<anonymous>\")\n                        if line:\n                            file = f\"{file}:{line}\"\n                        meth = frame.get(\"methodName\", \"<anonymous>\")\n                        if \"className\" in frame:\n                            meth = f\"{frame['className']}.{meth}\"\n                        msg = \"    at %s (%s)\"\n                        msg = msg % (meth, file)\n                        stacktrace.append(msg)\n                except TypeError:\n                    pass\n        if exception_class == UnexpectedAlertPresentException:\n            alert_text = None\n            if \"data\" in value:\n                alert_text = value[\"data\"].get(\"text\")\n            elif \"alert\" in value:\n                alert_text = value[\"alert\"].get(\"text\")\n            raise exception_class(message, screen, stacktrace, alert_text)  # type: ignore[call-arg]  # mypy is not smart enough here\n>       raise exception_class(message, screen, stacktrace)\nE       selenium.common.exceptions.ElementClickInterceptedException: Message: element click intercepted: Element <button type=\"submit\" title=\"Add to Cart\" class=\"action primary tocart\" id=\"product-addtocart-button\">...</button> is not clickable at point (1187, 744). Other element would receive the click: <iframe id=\"aswift_2\" name=\"aswift_2\" browsingtopics=\"true\" style=\"width: 1005px !important; height: 124px !important; display: block; margin: 0px auto;\" sandbox=\"allow-forms allow-popups allow-popups-to-escape-sandbox allow-same-origin allow-scripts allow-top-navigation-by-user-activation\" width=\"1005\" height=\"124\" frameborder=\"0\" marginwidth=\"0\" marginheight=\"0\" vspace=\"0\" hspace=\"0\" allowtransparency=\"true\" scrolling=\"no\" allow=\"attribution-reporting; run-ad-auction\" src=\"https://googleads.g.doubleclick.net/pagead/html/r20241120/r20190131/zrt_lookup_fy2021.html#RS-0-&amp;adk=1812271801&amp;client=ca-pub-7399332034053978&amp;fa=1&amp;ifi=3&amp;uci=a!3&amp;btvi=2\" data-google-container-id=\"a!3\" tabindex=\"0\" title=\"Advertisement\" aria-label=\"Advertisement\" data-google-query-id=\"CJ3G9pnv7okDFWcVdgYdsuA3HA\" data-load-complete=\"true\"></iframe>\nE         (Session info: chrome=131.0.6778.69)\nE       Stacktrace:\nE       #0 0x55e2d3d654ca <unknown>\nE       #1 0x55e2d3878620 <unknown>\nE       #2 0x55e2d38cdff6 <unknown>\nE       #3 0x55e2d38cbf66 <unknown>\nE       #4 0x55e2d38c9685 <unknown>\nE       #5 0x55e2d38c8848 <unknown>\nE       #6 0x55e2d38bbff5 <unknown>\nE       #7 0x55e2d38eb372 <unknown>\nE       #8 0x55e2d38bb938 <unknown>\nE       #9 0x55e2d38eb53e <unknown>\nE       #10 0x55e2d3909de0 <unknown>\nE       #11 0x55e2d38eb113 <unknown>\nE       #12 0x55e2d38b9be0 <unknown>\nE       #13 0x55e2d38babbe <unknown>\nE       #14 0x55e2d3d31e4b <unknown>\nE       #15 0x55e2d3d35de2 <unknown>\nE       #16 0x55e2d3d1ed2c <unknown>\nE       #17 0x55e2d3d36957 <unknown>\nE       #18 0x55e2d3d044bf <unknown>\nE       #19 0x55e2d3d54348 <unknown>\nE       #20 0x55e2d3d54510 <unknown>\nE       #21 0x55e2d3d64346 <unknown>\nE       #22 0x7fe425294ac3 <unknown>\n\n/opt/hostedtoolcache/Python/3.11.10/x64/lib/python3.11/site-packages/selenium/webdriver/remote/errorhandler.py:229: ElementClickInterceptedException","flaky":false,"newFailed":false,"newBroken":true,"newPassed":false,"retriesCount":0,"retriesStatusChange":false,"beforeStages":[{"name":"_session_faker","time":{"start":1732239774372,"stop":1732239774435,"duration":63},"status":"passed","steps":[],"attachments":[],"parameters":[],"shouldDisplayMessage":false,"stepsCount":0,"attachmentsCount":0,"hasContent":false,"attachmentStep":false},{"name":"clear_allure_result_folder","time":{"start":1732239774435,"stop":1732239774435,"duration":0},"status":"passed","steps":[],"attachments":[],"parameters":[],"shouldDisplayMessage":false,"stepsCount":0,"attachmentsCount":0,"hasContent":false,"attachmentStep":false},{"name":"driver","time":{"start":1732241698774,"stop":1732241699979,"duration":1205},"status":"passed","steps":[],"attachments":[],"parameters":[],"shouldDisplayMessage":false,"stepsCount":0,"attachmentsCount":0,"hasContent":false,"attachmentStep":false},{"name":"full_cart_page","time":{"start":1732241699979,"stop":1732241705783,"duration":5804},"status":"broken","statusMessage":"selenium.common.exceptions.ElementClickInterceptedException: Message: element click intercepted: Element <button type=\"submit\" title=\"Add to Cart\" class=\"action primary tocart\" id=\"product-addtocart-button\">...</button> is not clickable at point (1187, 744). Other element would receive the click: <iframe id=\"aswift_2\" name=\"aswift_2\" browsingtopics=\"true\" style=\"width: 1005px !important; height: 124px !important; display: block; margin: 0px auto;\" sandbox=\"allow-forms allow-popups allow-popups-to-escape-sandbox allow-same-origin allow-scripts allow-top-navigation-by-user-activation\" width=\"1005\" height=\"124\" frameborder=\"0\" marginwidth=\"0\" marginheight=\"0\" vspace=\"0\" hspace=\"0\" allowtransparency=\"true\" scrolling=\"no\" allow=\"attribution-reporting; run-ad-auction\" src=\"https://googleads.g.doubleclick.net/pagead/html/r20241120/r20190131/zrt_lookup_fy2021.html#RS-0-&amp;adk=1812271801&amp;client=ca-pub-7399332034053978&amp;fa=1&amp;ifi=3&amp;uci=a!3&amp;btvi=2\" data-google-container-id=\"a!3\" tabindex=\"0\" title=\"Advertisement\" aria-label=\"Advertisement\" data-google-query-id=\"CJ3G9pnv7okDFWcVdgYdsuA3HA\" data-load-complete=\"true\"></iframe>\n  (Session info: chrome=131.0.6778.69)\nStacktrace:\n#0 0x55e2d3d654ca <unknown>\n#1 0x55e2d3878620 <unknown>\n#2 0x55e2d38cdff6 <unknown>\n#3 0x55e2d38cbf66 <unknown>\n#4 0x55e2d38c9685 <unknown>\n#5 0x55e2d38c8848 <unknown>\n#6 0x55e2d38bbff5 <unknown>\n#7 0x55e2d38eb372 <unknown>\n#8 0x55e2d38bb938 <unknown>\n#9 0x55e2d38eb53e <unknown>\n#10 0x55e2d3909de0 <unknown>\n#11 0x55e2d38eb113 <unknown>\n#12 0x55e2d38b9be0 <unknown>\n#13 0x55e2d38babbe <unknown>\n#14 0x55e2d3d31e4b <unknown>\n#15 0x55e2d3d35de2 <unknown>\n#16 0x55e2d3d1ed2c <unknown>\n#17 0x55e2d3d36957 <unknown>\n#18 0x55e2d3d044bf <unknown>\n#19 0x55e2d3d54348 <unknown>\n#20 0x55e2d3d54510 <unknown>\n#21 0x55e2d3d64346 <unknown>\n#22 0x7fe425294ac3 <unknown>\n\n","statusTrace":"  File \"/opt/hostedtoolcache/Python/3.11.10/x64/lib/python3.11/site-packages/pluggy/_callers.py\", line 103, in _multicall\n    res = hook_impl.function(*args)\n          ^^^^^^^^^^^^^^^^^^^^^^^^^\n  File \"/opt/hostedtoolcache/Python/3.11.10/x64/lib/python3.11/site-packages/_pytest/fixtures.py\", line 1123, in pytest_fixture_setup\n    result = call_fixture_func(fixturefunc, request, kwargs)\n             ^^^^^^^^^^^^^^^^^^^^^^^^^^^^^^^^^^^^^^^^^^^^^^^\n  File \"/opt/hostedtoolcache/Python/3.11.10/x64/lib/python3.11/site-packages/_pytest/fixtures.py\", line 902, in call_fixture_func\n    fixture_result = fixturefunc(**kwargs)\n                     ^^^^^^^^^^^^^^^^^^^^^\n  File \"/home/runner/work/luma_project/luma_project/tests/test_shopping_cart.py\", line 18, in full_cart_page\n    add_to_cart_button.click()\n  File \"/opt/hostedtoolcache/Python/3.11.10/x64/lib/python3.11/site-packages/selenium/webdriver/remote/webelement.py\", line 93, in click\n    self._execute(Command.CLICK_ELEMENT)\n  File \"/opt/hostedtoolcache/Python/3.11.10/x64/lib/python3.11/site-packages/selenium/webdriver/remote/webelement.py\", line 394, in _execute\n    return self._parent.execute(command, params)\n           ^^^^^^^^^^^^^^^^^^^^^^^^^^^^^^^^^^^^^\n  File \"/opt/hostedtoolcache/Python/3.11.10/x64/lib/python3.11/site-packages/selenium/webdriver/remote/webdriver.py\", line 344, in execute\n    self.error_handler.check_response(response)\n  File \"/opt/hostedtoolcache/Python/3.11.10/x64/lib/python3.11/site-packages/selenium/webdriver/remote/errorhandler.py\", line 229, in check_response\n    raise exception_class(message, screen, stacktrace)\n","steps":[],"attachments":[],"parameters":[],"shouldDisplayMessage":true,"stepsCount":0,"attachmentsCount":0,"hasContent":true,"attachmentStep":false}],"afterStages":[{"name":"driver::0","time":{"start":1732241705807,"stop":1732241705881,"duration":74},"status":"passed","steps":[],"attachments":[],"parameters":[],"shouldDisplayMessage":false,"stepsCount":0,"attachmentsCount":0,"hasContent":false,"attachmentStep":false},{"name":"clear_allure_result_folder::0","time":{"start":1732242126197,"stop":1732242126197,"duration":0},"status":"passed","steps":[],"attachments":[],"parameters":[],"shouldDisplayMessage":false,"stepsCount":0,"attachmentsCount":0,"hasContent":false,"attachmentStep":false}],"labels":[{"name":"feature","value":"Shopping Cart is full"},{"name":"parentSuite","value":"tests"},{"name":"suite","value":"test_shopping_cart"},{"name":"subSuite","value":"TestShoppingCartFull"},{"name":"host","value":"fv-az883-121"},{"name":"thread","value":"2842-MainThread"},{"name":"framework","value":"pytest"},{"name":"language","value":"cpython3"},{"name":"package","value":"tests.test_shopping_cart"},{"name":"resultFormat","value":"allure2"}],"parameters":[],"links":[],"hidden":false,"retry":false,"extra":{"severity":"normal","retries":[],"categories":[{"name":"Test defects","matchedStatuses":[],"flaky":false}],"history":{"statistic":{"failed":0,"broken":1,"skipped":0,"passed":5,"unknown":0,"total":6},"items":[{"uid":"aa1ae9ad5554c637","reportUrl":"https://verafes.github.io/luma_project/501//#testresult/aa1ae9ad5554c637","status":"passed","time":{"start":1732155176813,"stop":1732155176813,"duration":0}},{"uid":"4f2e51b83faf0272","reportUrl":"https://verafes.github.io/luma_project/500//#testresult/4f2e51b83faf0272","status":"passed","time":{"start":1732068966472,"stop":1732068966473,"duration":1}},{"uid":"46f24a32c6018183","reportUrl":"https://verafes.github.io/luma_project/499//#testresult/46f24a32c6018183","status":"passed","time":{"start":1731982874471,"stop":1731982874471,"duration":0}},{"uid":"9efbf5392b8a4e20","reportUrl":"https://verafes.github.io/luma_project/498//#testresult/9efbf5392b8a4e20","status":"passed","time":{"start":1731896933852,"stop":1731896933852,"duration":0}},{"uid":"e99c72a17ba2c2bd","reportUrl":"https://verafes.github.io/luma_project/497//#testresult/e99c72a17ba2c2bd","status":"passed","time":{"start":1731809328175,"stop":1731809328175,"duration":0}}]},"tags":[]},"source":"3c878d5e1ced2dfe.json","parameterValues":[]}