{"uid":"b4a7ed90df200300","name":"TC 13.02.02 - Check the link in section 2 block 1 'home-pants' in the Promo Block leads to the correct page","fullName":"tests.test_main_page.TestPromoBlock#test_tc_13_02_02_check_section2_block1_link","historyId":"e68610f8b7c8331f3129fde632db2f7a","time":{"start":1737164547279,"stop":1737164553663,"duration":6384},"description":"Check that link in section 2 block 1 'home-pants' is correct","descriptionHtml":"<p>Check that link in section 2 block 1 'home-pants' is correct</p>\n","status":"broken","statusMessage":"selenium.common.exceptions.TimeoutException: Message: \nStacktrace:\n#0 0x562c34e768fa <unknown>\n#1 0x562c34987d20 <unknown>\n#2 0x562c349d6a66 <unknown>\n#3 0x562c349d6d01 <unknown>\n#4 0x562c34a1c184 <unknown>\n#5 0x562c349fab1d <unknown>\n#6 0x562c34a19560 <unknown>\n#7 0x562c349fa893 <unknown>\n#8 0x562c349c930d <unknown>\n#9 0x562c349ca32e <unknown>\n#10 0x562c34e4300b <unknown>\n#11 0x562c34e46f97 <unknown>\n#12 0x562c34e2f71c <unknown>\n#13 0x562c34e47b17 <unknown>\n#14 0x562c34e146cf <unknown>\n#15 0x562c34e656b8 <unknown>\n#16 0x562c34e65880 <unknown>\n#17 0x562c34e75776 <unknown>\n#18 0x7fcd07a9ca94 <unknown>\n#19 0x7fcd07b29c3c <unknown>","statusTrace":"self = <test_main_page.TestMainPage.TestPromoBlock object at 0x7f0481d69890>\ndriver = <selenium.webdriver.chrome.webdriver.WebDriver (session=\"58cd2932d51ea9312b7d826a4d2dbf82\")>\n\n    @allure.title(\"TC 13.02.02 - Check the link in section 2 block 1 'home-pants' in the Promo Block \"\n                  \"leads to the correct page\")\n    def test_tc_13_02_02_check_section2_block1_link(self, driver):\n        \"\"\"Check that link in section 2 block 1 'home-pants' is correct\"\"\"\n        page = PromoBlock(driver, MAIN_PAGE_URL)\n        page.open()\n>       page.check_section2_block1_link()\n\ntests/test_main_page.py:701: \n_ _ _ _ _ _ _ _ _ _ _ _ _ _ _ _ _ _ _ _ _ _ _ _ _ _ _ _ _ _ _ _ _ _ _ _ _ _ _ _ \npages/main_page.py:372: in check_section2_block1_link\n    section2_block1 = self.element_is_visible(self.locators.SECTION_2_BLOCK_1)\npages/base_page.py:29: in element_is_visible\n    self.go_to_element(self.element_is_present(locator))\npages/base_page.py:50: in element_is_present\n    return wait(self.driver, timeout).until(EC.presence_of_element_located(locator))\n_ _ _ _ _ _ _ _ _ _ _ _ _ _ _ _ _ _ _ _ _ _ _ _ _ _ _ _ _ _ _ _ _ _ _ _ _ _ _ _ \n\nself = <selenium.webdriver.support.wait.WebDriverWait (session=\"58cd2932d51ea9312b7d826a4d2dbf82\")>\nmethod = <function presence_of_element_located.<locals>._predicate at 0x7f0483ad0220>\nmessage = ''\n\n    def until(self, method, message: str = \"\"):\n        \"\"\"Calls the method provided with the driver as an argument until the \\\n        return value does not evaluate to ``False``.\n    \n        :param method: callable(WebDriver)\n        :param message: optional message for :exc:`TimeoutException`\n        :returns: the result of the last call to `method`\n        :raises: :exc:`selenium.common.exceptions.TimeoutException` if timeout occurs\n        \"\"\"\n        screen = None\n        stacktrace = None\n    \n        end_time = time.monotonic() + self._timeout\n        while True:\n            try:\n                value = method(self._driver)\n                if value:\n                    return value\n            except self._ignored_exceptions as exc:\n                screen = getattr(exc, \"screen\", None)\n                stacktrace = getattr(exc, \"stacktrace\", None)\n            time.sleep(self._poll)\n            if time.monotonic() > end_time:\n                break\n>       raise TimeoutException(message, screen, stacktrace)\nE       selenium.common.exceptions.TimeoutException: Message: \nE       Stacktrace:\nE       #0 0x562c34e768fa <unknown>\nE       #1 0x562c34987d20 <unknown>\nE       #2 0x562c349d6a66 <unknown>\nE       #3 0x562c349d6d01 <unknown>\nE       #4 0x562c34a1c184 <unknown>\nE       #5 0x562c349fab1d <unknown>\nE       #6 0x562c34a19560 <unknown>\nE       #7 0x562c349fa893 <unknown>\nE       #8 0x562c349c930d <unknown>\nE       #9 0x562c349ca32e <unknown>\nE       #10 0x562c34e4300b <unknown>\nE       #11 0x562c34e46f97 <unknown>\nE       #12 0x562c34e2f71c <unknown>\nE       #13 0x562c34e47b17 <unknown>\nE       #14 0x562c34e146cf <unknown>\nE       #15 0x562c34e656b8 <unknown>\nE       #16 0x562c34e65880 <unknown>\nE       #17 0x562c34e75776 <unknown>\nE       #18 0x7fcd07a9ca94 <unknown>\nE       #19 0x7fcd07b29c3c <unknown>\n\n/opt/hostedtoolcache/Python/3.11.11/x64/lib/python3.11/site-packages/selenium/webdriver/support/wait.py:95: TimeoutException","flaky":false,"newFailed":false,"newBroken":false,"newPassed":false,"retriesCount":0,"retriesStatusChange":false,"beforeStages":[{"name":"_session_faker","time":{"start":1737163534848,"stop":1737163534912,"duration":64},"status":"passed","steps":[],"attachments":[],"parameters":[],"shouldDisplayMessage":false,"stepsCount":0,"attachmentsCount":0,"hasContent":false,"attachmentStep":false},{"name":"clear_allure_result_folder","time":{"start":1737163534912,"stop":1737163534912,"duration":0},"status":"passed","steps":[],"attachments":[],"parameters":[],"shouldDisplayMessage":false,"stepsCount":0,"attachmentsCount":0,"hasContent":false,"attachmentStep":false},{"name":"driver","time":{"start":1737164546077,"stop":1737164547278,"duration":1201},"status":"passed","steps":[],"attachments":[],"parameters":[],"shouldDisplayMessage":false,"stepsCount":0,"attachmentsCount":0,"hasContent":false,"attachmentStep":false}],"testStage":{"description":"Check that link in section 2 block 1 'home-pants' is correct","status":"broken","statusMessage":"selenium.common.exceptions.TimeoutException: Message: \nStacktrace:\n#0 0x562c34e768fa <unknown>\n#1 0x562c34987d20 <unknown>\n#2 0x562c349d6a66 <unknown>\n#3 0x562c349d6d01 <unknown>\n#4 0x562c34a1c184 <unknown>\n#5 0x562c349fab1d <unknown>\n#6 0x562c34a19560 <unknown>\n#7 0x562c349fa893 <unknown>\n#8 0x562c349c930d <unknown>\n#9 0x562c349ca32e <unknown>\n#10 0x562c34e4300b <unknown>\n#11 0x562c34e46f97 <unknown>\n#12 0x562c34e2f71c <unknown>\n#13 0x562c34e47b17 <unknown>\n#14 0x562c34e146cf <unknown>\n#15 0x562c34e656b8 <unknown>\n#16 0x562c34e65880 <unknown>\n#17 0x562c34e75776 <unknown>\n#18 0x7fcd07a9ca94 <unknown>\n#19 0x7fcd07b29c3c <unknown>","statusTrace":"self = <test_main_page.TestMainPage.TestPromoBlock object at 0x7f0481d69890>\ndriver = <selenium.webdriver.chrome.webdriver.WebDriver (session=\"58cd2932d51ea9312b7d826a4d2dbf82\")>\n\n    @allure.title(\"TC 13.02.02 - Check the link in section 2 block 1 'home-pants' in the Promo Block \"\n                  \"leads to the correct page\")\n    def test_tc_13_02_02_check_section2_block1_link(self, driver):\n        \"\"\"Check that link in section 2 block 1 'home-pants' is correct\"\"\"\n        page = PromoBlock(driver, MAIN_PAGE_URL)\n        page.open()\n>       page.check_section2_block1_link()\n\ntests/test_main_page.py:701: \n_ _ _ _ _ _ _ _ _ _ _ _ _ _ _ _ _ _ _ _ _ _ _ _ _ _ _ _ _ _ _ _ _ _ _ _ _ _ _ _ \npages/main_page.py:372: in check_section2_block1_link\n    section2_block1 = self.element_is_visible(self.locators.SECTION_2_BLOCK_1)\npages/base_page.py:29: in element_is_visible\n    self.go_to_element(self.element_is_present(locator))\npages/base_page.py:50: in element_is_present\n    return wait(self.driver, timeout).until(EC.presence_of_element_located(locator))\n_ _ _ _ _ _ _ _ _ _ _ _ _ _ _ _ _ _ _ _ _ _ _ _ _ _ _ _ _ _ _ _ _ _ _ _ _ _ _ _ \n\nself = <selenium.webdriver.support.wait.WebDriverWait (session=\"58cd2932d51ea9312b7d826a4d2dbf82\")>\nmethod = <function presence_of_element_located.<locals>._predicate at 0x7f0483ad0220>\nmessage = ''\n\n    def until(self, method, message: str = \"\"):\n        \"\"\"Calls the method provided with the driver as an argument until the \\\n        return value does not evaluate to ``False``.\n    \n        :param method: callable(WebDriver)\n        :param message: optional message for :exc:`TimeoutException`\n        :returns: the result of the last call to `method`\n        :raises: :exc:`selenium.common.exceptions.TimeoutException` if timeout occurs\n        \"\"\"\n        screen = None\n        stacktrace = None\n    \n        end_time = time.monotonic() + self._timeout\n        while True:\n            try:\n                value = method(self._driver)\n                if value:\n                    return value\n            except self._ignored_exceptions as exc:\n                screen = getattr(exc, \"screen\", None)\n                stacktrace = getattr(exc, \"stacktrace\", None)\n            time.sleep(self._poll)\n            if time.monotonic() > end_time:\n                break\n>       raise TimeoutException(message, screen, stacktrace)\nE       selenium.common.exceptions.TimeoutException: Message: \nE       Stacktrace:\nE       #0 0x562c34e768fa <unknown>\nE       #1 0x562c34987d20 <unknown>\nE       #2 0x562c349d6a66 <unknown>\nE       #3 0x562c349d6d01 <unknown>\nE       #4 0x562c34a1c184 <unknown>\nE       #5 0x562c349fab1d <unknown>\nE       #6 0x562c34a19560 <unknown>\nE       #7 0x562c349fa893 <unknown>\nE       #8 0x562c349c930d <unknown>\nE       #9 0x562c349ca32e <unknown>\nE       #10 0x562c34e4300b <unknown>\nE       #11 0x562c34e46f97 <unknown>\nE       #12 0x562c34e2f71c <unknown>\nE       #13 0x562c34e47b17 <unknown>\nE       #14 0x562c34e146cf <unknown>\nE       #15 0x562c34e656b8 <unknown>\nE       #16 0x562c34e65880 <unknown>\nE       #17 0x562c34e75776 <unknown>\nE       #18 0x7fcd07a9ca94 <unknown>\nE       #19 0x7fcd07b29c3c <unknown>\n\n/opt/hostedtoolcache/Python/3.11.11/x64/lib/python3.11/site-packages/selenium/webdriver/support/wait.py:95: TimeoutException","steps":[{"name":"Open a browser","time":{"start":1737164547279,"stop":1737164548654,"duration":1375},"status":"passed","steps":[],"attachments":[],"parameters":[],"shouldDisplayMessage":false,"stepsCount":0,"attachmentsCount":0,"hasContent":false,"attachmentStep":false},{"name":"Check the link in section 2 block 1 'home-pants' in the Promo Block leads to the correct page","time":{"start":1737164548654,"stop":1737164553662,"duration":5008},"status":"broken","statusMessage":"selenium.common.exceptions.TimeoutException: Message: \nStacktrace:\n#0 0x562c34e768fa <unknown>\n#1 0x562c34987d20 <unknown>\n#2 0x562c349d6a66 <unknown>\n#3 0x562c349d6d01 <unknown>\n#4 0x562c34a1c184 <unknown>\n#5 0x562c349fab1d <unknown>\n#6 0x562c34a19560 <unknown>\n#7 0x562c349fa893 <unknown>\n#8 0x562c349c930d <unknown>\n#9 0x562c349ca32e <unknown>\n#10 0x562c34e4300b <unknown>\n#11 0x562c34e46f97 <unknown>\n#12 0x562c34e2f71c <unknown>\n#13 0x562c34e47b17 <unknown>\n#14 0x562c34e146cf <unknown>\n#15 0x562c34e656b8 <unknown>\n#16 0x562c34e65880 <unknown>\n#17 0x562c34e75776 <unknown>\n#18 0x7fcd07a9ca94 <unknown>\n#19 0x7fcd07b29c3c <unknown>\n\n","statusTrace":"  File \"/opt/hostedtoolcache/Python/3.11.11/x64/lib/python3.11/site-packages/allure_commons/_allure.py\", line 192, in impl\n    return func(*a, **kw)\n           ^^^^^^^^^^^^^^\n  File \"/home/runner/work/luma_project/luma_project/pages/main_page.py\", line 372, in check_section2_block1_link\n    section2_block1 = self.element_is_visible(self.locators.SECTION_2_BLOCK_1)\n                      ^^^^^^^^^^^^^^^^^^^^^^^^^^^^^^^^^^^^^^^^^^^^^^^^^^^^^^^^\n  File \"/opt/hostedtoolcache/Python/3.11.11/x64/lib/python3.11/site-packages/allure_commons/_allure.py\", line 192, in impl\n    return func(*a, **kw)\n           ^^^^^^^^^^^^^^\n  File \"/home/runner/work/luma_project/luma_project/pages/base_page.py\", line 29, in element_is_visible\n    self.go_to_element(self.element_is_present(locator))\n                       ^^^^^^^^^^^^^^^^^^^^^^^^^^^^^^^^\n  File \"/opt/hostedtoolcache/Python/3.11.11/x64/lib/python3.11/site-packages/allure_commons/_allure.py\", line 192, in impl\n    return func(*a, **kw)\n           ^^^^^^^^^^^^^^\n  File \"/home/runner/work/luma_project/luma_project/pages/base_page.py\", line 50, in element_is_present\n    return wait(self.driver, timeout).until(EC.presence_of_element_located(locator))\n           ^^^^^^^^^^^^^^^^^^^^^^^^^^^^^^^^^^^^^^^^^^^^^^^^^^^^^^^^^^^^^^^^^^^^^^^^^\n  File \"/opt/hostedtoolcache/Python/3.11.11/x64/lib/python3.11/site-packages/selenium/webdriver/support/wait.py\", line 95, in until\n    raise TimeoutException(message, screen, stacktrace)\n","steps":[{"name":"Find a visible element","time":{"start":1737164548654,"stop":1737164553662,"duration":5008},"status":"broken","statusMessage":"selenium.common.exceptions.TimeoutException: Message: \nStacktrace:\n#0 0x562c34e768fa <unknown>\n#1 0x562c34987d20 <unknown>\n#2 0x562c349d6a66 <unknown>\n#3 0x562c349d6d01 <unknown>\n#4 0x562c34a1c184 <unknown>\n#5 0x562c349fab1d <unknown>\n#6 0x562c34a19560 <unknown>\n#7 0x562c349fa893 <unknown>\n#8 0x562c349c930d <unknown>\n#9 0x562c349ca32e <unknown>\n#10 0x562c34e4300b <unknown>\n#11 0x562c34e46f97 <unknown>\n#12 0x562c34e2f71c <unknown>\n#13 0x562c34e47b17 <unknown>\n#14 0x562c34e146cf <unknown>\n#15 0x562c34e656b8 <unknown>\n#16 0x562c34e65880 <unknown>\n#17 0x562c34e75776 <unknown>\n#18 0x7fcd07a9ca94 <unknown>\n#19 0x7fcd07b29c3c <unknown>\n\n","statusTrace":"  File \"/opt/hostedtoolcache/Python/3.11.11/x64/lib/python3.11/site-packages/allure_commons/_allure.py\", line 192, in impl\n    return func(*a, **kw)\n           ^^^^^^^^^^^^^^\n  File \"/home/runner/work/luma_project/luma_project/pages/base_page.py\", line 29, in element_is_visible\n    self.go_to_element(self.element_is_present(locator))\n                       ^^^^^^^^^^^^^^^^^^^^^^^^^^^^^^^^\n  File \"/opt/hostedtoolcache/Python/3.11.11/x64/lib/python3.11/site-packages/allure_commons/_allure.py\", line 192, in impl\n    return func(*a, **kw)\n           ^^^^^^^^^^^^^^\n  File \"/home/runner/work/luma_project/luma_project/pages/base_page.py\", line 50, in element_is_present\n    return wait(self.driver, timeout).until(EC.presence_of_element_located(locator))\n           ^^^^^^^^^^^^^^^^^^^^^^^^^^^^^^^^^^^^^^^^^^^^^^^^^^^^^^^^^^^^^^^^^^^^^^^^^\n  File \"/opt/hostedtoolcache/Python/3.11.11/x64/lib/python3.11/site-packages/selenium/webdriver/support/wait.py\", line 95, in until\n    raise TimeoutException(message, screen, stacktrace)\n","steps":[{"name":"Find a present element","time":{"start":1737164548654,"stop":1737164553662,"duration":5008},"status":"broken","statusMessage":"selenium.common.exceptions.TimeoutException: Message: \nStacktrace:\n#0 0x562c34e768fa <unknown>\n#1 0x562c34987d20 <unknown>\n#2 0x562c349d6a66 <unknown>\n#3 0x562c349d6d01 <unknown>\n#4 0x562c34a1c184 <unknown>\n#5 0x562c349fab1d <unknown>\n#6 0x562c34a19560 <unknown>\n#7 0x562c349fa893 <unknown>\n#8 0x562c349c930d <unknown>\n#9 0x562c349ca32e <unknown>\n#10 0x562c34e4300b <unknown>\n#11 0x562c34e46f97 <unknown>\n#12 0x562c34e2f71c <unknown>\n#13 0x562c34e47b17 <unknown>\n#14 0x562c34e146cf <unknown>\n#15 0x562c34e656b8 <unknown>\n#16 0x562c34e65880 <unknown>\n#17 0x562c34e75776 <unknown>\n#18 0x7fcd07a9ca94 <unknown>\n#19 0x7fcd07b29c3c <unknown>\n\n","statusTrace":"  File \"/opt/hostedtoolcache/Python/3.11.11/x64/lib/python3.11/site-packages/allure_commons/_allure.py\", line 192, in impl\n    return func(*a, **kw)\n           ^^^^^^^^^^^^^^\n  File \"/home/runner/work/luma_project/luma_project/pages/base_page.py\", line 50, in element_is_present\n    return wait(self.driver, timeout).until(EC.presence_of_element_located(locator))\n           ^^^^^^^^^^^^^^^^^^^^^^^^^^^^^^^^^^^^^^^^^^^^^^^^^^^^^^^^^^^^^^^^^^^^^^^^^\n  File \"/opt/hostedtoolcache/Python/3.11.11/x64/lib/python3.11/site-packages/selenium/webdriver/support/wait.py\", line 95, in until\n    raise TimeoutException(message, screen, stacktrace)\n","steps":[],"attachments":[],"parameters":[{"name":"locator","value":"('css selector', '.home-pants')"},{"name":"timeout","value":"5"}],"shouldDisplayMessage":true,"stepsCount":0,"attachmentsCount":0,"hasContent":true,"attachmentStep":false}],"attachments":[],"parameters":[{"name":"locator","value":"('css selector', '.home-pants')"},{"name":"timeout","value":"10"}],"shouldDisplayMessage":false,"stepsCount":1,"attachmentsCount":0,"hasContent":true,"attachmentStep":false}],"attachments":[],"parameters":[],"shouldDisplayMessage":false,"stepsCount":2,"attachmentsCount":0,"hasContent":true,"attachmentStep":false}],"attachments":[{"uid":"9c9c5e7ec4ee61ef","name":"Screenshot","source":"9c9c5e7ec4ee61ef.png","type":"image/png","size":548028},{"uid":"4f4c55e009974c27","name":"HTML source","source":"4f4c55e009974c27.html","type":"text/html","size":144927}],"parameters":[],"shouldDisplayMessage":true,"stepsCount":4,"attachmentsCount":2,"hasContent":true,"attachmentStep":false},"afterStages":[{"name":"driver::0","time":{"start":1737164554185,"stop":1737164554321,"duration":136},"status":"passed","steps":[],"attachments":[],"parameters":[],"shouldDisplayMessage":false,"stepsCount":0,"attachmentsCount":0,"hasContent":false,"attachmentStep":false},{"name":"clear_allure_result_folder::0","time":{"start":1737165168821,"stop":1737165168822,"duration":1},"status":"passed","steps":[],"attachments":[],"parameters":[],"shouldDisplayMessage":false,"stepsCount":0,"attachmentsCount":0,"hasContent":false,"attachmentStep":false}],"labels":[{"name":"feature","value":"Promo Block Testing"},{"name":"epic","value":"Main Page"},{"name":"parentSuite","value":"tests"},{"name":"suite","value":"test_main_page"},{"name":"subSuite","value":"TestMainPage"},{"name":"host","value":"fv-az1673-498"},{"name":"thread","value":"2773-MainThread"},{"name":"framework","value":"pytest"},{"name":"language","value":"cpython3"},{"name":"package","value":"tests.test_main_page"},{"name":"resultFormat","value":"allure2"}],"parameters":[],"links":[],"hidden":false,"retry":false,"extra":{"severity":"normal","retries":[],"categories":[{"name":"Test defects","matchedStatuses":[],"flaky":false}],"history":{"statistic":{"failed":0,"broken":7,"skipped":0,"passed":0,"unknown":0,"total":7},"items":[{"uid":"8776e2d1dae00124","reportUrl":"https://verafes.github.io/luma_project/558//#testresult/8776e2d1dae00124","status":"broken","statusDetails":"selenium.common.exceptions.TimeoutException: Message: \nStacktrace:\n#0 0x55d4bff1d8fa <unknown>\n#1 0x55d4bfa2ed20 <unknown>\n#2 0x55d4bfa7da66 <unknown>\n#3 0x55d4bfa7dd01 <unknown>\n#4 0x55d4bfac3184 <unknown>\n#5 0x55d4bfaa1b1d <unknown>\n#6 0x55d4bfac0560 <unknown>\n#7 0x55d4bfaa1893 <unknown>\n#8 0x55d4bfa7030d <unknown>\n#9 0x55d4bfa7132e <unknown>\n#10 0x55d4bfeea00b <unknown>\n#11 0x55d4bfeedf97 <unknown>\n#12 0x55d4bfed671c <unknown>\n#13 0x55d4bfeeeb17 <unknown>\n#14 0x55d4bfebb6cf <unknown>\n#15 0x55d4bff0c6b8 <unknown>\n#16 0x55d4bff0c880 <unknown>\n#17 0x55d4bff1c776 <unknown>\n#18 0x7fa40809ca94 <unknown>\n#19 0x7fa408129c3c <unknown>","time":{"start":1737078040117,"stop":1737078046361,"duration":6244}},{"uid":"b6ba881fd561a3c7","reportUrl":"https://verafes.github.io/luma_project/557//#testresult/b6ba881fd561a3c7","status":"broken","statusDetails":"selenium.common.exceptions.TimeoutException: Message: \nStacktrace:\n#0 0x5581e8d7b8fa <unknown>\n#1 0x5581e888cd20 <unknown>\n#2 0x5581e88dba66 <unknown>\n#3 0x5581e88dbd01 <unknown>\n#4 0x5581e8921184 <unknown>\n#5 0x5581e88ffb1d <unknown>\n#6 0x5581e891e560 <unknown>\n#7 0x5581e88ff893 <unknown>\n#8 0x5581e88ce30d <unknown>\n#9 0x5581e88cf32e <unknown>\n#10 0x5581e8d4800b <unknown>\n#11 0x5581e8d4bf97 <unknown>\n#12 0x5581e8d3471c <unknown>\n#13 0x5581e8d4cb17 <unknown>\n#14 0x5581e8d196cf <unknown>\n#15 0x5581e8d6a6b8 <unknown>\n#16 0x5581e8d6a880 <unknown>\n#17 0x5581e8d7a776 <unknown>\n#18 0x7f62cda9ca94 <unknown>\n#19 0x7f62cdb29c3c <unknown>","time":{"start":1736992125104,"stop":1736992131143,"duration":6039}},{"uid":"df60bfc84ee4ca63","reportUrl":"https://verafes.github.io/luma_project/556//#testresult/df60bfc84ee4ca63","status":"broken","statusDetails":"selenium.common.exceptions.TimeoutException: Message: \nStacktrace:\n#0 0x562c34b7c8fa <unknown>\n#1 0x562c3468dd20 <unknown>\n#2 0x562c346dca66 <unknown>\n#3 0x562c346dcd01 <unknown>\n#4 0x562c34722184 <unknown>\n#5 0x562c34700b1d <unknown>\n#6 0x562c3471f560 <unknown>\n#7 0x562c34700893 <unknown>\n#8 0x562c346cf30d <unknown>\n#9 0x562c346d032e <unknown>\n#10 0x562c34b4900b <unknown>\n#11 0x562c34b4cf97 <unknown>\n#12 0x562c34b3571c <unknown>\n#13 0x562c34b4db17 <unknown>\n#14 0x562c34b1a6cf <unknown>\n#15 0x562c34b6b6b8 <unknown>\n#16 0x562c34b6b880 <unknown>\n#17 0x562c34b7b776 <unknown>\n#18 0x7f477049ca94 <unknown>\n#19 0x7f4770529c3c <unknown>","time":{"start":1736905788176,"stop":1736905794833,"duration":6657}},{"uid":"2e5f074689ea63b","reportUrl":"https://verafes.github.io/luma_project/555//#testresult/2e5f074689ea63b","status":"broken","statusDetails":"selenium.common.exceptions.TimeoutException: Message: \nStacktrace:\n#0 0x5642b0b898fa <unknown>\n#1 0x5642b069ad20 <unknown>\n#2 0x5642b06e9a66 <unknown>\n#3 0x5642b06e9d01 <unknown>\n#4 0x5642b072f184 <unknown>\n#5 0x5642b070db1d <unknown>\n#6 0x5642b072c560 <unknown>\n#7 0x5642b070d893 <unknown>\n#8 0x5642b06dc30d <unknown>\n#9 0x5642b06dd32e <unknown>\n#10 0x5642b0b5600b <unknown>\n#11 0x5642b0b59f97 <unknown>\n#12 0x5642b0b4271c <unknown>\n#13 0x5642b0b5ab17 <unknown>\n#14 0x5642b0b276cf <unknown>\n#15 0x5642b0b786b8 <unknown>\n#16 0x5642b0b78880 <unknown>\n#17 0x5642b0b88776 <unknown>\n#18 0x7f17bda9ca94 <unknown>\n#19 0x7f17bdb29c3c <unknown>","time":{"start":1736818903616,"stop":1736818910022,"duration":6406}},{"uid":"b7f4cb9daa4b6a7b","reportUrl":"https://verafes.github.io/luma_project/554//#testresult/b7f4cb9daa4b6a7b","status":"broken","statusDetails":"selenium.common.exceptions.TimeoutException: Message: \nStacktrace:\n#0 0x55c2322e78fa <unknown>\n#1 0x55c231df8d20 <unknown>\n#2 0x55c231e47a66 <unknown>\n#3 0x55c231e47d01 <unknown>\n#4 0x55c231e8d184 <unknown>\n#5 0x55c231e6bb1d <unknown>\n#6 0x55c231e8a560 <unknown>\n#7 0x55c231e6b893 <unknown>\n#8 0x55c231e3a30d <unknown>\n#9 0x55c231e3b32e <unknown>\n#10 0x55c2322b400b <unknown>\n#11 0x55c2322b7f97 <unknown>\n#12 0x55c2322a071c <unknown>\n#13 0x55c2322b8b17 <unknown>\n#14 0x55c2322856cf <unknown>\n#15 0x55c2322d66b8 <unknown>\n#16 0x55c2322d6880 <unknown>\n#17 0x55c2322e6776 <unknown>\n#18 0x7f8cbf29ca94 <unknown>\n#19 0x7f8cbf329c3c <unknown>","time":{"start":1736733660234,"stop":1736733667256,"duration":7022}},{"uid":"b4cde637f9f17ef6","reportUrl":"https://verafes.github.io/luma_project/553//#testresult/b4cde637f9f17ef6","status":"broken","statusDetails":"selenium.common.exceptions.TimeoutException: Message: \nStacktrace:\n#0 0x563cc41a18fa <unknown>\n#1 0x563cc3cb2d20 <unknown>\n#2 0x563cc3d01a66 <unknown>\n#3 0x563cc3d01d01 <unknown>\n#4 0x563cc3d47184 <unknown>\n#5 0x563cc3d25b1d <unknown>\n#6 0x563cc3d44560 <unknown>\n#7 0x563cc3d25893 <unknown>\n#8 0x563cc3cf430d <unknown>\n#9 0x563cc3cf532e <unknown>\n#10 0x563cc416e00b <unknown>\n#11 0x563cc4171f97 <unknown>\n#12 0x563cc415a71c <unknown>\n#13 0x563cc4172b17 <unknown>\n#14 0x563cc413f6cf <unknown>\n#15 0x563cc41906b8 <unknown>\n#16 0x563cc4190880 <unknown>\n#17 0x563cc41a0776 <unknown>\n#18 0x7f395829ca94 <unknown>\n#19 0x7f3958329c3c <unknown>","time":{"start":1736648688846,"stop":1736648695115,"duration":6269}}]},"tags":[]},"source":"b4a7ed90df200300.json","parameterValues":[]}