{"uid":"ea9beb9dc0839a94","name":"Check the display of the add to wish and add to compare buttons","fullName":"tests.test_main_page.TestHotSellerSection#test_tc_06_01_15_check_the_display_of_the_card_buttons","historyId":"d70dfd5ecc36ca529952457121aeed29","time":{"start":1725500022599,"stop":1725500034032,"duration":11433},"description":"\n            This test will check that the add to wishlist and add to compare buttons are visible on the screen\n            ","descriptionHtml":"<pre><code>        This test will check that the add to wishlist and add to compare buttons are visible on the screen\n</code></pre>\n","status":"skipped","statusMessage":"XFAIL In CI the test failed in PR#182\n\nselenium.common.exceptions.TimeoutException: Message:","statusTrace":"self = <test_main_page.TestMainPage.TestHotSellerSection object at 0x7f299da31290>\ndriver = <selenium.webdriver.chrome.webdriver.WebDriver (session=\"c79e6fb17699b7cf883766bd55e2c7a2\")>\nitem = 'add_to_compare'\n\n    @pytest.mark.xfail(reason=\"In CI the test failed in PR#182\")\n    @allure.title(\"Check the display of the add to wish and add to compare buttons\")\n    @pytest.mark.parametrize(\"item\", product_card_button)\n    def test_tc_06_01_15_check_the_display_of_the_card_buttons(self, driver, item):\n        \"\"\"\n        This test will check that the add to wishlist and add to compare buttons are visible on the screen\n        \"\"\"\n        page = MainPage(driver, MAIN_PAGE_URL)\n        page.open()\n>       check_display = page.check_element_display(item)\n\ntests/test_main_page.py:96: \n_ _ _ _ _ _ _ _ _ _ _ _ _ _ _ _ _ _ _ _ _ _ _ _ _ _ _ _ _ _ _ _ _ _ _ _ _ _ _ _ \npages/main_page.py:124: in check_element_display\n    element = self.element_is_visible(self.locators.PRODUCT_CARD_BUTTONS[item])\npages/base_page.py:30: in element_is_visible\n    return wait(self.driver, timeout).until(EC.visibility_of_element_located(locator))\n_ _ _ _ _ _ _ _ _ _ _ _ _ _ _ _ _ _ _ _ _ _ _ _ _ _ _ _ _ _ _ _ _ _ _ _ _ _ _ _ \n\nself = <selenium.webdriver.support.wait.WebDriverWait (session=\"c79e6fb17699b7cf883766bd55e2c7a2\")>\nmethod = <function visibility_of_element_located.<locals>._predicate at 0x7f299de4fe20>\nmessage = ''\n\n    def until(self, method, message: str = \"\"):\n        \"\"\"Calls the method provided with the driver as an argument until the \\\n        return value does not evaluate to ``False``.\n    \n        :param method: callable(WebDriver)\n        :param message: optional message for :exc:`TimeoutException`\n        :returns: the result of the last call to `method`\n        :raises: :exc:`selenium.common.exceptions.TimeoutException` if timeout occurs\n        \"\"\"\n        screen = None\n        stacktrace = None\n    \n        end_time = time.monotonic() + self._timeout\n        while True:\n            try:\n                value = method(self._driver)\n                if value:\n                    return value\n            except self._ignored_exceptions as exc:\n                screen = getattr(exc, \"screen\", None)\n                stacktrace = getattr(exc, \"stacktrace\", None)\n            time.sleep(self._poll)\n            if time.monotonic() > end_time:\n                break\n>       raise TimeoutException(message, screen, stacktrace)\nE       selenium.common.exceptions.TimeoutException: Message:\n\n/opt/hostedtoolcache/Python/3.11.9/x64/lib/python3.11/site-packages/selenium/webdriver/support/wait.py:95: TimeoutException","flaky":false,"newFailed":false,"newBroken":false,"newPassed":false,"retriesCount":0,"retriesStatusChange":false,"beforeStages":[{"name":"_session_faker","time":{"start":1725499540313,"stop":1725499540376,"duration":63},"status":"passed","steps":[],"attachments":[],"parameters":[],"shouldDisplayMessage":false,"stepsCount":0,"attachmentsCount":0,"hasContent":false,"attachmentStep":false},{"name":"clear_allure_result_folder","time":{"start":1725499540376,"stop":1725499540376,"duration":0},"status":"passed","steps":[],"attachments":[],"parameters":[],"shouldDisplayMessage":false,"stepsCount":0,"attachmentsCount":0,"hasContent":false,"attachmentStep":false},{"name":"driver","time":{"start":1725500021324,"stop":1725500022599,"duration":1275},"status":"passed","steps":[],"attachments":[],"parameters":[],"shouldDisplayMessage":false,"stepsCount":0,"attachmentsCount":0,"hasContent":false,"attachmentStep":false}],"testStage":{"description":"\n            This test will check that the add to wishlist and add to compare buttons are visible on the screen\n            ","status":"skipped","statusMessage":"XFAIL In CI the test failed in PR#182\n\nselenium.common.exceptions.TimeoutException: Message:","statusTrace":"self = <test_main_page.TestMainPage.TestHotSellerSection object at 0x7f299da31290>\ndriver = <selenium.webdriver.chrome.webdriver.WebDriver (session=\"c79e6fb17699b7cf883766bd55e2c7a2\")>\nitem = 'add_to_compare'\n\n    @pytest.mark.xfail(reason=\"In CI the test failed in PR#182\")\n    @allure.title(\"Check the display of the add to wish and add to compare buttons\")\n    @pytest.mark.parametrize(\"item\", product_card_button)\n    def test_tc_06_01_15_check_the_display_of_the_card_buttons(self, driver, item):\n        \"\"\"\n        This test will check that the add to wishlist and add to compare buttons are visible on the screen\n        \"\"\"\n        page = MainPage(driver, MAIN_PAGE_URL)\n        page.open()\n>       check_display = page.check_element_display(item)\n\ntests/test_main_page.py:96: \n_ _ _ _ _ _ _ _ _ _ _ _ _ _ _ _ _ _ _ _ _ _ _ _ _ _ _ _ _ _ _ _ _ _ _ _ _ _ _ _ \npages/main_page.py:124: in check_element_display\n    element = self.element_is_visible(self.locators.PRODUCT_CARD_BUTTONS[item])\npages/base_page.py:30: in element_is_visible\n    return wait(self.driver, timeout).until(EC.visibility_of_element_located(locator))\n_ _ _ _ _ _ _ _ _ _ _ _ _ _ _ _ _ _ _ _ _ _ _ _ _ _ _ _ _ _ _ _ _ _ _ _ _ _ _ _ \n\nself = <selenium.webdriver.support.wait.WebDriverWait (session=\"c79e6fb17699b7cf883766bd55e2c7a2\")>\nmethod = <function visibility_of_element_located.<locals>._predicate at 0x7f299de4fe20>\nmessage = ''\n\n    def until(self, method, message: str = \"\"):\n        \"\"\"Calls the method provided with the driver as an argument until the \\\n        return value does not evaluate to ``False``.\n    \n        :param method: callable(WebDriver)\n        :param message: optional message for :exc:`TimeoutException`\n        :returns: the result of the last call to `method`\n        :raises: :exc:`selenium.common.exceptions.TimeoutException` if timeout occurs\n        \"\"\"\n        screen = None\n        stacktrace = None\n    \n        end_time = time.monotonic() + self._timeout\n        while True:\n            try:\n                value = method(self._driver)\n                if value:\n                    return value\n            except self._ignored_exceptions as exc:\n                screen = getattr(exc, \"screen\", None)\n                stacktrace = getattr(exc, \"stacktrace\", None)\n            time.sleep(self._poll)\n            if time.monotonic() > end_time:\n                break\n>       raise TimeoutException(message, screen, stacktrace)\nE       selenium.common.exceptions.TimeoutException: Message:\n\n/opt/hostedtoolcache/Python/3.11.9/x64/lib/python3.11/site-packages/selenium/webdriver/support/wait.py:95: TimeoutException","steps":[{"name":"Open a browser","time":{"start":1725500022599,"stop":1725500023471,"duration":872},"status":"passed","steps":[],"attachments":[],"parameters":[],"shouldDisplayMessage":false,"stepsCount":0,"attachmentsCount":0,"hasContent":false,"attachmentStep":false},{"name":"Checking the display of an element on the screen","time":{"start":1725500023471,"stop":1725500034032,"duration":10561},"status":"broken","statusMessage":"selenium.common.exceptions.TimeoutException: Message: \n\n","statusTrace":"  File \"/opt/hostedtoolcache/Python/3.11.9/x64/lib/python3.11/site-packages/allure_commons/_allure.py\", line 192, in impl\n    return func(*a, **kw)\n           ^^^^^^^^^^^^^^\n  File \"/home/runner/work/luma_project/luma_project/pages/main_page.py\", line 124, in check_element_display\n    element = self.element_is_visible(self.locators.PRODUCT_CARD_BUTTONS[item])\n              ^^^^^^^^^^^^^^^^^^^^^^^^^^^^^^^^^^^^^^^^^^^^^^^^^^^^^^^^^^^^^^^^^\n  File \"/opt/hostedtoolcache/Python/3.11.9/x64/lib/python3.11/site-packages/allure_commons/_allure.py\", line 192, in impl\n    return func(*a, **kw)\n           ^^^^^^^^^^^^^^\n  File \"/home/runner/work/luma_project/luma_project/pages/base_page.py\", line 30, in element_is_visible\n    return wait(self.driver, timeout).until(EC.visibility_of_element_located(locator))\n           ^^^^^^^^^^^^^^^^^^^^^^^^^^^^^^^^^^^^^^^^^^^^^^^^^^^^^^^^^^^^^^^^^^^^^^^^^^^\n  File \"/opt/hostedtoolcache/Python/3.11.9/x64/lib/python3.11/site-packages/selenium/webdriver/support/wait.py\", line 95, in until\n    raise TimeoutException(message, screen, stacktrace)\n","steps":[{"name":"Find a visible element","time":{"start":1725500023471,"stop":1725500023504,"duration":33},"status":"passed","steps":[{"name":"Find a present element","time":{"start":1725500023471,"stop":1725500023482,"duration":11},"status":"passed","steps":[],"attachments":[],"parameters":[{"name":"locator","value":"('css selector', \"li[class='product-item']:nth-child(5) div[class='product-item-info']\")"},{"name":"timeout","value":"5"}],"shouldDisplayMessage":false,"stepsCount":0,"attachmentsCount":0,"hasContent":true,"attachmentStep":false},{"name":"Go to specified element","time":{"start":1725500023482,"stop":1725500023486,"duration":4},"status":"passed","steps":[],"attachments":[],"parameters":[{"name":"element","value":"<selenium.webdriver.remote.webelement.WebElement (session=\"c79e6fb17699b7cf883766bd55e2c7a2\", element=\"f.F876330E31CF7AD622CC66649B9E217B.d.3A785C91B93C57DA99C3B2FA9E3248CE.e.55\")>"}],"shouldDisplayMessage":false,"stepsCount":0,"attachmentsCount":0,"hasContent":true,"attachmentStep":false}],"attachments":[],"parameters":[{"name":"locator","value":"('css selector', \"li[class='product-item']:nth-child(5) div[class='product-item-info']\")"},{"name":"timeout","value":"10"}],"shouldDisplayMessage":false,"stepsCount":2,"attachmentsCount":0,"hasContent":true,"attachmentStep":false},{"name":"Move cursor to element","time":{"start":1725500023504,"stop":1725500023765,"duration":261},"status":"passed","steps":[],"attachments":[],"parameters":[{"name":"element","value":"<selenium.webdriver.remote.webelement.WebElement (session=\"c79e6fb17699b7cf883766bd55e2c7a2\", element=\"f.F876330E31CF7AD622CC66649B9E217B.d.3A785C91B93C57DA99C3B2FA9E3248CE.e.55\")>"}],"shouldDisplayMessage":false,"stepsCount":0,"attachmentsCount":0,"hasContent":true,"attachmentStep":false},{"name":"Find a visible element","time":{"start":1725500023765,"stop":1725500034031,"duration":10266},"status":"broken","statusMessage":"selenium.common.exceptions.TimeoutException: Message: \n\n","statusTrace":"  File \"/opt/hostedtoolcache/Python/3.11.9/x64/lib/python3.11/site-packages/allure_commons/_allure.py\", line 192, in impl\n    return func(*a, **kw)\n           ^^^^^^^^^^^^^^\n  File \"/home/runner/work/luma_project/luma_project/pages/base_page.py\", line 30, in element_is_visible\n    return wait(self.driver, timeout).until(EC.visibility_of_element_located(locator))\n           ^^^^^^^^^^^^^^^^^^^^^^^^^^^^^^^^^^^^^^^^^^^^^^^^^^^^^^^^^^^^^^^^^^^^^^^^^^^\n  File \"/opt/hostedtoolcache/Python/3.11.9/x64/lib/python3.11/site-packages/selenium/webdriver/support/wait.py\", line 95, in until\n    raise TimeoutException(message, screen, stacktrace)\n","steps":[{"name":"Find a present element","time":{"start":1725500023765,"stop":1725500023773,"duration":8},"status":"passed","steps":[],"attachments":[],"parameters":[{"name":"locator","value":"('css selector', \"li[class='product-item']:nth-child(5) a[class='action tocompare']\")"},{"name":"timeout","value":"5"}],"shouldDisplayMessage":false,"stepsCount":0,"attachmentsCount":0,"hasContent":true,"attachmentStep":false},{"name":"Go to specified element","time":{"start":1725500023773,"stop":1725500023778,"duration":5},"status":"passed","steps":[],"attachments":[],"parameters":[{"name":"element","value":"<selenium.webdriver.remote.webelement.WebElement (session=\"c79e6fb17699b7cf883766bd55e2c7a2\", element=\"f.F876330E31CF7AD622CC66649B9E217B.d.3A785C91B93C57DA99C3B2FA9E3248CE.e.57\")>"}],"shouldDisplayMessage":false,"stepsCount":0,"attachmentsCount":0,"hasContent":true,"attachmentStep":false}],"attachments":[],"parameters":[{"name":"locator","value":"('css selector', \"li[class='product-item']:nth-child(5) a[class='action tocompare']\")"},{"name":"timeout","value":"10"}],"shouldDisplayMessage":true,"stepsCount":2,"attachmentsCount":0,"hasContent":true,"attachmentStep":false}],"attachments":[],"parameters":[{"name":"item","value":"'add_to_compare'"}],"shouldDisplayMessage":false,"stepsCount":7,"attachmentsCount":0,"hasContent":true,"attachmentStep":false}],"attachments":[{"uid":"7c81f4909c765a15","name":"Screenshot","source":"7c81f4909c765a15.png","type":"image/png","size":99097},{"uid":"2a3f112db8bd33f8","name":"HTML source","source":"2a3f112db8bd33f8.html","type":"text/html","size":130370}],"parameters":[],"shouldDisplayMessage":true,"stepsCount":9,"attachmentsCount":2,"hasContent":true,"attachmentStep":false},"afterStages":[{"name":"driver::0","time":{"start":1725500034170,"stop":1725500034265,"duration":95},"status":"passed","steps":[],"attachments":[],"parameters":[],"shouldDisplayMessage":false,"stepsCount":0,"attachmentsCount":0,"hasContent":false,"attachmentStep":false},{"name":"clear_allure_result_folder::0","time":{"start":1725500788097,"stop":1725500788097,"duration":0},"status":"passed","steps":[],"attachments":[],"parameters":[],"shouldDisplayMessage":false,"stepsCount":0,"attachmentsCount":0,"hasContent":false,"attachmentStep":false}],"labels":[{"name":"feature","value":"Testing Hot Seller Section"},{"name":"epic","value":"Main Page"},{"name":"tag","value":"@pytest.mark.xfail(reason='In CI the test failed in PR#182')"},{"name":"parentSuite","value":"tests"},{"name":"suite","value":"test_main_page"},{"name":"subSuite","value":"TestMainPage"},{"name":"host","value":"fv-az1385-794"},{"name":"thread","value":"2856-MainThread"},{"name":"framework","value":"pytest"},{"name":"language","value":"cpython3"},{"name":"package","value":"tests.test_main_page"},{"name":"resultFormat","value":"allure2"}],"parameters":[{"name":"item","value":"'add_to_compare'"}],"links":[],"hidden":false,"retry":false,"extra":{"severity":"normal","retries":[],"categories":[],"history":{"statistic":{"failed":0,"broken":0,"skipped":4,"passed":1,"unknown":0,"total":5},"items":[{"uid":"9d54555baa2d7f9b","reportUrl":"https://verafes.github.io/luma_project/423//#testresult/9d54555baa2d7f9b","status":"skipped","statusDetails":"XFAIL In CI the test failed in PR#182\n\nselenium.common.exceptions.TimeoutException: Message:","time":{"start":1725413653964,"stop":1725413665349,"duration":11385}},{"uid":"1273ee253e8b3e09","reportUrl":"https://verafes.github.io/luma_project/422//#testresult/1273ee253e8b3e09","status":"skipped","statusDetails":"XFAIL In CI the test failed in PR#182\n\nselenium.common.exceptions.TimeoutException: Message:","time":{"start":1725327183465,"stop":1725327195305,"duration":11840}},{"uid":"e590b26f7b60468e","reportUrl":"https://verafes.github.io/luma_project/421//#testresult/e590b26f7b60468e","status":"passed","statusDetails":"XPASS In CI the test failed in PR#182","time":{"start":1725240925201,"stop":1725240926570,"duration":1369}},{"uid":"f87b14c66058fc8","reportUrl":"https://verafes.github.io/luma_project/420//#testresult/f87b14c66058fc8","status":"skipped","statusDetails":"XFAIL In CI the test failed in PR#182\n\nselenium.common.exceptions.TimeoutException: Message:","time":{"start":1725155548956,"stop":1725155560423,"duration":11467}}]},"tags":["@pytest.mark.xfail(reason='In CI the test failed in PR#182')"]},"source":"ea9beb9dc0839a94.json","parameterValues":["'add_to_compare'"]}