{"uid":"e0e3f9751cdacdb0","name":"TC 02.01.56 - Check text of 'Subscribe to our mailing list' link on each page specified in DATA_1","fullName":"tests.test_footer.TestFooter#test_tc_02_01_56_check_text_of_subscribe_to_our_mailing_list_link_on_pages","historyId":"b34641d7afc4cf97e7c4d9b02030da43","time":{"start":1707700401359,"stop":1707700402087,"duration":728},"description":"Checks if text of 'Subscribe to our mailing list' link is correct on each page in DATA_1","descriptionHtml":"<p>Checks if text of 'Subscribe to our mailing list' link is correct on each page in DATA_1</p>\n","status":"broken","statusMessage":"selenium.common.exceptions.NoSuchElementException: Message: no such element: Unable to locate element: {\"method\":\"css selector\",\"selector\":\".footer div :nth-child(2) a\"}\n  (Session info: chrome=121.0.6167.139); For documentation on this error, please visit: https://www.selenium.dev/documentation/webdriver/troubleshooting/errors#no-such-element-exception\nStacktrace:\n#0 0x55ec1a88ed93 <unknown>\n#1 0x55ec1a572337 <unknown>\n#2 0x55ec1a5bdd60 <unknown>\n#3 0x55ec1a5bde51 <unknown>\n#4 0x55ec1a601bc4 <unknown>\n#5 0x55ec1a5e046d <unknown>\n#6 0x55ec1a5ff12d <unknown>\n#7 0x55ec1a5e01e3 <unknown>\n#8 0x55ec1a5b0135 <unknown>\n#9 0x55ec1a5b113e <unknown>\n#10 0x55ec1a852e4b <unknown>\n#11 0x55ec1a856dfa <unknown>\n#12 0x55ec1a83f6d5 <unknown>\n#13 0x55ec1a857a6f <unknown>\n#14 0x55ec1a82369f <unknown>\n#15 0x55ec1a87c098 <unknown>\n#16 0x55ec1a87c262 <unknown>\n#17 0x55ec1a88df34 <unknown>\n#18 0x7f37e1294ac3 <unknown>","statusTrace":"self = <test_footer.TestFooter object at 0x7f62d32d4550>\ndriver = <selenium.webdriver.chrome.webdriver.WebDriver (session=\"7c43550f6f290d892bf3910f6449fe19\")>\nURL = 'https://magento.softwaretestingboard.com/'\n\n    @allure.title(\"TC 02.01.56 - Check text of 'Subscribe to our mailing list' link on each page specified in DATA_1\")\n    @pytest.mark.parametrize('URL', DATA_1)\n    def test_tc_02_01_56_check_text_of_subscribe_to_our_mailing_list_link_on_pages(self, driver, URL):\n        \"\"\"Checks if text of 'Subscribe to our mailing list' link is correct on each page in DATA_1\"\"\"\n        page = FooterPage(driver, url=URL)\n        page.open()\n>       actual_text = page.check_text_of_subscribe_to_our_mailing_list_link()\n\ntests/test_footer.py:495: \n_ _ _ _ _ _ _ _ _ _ _ _ _ _ _ _ _ _ _ _ _ _ _ _ _ _ _ _ _ _ _ _ _ _ _ _ _ _ _ _ \npages/footer_page.py:254: in check_text_of_subscribe_to_our_mailing_list_link\n    link_text = self.driver.find_element(*self.footer_locators.SUBSCRIBE_TO_OUR_MAILING_LIST_LINK).text\n/opt/hostedtoolcache/Python/3.11.7/x64/lib/python3.11/site-packages/selenium/webdriver/remote/webdriver.py:738: in find_element\n    return self.execute(Command.FIND_ELEMENT, {\"using\": by, \"value\": value})[\"value\"]\n/opt/hostedtoolcache/Python/3.11.7/x64/lib/python3.11/site-packages/selenium/webdriver/remote/webdriver.py:344: in execute\n    self.error_handler.check_response(response)\n_ _ _ _ _ _ _ _ _ _ _ _ _ _ _ _ _ _ _ _ _ _ _ _ _ _ _ _ _ _ _ _ _ _ _ _ _ _ _ _ \n\nself = <selenium.webdriver.remote.errorhandler.ErrorHandler object at 0x7f62d41f5490>\nresponse = {'status': 404, 'value': '{\"value\":{\"error\":\"no such element\",\"message\":\"no such element: Unable to locate element: {\\...\\\\n#16 0x55ec1a87c262 \\\\u003Cunknown>\\\\n#17 0x55ec1a88df34 \\\\u003Cunknown>\\\\n#18 0x7f37e1294ac3 \\\\u003Cunknown>\\\\n\"}}'}\n\n    def check_response(self, response: Dict[str, Any]) -> None:\n        \"\"\"Checks that a JSON response from the WebDriver does not have an\n        error.\n    \n        :Args:\n         - response - The JSON response from the WebDriver server as a dictionary\n           object.\n    \n        :Raises: If the response contains an error message.\n        \"\"\"\n        status = response.get(\"status\", None)\n        if not status or status == ErrorCode.SUCCESS:\n            return\n        value = None\n        message = response.get(\"message\", \"\")\n        screen: str = response.get(\"screen\", \"\")\n        stacktrace = None\n        if isinstance(status, int):\n            value_json = response.get(\"value\", None)\n            if value_json and isinstance(value_json, str):\n                import json\n    \n                try:\n                    value = json.loads(value_json)\n                    if len(value) == 1:\n                        value = value[\"value\"]\n                    status = value.get(\"error\", None)\n                    if not status:\n                        status = value.get(\"status\", ErrorCode.UNKNOWN_ERROR)\n                        message = value.get(\"value\") or value.get(\"message\")\n                        if not isinstance(message, str):\n                            value = message\n                            message = message.get(\"message\")\n                    else:\n                        message = value.get(\"message\", None)\n                except ValueError:\n                    pass\n    \n        exception_class: Type[WebDriverException]\n        e = ErrorCode()\n        error_codes = [item for item in dir(e) if not item.startswith(\"__\")]\n        for error_code in error_codes:\n            error_info = getattr(ErrorCode, error_code)\n            if isinstance(error_info, list) and status in error_info:\n                exception_class = getattr(ExceptionMapping, error_code, WebDriverException)\n                break\n        else:\n            exception_class = WebDriverException\n    \n        if not value:\n            value = response[\"value\"]\n        if isinstance(value, str):\n            raise exception_class(value)\n        if message == \"\" and \"message\" in value:\n            message = value[\"message\"]\n    \n        screen = None  # type: ignore[assignment]\n        if \"screen\" in value:\n            screen = value[\"screen\"]\n    \n        stacktrace = None\n        st_value = value.get(\"stackTrace\") or value.get(\"stacktrace\")\n        if st_value:\n            if isinstance(st_value, str):\n                stacktrace = st_value.split(\"\\n\")\n            else:\n                stacktrace = []\n                try:\n                    for frame in st_value:\n                        line = frame.get(\"lineNumber\", \"\")\n                        file = frame.get(\"fileName\", \"<anonymous>\")\n                        if line:\n                            file = f\"{file}:{line}\"\n                        meth = frame.get(\"methodName\", \"<anonymous>\")\n                        if \"className\" in frame:\n                            meth = f\"{frame['className']}.{meth}\"\n                        msg = \"    at %s (%s)\"\n                        msg = msg % (meth, file)\n                        stacktrace.append(msg)\n                except TypeError:\n                    pass\n        if exception_class == UnexpectedAlertPresentException:\n            alert_text = None\n            if \"data\" in value:\n                alert_text = value[\"data\"].get(\"text\")\n            elif \"alert\" in value:\n                alert_text = value[\"alert\"].get(\"text\")\n            raise exception_class(message, screen, stacktrace, alert_text)  # type: ignore[call-arg]  # mypy is not smart enough here\n>       raise exception_class(message, screen, stacktrace)\nE       selenium.common.exceptions.NoSuchElementException: Message: no such element: Unable to locate element: {\"method\":\"css selector\",\"selector\":\".footer div :nth-child(2) a\"}\nE         (Session info: chrome=121.0.6167.139); For documentation on this error, please visit: https://www.selenium.dev/documentation/webdriver/troubleshooting/errors#no-such-element-exception\nE       Stacktrace:\nE       #0 0x55ec1a88ed93 <unknown>\nE       #1 0x55ec1a572337 <unknown>\nE       #2 0x55ec1a5bdd60 <unknown>\nE       #3 0x55ec1a5bde51 <unknown>\nE       #4 0x55ec1a601bc4 <unknown>\nE       #5 0x55ec1a5e046d <unknown>\nE       #6 0x55ec1a5ff12d <unknown>\nE       #7 0x55ec1a5e01e3 <unknown>\nE       #8 0x55ec1a5b0135 <unknown>\nE       #9 0x55ec1a5b113e <unknown>\nE       #10 0x55ec1a852e4b <unknown>\nE       #11 0x55ec1a856dfa <unknown>\nE       #12 0x55ec1a83f6d5 <unknown>\nE       #13 0x55ec1a857a6f <unknown>\nE       #14 0x55ec1a82369f <unknown>\nE       #15 0x55ec1a87c098 <unknown>\nE       #16 0x55ec1a87c262 <unknown>\nE       #17 0x55ec1a88df34 <unknown>\nE       #18 0x7f37e1294ac3 <unknown>\n\n/opt/hostedtoolcache/Python/3.11.7/x64/lib/python3.11/site-packages/selenium/webdriver/remote/errorhandler.py:229: NoSuchElementException","flaky":false,"newFailed":false,"newBroken":false,"newPassed":false,"retriesCount":0,"retriesStatusChange":false,"beforeStages":[{"name":"_session_faker","time":{"start":1707700125695,"stop":1707700125759,"duration":64},"status":"passed","steps":[],"attachments":[],"parameters":[],"shouldDisplayMessage":false,"stepsCount":0,"attachmentsCount":0,"hasContent":false,"attachmentStep":false},{"name":"clear_allure_result_folder","time":{"start":1707700125759,"stop":1707700125759,"duration":0},"status":"passed","steps":[],"attachments":[],"parameters":[],"shouldDisplayMessage":false,"stepsCount":0,"attachmentsCount":0,"hasContent":false,"attachmentStep":false},{"name":"driver","time":{"start":1707700400402,"stop":1707700401359,"duration":957},"status":"passed","steps":[],"attachments":[],"parameters":[],"shouldDisplayMessage":false,"stepsCount":0,"attachmentsCount":0,"hasContent":false,"attachmentStep":false}],"testStage":{"description":"Checks if text of 'Subscribe to our mailing list' link is correct on each page in DATA_1","status":"broken","statusMessage":"selenium.common.exceptions.NoSuchElementException: Message: no such element: Unable to locate element: {\"method\":\"css selector\",\"selector\":\".footer div :nth-child(2) a\"}\n  (Session info: chrome=121.0.6167.139); For documentation on this error, please visit: https://www.selenium.dev/documentation/webdriver/troubleshooting/errors#no-such-element-exception\nStacktrace:\n#0 0x55ec1a88ed93 <unknown>\n#1 0x55ec1a572337 <unknown>\n#2 0x55ec1a5bdd60 <unknown>\n#3 0x55ec1a5bde51 <unknown>\n#4 0x55ec1a601bc4 <unknown>\n#5 0x55ec1a5e046d <unknown>\n#6 0x55ec1a5ff12d <unknown>\n#7 0x55ec1a5e01e3 <unknown>\n#8 0x55ec1a5b0135 <unknown>\n#9 0x55ec1a5b113e <unknown>\n#10 0x55ec1a852e4b <unknown>\n#11 0x55ec1a856dfa <unknown>\n#12 0x55ec1a83f6d5 <unknown>\n#13 0x55ec1a857a6f <unknown>\n#14 0x55ec1a82369f <unknown>\n#15 0x55ec1a87c098 <unknown>\n#16 0x55ec1a87c262 <unknown>\n#17 0x55ec1a88df34 <unknown>\n#18 0x7f37e1294ac3 <unknown>","statusTrace":"self = <test_footer.TestFooter object at 0x7f62d32d4550>\ndriver = <selenium.webdriver.chrome.webdriver.WebDriver (session=\"7c43550f6f290d892bf3910f6449fe19\")>\nURL = 'https://magento.softwaretestingboard.com/'\n\n    @allure.title(\"TC 02.01.56 - Check text of 'Subscribe to our mailing list' link on each page specified in DATA_1\")\n    @pytest.mark.parametrize('URL', DATA_1)\n    def test_tc_02_01_56_check_text_of_subscribe_to_our_mailing_list_link_on_pages(self, driver, URL):\n        \"\"\"Checks if text of 'Subscribe to our mailing list' link is correct on each page in DATA_1\"\"\"\n        page = FooterPage(driver, url=URL)\n        page.open()\n>       actual_text = page.check_text_of_subscribe_to_our_mailing_list_link()\n\ntests/test_footer.py:495: \n_ _ _ _ _ _ _ _ _ _ _ _ _ _ _ _ _ _ _ _ _ _ _ _ _ _ _ _ _ _ _ _ _ _ _ _ _ _ _ _ \npages/footer_page.py:254: in check_text_of_subscribe_to_our_mailing_list_link\n    link_text = self.driver.find_element(*self.footer_locators.SUBSCRIBE_TO_OUR_MAILING_LIST_LINK).text\n/opt/hostedtoolcache/Python/3.11.7/x64/lib/python3.11/site-packages/selenium/webdriver/remote/webdriver.py:738: in find_element\n    return self.execute(Command.FIND_ELEMENT, {\"using\": by, \"value\": value})[\"value\"]\n/opt/hostedtoolcache/Python/3.11.7/x64/lib/python3.11/site-packages/selenium/webdriver/remote/webdriver.py:344: in execute\n    self.error_handler.check_response(response)\n_ _ _ _ _ _ _ _ _ _ _ _ _ _ _ _ _ _ _ _ _ _ _ _ _ _ _ _ _ _ _ _ _ _ _ _ _ _ _ _ \n\nself = <selenium.webdriver.remote.errorhandler.ErrorHandler object at 0x7f62d41f5490>\nresponse = {'status': 404, 'value': '{\"value\":{\"error\":\"no such element\",\"message\":\"no such element: Unable to locate element: {\\...\\\\n#16 0x55ec1a87c262 \\\\u003Cunknown>\\\\n#17 0x55ec1a88df34 \\\\u003Cunknown>\\\\n#18 0x7f37e1294ac3 \\\\u003Cunknown>\\\\n\"}}'}\n\n    def check_response(self, response: Dict[str, Any]) -> None:\n        \"\"\"Checks that a JSON response from the WebDriver does not have an\n        error.\n    \n        :Args:\n         - response - The JSON response from the WebDriver server as a dictionary\n           object.\n    \n        :Raises: If the response contains an error message.\n        \"\"\"\n        status = response.get(\"status\", None)\n        if not status or status == ErrorCode.SUCCESS:\n            return\n        value = None\n        message = response.get(\"message\", \"\")\n        screen: str = response.get(\"screen\", \"\")\n        stacktrace = None\n        if isinstance(status, int):\n            value_json = response.get(\"value\", None)\n            if value_json and isinstance(value_json, str):\n                import json\n    \n                try:\n                    value = json.loads(value_json)\n                    if len(value) == 1:\n                        value = value[\"value\"]\n                    status = value.get(\"error\", None)\n                    if not status:\n                        status = value.get(\"status\", ErrorCode.UNKNOWN_ERROR)\n                        message = value.get(\"value\") or value.get(\"message\")\n                        if not isinstance(message, str):\n                            value = message\n                            message = message.get(\"message\")\n                    else:\n                        message = value.get(\"message\", None)\n                except ValueError:\n                    pass\n    \n        exception_class: Type[WebDriverException]\n        e = ErrorCode()\n        error_codes = [item for item in dir(e) if not item.startswith(\"__\")]\n        for error_code in error_codes:\n            error_info = getattr(ErrorCode, error_code)\n            if isinstance(error_info, list) and status in error_info:\n                exception_class = getattr(ExceptionMapping, error_code, WebDriverException)\n                break\n        else:\n            exception_class = WebDriverException\n    \n        if not value:\n            value = response[\"value\"]\n        if isinstance(value, str):\n            raise exception_class(value)\n        if message == \"\" and \"message\" in value:\n            message = value[\"message\"]\n    \n        screen = None  # type: ignore[assignment]\n        if \"screen\" in value:\n            screen = value[\"screen\"]\n    \n        stacktrace = None\n        st_value = value.get(\"stackTrace\") or value.get(\"stacktrace\")\n        if st_value:\n            if isinstance(st_value, str):\n                stacktrace = st_value.split(\"\\n\")\n            else:\n                stacktrace = []\n                try:\n                    for frame in st_value:\n                        line = frame.get(\"lineNumber\", \"\")\n                        file = frame.get(\"fileName\", \"<anonymous>\")\n                        if line:\n                            file = f\"{file}:{line}\"\n                        meth = frame.get(\"methodName\", \"<anonymous>\")\n                        if \"className\" in frame:\n                            meth = f\"{frame['className']}.{meth}\"\n                        msg = \"    at %s (%s)\"\n                        msg = msg % (meth, file)\n                        stacktrace.append(msg)\n                except TypeError:\n                    pass\n        if exception_class == UnexpectedAlertPresentException:\n            alert_text = None\n            if \"data\" in value:\n                alert_text = value[\"data\"].get(\"text\")\n            elif \"alert\" in value:\n                alert_text = value[\"alert\"].get(\"text\")\n            raise exception_class(message, screen, stacktrace, alert_text)  # type: ignore[call-arg]  # mypy is not smart enough here\n>       raise exception_class(message, screen, stacktrace)\nE       selenium.common.exceptions.NoSuchElementException: Message: no such element: Unable to locate element: {\"method\":\"css selector\",\"selector\":\".footer div :nth-child(2) a\"}\nE         (Session info: chrome=121.0.6167.139); For documentation on this error, please visit: https://www.selenium.dev/documentation/webdriver/troubleshooting/errors#no-such-element-exception\nE       Stacktrace:\nE       #0 0x55ec1a88ed93 <unknown>\nE       #1 0x55ec1a572337 <unknown>\nE       #2 0x55ec1a5bdd60 <unknown>\nE       #3 0x55ec1a5bde51 <unknown>\nE       #4 0x55ec1a601bc4 <unknown>\nE       #5 0x55ec1a5e046d <unknown>\nE       #6 0x55ec1a5ff12d <unknown>\nE       #7 0x55ec1a5e01e3 <unknown>\nE       #8 0x55ec1a5b0135 <unknown>\nE       #9 0x55ec1a5b113e <unknown>\nE       #10 0x55ec1a852e4b <unknown>\nE       #11 0x55ec1a856dfa <unknown>\nE       #12 0x55ec1a83f6d5 <unknown>\nE       #13 0x55ec1a857a6f <unknown>\nE       #14 0x55ec1a82369f <unknown>\nE       #15 0x55ec1a87c098 <unknown>\nE       #16 0x55ec1a87c262 <unknown>\nE       #17 0x55ec1a88df34 <unknown>\nE       #18 0x7f37e1294ac3 <unknown>\n\n/opt/hostedtoolcache/Python/3.11.7/x64/lib/python3.11/site-packages/selenium/webdriver/remote/errorhandler.py:229: NoSuchElementException","steps":[{"name":"Open a browser","time":{"start":1707700401360,"stop":1707700402064,"duration":704},"status":"passed","steps":[],"attachments":[],"parameters":[],"shouldDisplayMessage":false,"stepsCount":0,"attachmentsCount":0,"hasContent":false,"attachmentStep":false},{"name":"Check the text of 'Subscribe to our mailing list' link","time":{"start":1707700402064,"stop":1707700402086,"duration":22},"status":"broken","statusMessage":"selenium.common.exceptions.NoSuchElementException: Message: no such element: Unable to locate element: {\"method\":\"css selector\",\"selector\":\".footer div :nth-child(2) a\"}\n  (Session info: chrome=121.0.6167.139); For documentation on this error, please visit: https://www.selenium.dev/documentation/webdriver/troubleshooting/errors#no-such-element-exception\nStacktrace:\n#0 0x55ec1a88ed93 <unknown>\n#1 0x55ec1a572337 <unknown>\n#2 0x55ec1a5bdd60 <unknown>\n#3 0x55ec1a5bde51 <unknown>\n#4 0x55ec1a601bc4 <unknown>\n#5 0x55ec1a5e046d <unknown>\n#6 0x55ec1a5ff12d <unknown>\n#7 0x55ec1a5e01e3 <unknown>\n#8 0x55ec1a5b0135 <unknown>\n#9 0x55ec1a5b113e <unknown>\n#10 0x55ec1a852e4b <unknown>\n#11 0x55ec1a856dfa <unknown>\n#12 0x55ec1a83f6d5 <unknown>\n#13 0x55ec1a857a6f <unknown>\n#14 0x55ec1a82369f <unknown>\n#15 0x55ec1a87c098 <unknown>\n#16 0x55ec1a87c262 <unknown>\n#17 0x55ec1a88df34 <unknown>\n#18 0x7f37e1294ac3 <unknown>\n\n","statusTrace":"  File \"/opt/hostedtoolcache/Python/3.11.7/x64/lib/python3.11/site-packages/allure_commons/_allure.py\", line 192, in impl\n    return func(*a, **kw)\n           ^^^^^^^^^^^^^^\n  File \"/home/runner/work/luma_project/luma_project/pages/footer_page.py\", line 254, in check_text_of_subscribe_to_our_mailing_list_link\n    link_text = self.driver.find_element(*self.footer_locators.SUBSCRIBE_TO_OUR_MAILING_LIST_LINK).text\n                ^^^^^^^^^^^^^^^^^^^^^^^^^^^^^^^^^^^^^^^^^^^^^^^^^^^^^^^^^^^^^^^^^^^^^^^^^^^^^^^^^^\n  File \"/opt/hostedtoolcache/Python/3.11.7/x64/lib/python3.11/site-packages/selenium/webdriver/remote/webdriver.py\", line 738, in find_element\n    return self.execute(Command.FIND_ELEMENT, {\"using\": by, \"value\": value})[\"value\"]\n           ^^^^^^^^^^^^^^^^^^^^^^^^^^^^^^^^^^^^^^^^^^^^^^^^^^^^^^^^^^^^^^^^^\n  File \"/opt/hostedtoolcache/Python/3.11.7/x64/lib/python3.11/site-packages/selenium/webdriver/remote/webdriver.py\", line 344, in execute\n    self.error_handler.check_response(response)\n  File \"/opt/hostedtoolcache/Python/3.11.7/x64/lib/python3.11/site-packages/selenium/webdriver/remote/errorhandler.py\", line 229, in check_response\n    raise exception_class(message, screen, stacktrace)\n","steps":[],"attachments":[],"parameters":[],"shouldDisplayMessage":true,"stepsCount":0,"attachmentsCount":0,"hasContent":true,"attachmentStep":false}],"attachments":[{"uid":"2a6a2cfdee5063a5","name":"Screenshot","source":"2a6a2cfdee5063a5.png","type":"image/png","size":653877},{"uid":"79c8a7d279f2d62b","name":"HTML source","source":"79c8a7d279f2d62b.html","type":"text/html","size":94113}],"parameters":[],"shouldDisplayMessage":true,"stepsCount":2,"attachmentsCount":2,"hasContent":true,"attachmentStep":false},"afterStages":[{"name":"driver::0","time":{"start":1707700402425,"stop":1707700402495,"duration":70},"status":"passed","steps":[],"attachments":[],"parameters":[],"shouldDisplayMessage":false,"stepsCount":0,"attachmentsCount":0,"hasContent":false,"attachmentStep":false},{"name":"clear_allure_result_folder::0","time":{"start":1707701363668,"stop":1707701363668,"duration":0},"status":"passed","steps":[],"attachments":[],"parameters":[],"shouldDisplayMessage":false,"stepsCount":0,"attachmentsCount":0,"hasContent":false,"attachmentStep":false}],"labels":[{"name":"epic","value":"Test Footer"},{"name":"parentSuite","value":"tests"},{"name":"suite","value":"test_footer"},{"name":"subSuite","value":"TestFooter"},{"name":"host","value":"fv-az1393-953"},{"name":"thread","value":"2978-MainThread"},{"name":"framework","value":"pytest"},{"name":"language","value":"cpython3"},{"name":"package","value":"tests.test_footer"},{"name":"resultFormat","value":"allure2"}],"parameters":[{"name":"URL","value":"'https://magento.softwaretestingboard.com/'"}],"links":[],"hidden":false,"retry":false,"extra":{"severity":"normal","retries":[],"categories":[{"name":"Test defects","matchedStatuses":[],"flaky":false}],"history":{"statistic":{"failed":0,"broken":2,"skipped":0,"passed":0,"unknown":0,"total":2},"items":[{"uid":"f0f6f0207f2729dd","reportUrl":"https://verafes.github.io/luma_project/217//#testresult/f0f6f0207f2729dd","status":"broken","statusDetails":"selenium.common.exceptions.NoSuchElementException: Message: no such element: Unable to locate element: {\"method\":\"css selector\",\"selector\":\".footer div :nth-child(2) a\"}\n  (Session info: chrome=121.0.6167.139); For documentation on this error, please visit: https://www.selenium.dev/documentation/webdriver/troubleshooting/errors#no-such-element-exception\nStacktrace:\n#0 0x564037238d93 <unknown>\n#1 0x564036f1c337 <unknown>\n#2 0x564036f67d60 <unknown>\n#3 0x564036f67e51 <unknown>\n#4 0x564036fabbc4 <unknown>\n#5 0x564036f8a46d <unknown>\n#6 0x564036fa912d <unknown>\n#7 0x564036f8a1e3 <unknown>\n#8 0x564036f5a135 <unknown>\n#9 0x564036f5b13e <unknown>\n#10 0x5640371fce4b <unknown>\n#11 0x564037200dfa <unknown>\n#12 0x5640371e96d5 <unknown>\n#13 0x564037201a6f <unknown>\n#14 0x5640371cd69f <unknown>\n#15 0x564037226098 <unknown>\n#16 0x564037226262 <unknown>\n#17 0x564037237f34 <unknown>\n#18 0x7f99d1494ac3 <unknown>","time":{"start":1707614288280,"stop":1707614289091,"duration":811}}]},"tags":[]},"source":"e0e3f9751cdacdb0.json","parameterValues":["'https://magento.softwaretestingboard.com/'"]}