{"uid":"9cb45085937d9619","name":"TC 01.01.06 absence of the \"Create an account\" link display","fullName":"tests.test_header.TestHeader#test_tc_01_01_06_the_absence_of_the_create_an_account_link_display","historyId":"27db40328474e2728ceec869438fa091","time":{"start":1717550525131,"stop":1717550532971,"duration":7840},"description":"Check the 'Create an account' link is not displayed if the user is authorized","descriptionHtml":"<p>Check the 'Create an account' link is not displayed if the user is authorized</p>\n","status":"broken","statusMessage":"selenium.common.exceptions.TimeoutException: Message:","statusTrace":"self = <test_header.TestHeader object at 0x7f11cabacb10>\ndriver = <selenium.webdriver.chrome.webdriver.WebDriver (session=\"970b023c6c715316340c5c9317d06c04\")>\n\n    @allure.title('TC 01.01.06 absence of the \"Create an account\" link display')\n    def test_tc_01_01_06_the_absence_of_the_create_an_account_link_display(self, driver):\n        \"\"\"Check the 'Create an account' link is not displayed if the user is authorized\"\"\"\n        page = HeaderPage(driver, MAIN_PAGE_URL)\n        page.open()\n>       page.user_authorization()\n\ntests/test_header.py:301: \n_ _ _ _ _ _ _ _ _ _ _ _ _ _ _ _ _ _ _ _ _ _ _ _ _ _ _ _ _ _ _ _ _ _ _ _ _ _ _ _ \npages/header_page.py:249: in user_authorization\n    return self.element_is_not_visible(self.header_locators.SIGN_IN)\npages/base_page.py:70: in element_is_not_visible\n    return wait(self.driver, timeout).until(EC.invisibility_of_element_located(locator))\n_ _ _ _ _ _ _ _ _ _ _ _ _ _ _ _ _ _ _ _ _ _ _ _ _ _ _ _ _ _ _ _ _ _ _ _ _ _ _ _ \n\nself = <selenium.webdriver.support.wait.WebDriverWait (session=\"970b023c6c715316340c5c9317d06c04\")>\nmethod = <function invisibility_of_element_located.<locals>._predicate at 0x7f11c9ba8b80>\nmessage = ''\n\n    def until(self, method, message: str = \"\"):\n        \"\"\"Calls the method provided with the driver as an argument until the \\\n        return value does not evaluate to ``False``.\n    \n        :param method: callable(WebDriver)\n        :param message: optional message for :exc:`TimeoutException`\n        :returns: the result of the last call to `method`\n        :raises: :exc:`selenium.common.exceptions.TimeoutException` if timeout occurs\n        \"\"\"\n        screen = None\n        stacktrace = None\n    \n        end_time = time.monotonic() + self._timeout\n        while True:\n            try:\n                value = method(self._driver)\n                if value:\n                    return value\n            except self._ignored_exceptions as exc:\n                screen = getattr(exc, \"screen\", None)\n                stacktrace = getattr(exc, \"stacktrace\", None)\n            time.sleep(self._poll)\n            if time.monotonic() > end_time:\n                break\n>       raise TimeoutException(message, screen, stacktrace)\nE       selenium.common.exceptions.TimeoutException: Message:\n\n/opt/hostedtoolcache/Python/3.11.9/x64/lib/python3.11/site-packages/selenium/webdriver/support/wait.py:95: TimeoutException","flaky":false,"newFailed":false,"newBroken":false,"newPassed":false,"retriesCount":0,"retriesStatusChange":false,"beforeStages":[{"name":"_session_faker","time":{"start":1717550179961,"stop":1717550180023,"duration":62},"status":"passed","steps":[],"attachments":[],"parameters":[],"shouldDisplayMessage":false,"stepsCount":0,"attachmentsCount":0,"hasContent":false,"attachmentStep":false},{"name":"clear_allure_result_folder","time":{"start":1717550180023,"stop":1717550180023,"duration":0},"status":"passed","steps":[],"attachments":[],"parameters":[],"shouldDisplayMessage":false,"stepsCount":0,"attachmentsCount":0,"hasContent":false,"attachmentStep":false},{"name":"driver","time":{"start":1717550523852,"stop":1717550525131,"duration":1279},"status":"passed","steps":[],"attachments":[],"parameters":[],"shouldDisplayMessage":false,"stepsCount":0,"attachmentsCount":0,"hasContent":false,"attachmentStep":false}],"testStage":{"description":"Check the 'Create an account' link is not displayed if the user is authorized","status":"broken","statusMessage":"selenium.common.exceptions.TimeoutException: Message:","statusTrace":"self = <test_header.TestHeader object at 0x7f11cabacb10>\ndriver = <selenium.webdriver.chrome.webdriver.WebDriver (session=\"970b023c6c715316340c5c9317d06c04\")>\n\n    @allure.title('TC 01.01.06 absence of the \"Create an account\" link display')\n    def test_tc_01_01_06_the_absence_of_the_create_an_account_link_display(self, driver):\n        \"\"\"Check the 'Create an account' link is not displayed if the user is authorized\"\"\"\n        page = HeaderPage(driver, MAIN_PAGE_URL)\n        page.open()\n>       page.user_authorization()\n\ntests/test_header.py:301: \n_ _ _ _ _ _ _ _ _ _ _ _ _ _ _ _ _ _ _ _ _ _ _ _ _ _ _ _ _ _ _ _ _ _ _ _ _ _ _ _ \npages/header_page.py:249: in user_authorization\n    return self.element_is_not_visible(self.header_locators.SIGN_IN)\npages/base_page.py:70: in element_is_not_visible\n    return wait(self.driver, timeout).until(EC.invisibility_of_element_located(locator))\n_ _ _ _ _ _ _ _ _ _ _ _ _ _ _ _ _ _ _ _ _ _ _ _ _ _ _ _ _ _ _ _ _ _ _ _ _ _ _ _ \n\nself = <selenium.webdriver.support.wait.WebDriverWait (session=\"970b023c6c715316340c5c9317d06c04\")>\nmethod = <function invisibility_of_element_located.<locals>._predicate at 0x7f11c9ba8b80>\nmessage = ''\n\n    def until(self, method, message: str = \"\"):\n        \"\"\"Calls the method provided with the driver as an argument until the \\\n        return value does not evaluate to ``False``.\n    \n        :param method: callable(WebDriver)\n        :param message: optional message for :exc:`TimeoutException`\n        :returns: the result of the last call to `method`\n        :raises: :exc:`selenium.common.exceptions.TimeoutException` if timeout occurs\n        \"\"\"\n        screen = None\n        stacktrace = None\n    \n        end_time = time.monotonic() + self._timeout\n        while True:\n            try:\n                value = method(self._driver)\n                if value:\n                    return value\n            except self._ignored_exceptions as exc:\n                screen = getattr(exc, \"screen\", None)\n                stacktrace = getattr(exc, \"stacktrace\", None)\n            time.sleep(self._poll)\n            if time.monotonic() > end_time:\n                break\n>       raise TimeoutException(message, screen, stacktrace)\nE       selenium.common.exceptions.TimeoutException: Message:\n\n/opt/hostedtoolcache/Python/3.11.9/x64/lib/python3.11/site-packages/selenium/webdriver/support/wait.py:95: TimeoutException","steps":[{"name":"Open a browser","time":{"start":1717550525131,"stop":1717550526055,"duration":924},"status":"passed","steps":[],"attachments":[],"parameters":[],"shouldDisplayMessage":false,"stepsCount":0,"attachmentsCount":0,"hasContent":false,"attachmentStep":false},{"name":"User authorization","time":{"start":1717550526056,"stop":1717550532970,"duration":6914},"status":"broken","statusMessage":"selenium.common.exceptions.TimeoutException: Message: \n\n","statusTrace":"  File \"/opt/hostedtoolcache/Python/3.11.9/x64/lib/python3.11/site-packages/allure_commons/_allure.py\", line 192, in impl\n    return func(*a, **kw)\n           ^^^^^^^^^^^^^^\n  File \"/home/runner/work/luma_project/luma_project/pages/header_page.py\", line 249, in user_authorization\n    return self.element_is_not_visible(self.header_locators.SIGN_IN)\n           ^^^^^^^^^^^^^^^^^^^^^^^^^^^^^^^^^^^^^^^^^^^^^^^^^^^^^^^^^\n  File \"/opt/hostedtoolcache/Python/3.11.9/x64/lib/python3.11/site-packages/allure_commons/_allure.py\", line 192, in impl\n    return func(*a, **kw)\n           ^^^^^^^^^^^^^^\n  File \"/home/runner/work/luma_project/luma_project/pages/base_page.py\", line 70, in element_is_not_visible\n    return wait(self.driver, timeout).until(EC.invisibility_of_element_located(locator))\n           ^^^^^^^^^^^^^^^^^^^^^^^^^^^^^^^^^^^^^^^^^^^^^^^^^^^^^^^^^^^^^^^^^^^^^^^^^^^^^\n  File \"/opt/hostedtoolcache/Python/3.11.9/x64/lib/python3.11/site-packages/selenium/webdriver/support/wait.py\", line 95, in until\n    raise TimeoutException(message, screen, stacktrace)\n","steps":[{"name":"Find a visible element","time":{"start":1717550526056,"stop":1717550526093,"duration":37},"status":"passed","steps":[{"name":"Find a present element","time":{"start":1717550526056,"stop":1717550526071,"duration":15},"status":"passed","steps":[],"attachments":[],"parameters":[{"name":"locator","value":"('xpath', \"(//a[contains(text(),'Sign In')])[1]\")"},{"name":"timeout","value":"5"}],"shouldDisplayMessage":false,"stepsCount":0,"attachmentsCount":0,"hasContent":true,"attachmentStep":false},{"name":"Go to specified element","time":{"start":1717550526072,"stop":1717550526078,"duration":6},"status":"passed","steps":[],"attachments":[],"parameters":[{"name":"element","value":"<selenium.webdriver.remote.webelement.WebElement (session=\"970b023c6c715316340c5c9317d06c04\", element=\"f.5FA971E024701F110321D61CC2011581.d.8BA89164DAE9B68E63970BABC1D268E4.e.23\")>"}],"shouldDisplayMessage":false,"stepsCount":0,"attachmentsCount":0,"hasContent":true,"attachmentStep":false}],"attachments":[],"parameters":[{"name":"locator","value":"('xpath', \"(//a[contains(text(),'Sign In')])[1]\")"},{"name":"timeout","value":"10"}],"shouldDisplayMessage":false,"stepsCount":2,"attachmentsCount":0,"hasContent":true,"attachmentStep":false},{"name":"Find a visible element","time":{"start":1717550526719,"stop":1717550526766,"duration":47},"status":"passed","steps":[{"name":"Find a present element","time":{"start":1717550526719,"stop":1717550526733,"duration":14},"status":"passed","steps":[],"attachments":[],"parameters":[{"name":"locator","value":"('css selector', '#email')"},{"name":"timeout","value":"5"}],"shouldDisplayMessage":false,"stepsCount":0,"attachmentsCount":0,"hasContent":true,"attachmentStep":false},{"name":"Go to specified element","time":{"start":1717550526733,"stop":1717550526750,"duration":17},"status":"passed","steps":[],"attachments":[],"parameters":[{"name":"element","value":"<selenium.webdriver.remote.webelement.WebElement (session=\"970b023c6c715316340c5c9317d06c04\", element=\"f.5FA971E024701F110321D61CC2011581.d.C79A2F5695697845FDC0E46C74FA5AFA.e.58\")>"}],"shouldDisplayMessage":false,"stepsCount":0,"attachmentsCount":0,"hasContent":true,"attachmentStep":false}],"attachments":[],"parameters":[{"name":"locator","value":"('css selector', '#email')"},{"name":"timeout","value":"10"}],"shouldDisplayMessage":false,"stepsCount":2,"attachmentsCount":0,"hasContent":true,"attachmentStep":false},{"name":"Find a visible element","time":{"start":1717550526811,"stop":1717550526836,"duration":25},"status":"passed","steps":[{"name":"Find a present element","time":{"start":1717550526811,"stop":1717550526822,"duration":11},"status":"passed","steps":[],"attachments":[],"parameters":[{"name":"locator","value":"('css selector', '#pass')"},{"name":"timeout","value":"5"}],"shouldDisplayMessage":false,"stepsCount":0,"attachmentsCount":0,"hasContent":true,"attachmentStep":false},{"name":"Go to specified element","time":{"start":1717550526822,"stop":1717550526826,"duration":4},"status":"passed","steps":[],"attachments":[],"parameters":[{"name":"element","value":"<selenium.webdriver.remote.webelement.WebElement (session=\"970b023c6c715316340c5c9317d06c04\", element=\"f.5FA971E024701F110321D61CC2011581.d.C79A2F5695697845FDC0E46C74FA5AFA.e.59\")>"}],"shouldDisplayMessage":false,"stepsCount":0,"attachmentsCount":0,"hasContent":true,"attachmentStep":false}],"attachments":[],"parameters":[{"name":"locator","value":"('css selector', '#pass')"},{"name":"timeout","value":"10"}],"shouldDisplayMessage":false,"stepsCount":2,"attachmentsCount":0,"hasContent":true,"attachmentStep":false},{"name":"Find a visible element","time":{"start":1717550526872,"stop":1717550526896,"duration":24},"status":"passed","steps":[{"name":"Find a present element","time":{"start":1717550526872,"stop":1717550526882,"duration":10},"status":"passed","steps":[],"attachments":[],"parameters":[{"name":"locator","value":"('xpath', '//button[@id=\"send2\"]')"},{"name":"timeout","value":"5"}],"shouldDisplayMessage":false,"stepsCount":0,"attachmentsCount":0,"hasContent":true,"attachmentStep":false},{"name":"Go to specified element","time":{"start":1717550526882,"stop":1717550526885,"duration":3},"status":"passed","steps":[],"attachments":[],"parameters":[{"name":"element","value":"<selenium.webdriver.remote.webelement.WebElement (session=\"970b023c6c715316340c5c9317d06c04\", element=\"f.5FA971E024701F110321D61CC2011581.d.C79A2F5695697845FDC0E46C74FA5AFA.e.64\")>"}],"shouldDisplayMessage":false,"stepsCount":0,"attachmentsCount":0,"hasContent":true,"attachmentStep":false}],"attachments":[],"parameters":[{"name":"locator","value":"('xpath', '//button[@id=\"send2\"]')"},{"name":"timeout","value":"10"}],"shouldDisplayMessage":false,"stepsCount":2,"attachmentsCount":0,"hasContent":true,"attachmentStep":false},{"name":"Find a not visible element","time":{"start":1717550527842,"stop":1717550532969,"duration":5127},"status":"broken","statusMessage":"selenium.common.exceptions.TimeoutException: Message: \n\n","statusTrace":"  File \"/opt/hostedtoolcache/Python/3.11.9/x64/lib/python3.11/site-packages/allure_commons/_allure.py\", line 192, in impl\n    return func(*a, **kw)\n           ^^^^^^^^^^^^^^\n  File \"/home/runner/work/luma_project/luma_project/pages/base_page.py\", line 70, in element_is_not_visible\n    return wait(self.driver, timeout).until(EC.invisibility_of_element_located(locator))\n           ^^^^^^^^^^^^^^^^^^^^^^^^^^^^^^^^^^^^^^^^^^^^^^^^^^^^^^^^^^^^^^^^^^^^^^^^^^^^^\n  File \"/opt/hostedtoolcache/Python/3.11.9/x64/lib/python3.11/site-packages/selenium/webdriver/support/wait.py\", line 95, in until\n    raise TimeoutException(message, screen, stacktrace)\n","steps":[],"attachments":[],"parameters":[{"name":"locator","value":"('xpath', \"(//a[contains(text(),'Sign In')])[1]\")"},{"name":"timeout","value":"5"}],"shouldDisplayMessage":true,"stepsCount":0,"attachmentsCount":0,"hasContent":true,"attachmentStep":false}],"attachments":[],"parameters":[],"shouldDisplayMessage":false,"stepsCount":13,"attachmentsCount":0,"hasContent":true,"attachmentStep":false}],"attachments":[{"uid":"e099714d72fe061c","name":"Screenshot","source":"e099714d72fe061c.png","type":"image/png","size":90613},{"uid":"437e3fde73a694fb","name":"HTML source","source":"437e3fde73a694fb.html","type":"text/html","size":93636}],"parameters":[],"shouldDisplayMessage":true,"stepsCount":15,"attachmentsCount":2,"hasContent":true,"attachmentStep":false},"afterStages":[{"name":"driver::0","time":{"start":1717550533138,"stop":1717550533213,"duration":75},"status":"passed","steps":[],"attachments":[],"parameters":[],"shouldDisplayMessage":false,"stepsCount":0,"attachmentsCount":0,"hasContent":false,"attachmentStep":false},{"name":"clear_allure_result_folder::0","time":{"start":1717551449749,"stop":1717551449749,"duration":0},"status":"passed","steps":[],"attachments":[],"parameters":[],"shouldDisplayMessage":false,"stepsCount":0,"attachmentsCount":0,"hasContent":false,"attachmentStep":false}],"labels":[{"name":"epic","value":"Test Header"},{"name":"parentSuite","value":"tests"},{"name":"suite","value":"test_header"},{"name":"subSuite","value":"TestHeader"},{"name":"host","value":"fv-az975-224"},{"name":"thread","value":"2862-MainThread"},{"name":"framework","value":"pytest"},{"name":"language","value":"cpython3"},{"name":"package","value":"tests.test_header"},{"name":"resultFormat","value":"allure2"}],"parameters":[],"links":[],"hidden":false,"retry":false,"extra":{"severity":"normal","retries":[],"categories":[{"name":"Test defects","matchedStatuses":[],"flaky":false}],"history":{"statistic":{"failed":0,"broken":4,"skipped":0,"passed":0,"unknown":0,"total":4},"items":[{"uid":"38c1f321caeddc76","reportUrl":"https://verafes.github.io/luma_project/331//#testresult/38c1f321caeddc76","status":"broken","statusDetails":"selenium.common.exceptions.TimeoutException: Message:","time":{"start":1717464165208,"stop":1717464173456,"duration":8248}},{"uid":"cf2ce5fd5c13f338","reportUrl":"https://verafes.github.io/luma_project/330//#testresult/cf2ce5fd5c13f338","status":"broken","statusDetails":"selenium.common.exceptions.TimeoutException: Message:","time":{"start":1717377805849,"stop":1717377813593,"duration":7744}},{"uid":"6fbf4e72e01b6f9","reportUrl":"https://verafes.github.io/luma_project/329//#testresult/6fbf4e72e01b6f9","status":"broken","statusDetails":"selenium.common.exceptions.TimeoutException: Message:","time":{"start":1717291637173,"stop":1717291644916,"duration":7743}}]},"tags":[]},"source":"9cb45085937d9619.json","parameterValues":[]}