{"uid":"f942bf477650b2c6","name":"TC 01.01.06 absence of the \"Create an account\" link display","fullName":"tests.test_header.TestHeader#test_tc_01_01_06_the_absence_of_the_create_an_account_link_display","historyId":"27db40328474e2728ceec869438fa091","time":{"start":1715649580544,"stop":1715649588695,"duration":8151},"description":"Check the 'Create an account' link is not displayed if the user is authorized","descriptionHtml":"<p>Check the 'Create an account' link is not displayed if the user is authorized</p>\n","status":"broken","statusMessage":"selenium.common.exceptions.TimeoutException: Message:","statusTrace":"self = <test_header.TestHeader object at 0x7ff9d80d1550>\ndriver = <selenium.webdriver.chrome.webdriver.WebDriver (session=\"ffacf4be41168728c008cd7bff74cefe\")>\n\n    @allure.title('TC 01.01.06 absence of the \"Create an account\" link display')\n    def test_tc_01_01_06_the_absence_of_the_create_an_account_link_display(self, driver):\n        \"\"\"Check the 'Create an account' link is not displayed if the user is authorized\"\"\"\n        page = HeaderPage(driver, MAIN_PAGE_URL)\n        page.open()\n>       page.user_authorization()\n\ntests/test_header.py:301: \n_ _ _ _ _ _ _ _ _ _ _ _ _ _ _ _ _ _ _ _ _ _ _ _ _ _ _ _ _ _ _ _ _ _ _ _ _ _ _ _ \npages/header_page.py:249: in user_authorization\n    return self.element_is_not_visible(self.header_locators.SIGN_IN)\npages/base_page.py:70: in element_is_not_visible\n    return wait(self.driver, timeout).until(EC.invisibility_of_element_located(locator))\n_ _ _ _ _ _ _ _ _ _ _ _ _ _ _ _ _ _ _ _ _ _ _ _ _ _ _ _ _ _ _ _ _ _ _ _ _ _ _ _ \n\nself = <selenium.webdriver.support.wait.WebDriverWait (session=\"ffacf4be41168728c008cd7bff74cefe\")>\nmethod = <function invisibility_of_element_located.<locals>._predicate at 0x7ff9d6c4dbc0>\nmessage = ''\n\n    def until(self, method, message: str = \"\"):\n        \"\"\"Calls the method provided with the driver as an argument until the \\\n        return value does not evaluate to ``False``.\n    \n        :param method: callable(WebDriver)\n        :param message: optional message for :exc:`TimeoutException`\n        :returns: the result of the last call to `method`\n        :raises: :exc:`selenium.common.exceptions.TimeoutException` if timeout occurs\n        \"\"\"\n        screen = None\n        stacktrace = None\n    \n        end_time = time.monotonic() + self._timeout\n        while True:\n            try:\n                value = method(self._driver)\n                if value:\n                    return value\n            except self._ignored_exceptions as exc:\n                screen = getattr(exc, \"screen\", None)\n                stacktrace = getattr(exc, \"stacktrace\", None)\n            time.sleep(self._poll)\n            if time.monotonic() > end_time:\n                break\n>       raise TimeoutException(message, screen, stacktrace)\nE       selenium.common.exceptions.TimeoutException: Message:\n\n/opt/hostedtoolcache/Python/3.11.9/x64/lib/python3.11/site-packages/selenium/webdriver/support/wait.py:95: TimeoutException","flaky":false,"newFailed":false,"newBroken":false,"newPassed":false,"retriesCount":0,"retriesStatusChange":false,"beforeStages":[{"name":"_session_faker","time":{"start":1715649217020,"stop":1715649217083,"duration":63},"status":"passed","steps":[],"attachments":[],"parameters":[],"shouldDisplayMessage":false,"stepsCount":0,"attachmentsCount":0,"hasContent":false,"attachmentStep":false},{"name":"clear_allure_result_folder","time":{"start":1715649217084,"stop":1715649217084,"duration":0},"status":"passed","steps":[],"attachments":[],"parameters":[],"shouldDisplayMessage":false,"stepsCount":0,"attachmentsCount":0,"hasContent":false,"attachmentStep":false},{"name":"driver","time":{"start":1715649579266,"stop":1715649580544,"duration":1278},"status":"passed","steps":[],"attachments":[],"parameters":[],"shouldDisplayMessage":false,"stepsCount":0,"attachmentsCount":0,"hasContent":false,"attachmentStep":false}],"testStage":{"description":"Check the 'Create an account' link is not displayed if the user is authorized","status":"broken","statusMessage":"selenium.common.exceptions.TimeoutException: Message:","statusTrace":"self = <test_header.TestHeader object at 0x7ff9d80d1550>\ndriver = <selenium.webdriver.chrome.webdriver.WebDriver (session=\"ffacf4be41168728c008cd7bff74cefe\")>\n\n    @allure.title('TC 01.01.06 absence of the \"Create an account\" link display')\n    def test_tc_01_01_06_the_absence_of_the_create_an_account_link_display(self, driver):\n        \"\"\"Check the 'Create an account' link is not displayed if the user is authorized\"\"\"\n        page = HeaderPage(driver, MAIN_PAGE_URL)\n        page.open()\n>       page.user_authorization()\n\ntests/test_header.py:301: \n_ _ _ _ _ _ _ _ _ _ _ _ _ _ _ _ _ _ _ _ _ _ _ _ _ _ _ _ _ _ _ _ _ _ _ _ _ _ _ _ \npages/header_page.py:249: in user_authorization\n    return self.element_is_not_visible(self.header_locators.SIGN_IN)\npages/base_page.py:70: in element_is_not_visible\n    return wait(self.driver, timeout).until(EC.invisibility_of_element_located(locator))\n_ _ _ _ _ _ _ _ _ _ _ _ _ _ _ _ _ _ _ _ _ _ _ _ _ _ _ _ _ _ _ _ _ _ _ _ _ _ _ _ \n\nself = <selenium.webdriver.support.wait.WebDriverWait (session=\"ffacf4be41168728c008cd7bff74cefe\")>\nmethod = <function invisibility_of_element_located.<locals>._predicate at 0x7ff9d6c4dbc0>\nmessage = ''\n\n    def until(self, method, message: str = \"\"):\n        \"\"\"Calls the method provided with the driver as an argument until the \\\n        return value does not evaluate to ``False``.\n    \n        :param method: callable(WebDriver)\n        :param message: optional message for :exc:`TimeoutException`\n        :returns: the result of the last call to `method`\n        :raises: :exc:`selenium.common.exceptions.TimeoutException` if timeout occurs\n        \"\"\"\n        screen = None\n        stacktrace = None\n    \n        end_time = time.monotonic() + self._timeout\n        while True:\n            try:\n                value = method(self._driver)\n                if value:\n                    return value\n            except self._ignored_exceptions as exc:\n                screen = getattr(exc, \"screen\", None)\n                stacktrace = getattr(exc, \"stacktrace\", None)\n            time.sleep(self._poll)\n            if time.monotonic() > end_time:\n                break\n>       raise TimeoutException(message, screen, stacktrace)\nE       selenium.common.exceptions.TimeoutException: Message:\n\n/opt/hostedtoolcache/Python/3.11.9/x64/lib/python3.11/site-packages/selenium/webdriver/support/wait.py:95: TimeoutException","steps":[{"name":"Open a browser","time":{"start":1715649580544,"stop":1715649581636,"duration":1092},"status":"passed","steps":[],"attachments":[],"parameters":[],"shouldDisplayMessage":false,"stepsCount":0,"attachmentsCount":0,"hasContent":false,"attachmentStep":false},{"name":"User authorization","time":{"start":1715649581636,"stop":1715649588694,"duration":7058},"status":"broken","statusMessage":"selenium.common.exceptions.TimeoutException: Message: \n\n","statusTrace":"  File \"/opt/hostedtoolcache/Python/3.11.9/x64/lib/python3.11/site-packages/allure_commons/_allure.py\", line 192, in impl\n    return func(*a, **kw)\n           ^^^^^^^^^^^^^^\n  File \"/home/runner/work/luma_project/luma_project/pages/header_page.py\", line 249, in user_authorization\n    return self.element_is_not_visible(self.header_locators.SIGN_IN)\n           ^^^^^^^^^^^^^^^^^^^^^^^^^^^^^^^^^^^^^^^^^^^^^^^^^^^^^^^^^\n  File \"/opt/hostedtoolcache/Python/3.11.9/x64/lib/python3.11/site-packages/allure_commons/_allure.py\", line 192, in impl\n    return func(*a, **kw)\n           ^^^^^^^^^^^^^^\n  File \"/home/runner/work/luma_project/luma_project/pages/base_page.py\", line 70, in element_is_not_visible\n    return wait(self.driver, timeout).until(EC.invisibility_of_element_located(locator))\n           ^^^^^^^^^^^^^^^^^^^^^^^^^^^^^^^^^^^^^^^^^^^^^^^^^^^^^^^^^^^^^^^^^^^^^^^^^^^^^\n  File \"/opt/hostedtoolcache/Python/3.11.9/x64/lib/python3.11/site-packages/selenium/webdriver/support/wait.py\", line 95, in until\n    raise TimeoutException(message, screen, stacktrace)\n","steps":[{"name":"Find a visible element","time":{"start":1715649581636,"stop":1715649581671,"duration":35},"status":"passed","steps":[{"name":"Find a present element","time":{"start":1715649581636,"stop":1715649581649,"duration":13},"status":"passed","steps":[],"attachments":[],"parameters":[{"name":"locator","value":"('xpath', \"(//a[contains(text(),'Sign In')])[1]\")"},{"name":"timeout","value":"5"}],"shouldDisplayMessage":false,"stepsCount":0,"attachmentsCount":0,"hasContent":true,"attachmentStep":false},{"name":"Go to specified element","time":{"start":1715649581649,"stop":1715649581655,"duration":6},"status":"passed","steps":[],"attachments":[],"parameters":[{"name":"element","value":"<selenium.webdriver.remote.webelement.WebElement (session=\"ffacf4be41168728c008cd7bff74cefe\", element=\"f.7DA6925DFB04CCD17F90C4BA66C1ECBC.d.8BB1CE1DF3F5080F13FCC04809F50CEB.e.24\")>"}],"shouldDisplayMessage":false,"stepsCount":0,"attachmentsCount":0,"hasContent":true,"attachmentStep":false}],"attachments":[],"parameters":[{"name":"locator","value":"('xpath', \"(//a[contains(text(),'Sign In')])[1]\")"},{"name":"timeout","value":"10"}],"shouldDisplayMessage":false,"stepsCount":2,"attachmentsCount":0,"hasContent":true,"attachmentStep":false},{"name":"Find a visible element","time":{"start":1715649582312,"stop":1715649582363,"duration":51},"status":"passed","steps":[{"name":"Find a present element","time":{"start":1715649582313,"stop":1715649582325,"duration":12},"status":"passed","steps":[],"attachments":[],"parameters":[{"name":"locator","value":"('css selector', '#email')"},{"name":"timeout","value":"5"}],"shouldDisplayMessage":false,"stepsCount":0,"attachmentsCount":0,"hasContent":true,"attachmentStep":false},{"name":"Go to specified element","time":{"start":1715649582325,"stop":1715649582344,"duration":19},"status":"passed","steps":[],"attachments":[],"parameters":[{"name":"element","value":"<selenium.webdriver.remote.webelement.WebElement (session=\"ffacf4be41168728c008cd7bff74cefe\", element=\"f.7DA6925DFB04CCD17F90C4BA66C1ECBC.d.EFDD90E89FEE46FFDF33B0FB258B4793.e.59\")>"}],"shouldDisplayMessage":false,"stepsCount":0,"attachmentsCount":0,"hasContent":true,"attachmentStep":false}],"attachments":[],"parameters":[{"name":"locator","value":"('css selector', '#email')"},{"name":"timeout","value":"10"}],"shouldDisplayMessage":false,"stepsCount":2,"attachmentsCount":0,"hasContent":true,"attachmentStep":false},{"name":"Find a visible element","time":{"start":1715649582408,"stop":1715649582434,"duration":26},"status":"passed","steps":[{"name":"Find a present element","time":{"start":1715649582408,"stop":1715649582419,"duration":11},"status":"passed","steps":[],"attachments":[],"parameters":[{"name":"locator","value":"('css selector', '#pass')"},{"name":"timeout","value":"5"}],"shouldDisplayMessage":false,"stepsCount":0,"attachmentsCount":0,"hasContent":true,"attachmentStep":false},{"name":"Go to specified element","time":{"start":1715649582419,"stop":1715649582422,"duration":3},"status":"passed","steps":[],"attachments":[],"parameters":[{"name":"element","value":"<selenium.webdriver.remote.webelement.WebElement (session=\"ffacf4be41168728c008cd7bff74cefe\", element=\"f.7DA6925DFB04CCD17F90C4BA66C1ECBC.d.EFDD90E89FEE46FFDF33B0FB258B4793.e.60\")>"}],"shouldDisplayMessage":false,"stepsCount":0,"attachmentsCount":0,"hasContent":true,"attachmentStep":false}],"attachments":[],"parameters":[{"name":"locator","value":"('css selector', '#pass')"},{"name":"timeout","value":"10"}],"shouldDisplayMessage":false,"stepsCount":2,"attachmentsCount":0,"hasContent":true,"attachmentStep":false},{"name":"Find a visible element","time":{"start":1715649582472,"stop":1715649582496,"duration":24},"status":"passed","steps":[{"name":"Find a present element","time":{"start":1715649582472,"stop":1715649582481,"duration":9},"status":"passed","steps":[],"attachments":[],"parameters":[{"name":"locator","value":"('xpath', '//button[@id=\"send2\"]')"},{"name":"timeout","value":"5"}],"shouldDisplayMessage":false,"stepsCount":0,"attachmentsCount":0,"hasContent":true,"attachmentStep":false},{"name":"Go to specified element","time":{"start":1715649582481,"stop":1715649582484,"duration":3},"status":"passed","steps":[],"attachments":[],"parameters":[{"name":"element","value":"<selenium.webdriver.remote.webelement.WebElement (session=\"ffacf4be41168728c008cd7bff74cefe\", element=\"f.7DA6925DFB04CCD17F90C4BA66C1ECBC.d.EFDD90E89FEE46FFDF33B0FB258B4793.e.65\")>"}],"shouldDisplayMessage":false,"stepsCount":0,"attachmentsCount":0,"hasContent":true,"attachmentStep":false}],"attachments":[],"parameters":[{"name":"locator","value":"('xpath', '//button[@id=\"send2\"]')"},{"name":"timeout","value":"10"}],"shouldDisplayMessage":false,"stepsCount":2,"attachmentsCount":0,"hasContent":true,"attachmentStep":false},{"name":"Find a not visible element","time":{"start":1715649583561,"stop":1715649588694,"duration":5133},"status":"broken","statusMessage":"selenium.common.exceptions.TimeoutException: Message: \n\n","statusTrace":"  File \"/opt/hostedtoolcache/Python/3.11.9/x64/lib/python3.11/site-packages/allure_commons/_allure.py\", line 192, in impl\n    return func(*a, **kw)\n           ^^^^^^^^^^^^^^\n  File \"/home/runner/work/luma_project/luma_project/pages/base_page.py\", line 70, in element_is_not_visible\n    return wait(self.driver, timeout).until(EC.invisibility_of_element_located(locator))\n           ^^^^^^^^^^^^^^^^^^^^^^^^^^^^^^^^^^^^^^^^^^^^^^^^^^^^^^^^^^^^^^^^^^^^^^^^^^^^^\n  File \"/opt/hostedtoolcache/Python/3.11.9/x64/lib/python3.11/site-packages/selenium/webdriver/support/wait.py\", line 95, in until\n    raise TimeoutException(message, screen, stacktrace)\n","steps":[],"attachments":[],"parameters":[{"name":"locator","value":"('xpath', \"(//a[contains(text(),'Sign In')])[1]\")"},{"name":"timeout","value":"5"}],"shouldDisplayMessage":true,"stepsCount":0,"attachmentsCount":0,"hasContent":true,"attachmentStep":false}],"attachments":[],"parameters":[],"shouldDisplayMessage":false,"stepsCount":13,"attachmentsCount":0,"hasContent":true,"attachmentStep":false}],"attachments":[{"uid":"974ac1740c2a61d6","name":"Screenshot","source":"974ac1740c2a61d6.png","type":"image/png","size":108730},{"uid":"ef161a471aaaa73b","name":"HTML source","source":"ef161a471aaaa73b.html","type":"text/html","size":94268}],"parameters":[],"shouldDisplayMessage":true,"stepsCount":15,"attachmentsCount":2,"hasContent":true,"attachmentStep":false},"afterStages":[{"name":"driver::0","time":{"start":1715649588826,"stop":1715649588898,"duration":72},"status":"passed","steps":[],"attachments":[],"parameters":[],"shouldDisplayMessage":false,"stepsCount":0,"attachmentsCount":0,"hasContent":false,"attachmentStep":false},{"name":"clear_allure_result_folder::0","time":{"start":1715650562629,"stop":1715650562629,"duration":0},"status":"passed","steps":[],"attachments":[],"parameters":[],"shouldDisplayMessage":false,"stepsCount":0,"attachmentsCount":0,"hasContent":false,"attachmentStep":false}],"labels":[{"name":"epic","value":"Test Header"},{"name":"parentSuite","value":"tests"},{"name":"suite","value":"test_header"},{"name":"subSuite","value":"TestHeader"},{"name":"host","value":"fv-az1240-38"},{"name":"thread","value":"3027-MainThread"},{"name":"framework","value":"pytest"},{"name":"language","value":"cpython3"},{"name":"package","value":"tests.test_header"},{"name":"resultFormat","value":"allure2"}],"parameters":[],"links":[],"hidden":false,"retry":false,"extra":{"severity":"normal","retries":[],"categories":[{"name":"Test defects","matchedStatuses":[],"flaky":false}],"history":{"statistic":{"failed":0,"broken":3,"skipped":0,"passed":0,"unknown":0,"total":3},"items":[{"uid":"209d71b4a647e8b4","reportUrl":"https://verafes.github.io/luma_project/309//#testresult/209d71b4a647e8b4","status":"broken","statusDetails":"selenium.common.exceptions.TimeoutException: Message:","time":{"start":1715563307602,"stop":1715563316398,"duration":8796}},{"uid":"c5fb5564079a32f4","reportUrl":"https://verafes.github.io/luma_project/308//#testresult/c5fb5564079a32f4","status":"broken","statusDetails":"selenium.common.exceptions.TimeoutException: Message:","time":{"start":1715477184225,"stop":1715477193830,"duration":9605}}]},"tags":[]},"source":"f942bf477650b2c6.json","parameterValues":[]}