{"uid":"41f035d1af16869a","name":"TC 03.02.01 to 03_02_10 Verify Failed Login, no error validation","fullName":"tests.test_sign_in.TestFailedLogin#test_03_02_01_to_03_02_10_login","historyId":"4f821f6434523f69b2c6243c2db29a9b","time":{"start":1731031451669,"stop":1731031454898,"duration":3229},"description":"Check Success and Failed Login, no error validation","descriptionHtml":"<p>Check Success and Failed Login, no error validation</p>\n","status":"broken","statusMessage":"selenium.common.exceptions.ElementClickInterceptedException: Message: element click intercepted: Element <input name=\"login[password]\" type=\"password\" autocomplete=\"off\" class=\"input-text\" id=\"pass\" title=\"Password\" data-validate=\"{required:true}\" aria-required=\"true\"> is not clickable at point (560, 845). Other element would receive the click: <div id=\"aswift_3_host\" style=\"border: none !important; height: 90px !important; width: 100% !important; margin: 0px !important; padding: 0px !important; position: relative !important; visibility: visible !important; background-color: transparent !important; display: inline-block !important; inset: auto !important; clear: none !important; float: none !important; max-height: none !important; max-width: none !important; opacity: 1 !important; overflow: visible !important; vertical-align: baseline !important; z-index: auto !important;\">...</div>\n  (Session info: chrome=130.0.6723.91)\nStacktrace:\n#0 0x55efc32c813a <unknown>\n#1 0x55efc2de3460 <unknown>\n#2 0x55efc2e36b26 <unknown>\n#3 0x55efc2e34aad <unknown>\n#4 0x55efc2e32557 <unknown>\n#5 0x55efc2e31971 <unknown>\n#6 0x55efc2e24f78 <unknown>\n#7 0x55efc2e54012 <unknown>\n#8 0x55efc2e24958 <unknown>\n#9 0x55efc2e541de <unknown>\n#10 0x55efc2e72af6 <unknown>\n#11 0x55efc2e53db3 <unknown>\n#12 0x55efc2e22c10 <unknown>\n#13 0x55efc2e23bee <unknown>\n#14 0x55efc32943cb <unknown>\n#15 0x55efc3298368 <unknown>\n#16 0x55efc3281eec <unknown>\n#17 0x55efc3298ee7 <unknown>\n#18 0x55efc326713f <unknown>\n#19 0x55efc32b6858 <unknown>\n#20 0x55efc32b6a20 <unknown>\n#21 0x55efc32c6fb6 <unknown>\n#22 0x7ffb78494ac3 <unknown>","statusTrace":"self = <test_sign_in.TestFailedLogin object at 0x7fbb0ba3f150>\ndriver = <selenium.webdriver.chrome.webdriver.WebDriver (session=\"5a38de0fad7cd0753c873538ad199977\")>\nemail = 'teston120@mailinator.com', password = ''\n\n    @allure.title('TC 03.02.01 to 03_02_10 Verify Failed Login, no error validation')\n    @pytest.mark.parametrize('email, password', LOGIN)\n    def test_03_02_01_to_03_02_10_login(self, driver, email, password):\n        \"\"\"Check Success and Failed Login, no error validation\"\"\"\n        sign_in_page = SignInPage(driver, SIGN_IN_URL)\n        sign_in_page.open()\n        sign_in_page.fill_in_email_field(email)\n>       sign_in_page.fill_in_password_field(password)\n\ntests/test_sign_in.py:257: \n_ _ _ _ _ _ _ _ _ _ _ _ _ _ _ _ _ _ _ _ _ _ _ _ _ _ _ _ _ _ _ _ _ _ _ _ _ _ _ _ \npages/sign_in_page.py:88: in fill_in_password_field\n    return self.fill_in_field(self.check_customer_password_field_is_clickable(), password)\npages/base_page.py:319: in fill_in_field\n    input_field.click()\n/opt/hostedtoolcache/Python/3.11.10/x64/lib/python3.11/site-packages/selenium/webdriver/remote/webelement.py:93: in click\n    self._execute(Command.CLICK_ELEMENT)\n/opt/hostedtoolcache/Python/3.11.10/x64/lib/python3.11/site-packages/selenium/webdriver/remote/webelement.py:394: in _execute\n    return self._parent.execute(command, params)\n/opt/hostedtoolcache/Python/3.11.10/x64/lib/python3.11/site-packages/selenium/webdriver/remote/webdriver.py:344: in execute\n    self.error_handler.check_response(response)\n_ _ _ _ _ _ _ _ _ _ _ _ _ _ _ _ _ _ _ _ _ _ _ _ _ _ _ _ _ _ _ _ _ _ _ _ _ _ _ _ \n\nself = <selenium.webdriver.remote.errorhandler.ErrorHandler object at 0x7fbb0d0184d0>\nresponse = {'status': 400, 'value': '{\"value\":{\"error\":\"element click intercepted\",\"message\":\"element click intercepted: Element ...\\\\n#20 0x55efc32b6a20 \\\\u003Cunknown>\\\\n#21 0x55efc32c6fb6 \\\\u003Cunknown>\\\\n#22 0x7ffb78494ac3 \\\\u003Cunknown>\\\\n\"}}'}\n\n    def check_response(self, response: Dict[str, Any]) -> None:\n        \"\"\"Checks that a JSON response from the WebDriver does not have an\n        error.\n    \n        :Args:\n         - response - The JSON response from the WebDriver server as a dictionary\n           object.\n    \n        :Raises: If the response contains an error message.\n        \"\"\"\n        status = response.get(\"status\", None)\n        if not status or status == ErrorCode.SUCCESS:\n            return\n        value = None\n        message = response.get(\"message\", \"\")\n        screen: str = response.get(\"screen\", \"\")\n        stacktrace = None\n        if isinstance(status, int):\n            value_json = response.get(\"value\", None)\n            if value_json and isinstance(value_json, str):\n                import json\n    \n                try:\n                    value = json.loads(value_json)\n                    if len(value) == 1:\n                        value = value[\"value\"]\n                    status = value.get(\"error\", None)\n                    if not status:\n                        status = value.get(\"status\", ErrorCode.UNKNOWN_ERROR)\n                        message = value.get(\"value\") or value.get(\"message\")\n                        if not isinstance(message, str):\n                            value = message\n                            message = message.get(\"message\")\n                    else:\n                        message = value.get(\"message\", None)\n                except ValueError:\n                    pass\n    \n        exception_class: Type[WebDriverException]\n        e = ErrorCode()\n        error_codes = [item for item in dir(e) if not item.startswith(\"__\")]\n        for error_code in error_codes:\n            error_info = getattr(ErrorCode, error_code)\n            if isinstance(error_info, list) and status in error_info:\n                exception_class = getattr(ExceptionMapping, error_code, WebDriverException)\n                break\n        else:\n            exception_class = WebDriverException\n    \n        if not value:\n            value = response[\"value\"]\n        if isinstance(value, str):\n            raise exception_class(value)\n        if message == \"\" and \"message\" in value:\n            message = value[\"message\"]\n    \n        screen = None  # type: ignore[assignment]\n        if \"screen\" in value:\n            screen = value[\"screen\"]\n    \n        stacktrace = None\n        st_value = value.get(\"stackTrace\") or value.get(\"stacktrace\")\n        if st_value:\n            if isinstance(st_value, str):\n                stacktrace = st_value.split(\"\\n\")\n            else:\n                stacktrace = []\n                try:\n                    for frame in st_value:\n                        line = frame.get(\"lineNumber\", \"\")\n                        file = frame.get(\"fileName\", \"<anonymous>\")\n                        if line:\n                            file = f\"{file}:{line}\"\n                        meth = frame.get(\"methodName\", \"<anonymous>\")\n                        if \"className\" in frame:\n                            meth = f\"{frame['className']}.{meth}\"\n                        msg = \"    at %s (%s)\"\n                        msg = msg % (meth, file)\n                        stacktrace.append(msg)\n                except TypeError:\n                    pass\n        if exception_class == UnexpectedAlertPresentException:\n            alert_text = None\n            if \"data\" in value:\n                alert_text = value[\"data\"].get(\"text\")\n            elif \"alert\" in value:\n                alert_text = value[\"alert\"].get(\"text\")\n            raise exception_class(message, screen, stacktrace, alert_text)  # type: ignore[call-arg]  # mypy is not smart enough here\n>       raise exception_class(message, screen, stacktrace)\nE       selenium.common.exceptions.ElementClickInterceptedException: Message: element click intercepted: Element <input name=\"login[password]\" type=\"password\" autocomplete=\"off\" class=\"input-text\" id=\"pass\" title=\"Password\" data-validate=\"{required:true}\" aria-required=\"true\"> is not clickable at point (560, 845). Other element would receive the click: <div id=\"aswift_3_host\" style=\"border: none !important; height: 90px !important; width: 100% !important; margin: 0px !important; padding: 0px !important; position: relative !important; visibility: visible !important; background-color: transparent !important; display: inline-block !important; inset: auto !important; clear: none !important; float: none !important; max-height: none !important; max-width: none !important; opacity: 1 !important; overflow: visible !important; vertical-align: baseline !important; z-index: auto !important;\">...</div>\nE         (Session info: chrome=130.0.6723.91)\nE       Stacktrace:\nE       #0 0x55efc32c813a <unknown>\nE       #1 0x55efc2de3460 <unknown>\nE       #2 0x55efc2e36b26 <unknown>\nE       #3 0x55efc2e34aad <unknown>\nE       #4 0x55efc2e32557 <unknown>\nE       #5 0x55efc2e31971 <unknown>\nE       #6 0x55efc2e24f78 <unknown>\nE       #7 0x55efc2e54012 <unknown>\nE       #8 0x55efc2e24958 <unknown>\nE       #9 0x55efc2e541de <unknown>\nE       #10 0x55efc2e72af6 <unknown>\nE       #11 0x55efc2e53db3 <unknown>\nE       #12 0x55efc2e22c10 <unknown>\nE       #13 0x55efc2e23bee <unknown>\nE       #14 0x55efc32943cb <unknown>\nE       #15 0x55efc3298368 <unknown>\nE       #16 0x55efc3281eec <unknown>\nE       #17 0x55efc3298ee7 <unknown>\nE       #18 0x55efc326713f <unknown>\nE       #19 0x55efc32b6858 <unknown>\nE       #20 0x55efc32b6a20 <unknown>\nE       #21 0x55efc32c6fb6 <unknown>\nE       #22 0x7ffb78494ac3 <unknown>\n\n/opt/hostedtoolcache/Python/3.11.10/x64/lib/python3.11/site-packages/selenium/webdriver/remote/errorhandler.py:229: ElementClickInterceptedException","flaky":false,"newFailed":false,"newBroken":false,"newPassed":false,"retriesCount":0,"retriesStatusChange":false,"beforeStages":[{"name":"_session_faker","time":{"start":1731029793188,"stop":1731029793252,"duration":64},"status":"passed","steps":[],"attachments":[],"parameters":[],"shouldDisplayMessage":false,"stepsCount":0,"attachmentsCount":0,"hasContent":false,"attachmentStep":false},{"name":"clear_allure_result_folder","time":{"start":1731029793253,"stop":1731029793253,"duration":0},"status":"passed","steps":[],"attachments":[],"parameters":[],"shouldDisplayMessage":false,"stepsCount":0,"attachmentsCount":0,"hasContent":false,"attachmentStep":false},{"name":"driver","time":{"start":1731031450463,"stop":1731031451668,"duration":1205},"status":"passed","steps":[],"attachments":[],"parameters":[],"shouldDisplayMessage":false,"stepsCount":0,"attachmentsCount":0,"hasContent":false,"attachmentStep":false}],"testStage":{"description":"Check Success and Failed Login, no error validation","status":"broken","statusMessage":"selenium.common.exceptions.ElementClickInterceptedException: Message: element click intercepted: Element <input name=\"login[password]\" type=\"password\" autocomplete=\"off\" class=\"input-text\" id=\"pass\" title=\"Password\" data-validate=\"{required:true}\" aria-required=\"true\"> is not clickable at point (560, 845). Other element would receive the click: <div id=\"aswift_3_host\" style=\"border: none !important; height: 90px !important; width: 100% !important; margin: 0px !important; padding: 0px !important; position: relative !important; visibility: visible !important; background-color: transparent !important; display: inline-block !important; inset: auto !important; clear: none !important; float: none !important; max-height: none !important; max-width: none !important; opacity: 1 !important; overflow: visible !important; vertical-align: baseline !important; z-index: auto !important;\">...</div>\n  (Session info: chrome=130.0.6723.91)\nStacktrace:\n#0 0x55efc32c813a <unknown>\n#1 0x55efc2de3460 <unknown>\n#2 0x55efc2e36b26 <unknown>\n#3 0x55efc2e34aad <unknown>\n#4 0x55efc2e32557 <unknown>\n#5 0x55efc2e31971 <unknown>\n#6 0x55efc2e24f78 <unknown>\n#7 0x55efc2e54012 <unknown>\n#8 0x55efc2e24958 <unknown>\n#9 0x55efc2e541de <unknown>\n#10 0x55efc2e72af6 <unknown>\n#11 0x55efc2e53db3 <unknown>\n#12 0x55efc2e22c10 <unknown>\n#13 0x55efc2e23bee <unknown>\n#14 0x55efc32943cb <unknown>\n#15 0x55efc3298368 <unknown>\n#16 0x55efc3281eec <unknown>\n#17 0x55efc3298ee7 <unknown>\n#18 0x55efc326713f <unknown>\n#19 0x55efc32b6858 <unknown>\n#20 0x55efc32b6a20 <unknown>\n#21 0x55efc32c6fb6 <unknown>\n#22 0x7ffb78494ac3 <unknown>","statusTrace":"self = <test_sign_in.TestFailedLogin object at 0x7fbb0ba3f150>\ndriver = <selenium.webdriver.chrome.webdriver.WebDriver (session=\"5a38de0fad7cd0753c873538ad199977\")>\nemail = 'teston120@mailinator.com', password = ''\n\n    @allure.title('TC 03.02.01 to 03_02_10 Verify Failed Login, no error validation')\n    @pytest.mark.parametrize('email, password', LOGIN)\n    def test_03_02_01_to_03_02_10_login(self, driver, email, password):\n        \"\"\"Check Success and Failed Login, no error validation\"\"\"\n        sign_in_page = SignInPage(driver, SIGN_IN_URL)\n        sign_in_page.open()\n        sign_in_page.fill_in_email_field(email)\n>       sign_in_page.fill_in_password_field(password)\n\ntests/test_sign_in.py:257: \n_ _ _ _ _ _ _ _ _ _ _ _ _ _ _ _ _ _ _ _ _ _ _ _ _ _ _ _ _ _ _ _ _ _ _ _ _ _ _ _ \npages/sign_in_page.py:88: in fill_in_password_field\n    return self.fill_in_field(self.check_customer_password_field_is_clickable(), password)\npages/base_page.py:319: in fill_in_field\n    input_field.click()\n/opt/hostedtoolcache/Python/3.11.10/x64/lib/python3.11/site-packages/selenium/webdriver/remote/webelement.py:93: in click\n    self._execute(Command.CLICK_ELEMENT)\n/opt/hostedtoolcache/Python/3.11.10/x64/lib/python3.11/site-packages/selenium/webdriver/remote/webelement.py:394: in _execute\n    return self._parent.execute(command, params)\n/opt/hostedtoolcache/Python/3.11.10/x64/lib/python3.11/site-packages/selenium/webdriver/remote/webdriver.py:344: in execute\n    self.error_handler.check_response(response)\n_ _ _ _ _ _ _ _ _ _ _ _ _ _ _ _ _ _ _ _ _ _ _ _ _ _ _ _ _ _ _ _ _ _ _ _ _ _ _ _ \n\nself = <selenium.webdriver.remote.errorhandler.ErrorHandler object at 0x7fbb0d0184d0>\nresponse = {'status': 400, 'value': '{\"value\":{\"error\":\"element click intercepted\",\"message\":\"element click intercepted: Element ...\\\\n#20 0x55efc32b6a20 \\\\u003Cunknown>\\\\n#21 0x55efc32c6fb6 \\\\u003Cunknown>\\\\n#22 0x7ffb78494ac3 \\\\u003Cunknown>\\\\n\"}}'}\n\n    def check_response(self, response: Dict[str, Any]) -> None:\n        \"\"\"Checks that a JSON response from the WebDriver does not have an\n        error.\n    \n        :Args:\n         - response - The JSON response from the WebDriver server as a dictionary\n           object.\n    \n        :Raises: If the response contains an error message.\n        \"\"\"\n        status = response.get(\"status\", None)\n        if not status or status == ErrorCode.SUCCESS:\n            return\n        value = None\n        message = response.get(\"message\", \"\")\n        screen: str = response.get(\"screen\", \"\")\n        stacktrace = None\n        if isinstance(status, int):\n            value_json = response.get(\"value\", None)\n            if value_json and isinstance(value_json, str):\n                import json\n    \n                try:\n                    value = json.loads(value_json)\n                    if len(value) == 1:\n                        value = value[\"value\"]\n                    status = value.get(\"error\", None)\n                    if not status:\n                        status = value.get(\"status\", ErrorCode.UNKNOWN_ERROR)\n                        message = value.get(\"value\") or value.get(\"message\")\n                        if not isinstance(message, str):\n                            value = message\n                            message = message.get(\"message\")\n                    else:\n                        message = value.get(\"message\", None)\n                except ValueError:\n                    pass\n    \n        exception_class: Type[WebDriverException]\n        e = ErrorCode()\n        error_codes = [item for item in dir(e) if not item.startswith(\"__\")]\n        for error_code in error_codes:\n            error_info = getattr(ErrorCode, error_code)\n            if isinstance(error_info, list) and status in error_info:\n                exception_class = getattr(ExceptionMapping, error_code, WebDriverException)\n                break\n        else:\n            exception_class = WebDriverException\n    \n        if not value:\n            value = response[\"value\"]\n        if isinstance(value, str):\n            raise exception_class(value)\n        if message == \"\" and \"message\" in value:\n            message = value[\"message\"]\n    \n        screen = None  # type: ignore[assignment]\n        if \"screen\" in value:\n            screen = value[\"screen\"]\n    \n        stacktrace = None\n        st_value = value.get(\"stackTrace\") or value.get(\"stacktrace\")\n        if st_value:\n            if isinstance(st_value, str):\n                stacktrace = st_value.split(\"\\n\")\n            else:\n                stacktrace = []\n                try:\n                    for frame in st_value:\n                        line = frame.get(\"lineNumber\", \"\")\n                        file = frame.get(\"fileName\", \"<anonymous>\")\n                        if line:\n                            file = f\"{file}:{line}\"\n                        meth = frame.get(\"methodName\", \"<anonymous>\")\n                        if \"className\" in frame:\n                            meth = f\"{frame['className']}.{meth}\"\n                        msg = \"    at %s (%s)\"\n                        msg = msg % (meth, file)\n                        stacktrace.append(msg)\n                except TypeError:\n                    pass\n        if exception_class == UnexpectedAlertPresentException:\n            alert_text = None\n            if \"data\" in value:\n                alert_text = value[\"data\"].get(\"text\")\n            elif \"alert\" in value:\n                alert_text = value[\"alert\"].get(\"text\")\n            raise exception_class(message, screen, stacktrace, alert_text)  # type: ignore[call-arg]  # mypy is not smart enough here\n>       raise exception_class(message, screen, stacktrace)\nE       selenium.common.exceptions.ElementClickInterceptedException: Message: element click intercepted: Element <input name=\"login[password]\" type=\"password\" autocomplete=\"off\" class=\"input-text\" id=\"pass\" title=\"Password\" data-validate=\"{required:true}\" aria-required=\"true\"> is not clickable at point (560, 845). Other element would receive the click: <div id=\"aswift_3_host\" style=\"border: none !important; height: 90px !important; width: 100% !important; margin: 0px !important; padding: 0px !important; position: relative !important; visibility: visible !important; background-color: transparent !important; display: inline-block !important; inset: auto !important; clear: none !important; float: none !important; max-height: none !important; max-width: none !important; opacity: 1 !important; overflow: visible !important; vertical-align: baseline !important; z-index: auto !important;\">...</div>\nE         (Session info: chrome=130.0.6723.91)\nE       Stacktrace:\nE       #0 0x55efc32c813a <unknown>\nE       #1 0x55efc2de3460 <unknown>\nE       #2 0x55efc2e36b26 <unknown>\nE       #3 0x55efc2e34aad <unknown>\nE       #4 0x55efc2e32557 <unknown>\nE       #5 0x55efc2e31971 <unknown>\nE       #6 0x55efc2e24f78 <unknown>\nE       #7 0x55efc2e54012 <unknown>\nE       #8 0x55efc2e24958 <unknown>\nE       #9 0x55efc2e541de <unknown>\nE       #10 0x55efc2e72af6 <unknown>\nE       #11 0x55efc2e53db3 <unknown>\nE       #12 0x55efc2e22c10 <unknown>\nE       #13 0x55efc2e23bee <unknown>\nE       #14 0x55efc32943cb <unknown>\nE       #15 0x55efc3298368 <unknown>\nE       #16 0x55efc3281eec <unknown>\nE       #17 0x55efc3298ee7 <unknown>\nE       #18 0x55efc326713f <unknown>\nE       #19 0x55efc32b6858 <unknown>\nE       #20 0x55efc32b6a20 <unknown>\nE       #21 0x55efc32c6fb6 <unknown>\nE       #22 0x7ffb78494ac3 <unknown>\n\n/opt/hostedtoolcache/Python/3.11.10/x64/lib/python3.11/site-packages/selenium/webdriver/remote/errorhandler.py:229: ElementClickInterceptedException","steps":[{"name":"Open a browser","time":{"start":1731031451669,"stop":1731031453378,"duration":1709},"status":"passed","steps":[],"attachments":[],"parameters":[],"shouldDisplayMessage":false,"stepsCount":0,"attachmentsCount":0,"hasContent":false,"attachmentStep":false},{"name":"Fill in Email field","time":{"start":1731031453378,"stop":1731031453748,"duration":370},"status":"passed","steps":[{"name":"Check Email field is clickable","time":{"start":1731031453378,"stop":1731031453440,"duration":62},"status":"passed","steps":[{"name":"Find clickable elements","time":{"start":1731031453378,"stop":1731031453440,"duration":62},"status":"passed","steps":[],"attachments":[],"parameters":[{"name":"locator","value":"('css selector', '#email')"},{"name":"timeout","value":"5"}],"shouldDisplayMessage":false,"stepsCount":0,"attachmentsCount":0,"hasContent":true,"attachmentStep":false}],"attachments":[],"parameters":[],"shouldDisplayMessage":false,"stepsCount":1,"attachmentsCount":0,"hasContent":true,"attachmentStep":false},{"name":"Fill in a field","time":{"start":1731031453440,"stop":1731031453748,"duration":308},"status":"passed","steps":[{"name":"Find clickable elements","time":{"start":1731031453440,"stop":1731031453499,"duration":59},"status":"passed","steps":[],"attachments":[],"parameters":[{"name":"locator","value":"<selenium.webdriver.remote.webelement.WebElement (session=\"5a38de0fad7cd0753c873538ad199977\", element=\"f.B311A126FA217EC8D2856A50729B2FDD.d.77B7360FF46B483E807018C6F6803893.e.3\")>"},{"name":"timeout","value":"5"}],"shouldDisplayMessage":false,"stepsCount":0,"attachmentsCount":0,"hasContent":true,"attachmentStep":false}],"attachments":[],"parameters":[{"name":"locator","value":"<selenium.webdriver.remote.webelement.WebElement (session=\"5a38de0fad7cd0753c873538ad199977\", element=\"f.B311A126FA217EC8D2856A50729B2FDD.d.77B7360FF46B483E807018C6F6803893.e.3\")>"},{"name":"value","value":"'teston120@mailinator.com'"}],"shouldDisplayMessage":false,"stepsCount":1,"attachmentsCount":0,"hasContent":true,"attachmentStep":false}],"attachments":[],"parameters":[{"name":"email","value":"'teston120@mailinator.com'"}],"shouldDisplayMessage":false,"stepsCount":4,"attachmentsCount":0,"hasContent":true,"attachmentStep":false},{"name":"Fill in Password field","time":{"start":1731031453748,"stop":1731031454898,"duration":1150},"status":"broken","statusMessage":"selenium.common.exceptions.ElementClickInterceptedException: Message: element click intercepted: Element <input name=\"login[password]\" type=\"password\" autocomplete=\"off\" class=\"input-text\" id=\"pass\" title=\"Password\" data-validate=\"{required:true}\" aria-required=\"true\"> is not clickable at point (560, 845). Other element would receive the click: <div id=\"aswift_3_host\" style=\"border: none !important; height: 90px !important; width: 100% !important; margin: 0px !important; padding: 0px !important; position: relative !important; visibility: visible !important; background-color: transparent !important; display: inline-block !important; inset: auto !important; clear: none !important; float: none !important; max-height: none !important; max-width: none !important; opacity: 1 !important; overflow: visible !important; vertical-align: baseline !important; z-index: auto !important;\">...</div>\n  (Session info: chrome=130.0.6723.91)\nStacktrace:\n#0 0x55efc32c813a <unknown>\n#1 0x55efc2de3460 <unknown>\n#2 0x55efc2e36b26 <unknown>\n#3 0x55efc2e34aad <unknown>\n#4 0x55efc2e32557 <unknown>\n#5 0x55efc2e31971 <unknown>\n#6 0x55efc2e24f78 <unknown>\n#7 0x55efc2e54012 <unknown>\n#8 0x55efc2e24958 <unknown>\n#9 0x55efc2e541de <unknown>\n#10 0x55efc2e72af6 <unknown>\n#11 0x55efc2e53db3 <unknown>\n#12 0x55efc2e22c10 <unknown>\n#13 0x55efc2e23bee <unknown>\n#14 0x55efc32943cb <unknown>\n#15 0x55efc3298368 <unknown>\n#16 0x55efc3281eec <unknown>\n#17 0x55efc3298ee7 <unknown>\n#18 0x55efc326713f <unknown>\n#19 0x55efc32b6858 <unknown>\n#20 0x55efc32b6a20 <unknown>\n#21 0x55efc32c6fb6 <unknown>\n#22 0x7ffb78494ac3 <unknown>\n\n","statusTrace":"  File \"/opt/hostedtoolcache/Python/3.11.10/x64/lib/python3.11/site-packages/allure_commons/_allure.py\", line 192, in impl\n    return func(*a, **kw)\n           ^^^^^^^^^^^^^^\n  File \"/home/runner/work/luma_project/luma_project/pages/sign_in_page.py\", line 88, in fill_in_password_field\n    return self.fill_in_field(self.check_customer_password_field_is_clickable(), password)\n           ^^^^^^^^^^^^^^^^^^^^^^^^^^^^^^^^^^^^^^^^^^^^^^^^^^^^^^^^^^^^^^^^^^^^^^^^^^^^^^^\n  File \"/opt/hostedtoolcache/Python/3.11.10/x64/lib/python3.11/site-packages/allure_commons/_allure.py\", line 192, in impl\n    return func(*a, **kw)\n           ^^^^^^^^^^^^^^\n  File \"/home/runner/work/luma_project/luma_project/pages/base_page.py\", line 319, in fill_in_field\n    input_field.click()\n  File \"/opt/hostedtoolcache/Python/3.11.10/x64/lib/python3.11/site-packages/selenium/webdriver/remote/webelement.py\", line 93, in click\n    self._execute(Command.CLICK_ELEMENT)\n  File \"/opt/hostedtoolcache/Python/3.11.10/x64/lib/python3.11/site-packages/selenium/webdriver/remote/webelement.py\", line 394, in _execute\n    return self._parent.execute(command, params)\n           ^^^^^^^^^^^^^^^^^^^^^^^^^^^^^^^^^^^^^\n  File \"/opt/hostedtoolcache/Python/3.11.10/x64/lib/python3.11/site-packages/selenium/webdriver/remote/webdriver.py\", line 344, in execute\n    self.error_handler.check_response(response)\n  File \"/opt/hostedtoolcache/Python/3.11.10/x64/lib/python3.11/site-packages/selenium/webdriver/remote/errorhandler.py\", line 229, in check_response\n    raise exception_class(message, screen, stacktrace)\n","steps":[{"name":"Check Password field is clickable","time":{"start":1731031453748,"stop":1731031453780,"duration":32},"status":"passed","steps":[{"name":"Find clickable elements","time":{"start":1731031453748,"stop":1731031453780,"duration":32},"status":"passed","steps":[],"attachments":[],"parameters":[{"name":"locator","value":"('css selector', '#pass')"},{"name":"timeout","value":"5"}],"shouldDisplayMessage":false,"stepsCount":0,"attachmentsCount":0,"hasContent":true,"attachmentStep":false}],"attachments":[],"parameters":[],"shouldDisplayMessage":false,"stepsCount":1,"attachmentsCount":0,"hasContent":true,"attachmentStep":false},{"name":"Fill in a field","time":{"start":1731031453780,"stop":1731031454897,"duration":1117},"status":"broken","statusMessage":"selenium.common.exceptions.ElementClickInterceptedException: Message: element click intercepted: Element <input name=\"login[password]\" type=\"password\" autocomplete=\"off\" class=\"input-text\" id=\"pass\" title=\"Password\" data-validate=\"{required:true}\" aria-required=\"true\"> is not clickable at point (560, 845). Other element would receive the click: <div id=\"aswift_3_host\" style=\"border: none !important; height: 90px !important; width: 100% !important; margin: 0px !important; padding: 0px !important; position: relative !important; visibility: visible !important; background-color: transparent !important; display: inline-block !important; inset: auto !important; clear: none !important; float: none !important; max-height: none !important; max-width: none !important; opacity: 1 !important; overflow: visible !important; vertical-align: baseline !important; z-index: auto !important;\">...</div>\n  (Session info: chrome=130.0.6723.91)\nStacktrace:\n#0 0x55efc32c813a <unknown>\n#1 0x55efc2de3460 <unknown>\n#2 0x55efc2e36b26 <unknown>\n#3 0x55efc2e34aad <unknown>\n#4 0x55efc2e32557 <unknown>\n#5 0x55efc2e31971 <unknown>\n#6 0x55efc2e24f78 <unknown>\n#7 0x55efc2e54012 <unknown>\n#8 0x55efc2e24958 <unknown>\n#9 0x55efc2e541de <unknown>\n#10 0x55efc2e72af6 <unknown>\n#11 0x55efc2e53db3 <unknown>\n#12 0x55efc2e22c10 <unknown>\n#13 0x55efc2e23bee <unknown>\n#14 0x55efc32943cb <unknown>\n#15 0x55efc3298368 <unknown>\n#16 0x55efc3281eec <unknown>\n#17 0x55efc3298ee7 <unknown>\n#18 0x55efc326713f <unknown>\n#19 0x55efc32b6858 <unknown>\n#20 0x55efc32b6a20 <unknown>\n#21 0x55efc32c6fb6 <unknown>\n#22 0x7ffb78494ac3 <unknown>\n\n","statusTrace":"  File \"/opt/hostedtoolcache/Python/3.11.10/x64/lib/python3.11/site-packages/allure_commons/_allure.py\", line 192, in impl\n    return func(*a, **kw)\n           ^^^^^^^^^^^^^^\n  File \"/home/runner/work/luma_project/luma_project/pages/base_page.py\", line 319, in fill_in_field\n    input_field.click()\n  File \"/opt/hostedtoolcache/Python/3.11.10/x64/lib/python3.11/site-packages/selenium/webdriver/remote/webelement.py\", line 93, in click\n    self._execute(Command.CLICK_ELEMENT)\n  File \"/opt/hostedtoolcache/Python/3.11.10/x64/lib/python3.11/site-packages/selenium/webdriver/remote/webelement.py\", line 394, in _execute\n    return self._parent.execute(command, params)\n           ^^^^^^^^^^^^^^^^^^^^^^^^^^^^^^^^^^^^^\n  File \"/opt/hostedtoolcache/Python/3.11.10/x64/lib/python3.11/site-packages/selenium/webdriver/remote/webdriver.py\", line 344, in execute\n    self.error_handler.check_response(response)\n  File \"/opt/hostedtoolcache/Python/3.11.10/x64/lib/python3.11/site-packages/selenium/webdriver/remote/errorhandler.py\", line 229, in check_response\n    raise exception_class(message, screen, stacktrace)\n","steps":[{"name":"Find clickable elements","time":{"start":1731031453780,"stop":1731031453791,"duration":11},"status":"passed","steps":[],"attachments":[],"parameters":[{"name":"locator","value":"<selenium.webdriver.remote.webelement.WebElement (session=\"5a38de0fad7cd0753c873538ad199977\", element=\"f.B311A126FA217EC8D2856A50729B2FDD.d.77B7360FF46B483E807018C6F6803893.e.4\")>"},{"name":"timeout","value":"5"}],"shouldDisplayMessage":false,"stepsCount":0,"attachmentsCount":0,"hasContent":true,"attachmentStep":false}],"attachments":[],"parameters":[{"name":"locator","value":"<selenium.webdriver.remote.webelement.WebElement (session=\"5a38de0fad7cd0753c873538ad199977\", element=\"f.B311A126FA217EC8D2856A50729B2FDD.d.77B7360FF46B483E807018C6F6803893.e.4\")>"},{"name":"value","value":"''"}],"shouldDisplayMessage":true,"stepsCount":1,"attachmentsCount":0,"hasContent":true,"attachmentStep":false}],"attachments":[],"parameters":[{"name":"password","value":"''"}],"shouldDisplayMessage":false,"stepsCount":4,"attachmentsCount":0,"hasContent":true,"attachmentStep":false}],"attachments":[{"uid":"b0c7825dc50ba15","name":"Screenshot","source":"b0c7825dc50ba15.png","type":"image/png","size":170096},{"uid":"1ae3df478a9c7e4b","name":"HTML source","source":"1ae3df478a9c7e4b.html","type":"text/html","size":144552}],"parameters":[],"shouldDisplayMessage":true,"stepsCount":11,"attachmentsCount":2,"hasContent":true,"attachmentStep":false},"afterStages":[{"name":"driver::0","time":{"start":1731031455038,"stop":1731031455117,"duration":79},"status":"passed","steps":[],"attachments":[],"parameters":[],"shouldDisplayMessage":false,"stepsCount":0,"attachmentsCount":0,"hasContent":false,"attachmentStep":false},{"name":"clear_allure_result_folder::0","time":{"start":1731031563980,"stop":1731031563980,"duration":0},"status":"passed","steps":[],"attachments":[],"parameters":[],"shouldDisplayMessage":false,"stepsCount":0,"attachmentsCount":0,"hasContent":false,"attachmentStep":false}],"labels":[{"name":"feature","value":"Failed Login Functionality"},{"name":"parentSuite","value":"tests"},{"name":"suite","value":"test_sign_in"},{"name":"subSuite","value":"TestFailedLogin"},{"name":"host","value":"fv-az841-241"},{"name":"thread","value":"2816-MainThread"},{"name":"framework","value":"pytest"},{"name":"language","value":"cpython3"},{"name":"package","value":"tests.test_sign_in"},{"name":"resultFormat","value":"allure2"}],"parameters":[{"name":"email","value":"'teston120@mailinator.com'"},{"name":"password","value":"''"}],"links":[],"hidden":false,"retry":false,"extra":{"severity":"normal","retries":[],"categories":[{"name":"Test defects","matchedStatuses":[],"flaky":false}],"history":{"statistic":{"failed":0,"broken":3,"skipped":0,"passed":3,"unknown":0,"total":6},"items":[{"uid":"e95fc91492665004","reportUrl":"https://verafes.github.io/luma_project/487//#testresult/e95fc91492665004","status":"broken","statusDetails":"selenium.common.exceptions.ElementClickInterceptedException: Message: element click intercepted: Element <input name=\"login[password]\" type=\"password\" autocomplete=\"off\" class=\"input-text\" id=\"pass\" title=\"Password\" data-validate=\"{required:true}\" aria-required=\"true\"> is not clickable at point (560, 845). Other element would receive the click: <div id=\"aswift_3_host\" style=\"border: none !important; height: 90px !important; width: 100% !important; margin: 0px !important; padding: 0px !important; position: relative !important; visibility: visible !important; background-color: transparent !important; display: inline-block !important; inset: auto !important; clear: none !important; float: none !important; max-height: none !important; max-width: none !important; opacity: 1 !important; overflow: visible !important; vertical-align: baseline !important; z-index: auto !important;\">...</div>\n  (Session info: chrome=130.0.6723.91)\nStacktrace:\n#0 0x564509b9d13a <unknown>\n#1 0x5645096b8460 <unknown>\n#2 0x56450970bb26 <unknown>\n#3 0x564509709aad <unknown>\n#4 0x564509707557 <unknown>\n#5 0x564509706971 <unknown>\n#6 0x5645096f9f78 <unknown>\n#7 0x564509729012 <unknown>\n#8 0x5645096f9958 <unknown>\n#9 0x5645097291de <unknown>\n#10 0x564509747af6 <unknown>\n#11 0x564509728db3 <unknown>\n#12 0x5645096f7c10 <unknown>\n#13 0x5645096f8bee <unknown>\n#14 0x564509b693cb <unknown>\n#15 0x564509b6d368 <unknown>\n#16 0x564509b56eec <unknown>\n#17 0x564509b6dee7 <unknown>\n#18 0x564509b3c13f <unknown>\n#19 0x564509b8b858 <unknown>\n#20 0x564509b8ba20 <unknown>\n#21 0x564509b9bfb6 <unknown>\n#22 0x7f28aae94ac3 <unknown>","time":{"start":1730945096415,"stop":1730945099954,"duration":3539}},{"uid":"962d7ff5ec991eb6","reportUrl":"https://verafes.github.io/luma_project/486//#testresult/962d7ff5ec991eb6","status":"broken","statusDetails":"selenium.common.exceptions.ElementClickInterceptedException: Message: element click intercepted: Element <input name=\"login[username]\" value=\"\" autocomplete=\"off\" id=\"email\" type=\"email\" class=\"input-text\" title=\"Email\" data-validate=\"{required:true, 'validate-email':true}\" aria-required=\"true\"> is not clickable at point (560, 767). Other element would receive the click: <iframe id=\"aswift_3\" name=\"aswift_3\" browsingtopics=\"true\" style=\"width: 1005px !important; height: 124px !important; display: block; margin: 0px auto;\" sandbox=\"allow-forms allow-popups allow-popups-to-escape-sandbox allow-same-origin allow-scripts allow-top-navigation-by-user-activation\" width=\"1005\" height=\"124\" frameborder=\"0\" marginwidth=\"0\" marginheight=\"0\" vspace=\"0\" hspace=\"0\" allowtransparency=\"true\" scrolling=\"no\" allow=\"attribution-reporting; run-ad-auction\" src=\"https://googleads.g.doubleclick.net/pagead/html/r20241030/r20190131/zrt_lookup_fy2021.html#RS-0-&amp;adk=1812271801&amp;client=ca-pub-7399332034053978&amp;fa=1&amp;ifi=4&amp;uci=a!4&amp;btvi=2\" data-google-container-id=\"a!4\" tabindex=\"0\" title=\"Advertisement\" aria-label=\"Advertisement\" data-google-query-id=\"CNCJhsHPxokDFY04RAgdKawkww\" data-load-complete=\"true\"></iframe>\n  (Session info: chrome=130.0.6723.58)\nStacktrace:\n#0 0x55a6441110aa <unknown>\n#1 0x55a643c281a0 <unknown>\n#2 0x55a643c7b896 <unknown>\n#3 0x55a643c7982d <unknown>\n#4 0x55a643c772d7 <unknown>\n#5 0x55a643c766f1 <unknown>\n#6 0x55a643c69cf8 <unknown>\n#7 0x55a643c98d82 <unknown>\n#8 0x55a643c696d8 <unknown>\n#9 0x55a643c98f4e <unknown>\n#10 0x55a643cb7866 <unknown>\n#11 0x55a643c98b23 <unknown>\n#12 0x55a643c67990 <unknown>\n#13 0x55a643c6896e <unknown>\n#14 0x55a6440dd16b <unknown>\n#15 0x55a6440e0f68 <unknown>\n#16 0x55a6440ca64c <unknown>\n#17 0x55a6440e1ae7 <unknown>\n#18 0x55a6440af4af <unknown>\n#19 0x55a6440ff4f8 <unknown>\n#20 0x55a6440ff6c0 <unknown>\n#21 0x55a64410ff26 <unknown>\n#22 0x7f2a22294ac3 <unknown>","time":{"start":1730858802601,"stop":1730858805642,"duration":3041}},{"uid":"3f766d65525b1a5b","reportUrl":"https://verafes.github.io/luma_project/485//#testresult/3f766d65525b1a5b","status":"passed","time":{"start":1730772096634,"stop":1730772098981,"duration":2347}},{"uid":"b45d7ae0e6bf6773","reportUrl":"https://verafes.github.io/luma_project/484//#testresult/b45d7ae0e6bf6773","status":"passed","time":{"start":1730685979059,"stop":1730685981015,"duration":1956}},{"uid":"2243a8d86f5ba5ae","reportUrl":"https://verafes.github.io/luma_project/483//#testresult/2243a8d86f5ba5ae","status":"passed","time":{"start":1730599620365,"stop":1730599622948,"duration":2583}}]},"tags":[]},"source":"41f035d1af16869a.json","parameterValues":["'teston120@mailinator.com'","''"]}