{"uid":"8834e8d7740f5068","name":"TC 03.02.01 to 03_02_10 Verify Failed Login, no error validation","fullName":"tests.test_sign_in.TestFailedLogin#test_03_02_01_to_03_02_10_login","historyId":"a4c3e330a0503b28a509cfdc77458040","time":{"start":1731031442537,"stop":1731031445597,"duration":3060},"description":"Check Success and Failed Login, no error validation","descriptionHtml":"<p>Check Success and Failed Login, no error validation</p>\n","status":"broken","statusMessage":"selenium.common.exceptions.ElementClickInterceptedException: Message: element click intercepted: Element <input name=\"login[password]\" type=\"password\" autocomplete=\"off\" class=\"input-text\" id=\"pass\" title=\"Password\" data-validate=\"{required:true}\" aria-required=\"true\"> is not clickable at point (560, 845). Other element would receive the click: <div id=\"aswift_3_host\" style=\"border: none !important; height: 90px !important; width: 100% !important; margin: 0px !important; padding: 0px !important; position: relative !important; visibility: visible !important; background-color: transparent !important; display: inline-block !important; inset: auto !important; clear: none !important; float: none !important; max-height: none !important; max-width: none !important; opacity: 1 !important; overflow: visible !important; vertical-align: baseline !important; z-index: auto !important;\">...</div>\n  (Session info: chrome=130.0.6723.91)\nStacktrace:\n#0 0x55ef7912013a <unknown>\n#1 0x55ef78c3b460 <unknown>\n#2 0x55ef78c8eb26 <unknown>\n#3 0x55ef78c8caad <unknown>\n#4 0x55ef78c8a557 <unknown>\n#5 0x55ef78c89971 <unknown>\n#6 0x55ef78c7cf78 <unknown>\n#7 0x55ef78cac012 <unknown>\n#8 0x55ef78c7c958 <unknown>\n#9 0x55ef78cac1de <unknown>\n#10 0x55ef78ccaaf6 <unknown>\n#11 0x55ef78cabdb3 <unknown>\n#12 0x55ef78c7ac10 <unknown>\n#13 0x55ef78c7bbee <unknown>\n#14 0x55ef790ec3cb <unknown>\n#15 0x55ef790f0368 <unknown>\n#16 0x55ef790d9eec <unknown>\n#17 0x55ef790f0ee7 <unknown>\n#18 0x55ef790bf13f <unknown>\n#19 0x55ef7910e858 <unknown>\n#20 0x55ef7910ea20 <unknown>\n#21 0x55ef7911efb6 <unknown>\n#22 0x7f4c1dc94ac3 <unknown>","statusTrace":"self = <test_sign_in.TestFailedLogin object at 0x7fbb0d7e8a90>\ndriver = <selenium.webdriver.chrome.webdriver.WebDriver (session=\"27538714355253aea7a3d76bd30cdbda\")>\nemail = 'teston120@mailinator.com', password = 'Test#12p@ssw0rd'\n\n    @allure.title('TC 03.02.01 to 03_02_10 Verify Failed Login, no error validation')\n    @pytest.mark.parametrize('email, password', LOGIN)\n    def test_03_02_01_to_03_02_10_login(self, driver, email, password):\n        \"\"\"Check Success and Failed Login, no error validation\"\"\"\n        sign_in_page = SignInPage(driver, SIGN_IN_URL)\n        sign_in_page.open()\n        sign_in_page.fill_in_email_field(email)\n>       sign_in_page.fill_in_password_field(password)\n\ntests/test_sign_in.py:257: \n_ _ _ _ _ _ _ _ _ _ _ _ _ _ _ _ _ _ _ _ _ _ _ _ _ _ _ _ _ _ _ _ _ _ _ _ _ _ _ _ \npages/sign_in_page.py:88: in fill_in_password_field\n    return self.fill_in_field(self.check_customer_password_field_is_clickable(), password)\npages/base_page.py:319: in fill_in_field\n    input_field.click()\n/opt/hostedtoolcache/Python/3.11.10/x64/lib/python3.11/site-packages/selenium/webdriver/remote/webelement.py:93: in click\n    self._execute(Command.CLICK_ELEMENT)\n/opt/hostedtoolcache/Python/3.11.10/x64/lib/python3.11/site-packages/selenium/webdriver/remote/webelement.py:394: in _execute\n    return self._parent.execute(command, params)\n/opt/hostedtoolcache/Python/3.11.10/x64/lib/python3.11/site-packages/selenium/webdriver/remote/webdriver.py:344: in execute\n    self.error_handler.check_response(response)\n_ _ _ _ _ _ _ _ _ _ _ _ _ _ _ _ _ _ _ _ _ _ _ _ _ _ _ _ _ _ _ _ _ _ _ _ _ _ _ _ \n\nself = <selenium.webdriver.remote.errorhandler.ErrorHandler object at 0x7fbb0d64c8d0>\nresponse = {'status': 400, 'value': '{\"value\":{\"error\":\"element click intercepted\",\"message\":\"element click intercepted: Element ...\\\\n#20 0x55ef7910ea20 \\\\u003Cunknown>\\\\n#21 0x55ef7911efb6 \\\\u003Cunknown>\\\\n#22 0x7f4c1dc94ac3 \\\\u003Cunknown>\\\\n\"}}'}\n\n    def check_response(self, response: Dict[str, Any]) -> None:\n        \"\"\"Checks that a JSON response from the WebDriver does not have an\n        error.\n    \n        :Args:\n         - response - The JSON response from the WebDriver server as a dictionary\n           object.\n    \n        :Raises: If the response contains an error message.\n        \"\"\"\n        status = response.get(\"status\", None)\n        if not status or status == ErrorCode.SUCCESS:\n            return\n        value = None\n        message = response.get(\"message\", \"\")\n        screen: str = response.get(\"screen\", \"\")\n        stacktrace = None\n        if isinstance(status, int):\n            value_json = response.get(\"value\", None)\n            if value_json and isinstance(value_json, str):\n                import json\n    \n                try:\n                    value = json.loads(value_json)\n                    if len(value) == 1:\n                        value = value[\"value\"]\n                    status = value.get(\"error\", None)\n                    if not status:\n                        status = value.get(\"status\", ErrorCode.UNKNOWN_ERROR)\n                        message = value.get(\"value\") or value.get(\"message\")\n                        if not isinstance(message, str):\n                            value = message\n                            message = message.get(\"message\")\n                    else:\n                        message = value.get(\"message\", None)\n                except ValueError:\n                    pass\n    \n        exception_class: Type[WebDriverException]\n        e = ErrorCode()\n        error_codes = [item for item in dir(e) if not item.startswith(\"__\")]\n        for error_code in error_codes:\n            error_info = getattr(ErrorCode, error_code)\n            if isinstance(error_info, list) and status in error_info:\n                exception_class = getattr(ExceptionMapping, error_code, WebDriverException)\n                break\n        else:\n            exception_class = WebDriverException\n    \n        if not value:\n            value = response[\"value\"]\n        if isinstance(value, str):\n            raise exception_class(value)\n        if message == \"\" and \"message\" in value:\n            message = value[\"message\"]\n    \n        screen = None  # type: ignore[assignment]\n        if \"screen\" in value:\n            screen = value[\"screen\"]\n    \n        stacktrace = None\n        st_value = value.get(\"stackTrace\") or value.get(\"stacktrace\")\n        if st_value:\n            if isinstance(st_value, str):\n                stacktrace = st_value.split(\"\\n\")\n            else:\n                stacktrace = []\n                try:\n                    for frame in st_value:\n                        line = frame.get(\"lineNumber\", \"\")\n                        file = frame.get(\"fileName\", \"<anonymous>\")\n                        if line:\n                            file = f\"{file}:{line}\"\n                        meth = frame.get(\"methodName\", \"<anonymous>\")\n                        if \"className\" in frame:\n                            meth = f\"{frame['className']}.{meth}\"\n                        msg = \"    at %s (%s)\"\n                        msg = msg % (meth, file)\n                        stacktrace.append(msg)\n                except TypeError:\n                    pass\n        if exception_class == UnexpectedAlertPresentException:\n            alert_text = None\n            if \"data\" in value:\n                alert_text = value[\"data\"].get(\"text\")\n            elif \"alert\" in value:\n                alert_text = value[\"alert\"].get(\"text\")\n            raise exception_class(message, screen, stacktrace, alert_text)  # type: ignore[call-arg]  # mypy is not smart enough here\n>       raise exception_class(message, screen, stacktrace)\nE       selenium.common.exceptions.ElementClickInterceptedException: Message: element click intercepted: Element <input name=\"login[password]\" type=\"password\" autocomplete=\"off\" class=\"input-text\" id=\"pass\" title=\"Password\" data-validate=\"{required:true}\" aria-required=\"true\"> is not clickable at point (560, 845). Other element would receive the click: <div id=\"aswift_3_host\" style=\"border: none !important; height: 90px !important; width: 100% !important; margin: 0px !important; padding: 0px !important; position: relative !important; visibility: visible !important; background-color: transparent !important; display: inline-block !important; inset: auto !important; clear: none !important; float: none !important; max-height: none !important; max-width: none !important; opacity: 1 !important; overflow: visible !important; vertical-align: baseline !important; z-index: auto !important;\">...</div>\nE         (Session info: chrome=130.0.6723.91)\nE       Stacktrace:\nE       #0 0x55ef7912013a <unknown>\nE       #1 0x55ef78c3b460 <unknown>\nE       #2 0x55ef78c8eb26 <unknown>\nE       #3 0x55ef78c8caad <unknown>\nE       #4 0x55ef78c8a557 <unknown>\nE       #5 0x55ef78c89971 <unknown>\nE       #6 0x55ef78c7cf78 <unknown>\nE       #7 0x55ef78cac012 <unknown>\nE       #8 0x55ef78c7c958 <unknown>\nE       #9 0x55ef78cac1de <unknown>\nE       #10 0x55ef78ccaaf6 <unknown>\nE       #11 0x55ef78cabdb3 <unknown>\nE       #12 0x55ef78c7ac10 <unknown>\nE       #13 0x55ef78c7bbee <unknown>\nE       #14 0x55ef790ec3cb <unknown>\nE       #15 0x55ef790f0368 <unknown>\nE       #16 0x55ef790d9eec <unknown>\nE       #17 0x55ef790f0ee7 <unknown>\nE       #18 0x55ef790bf13f <unknown>\nE       #19 0x55ef7910e858 <unknown>\nE       #20 0x55ef7910ea20 <unknown>\nE       #21 0x55ef7911efb6 <unknown>\nE       #22 0x7f4c1dc94ac3 <unknown>\n\n/opt/hostedtoolcache/Python/3.11.10/x64/lib/python3.11/site-packages/selenium/webdriver/remote/errorhandler.py:229: ElementClickInterceptedException","flaky":false,"newFailed":false,"newBroken":false,"newPassed":false,"retriesCount":0,"retriesStatusChange":false,"beforeStages":[{"name":"_session_faker","time":{"start":1731029793188,"stop":1731029793252,"duration":64},"status":"passed","steps":[],"attachments":[],"parameters":[],"shouldDisplayMessage":false,"stepsCount":0,"attachmentsCount":0,"hasContent":false,"attachmentStep":false},{"name":"clear_allure_result_folder","time":{"start":1731029793253,"stop":1731029793253,"duration":0},"status":"passed","steps":[],"attachments":[],"parameters":[],"shouldDisplayMessage":false,"stepsCount":0,"attachmentsCount":0,"hasContent":false,"attachmentStep":false},{"name":"driver","time":{"start":1731031441274,"stop":1731031442537,"duration":1263},"status":"passed","steps":[],"attachments":[],"parameters":[],"shouldDisplayMessage":false,"stepsCount":0,"attachmentsCount":0,"hasContent":false,"attachmentStep":false}],"testStage":{"description":"Check Success and Failed Login, no error validation","status":"broken","statusMessage":"selenium.common.exceptions.ElementClickInterceptedException: Message: element click intercepted: Element <input name=\"login[password]\" type=\"password\" autocomplete=\"off\" class=\"input-text\" id=\"pass\" title=\"Password\" data-validate=\"{required:true}\" aria-required=\"true\"> is not clickable at point (560, 845). Other element would receive the click: <div id=\"aswift_3_host\" style=\"border: none !important; height: 90px !important; width: 100% !important; margin: 0px !important; padding: 0px !important; position: relative !important; visibility: visible !important; background-color: transparent !important; display: inline-block !important; inset: auto !important; clear: none !important; float: none !important; max-height: none !important; max-width: none !important; opacity: 1 !important; overflow: visible !important; vertical-align: baseline !important; z-index: auto !important;\">...</div>\n  (Session info: chrome=130.0.6723.91)\nStacktrace:\n#0 0x55ef7912013a <unknown>\n#1 0x55ef78c3b460 <unknown>\n#2 0x55ef78c8eb26 <unknown>\n#3 0x55ef78c8caad <unknown>\n#4 0x55ef78c8a557 <unknown>\n#5 0x55ef78c89971 <unknown>\n#6 0x55ef78c7cf78 <unknown>\n#7 0x55ef78cac012 <unknown>\n#8 0x55ef78c7c958 <unknown>\n#9 0x55ef78cac1de <unknown>\n#10 0x55ef78ccaaf6 <unknown>\n#11 0x55ef78cabdb3 <unknown>\n#12 0x55ef78c7ac10 <unknown>\n#13 0x55ef78c7bbee <unknown>\n#14 0x55ef790ec3cb <unknown>\n#15 0x55ef790f0368 <unknown>\n#16 0x55ef790d9eec <unknown>\n#17 0x55ef790f0ee7 <unknown>\n#18 0x55ef790bf13f <unknown>\n#19 0x55ef7910e858 <unknown>\n#20 0x55ef7910ea20 <unknown>\n#21 0x55ef7911efb6 <unknown>\n#22 0x7f4c1dc94ac3 <unknown>","statusTrace":"self = <test_sign_in.TestFailedLogin object at 0x7fbb0d7e8a90>\ndriver = <selenium.webdriver.chrome.webdriver.WebDriver (session=\"27538714355253aea7a3d76bd30cdbda\")>\nemail = 'teston120@mailinator.com', password = 'Test#12p@ssw0rd'\n\n    @allure.title('TC 03.02.01 to 03_02_10 Verify Failed Login, no error validation')\n    @pytest.mark.parametrize('email, password', LOGIN)\n    def test_03_02_01_to_03_02_10_login(self, driver, email, password):\n        \"\"\"Check Success and Failed Login, no error validation\"\"\"\n        sign_in_page = SignInPage(driver, SIGN_IN_URL)\n        sign_in_page.open()\n        sign_in_page.fill_in_email_field(email)\n>       sign_in_page.fill_in_password_field(password)\n\ntests/test_sign_in.py:257: \n_ _ _ _ _ _ _ _ _ _ _ _ _ _ _ _ _ _ _ _ _ _ _ _ _ _ _ _ _ _ _ _ _ _ _ _ _ _ _ _ \npages/sign_in_page.py:88: in fill_in_password_field\n    return self.fill_in_field(self.check_customer_password_field_is_clickable(), password)\npages/base_page.py:319: in fill_in_field\n    input_field.click()\n/opt/hostedtoolcache/Python/3.11.10/x64/lib/python3.11/site-packages/selenium/webdriver/remote/webelement.py:93: in click\n    self._execute(Command.CLICK_ELEMENT)\n/opt/hostedtoolcache/Python/3.11.10/x64/lib/python3.11/site-packages/selenium/webdriver/remote/webelement.py:394: in _execute\n    return self._parent.execute(command, params)\n/opt/hostedtoolcache/Python/3.11.10/x64/lib/python3.11/site-packages/selenium/webdriver/remote/webdriver.py:344: in execute\n    self.error_handler.check_response(response)\n_ _ _ _ _ _ _ _ _ _ _ _ _ _ _ _ _ _ _ _ _ _ _ _ _ _ _ _ _ _ _ _ _ _ _ _ _ _ _ _ \n\nself = <selenium.webdriver.remote.errorhandler.ErrorHandler object at 0x7fbb0d64c8d0>\nresponse = {'status': 400, 'value': '{\"value\":{\"error\":\"element click intercepted\",\"message\":\"element click intercepted: Element ...\\\\n#20 0x55ef7910ea20 \\\\u003Cunknown>\\\\n#21 0x55ef7911efb6 \\\\u003Cunknown>\\\\n#22 0x7f4c1dc94ac3 \\\\u003Cunknown>\\\\n\"}}'}\n\n    def check_response(self, response: Dict[str, Any]) -> None:\n        \"\"\"Checks that a JSON response from the WebDriver does not have an\n        error.\n    \n        :Args:\n         - response - The JSON response from the WebDriver server as a dictionary\n           object.\n    \n        :Raises: If the response contains an error message.\n        \"\"\"\n        status = response.get(\"status\", None)\n        if not status or status == ErrorCode.SUCCESS:\n            return\n        value = None\n        message = response.get(\"message\", \"\")\n        screen: str = response.get(\"screen\", \"\")\n        stacktrace = None\n        if isinstance(status, int):\n            value_json = response.get(\"value\", None)\n            if value_json and isinstance(value_json, str):\n                import json\n    \n                try:\n                    value = json.loads(value_json)\n                    if len(value) == 1:\n                        value = value[\"value\"]\n                    status = value.get(\"error\", None)\n                    if not status:\n                        status = value.get(\"status\", ErrorCode.UNKNOWN_ERROR)\n                        message = value.get(\"value\") or value.get(\"message\")\n                        if not isinstance(message, str):\n                            value = message\n                            message = message.get(\"message\")\n                    else:\n                        message = value.get(\"message\", None)\n                except ValueError:\n                    pass\n    \n        exception_class: Type[WebDriverException]\n        e = ErrorCode()\n        error_codes = [item for item in dir(e) if not item.startswith(\"__\")]\n        for error_code in error_codes:\n            error_info = getattr(ErrorCode, error_code)\n            if isinstance(error_info, list) and status in error_info:\n                exception_class = getattr(ExceptionMapping, error_code, WebDriverException)\n                break\n        else:\n            exception_class = WebDriverException\n    \n        if not value:\n            value = response[\"value\"]\n        if isinstance(value, str):\n            raise exception_class(value)\n        if message == \"\" and \"message\" in value:\n            message = value[\"message\"]\n    \n        screen = None  # type: ignore[assignment]\n        if \"screen\" in value:\n            screen = value[\"screen\"]\n    \n        stacktrace = None\n        st_value = value.get(\"stackTrace\") or value.get(\"stacktrace\")\n        if st_value:\n            if isinstance(st_value, str):\n                stacktrace = st_value.split(\"\\n\")\n            else:\n                stacktrace = []\n                try:\n                    for frame in st_value:\n                        line = frame.get(\"lineNumber\", \"\")\n                        file = frame.get(\"fileName\", \"<anonymous>\")\n                        if line:\n                            file = f\"{file}:{line}\"\n                        meth = frame.get(\"methodName\", \"<anonymous>\")\n                        if \"className\" in frame:\n                            meth = f\"{frame['className']}.{meth}\"\n                        msg = \"    at %s (%s)\"\n                        msg = msg % (meth, file)\n                        stacktrace.append(msg)\n                except TypeError:\n                    pass\n        if exception_class == UnexpectedAlertPresentException:\n            alert_text = None\n            if \"data\" in value:\n                alert_text = value[\"data\"].get(\"text\")\n            elif \"alert\" in value:\n                alert_text = value[\"alert\"].get(\"text\")\n            raise exception_class(message, screen, stacktrace, alert_text)  # type: ignore[call-arg]  # mypy is not smart enough here\n>       raise exception_class(message, screen, stacktrace)\nE       selenium.common.exceptions.ElementClickInterceptedException: Message: element click intercepted: Element <input name=\"login[password]\" type=\"password\" autocomplete=\"off\" class=\"input-text\" id=\"pass\" title=\"Password\" data-validate=\"{required:true}\" aria-required=\"true\"> is not clickable at point (560, 845). Other element would receive the click: <div id=\"aswift_3_host\" style=\"border: none !important; height: 90px !important; width: 100% !important; margin: 0px !important; padding: 0px !important; position: relative !important; visibility: visible !important; background-color: transparent !important; display: inline-block !important; inset: auto !important; clear: none !important; float: none !important; max-height: none !important; max-width: none !important; opacity: 1 !important; overflow: visible !important; vertical-align: baseline !important; z-index: auto !important;\">...</div>\nE         (Session info: chrome=130.0.6723.91)\nE       Stacktrace:\nE       #0 0x55ef7912013a <unknown>\nE       #1 0x55ef78c3b460 <unknown>\nE       #2 0x55ef78c8eb26 <unknown>\nE       #3 0x55ef78c8caad <unknown>\nE       #4 0x55ef78c8a557 <unknown>\nE       #5 0x55ef78c89971 <unknown>\nE       #6 0x55ef78c7cf78 <unknown>\nE       #7 0x55ef78cac012 <unknown>\nE       #8 0x55ef78c7c958 <unknown>\nE       #9 0x55ef78cac1de <unknown>\nE       #10 0x55ef78ccaaf6 <unknown>\nE       #11 0x55ef78cabdb3 <unknown>\nE       #12 0x55ef78c7ac10 <unknown>\nE       #13 0x55ef78c7bbee <unknown>\nE       #14 0x55ef790ec3cb <unknown>\nE       #15 0x55ef790f0368 <unknown>\nE       #16 0x55ef790d9eec <unknown>\nE       #17 0x55ef790f0ee7 <unknown>\nE       #18 0x55ef790bf13f <unknown>\nE       #19 0x55ef7910e858 <unknown>\nE       #20 0x55ef7910ea20 <unknown>\nE       #21 0x55ef7911efb6 <unknown>\nE       #22 0x7f4c1dc94ac3 <unknown>\n\n/opt/hostedtoolcache/Python/3.11.10/x64/lib/python3.11/site-packages/selenium/webdriver/remote/errorhandler.py:229: ElementClickInterceptedException","steps":[{"name":"Open a browser","time":{"start":1731031442537,"stop":1731031444152,"duration":1615},"status":"passed","steps":[],"attachments":[],"parameters":[],"shouldDisplayMessage":false,"stepsCount":0,"attachmentsCount":0,"hasContent":false,"attachmentStep":false},{"name":"Fill in Email field","time":{"start":1731031444152,"stop":1731031444462,"duration":310},"status":"passed","steps":[{"name":"Check Email field is clickable","time":{"start":1731031444152,"stop":1731031444199,"duration":47},"status":"passed","steps":[{"name":"Find clickable elements","time":{"start":1731031444152,"stop":1731031444199,"duration":47},"status":"passed","steps":[],"attachments":[],"parameters":[{"name":"locator","value":"('css selector', '#email')"},{"name":"timeout","value":"5"}],"shouldDisplayMessage":false,"stepsCount":0,"attachmentsCount":0,"hasContent":true,"attachmentStep":false}],"attachments":[],"parameters":[],"shouldDisplayMessage":false,"stepsCount":1,"attachmentsCount":0,"hasContent":true,"attachmentStep":false},{"name":"Fill in a field","time":{"start":1731031444199,"stop":1731031444462,"duration":263},"status":"passed","steps":[{"name":"Find clickable elements","time":{"start":1731031444199,"stop":1731031444220,"duration":21},"status":"passed","steps":[],"attachments":[],"parameters":[{"name":"locator","value":"<selenium.webdriver.remote.webelement.WebElement (session=\"27538714355253aea7a3d76bd30cdbda\", element=\"f.ABEFB7A383532ED4E6F925DE59AD642B.d.49173BFFE37117F0B68F601E196F6D6A.e.3\")>"},{"name":"timeout","value":"5"}],"shouldDisplayMessage":false,"stepsCount":0,"attachmentsCount":0,"hasContent":true,"attachmentStep":false}],"attachments":[],"parameters":[{"name":"locator","value":"<selenium.webdriver.remote.webelement.WebElement (session=\"27538714355253aea7a3d76bd30cdbda\", element=\"f.ABEFB7A383532ED4E6F925DE59AD642B.d.49173BFFE37117F0B68F601E196F6D6A.e.3\")>"},{"name":"value","value":"'teston120@mailinator.com'"}],"shouldDisplayMessage":false,"stepsCount":1,"attachmentsCount":0,"hasContent":true,"attachmentStep":false}],"attachments":[],"parameters":[{"name":"email","value":"'teston120@mailinator.com'"}],"shouldDisplayMessage":false,"stepsCount":4,"attachmentsCount":0,"hasContent":true,"attachmentStep":false},{"name":"Fill in Password field","time":{"start":1731031444462,"stop":1731031445596,"duration":1134},"status":"broken","statusMessage":"selenium.common.exceptions.ElementClickInterceptedException: Message: element click intercepted: Element <input name=\"login[password]\" type=\"password\" autocomplete=\"off\" class=\"input-text\" id=\"pass\" title=\"Password\" data-validate=\"{required:true}\" aria-required=\"true\"> is not clickable at point (560, 845). Other element would receive the click: <div id=\"aswift_3_host\" style=\"border: none !important; height: 90px !important; width: 100% !important; margin: 0px !important; padding: 0px !important; position: relative !important; visibility: visible !important; background-color: transparent !important; display: inline-block !important; inset: auto !important; clear: none !important; float: none !important; max-height: none !important; max-width: none !important; opacity: 1 !important; overflow: visible !important; vertical-align: baseline !important; z-index: auto !important;\">...</div>\n  (Session info: chrome=130.0.6723.91)\nStacktrace:\n#0 0x55ef7912013a <unknown>\n#1 0x55ef78c3b460 <unknown>\n#2 0x55ef78c8eb26 <unknown>\n#3 0x55ef78c8caad <unknown>\n#4 0x55ef78c8a557 <unknown>\n#5 0x55ef78c89971 <unknown>\n#6 0x55ef78c7cf78 <unknown>\n#7 0x55ef78cac012 <unknown>\n#8 0x55ef78c7c958 <unknown>\n#9 0x55ef78cac1de <unknown>\n#10 0x55ef78ccaaf6 <unknown>\n#11 0x55ef78cabdb3 <unknown>\n#12 0x55ef78c7ac10 <unknown>\n#13 0x55ef78c7bbee <unknown>\n#14 0x55ef790ec3cb <unknown>\n#15 0x55ef790f0368 <unknown>\n#16 0x55ef790d9eec <unknown>\n#17 0x55ef790f0ee7 <unknown>\n#18 0x55ef790bf13f <unknown>\n#19 0x55ef7910e858 <unknown>\n#20 0x55ef7910ea20 <unknown>\n#21 0x55ef7911efb6 <unknown>\n#22 0x7f4c1dc94ac3 <unknown>\n\n","statusTrace":"  File \"/opt/hostedtoolcache/Python/3.11.10/x64/lib/python3.11/site-packages/allure_commons/_allure.py\", line 192, in impl\n    return func(*a, **kw)\n           ^^^^^^^^^^^^^^\n  File \"/home/runner/work/luma_project/luma_project/pages/sign_in_page.py\", line 88, in fill_in_password_field\n    return self.fill_in_field(self.check_customer_password_field_is_clickable(), password)\n           ^^^^^^^^^^^^^^^^^^^^^^^^^^^^^^^^^^^^^^^^^^^^^^^^^^^^^^^^^^^^^^^^^^^^^^^^^^^^^^^\n  File \"/opt/hostedtoolcache/Python/3.11.10/x64/lib/python3.11/site-packages/allure_commons/_allure.py\", line 192, in impl\n    return func(*a, **kw)\n           ^^^^^^^^^^^^^^\n  File \"/home/runner/work/luma_project/luma_project/pages/base_page.py\", line 319, in fill_in_field\n    input_field.click()\n  File \"/opt/hostedtoolcache/Python/3.11.10/x64/lib/python3.11/site-packages/selenium/webdriver/remote/webelement.py\", line 93, in click\n    self._execute(Command.CLICK_ELEMENT)\n  File \"/opt/hostedtoolcache/Python/3.11.10/x64/lib/python3.11/site-packages/selenium/webdriver/remote/webelement.py\", line 394, in _execute\n    return self._parent.execute(command, params)\n           ^^^^^^^^^^^^^^^^^^^^^^^^^^^^^^^^^^^^^\n  File \"/opt/hostedtoolcache/Python/3.11.10/x64/lib/python3.11/site-packages/selenium/webdriver/remote/webdriver.py\", line 344, in execute\n    self.error_handler.check_response(response)\n  File \"/opt/hostedtoolcache/Python/3.11.10/x64/lib/python3.11/site-packages/selenium/webdriver/remote/errorhandler.py\", line 229, in check_response\n    raise exception_class(message, screen, stacktrace)\n","steps":[{"name":"Check Password field is clickable","time":{"start":1731031444462,"stop":1731031444483,"duration":21},"status":"passed","steps":[{"name":"Find clickable elements","time":{"start":1731031444463,"stop":1731031444483,"duration":20},"status":"passed","steps":[],"attachments":[],"parameters":[{"name":"locator","value":"('css selector', '#pass')"},{"name":"timeout","value":"5"}],"shouldDisplayMessage":false,"stepsCount":0,"attachmentsCount":0,"hasContent":true,"attachmentStep":false}],"attachments":[],"parameters":[],"shouldDisplayMessage":false,"stepsCount":1,"attachmentsCount":0,"hasContent":true,"attachmentStep":false},{"name":"Fill in a field","time":{"start":1731031444483,"stop":1731031445596,"duration":1113},"status":"broken","statusMessage":"selenium.common.exceptions.ElementClickInterceptedException: Message: element click intercepted: Element <input name=\"login[password]\" type=\"password\" autocomplete=\"off\" class=\"input-text\" id=\"pass\" title=\"Password\" data-validate=\"{required:true}\" aria-required=\"true\"> is not clickable at point (560, 845). Other element would receive the click: <div id=\"aswift_3_host\" style=\"border: none !important; height: 90px !important; width: 100% !important; margin: 0px !important; padding: 0px !important; position: relative !important; visibility: visible !important; background-color: transparent !important; display: inline-block !important; inset: auto !important; clear: none !important; float: none !important; max-height: none !important; max-width: none !important; opacity: 1 !important; overflow: visible !important; vertical-align: baseline !important; z-index: auto !important;\">...</div>\n  (Session info: chrome=130.0.6723.91)\nStacktrace:\n#0 0x55ef7912013a <unknown>\n#1 0x55ef78c3b460 <unknown>\n#2 0x55ef78c8eb26 <unknown>\n#3 0x55ef78c8caad <unknown>\n#4 0x55ef78c8a557 <unknown>\n#5 0x55ef78c89971 <unknown>\n#6 0x55ef78c7cf78 <unknown>\n#7 0x55ef78cac012 <unknown>\n#8 0x55ef78c7c958 <unknown>\n#9 0x55ef78cac1de <unknown>\n#10 0x55ef78ccaaf6 <unknown>\n#11 0x55ef78cabdb3 <unknown>\n#12 0x55ef78c7ac10 <unknown>\n#13 0x55ef78c7bbee <unknown>\n#14 0x55ef790ec3cb <unknown>\n#15 0x55ef790f0368 <unknown>\n#16 0x55ef790d9eec <unknown>\n#17 0x55ef790f0ee7 <unknown>\n#18 0x55ef790bf13f <unknown>\n#19 0x55ef7910e858 <unknown>\n#20 0x55ef7910ea20 <unknown>\n#21 0x55ef7911efb6 <unknown>\n#22 0x7f4c1dc94ac3 <unknown>\n\n","statusTrace":"  File \"/opt/hostedtoolcache/Python/3.11.10/x64/lib/python3.11/site-packages/allure_commons/_allure.py\", line 192, in impl\n    return func(*a, **kw)\n           ^^^^^^^^^^^^^^\n  File \"/home/runner/work/luma_project/luma_project/pages/base_page.py\", line 319, in fill_in_field\n    input_field.click()\n  File \"/opt/hostedtoolcache/Python/3.11.10/x64/lib/python3.11/site-packages/selenium/webdriver/remote/webelement.py\", line 93, in click\n    self._execute(Command.CLICK_ELEMENT)\n  File \"/opt/hostedtoolcache/Python/3.11.10/x64/lib/python3.11/site-packages/selenium/webdriver/remote/webelement.py\", line 394, in _execute\n    return self._parent.execute(command, params)\n           ^^^^^^^^^^^^^^^^^^^^^^^^^^^^^^^^^^^^^\n  File \"/opt/hostedtoolcache/Python/3.11.10/x64/lib/python3.11/site-packages/selenium/webdriver/remote/webdriver.py\", line 344, in execute\n    self.error_handler.check_response(response)\n  File \"/opt/hostedtoolcache/Python/3.11.10/x64/lib/python3.11/site-packages/selenium/webdriver/remote/errorhandler.py\", line 229, in check_response\n    raise exception_class(message, screen, stacktrace)\n","steps":[{"name":"Find clickable elements","time":{"start":1731031444483,"stop":1731031444493,"duration":10},"status":"passed","steps":[],"attachments":[],"parameters":[{"name":"locator","value":"<selenium.webdriver.remote.webelement.WebElement (session=\"27538714355253aea7a3d76bd30cdbda\", element=\"f.ABEFB7A383532ED4E6F925DE59AD642B.d.49173BFFE37117F0B68F601E196F6D6A.e.4\")>"},{"name":"timeout","value":"5"}],"shouldDisplayMessage":false,"stepsCount":0,"attachmentsCount":0,"hasContent":true,"attachmentStep":false}],"attachments":[],"parameters":[{"name":"locator","value":"<selenium.webdriver.remote.webelement.WebElement (session=\"27538714355253aea7a3d76bd30cdbda\", element=\"f.ABEFB7A383532ED4E6F925DE59AD642B.d.49173BFFE37117F0B68F601E196F6D6A.e.4\")>"},{"name":"value","value":"'Test#12p@ssw0rd'"}],"shouldDisplayMessage":true,"stepsCount":1,"attachmentsCount":0,"hasContent":true,"attachmentStep":false}],"attachments":[],"parameters":[{"name":"password","value":"'Test#12p@ssw0rd'"}],"shouldDisplayMessage":false,"stepsCount":4,"attachmentsCount":0,"hasContent":true,"attachmentStep":false}],"attachments":[{"uid":"5be533033483ad6","name":"Screenshot","source":"5be533033483ad6.png","type":"image/png","size":84563},{"uid":"c6fbeac3ccd1e61c","name":"HTML source","source":"c6fbeac3ccd1e61c.html","type":"text/html","size":173581}],"parameters":[],"shouldDisplayMessage":true,"stepsCount":11,"attachmentsCount":2,"hasContent":true,"attachmentStep":false},"afterStages":[{"name":"driver::0","time":{"start":1731031445724,"stop":1731031445798,"duration":74},"status":"passed","steps":[],"attachments":[],"parameters":[],"shouldDisplayMessage":false,"stepsCount":0,"attachmentsCount":0,"hasContent":false,"attachmentStep":false},{"name":"clear_allure_result_folder::0","time":{"start":1731031563980,"stop":1731031563980,"duration":0},"status":"passed","steps":[],"attachments":[],"parameters":[],"shouldDisplayMessage":false,"stepsCount":0,"attachmentsCount":0,"hasContent":false,"attachmentStep":false}],"labels":[{"name":"feature","value":"Failed Login Functionality"},{"name":"parentSuite","value":"tests"},{"name":"suite","value":"test_sign_in"},{"name":"subSuite","value":"TestFailedLogin"},{"name":"host","value":"fv-az841-241"},{"name":"thread","value":"2816-MainThread"},{"name":"framework","value":"pytest"},{"name":"language","value":"cpython3"},{"name":"package","value":"tests.test_sign_in"},{"name":"resultFormat","value":"allure2"}],"parameters":[{"name":"email","value":"'teston120@mailinator.com'"},{"name":"password","value":"'Test#12p@ssw0rd'"}],"links":[],"hidden":false,"retry":false,"extra":{"severity":"normal","retries":[],"categories":[{"name":"Test defects","matchedStatuses":[],"flaky":false}],"history":{"statistic":{"failed":0,"broken":3,"skipped":0,"passed":3,"unknown":0,"total":6},"items":[{"uid":"886c2ec8c9ba253c","reportUrl":"https://verafes.github.io/luma_project/487//#testresult/886c2ec8c9ba253c","status":"broken","statusDetails":"selenium.common.exceptions.ElementClickInterceptedException: Message: element click intercepted: Element <input name=\"login[username]\" value=\"\" autocomplete=\"off\" id=\"email\" type=\"email\" class=\"input-text\" title=\"Email\" data-validate=\"{required:true, 'validate-email':true}\" aria-required=\"true\"> is not clickable at point (560, 767). Other element would receive the click: <iframe id=\"aswift_4\" name=\"aswift_4\" browsingtopics=\"true\" style=\"width: 1005px !important; height: 124px !important; display: block; margin: 0px auto;\" sandbox=\"allow-forms allow-popups allow-popups-to-escape-sandbox allow-same-origin allow-scripts allow-top-navigation-by-user-activation\" width=\"1005\" height=\"124\" frameborder=\"0\" marginwidth=\"0\" marginheight=\"0\" vspace=\"0\" hspace=\"0\" allowtransparency=\"true\" scrolling=\"no\" allow=\"attribution-reporting; run-ad-auction\" src=\"https://googleads.g.doubleclick.net/pagead/html/r20241030/r20190131/zrt_lookup_fy2021.html#RS-0-&amp;adk=1812271801&amp;client=ca-pub-7399332034053978&amp;fa=1&amp;ifi=5&amp;uci=a!5&amp;btvi=3\" data-google-container-id=\"a!5\" tabindex=\"0\" title=\"Advertisement\" aria-label=\"Advertisement\" data-google-query-id=\"CJL-0_iQyYkDFeubjggdF3UD7Q\" data-load-complete=\"true\"></iframe>\n  (Session info: chrome=130.0.6723.91)\nStacktrace:\n#0 0x564351fcc13a <unknown>\n#1 0x564351ae7460 <unknown>\n#2 0x564351b3ab26 <unknown>\n#3 0x564351b38aad <unknown>\n#4 0x564351b36557 <unknown>\n#5 0x564351b35971 <unknown>\n#6 0x564351b28f78 <unknown>\n#7 0x564351b58012 <unknown>\n#8 0x564351b28958 <unknown>\n#9 0x564351b581de <unknown>\n#10 0x564351b76af6 <unknown>\n#11 0x564351b57db3 <unknown>\n#12 0x564351b26c10 <unknown>\n#13 0x564351b27bee <unknown>\n#14 0x564351f983cb <unknown>\n#15 0x564351f9c368 <unknown>\n#16 0x564351f85eec <unknown>\n#17 0x564351f9cee7 <unknown>\n#18 0x564351f6b13f <unknown>\n#19 0x564351fba858 <unknown>\n#20 0x564351fbaa20 <unknown>\n#21 0x564351fcafb6 <unknown>\n#22 0x7f8361e94ac3 <unknown>","time":{"start":1730945087006,"stop":1730945090426,"duration":3420}},{"uid":"ab359922e8d528ba","reportUrl":"https://verafes.github.io/luma_project/486//#testresult/ab359922e8d528ba","status":"broken","statusDetails":"selenium.common.exceptions.ElementClickInterceptedException: Message: element click intercepted: Element <input name=\"login[password]\" type=\"password\" autocomplete=\"off\" class=\"input-text\" id=\"pass\" title=\"Password\" data-validate=\"{required:true}\" aria-required=\"true\"> is not clickable at point (560, 845). Other element would receive the click: <div id=\"aswift_3_host\" style=\"border: none !important; height: 90px !important; width: 100% !important; margin: 0px !important; padding: 0px !important; position: relative !important; visibility: visible !important; background-color: transparent !important; display: inline-block !important; inset: auto !important; clear: none !important; float: none !important; max-height: none !important; max-width: none !important; opacity: 1 !important; overflow: visible !important; vertical-align: baseline !important; z-index: auto !important;\">...</div>\n  (Session info: chrome=130.0.6723.58)\nStacktrace:\n#0 0x55c1051720aa <unknown>\n#1 0x55c104c891a0 <unknown>\n#2 0x55c104cdc896 <unknown>\n#3 0x55c104cda82d <unknown>\n#4 0x55c104cd82d7 <unknown>\n#5 0x55c104cd76f1 <unknown>\n#6 0x55c104ccacf8 <unknown>\n#7 0x55c104cf9d82 <unknown>\n#8 0x55c104cca6d8 <unknown>\n#9 0x55c104cf9f4e <unknown>\n#10 0x55c104d18866 <unknown>\n#11 0x55c104cf9b23 <unknown>\n#12 0x55c104cc8990 <unknown>\n#13 0x55c104cc996e <unknown>\n#14 0x55c10513e16b <unknown>\n#15 0x55c105141f68 <unknown>\n#16 0x55c10512b64c <unknown>\n#17 0x55c105142ae7 <unknown>\n#18 0x55c1051104af <unknown>\n#19 0x55c1051604f8 <unknown>\n#20 0x55c1051606c0 <unknown>\n#21 0x55c105170f26 <unknown>\n#22 0x7fe25b494ac3 <unknown>","time":{"start":1730858792975,"stop":1730858796256,"duration":3281}},{"uid":"eaab298592f6d2f8","reportUrl":"https://verafes.github.io/luma_project/485//#testresult/eaab298592f6d2f8","status":"passed","time":{"start":1730772086636,"stop":1730772091486,"duration":4850}},{"uid":"cf4b55ab18426169","reportUrl":"https://verafes.github.io/luma_project/484//#testresult/cf4b55ab18426169","status":"passed","time":{"start":1730685970714,"stop":1730685974855,"duration":4141}},{"uid":"3979a12be091aac6","reportUrl":"https://verafes.github.io/luma_project/483//#testresult/3979a12be091aac6","status":"passed","time":{"start":1730599611368,"stop":1730599615218,"duration":3850}}]},"tags":[]},"source":"8834e8d7740f5068.json","parameterValues":["'teston120@mailinator.com'","'Test#12p@ssw0rd'"]}