{"uid":"eaac8ac275066a2","name":"TC 03.02.01 to 03_02_10 Verify Failed Login, no error validation","fullName":"tests.test_sign_in.TestFailedLogin#test_03_02_01_to_03_02_10_login","historyId":"13d92d3fc34ad3cd8390ae027b651bbc","time":{"start":1731031437880,"stop":1731031441036,"duration":3156},"description":"Check Success and Failed Login, no error validation","descriptionHtml":"<p>Check Success and Failed Login, no error validation</p>\n","status":"broken","statusMessage":"selenium.common.exceptions.ElementClickInterceptedException: Message: element click intercepted: Element <input name=\"login[password]\" type=\"password\" autocomplete=\"off\" class=\"input-text\" id=\"pass\" title=\"Password\" data-validate=\"{required:true}\" aria-required=\"true\"> is not clickable at point (560, 845). Other element would receive the click: <div id=\"aswift_3_host\" style=\"border: none !important; height: 90px !important; width: 100% !important; margin: 0px !important; padding: 0px !important; position: relative !important; visibility: visible !important; background-color: transparent !important; display: inline-block !important; inset: auto !important; clear: none !important; float: none !important; max-height: none !important; max-width: none !important; opacity: 1 !important; overflow: visible !important; vertical-align: baseline !important; z-index: auto !important;\">...</div>\n  (Session info: chrome=130.0.6723.91)\nStacktrace:\n#0 0x55e67e22213a <unknown>\n#1 0x55e67dd3d460 <unknown>\n#2 0x55e67dd90b26 <unknown>\n#3 0x55e67dd8eaad <unknown>\n#4 0x55e67dd8c557 <unknown>\n#5 0x55e67dd8b971 <unknown>\n#6 0x55e67dd7ef78 <unknown>\n#7 0x55e67ddae012 <unknown>\n#8 0x55e67dd7e958 <unknown>\n#9 0x55e67ddae1de <unknown>\n#10 0x55e67ddccaf6 <unknown>\n#11 0x55e67ddaddb3 <unknown>\n#12 0x55e67dd7cc10 <unknown>\n#13 0x55e67dd7dbee <unknown>\n#14 0x55e67e1ee3cb <unknown>\n#15 0x55e67e1f2368 <unknown>\n#16 0x55e67e1dbeec <unknown>\n#17 0x55e67e1f2ee7 <unknown>\n#18 0x55e67e1c113f <unknown>\n#19 0x55e67e210858 <unknown>\n#20 0x55e67e210a20 <unknown>\n#21 0x55e67e220fb6 <unknown>\n#22 0x7ffaa7494ac3 <unknown>","statusTrace":"self = <test_sign_in.TestFailedLogin object at 0x7fbb0d7e8690>\ndriver = <selenium.webdriver.chrome.webdriver.WebDriver (session=\"35e310ddc7c5f7853857b95fbb197230\")>\nemail = 'teston110@mailinator.com', password = 'Test#12p@ssword'\n\n    @allure.title('TC 03.02.01 to 03_02_10 Verify Failed Login, no error validation')\n    @pytest.mark.parametrize('email, password', LOGIN)\n    def test_03_02_01_to_03_02_10_login(self, driver, email, password):\n        \"\"\"Check Success and Failed Login, no error validation\"\"\"\n        sign_in_page = SignInPage(driver, SIGN_IN_URL)\n        sign_in_page.open()\n        sign_in_page.fill_in_email_field(email)\n>       sign_in_page.fill_in_password_field(password)\n\ntests/test_sign_in.py:257: \n_ _ _ _ _ _ _ _ _ _ _ _ _ _ _ _ _ _ _ _ _ _ _ _ _ _ _ _ _ _ _ _ _ _ _ _ _ _ _ _ \npages/sign_in_page.py:88: in fill_in_password_field\n    return self.fill_in_field(self.check_customer_password_field_is_clickable(), password)\npages/base_page.py:319: in fill_in_field\n    input_field.click()\n/opt/hostedtoolcache/Python/3.11.10/x64/lib/python3.11/site-packages/selenium/webdriver/remote/webelement.py:93: in click\n    self._execute(Command.CLICK_ELEMENT)\n/opt/hostedtoolcache/Python/3.11.10/x64/lib/python3.11/site-packages/selenium/webdriver/remote/webelement.py:394: in _execute\n    return self._parent.execute(command, params)\n/opt/hostedtoolcache/Python/3.11.10/x64/lib/python3.11/site-packages/selenium/webdriver/remote/webdriver.py:344: in execute\n    self.error_handler.check_response(response)\n_ _ _ _ _ _ _ _ _ _ _ _ _ _ _ _ _ _ _ _ _ _ _ _ _ _ _ _ _ _ _ _ _ _ _ _ _ _ _ _ \n\nself = <selenium.webdriver.remote.errorhandler.ErrorHandler object at 0x7fbb0d110f90>\nresponse = {'status': 400, 'value': '{\"value\":{\"error\":\"element click intercepted\",\"message\":\"element click intercepted: Element ...\\\\n#20 0x55e67e210a20 \\\\u003Cunknown>\\\\n#21 0x55e67e220fb6 \\\\u003Cunknown>\\\\n#22 0x7ffaa7494ac3 \\\\u003Cunknown>\\\\n\"}}'}\n\n    def check_response(self, response: Dict[str, Any]) -> None:\n        \"\"\"Checks that a JSON response from the WebDriver does not have an\n        error.\n    \n        :Args:\n         - response - The JSON response from the WebDriver server as a dictionary\n           object.\n    \n        :Raises: If the response contains an error message.\n        \"\"\"\n        status = response.get(\"status\", None)\n        if not status or status == ErrorCode.SUCCESS:\n            return\n        value = None\n        message = response.get(\"message\", \"\")\n        screen: str = response.get(\"screen\", \"\")\n        stacktrace = None\n        if isinstance(status, int):\n            value_json = response.get(\"value\", None)\n            if value_json and isinstance(value_json, str):\n                import json\n    \n                try:\n                    value = json.loads(value_json)\n                    if len(value) == 1:\n                        value = value[\"value\"]\n                    status = value.get(\"error\", None)\n                    if not status:\n                        status = value.get(\"status\", ErrorCode.UNKNOWN_ERROR)\n                        message = value.get(\"value\") or value.get(\"message\")\n                        if not isinstance(message, str):\n                            value = message\n                            message = message.get(\"message\")\n                    else:\n                        message = value.get(\"message\", None)\n                except ValueError:\n                    pass\n    \n        exception_class: Type[WebDriverException]\n        e = ErrorCode()\n        error_codes = [item for item in dir(e) if not item.startswith(\"__\")]\n        for error_code in error_codes:\n            error_info = getattr(ErrorCode, error_code)\n            if isinstance(error_info, list) and status in error_info:\n                exception_class = getattr(ExceptionMapping, error_code, WebDriverException)\n                break\n        else:\n            exception_class = WebDriverException\n    \n        if not value:\n            value = response[\"value\"]\n        if isinstance(value, str):\n            raise exception_class(value)\n        if message == \"\" and \"message\" in value:\n            message = value[\"message\"]\n    \n        screen = None  # type: ignore[assignment]\n        if \"screen\" in value:\n            screen = value[\"screen\"]\n    \n        stacktrace = None\n        st_value = value.get(\"stackTrace\") or value.get(\"stacktrace\")\n        if st_value:\n            if isinstance(st_value, str):\n                stacktrace = st_value.split(\"\\n\")\n            else:\n                stacktrace = []\n                try:\n                    for frame in st_value:\n                        line = frame.get(\"lineNumber\", \"\")\n                        file = frame.get(\"fileName\", \"<anonymous>\")\n                        if line:\n                            file = f\"{file}:{line}\"\n                        meth = frame.get(\"methodName\", \"<anonymous>\")\n                        if \"className\" in frame:\n                            meth = f\"{frame['className']}.{meth}\"\n                        msg = \"    at %s (%s)\"\n                        msg = msg % (meth, file)\n                        stacktrace.append(msg)\n                except TypeError:\n                    pass\n        if exception_class == UnexpectedAlertPresentException:\n            alert_text = None\n            if \"data\" in value:\n                alert_text = value[\"data\"].get(\"text\")\n            elif \"alert\" in value:\n                alert_text = value[\"alert\"].get(\"text\")\n            raise exception_class(message, screen, stacktrace, alert_text)  # type: ignore[call-arg]  # mypy is not smart enough here\n>       raise exception_class(message, screen, stacktrace)\nE       selenium.common.exceptions.ElementClickInterceptedException: Message: element click intercepted: Element <input name=\"login[password]\" type=\"password\" autocomplete=\"off\" class=\"input-text\" id=\"pass\" title=\"Password\" data-validate=\"{required:true}\" aria-required=\"true\"> is not clickable at point (560, 845). Other element would receive the click: <div id=\"aswift_3_host\" style=\"border: none !important; height: 90px !important; width: 100% !important; margin: 0px !important; padding: 0px !important; position: relative !important; visibility: visible !important; background-color: transparent !important; display: inline-block !important; inset: auto !important; clear: none !important; float: none !important; max-height: none !important; max-width: none !important; opacity: 1 !important; overflow: visible !important; vertical-align: baseline !important; z-index: auto !important;\">...</div>\nE         (Session info: chrome=130.0.6723.91)\nE       Stacktrace:\nE       #0 0x55e67e22213a <unknown>\nE       #1 0x55e67dd3d460 <unknown>\nE       #2 0x55e67dd90b26 <unknown>\nE       #3 0x55e67dd8eaad <unknown>\nE       #4 0x55e67dd8c557 <unknown>\nE       #5 0x55e67dd8b971 <unknown>\nE       #6 0x55e67dd7ef78 <unknown>\nE       #7 0x55e67ddae012 <unknown>\nE       #8 0x55e67dd7e958 <unknown>\nE       #9 0x55e67ddae1de <unknown>\nE       #10 0x55e67ddccaf6 <unknown>\nE       #11 0x55e67ddaddb3 <unknown>\nE       #12 0x55e67dd7cc10 <unknown>\nE       #13 0x55e67dd7dbee <unknown>\nE       #14 0x55e67e1ee3cb <unknown>\nE       #15 0x55e67e1f2368 <unknown>\nE       #16 0x55e67e1dbeec <unknown>\nE       #17 0x55e67e1f2ee7 <unknown>\nE       #18 0x55e67e1c113f <unknown>\nE       #19 0x55e67e210858 <unknown>\nE       #20 0x55e67e210a20 <unknown>\nE       #21 0x55e67e220fb6 <unknown>\nE       #22 0x7ffaa7494ac3 <unknown>\n\n/opt/hostedtoolcache/Python/3.11.10/x64/lib/python3.11/site-packages/selenium/webdriver/remote/errorhandler.py:229: ElementClickInterceptedException","flaky":false,"newFailed":false,"newBroken":true,"newPassed":false,"retriesCount":0,"retriesStatusChange":false,"beforeStages":[{"name":"_session_faker","time":{"start":1731029793188,"stop":1731029793252,"duration":64},"status":"passed","steps":[],"attachments":[],"parameters":[],"shouldDisplayMessage":false,"stepsCount":0,"attachmentsCount":0,"hasContent":false,"attachmentStep":false},{"name":"clear_allure_result_folder","time":{"start":1731029793253,"stop":1731029793253,"duration":0},"status":"passed","steps":[],"attachments":[],"parameters":[],"shouldDisplayMessage":false,"stepsCount":0,"attachmentsCount":0,"hasContent":false,"attachmentStep":false},{"name":"driver","time":{"start":1731031436615,"stop":1731031437879,"duration":1264},"status":"passed","steps":[],"attachments":[],"parameters":[],"shouldDisplayMessage":false,"stepsCount":0,"attachmentsCount":0,"hasContent":false,"attachmentStep":false}],"testStage":{"description":"Check Success and Failed Login, no error validation","status":"broken","statusMessage":"selenium.common.exceptions.ElementClickInterceptedException: Message: element click intercepted: Element <input name=\"login[password]\" type=\"password\" autocomplete=\"off\" class=\"input-text\" id=\"pass\" title=\"Password\" data-validate=\"{required:true}\" aria-required=\"true\"> is not clickable at point (560, 845). Other element would receive the click: <div id=\"aswift_3_host\" style=\"border: none !important; height: 90px !important; width: 100% !important; margin: 0px !important; padding: 0px !important; position: relative !important; visibility: visible !important; background-color: transparent !important; display: inline-block !important; inset: auto !important; clear: none !important; float: none !important; max-height: none !important; max-width: none !important; opacity: 1 !important; overflow: visible !important; vertical-align: baseline !important; z-index: auto !important;\">...</div>\n  (Session info: chrome=130.0.6723.91)\nStacktrace:\n#0 0x55e67e22213a <unknown>\n#1 0x55e67dd3d460 <unknown>\n#2 0x55e67dd90b26 <unknown>\n#3 0x55e67dd8eaad <unknown>\n#4 0x55e67dd8c557 <unknown>\n#5 0x55e67dd8b971 <unknown>\n#6 0x55e67dd7ef78 <unknown>\n#7 0x55e67ddae012 <unknown>\n#8 0x55e67dd7e958 <unknown>\n#9 0x55e67ddae1de <unknown>\n#10 0x55e67ddccaf6 <unknown>\n#11 0x55e67ddaddb3 <unknown>\n#12 0x55e67dd7cc10 <unknown>\n#13 0x55e67dd7dbee <unknown>\n#14 0x55e67e1ee3cb <unknown>\n#15 0x55e67e1f2368 <unknown>\n#16 0x55e67e1dbeec <unknown>\n#17 0x55e67e1f2ee7 <unknown>\n#18 0x55e67e1c113f <unknown>\n#19 0x55e67e210858 <unknown>\n#20 0x55e67e210a20 <unknown>\n#21 0x55e67e220fb6 <unknown>\n#22 0x7ffaa7494ac3 <unknown>","statusTrace":"self = <test_sign_in.TestFailedLogin object at 0x7fbb0d7e8690>\ndriver = <selenium.webdriver.chrome.webdriver.WebDriver (session=\"35e310ddc7c5f7853857b95fbb197230\")>\nemail = 'teston110@mailinator.com', password = 'Test#12p@ssword'\n\n    @allure.title('TC 03.02.01 to 03_02_10 Verify Failed Login, no error validation')\n    @pytest.mark.parametrize('email, password', LOGIN)\n    def test_03_02_01_to_03_02_10_login(self, driver, email, password):\n        \"\"\"Check Success and Failed Login, no error validation\"\"\"\n        sign_in_page = SignInPage(driver, SIGN_IN_URL)\n        sign_in_page.open()\n        sign_in_page.fill_in_email_field(email)\n>       sign_in_page.fill_in_password_field(password)\n\ntests/test_sign_in.py:257: \n_ _ _ _ _ _ _ _ _ _ _ _ _ _ _ _ _ _ _ _ _ _ _ _ _ _ _ _ _ _ _ _ _ _ _ _ _ _ _ _ \npages/sign_in_page.py:88: in fill_in_password_field\n    return self.fill_in_field(self.check_customer_password_field_is_clickable(), password)\npages/base_page.py:319: in fill_in_field\n    input_field.click()\n/opt/hostedtoolcache/Python/3.11.10/x64/lib/python3.11/site-packages/selenium/webdriver/remote/webelement.py:93: in click\n    self._execute(Command.CLICK_ELEMENT)\n/opt/hostedtoolcache/Python/3.11.10/x64/lib/python3.11/site-packages/selenium/webdriver/remote/webelement.py:394: in _execute\n    return self._parent.execute(command, params)\n/opt/hostedtoolcache/Python/3.11.10/x64/lib/python3.11/site-packages/selenium/webdriver/remote/webdriver.py:344: in execute\n    self.error_handler.check_response(response)\n_ _ _ _ _ _ _ _ _ _ _ _ _ _ _ _ _ _ _ _ _ _ _ _ _ _ _ _ _ _ _ _ _ _ _ _ _ _ _ _ \n\nself = <selenium.webdriver.remote.errorhandler.ErrorHandler object at 0x7fbb0d110f90>\nresponse = {'status': 400, 'value': '{\"value\":{\"error\":\"element click intercepted\",\"message\":\"element click intercepted: Element ...\\\\n#20 0x55e67e210a20 \\\\u003Cunknown>\\\\n#21 0x55e67e220fb6 \\\\u003Cunknown>\\\\n#22 0x7ffaa7494ac3 \\\\u003Cunknown>\\\\n\"}}'}\n\n    def check_response(self, response: Dict[str, Any]) -> None:\n        \"\"\"Checks that a JSON response from the WebDriver does not have an\n        error.\n    \n        :Args:\n         - response - The JSON response from the WebDriver server as a dictionary\n           object.\n    \n        :Raises: If the response contains an error message.\n        \"\"\"\n        status = response.get(\"status\", None)\n        if not status or status == ErrorCode.SUCCESS:\n            return\n        value = None\n        message = response.get(\"message\", \"\")\n        screen: str = response.get(\"screen\", \"\")\n        stacktrace = None\n        if isinstance(status, int):\n            value_json = response.get(\"value\", None)\n            if value_json and isinstance(value_json, str):\n                import json\n    \n                try:\n                    value = json.loads(value_json)\n                    if len(value) == 1:\n                        value = value[\"value\"]\n                    status = value.get(\"error\", None)\n                    if not status:\n                        status = value.get(\"status\", ErrorCode.UNKNOWN_ERROR)\n                        message = value.get(\"value\") or value.get(\"message\")\n                        if not isinstance(message, str):\n                            value = message\n                            message = message.get(\"message\")\n                    else:\n                        message = value.get(\"message\", None)\n                except ValueError:\n                    pass\n    \n        exception_class: Type[WebDriverException]\n        e = ErrorCode()\n        error_codes = [item for item in dir(e) if not item.startswith(\"__\")]\n        for error_code in error_codes:\n            error_info = getattr(ErrorCode, error_code)\n            if isinstance(error_info, list) and status in error_info:\n                exception_class = getattr(ExceptionMapping, error_code, WebDriverException)\n                break\n        else:\n            exception_class = WebDriverException\n    \n        if not value:\n            value = response[\"value\"]\n        if isinstance(value, str):\n            raise exception_class(value)\n        if message == \"\" and \"message\" in value:\n            message = value[\"message\"]\n    \n        screen = None  # type: ignore[assignment]\n        if \"screen\" in value:\n            screen = value[\"screen\"]\n    \n        stacktrace = None\n        st_value = value.get(\"stackTrace\") or value.get(\"stacktrace\")\n        if st_value:\n            if isinstance(st_value, str):\n                stacktrace = st_value.split(\"\\n\")\n            else:\n                stacktrace = []\n                try:\n                    for frame in st_value:\n                        line = frame.get(\"lineNumber\", \"\")\n                        file = frame.get(\"fileName\", \"<anonymous>\")\n                        if line:\n                            file = f\"{file}:{line}\"\n                        meth = frame.get(\"methodName\", \"<anonymous>\")\n                        if \"className\" in frame:\n                            meth = f\"{frame['className']}.{meth}\"\n                        msg = \"    at %s (%s)\"\n                        msg = msg % (meth, file)\n                        stacktrace.append(msg)\n                except TypeError:\n                    pass\n        if exception_class == UnexpectedAlertPresentException:\n            alert_text = None\n            if \"data\" in value:\n                alert_text = value[\"data\"].get(\"text\")\n            elif \"alert\" in value:\n                alert_text = value[\"alert\"].get(\"text\")\n            raise exception_class(message, screen, stacktrace, alert_text)  # type: ignore[call-arg]  # mypy is not smart enough here\n>       raise exception_class(message, screen, stacktrace)\nE       selenium.common.exceptions.ElementClickInterceptedException: Message: element click intercepted: Element <input name=\"login[password]\" type=\"password\" autocomplete=\"off\" class=\"input-text\" id=\"pass\" title=\"Password\" data-validate=\"{required:true}\" aria-required=\"true\"> is not clickable at point (560, 845). Other element would receive the click: <div id=\"aswift_3_host\" style=\"border: none !important; height: 90px !important; width: 100% !important; margin: 0px !important; padding: 0px !important; position: relative !important; visibility: visible !important; background-color: transparent !important; display: inline-block !important; inset: auto !important; clear: none !important; float: none !important; max-height: none !important; max-width: none !important; opacity: 1 !important; overflow: visible !important; vertical-align: baseline !important; z-index: auto !important;\">...</div>\nE         (Session info: chrome=130.0.6723.91)\nE       Stacktrace:\nE       #0 0x55e67e22213a <unknown>\nE       #1 0x55e67dd3d460 <unknown>\nE       #2 0x55e67dd90b26 <unknown>\nE       #3 0x55e67dd8eaad <unknown>\nE       #4 0x55e67dd8c557 <unknown>\nE       #5 0x55e67dd8b971 <unknown>\nE       #6 0x55e67dd7ef78 <unknown>\nE       #7 0x55e67ddae012 <unknown>\nE       #8 0x55e67dd7e958 <unknown>\nE       #9 0x55e67ddae1de <unknown>\nE       #10 0x55e67ddccaf6 <unknown>\nE       #11 0x55e67ddaddb3 <unknown>\nE       #12 0x55e67dd7cc10 <unknown>\nE       #13 0x55e67dd7dbee <unknown>\nE       #14 0x55e67e1ee3cb <unknown>\nE       #15 0x55e67e1f2368 <unknown>\nE       #16 0x55e67e1dbeec <unknown>\nE       #17 0x55e67e1f2ee7 <unknown>\nE       #18 0x55e67e1c113f <unknown>\nE       #19 0x55e67e210858 <unknown>\nE       #20 0x55e67e210a20 <unknown>\nE       #21 0x55e67e220fb6 <unknown>\nE       #22 0x7ffaa7494ac3 <unknown>\n\n/opt/hostedtoolcache/Python/3.11.10/x64/lib/python3.11/site-packages/selenium/webdriver/remote/errorhandler.py:229: ElementClickInterceptedException","steps":[{"name":"Open a browser","time":{"start":1731031437880,"stop":1731031439570,"duration":1690},"status":"passed","steps":[],"attachments":[],"parameters":[],"shouldDisplayMessage":false,"stepsCount":0,"attachmentsCount":0,"hasContent":false,"attachmentStep":false},{"name":"Fill in Email field","time":{"start":1731031439570,"stop":1731031439900,"duration":330},"status":"passed","steps":[{"name":"Check Email field is clickable","time":{"start":1731031439570,"stop":1731031439613,"duration":43},"status":"passed","steps":[{"name":"Find clickable elements","time":{"start":1731031439570,"stop":1731031439613,"duration":43},"status":"passed","steps":[],"attachments":[],"parameters":[{"name":"locator","value":"('css selector', '#email')"},{"name":"timeout","value":"5"}],"shouldDisplayMessage":false,"stepsCount":0,"attachmentsCount":0,"hasContent":true,"attachmentStep":false}],"attachments":[],"parameters":[],"shouldDisplayMessage":false,"stepsCount":1,"attachmentsCount":0,"hasContent":true,"attachmentStep":false},{"name":"Fill in a field","time":{"start":1731031439613,"stop":1731031439900,"duration":287},"status":"passed","steps":[{"name":"Find clickable elements","time":{"start":1731031439613,"stop":1731031439638,"duration":25},"status":"passed","steps":[],"attachments":[],"parameters":[{"name":"locator","value":"<selenium.webdriver.remote.webelement.WebElement (session=\"35e310ddc7c5f7853857b95fbb197230\", element=\"f.A9E4D96FA3A0895D2B16BDBFB3E4193A.d.701A69B0082E62F882F07ACCB06A2648.e.3\")>"},{"name":"timeout","value":"5"}],"shouldDisplayMessage":false,"stepsCount":0,"attachmentsCount":0,"hasContent":true,"attachmentStep":false}],"attachments":[],"parameters":[{"name":"locator","value":"<selenium.webdriver.remote.webelement.WebElement (session=\"35e310ddc7c5f7853857b95fbb197230\", element=\"f.A9E4D96FA3A0895D2B16BDBFB3E4193A.d.701A69B0082E62F882F07ACCB06A2648.e.3\")>"},{"name":"value","value":"'teston110@mailinator.com'"}],"shouldDisplayMessage":false,"stepsCount":1,"attachmentsCount":0,"hasContent":true,"attachmentStep":false}],"attachments":[],"parameters":[{"name":"email","value":"'teston110@mailinator.com'"}],"shouldDisplayMessage":false,"stepsCount":4,"attachmentsCount":0,"hasContent":true,"attachmentStep":false},{"name":"Fill in Password field","time":{"start":1731031439900,"stop":1731031441035,"duration":1135},"status":"broken","statusMessage":"selenium.common.exceptions.ElementClickInterceptedException: Message: element click intercepted: Element <input name=\"login[password]\" type=\"password\" autocomplete=\"off\" class=\"input-text\" id=\"pass\" title=\"Password\" data-validate=\"{required:true}\" aria-required=\"true\"> is not clickable at point (560, 845). Other element would receive the click: <div id=\"aswift_3_host\" style=\"border: none !important; height: 90px !important; width: 100% !important; margin: 0px !important; padding: 0px !important; position: relative !important; visibility: visible !important; background-color: transparent !important; display: inline-block !important; inset: auto !important; clear: none !important; float: none !important; max-height: none !important; max-width: none !important; opacity: 1 !important; overflow: visible !important; vertical-align: baseline !important; z-index: auto !important;\">...</div>\n  (Session info: chrome=130.0.6723.91)\nStacktrace:\n#0 0x55e67e22213a <unknown>\n#1 0x55e67dd3d460 <unknown>\n#2 0x55e67dd90b26 <unknown>\n#3 0x55e67dd8eaad <unknown>\n#4 0x55e67dd8c557 <unknown>\n#5 0x55e67dd8b971 <unknown>\n#6 0x55e67dd7ef78 <unknown>\n#7 0x55e67ddae012 <unknown>\n#8 0x55e67dd7e958 <unknown>\n#9 0x55e67ddae1de <unknown>\n#10 0x55e67ddccaf6 <unknown>\n#11 0x55e67ddaddb3 <unknown>\n#12 0x55e67dd7cc10 <unknown>\n#13 0x55e67dd7dbee <unknown>\n#14 0x55e67e1ee3cb <unknown>\n#15 0x55e67e1f2368 <unknown>\n#16 0x55e67e1dbeec <unknown>\n#17 0x55e67e1f2ee7 <unknown>\n#18 0x55e67e1c113f <unknown>\n#19 0x55e67e210858 <unknown>\n#20 0x55e67e210a20 <unknown>\n#21 0x55e67e220fb6 <unknown>\n#22 0x7ffaa7494ac3 <unknown>\n\n","statusTrace":"  File \"/opt/hostedtoolcache/Python/3.11.10/x64/lib/python3.11/site-packages/allure_commons/_allure.py\", line 192, in impl\n    return func(*a, **kw)\n           ^^^^^^^^^^^^^^\n  File \"/home/runner/work/luma_project/luma_project/pages/sign_in_page.py\", line 88, in fill_in_password_field\n    return self.fill_in_field(self.check_customer_password_field_is_clickable(), password)\n           ^^^^^^^^^^^^^^^^^^^^^^^^^^^^^^^^^^^^^^^^^^^^^^^^^^^^^^^^^^^^^^^^^^^^^^^^^^^^^^^\n  File \"/opt/hostedtoolcache/Python/3.11.10/x64/lib/python3.11/site-packages/allure_commons/_allure.py\", line 192, in impl\n    return func(*a, **kw)\n           ^^^^^^^^^^^^^^\n  File \"/home/runner/work/luma_project/luma_project/pages/base_page.py\", line 319, in fill_in_field\n    input_field.click()\n  File \"/opt/hostedtoolcache/Python/3.11.10/x64/lib/python3.11/site-packages/selenium/webdriver/remote/webelement.py\", line 93, in click\n    self._execute(Command.CLICK_ELEMENT)\n  File \"/opt/hostedtoolcache/Python/3.11.10/x64/lib/python3.11/site-packages/selenium/webdriver/remote/webelement.py\", line 394, in _execute\n    return self._parent.execute(command, params)\n           ^^^^^^^^^^^^^^^^^^^^^^^^^^^^^^^^^^^^^\n  File \"/opt/hostedtoolcache/Python/3.11.10/x64/lib/python3.11/site-packages/selenium/webdriver/remote/webdriver.py\", line 344, in execute\n    self.error_handler.check_response(response)\n  File \"/opt/hostedtoolcache/Python/3.11.10/x64/lib/python3.11/site-packages/selenium/webdriver/remote/errorhandler.py\", line 229, in check_response\n    raise exception_class(message, screen, stacktrace)\n","steps":[{"name":"Check Password field is clickable","time":{"start":1731031439900,"stop":1731031439921,"duration":21},"status":"passed","steps":[{"name":"Find clickable elements","time":{"start":1731031439900,"stop":1731031439921,"duration":21},"status":"passed","steps":[],"attachments":[],"parameters":[{"name":"locator","value":"('css selector', '#pass')"},{"name":"timeout","value":"5"}],"shouldDisplayMessage":false,"stepsCount":0,"attachmentsCount":0,"hasContent":true,"attachmentStep":false}],"attachments":[],"parameters":[],"shouldDisplayMessage":false,"stepsCount":1,"attachmentsCount":0,"hasContent":true,"attachmentStep":false},{"name":"Fill in a field","time":{"start":1731031439921,"stop":1731031441035,"duration":1114},"status":"broken","statusMessage":"selenium.common.exceptions.ElementClickInterceptedException: Message: element click intercepted: Element <input name=\"login[password]\" type=\"password\" autocomplete=\"off\" class=\"input-text\" id=\"pass\" title=\"Password\" data-validate=\"{required:true}\" aria-required=\"true\"> is not clickable at point (560, 845). Other element would receive the click: <div id=\"aswift_3_host\" style=\"border: none !important; height: 90px !important; width: 100% !important; margin: 0px !important; padding: 0px !important; position: relative !important; visibility: visible !important; background-color: transparent !important; display: inline-block !important; inset: auto !important; clear: none !important; float: none !important; max-height: none !important; max-width: none !important; opacity: 1 !important; overflow: visible !important; vertical-align: baseline !important; z-index: auto !important;\">...</div>\n  (Session info: chrome=130.0.6723.91)\nStacktrace:\n#0 0x55e67e22213a <unknown>\n#1 0x55e67dd3d460 <unknown>\n#2 0x55e67dd90b26 <unknown>\n#3 0x55e67dd8eaad <unknown>\n#4 0x55e67dd8c557 <unknown>\n#5 0x55e67dd8b971 <unknown>\n#6 0x55e67dd7ef78 <unknown>\n#7 0x55e67ddae012 <unknown>\n#8 0x55e67dd7e958 <unknown>\n#9 0x55e67ddae1de <unknown>\n#10 0x55e67ddccaf6 <unknown>\n#11 0x55e67ddaddb3 <unknown>\n#12 0x55e67dd7cc10 <unknown>\n#13 0x55e67dd7dbee <unknown>\n#14 0x55e67e1ee3cb <unknown>\n#15 0x55e67e1f2368 <unknown>\n#16 0x55e67e1dbeec <unknown>\n#17 0x55e67e1f2ee7 <unknown>\n#18 0x55e67e1c113f <unknown>\n#19 0x55e67e210858 <unknown>\n#20 0x55e67e210a20 <unknown>\n#21 0x55e67e220fb6 <unknown>\n#22 0x7ffaa7494ac3 <unknown>\n\n","statusTrace":"  File \"/opt/hostedtoolcache/Python/3.11.10/x64/lib/python3.11/site-packages/allure_commons/_allure.py\", line 192, in impl\n    return func(*a, **kw)\n           ^^^^^^^^^^^^^^\n  File \"/home/runner/work/luma_project/luma_project/pages/base_page.py\", line 319, in fill_in_field\n    input_field.click()\n  File \"/opt/hostedtoolcache/Python/3.11.10/x64/lib/python3.11/site-packages/selenium/webdriver/remote/webelement.py\", line 93, in click\n    self._execute(Command.CLICK_ELEMENT)\n  File \"/opt/hostedtoolcache/Python/3.11.10/x64/lib/python3.11/site-packages/selenium/webdriver/remote/webelement.py\", line 394, in _execute\n    return self._parent.execute(command, params)\n           ^^^^^^^^^^^^^^^^^^^^^^^^^^^^^^^^^^^^^\n  File \"/opt/hostedtoolcache/Python/3.11.10/x64/lib/python3.11/site-packages/selenium/webdriver/remote/webdriver.py\", line 344, in execute\n    self.error_handler.check_response(response)\n  File \"/opt/hostedtoolcache/Python/3.11.10/x64/lib/python3.11/site-packages/selenium/webdriver/remote/errorhandler.py\", line 229, in check_response\n    raise exception_class(message, screen, stacktrace)\n","steps":[{"name":"Find clickable elements","time":{"start":1731031439921,"stop":1731031439932,"duration":11},"status":"passed","steps":[],"attachments":[],"parameters":[{"name":"locator","value":"<selenium.webdriver.remote.webelement.WebElement (session=\"35e310ddc7c5f7853857b95fbb197230\", element=\"f.A9E4D96FA3A0895D2B16BDBFB3E4193A.d.701A69B0082E62F882F07ACCB06A2648.e.4\")>"},{"name":"timeout","value":"5"}],"shouldDisplayMessage":false,"stepsCount":0,"attachmentsCount":0,"hasContent":true,"attachmentStep":false}],"attachments":[],"parameters":[{"name":"locator","value":"<selenium.webdriver.remote.webelement.WebElement (session=\"35e310ddc7c5f7853857b95fbb197230\", element=\"f.A9E4D96FA3A0895D2B16BDBFB3E4193A.d.701A69B0082E62F882F07ACCB06A2648.e.4\")>"},{"name":"value","value":"'Test#12p@ssword'"}],"shouldDisplayMessage":true,"stepsCount":1,"attachmentsCount":0,"hasContent":true,"attachmentStep":false}],"attachments":[],"parameters":[{"name":"password","value":"'Test#12p@ssword'"}],"shouldDisplayMessage":false,"stepsCount":4,"attachmentsCount":0,"hasContent":true,"attachmentStep":false}],"attachments":[{"uid":"fb833092687d4ae","name":"Screenshot","source":"fb833092687d4ae.png","type":"image/png","size":81663},{"uid":"4e1dfea36712d30e","name":"HTML source","source":"4e1dfea36712d30e.html","type":"text/html","size":144735}],"parameters":[],"shouldDisplayMessage":true,"stepsCount":11,"attachmentsCount":2,"hasContent":true,"attachmentStep":false},"afterStages":[{"name":"driver::0","time":{"start":1731031441200,"stop":1731031441272,"duration":72},"status":"passed","steps":[],"attachments":[],"parameters":[],"shouldDisplayMessage":false,"stepsCount":0,"attachmentsCount":0,"hasContent":false,"attachmentStep":false},{"name":"clear_allure_result_folder::0","time":{"start":1731031563980,"stop":1731031563980,"duration":0},"status":"passed","steps":[],"attachments":[],"parameters":[],"shouldDisplayMessage":false,"stepsCount":0,"attachmentsCount":0,"hasContent":false,"attachmentStep":false}],"labels":[{"name":"feature","value":"Failed Login Functionality"},{"name":"parentSuite","value":"tests"},{"name":"suite","value":"test_sign_in"},{"name":"subSuite","value":"TestFailedLogin"},{"name":"host","value":"fv-az841-241"},{"name":"thread","value":"2816-MainThread"},{"name":"framework","value":"pytest"},{"name":"language","value":"cpython3"},{"name":"package","value":"tests.test_sign_in"},{"name":"resultFormat","value":"allure2"}],"parameters":[{"name":"email","value":"'teston110@mailinator.com'"},{"name":"password","value":"'Test#12p@ssword'"}],"links":[],"hidden":false,"retry":false,"extra":{"severity":"normal","retries":[],"categories":[{"name":"Test defects","matchedStatuses":[],"flaky":false}],"history":{"statistic":{"failed":0,"broken":2,"skipped":0,"passed":4,"unknown":0,"total":6},"items":[{"uid":"c0814bcd209f179a","reportUrl":"https://verafes.github.io/luma_project/487//#testresult/c0814bcd209f179a","status":"passed","time":{"start":1730945080743,"stop":1730945085724,"duration":4981}},{"uid":"6e51419dc7d6fc9f","reportUrl":"https://verafes.github.io/luma_project/486//#testresult/6e51419dc7d6fc9f","status":"broken","statusDetails":"selenium.common.exceptions.ElementClickInterceptedException: Message: element click intercepted: Element <input name=\"login[username]\" value=\"\" autocomplete=\"off\" id=\"email\" type=\"email\" class=\"input-text\" title=\"Email\" data-validate=\"{required:true, 'validate-email':true}\" aria-required=\"true\"> is not clickable at point (560, 767). Other element would receive the click: <div class=\"grippy-host\"></div>\n  (Session info: chrome=130.0.6723.58)\nStacktrace:\n#0 0x55a5719150aa <unknown>\n#1 0x55a57142c1a0 <unknown>\n#2 0x55a57147f896 <unknown>\n#3 0x55a57147d82d <unknown>\n#4 0x55a57147b2d7 <unknown>\n#5 0x55a57147a6f1 <unknown>\n#6 0x55a57146dcf8 <unknown>\n#7 0x55a57149cd82 <unknown>\n#8 0x55a57146d6d8 <unknown>\n#9 0x55a57149cf4e <unknown>\n#10 0x55a5714bb866 <unknown>\n#11 0x55a57149cb23 <unknown>\n#12 0x55a57146b990 <unknown>\n#13 0x55a57146c96e <unknown>\n#14 0x55a5718e116b <unknown>\n#15 0x55a5718e4f68 <unknown>\n#16 0x55a5718ce64c <unknown>\n#17 0x55a5718e5ae7 <unknown>\n#18 0x55a5718b34af <unknown>\n#19 0x55a5719034f8 <unknown>\n#20 0x55a5719036c0 <unknown>\n#21 0x55a571913f26 <unknown>\n#22 0x7f2bef894ac3 <unknown>","time":{"start":1730858788118,"stop":1730858791486,"duration":3368}},{"uid":"7a13e62768185ee3","reportUrl":"https://verafes.github.io/luma_project/485//#testresult/7a13e62768185ee3","status":"passed","time":{"start":1730772080934,"stop":1730772085343,"duration":4409}},{"uid":"292739f883e1fd05","reportUrl":"https://verafes.github.io/luma_project/484//#testresult/292739f883e1fd05","status":"passed","time":{"start":1730685965521,"stop":1730685969382,"duration":3861}},{"uid":"5e9d91c8e03da734","reportUrl":"https://verafes.github.io/luma_project/483//#testresult/5e9d91c8e03da734","status":"passed","time":{"start":1730599606649,"stop":1730599610020,"duration":3371}}]},"tags":[]},"source":"eaac8ac275066a2.json","parameterValues":["'teston110@mailinator.com'","'Test#12p@ssword'"]}