{"uid":"e80787cbc22598b4","name":"TC 03.02.02 to 03_02_10 Verify Error on Failed Login with invalid credentials","fullName":"tests.test_sign_in.TestFailedLogin#test_03_02_02_to_10_error_if_login_with_invalid_credentials","historyId":"eb8553534ee747a20415e861783cb15a","time":{"start":1714703258300,"stop":1714703364342,"duration":106042},"description":"Check error on Failed Login with invalid credentials, case-sensitive password and password with spaces","descriptionHtml":"<p>Check error on Failed Login with invalid credentials, case-sensitive password and password with spaces</p>\n","status":"broken","statusMessage":"selenium.common.exceptions.TimeoutException: Message: \nStacktrace:\n#0 0x5607bcacae33 <unknown>\n#1 0x5607bc7ba567 <unknown>\n#2 0x5607bc80527d <unknown>\n#3 0x5607bc805331 <unknown>\n#4 0x5607bc848624 <unknown>\n#5 0x5607bc82738d <unknown>\n#6 0x5607bc845ae2 <unknown>\n#7 0x5607bc827103 <unknown>\n#8 0x5607bc7f81ba <unknown>\n#9 0x5607bc7f8b8e <unknown>\n#10 0x5607bca8f59b <unknown>\n#11 0x5607bca9334b <unknown>\n#12 0x5607bca7b681 <unknown>\n#13 0x5607bca93eb2 <unknown>\n#14 0x5607bca606af <unknown>\n#15 0x5607bcaba428 <unknown>\n#16 0x5607bcaba600 <unknown>\n#17 0x5607bcac9f84 <unknown>\n#18 0x7fb14d694ac3 <unknown>","statusTrace":"self = <test_sign_in.TestFailedLogin object at 0x7fe19d4ffa90>\ndriver = <selenium.webdriver.chrome.webdriver.WebDriver (session=\"ed04f5d7b5c4c36d772794ea37df9f39\")>\nsign_in_page = <pages.sign_in_page.SignInPage object at 0x7fe19ece1690>\nemail = 'teston120@mailinator.com', password = 'test#12p@ssword'\n\n    @allure.title('TC 03.02.02 to 03_02_10 Verify Error on Failed Login with invalid credentials')\n    @pytest.mark.parametrize('email, password', [LOGIN[i] for i in [1, 2, 6, 8, 9]])\n    def test_03_02_02_to_10_error_if_login_with_invalid_credentials(self, driver, sign_in_page, email, password):\n        \"\"\"Check error on Failed Login with invalid credentials, case-sensitive password and password with spaces\"\"\"\n        sign_in_page.fill_in_email_field(email)\n        sign_in_page.fill_in_password_field(password)\n        sign_in_page.click_sign_in_button()\n    \n>       error_message = sign_in_page.get_error_message((SingInPageLocators.ERROR_MESSAGE))\n\ntests/test_sign_in.py:275: \n_ _ _ _ _ _ _ _ _ _ _ _ _ _ _ _ _ _ _ _ _ _ _ _ _ _ _ _ _ _ _ _ _ _ _ _ _ _ _ _ \npages/base_page.py:337: in get_error_message\n    error = wait(self.driver, timeout).until(EC.visibility_of_element_located(locator))\n_ _ _ _ _ _ _ _ _ _ _ _ _ _ _ _ _ _ _ _ _ _ _ _ _ _ _ _ _ _ _ _ _ _ _ _ _ _ _ _ \n\nself = <selenium.webdriver.support.wait.WebDriverWait (session=\"ed04f5d7b5c4c36d772794ea37df9f39\")>\nmethod = <function visibility_of_element_located.<locals>._predicate at 0x7fe19f36e660>\nmessage = ''\n\n    def until(self, method, message: str = \"\"):\n        \"\"\"Calls the method provided with the driver as an argument until the \\\n        return value does not evaluate to ``False``.\n    \n        :param method: callable(WebDriver)\n        :param message: optional message for :exc:`TimeoutException`\n        :returns: the result of the last call to `method`\n        :raises: :exc:`selenium.common.exceptions.TimeoutException` if timeout occurs\n        \"\"\"\n        screen = None\n        stacktrace = None\n    \n        end_time = time.monotonic() + self._timeout\n        while True:\n            try:\n                value = method(self._driver)\n                if value:\n                    return value\n            except self._ignored_exceptions as exc:\n                screen = getattr(exc, \"screen\", None)\n                stacktrace = getattr(exc, \"stacktrace\", None)\n            time.sleep(self._poll)\n            if time.monotonic() > end_time:\n                break\n>       raise TimeoutException(message, screen, stacktrace)\nE       selenium.common.exceptions.TimeoutException: Message: \nE       Stacktrace:\nE       #0 0x5607bcacae33 <unknown>\nE       #1 0x5607bc7ba567 <unknown>\nE       #2 0x5607bc80527d <unknown>\nE       #3 0x5607bc805331 <unknown>\nE       #4 0x5607bc848624 <unknown>\nE       #5 0x5607bc82738d <unknown>\nE       #6 0x5607bc845ae2 <unknown>\nE       #7 0x5607bc827103 <unknown>\nE       #8 0x5607bc7f81ba <unknown>\nE       #9 0x5607bc7f8b8e <unknown>\nE       #10 0x5607bca8f59b <unknown>\nE       #11 0x5607bca9334b <unknown>\nE       #12 0x5607bca7b681 <unknown>\nE       #13 0x5607bca93eb2 <unknown>\nE       #14 0x5607bca606af <unknown>\nE       #15 0x5607bcaba428 <unknown>\nE       #16 0x5607bcaba600 <unknown>\nE       #17 0x5607bcac9f84 <unknown>\nE       #18 0x7fb14d694ac3 <unknown>\n\n/opt/hostedtoolcache/Python/3.11.9/x64/lib/python3.11/site-packages/selenium/webdriver/support/wait.py:95: TimeoutException","flaky":false,"newFailed":false,"newBroken":true,"newPassed":false,"retriesCount":0,"retriesStatusChange":false,"beforeStages":[{"name":"_session_faker","time":{"start":1714698883254,"stop":1714698883315,"duration":61},"status":"passed","steps":[],"attachments":[],"parameters":[],"shouldDisplayMessage":false,"stepsCount":0,"attachmentsCount":0,"hasContent":false,"attachmentStep":false},{"name":"clear_allure_result_folder","time":{"start":1714698883315,"stop":1714698883315,"duration":0},"status":"passed","steps":[],"attachments":[],"parameters":[],"shouldDisplayMessage":false,"stepsCount":0,"attachmentsCount":0,"hasContent":false,"attachmentStep":false},{"name":"driver","time":{"start":1714703225574,"stop":1714703226843,"duration":1269},"status":"passed","steps":[],"attachments":[],"parameters":[],"shouldDisplayMessage":false,"stepsCount":0,"attachmentsCount":0,"hasContent":false,"attachmentStep":false},{"name":"sign_in_page","time":{"start":1714703226843,"stop":1714703258299,"duration":31456},"status":"passed","steps":[{"name":"Open a browser","time":{"start":1714703226843,"stop":1714703258299,"duration":31456},"status":"passed","steps":[],"attachments":[],"parameters":[],"shouldDisplayMessage":false,"stepsCount":0,"attachmentsCount":0,"hasContent":false,"attachmentStep":false}],"attachments":[],"parameters":[],"shouldDisplayMessage":false,"stepsCount":1,"attachmentsCount":0,"hasContent":true,"attachmentStep":false}],"testStage":{"description":"Check error on Failed Login with invalid credentials, case-sensitive password and password with spaces","status":"broken","statusMessage":"selenium.common.exceptions.TimeoutException: Message: \nStacktrace:\n#0 0x5607bcacae33 <unknown>\n#1 0x5607bc7ba567 <unknown>\n#2 0x5607bc80527d <unknown>\n#3 0x5607bc805331 <unknown>\n#4 0x5607bc848624 <unknown>\n#5 0x5607bc82738d <unknown>\n#6 0x5607bc845ae2 <unknown>\n#7 0x5607bc827103 <unknown>\n#8 0x5607bc7f81ba <unknown>\n#9 0x5607bc7f8b8e <unknown>\n#10 0x5607bca8f59b <unknown>\n#11 0x5607bca9334b <unknown>\n#12 0x5607bca7b681 <unknown>\n#13 0x5607bca93eb2 <unknown>\n#14 0x5607bca606af <unknown>\n#15 0x5607bcaba428 <unknown>\n#16 0x5607bcaba600 <unknown>\n#17 0x5607bcac9f84 <unknown>\n#18 0x7fb14d694ac3 <unknown>","statusTrace":"self = <test_sign_in.TestFailedLogin object at 0x7fe19d4ffa90>\ndriver = <selenium.webdriver.chrome.webdriver.WebDriver (session=\"ed04f5d7b5c4c36d772794ea37df9f39\")>\nsign_in_page = <pages.sign_in_page.SignInPage object at 0x7fe19ece1690>\nemail = 'teston120@mailinator.com', password = 'test#12p@ssword'\n\n    @allure.title('TC 03.02.02 to 03_02_10 Verify Error on Failed Login with invalid credentials')\n    @pytest.mark.parametrize('email, password', [LOGIN[i] for i in [1, 2, 6, 8, 9]])\n    def test_03_02_02_to_10_error_if_login_with_invalid_credentials(self, driver, sign_in_page, email, password):\n        \"\"\"Check error on Failed Login with invalid credentials, case-sensitive password and password with spaces\"\"\"\n        sign_in_page.fill_in_email_field(email)\n        sign_in_page.fill_in_password_field(password)\n        sign_in_page.click_sign_in_button()\n    \n>       error_message = sign_in_page.get_error_message((SingInPageLocators.ERROR_MESSAGE))\n\ntests/test_sign_in.py:275: \n_ _ _ _ _ _ _ _ _ _ _ _ _ _ _ _ _ _ _ _ _ _ _ _ _ _ _ _ _ _ _ _ _ _ _ _ _ _ _ _ \npages/base_page.py:337: in get_error_message\n    error = wait(self.driver, timeout).until(EC.visibility_of_element_located(locator))\n_ _ _ _ _ _ _ _ _ _ _ _ _ _ _ _ _ _ _ _ _ _ _ _ _ _ _ _ _ _ _ _ _ _ _ _ _ _ _ _ \n\nself = <selenium.webdriver.support.wait.WebDriverWait (session=\"ed04f5d7b5c4c36d772794ea37df9f39\")>\nmethod = <function visibility_of_element_located.<locals>._predicate at 0x7fe19f36e660>\nmessage = ''\n\n    def until(self, method, message: str = \"\"):\n        \"\"\"Calls the method provided with the driver as an argument until the \\\n        return value does not evaluate to ``False``.\n    \n        :param method: callable(WebDriver)\n        :param message: optional message for :exc:`TimeoutException`\n        :returns: the result of the last call to `method`\n        :raises: :exc:`selenium.common.exceptions.TimeoutException` if timeout occurs\n        \"\"\"\n        screen = None\n        stacktrace = None\n    \n        end_time = time.monotonic() + self._timeout\n        while True:\n            try:\n                value = method(self._driver)\n                if value:\n                    return value\n            except self._ignored_exceptions as exc:\n                screen = getattr(exc, \"screen\", None)\n                stacktrace = getattr(exc, \"stacktrace\", None)\n            time.sleep(self._poll)\n            if time.monotonic() > end_time:\n                break\n>       raise TimeoutException(message, screen, stacktrace)\nE       selenium.common.exceptions.TimeoutException: Message: \nE       Stacktrace:\nE       #0 0x5607bcacae33 <unknown>\nE       #1 0x5607bc7ba567 <unknown>\nE       #2 0x5607bc80527d <unknown>\nE       #3 0x5607bc805331 <unknown>\nE       #4 0x5607bc848624 <unknown>\nE       #5 0x5607bc82738d <unknown>\nE       #6 0x5607bc845ae2 <unknown>\nE       #7 0x5607bc827103 <unknown>\nE       #8 0x5607bc7f81ba <unknown>\nE       #9 0x5607bc7f8b8e <unknown>\nE       #10 0x5607bca8f59b <unknown>\nE       #11 0x5607bca9334b <unknown>\nE       #12 0x5607bca7b681 <unknown>\nE       #13 0x5607bca93eb2 <unknown>\nE       #14 0x5607bca606af <unknown>\nE       #15 0x5607bcaba428 <unknown>\nE       #16 0x5607bcaba600 <unknown>\nE       #17 0x5607bcac9f84 <unknown>\nE       #18 0x7fb14d694ac3 <unknown>\n\n/opt/hostedtoolcache/Python/3.11.9/x64/lib/python3.11/site-packages/selenium/webdriver/support/wait.py:95: TimeoutException","steps":[{"name":"Fill in Email field","time":{"start":1714703258300,"stop":1714703258544,"duration":244},"status":"passed","steps":[{"name":"Check Email field is clickable","time":{"start":1714703258300,"stop":1714703258328,"duration":28},"status":"passed","steps":[{"name":"Find clickable elements","time":{"start":1714703258300,"stop":1714703258328,"duration":28},"status":"passed","steps":[],"attachments":[],"parameters":[{"name":"locator","value":"('css selector', '#email')"},{"name":"timeout","value":"5"}],"shouldDisplayMessage":false,"stepsCount":0,"attachmentsCount":0,"hasContent":true,"attachmentStep":false}],"attachments":[],"parameters":[],"shouldDisplayMessage":false,"stepsCount":1,"attachmentsCount":0,"hasContent":true,"attachmentStep":false},{"name":"Fill in a field","time":{"start":1714703258328,"stop":1714703258543,"duration":215},"status":"passed","steps":[{"name":"Find clickable elements","time":{"start":1714703258328,"stop":1714703258345,"duration":17},"status":"passed","steps":[],"attachments":[],"parameters":[{"name":"locator","value":"<selenium.webdriver.remote.webelement.WebElement (session=\"ed04f5d7b5c4c36d772794ea37df9f39\", element=\"f.9F48C42D66F4EC8A0C0D09E94B4BB451.d.A3556B400DCA9624E279FD58B8C7BDA6.e.6\")>"},{"name":"timeout","value":"5"}],"shouldDisplayMessage":false,"stepsCount":0,"attachmentsCount":0,"hasContent":true,"attachmentStep":false}],"attachments":[],"parameters":[{"name":"locator","value":"<selenium.webdriver.remote.webelement.WebElement (session=\"ed04f5d7b5c4c36d772794ea37df9f39\", element=\"f.9F48C42D66F4EC8A0C0D09E94B4BB451.d.A3556B400DCA9624E279FD58B8C7BDA6.e.6\")>"},{"name":"value","value":"'teston120@mailinator.com'"}],"shouldDisplayMessage":false,"stepsCount":1,"attachmentsCount":0,"hasContent":true,"attachmentStep":false}],"attachments":[],"parameters":[{"name":"email","value":"'teston120@mailinator.com'"}],"shouldDisplayMessage":false,"stepsCount":4,"attachmentsCount":0,"hasContent":true,"attachmentStep":false},{"name":"Fill in Password field","time":{"start":1714703258544,"stop":1714703258676,"duration":132},"status":"passed","steps":[{"name":"Check Password field is clickable","time":{"start":1714703258544,"stop":1714703258578,"duration":34},"status":"passed","steps":[{"name":"Find clickable elements","time":{"start":1714703258544,"stop":1714703258578,"duration":34},"status":"passed","steps":[],"attachments":[],"parameters":[{"name":"locator","value":"('css selector', '#pass')"},{"name":"timeout","value":"5"}],"shouldDisplayMessage":false,"stepsCount":0,"attachmentsCount":0,"hasContent":true,"attachmentStep":false}],"attachments":[],"parameters":[],"shouldDisplayMessage":false,"stepsCount":1,"attachmentsCount":0,"hasContent":true,"attachmentStep":false},{"name":"Fill in a field","time":{"start":1714703258578,"stop":1714703258676,"duration":98},"status":"passed","steps":[{"name":"Find clickable elements","time":{"start":1714703258578,"stop":1714703258597,"duration":19},"status":"passed","steps":[],"attachments":[],"parameters":[{"name":"locator","value":"<selenium.webdriver.remote.webelement.WebElement (session=\"ed04f5d7b5c4c36d772794ea37df9f39\", element=\"f.9F48C42D66F4EC8A0C0D09E94B4BB451.d.A3556B400DCA9624E279FD58B8C7BDA6.e.7\")>"},{"name":"timeout","value":"5"}],"shouldDisplayMessage":false,"stepsCount":0,"attachmentsCount":0,"hasContent":true,"attachmentStep":false}],"attachments":[],"parameters":[{"name":"locator","value":"<selenium.webdriver.remote.webelement.WebElement (session=\"ed04f5d7b5c4c36d772794ea37df9f39\", element=\"f.9F48C42D66F4EC8A0C0D09E94B4BB451.d.A3556B400DCA9624E279FD58B8C7BDA6.e.7\")>"},{"name":"value","value":"'test#12p@ssword'"}],"shouldDisplayMessage":false,"stepsCount":1,"attachmentsCount":0,"hasContent":true,"attachmentStep":false}],"attachments":[],"parameters":[{"name":"password","value":"'test#12p@ssword'"}],"shouldDisplayMessage":false,"stepsCount":4,"attachmentsCount":0,"hasContent":true,"attachmentStep":false},{"name":"Click on Sign In button","time":{"start":1714703258676,"stop":1714703359220,"duration":100544},"status":"passed","steps":[{"name":"Check Sign In button is clickable","time":{"start":1714703258676,"stop":1714703258697,"duration":21},"status":"passed","steps":[{"name":"Find clickable elements","time":{"start":1714703258677,"stop":1714703258697,"duration":20},"status":"passed","steps":[],"attachments":[],"parameters":[{"name":"locator","value":"('xpath', '//button[@id=\"send2\"]')"},{"name":"timeout","value":"5"}],"shouldDisplayMessage":false,"stepsCount":0,"attachmentsCount":0,"hasContent":true,"attachmentStep":false}],"attachments":[],"parameters":[],"shouldDisplayMessage":false,"stepsCount":1,"attachmentsCount":0,"hasContent":true,"attachmentStep":false}],"attachments":[],"parameters":[],"shouldDisplayMessage":false,"stepsCount":2,"attachmentsCount":0,"hasContent":true,"attachmentStep":false},{"name":"Get error message","time":{"start":1714703359220,"stop":1714703364342,"duration":5122},"status":"broken","statusMessage":"selenium.common.exceptions.TimeoutException: Message: \nStacktrace:\n#0 0x5607bcacae33 <unknown>\n#1 0x5607bc7ba567 <unknown>\n#2 0x5607bc80527d <unknown>\n#3 0x5607bc805331 <unknown>\n#4 0x5607bc848624 <unknown>\n#5 0x5607bc82738d <unknown>\n#6 0x5607bc845ae2 <unknown>\n#7 0x5607bc827103 <unknown>\n#8 0x5607bc7f81ba <unknown>\n#9 0x5607bc7f8b8e <unknown>\n#10 0x5607bca8f59b <unknown>\n#11 0x5607bca9334b <unknown>\n#12 0x5607bca7b681 <unknown>\n#13 0x5607bca93eb2 <unknown>\n#14 0x5607bca606af <unknown>\n#15 0x5607bcaba428 <unknown>\n#16 0x5607bcaba600 <unknown>\n#17 0x5607bcac9f84 <unknown>\n#18 0x7fb14d694ac3 <unknown>\n\n","statusTrace":"  File \"/opt/hostedtoolcache/Python/3.11.9/x64/lib/python3.11/site-packages/allure_commons/_allure.py\", line 192, in impl\n    return func(*a, **kw)\n           ^^^^^^^^^^^^^^\n  File \"/home/runner/work/luma_project/luma_project/pages/base_page.py\", line 337, in get_error_message\n    error = wait(self.driver, timeout).until(EC.visibility_of_element_located(locator))\n            ^^^^^^^^^^^^^^^^^^^^^^^^^^^^^^^^^^^^^^^^^^^^^^^^^^^^^^^^^^^^^^^^^^^^^^^^^^^\n  File \"/opt/hostedtoolcache/Python/3.11.9/x64/lib/python3.11/site-packages/selenium/webdriver/support/wait.py\", line 95, in until\n    raise TimeoutException(message, screen, stacktrace)\n","steps":[],"attachments":[],"parameters":[{"name":"locator","value":"('xpath', '//div[@data-bind=\"html: $parent.prepareMessageForHtml(message.text)\"]')"},{"name":"timeout","value":"5"}],"shouldDisplayMessage":true,"stepsCount":0,"attachmentsCount":0,"hasContent":true,"attachmentStep":false}],"attachments":[{"uid":"757c153cd9f68080","name":"Screenshot","source":"757c153cd9f68080.png","type":"image/png","size":111654},{"uid":"7545b166b1973882","name":"HTML source","source":"7545b166b1973882.html","type":"text/html","size":6916}],"parameters":[],"shouldDisplayMessage":true,"stepsCount":14,"attachmentsCount":2,"hasContent":true,"attachmentStep":false},"afterStages":[{"name":"driver::0","time":{"start":1714703364457,"stop":1714703364539,"duration":82},"status":"passed","steps":[],"attachments":[],"parameters":[],"shouldDisplayMessage":false,"stepsCount":0,"attachmentsCount":0,"hasContent":false,"attachmentStep":false},{"name":"clear_allure_result_folder::0","time":{"start":1714703551491,"stop":1714703551491,"duration":0},"status":"passed","steps":[],"attachments":[],"parameters":[],"shouldDisplayMessage":false,"stepsCount":0,"attachmentsCount":0,"hasContent":false,"attachmentStep":false}],"labels":[{"name":"feature","value":"Failed Login Functionality"},{"name":"parentSuite","value":"tests"},{"name":"suite","value":"test_sign_in"},{"name":"subSuite","value":"TestFailedLogin"},{"name":"host","value":"fv-az914-909"},{"name":"thread","value":"3044-MainThread"},{"name":"framework","value":"pytest"},{"name":"language","value":"cpython3"},{"name":"package","value":"tests.test_sign_in"},{"name":"resultFormat","value":"allure2"}],"parameters":[{"name":"email","value":"'teston120@mailinator.com'"},{"name":"password","value":"'test#12p@ssword'"}],"links":[],"hidden":false,"retry":false,"extra":{"severity":"normal","retries":[],"categories":[{"name":"Test defects","matchedStatuses":[],"flaky":false}],"history":{"statistic":{"failed":0,"broken":1,"skipped":0,"passed":5,"unknown":0,"total":6},"items":[{"uid":"ed13186e8650c293","reportUrl":"https://verafes.github.io/luma_project/298//#testresult/ed13186e8650c293","status":"passed","time":{"start":1714613598509,"stop":1714613600247,"duration":1738}},{"uid":"55adea1ec4085804","reportUrl":"https://verafes.github.io/luma_project/297//#testresult/55adea1ec4085804","status":"passed","time":{"start":1714527490956,"stop":1714527493633,"duration":2677}},{"uid":"5100b834babcb5e4","reportUrl":"https://verafes.github.io/luma_project/296//#testresult/5100b834babcb5e4","status":"passed","time":{"start":1714440933945,"stop":1714440935460,"duration":1515}},{"uid":"4aacb8d2aae247ed","reportUrl":"https://verafes.github.io/luma_project/295//#testresult/4aacb8d2aae247ed","status":"passed","time":{"start":1714354614782,"stop":1714354616380,"duration":1598}},{"uid":"d08c5ecbb15c8440","reportUrl":"https://verafes.github.io/luma_project/294//#testresult/d08c5ecbb15c8440","status":"passed","time":{"start":1714268335142,"stop":1714268336821,"duration":1679}}]},"tags":[]},"source":"e80787cbc22598b4.json","parameterValues":["'teston120@mailinator.com'","'test#12p@ssword'"]}