{"uid":"247bc1b7405d1eaa","name":"TC 13.01.17 - Check the display of the info block in block 1 'home-pants' in the Promo Block","fullName":"tests.test_main_page.TestPromoBlock#test_tc_13_01_17_check_info_block_in_section2_block1","historyId":"974455db7c788d5a4f19a3bc1a5cf9e9","time":{"start":1735696512974,"stop":1735696520101,"duration":7127},"description":"This test checks if info block in section 2 block 1 'home-pants' is displayed","descriptionHtml":"<p>This test checks if info block in section 2 block 1 'home-pants' is displayed</p>\n","status":"broken","statusMessage":"selenium.common.exceptions.TimeoutException: Message: \nStacktrace:\n#0 0x56466dcde31a <unknown>\n#1 0x56466d7f46e0 <unknown>\n#2 0x56466d8433e6 <unknown>\n#3 0x56466d843681 <unknown>\n#4 0x56466d888b04 <unknown>\n#5 0x56466d86748d <unknown>\n#6 0x56466d885ed7 <unknown>\n#7 0x56466d867203 <unknown>\n#8 0x56466d835cc0 <unknown>\n#9 0x56466d836c9e <unknown>\n#10 0x56466dcabd0b <unknown>\n#11 0x56466dcafc92 <unknown>\n#12 0x56466dc98b3c <unknown>\n#13 0x56466dcb0807 <unknown>\n#14 0x56466dc7e0df <unknown>\n#15 0x56466dccd578 <unknown>\n#16 0x56466dccd740 <unknown>\n#17 0x56466dcdd196 <unknown>\n#18 0x7f80d3a9ca94 <unknown>\n#19 0x7f80d3b29c3c <unknown>","statusTrace":"self = <test_main_page.TestMainPage.TestPromoBlock object at 0x7fe326ce0d90>\ndriver = <selenium.webdriver.chrome.webdriver.WebDriver (session=\"8a42bad8b43fd06bb3e0789fd0cea6e0\")>\n\n    @allure.title(\"TC 13.01.17 - Check the display of the info block in block 1 'home-pants' in the Promo Block\")\n    def test_tc_13_01_17_check_info_block_in_section2_block1(self, driver):\n        \"\"\"This test checks if info block in section 2 block 1 'home-pants' is displayed\"\"\"\n        page = PromoBlock(driver, MAIN_PAGE_URL)\n        page.open()\n>       assert page.element_is_visible(self.locators.SECTION_2_BLOCK_1_INFO_BLOCK), \\\n            \"The info block in section 2 block 1 under header is invisible on the Main Page\"\n\ntests/test_main_page.py:262: \n_ _ _ _ _ _ _ _ _ _ _ _ _ _ _ _ _ _ _ _ _ _ _ _ _ _ _ _ _ _ _ _ _ _ _ _ _ _ _ _ \npages/base_page.py:29: in element_is_visible\n    self.go_to_element(self.element_is_present(locator))\npages/base_page.py:50: in element_is_present\n    return wait(self.driver, timeout).until(EC.presence_of_element_located(locator))\n_ _ _ _ _ _ _ _ _ _ _ _ _ _ _ _ _ _ _ _ _ _ _ _ _ _ _ _ _ _ _ _ _ _ _ _ _ _ _ _ \n\nself = <selenium.webdriver.support.wait.WebDriverWait (session=\"8a42bad8b43fd06bb3e0789fd0cea6e0\")>\nmethod = <function presence_of_element_located.<locals>._predicate at 0x7fe327967380>\nmessage = ''\n\n    def until(self, method, message: str = \"\"):\n        \"\"\"Calls the method provided with the driver as an argument until the \\\n        return value does not evaluate to ``False``.\n    \n        :param method: callable(WebDriver)\n        :param message: optional message for :exc:`TimeoutException`\n        :returns: the result of the last call to `method`\n        :raises: :exc:`selenium.common.exceptions.TimeoutException` if timeout occurs\n        \"\"\"\n        screen = None\n        stacktrace = None\n    \n        end_time = time.monotonic() + self._timeout\n        while True:\n            try:\n                value = method(self._driver)\n                if value:\n                    return value\n            except self._ignored_exceptions as exc:\n                screen = getattr(exc, \"screen\", None)\n                stacktrace = getattr(exc, \"stacktrace\", None)\n            time.sleep(self._poll)\n            if time.monotonic() > end_time:\n                break\n>       raise TimeoutException(message, screen, stacktrace)\nE       selenium.common.exceptions.TimeoutException: Message: \nE       Stacktrace:\nE       #0 0x56466dcde31a <unknown>\nE       #1 0x56466d7f46e0 <unknown>\nE       #2 0x56466d8433e6 <unknown>\nE       #3 0x56466d843681 <unknown>\nE       #4 0x56466d888b04 <unknown>\nE       #5 0x56466d86748d <unknown>\nE       #6 0x56466d885ed7 <unknown>\nE       #7 0x56466d867203 <unknown>\nE       #8 0x56466d835cc0 <unknown>\nE       #9 0x56466d836c9e <unknown>\nE       #10 0x56466dcabd0b <unknown>\nE       #11 0x56466dcafc92 <unknown>\nE       #12 0x56466dc98b3c <unknown>\nE       #13 0x56466dcb0807 <unknown>\nE       #14 0x56466dc7e0df <unknown>\nE       #15 0x56466dccd578 <unknown>\nE       #16 0x56466dccd740 <unknown>\nE       #17 0x56466dcdd196 <unknown>\nE       #18 0x7f80d3a9ca94 <unknown>\nE       #19 0x7f80d3b29c3c <unknown>\n\n/opt/hostedtoolcache/Python/3.11.11/x64/lib/python3.11/site-packages/selenium/webdriver/support/wait.py:95: TimeoutException","flaky":false,"newFailed":false,"newBroken":false,"newPassed":false,"retriesCount":0,"retriesStatusChange":false,"beforeStages":[{"name":"_session_faker","time":{"start":1735695913429,"stop":1735695913494,"duration":65},"status":"passed","steps":[],"attachments":[],"parameters":[],"shouldDisplayMessage":false,"stepsCount":0,"attachmentsCount":0,"hasContent":false,"attachmentStep":false},{"name":"clear_allure_result_folder","time":{"start":1735695913494,"stop":1735695913494,"duration":0},"status":"passed","steps":[],"attachments":[],"parameters":[],"shouldDisplayMessage":false,"stepsCount":0,"attachmentsCount":0,"hasContent":false,"attachmentStep":false},{"name":"driver","time":{"start":1735696511772,"stop":1735696512974,"duration":1202},"status":"passed","steps":[],"attachments":[],"parameters":[],"shouldDisplayMessage":false,"stepsCount":0,"attachmentsCount":0,"hasContent":false,"attachmentStep":false}],"testStage":{"description":"This test checks if info block in section 2 block 1 'home-pants' is displayed","status":"broken","statusMessage":"selenium.common.exceptions.TimeoutException: Message: \nStacktrace:\n#0 0x56466dcde31a <unknown>\n#1 0x56466d7f46e0 <unknown>\n#2 0x56466d8433e6 <unknown>\n#3 0x56466d843681 <unknown>\n#4 0x56466d888b04 <unknown>\n#5 0x56466d86748d <unknown>\n#6 0x56466d885ed7 <unknown>\n#7 0x56466d867203 <unknown>\n#8 0x56466d835cc0 <unknown>\n#9 0x56466d836c9e <unknown>\n#10 0x56466dcabd0b <unknown>\n#11 0x56466dcafc92 <unknown>\n#12 0x56466dc98b3c <unknown>\n#13 0x56466dcb0807 <unknown>\n#14 0x56466dc7e0df <unknown>\n#15 0x56466dccd578 <unknown>\n#16 0x56466dccd740 <unknown>\n#17 0x56466dcdd196 <unknown>\n#18 0x7f80d3a9ca94 <unknown>\n#19 0x7f80d3b29c3c <unknown>","statusTrace":"self = <test_main_page.TestMainPage.TestPromoBlock object at 0x7fe326ce0d90>\ndriver = <selenium.webdriver.chrome.webdriver.WebDriver (session=\"8a42bad8b43fd06bb3e0789fd0cea6e0\")>\n\n    @allure.title(\"TC 13.01.17 - Check the display of the info block in block 1 'home-pants' in the Promo Block\")\n    def test_tc_13_01_17_check_info_block_in_section2_block1(self, driver):\n        \"\"\"This test checks if info block in section 2 block 1 'home-pants' is displayed\"\"\"\n        page = PromoBlock(driver, MAIN_PAGE_URL)\n        page.open()\n>       assert page.element_is_visible(self.locators.SECTION_2_BLOCK_1_INFO_BLOCK), \\\n            \"The info block in section 2 block 1 under header is invisible on the Main Page\"\n\ntests/test_main_page.py:262: \n_ _ _ _ _ _ _ _ _ _ _ _ _ _ _ _ _ _ _ _ _ _ _ _ _ _ _ _ _ _ _ _ _ _ _ _ _ _ _ _ \npages/base_page.py:29: in element_is_visible\n    self.go_to_element(self.element_is_present(locator))\npages/base_page.py:50: in element_is_present\n    return wait(self.driver, timeout).until(EC.presence_of_element_located(locator))\n_ _ _ _ _ _ _ _ _ _ _ _ _ _ _ _ _ _ _ _ _ _ _ _ _ _ _ _ _ _ _ _ _ _ _ _ _ _ _ _ \n\nself = <selenium.webdriver.support.wait.WebDriverWait (session=\"8a42bad8b43fd06bb3e0789fd0cea6e0\")>\nmethod = <function presence_of_element_located.<locals>._predicate at 0x7fe327967380>\nmessage = ''\n\n    def until(self, method, message: str = \"\"):\n        \"\"\"Calls the method provided with the driver as an argument until the \\\n        return value does not evaluate to ``False``.\n    \n        :param method: callable(WebDriver)\n        :param message: optional message for :exc:`TimeoutException`\n        :returns: the result of the last call to `method`\n        :raises: :exc:`selenium.common.exceptions.TimeoutException` if timeout occurs\n        \"\"\"\n        screen = None\n        stacktrace = None\n    \n        end_time = time.monotonic() + self._timeout\n        while True:\n            try:\n                value = method(self._driver)\n                if value:\n                    return value\n            except self._ignored_exceptions as exc:\n                screen = getattr(exc, \"screen\", None)\n                stacktrace = getattr(exc, \"stacktrace\", None)\n            time.sleep(self._poll)\n            if time.monotonic() > end_time:\n                break\n>       raise TimeoutException(message, screen, stacktrace)\nE       selenium.common.exceptions.TimeoutException: Message: \nE       Stacktrace:\nE       #0 0x56466dcde31a <unknown>\nE       #1 0x56466d7f46e0 <unknown>\nE       #2 0x56466d8433e6 <unknown>\nE       #3 0x56466d843681 <unknown>\nE       #4 0x56466d888b04 <unknown>\nE       #5 0x56466d86748d <unknown>\nE       #6 0x56466d885ed7 <unknown>\nE       #7 0x56466d867203 <unknown>\nE       #8 0x56466d835cc0 <unknown>\nE       #9 0x56466d836c9e <unknown>\nE       #10 0x56466dcabd0b <unknown>\nE       #11 0x56466dcafc92 <unknown>\nE       #12 0x56466dc98b3c <unknown>\nE       #13 0x56466dcb0807 <unknown>\nE       #14 0x56466dc7e0df <unknown>\nE       #15 0x56466dccd578 <unknown>\nE       #16 0x56466dccd740 <unknown>\nE       #17 0x56466dcdd196 <unknown>\nE       #18 0x7f80d3a9ca94 <unknown>\nE       #19 0x7f80d3b29c3c <unknown>\n\n/opt/hostedtoolcache/Python/3.11.11/x64/lib/python3.11/site-packages/selenium/webdriver/support/wait.py:95: TimeoutException","steps":[{"name":"Open a browser","time":{"start":1735696512974,"stop":1735696514004,"duration":1030},"status":"passed","steps":[],"attachments":[],"parameters":[],"shouldDisplayMessage":false,"stepsCount":0,"attachmentsCount":0,"hasContent":false,"attachmentStep":false},{"name":"Find a visible element","time":{"start":1735696514004,"stop":1735696520101,"duration":6097},"status":"broken","statusMessage":"selenium.common.exceptions.TimeoutException: Message: \nStacktrace:\n#0 0x56466dcde31a <unknown>\n#1 0x56466d7f46e0 <unknown>\n#2 0x56466d8433e6 <unknown>\n#3 0x56466d843681 <unknown>\n#4 0x56466d888b04 <unknown>\n#5 0x56466d86748d <unknown>\n#6 0x56466d885ed7 <unknown>\n#7 0x56466d867203 <unknown>\n#8 0x56466d835cc0 <unknown>\n#9 0x56466d836c9e <unknown>\n#10 0x56466dcabd0b <unknown>\n#11 0x56466dcafc92 <unknown>\n#12 0x56466dc98b3c <unknown>\n#13 0x56466dcb0807 <unknown>\n#14 0x56466dc7e0df <unknown>\n#15 0x56466dccd578 <unknown>\n#16 0x56466dccd740 <unknown>\n#17 0x56466dcdd196 <unknown>\n#18 0x7f80d3a9ca94 <unknown>\n#19 0x7f80d3b29c3c <unknown>\n\n","statusTrace":"  File \"/opt/hostedtoolcache/Python/3.11.11/x64/lib/python3.11/site-packages/allure_commons/_allure.py\", line 192, in impl\n    return func(*a, **kw)\n           ^^^^^^^^^^^^^^\n  File \"/home/runner/work/luma_project/luma_project/pages/base_page.py\", line 29, in element_is_visible\n    self.go_to_element(self.element_is_present(locator))\n                       ^^^^^^^^^^^^^^^^^^^^^^^^^^^^^^^^\n  File \"/opt/hostedtoolcache/Python/3.11.11/x64/lib/python3.11/site-packages/allure_commons/_allure.py\", line 192, in impl\n    return func(*a, **kw)\n           ^^^^^^^^^^^^^^\n  File \"/home/runner/work/luma_project/luma_project/pages/base_page.py\", line 50, in element_is_present\n    return wait(self.driver, timeout).until(EC.presence_of_element_located(locator))\n           ^^^^^^^^^^^^^^^^^^^^^^^^^^^^^^^^^^^^^^^^^^^^^^^^^^^^^^^^^^^^^^^^^^^^^^^^^\n  File \"/opt/hostedtoolcache/Python/3.11.11/x64/lib/python3.11/site-packages/selenium/webdriver/support/wait.py\", line 95, in until\n    raise TimeoutException(message, screen, stacktrace)\n","steps":[{"name":"Find a present element","time":{"start":1735696514004,"stop":1735696520101,"duration":6097},"status":"broken","statusMessage":"selenium.common.exceptions.TimeoutException: Message: \nStacktrace:\n#0 0x56466dcde31a <unknown>\n#1 0x56466d7f46e0 <unknown>\n#2 0x56466d8433e6 <unknown>\n#3 0x56466d843681 <unknown>\n#4 0x56466d888b04 <unknown>\n#5 0x56466d86748d <unknown>\n#6 0x56466d885ed7 <unknown>\n#7 0x56466d867203 <unknown>\n#8 0x56466d835cc0 <unknown>\n#9 0x56466d836c9e <unknown>\n#10 0x56466dcabd0b <unknown>\n#11 0x56466dcafc92 <unknown>\n#12 0x56466dc98b3c <unknown>\n#13 0x56466dcb0807 <unknown>\n#14 0x56466dc7e0df <unknown>\n#15 0x56466dccd578 <unknown>\n#16 0x56466dccd740 <unknown>\n#17 0x56466dcdd196 <unknown>\n#18 0x7f80d3a9ca94 <unknown>\n#19 0x7f80d3b29c3c <unknown>\n\n","statusTrace":"  File \"/opt/hostedtoolcache/Python/3.11.11/x64/lib/python3.11/site-packages/allure_commons/_allure.py\", line 192, in impl\n    return func(*a, **kw)\n           ^^^^^^^^^^^^^^\n  File \"/home/runner/work/luma_project/luma_project/pages/base_page.py\", line 50, in element_is_present\n    return wait(self.driver, timeout).until(EC.presence_of_element_located(locator))\n           ^^^^^^^^^^^^^^^^^^^^^^^^^^^^^^^^^^^^^^^^^^^^^^^^^^^^^^^^^^^^^^^^^^^^^^^^^\n  File \"/opt/hostedtoolcache/Python/3.11.11/x64/lib/python3.11/site-packages/selenium/webdriver/support/wait.py\", line 95, in until\n    raise TimeoutException(message, screen, stacktrace)\n","steps":[],"attachments":[],"parameters":[{"name":"locator","value":"('css selector', '.home-pants .content')"},{"name":"timeout","value":"5"}],"shouldDisplayMessage":true,"stepsCount":0,"attachmentsCount":0,"hasContent":true,"attachmentStep":false}],"attachments":[],"parameters":[{"name":"locator","value":"('css selector', '.home-pants .content')"},{"name":"timeout","value":"10"}],"shouldDisplayMessage":false,"stepsCount":1,"attachmentsCount":0,"hasContent":true,"attachmentStep":false}],"attachments":[{"uid":"d3fc3d3e1b761e04","name":"Screenshot","source":"d3fc3d3e1b761e04.png","type":"image/png","size":548028},{"uid":"858c6e334c6f85d3","name":"HTML source","source":"858c6e334c6f85d3.html","type":"text/html","size":144964}],"parameters":[],"shouldDisplayMessage":true,"stepsCount":3,"attachmentsCount":2,"hasContent":true,"attachmentStep":false},"afterStages":[{"name":"driver::0","time":{"start":1735696520334,"stop":1735696520454,"duration":120},"status":"passed","steps":[],"attachments":[],"parameters":[],"shouldDisplayMessage":false,"stepsCount":0,"attachmentsCount":0,"hasContent":false,"attachmentStep":false},{"name":"clear_allure_result_folder::0","time":{"start":1735697315522,"stop":1735697315522,"duration":0},"status":"passed","steps":[],"attachments":[],"parameters":[],"shouldDisplayMessage":false,"stepsCount":0,"attachmentsCount":0,"hasContent":false,"attachmentStep":false}],"labels":[{"name":"epic","value":"Main Page"},{"name":"feature","value":"Promo Block Testing"},{"name":"parentSuite","value":"tests"},{"name":"suite","value":"test_main_page"},{"name":"subSuite","value":"TestMainPage"},{"name":"host","value":"fv-az1695-335"},{"name":"thread","value":"2799-MainThread"},{"name":"framework","value":"pytest"},{"name":"language","value":"cpython3"},{"name":"package","value":"tests.test_main_page"},{"name":"resultFormat","value":"allure2"}],"parameters":[],"links":[],"hidden":false,"retry":false,"extra":{"severity":"normal","retries":[],"categories":[{"name":"Test defects","matchedStatuses":[],"flaky":false}],"history":{"statistic":{"failed":0,"broken":4,"skipped":0,"passed":0,"unknown":0,"total":4},"items":[{"uid":"e1a876dd7d82797","reportUrl":"https://verafes.github.io/luma_project/541//#testresult/e1a876dd7d82797","status":"broken","statusDetails":"selenium.common.exceptions.TimeoutException: Message: \nStacktrace:\n#0 0x55906c32631a <unknown>\n#1 0x55906be3c6e0 <unknown>\n#2 0x55906be8b3e6 <unknown>\n#3 0x55906be8b681 <unknown>\n#4 0x55906bed0b04 <unknown>\n#5 0x55906beaf48d <unknown>\n#6 0x55906becded7 <unknown>\n#7 0x55906beaf203 <unknown>\n#8 0x55906be7dcc0 <unknown>\n#9 0x55906be7ec9e <unknown>\n#10 0x55906c2f3d0b <unknown>\n#11 0x55906c2f7c92 <unknown>\n#12 0x55906c2e0b3c <unknown>\n#13 0x55906c2f8807 <unknown>\n#14 0x55906c2c60df <unknown>\n#15 0x55906c315578 <unknown>\n#16 0x55906c315740 <unknown>\n#17 0x55906c325196 <unknown>\n#18 0x7fac4ec9ca94 <unknown>\n#19 0x7fac4ed29c3c <unknown>","time":{"start":1735609671792,"stop":1735609678197,"duration":6405}},{"uid":"17756644c601cda1","reportUrl":"https://verafes.github.io/luma_project/540//#testresult/17756644c601cda1","status":"broken","statusDetails":"selenium.common.exceptions.TimeoutException: Message: \nStacktrace:\n#0 0x5574acc9f31a <unknown>\n#1 0x5574ac7b56e0 <unknown>\n#2 0x5574ac8043e6 <unknown>\n#3 0x5574ac804681 <unknown>\n#4 0x5574ac849b04 <unknown>\n#5 0x5574ac82848d <unknown>\n#6 0x5574ac846ed7 <unknown>\n#7 0x5574ac828203 <unknown>\n#8 0x5574ac7f6cc0 <unknown>\n#9 0x5574ac7f7c9e <unknown>\n#10 0x5574acc6cd0b <unknown>\n#11 0x5574acc70c92 <unknown>\n#12 0x5574acc59b3c <unknown>\n#13 0x5574acc71807 <unknown>\n#14 0x5574acc3f0df <unknown>\n#15 0x5574acc8e578 <unknown>\n#16 0x5574acc8e740 <unknown>\n#17 0x5574acc9e196 <unknown>\n#18 0x7f1438a9ca94 <unknown>\n#19 0x7f1438b29c3c <unknown>","time":{"start":1735523435321,"stop":1735523441408,"duration":6087}},{"uid":"c7f8cf1100667a0e","reportUrl":"https://verafes.github.io/luma_project/539//#testresult/c7f8cf1100667a0e","status":"broken","statusDetails":"selenium.common.exceptions.TimeoutException: Message: \nStacktrace:\n#0 0x55b4828de31a <unknown>\n#1 0x55b4823f46e0 <unknown>\n#2 0x55b4824433e6 <unknown>\n#3 0x55b482443681 <unknown>\n#4 0x55b482488b04 <unknown>\n#5 0x55b48246748d <unknown>\n#6 0x55b482485ed7 <unknown>\n#7 0x55b482467203 <unknown>\n#8 0x55b482435cc0 <unknown>\n#9 0x55b482436c9e <unknown>\n#10 0x55b4828abd0b <unknown>\n#11 0x55b4828afc92 <unknown>\n#12 0x55b482898b3c <unknown>\n#13 0x55b4828b0807 <unknown>\n#14 0x55b48287e0df <unknown>\n#15 0x55b4828cd578 <unknown>\n#16 0x55b4828cd740 <unknown>\n#17 0x55b4828dd196 <unknown>\n#18 0x7f0a25c9ca94 <unknown>\n#19 0x7f0a25d29c3c <unknown>","time":{"start":1735438620992,"stop":1735438627216,"duration":6224}}]},"tags":[]},"source":"247bc1b7405d1eaa.json","parameterValues":[]}