{"uid":"b24d9235881b3340","name":"TC 13.01.36 - Check the display of the image in block 5 'home-eco' in the Promo Block","fullName":"tests.test_main_page.TestPromoBlock#test_tc_13_01_36_check_image_in_section2_block5_01","historyId":"f8943e32d6d9cecd9606f1365f9b9a1f","time":{"start":1734918729035,"stop":1734918735685,"duration":6650},"description":"This test checks if the image in section 2 block 5 'home-eco' is correct\n            in the Promo Block under header on the main page","descriptionHtml":"<p>This test checks if the image in section 2 block 5 'home-eco' is correct<br />\nin the Promo Block under header on the main page</p>\n","status":"broken","statusMessage":"selenium.common.exceptions.TimeoutException: Message: \nStacktrace:\n#0 0x55a4e91a231a <unknown>\n#1 0x55a4e8cb86e0 <unknown>\n#2 0x55a4e8d073e6 <unknown>\n#3 0x55a4e8d07681 <unknown>\n#4 0x55a4e8d4cb04 <unknown>\n#5 0x55a4e8d2b48d <unknown>\n#6 0x55a4e8d49ed7 <unknown>\n#7 0x55a4e8d2b203 <unknown>\n#8 0x55a4e8cf9cc0 <unknown>\n#9 0x55a4e8cfac9e <unknown>\n#10 0x55a4e916fd0b <unknown>\n#11 0x55a4e9173c92 <unknown>\n#12 0x55a4e915cb3c <unknown>\n#13 0x55a4e9174807 <unknown>\n#14 0x55a4e91420df <unknown>\n#15 0x55a4e9191578 <unknown>\n#16 0x55a4e9191740 <unknown>\n#17 0x55a4e91a1196 <unknown>\n#18 0x7f7bc849ca94 <unknown>\n#19 0x7f7bc8529c3c <unknown>","statusTrace":"self = <test_main_page.TestMainPage.TestPromoBlock object at 0x7f042e480250>\ndriver = <selenium.webdriver.chrome.webdriver.WebDriver (session=\"758e0b17bfb03ed7ba5152f4007dd90d\")>\n\n    @allure.title(\"TC 13.01.36 - Check the display of the image in block 5 'home-eco' in the Promo Block\")\n    def test_tc_13_01_36_check_image_in_section2_block5_01(self, driver):\n        \"\"\"This test checks if the image in section 2 block 5 'home-eco' is correct\n        in the Promo Block under header on the main page\"\"\"\n        page = PromoBlock(driver, MAIN_PAGE_URL)\n        page.open()\n>       block5_image = page.check_image_in_section2_block5()\n\ntests/test_main_page.py:488: \n_ _ _ _ _ _ _ _ _ _ _ _ _ _ _ _ _ _ _ _ _ _ _ _ _ _ _ _ _ _ _ _ _ _ _ _ _ _ _ _ \npages/main_page.py:243: in check_image_in_section2_block5\n    element = self.element_is_visible(self.locators.SECTION_2_BLOCK_5_IMAGE)\npages/base_page.py:29: in element_is_visible\n    self.go_to_element(self.element_is_present(locator))\npages/base_page.py:50: in element_is_present\n    return wait(self.driver, timeout).until(EC.presence_of_element_located(locator))\n_ _ _ _ _ _ _ _ _ _ _ _ _ _ _ _ _ _ _ _ _ _ _ _ _ _ _ _ _ _ _ _ _ _ _ _ _ _ _ _ \n\nself = <selenium.webdriver.support.wait.WebDriverWait (session=\"758e0b17bfb03ed7ba5152f4007dd90d\")>\nmethod = <function presence_of_element_located.<locals>._predicate at 0x7f04301ad120>\nmessage = ''\n\n    def until(self, method, message: str = \"\"):\n        \"\"\"Calls the method provided with the driver as an argument until the \\\n        return value does not evaluate to ``False``.\n    \n        :param method: callable(WebDriver)\n        :param message: optional message for :exc:`TimeoutException`\n        :returns: the result of the last call to `method`\n        :raises: :exc:`selenium.common.exceptions.TimeoutException` if timeout occurs\n        \"\"\"\n        screen = None\n        stacktrace = None\n    \n        end_time = time.monotonic() + self._timeout\n        while True:\n            try:\n                value = method(self._driver)\n                if value:\n                    return value\n            except self._ignored_exceptions as exc:\n                screen = getattr(exc, \"screen\", None)\n                stacktrace = getattr(exc, \"stacktrace\", None)\n            time.sleep(self._poll)\n            if time.monotonic() > end_time:\n                break\n>       raise TimeoutException(message, screen, stacktrace)\nE       selenium.common.exceptions.TimeoutException: Message: \nE       Stacktrace:\nE       #0 0x55a4e91a231a <unknown>\nE       #1 0x55a4e8cb86e0 <unknown>\nE       #2 0x55a4e8d073e6 <unknown>\nE       #3 0x55a4e8d07681 <unknown>\nE       #4 0x55a4e8d4cb04 <unknown>\nE       #5 0x55a4e8d2b48d <unknown>\nE       #6 0x55a4e8d49ed7 <unknown>\nE       #7 0x55a4e8d2b203 <unknown>\nE       #8 0x55a4e8cf9cc0 <unknown>\nE       #9 0x55a4e8cfac9e <unknown>\nE       #10 0x55a4e916fd0b <unknown>\nE       #11 0x55a4e9173c92 <unknown>\nE       #12 0x55a4e915cb3c <unknown>\nE       #13 0x55a4e9174807 <unknown>\nE       #14 0x55a4e91420df <unknown>\nE       #15 0x55a4e9191578 <unknown>\nE       #16 0x55a4e9191740 <unknown>\nE       #17 0x55a4e91a1196 <unknown>\nE       #18 0x7f7bc849ca94 <unknown>\nE       #19 0x7f7bc8529c3c <unknown>\n\n/opt/hostedtoolcache/Python/3.11.11/x64/lib/python3.11/site-packages/selenium/webdriver/support/wait.py:95: TimeoutException","flaky":false,"newFailed":false,"newBroken":false,"newPassed":false,"retriesCount":0,"retriesStatusChange":false,"beforeStages":[{"name":"_session_faker","time":{"start":1734918002758,"stop":1734918002826,"duration":68},"status":"passed","steps":[],"attachments":[],"parameters":[],"shouldDisplayMessage":false,"stepsCount":0,"attachmentsCount":0,"hasContent":false,"attachmentStep":false},{"name":"clear_allure_result_folder","time":{"start":1734918002826,"stop":1734918002826,"duration":0},"status":"passed","steps":[],"attachments":[],"parameters":[],"shouldDisplayMessage":false,"stepsCount":0,"attachmentsCount":0,"hasContent":false,"attachmentStep":false},{"name":"driver","time":{"start":1734918727769,"stop":1734918729035,"duration":1266},"status":"passed","steps":[],"attachments":[],"parameters":[],"shouldDisplayMessage":false,"stepsCount":0,"attachmentsCount":0,"hasContent":false,"attachmentStep":false}],"testStage":{"description":"This test checks if the image in section 2 block 5 'home-eco' is correct\n            in the Promo Block under header on the main page","status":"broken","statusMessage":"selenium.common.exceptions.TimeoutException: Message: \nStacktrace:\n#0 0x55a4e91a231a <unknown>\n#1 0x55a4e8cb86e0 <unknown>\n#2 0x55a4e8d073e6 <unknown>\n#3 0x55a4e8d07681 <unknown>\n#4 0x55a4e8d4cb04 <unknown>\n#5 0x55a4e8d2b48d <unknown>\n#6 0x55a4e8d49ed7 <unknown>\n#7 0x55a4e8d2b203 <unknown>\n#8 0x55a4e8cf9cc0 <unknown>\n#9 0x55a4e8cfac9e <unknown>\n#10 0x55a4e916fd0b <unknown>\n#11 0x55a4e9173c92 <unknown>\n#12 0x55a4e915cb3c <unknown>\n#13 0x55a4e9174807 <unknown>\n#14 0x55a4e91420df <unknown>\n#15 0x55a4e9191578 <unknown>\n#16 0x55a4e9191740 <unknown>\n#17 0x55a4e91a1196 <unknown>\n#18 0x7f7bc849ca94 <unknown>\n#19 0x7f7bc8529c3c <unknown>","statusTrace":"self = <test_main_page.TestMainPage.TestPromoBlock object at 0x7f042e480250>\ndriver = <selenium.webdriver.chrome.webdriver.WebDriver (session=\"758e0b17bfb03ed7ba5152f4007dd90d\")>\n\n    @allure.title(\"TC 13.01.36 - Check the display of the image in block 5 'home-eco' in the Promo Block\")\n    def test_tc_13_01_36_check_image_in_section2_block5_01(self, driver):\n        \"\"\"This test checks if the image in section 2 block 5 'home-eco' is correct\n        in the Promo Block under header on the main page\"\"\"\n        page = PromoBlock(driver, MAIN_PAGE_URL)\n        page.open()\n>       block5_image = page.check_image_in_section2_block5()\n\ntests/test_main_page.py:488: \n_ _ _ _ _ _ _ _ _ _ _ _ _ _ _ _ _ _ _ _ _ _ _ _ _ _ _ _ _ _ _ _ _ _ _ _ _ _ _ _ \npages/main_page.py:243: in check_image_in_section2_block5\n    element = self.element_is_visible(self.locators.SECTION_2_BLOCK_5_IMAGE)\npages/base_page.py:29: in element_is_visible\n    self.go_to_element(self.element_is_present(locator))\npages/base_page.py:50: in element_is_present\n    return wait(self.driver, timeout).until(EC.presence_of_element_located(locator))\n_ _ _ _ _ _ _ _ _ _ _ _ _ _ _ _ _ _ _ _ _ _ _ _ _ _ _ _ _ _ _ _ _ _ _ _ _ _ _ _ \n\nself = <selenium.webdriver.support.wait.WebDriverWait (session=\"758e0b17bfb03ed7ba5152f4007dd90d\")>\nmethod = <function presence_of_element_located.<locals>._predicate at 0x7f04301ad120>\nmessage = ''\n\n    def until(self, method, message: str = \"\"):\n        \"\"\"Calls the method provided with the driver as an argument until the \\\n        return value does not evaluate to ``False``.\n    \n        :param method: callable(WebDriver)\n        :param message: optional message for :exc:`TimeoutException`\n        :returns: the result of the last call to `method`\n        :raises: :exc:`selenium.common.exceptions.TimeoutException` if timeout occurs\n        \"\"\"\n        screen = None\n        stacktrace = None\n    \n        end_time = time.monotonic() + self._timeout\n        while True:\n            try:\n                value = method(self._driver)\n                if value:\n                    return value\n            except self._ignored_exceptions as exc:\n                screen = getattr(exc, \"screen\", None)\n                stacktrace = getattr(exc, \"stacktrace\", None)\n            time.sleep(self._poll)\n            if time.monotonic() > end_time:\n                break\n>       raise TimeoutException(message, screen, stacktrace)\nE       selenium.common.exceptions.TimeoutException: Message: \nE       Stacktrace:\nE       #0 0x55a4e91a231a <unknown>\nE       #1 0x55a4e8cb86e0 <unknown>\nE       #2 0x55a4e8d073e6 <unknown>\nE       #3 0x55a4e8d07681 <unknown>\nE       #4 0x55a4e8d4cb04 <unknown>\nE       #5 0x55a4e8d2b48d <unknown>\nE       #6 0x55a4e8d49ed7 <unknown>\nE       #7 0x55a4e8d2b203 <unknown>\nE       #8 0x55a4e8cf9cc0 <unknown>\nE       #9 0x55a4e8cfac9e <unknown>\nE       #10 0x55a4e916fd0b <unknown>\nE       #11 0x55a4e9173c92 <unknown>\nE       #12 0x55a4e915cb3c <unknown>\nE       #13 0x55a4e9174807 <unknown>\nE       #14 0x55a4e91420df <unknown>\nE       #15 0x55a4e9191578 <unknown>\nE       #16 0x55a4e9191740 <unknown>\nE       #17 0x55a4e91a1196 <unknown>\nE       #18 0x7f7bc849ca94 <unknown>\nE       #19 0x7f7bc8529c3c <unknown>\n\n/opt/hostedtoolcache/Python/3.11.11/x64/lib/python3.11/site-packages/selenium/webdriver/support/wait.py:95: TimeoutException","steps":[{"name":"Open a browser","time":{"start":1734918729035,"stop":1734918730210,"duration":1175},"status":"passed","steps":[],"attachments":[],"parameters":[],"shouldDisplayMessage":false,"stepsCount":0,"attachmentsCount":0,"hasContent":false,"attachmentStep":false},{"name":"Check the image in section 2 block 5 'home-eco' is correct in the Promo Block","time":{"start":1734918730210,"stop":1734918735684,"duration":5474},"status":"broken","statusMessage":"selenium.common.exceptions.TimeoutException: Message: \nStacktrace:\n#0 0x55a4e91a231a <unknown>\n#1 0x55a4e8cb86e0 <unknown>\n#2 0x55a4e8d073e6 <unknown>\n#3 0x55a4e8d07681 <unknown>\n#4 0x55a4e8d4cb04 <unknown>\n#5 0x55a4e8d2b48d <unknown>\n#6 0x55a4e8d49ed7 <unknown>\n#7 0x55a4e8d2b203 <unknown>\n#8 0x55a4e8cf9cc0 <unknown>\n#9 0x55a4e8cfac9e <unknown>\n#10 0x55a4e916fd0b <unknown>\n#11 0x55a4e9173c92 <unknown>\n#12 0x55a4e915cb3c <unknown>\n#13 0x55a4e9174807 <unknown>\n#14 0x55a4e91420df <unknown>\n#15 0x55a4e9191578 <unknown>\n#16 0x55a4e9191740 <unknown>\n#17 0x55a4e91a1196 <unknown>\n#18 0x7f7bc849ca94 <unknown>\n#19 0x7f7bc8529c3c <unknown>\n\n","statusTrace":"  File \"/opt/hostedtoolcache/Python/3.11.11/x64/lib/python3.11/site-packages/allure_commons/_allure.py\", line 192, in impl\n    return func(*a, **kw)\n           ^^^^^^^^^^^^^^\n  File \"/home/runner/work/luma_project/luma_project/pages/main_page.py\", line 243, in check_image_in_section2_block5\n    element = self.element_is_visible(self.locators.SECTION_2_BLOCK_5_IMAGE)\n              ^^^^^^^^^^^^^^^^^^^^^^^^^^^^^^^^^^^^^^^^^^^^^^^^^^^^^^^^^^^^^^\n  File \"/opt/hostedtoolcache/Python/3.11.11/x64/lib/python3.11/site-packages/allure_commons/_allure.py\", line 192, in impl\n    return func(*a, **kw)\n           ^^^^^^^^^^^^^^\n  File \"/home/runner/work/luma_project/luma_project/pages/base_page.py\", line 29, in element_is_visible\n    self.go_to_element(self.element_is_present(locator))\n                       ^^^^^^^^^^^^^^^^^^^^^^^^^^^^^^^^\n  File \"/opt/hostedtoolcache/Python/3.11.11/x64/lib/python3.11/site-packages/allure_commons/_allure.py\", line 192, in impl\n    return func(*a, **kw)\n           ^^^^^^^^^^^^^^\n  File \"/home/runner/work/luma_project/luma_project/pages/base_page.py\", line 50, in element_is_present\n    return wait(self.driver, timeout).until(EC.presence_of_element_located(locator))\n           ^^^^^^^^^^^^^^^^^^^^^^^^^^^^^^^^^^^^^^^^^^^^^^^^^^^^^^^^^^^^^^^^^^^^^^^^^\n  File \"/opt/hostedtoolcache/Python/3.11.11/x64/lib/python3.11/site-packages/selenium/webdriver/support/wait.py\", line 95, in until\n    raise TimeoutException(message, screen, stacktrace)\n","steps":[{"name":"Find a visible element","time":{"start":1734918730210,"stop":1734918735684,"duration":5474},"status":"broken","statusMessage":"selenium.common.exceptions.TimeoutException: Message: \nStacktrace:\n#0 0x55a4e91a231a <unknown>\n#1 0x55a4e8cb86e0 <unknown>\n#2 0x55a4e8d073e6 <unknown>\n#3 0x55a4e8d07681 <unknown>\n#4 0x55a4e8d4cb04 <unknown>\n#5 0x55a4e8d2b48d <unknown>\n#6 0x55a4e8d49ed7 <unknown>\n#7 0x55a4e8d2b203 <unknown>\n#8 0x55a4e8cf9cc0 <unknown>\n#9 0x55a4e8cfac9e <unknown>\n#10 0x55a4e916fd0b <unknown>\n#11 0x55a4e9173c92 <unknown>\n#12 0x55a4e915cb3c <unknown>\n#13 0x55a4e9174807 <unknown>\n#14 0x55a4e91420df <unknown>\n#15 0x55a4e9191578 <unknown>\n#16 0x55a4e9191740 <unknown>\n#17 0x55a4e91a1196 <unknown>\n#18 0x7f7bc849ca94 <unknown>\n#19 0x7f7bc8529c3c <unknown>\n\n","statusTrace":"  File \"/opt/hostedtoolcache/Python/3.11.11/x64/lib/python3.11/site-packages/allure_commons/_allure.py\", line 192, in impl\n    return func(*a, **kw)\n           ^^^^^^^^^^^^^^\n  File \"/home/runner/work/luma_project/luma_project/pages/base_page.py\", line 29, in element_is_visible\n    self.go_to_element(self.element_is_present(locator))\n                       ^^^^^^^^^^^^^^^^^^^^^^^^^^^^^^^^\n  File \"/opt/hostedtoolcache/Python/3.11.11/x64/lib/python3.11/site-packages/allure_commons/_allure.py\", line 192, in impl\n    return func(*a, **kw)\n           ^^^^^^^^^^^^^^\n  File \"/home/runner/work/luma_project/luma_project/pages/base_page.py\", line 50, in element_is_present\n    return wait(self.driver, timeout).until(EC.presence_of_element_located(locator))\n           ^^^^^^^^^^^^^^^^^^^^^^^^^^^^^^^^^^^^^^^^^^^^^^^^^^^^^^^^^^^^^^^^^^^^^^^^^\n  File \"/opt/hostedtoolcache/Python/3.11.11/x64/lib/python3.11/site-packages/selenium/webdriver/support/wait.py\", line 95, in until\n    raise TimeoutException(message, screen, stacktrace)\n","steps":[{"name":"Find a present element","time":{"start":1734918730210,"stop":1734918735684,"duration":5474},"status":"broken","statusMessage":"selenium.common.exceptions.TimeoutException: Message: \nStacktrace:\n#0 0x55a4e91a231a <unknown>\n#1 0x55a4e8cb86e0 <unknown>\n#2 0x55a4e8d073e6 <unknown>\n#3 0x55a4e8d07681 <unknown>\n#4 0x55a4e8d4cb04 <unknown>\n#5 0x55a4e8d2b48d <unknown>\n#6 0x55a4e8d49ed7 <unknown>\n#7 0x55a4e8d2b203 <unknown>\n#8 0x55a4e8cf9cc0 <unknown>\n#9 0x55a4e8cfac9e <unknown>\n#10 0x55a4e916fd0b <unknown>\n#11 0x55a4e9173c92 <unknown>\n#12 0x55a4e915cb3c <unknown>\n#13 0x55a4e9174807 <unknown>\n#14 0x55a4e91420df <unknown>\n#15 0x55a4e9191578 <unknown>\n#16 0x55a4e9191740 <unknown>\n#17 0x55a4e91a1196 <unknown>\n#18 0x7f7bc849ca94 <unknown>\n#19 0x7f7bc8529c3c <unknown>\n\n","statusTrace":"  File \"/opt/hostedtoolcache/Python/3.11.11/x64/lib/python3.11/site-packages/allure_commons/_allure.py\", line 192, in impl\n    return func(*a, **kw)\n           ^^^^^^^^^^^^^^\n  File \"/home/runner/work/luma_project/luma_project/pages/base_page.py\", line 50, in element_is_present\n    return wait(self.driver, timeout).until(EC.presence_of_element_located(locator))\n           ^^^^^^^^^^^^^^^^^^^^^^^^^^^^^^^^^^^^^^^^^^^^^^^^^^^^^^^^^^^^^^^^^^^^^^^^^\n  File \"/opt/hostedtoolcache/Python/3.11.11/x64/lib/python3.11/site-packages/selenium/webdriver/support/wait.py\", line 95, in until\n    raise TimeoutException(message, screen, stacktrace)\n","steps":[],"attachments":[],"parameters":[{"name":"locator","value":"('css selector', '.home-eco img')"},{"name":"timeout","value":"5"}],"shouldDisplayMessage":true,"stepsCount":0,"attachmentsCount":0,"hasContent":true,"attachmentStep":false}],"attachments":[],"parameters":[{"name":"locator","value":"('css selector', '.home-eco img')"},{"name":"timeout","value":"10"}],"shouldDisplayMessage":false,"stepsCount":1,"attachmentsCount":0,"hasContent":true,"attachmentStep":false}],"attachments":[],"parameters":[],"shouldDisplayMessage":false,"stepsCount":2,"attachmentsCount":0,"hasContent":true,"attachmentStep":false}],"attachments":[{"uid":"79fdfcc33653c7bc","name":"Screenshot","source":"79fdfcc33653c7bc.png","type":"image/png","size":548028},{"uid":"55a61c9533173ba8","name":"HTML source","source":"55a61c9533173ba8.html","type":"text/html","size":144803}],"parameters":[],"shouldDisplayMessage":true,"stepsCount":4,"attachmentsCount":2,"hasContent":true,"attachmentStep":false},"afterStages":[{"name":"driver::0","time":{"start":1734918735925,"stop":1734918736030,"duration":105},"status":"passed","steps":[],"attachments":[],"parameters":[],"shouldDisplayMessage":false,"stepsCount":0,"attachmentsCount":0,"hasContent":false,"attachmentStep":false},{"name":"clear_allure_result_folder::0","time":{"start":1734919470076,"stop":1734919470076,"duration":0},"status":"passed","steps":[],"attachments":[],"parameters":[],"shouldDisplayMessage":false,"stepsCount":0,"attachmentsCount":0,"hasContent":false,"attachmentStep":false}],"labels":[{"name":"epic","value":"Main Page"},{"name":"feature","value":"Promo Block Testing"},{"name":"parentSuite","value":"tests"},{"name":"suite","value":"test_main_page"},{"name":"subSuite","value":"TestMainPage"},{"name":"host","value":"fv-az1911-631"},{"name":"thread","value":"2817-MainThread"},{"name":"framework","value":"pytest"},{"name":"language","value":"cpython3"},{"name":"package","value":"tests.test_main_page"},{"name":"resultFormat","value":"allure2"}],"parameters":[],"links":[],"hidden":false,"retry":false,"extra":{"severity":"normal","retries":[],"categories":[{"name":"Test defects","matchedStatuses":[],"flaky":false}],"history":{"statistic":{"failed":0,"broken":2,"skipped":0,"passed":0,"unknown":0,"total":2},"items":[{"uid":"f4c837ebf1d8a558","reportUrl":"https://verafes.github.io/luma_project/532//#testresult/f4c837ebf1d8a558","status":"broken","statusDetails":"selenium.common.exceptions.TimeoutException: Message: \nStacktrace:\n#0 0x55c858db231a <unknown>\n#1 0x55c8588c86e0 <unknown>\n#2 0x55c8589173e6 <unknown>\n#3 0x55c858917681 <unknown>\n#4 0x55c85895cb04 <unknown>\n#5 0x55c85893b48d <unknown>\n#6 0x55c858959ed7 <unknown>\n#7 0x55c85893b203 <unknown>\n#8 0x55c858909cc0 <unknown>\n#9 0x55c85890ac9e <unknown>\n#10 0x55c858d7fd0b <unknown>\n#11 0x55c858d83c92 <unknown>\n#12 0x55c858d6cb3c <unknown>\n#13 0x55c858d84807 <unknown>\n#14 0x55c858d520df <unknown>\n#15 0x55c858da1578 <unknown>\n#16 0x55c858da1740 <unknown>\n#17 0x55c858db1196 <unknown>\n#18 0x7f3b7089ca94 <unknown>\n#19 0x7f3b70929c3c <unknown>","time":{"start":1734832574839,"stop":1734832581359,"duration":6520}}]},"tags":[]},"source":"b24d9235881b3340.json","parameterValues":[]}