{"uid":"684d5b1b9bd9f3b","name":"tc 07.02.25 Verify the message coupon code is not valid is displayed correct","fullName":"tests.test_shopping_cart.TestShoppingCartFull#test_tc_07_02_25_verify_msg_coupon_code_is_not_valid_is_displayed","historyId":"492343fa43b6d6d286e390bbb49df7ba","time":{"start":1735783124261,"stop":1735783127703,"duration":3442},"description":"Check that message coupon code is not valid is displayed correct","descriptionHtml":"<p>Check that message coupon code is not valid is displayed correct</p>\n","status":"broken","statusMessage":"selenium.common.exceptions.StaleElementReferenceException: Message: stale element reference: stale element not found in the current frame\n  (Session info: chrome=131.0.6778.139); For documentation on this error, please visit: https://www.selenium.dev/documentation/webdriver/troubleshooting/errors#stale-element-reference-exception\nStacktrace:\n#0 0x557e2ccbd31a <unknown>\n#1 0x557e2c7d36e0 <unknown>\n#2 0x557e2c7d94a3 <unknown>\n#3 0x557e2c7dbc3e <unknown>\n#4 0x557e2c865f6c <unknown>\n#5 0x557e2c846462 <unknown>\n#6 0x557e2c864ed7 <unknown>\n#7 0x557e2c846203 <unknown>\n#8 0x557e2c814cc0 <unknown>\n#9 0x557e2c815c9e <unknown>\n#10 0x557e2cc8ad0b <unknown>\n#11 0x557e2cc8ec92 <unknown>\n#12 0x557e2cc77b3c <unknown>\n#13 0x557e2cc8f807 <unknown>\n#14 0x557e2cc5d0df <unknown>\n#15 0x557e2ccac578 <unknown>\n#16 0x557e2ccac740 <unknown>\n#17 0x557e2ccbc196 <unknown>\n#18 0x7fa39b69ca94 <unknown>\n#19 0x7fa39b729c3c <unknown>","statusTrace":"self = <test_shopping_cart.TestShoppingCartFull object at 0x7fa101305cd0>\ndriver = <selenium.webdriver.chrome.webdriver.WebDriver (session=\"47575c1102086e2161643c71bb5996fb\")>\nfull_cart_page = None\n\n    @allure.title(\"tc 07.02.25 Verify the message coupon code is not valid is displayed correct\")\n    def test_tc_07_02_25_verify_msg_coupon_code_is_not_valid_is_displayed(self, driver, full_cart_page):\n        \"\"\"Check that message coupon code is not valid is displayed correct\"\"\"\n        page = ShoppingCartPage(driver, SHOPPING_CART_PAGE)\n        page.open()\n        page.click_apply_discount_code()\n        page.send_discount_code(page.code)\n        page.click_btn_apply_discount()\n>       msg = page.get_msg_discount_code_is_not_valid()\n\ntests/test_shopping_cart.py:166: \n_ _ _ _ _ _ _ _ _ _ _ _ _ _ _ _ _ _ _ _ _ _ _ _ _ _ _ _ _ _ _ _ _ _ _ _ _ _ _ _ \npages/shopping_cart_page.py:219: in get_msg_discount_code_is_not_valid\n    msg = self.element_is_visible(self.shopping_locators.MSG_CODE_IS_NOT_VALID).text\npages/base_page.py:29: in element_is_visible\n    self.go_to_element(self.element_is_present(locator))\npages/base_page.py:87: in go_to_element\n    self.driver.execute_script(\"arguments[0].scrollIntoView();\", element)\n/opt/hostedtoolcache/Python/3.11.11/x64/lib/python3.11/site-packages/selenium/webdriver/remote/webdriver.py:404: in execute_script\n    return self.execute(command, {\"script\": script, \"args\": converted_args})[\"value\"]\n/opt/hostedtoolcache/Python/3.11.11/x64/lib/python3.11/site-packages/selenium/webdriver/remote/webdriver.py:344: in execute\n    self.error_handler.check_response(response)\n_ _ _ _ _ _ _ _ _ _ _ _ _ _ _ _ _ _ _ _ _ _ _ _ _ _ _ _ _ _ _ _ _ _ _ _ _ _ _ _ \n\nself = <selenium.webdriver.remote.errorhandler.ErrorHandler object at 0x7fa101b6d650>\nresponse = {'status': 404, 'value': '{\"value\":{\"error\":\"stale element reference\",\"message\":\"stale element reference: stale elemen...\\\\n#17 0x557e2ccbc196 \\\\u003Cunknown>\\\\n#18 0x7fa39b69ca94 \\\\u003Cunknown>\\\\n#19 0x7fa39b729c3c \\\\u003Cunknown>\\\\n\"}}'}\n\n    def check_response(self, response: Dict[str, Any]) -> None:\n        \"\"\"Checks that a JSON response from the WebDriver does not have an\n        error.\n    \n        :Args:\n         - response - The JSON response from the WebDriver server as a dictionary\n           object.\n    \n        :Raises: If the response contains an error message.\n        \"\"\"\n        status = response.get(\"status\", None)\n        if not status or status == ErrorCode.SUCCESS:\n            return\n        value = None\n        message = response.get(\"message\", \"\")\n        screen: str = response.get(\"screen\", \"\")\n        stacktrace = None\n        if isinstance(status, int):\n            value_json = response.get(\"value\", None)\n            if value_json and isinstance(value_json, str):\n                import json\n    \n                try:\n                    value = json.loads(value_json)\n                    if len(value) == 1:\n                        value = value[\"value\"]\n                    status = value.get(\"error\", None)\n                    if not status:\n                        status = value.get(\"status\", ErrorCode.UNKNOWN_ERROR)\n                        message = value.get(\"value\") or value.get(\"message\")\n                        if not isinstance(message, str):\n                            value = message\n                            message = message.get(\"message\")\n                    else:\n                        message = value.get(\"message\", None)\n                except ValueError:\n                    pass\n    \n        exception_class: Type[WebDriverException]\n        e = ErrorCode()\n        error_codes = [item for item in dir(e) if not item.startswith(\"__\")]\n        for error_code in error_codes:\n            error_info = getattr(ErrorCode, error_code)\n            if isinstance(error_info, list) and status in error_info:\n                exception_class = getattr(ExceptionMapping, error_code, WebDriverException)\n                break\n        else:\n            exception_class = WebDriverException\n    \n        if not value:\n            value = response[\"value\"]\n        if isinstance(value, str):\n            raise exception_class(value)\n        if message == \"\" and \"message\" in value:\n            message = value[\"message\"]\n    \n        screen = None  # type: ignore[assignment]\n        if \"screen\" in value:\n            screen = value[\"screen\"]\n    \n        stacktrace = None\n        st_value = value.get(\"stackTrace\") or value.get(\"stacktrace\")\n        if st_value:\n            if isinstance(st_value, str):\n                stacktrace = st_value.split(\"\\n\")\n            else:\n                stacktrace = []\n                try:\n                    for frame in st_value:\n                        line = frame.get(\"lineNumber\", \"\")\n                        file = frame.get(\"fileName\", \"<anonymous>\")\n                        if line:\n                            file = f\"{file}:{line}\"\n                        meth = frame.get(\"methodName\", \"<anonymous>\")\n                        if \"className\" in frame:\n                            meth = f\"{frame['className']}.{meth}\"\n                        msg = \"    at %s (%s)\"\n                        msg = msg % (meth, file)\n                        stacktrace.append(msg)\n                except TypeError:\n                    pass\n        if exception_class == UnexpectedAlertPresentException:\n            alert_text = None\n            if \"data\" in value:\n                alert_text = value[\"data\"].get(\"text\")\n            elif \"alert\" in value:\n                alert_text = value[\"alert\"].get(\"text\")\n            raise exception_class(message, screen, stacktrace, alert_text)  # type: ignore[call-arg]  # mypy is not smart enough here\n>       raise exception_class(message, screen, stacktrace)\nE       selenium.common.exceptions.StaleElementReferenceException: Message: stale element reference: stale element not found in the current frame\nE         (Session info: chrome=131.0.6778.139); For documentation on this error, please visit: https://www.selenium.dev/documentation/webdriver/troubleshooting/errors#stale-element-reference-exception\nE       Stacktrace:\nE       #0 0x557e2ccbd31a <unknown>\nE       #1 0x557e2c7d36e0 <unknown>\nE       #2 0x557e2c7d94a3 <unknown>\nE       #3 0x557e2c7dbc3e <unknown>\nE       #4 0x557e2c865f6c <unknown>\nE       #5 0x557e2c846462 <unknown>\nE       #6 0x557e2c864ed7 <unknown>\nE       #7 0x557e2c846203 <unknown>\nE       #8 0x557e2c814cc0 <unknown>\nE       #9 0x557e2c815c9e <unknown>\nE       #10 0x557e2cc8ad0b <unknown>\nE       #11 0x557e2cc8ec92 <unknown>\nE       #12 0x557e2cc77b3c <unknown>\nE       #13 0x557e2cc8f807 <unknown>\nE       #14 0x557e2cc5d0df <unknown>\nE       #15 0x557e2ccac578 <unknown>\nE       #16 0x557e2ccac740 <unknown>\nE       #17 0x557e2ccbc196 <unknown>\nE       #18 0x7fa39b69ca94 <unknown>\nE       #19 0x7fa39b729c3c <unknown>\n\n/opt/hostedtoolcache/Python/3.11.11/x64/lib/python3.11/site-packages/selenium/webdriver/remote/errorhandler.py:229: StaleElementReferenceException","flaky":false,"newFailed":false,"newBroken":true,"newPassed":false,"retriesCount":0,"retriesStatusChange":false,"beforeStages":[{"name":"_session_faker","time":{"start":1735781822367,"stop":1735781822431,"duration":64},"status":"passed","steps":[],"attachments":[],"parameters":[],"shouldDisplayMessage":false,"stepsCount":0,"attachmentsCount":0,"hasContent":false,"attachmentStep":false},{"name":"clear_allure_result_folder","time":{"start":1735781822431,"stop":1735781822432,"duration":1},"status":"passed","steps":[],"attachments":[],"parameters":[],"shouldDisplayMessage":false,"stepsCount":0,"attachmentsCount":0,"hasContent":false,"attachmentStep":false},{"name":"driver","time":{"start":1735783118333,"stop":1735783119548,"duration":1215},"status":"passed","steps":[],"attachments":[],"parameters":[],"shouldDisplayMessage":false,"stepsCount":0,"attachmentsCount":0,"hasContent":false,"attachmentStep":false},{"name":"full_cart_page","time":{"start":1735783119548,"stop":1735783124260,"duration":4712},"status":"passed","steps":[],"attachments":[],"parameters":[],"shouldDisplayMessage":false,"stepsCount":0,"attachmentsCount":0,"hasContent":false,"attachmentStep":false}],"testStage":{"description":"Check that message coupon code is not valid is displayed correct","status":"broken","statusMessage":"selenium.common.exceptions.StaleElementReferenceException: Message: stale element reference: stale element not found in the current frame\n  (Session info: chrome=131.0.6778.139); For documentation on this error, please visit: https://www.selenium.dev/documentation/webdriver/troubleshooting/errors#stale-element-reference-exception\nStacktrace:\n#0 0x557e2ccbd31a <unknown>\n#1 0x557e2c7d36e0 <unknown>\n#2 0x557e2c7d94a3 <unknown>\n#3 0x557e2c7dbc3e <unknown>\n#4 0x557e2c865f6c <unknown>\n#5 0x557e2c846462 <unknown>\n#6 0x557e2c864ed7 <unknown>\n#7 0x557e2c846203 <unknown>\n#8 0x557e2c814cc0 <unknown>\n#9 0x557e2c815c9e <unknown>\n#10 0x557e2cc8ad0b <unknown>\n#11 0x557e2cc8ec92 <unknown>\n#12 0x557e2cc77b3c <unknown>\n#13 0x557e2cc8f807 <unknown>\n#14 0x557e2cc5d0df <unknown>\n#15 0x557e2ccac578 <unknown>\n#16 0x557e2ccac740 <unknown>\n#17 0x557e2ccbc196 <unknown>\n#18 0x7fa39b69ca94 <unknown>\n#19 0x7fa39b729c3c <unknown>","statusTrace":"self = <test_shopping_cart.TestShoppingCartFull object at 0x7fa101305cd0>\ndriver = <selenium.webdriver.chrome.webdriver.WebDriver (session=\"47575c1102086e2161643c71bb5996fb\")>\nfull_cart_page = None\n\n    @allure.title(\"tc 07.02.25 Verify the message coupon code is not valid is displayed correct\")\n    def test_tc_07_02_25_verify_msg_coupon_code_is_not_valid_is_displayed(self, driver, full_cart_page):\n        \"\"\"Check that message coupon code is not valid is displayed correct\"\"\"\n        page = ShoppingCartPage(driver, SHOPPING_CART_PAGE)\n        page.open()\n        page.click_apply_discount_code()\n        page.send_discount_code(page.code)\n        page.click_btn_apply_discount()\n>       msg = page.get_msg_discount_code_is_not_valid()\n\ntests/test_shopping_cart.py:166: \n_ _ _ _ _ _ _ _ _ _ _ _ _ _ _ _ _ _ _ _ _ _ _ _ _ _ _ _ _ _ _ _ _ _ _ _ _ _ _ _ \npages/shopping_cart_page.py:219: in get_msg_discount_code_is_not_valid\n    msg = self.element_is_visible(self.shopping_locators.MSG_CODE_IS_NOT_VALID).text\npages/base_page.py:29: in element_is_visible\n    self.go_to_element(self.element_is_present(locator))\npages/base_page.py:87: in go_to_element\n    self.driver.execute_script(\"arguments[0].scrollIntoView();\", element)\n/opt/hostedtoolcache/Python/3.11.11/x64/lib/python3.11/site-packages/selenium/webdriver/remote/webdriver.py:404: in execute_script\n    return self.execute(command, {\"script\": script, \"args\": converted_args})[\"value\"]\n/opt/hostedtoolcache/Python/3.11.11/x64/lib/python3.11/site-packages/selenium/webdriver/remote/webdriver.py:344: in execute\n    self.error_handler.check_response(response)\n_ _ _ _ _ _ _ _ _ _ _ _ _ _ _ _ _ _ _ _ _ _ _ _ _ _ _ _ _ _ _ _ _ _ _ _ _ _ _ _ \n\nself = <selenium.webdriver.remote.errorhandler.ErrorHandler object at 0x7fa101b6d650>\nresponse = {'status': 404, 'value': '{\"value\":{\"error\":\"stale element reference\",\"message\":\"stale element reference: stale elemen...\\\\n#17 0x557e2ccbc196 \\\\u003Cunknown>\\\\n#18 0x7fa39b69ca94 \\\\u003Cunknown>\\\\n#19 0x7fa39b729c3c \\\\u003Cunknown>\\\\n\"}}'}\n\n    def check_response(self, response: Dict[str, Any]) -> None:\n        \"\"\"Checks that a JSON response from the WebDriver does not have an\n        error.\n    \n        :Args:\n         - response - The JSON response from the WebDriver server as a dictionary\n           object.\n    \n        :Raises: If the response contains an error message.\n        \"\"\"\n        status = response.get(\"status\", None)\n        if not status or status == ErrorCode.SUCCESS:\n            return\n        value = None\n        message = response.get(\"message\", \"\")\n        screen: str = response.get(\"screen\", \"\")\n        stacktrace = None\n        if isinstance(status, int):\n            value_json = response.get(\"value\", None)\n            if value_json and isinstance(value_json, str):\n                import json\n    \n                try:\n                    value = json.loads(value_json)\n                    if len(value) == 1:\n                        value = value[\"value\"]\n                    status = value.get(\"error\", None)\n                    if not status:\n                        status = value.get(\"status\", ErrorCode.UNKNOWN_ERROR)\n                        message = value.get(\"value\") or value.get(\"message\")\n                        if not isinstance(message, str):\n                            value = message\n                            message = message.get(\"message\")\n                    else:\n                        message = value.get(\"message\", None)\n                except ValueError:\n                    pass\n    \n        exception_class: Type[WebDriverException]\n        e = ErrorCode()\n        error_codes = [item for item in dir(e) if not item.startswith(\"__\")]\n        for error_code in error_codes:\n            error_info = getattr(ErrorCode, error_code)\n            if isinstance(error_info, list) and status in error_info:\n                exception_class = getattr(ExceptionMapping, error_code, WebDriverException)\n                break\n        else:\n            exception_class = WebDriverException\n    \n        if not value:\n            value = response[\"value\"]\n        if isinstance(value, str):\n            raise exception_class(value)\n        if message == \"\" and \"message\" in value:\n            message = value[\"message\"]\n    \n        screen = None  # type: ignore[assignment]\n        if \"screen\" in value:\n            screen = value[\"screen\"]\n    \n        stacktrace = None\n        st_value = value.get(\"stackTrace\") or value.get(\"stacktrace\")\n        if st_value:\n            if isinstance(st_value, str):\n                stacktrace = st_value.split(\"\\n\")\n            else:\n                stacktrace = []\n                try:\n                    for frame in st_value:\n                        line = frame.get(\"lineNumber\", \"\")\n                        file = frame.get(\"fileName\", \"<anonymous>\")\n                        if line:\n                            file = f\"{file}:{line}\"\n                        meth = frame.get(\"methodName\", \"<anonymous>\")\n                        if \"className\" in frame:\n                            meth = f\"{frame['className']}.{meth}\"\n                        msg = \"    at %s (%s)\"\n                        msg = msg % (meth, file)\n                        stacktrace.append(msg)\n                except TypeError:\n                    pass\n        if exception_class == UnexpectedAlertPresentException:\n            alert_text = None\n            if \"data\" in value:\n                alert_text = value[\"data\"].get(\"text\")\n            elif \"alert\" in value:\n                alert_text = value[\"alert\"].get(\"text\")\n            raise exception_class(message, screen, stacktrace, alert_text)  # type: ignore[call-arg]  # mypy is not smart enough here\n>       raise exception_class(message, screen, stacktrace)\nE       selenium.common.exceptions.StaleElementReferenceException: Message: stale element reference: stale element not found in the current frame\nE         (Session info: chrome=131.0.6778.139); For documentation on this error, please visit: https://www.selenium.dev/documentation/webdriver/troubleshooting/errors#stale-element-reference-exception\nE       Stacktrace:\nE       #0 0x557e2ccbd31a <unknown>\nE       #1 0x557e2c7d36e0 <unknown>\nE       #2 0x557e2c7d94a3 <unknown>\nE       #3 0x557e2c7dbc3e <unknown>\nE       #4 0x557e2c865f6c <unknown>\nE       #5 0x557e2c846462 <unknown>\nE       #6 0x557e2c864ed7 <unknown>\nE       #7 0x557e2c846203 <unknown>\nE       #8 0x557e2c814cc0 <unknown>\nE       #9 0x557e2c815c9e <unknown>\nE       #10 0x557e2cc8ad0b <unknown>\nE       #11 0x557e2cc8ec92 <unknown>\nE       #12 0x557e2cc77b3c <unknown>\nE       #13 0x557e2cc8f807 <unknown>\nE       #14 0x557e2cc5d0df <unknown>\nE       #15 0x557e2ccac578 <unknown>\nE       #16 0x557e2ccac740 <unknown>\nE       #17 0x557e2ccbc196 <unknown>\nE       #18 0x7fa39b69ca94 <unknown>\nE       #19 0x7fa39b729c3c <unknown>\n\n/opt/hostedtoolcache/Python/3.11.11/x64/lib/python3.11/site-packages/selenium/webdriver/remote/errorhandler.py:229: StaleElementReferenceException","steps":[{"name":"Open a browser","time":{"start":1735783124261,"stop":1735783125451,"duration":1190},"status":"passed","steps":[],"attachments":[],"parameters":[],"shouldDisplayMessage":false,"stepsCount":0,"attachmentsCount":0,"hasContent":false,"attachmentStep":false},{"name":"Apply Discount Code on click","time":{"start":1735783125451,"stop":1735783125612,"duration":161},"status":"passed","steps":[{"name":"Find clickable elements","time":{"start":1735783125451,"stop":1735783125542,"duration":91},"status":"passed","steps":[],"attachments":[],"parameters":[{"name":"locator","value":"('css selector', '#block-discount-heading')"},{"name":"timeout","value":"5"}],"shouldDisplayMessage":false,"stepsCount":0,"attachmentsCount":0,"hasContent":true,"attachmentStep":false}],"attachments":[],"parameters":[],"shouldDisplayMessage":false,"stepsCount":1,"attachmentsCount":0,"hasContent":true,"attachmentStep":false},{"name":"Send discount code","time":{"start":1735783125612,"stop":1735783125744,"duration":132},"status":"passed","steps":[{"name":"Fill in a field","time":{"start":1735783125612,"stop":1735783125744,"duration":132},"status":"passed","steps":[{"name":"Find clickable elements","time":{"start":1735783125612,"stop":1735783125642,"duration":30},"status":"passed","steps":[],"attachments":[],"parameters":[{"name":"locator","value":"('css selector', '#coupon_code')"},{"name":"timeout","value":"5"}],"shouldDisplayMessage":false,"stepsCount":0,"attachmentsCount":0,"hasContent":true,"attachmentStep":false}],"attachments":[],"parameters":[{"name":"locator","value":"('css selector', '#coupon_code')"},{"name":"value","value":"'mppujunr'"}],"shouldDisplayMessage":false,"stepsCount":1,"attachmentsCount":0,"hasContent":true,"attachmentStep":false}],"attachments":[],"parameters":[{"name":"code","value":"'mppujunr'"}],"shouldDisplayMessage":false,"stepsCount":2,"attachmentsCount":0,"hasContent":true,"attachmentStep":false},{"name":"Click button Apply Discount","time":{"start":1735783125744,"stop":1735783127639,"duration":1895},"status":"passed","steps":[{"name":"Find clickable elements","time":{"start":1735783125744,"stop":1735783125764,"duration":20},"status":"passed","steps":[],"attachments":[],"parameters":[{"name":"locator","value":"('css selector', '#discount-coupon-form > div > div.actions-toolbar > div > button')"},{"name":"timeout","value":"5"}],"shouldDisplayMessage":false,"stepsCount":0,"attachmentsCount":0,"hasContent":true,"attachmentStep":false}],"attachments":[],"parameters":[],"shouldDisplayMessage":false,"stepsCount":1,"attachmentsCount":0,"hasContent":true,"attachmentStep":false},{"name":"Get message discount code is not valid by page","time":{"start":1735783127639,"stop":1735783127702,"duration":63},"status":"broken","statusMessage":"selenium.common.exceptions.StaleElementReferenceException: Message: stale element reference: stale element not found in the current frame\n  (Session info: chrome=131.0.6778.139); For documentation on this error, please visit: https://www.selenium.dev/documentation/webdriver/troubleshooting/errors#stale-element-reference-exception\nStacktrace:\n#0 0x557e2ccbd31a <unknown>\n#1 0x557e2c7d36e0 <unknown>\n#2 0x557e2c7d94a3 <unknown>\n#3 0x557e2c7dbc3e <unknown>\n#4 0x557e2c865f6c <unknown>\n#5 0x557e2c846462 <unknown>\n#6 0x557e2c864ed7 <unknown>\n#7 0x557e2c846203 <unknown>\n#8 0x557e2c814cc0 <unknown>\n#9 0x557e2c815c9e <unknown>\n#10 0x557e2cc8ad0b <unknown>\n#11 0x557e2cc8ec92 <unknown>\n#12 0x557e2cc77b3c <unknown>\n#13 0x557e2cc8f807 <unknown>\n#14 0x557e2cc5d0df <unknown>\n#15 0x557e2ccac578 <unknown>\n#16 0x557e2ccac740 <unknown>\n#17 0x557e2ccbc196 <unknown>\n#18 0x7fa39b69ca94 <unknown>\n#19 0x7fa39b729c3c <unknown>\n\n","statusTrace":"  File \"/opt/hostedtoolcache/Python/3.11.11/x64/lib/python3.11/site-packages/allure_commons/_allure.py\", line 192, in impl\n    return func(*a, **kw)\n           ^^^^^^^^^^^^^^\n  File \"/home/runner/work/luma_project/luma_project/pages/shopping_cart_page.py\", line 219, in get_msg_discount_code_is_not_valid\n    msg = self.element_is_visible(self.shopping_locators.MSG_CODE_IS_NOT_VALID).text\n          ^^^^^^^^^^^^^^^^^^^^^^^^^^^^^^^^^^^^^^^^^^^^^^^^^^^^^^^^^^^^^^^^^^^^^\n  File \"/opt/hostedtoolcache/Python/3.11.11/x64/lib/python3.11/site-packages/allure_commons/_allure.py\", line 192, in impl\n    return func(*a, **kw)\n           ^^^^^^^^^^^^^^\n  File \"/home/runner/work/luma_project/luma_project/pages/base_page.py\", line 29, in element_is_visible\n    self.go_to_element(self.element_is_present(locator))\n  File \"/opt/hostedtoolcache/Python/3.11.11/x64/lib/python3.11/site-packages/allure_commons/_allure.py\", line 192, in impl\n    return func(*a, **kw)\n           ^^^^^^^^^^^^^^\n  File \"/home/runner/work/luma_project/luma_project/pages/base_page.py\", line 87, in go_to_element\n    self.driver.execute_script(\"arguments[0].scrollIntoView();\", element)\n  File \"/opt/hostedtoolcache/Python/3.11.11/x64/lib/python3.11/site-packages/selenium/webdriver/remote/webdriver.py\", line 404, in execute_script\n    return self.execute(command, {\"script\": script, \"args\": converted_args})[\"value\"]\n           ^^^^^^^^^^^^^^^^^^^^^^^^^^^^^^^^^^^^^^^^^^^^^^^^^^^^^^^^^^^^^^^^^\n  File \"/opt/hostedtoolcache/Python/3.11.11/x64/lib/python3.11/site-packages/selenium/webdriver/remote/webdriver.py\", line 344, in execute\n    self.error_handler.check_response(response)\n  File \"/opt/hostedtoolcache/Python/3.11.11/x64/lib/python3.11/site-packages/selenium/webdriver/remote/errorhandler.py\", line 229, in check_response\n    raise exception_class(message, screen, stacktrace)\n","steps":[{"name":"Find a visible element","time":{"start":1735783127639,"stop":1735783127702,"duration":63},"status":"broken","statusMessage":"selenium.common.exceptions.StaleElementReferenceException: Message: stale element reference: stale element not found in the current frame\n  (Session info: chrome=131.0.6778.139); For documentation on this error, please visit: https://www.selenium.dev/documentation/webdriver/troubleshooting/errors#stale-element-reference-exception\nStacktrace:\n#0 0x557e2ccbd31a <unknown>\n#1 0x557e2c7d36e0 <unknown>\n#2 0x557e2c7d94a3 <unknown>\n#3 0x557e2c7dbc3e <unknown>\n#4 0x557e2c865f6c <unknown>\n#5 0x557e2c846462 <unknown>\n#6 0x557e2c864ed7 <unknown>\n#7 0x557e2c846203 <unknown>\n#8 0x557e2c814cc0 <unknown>\n#9 0x557e2c815c9e <unknown>\n#10 0x557e2cc8ad0b <unknown>\n#11 0x557e2cc8ec92 <unknown>\n#12 0x557e2cc77b3c <unknown>\n#13 0x557e2cc8f807 <unknown>\n#14 0x557e2cc5d0df <unknown>\n#15 0x557e2ccac578 <unknown>\n#16 0x557e2ccac740 <unknown>\n#17 0x557e2ccbc196 <unknown>\n#18 0x7fa39b69ca94 <unknown>\n#19 0x7fa39b729c3c <unknown>\n\n","statusTrace":"  File \"/opt/hostedtoolcache/Python/3.11.11/x64/lib/python3.11/site-packages/allure_commons/_allure.py\", line 192, in impl\n    return func(*a, **kw)\n           ^^^^^^^^^^^^^^\n  File \"/home/runner/work/luma_project/luma_project/pages/base_page.py\", line 29, in element_is_visible\n    self.go_to_element(self.element_is_present(locator))\n  File \"/opt/hostedtoolcache/Python/3.11.11/x64/lib/python3.11/site-packages/allure_commons/_allure.py\", line 192, in impl\n    return func(*a, **kw)\n           ^^^^^^^^^^^^^^\n  File \"/home/runner/work/luma_project/luma_project/pages/base_page.py\", line 87, in go_to_element\n    self.driver.execute_script(\"arguments[0].scrollIntoView();\", element)\n  File \"/opt/hostedtoolcache/Python/3.11.11/x64/lib/python3.11/site-packages/selenium/webdriver/remote/webdriver.py\", line 404, in execute_script\n    return self.execute(command, {\"script\": script, \"args\": converted_args})[\"value\"]\n           ^^^^^^^^^^^^^^^^^^^^^^^^^^^^^^^^^^^^^^^^^^^^^^^^^^^^^^^^^^^^^^^^^\n  File \"/opt/hostedtoolcache/Python/3.11.11/x64/lib/python3.11/site-packages/selenium/webdriver/remote/webdriver.py\", line 344, in execute\n    self.error_handler.check_response(response)\n  File \"/opt/hostedtoolcache/Python/3.11.11/x64/lib/python3.11/site-packages/selenium/webdriver/remote/errorhandler.py\", line 229, in check_response\n    raise exception_class(message, screen, stacktrace)\n","steps":[{"name":"Find a present element","time":{"start":1735783127639,"stop":1735783127656,"duration":17},"status":"passed","steps":[],"attachments":[],"parameters":[{"name":"locator","value":"('css selector', '#maincontent > div.page.messages > div:nth-child(2) > div > div > div')"},{"name":"timeout","value":"5"}],"shouldDisplayMessage":false,"stepsCount":0,"attachmentsCount":0,"hasContent":true,"attachmentStep":false},{"name":"Go to specified element","time":{"start":1735783127656,"stop":1735783127701,"duration":45},"status":"broken","statusMessage":"selenium.common.exceptions.StaleElementReferenceException: Message: stale element reference: stale element not found in the current frame\n  (Session info: chrome=131.0.6778.139); For documentation on this error, please visit: https://www.selenium.dev/documentation/webdriver/troubleshooting/errors#stale-element-reference-exception\nStacktrace:\n#0 0x557e2ccbd31a <unknown>\n#1 0x557e2c7d36e0 <unknown>\n#2 0x557e2c7d94a3 <unknown>\n#3 0x557e2c7dbc3e <unknown>\n#4 0x557e2c865f6c <unknown>\n#5 0x557e2c846462 <unknown>\n#6 0x557e2c864ed7 <unknown>\n#7 0x557e2c846203 <unknown>\n#8 0x557e2c814cc0 <unknown>\n#9 0x557e2c815c9e <unknown>\n#10 0x557e2cc8ad0b <unknown>\n#11 0x557e2cc8ec92 <unknown>\n#12 0x557e2cc77b3c <unknown>\n#13 0x557e2cc8f807 <unknown>\n#14 0x557e2cc5d0df <unknown>\n#15 0x557e2ccac578 <unknown>\n#16 0x557e2ccac740 <unknown>\n#17 0x557e2ccbc196 <unknown>\n#18 0x7fa39b69ca94 <unknown>\n#19 0x7fa39b729c3c <unknown>\n\n","statusTrace":"  File \"/opt/hostedtoolcache/Python/3.11.11/x64/lib/python3.11/site-packages/allure_commons/_allure.py\", line 192, in impl\n    return func(*a, **kw)\n           ^^^^^^^^^^^^^^\n  File \"/home/runner/work/luma_project/luma_project/pages/base_page.py\", line 87, in go_to_element\n    self.driver.execute_script(\"arguments[0].scrollIntoView();\", element)\n  File \"/opt/hostedtoolcache/Python/3.11.11/x64/lib/python3.11/site-packages/selenium/webdriver/remote/webdriver.py\", line 404, in execute_script\n    return self.execute(command, {\"script\": script, \"args\": converted_args})[\"value\"]\n           ^^^^^^^^^^^^^^^^^^^^^^^^^^^^^^^^^^^^^^^^^^^^^^^^^^^^^^^^^^^^^^^^^\n  File \"/opt/hostedtoolcache/Python/3.11.11/x64/lib/python3.11/site-packages/selenium/webdriver/remote/webdriver.py\", line 344, in execute\n    self.error_handler.check_response(response)\n  File \"/opt/hostedtoolcache/Python/3.11.11/x64/lib/python3.11/site-packages/selenium/webdriver/remote/errorhandler.py\", line 229, in check_response\n    raise exception_class(message, screen, stacktrace)\n","steps":[],"attachments":[],"parameters":[{"name":"element","value":"<selenium.webdriver.remote.webelement.WebElement (session=\"47575c1102086e2161643c71bb5996fb\", element=\"f.AD4EBA01A46AF7983F3483A60D00430F.d.6621F53395338DFC523C68C175F70FBF.e.258\")>"}],"shouldDisplayMessage":true,"stepsCount":0,"attachmentsCount":0,"hasContent":true,"attachmentStep":false}],"attachments":[],"parameters":[{"name":"locator","value":"('css selector', '#maincontent > div.page.messages > div:nth-child(2) > div > div > div')"},{"name":"timeout","value":"10"}],"shouldDisplayMessage":false,"stepsCount":2,"attachmentsCount":0,"hasContent":true,"attachmentStep":false}],"attachments":[],"parameters":[],"shouldDisplayMessage":false,"stepsCount":3,"attachmentsCount":0,"hasContent":true,"attachmentStep":false}],"attachments":[{"uid":"2fbb78c796708e96","name":"Screenshot","source":"2fbb78c796708e96.png","type":"image/png","size":91880},{"uid":"42d75e8c98e8d09f","name":"HTML source","source":"42d75e8c98e8d09f.html","type":"text/html","size":200500}],"parameters":[],"shouldDisplayMessage":true,"stepsCount":12,"attachmentsCount":2,"hasContent":true,"attachmentStep":false},"afterStages":[{"name":"driver::0","time":{"start":1735783127849,"stop":1735783127927,"duration":78},"status":"passed","steps":[],"attachments":[],"parameters":[],"shouldDisplayMessage":false,"stepsCount":0,"attachmentsCount":0,"hasContent":false,"attachmentStep":false},{"name":"clear_allure_result_folder::0","time":{"start":1735783323584,"stop":1735783323584,"duration":0},"status":"passed","steps":[],"attachments":[],"parameters":[],"shouldDisplayMessage":false,"stepsCount":0,"attachmentsCount":0,"hasContent":false,"attachmentStep":false}],"labels":[{"name":"feature","value":"Shopping Cart is full"},{"name":"parentSuite","value":"tests"},{"name":"suite","value":"test_shopping_cart"},{"name":"subSuite","value":"TestShoppingCartFull"},{"name":"host","value":"fv-az1112-898"},{"name":"thread","value":"2772-MainThread"},{"name":"framework","value":"pytest"},{"name":"language","value":"cpython3"},{"name":"package","value":"tests.test_shopping_cart"},{"name":"resultFormat","value":"allure2"}],"parameters":[],"links":[],"hidden":false,"retry":false,"extra":{"severity":"normal","retries":[],"categories":[{"name":"Test defects","matchedStatuses":[],"flaky":false}],"history":{"statistic":{"failed":0,"broken":3,"skipped":0,"passed":2,"unknown":0,"total":5},"items":[{"uid":"461814a2f2dd5928","reportUrl":"https://verafes.github.io/luma_project/542//#testresult/461814a2f2dd5928","status":"passed","time":{"start":1735697126890,"stop":1735697130256,"duration":3366}},{"uid":"90629144a38e17f3","reportUrl":"https://verafes.github.io/luma_project/541//#testresult/90629144a38e17f3","status":"broken","statusDetails":"selenium.common.exceptions.StaleElementReferenceException: Message: stale element reference: stale element not found in the current frame\n  (Session info: chrome=131.0.6778.139); For documentation on this error, please visit: https://www.selenium.dev/documentation/webdriver/troubleshooting/errors#stale-element-reference-exception\nStacktrace:\n#0 0x558af427f31a <unknown>\n#1 0x558af3d956e0 <unknown>\n#2 0x558af3d9b4a3 <unknown>\n#3 0x558af3d9dc3e <unknown>\n#4 0x558af3e27f6c <unknown>\n#5 0x558af3e08462 <unknown>\n#6 0x558af3e26ed7 <unknown>\n#7 0x558af3e08203 <unknown>\n#8 0x558af3dd6cc0 <unknown>\n#9 0x558af3dd7c9e <unknown>\n#10 0x558af424cd0b <unknown>\n#11 0x558af4250c92 <unknown>\n#12 0x558af4239b3c <unknown>\n#13 0x558af4251807 <unknown>\n#14 0x558af421f0df <unknown>\n#15 0x558af426e578 <unknown>\n#16 0x558af426e740 <unknown>\n#17 0x558af427e196 <unknown>\n#18 0x7fa97069ca94 <unknown>\n#19 0x7fa970729c3c <unknown>","time":{"start":1735610321600,"stop":1735610325177,"duration":3577}},{"uid":"404225d276b6d40","reportUrl":"https://verafes.github.io/luma_project/540//#testresult/404225d276b6d40","status":"broken","statusDetails":"selenium.common.exceptions.StaleElementReferenceException: Message: stale element reference: stale element not found in the current frame\n  (Session info: chrome=131.0.6778.139); For documentation on this error, please visit: https://www.selenium.dev/documentation/webdriver/troubleshooting/errors#stale-element-reference-exception\nStacktrace:\n#0 0x55b6d452531a <unknown>\n#1 0x55b6d403b6e0 <unknown>\n#2 0x55b6d40414a3 <unknown>\n#3 0x55b6d4043c3e <unknown>\n#4 0x55b6d40cdf6c <unknown>\n#5 0x55b6d40ae462 <unknown>\n#6 0x55b6d40cced7 <unknown>\n#7 0x55b6d40ae203 <unknown>\n#8 0x55b6d407ccc0 <unknown>\n#9 0x55b6d407dc9e <unknown>\n#10 0x55b6d44f2d0b <unknown>\n#11 0x55b6d44f6c92 <unknown>\n#12 0x55b6d44dfb3c <unknown>\n#13 0x55b6d44f7807 <unknown>\n#14 0x55b6d44c50df <unknown>\n#15 0x55b6d4514578 <unknown>\n#16 0x55b6d4514740 <unknown>\n#17 0x55b6d4524196 <unknown>\n#18 0x7fe242a9ca94 <unknown>\n#19 0x7fe242b29c3c <unknown>","time":{"start":1735524071475,"stop":1735524074949,"duration":3474}},{"uid":"4e0347cf702e63d6","reportUrl":"https://verafes.github.io/luma_project/539//#testresult/4e0347cf702e63d6","status":"passed","time":{"start":1735439251901,"stop":1735439255496,"duration":3595}}]},"tags":[]},"source":"684d5b1b9bd9f3b.json","parameterValues":[]}