{"uid":"10316aa9513bdad5","name":"TC 01.03.36 correctly redirected the link sale","fullName":"tests.test_header.TestHeader#test_tc_01_03_36_correctly_redirected_the_link_sale","historyId":"6ea407ae8f37a40d32c837aae3dde828","time":{"start":1718155665527,"stop":1718155670780,"duration":5253},"description":"Verify 'Sale' link click redirected to the page and the 'Sale' header is displayed","descriptionHtml":"<p>Verify 'Sale' link click redirected to the page and the 'Sale' header is displayed</p>\n","status":"broken","statusMessage":"selenium.common.exceptions.TimeoutException: Message: \nStacktrace:\n#0 0x55fde2c2ce3a <unknown>\n#1 0x55fde291645c <unknown>\n#2 0x55fde29625b5 <unknown>\n#3 0x55fde2962671 <unknown>\n#4 0x55fde29a6f14 <unknown>\n#5 0x55fde29854dd <unknown>\n#6 0x55fde29a42cc <unknown>\n#7 0x55fde2985253 <unknown>\n#8 0x55fde29551c7 <unknown>\n#9 0x55fde2955b3e <unknown>\n#10 0x55fde2bf327b <unknown>\n#11 0x55fde2bf7327 <unknown>\n#12 0x55fde2bdfdae <unknown>\n#13 0x55fde2bf7df2 <unknown>\n#14 0x55fde2bc474f <unknown>\n#15 0x55fde2c1c128 <unknown>\n#16 0x55fde2c1c2fb <unknown>\n#17 0x55fde2c2bf6c <unknown>\n#18 0x7fd09a494ac3 <unknown>","statusTrace":"self = <test_header.TestHeader object at 0x7f958aaeda90>\ndriver = <selenium.webdriver.chrome.webdriver.WebDriver (session=\"db89760f7a261b5475726262052f60a1\")>\n\n    @allure.title('TC 01.03.36 correctly redirected the link sale')\n    def test_tc_01_03_36_correctly_redirected_the_link_sale(self, driver):\n        \"\"\"Verify 'Sale' link click redirected to the page and the 'Sale' header is displayed\"\"\"\n        page = HeaderPage(driver, MAIN_PAGE_URL)\n        page.open()\n>       link = page.redirected_the_link_sale()\n\ntests/test_header.py:83: \n_ _ _ _ _ _ _ _ _ _ _ _ _ _ _ _ _ _ _ _ _ _ _ _ _ _ _ _ _ _ _ _ _ _ _ _ _ _ _ _ \npages/header_page.py:47: in redirected_the_link_sale\n    element = self.element_is_visible(self.header_locators.SALE)\npages/base_page.py:29: in element_is_visible\n    self.go_to_element(self.element_is_present(locator))\npages/base_page.py:50: in element_is_present\n    return wait(self.driver, timeout).until(EC.presence_of_element_located(locator))\n_ _ _ _ _ _ _ _ _ _ _ _ _ _ _ _ _ _ _ _ _ _ _ _ _ _ _ _ _ _ _ _ _ _ _ _ _ _ _ _ \n\nself = <selenium.webdriver.support.wait.WebDriverWait (session=\"db89760f7a261b5475726262052f60a1\")>\nmethod = <function presence_of_element_located.<locals>._predicate at 0x7f958ac1c4a0>\nmessage = ''\n\n    def until(self, method, message: str = \"\"):\n        \"\"\"Calls the method provided with the driver as an argument until the \\\n        return value does not evaluate to ``False``.\n    \n        :param method: callable(WebDriver)\n        :param message: optional message for :exc:`TimeoutException`\n        :returns: the result of the last call to `method`\n        :raises: :exc:`selenium.common.exceptions.TimeoutException` if timeout occurs\n        \"\"\"\n        screen = None\n        stacktrace = None\n    \n        end_time = time.monotonic() + self._timeout\n        while True:\n            try:\n                value = method(self._driver)\n                if value:\n                    return value\n            except self._ignored_exceptions as exc:\n                screen = getattr(exc, \"screen\", None)\n                stacktrace = getattr(exc, \"stacktrace\", None)\n            time.sleep(self._poll)\n            if time.monotonic() > end_time:\n                break\n>       raise TimeoutException(message, screen, stacktrace)\nE       selenium.common.exceptions.TimeoutException: Message: \nE       Stacktrace:\nE       #0 0x55fde2c2ce3a <unknown>\nE       #1 0x55fde291645c <unknown>\nE       #2 0x55fde29625b5 <unknown>\nE       #3 0x55fde2962671 <unknown>\nE       #4 0x55fde29a6f14 <unknown>\nE       #5 0x55fde29854dd <unknown>\nE       #6 0x55fde29a42cc <unknown>\nE       #7 0x55fde2985253 <unknown>\nE       #8 0x55fde29551c7 <unknown>\nE       #9 0x55fde2955b3e <unknown>\nE       #10 0x55fde2bf327b <unknown>\nE       #11 0x55fde2bf7327 <unknown>\nE       #12 0x55fde2bdfdae <unknown>\nE       #13 0x55fde2bf7df2 <unknown>\nE       #14 0x55fde2bc474f <unknown>\nE       #15 0x55fde2c1c128 <unknown>\nE       #16 0x55fde2c1c2fb <unknown>\nE       #17 0x55fde2c2bf6c <unknown>\nE       #18 0x7fd09a494ac3 <unknown>\n\n/opt/hostedtoolcache/Python/3.11.9/x64/lib/python3.11/site-packages/selenium/webdriver/support/wait.py:95: TimeoutException","flaky":false,"newFailed":false,"newBroken":true,"newPassed":false,"retriesCount":0,"retriesStatusChange":false,"beforeStages":[{"name":"_session_faker","time":{"start":1718155045618,"stop":1718155045680,"duration":62},"status":"passed","steps":[],"attachments":[],"parameters":[],"shouldDisplayMessage":false,"stepsCount":0,"attachmentsCount":0,"hasContent":false,"attachmentStep":false},{"name":"clear_allure_result_folder","time":{"start":1718155045680,"stop":1718155045680,"duration":0},"status":"passed","steps":[],"attachments":[],"parameters":[],"shouldDisplayMessage":false,"stepsCount":0,"attachmentsCount":0,"hasContent":false,"attachmentStep":false},{"name":"driver","time":{"start":1718155664257,"stop":1718155665527,"duration":1270},"status":"passed","steps":[],"attachments":[],"parameters":[],"shouldDisplayMessage":false,"stepsCount":0,"attachmentsCount":0,"hasContent":false,"attachmentStep":false}],"testStage":{"description":"Verify 'Sale' link click redirected to the page and the 'Sale' header is displayed","status":"broken","statusMessage":"selenium.common.exceptions.TimeoutException: Message: \nStacktrace:\n#0 0x55fde2c2ce3a <unknown>\n#1 0x55fde291645c <unknown>\n#2 0x55fde29625b5 <unknown>\n#3 0x55fde2962671 <unknown>\n#4 0x55fde29a6f14 <unknown>\n#5 0x55fde29854dd <unknown>\n#6 0x55fde29a42cc <unknown>\n#7 0x55fde2985253 <unknown>\n#8 0x55fde29551c7 <unknown>\n#9 0x55fde2955b3e <unknown>\n#10 0x55fde2bf327b <unknown>\n#11 0x55fde2bf7327 <unknown>\n#12 0x55fde2bdfdae <unknown>\n#13 0x55fde2bf7df2 <unknown>\n#14 0x55fde2bc474f <unknown>\n#15 0x55fde2c1c128 <unknown>\n#16 0x55fde2c1c2fb <unknown>\n#17 0x55fde2c2bf6c <unknown>\n#18 0x7fd09a494ac3 <unknown>","statusTrace":"self = <test_header.TestHeader object at 0x7f958aaeda90>\ndriver = <selenium.webdriver.chrome.webdriver.WebDriver (session=\"db89760f7a261b5475726262052f60a1\")>\n\n    @allure.title('TC 01.03.36 correctly redirected the link sale')\n    def test_tc_01_03_36_correctly_redirected_the_link_sale(self, driver):\n        \"\"\"Verify 'Sale' link click redirected to the page and the 'Sale' header is displayed\"\"\"\n        page = HeaderPage(driver, MAIN_PAGE_URL)\n        page.open()\n>       link = page.redirected_the_link_sale()\n\ntests/test_header.py:83: \n_ _ _ _ _ _ _ _ _ _ _ _ _ _ _ _ _ _ _ _ _ _ _ _ _ _ _ _ _ _ _ _ _ _ _ _ _ _ _ _ \npages/header_page.py:47: in redirected_the_link_sale\n    element = self.element_is_visible(self.header_locators.SALE)\npages/base_page.py:29: in element_is_visible\n    self.go_to_element(self.element_is_present(locator))\npages/base_page.py:50: in element_is_present\n    return wait(self.driver, timeout).until(EC.presence_of_element_located(locator))\n_ _ _ _ _ _ _ _ _ _ _ _ _ _ _ _ _ _ _ _ _ _ _ _ _ _ _ _ _ _ _ _ _ _ _ _ _ _ _ _ \n\nself = <selenium.webdriver.support.wait.WebDriverWait (session=\"db89760f7a261b5475726262052f60a1\")>\nmethod = <function presence_of_element_located.<locals>._predicate at 0x7f958ac1c4a0>\nmessage = ''\n\n    def until(self, method, message: str = \"\"):\n        \"\"\"Calls the method provided with the driver as an argument until the \\\n        return value does not evaluate to ``False``.\n    \n        :param method: callable(WebDriver)\n        :param message: optional message for :exc:`TimeoutException`\n        :returns: the result of the last call to `method`\n        :raises: :exc:`selenium.common.exceptions.TimeoutException` if timeout occurs\n        \"\"\"\n        screen = None\n        stacktrace = None\n    \n        end_time = time.monotonic() + self._timeout\n        while True:\n            try:\n                value = method(self._driver)\n                if value:\n                    return value\n            except self._ignored_exceptions as exc:\n                screen = getattr(exc, \"screen\", None)\n                stacktrace = getattr(exc, \"stacktrace\", None)\n            time.sleep(self._poll)\n            if time.monotonic() > end_time:\n                break\n>       raise TimeoutException(message, screen, stacktrace)\nE       selenium.common.exceptions.TimeoutException: Message: \nE       Stacktrace:\nE       #0 0x55fde2c2ce3a <unknown>\nE       #1 0x55fde291645c <unknown>\nE       #2 0x55fde29625b5 <unknown>\nE       #3 0x55fde2962671 <unknown>\nE       #4 0x55fde29a6f14 <unknown>\nE       #5 0x55fde29854dd <unknown>\nE       #6 0x55fde29a42cc <unknown>\nE       #7 0x55fde2985253 <unknown>\nE       #8 0x55fde29551c7 <unknown>\nE       #9 0x55fde2955b3e <unknown>\nE       #10 0x55fde2bf327b <unknown>\nE       #11 0x55fde2bf7327 <unknown>\nE       #12 0x55fde2bdfdae <unknown>\nE       #13 0x55fde2bf7df2 <unknown>\nE       #14 0x55fde2bc474f <unknown>\nE       #15 0x55fde2c1c128 <unknown>\nE       #16 0x55fde2c1c2fb <unknown>\nE       #17 0x55fde2c2bf6c <unknown>\nE       #18 0x7fd09a494ac3 <unknown>\n\n/opt/hostedtoolcache/Python/3.11.9/x64/lib/python3.11/site-packages/selenium/webdriver/support/wait.py:95: TimeoutException","steps":[{"name":"Open a browser","time":{"start":1718155665527,"stop":1718155665665,"duration":138},"status":"passed","steps":[],"attachments":[],"parameters":[],"shouldDisplayMessage":false,"stepsCount":0,"attachmentsCount":0,"hasContent":false,"attachmentStep":false},{"name":"Redirected the link \"Sale\"","time":{"start":1718155665665,"stop":1718155670779,"duration":5114},"status":"broken","statusMessage":"selenium.common.exceptions.TimeoutException: Message: \nStacktrace:\n#0 0x55fde2c2ce3a <unknown>\n#1 0x55fde291645c <unknown>\n#2 0x55fde29625b5 <unknown>\n#3 0x55fde2962671 <unknown>\n#4 0x55fde29a6f14 <unknown>\n#5 0x55fde29854dd <unknown>\n#6 0x55fde29a42cc <unknown>\n#7 0x55fde2985253 <unknown>\n#8 0x55fde29551c7 <unknown>\n#9 0x55fde2955b3e <unknown>\n#10 0x55fde2bf327b <unknown>\n#11 0x55fde2bf7327 <unknown>\n#12 0x55fde2bdfdae <unknown>\n#13 0x55fde2bf7df2 <unknown>\n#14 0x55fde2bc474f <unknown>\n#15 0x55fde2c1c128 <unknown>\n#16 0x55fde2c1c2fb <unknown>\n#17 0x55fde2c2bf6c <unknown>\n#18 0x7fd09a494ac3 <unknown>\n\n","statusTrace":"  File \"/opt/hostedtoolcache/Python/3.11.9/x64/lib/python3.11/site-packages/allure_commons/_allure.py\", line 192, in impl\n    return func(*a, **kw)\n           ^^^^^^^^^^^^^^\n  File \"/home/runner/work/luma_project/luma_project/pages/header_page.py\", line 47, in redirected_the_link_sale\n    element = self.element_is_visible(self.header_locators.SALE)\n              ^^^^^^^^^^^^^^^^^^^^^^^^^^^^^^^^^^^^^^^^^^^^^^^^^^\n  File \"/opt/hostedtoolcache/Python/3.11.9/x64/lib/python3.11/site-packages/allure_commons/_allure.py\", line 192, in impl\n    return func(*a, **kw)\n           ^^^^^^^^^^^^^^\n  File \"/home/runner/work/luma_project/luma_project/pages/base_page.py\", line 29, in element_is_visible\n    self.go_to_element(self.element_is_present(locator))\n                       ^^^^^^^^^^^^^^^^^^^^^^^^^^^^^^^^\n  File \"/opt/hostedtoolcache/Python/3.11.9/x64/lib/python3.11/site-packages/allure_commons/_allure.py\", line 192, in impl\n    return func(*a, **kw)\n           ^^^^^^^^^^^^^^\n  File \"/home/runner/work/luma_project/luma_project/pages/base_page.py\", line 50, in element_is_present\n    return wait(self.driver, timeout).until(EC.presence_of_element_located(locator))\n           ^^^^^^^^^^^^^^^^^^^^^^^^^^^^^^^^^^^^^^^^^^^^^^^^^^^^^^^^^^^^^^^^^^^^^^^^^\n  File \"/opt/hostedtoolcache/Python/3.11.9/x64/lib/python3.11/site-packages/selenium/webdriver/support/wait.py\", line 95, in until\n    raise TimeoutException(message, screen, stacktrace)\n","steps":[{"name":"Find a visible element","time":{"start":1718155665666,"stop":1718155670779,"duration":5113},"status":"broken","statusMessage":"selenium.common.exceptions.TimeoutException: Message: \nStacktrace:\n#0 0x55fde2c2ce3a <unknown>\n#1 0x55fde291645c <unknown>\n#2 0x55fde29625b5 <unknown>\n#3 0x55fde2962671 <unknown>\n#4 0x55fde29a6f14 <unknown>\n#5 0x55fde29854dd <unknown>\n#6 0x55fde29a42cc <unknown>\n#7 0x55fde2985253 <unknown>\n#8 0x55fde29551c7 <unknown>\n#9 0x55fde2955b3e <unknown>\n#10 0x55fde2bf327b <unknown>\n#11 0x55fde2bf7327 <unknown>\n#12 0x55fde2bdfdae <unknown>\n#13 0x55fde2bf7df2 <unknown>\n#14 0x55fde2bc474f <unknown>\n#15 0x55fde2c1c128 <unknown>\n#16 0x55fde2c1c2fb <unknown>\n#17 0x55fde2c2bf6c <unknown>\n#18 0x7fd09a494ac3 <unknown>\n\n","statusTrace":"  File \"/opt/hostedtoolcache/Python/3.11.9/x64/lib/python3.11/site-packages/allure_commons/_allure.py\", line 192, in impl\n    return func(*a, **kw)\n           ^^^^^^^^^^^^^^\n  File \"/home/runner/work/luma_project/luma_project/pages/base_page.py\", line 29, in element_is_visible\n    self.go_to_element(self.element_is_present(locator))\n                       ^^^^^^^^^^^^^^^^^^^^^^^^^^^^^^^^\n  File \"/opt/hostedtoolcache/Python/3.11.9/x64/lib/python3.11/site-packages/allure_commons/_allure.py\", line 192, in impl\n    return func(*a, **kw)\n           ^^^^^^^^^^^^^^\n  File \"/home/runner/work/luma_project/luma_project/pages/base_page.py\", line 50, in element_is_present\n    return wait(self.driver, timeout).until(EC.presence_of_element_located(locator))\n           ^^^^^^^^^^^^^^^^^^^^^^^^^^^^^^^^^^^^^^^^^^^^^^^^^^^^^^^^^^^^^^^^^^^^^^^^^\n  File \"/opt/hostedtoolcache/Python/3.11.9/x64/lib/python3.11/site-packages/selenium/webdriver/support/wait.py\", line 95, in until\n    raise TimeoutException(message, screen, stacktrace)\n","steps":[{"name":"Find a present element","time":{"start":1718155665666,"stop":1718155670778,"duration":5112},"status":"broken","statusMessage":"selenium.common.exceptions.TimeoutException: Message: \nStacktrace:\n#0 0x55fde2c2ce3a <unknown>\n#1 0x55fde291645c <unknown>\n#2 0x55fde29625b5 <unknown>\n#3 0x55fde2962671 <unknown>\n#4 0x55fde29a6f14 <unknown>\n#5 0x55fde29854dd <unknown>\n#6 0x55fde29a42cc <unknown>\n#7 0x55fde2985253 <unknown>\n#8 0x55fde29551c7 <unknown>\n#9 0x55fde2955b3e <unknown>\n#10 0x55fde2bf327b <unknown>\n#11 0x55fde2bf7327 <unknown>\n#12 0x55fde2bdfdae <unknown>\n#13 0x55fde2bf7df2 <unknown>\n#14 0x55fde2bc474f <unknown>\n#15 0x55fde2c1c128 <unknown>\n#16 0x55fde2c1c2fb <unknown>\n#17 0x55fde2c2bf6c <unknown>\n#18 0x7fd09a494ac3 <unknown>\n\n","statusTrace":"  File \"/opt/hostedtoolcache/Python/3.11.9/x64/lib/python3.11/site-packages/allure_commons/_allure.py\", line 192, in impl\n    return func(*a, **kw)\n           ^^^^^^^^^^^^^^\n  File \"/home/runner/work/luma_project/luma_project/pages/base_page.py\", line 50, in element_is_present\n    return wait(self.driver, timeout).until(EC.presence_of_element_located(locator))\n           ^^^^^^^^^^^^^^^^^^^^^^^^^^^^^^^^^^^^^^^^^^^^^^^^^^^^^^^^^^^^^^^^^^^^^^^^^\n  File \"/opt/hostedtoolcache/Python/3.11.9/x64/lib/python3.11/site-packages/selenium/webdriver/support/wait.py\", line 95, in until\n    raise TimeoutException(message, screen, stacktrace)\n","steps":[],"attachments":[],"parameters":[{"name":"locator","value":"('id', 'ui-id-8')"},{"name":"timeout","value":"5"}],"shouldDisplayMessage":true,"stepsCount":0,"attachmentsCount":0,"hasContent":true,"attachmentStep":false}],"attachments":[],"parameters":[{"name":"locator","value":"('id', 'ui-id-8')"},{"name":"timeout","value":"10"}],"shouldDisplayMessage":false,"stepsCount":1,"attachmentsCount":0,"hasContent":true,"attachmentStep":false}],"attachments":[],"parameters":[],"shouldDisplayMessage":false,"stepsCount":2,"attachmentsCount":0,"hasContent":true,"attachmentStep":false}],"attachments":[{"uid":"7cb3855ba474cb2a","name":"Screenshot","source":"7cb3855ba474cb2a.png","type":"image/png","size":25664},{"uid":"616389fbe4a00186","name":"HTML source","source":"616389fbe4a00186.html","type":"text/html","size":774}],"parameters":[],"shouldDisplayMessage":true,"stepsCount":4,"attachmentsCount":2,"hasContent":true,"attachmentStep":false},"afterStages":[{"name":"driver::0","time":{"start":1718155670894,"stop":1718155670956,"duration":62},"status":"passed","steps":[],"attachments":[],"parameters":[],"shouldDisplayMessage":false,"stepsCount":0,"attachmentsCount":0,"hasContent":false,"attachmentStep":false},{"name":"clear_allure_result_folder::0","time":{"start":1718157437577,"stop":1718157437577,"duration":0},"status":"passed","steps":[],"attachments":[],"parameters":[],"shouldDisplayMessage":false,"stepsCount":0,"attachmentsCount":0,"hasContent":false,"attachmentStep":false}],"labels":[{"name":"epic","value":"Test Header"},{"name":"parentSuite","value":"tests"},{"name":"suite","value":"test_header"},{"name":"subSuite","value":"TestHeader"},{"name":"host","value":"fv-az802-720"},{"name":"thread","value":"2834-MainThread"},{"name":"framework","value":"pytest"},{"name":"language","value":"cpython3"},{"name":"package","value":"tests.test_header"},{"name":"resultFormat","value":"allure2"}],"parameters":[],"links":[],"hidden":false,"retry":false,"extra":{"severity":"normal","retries":[],"categories":[{"name":"Test defects","matchedStatuses":[],"flaky":false}],"history":{"statistic":{"failed":0,"broken":1,"skipped":0,"passed":3,"unknown":0,"total":4},"items":[{"uid":"c70a03c6cce4f436","reportUrl":"https://verafes.github.io/luma_project/338//#testresult/c70a03c6cce4f436","status":"passed","time":{"start":1718068898235,"stop":1718068900253,"duration":2018}},{"uid":"97936d4bf986b491","reportUrl":"https://verafes.github.io/luma_project/337//#testresult/97936d4bf986b491","status":"passed","time":{"start":1717982591926,"stop":1717982593518,"duration":1592}},{"uid":"d9b29181b42a2b27","reportUrl":"https://verafes.github.io/luma_project/336//#testresult/d9b29181b42a2b27","status":"passed","time":{"start":1717896470617,"stop":1717896472863,"duration":2246}}]},"tags":[]},"source":"10316aa9513bdad5.json","parameterValues":[]}