{"uid":"26ecde5b71b7d82a","name":"TC 04_02_09_13 Verify presence of strong password strength hint","fullName":"tests.test_create_an_account.TestCreateAnAccount#test_04_02_09_13_password_strength_hint","historyId":"3b59278094b5df7da9880ace80b62ead","time":{"start":1718155224420,"stop":1718155229529,"duration":5109},"description":" Verify presence of Password Strength hint and warning color of weak password ","descriptionHtml":"<p>Verify presence of Password Strength hint and warning color of weak password</p>\n","status":"skipped","statusMessage":"XFAIL Flaky behavior on CI\n\nselenium.common.exceptions.TimeoutException: Message: \nStacktrace:\n#0 0x55da055e8e3a <unknown>\n#1 0x55da052d245c <unknown>\n#2 0x55da0531e5b5 <unknown>\n#3 0x55da0531e671 <unknown>\n#4 0x55da05362f14 <unknown>\n#5 0x55da053414dd <unknown>\n#6 0x55da053602cc <unknown>\n#7 0x55da05341253 <unknown>\n#8 0x55da053111c7 <unknown>\n#9 0x55da05311b3e <unknown>\n#10 0x55da055af27b <unknown>\n#11 0x55da055b3327 <unknown>\n#12 0x55da0559bdae <unknown>\n#13 0x55da055b3df2 <unknown>\n#14 0x55da0558074f <unknown>\n#15 0x55da055d8128 <unknown>\n#16 0x55da055d82fb <unknown>\n#17 0x55da055e7f6c <unknown>\n#18 0x7f74d6294ac3 <unknown>","statusTrace":"self = <test_create_an_account.TestCreateAnAccount object at 0x7f958becd290>\ncreate_account_page = <pages.create_an_account_page.CreateAccountPage object at 0x7f958c8e5b90>\npassword_strength_msg = {'password': '1234qweREe', 'strength_password': 'Strong', 'strength_password_hint': 'Password Strength: Strong', 'warning_color': '#c5eeac', ...}\n\n    @pytest.mark.xfail(reason=\"Flaky behavior on CI\")\n    @allure.title('TC 04_02_09_13 Verify presence of strong password strength hint')\n    @pytest.mark.parametrize('password_strength_msg', password_strength_msg)\n    def test_04_02_09_13_password_strength_hint(self, create_account_page, password_strength_msg):\n        \"\"\" Verify presence of Password Strength hint and warning color of weak password \"\"\"\n        password_strength_hint_message, message_error, hex_color = \\\n>           create_account_page.check_password_strength_hint_with_different_passwords(password_strength_msg)\n\ntests/test_create_an_account.py:217: \n_ _ _ _ _ _ _ _ _ _ _ _ _ _ _ _ _ _ _ _ _ _ _ _ _ _ _ _ _ _ _ _ _ _ _ _ _ _ _ _ \npages/create_an_account_page.py:267: in check_password_strength_hint_with_different_passwords\n    password_input = self.check_password_input()\npages/create_an_account_page.py:55: in check_password_input\n    return self.element_is_visible(self.locators.PASSWORD)\npages/base_page.py:29: in element_is_visible\n    self.go_to_element(self.element_is_present(locator))\npages/base_page.py:50: in element_is_present\n    return wait(self.driver, timeout).until(EC.presence_of_element_located(locator))\n_ _ _ _ _ _ _ _ _ _ _ _ _ _ _ _ _ _ _ _ _ _ _ _ _ _ _ _ _ _ _ _ _ _ _ _ _ _ _ _ \n\nself = <selenium.webdriver.support.wait.WebDriverWait (session=\"1fd36bda1a5fb60e1c63cdafebdcdcd8\")>\nmethod = <function presence_of_element_located.<locals>._predicate at 0x7f958c59fe20>\nmessage = ''\n\n    def until(self, method, message: str = \"\"):\n        \"\"\"Calls the method provided with the driver as an argument until the \\\n        return value does not evaluate to ``False``.\n    \n        :param method: callable(WebDriver)\n        :param message: optional message for :exc:`TimeoutException`\n        :returns: the result of the last call to `method`\n        :raises: :exc:`selenium.common.exceptions.TimeoutException` if timeout occurs\n        \"\"\"\n        screen = None\n        stacktrace = None\n    \n        end_time = time.monotonic() + self._timeout\n        while True:\n            try:\n                value = method(self._driver)\n                if value:\n                    return value\n            except self._ignored_exceptions as exc:\n                screen = getattr(exc, \"screen\", None)\n                stacktrace = getattr(exc, \"stacktrace\", None)\n            time.sleep(self._poll)\n            if time.monotonic() > end_time:\n                break\n>       raise TimeoutException(message, screen, stacktrace)\nE       selenium.common.exceptions.TimeoutException: Message: \nE       Stacktrace:\nE       #0 0x55da055e8e3a <unknown>\nE       #1 0x55da052d245c <unknown>\nE       #2 0x55da0531e5b5 <unknown>\nE       #3 0x55da0531e671 <unknown>\nE       #4 0x55da05362f14 <unknown>\nE       #5 0x55da053414dd <unknown>\nE       #6 0x55da053602cc <unknown>\nE       #7 0x55da05341253 <unknown>\nE       #8 0x55da053111c7 <unknown>\nE       #9 0x55da05311b3e <unknown>\nE       #10 0x55da055af27b <unknown>\nE       #11 0x55da055b3327 <unknown>\nE       #12 0x55da0559bdae <unknown>\nE       #13 0x55da055b3df2 <unknown>\nE       #14 0x55da0558074f <unknown>\nE       #15 0x55da055d8128 <unknown>\nE       #16 0x55da055d82fb <unknown>\nE       #17 0x55da055e7f6c <unknown>\nE       #18 0x7f74d6294ac3 <unknown>\n\n/opt/hostedtoolcache/Python/3.11.9/x64/lib/python3.11/site-packages/selenium/webdriver/support/wait.py:95: TimeoutException","flaky":false,"newFailed":false,"newBroken":false,"newPassed":false,"retriesCount":0,"retriesStatusChange":false,"beforeStages":[{"name":"_session_faker","time":{"start":1718155045618,"stop":1718155045680,"duration":62},"status":"passed","steps":[],"attachments":[],"parameters":[],"shouldDisplayMessage":false,"stepsCount":0,"attachmentsCount":0,"hasContent":false,"attachmentStep":false},{"name":"clear_allure_result_folder","time":{"start":1718155045680,"stop":1718155045680,"duration":0},"status":"passed","steps":[],"attachments":[],"parameters":[],"shouldDisplayMessage":false,"stepsCount":0,"attachmentsCount":0,"hasContent":false,"attachmentStep":false},{"name":"driver","time":{"start":1718155223073,"stop":1718155224334,"duration":1261},"status":"passed","steps":[],"attachments":[],"parameters":[],"shouldDisplayMessage":false,"stepsCount":0,"attachmentsCount":0,"hasContent":false,"attachmentStep":false},{"name":"create_account_page","time":{"start":1718155224334,"stop":1718155224419,"duration":85},"status":"passed","steps":[{"name":"Open a browser","time":{"start":1718155224334,"stop":1718155224419,"duration":85},"status":"passed","steps":[],"attachments":[],"parameters":[],"shouldDisplayMessage":false,"stepsCount":0,"attachmentsCount":0,"hasContent":false,"attachmentStep":false}],"attachments":[],"parameters":[],"shouldDisplayMessage":false,"stepsCount":1,"attachmentsCount":0,"hasContent":true,"attachmentStep":false}],"testStage":{"description":" Verify presence of Password Strength hint and warning color of weak password ","status":"skipped","statusMessage":"XFAIL Flaky behavior on CI\n\nselenium.common.exceptions.TimeoutException: Message: \nStacktrace:\n#0 0x55da055e8e3a <unknown>\n#1 0x55da052d245c <unknown>\n#2 0x55da0531e5b5 <unknown>\n#3 0x55da0531e671 <unknown>\n#4 0x55da05362f14 <unknown>\n#5 0x55da053414dd <unknown>\n#6 0x55da053602cc <unknown>\n#7 0x55da05341253 <unknown>\n#8 0x55da053111c7 <unknown>\n#9 0x55da05311b3e <unknown>\n#10 0x55da055af27b <unknown>\n#11 0x55da055b3327 <unknown>\n#12 0x55da0559bdae <unknown>\n#13 0x55da055b3df2 <unknown>\n#14 0x55da0558074f <unknown>\n#15 0x55da055d8128 <unknown>\n#16 0x55da055d82fb <unknown>\n#17 0x55da055e7f6c <unknown>\n#18 0x7f74d6294ac3 <unknown>","statusTrace":"self = <test_create_an_account.TestCreateAnAccount object at 0x7f958becd290>\ncreate_account_page = <pages.create_an_account_page.CreateAccountPage object at 0x7f958c8e5b90>\npassword_strength_msg = {'password': '1234qweREe', 'strength_password': 'Strong', 'strength_password_hint': 'Password Strength: Strong', 'warning_color': '#c5eeac', ...}\n\n    @pytest.mark.xfail(reason=\"Flaky behavior on CI\")\n    @allure.title('TC 04_02_09_13 Verify presence of strong password strength hint')\n    @pytest.mark.parametrize('password_strength_msg', password_strength_msg)\n    def test_04_02_09_13_password_strength_hint(self, create_account_page, password_strength_msg):\n        \"\"\" Verify presence of Password Strength hint and warning color of weak password \"\"\"\n        password_strength_hint_message, message_error, hex_color = \\\n>           create_account_page.check_password_strength_hint_with_different_passwords(password_strength_msg)\n\ntests/test_create_an_account.py:217: \n_ _ _ _ _ _ _ _ _ _ _ _ _ _ _ _ _ _ _ _ _ _ _ _ _ _ _ _ _ _ _ _ _ _ _ _ _ _ _ _ \npages/create_an_account_page.py:267: in check_password_strength_hint_with_different_passwords\n    password_input = self.check_password_input()\npages/create_an_account_page.py:55: in check_password_input\n    return self.element_is_visible(self.locators.PASSWORD)\npages/base_page.py:29: in element_is_visible\n    self.go_to_element(self.element_is_present(locator))\npages/base_page.py:50: in element_is_present\n    return wait(self.driver, timeout).until(EC.presence_of_element_located(locator))\n_ _ _ _ _ _ _ _ _ _ _ _ _ _ _ _ _ _ _ _ _ _ _ _ _ _ _ _ _ _ _ _ _ _ _ _ _ _ _ _ \n\nself = <selenium.webdriver.support.wait.WebDriverWait (session=\"1fd36bda1a5fb60e1c63cdafebdcdcd8\")>\nmethod = <function presence_of_element_located.<locals>._predicate at 0x7f958c59fe20>\nmessage = ''\n\n    def until(self, method, message: str = \"\"):\n        \"\"\"Calls the method provided with the driver as an argument until the \\\n        return value does not evaluate to ``False``.\n    \n        :param method: callable(WebDriver)\n        :param message: optional message for :exc:`TimeoutException`\n        :returns: the result of the last call to `method`\n        :raises: :exc:`selenium.common.exceptions.TimeoutException` if timeout occurs\n        \"\"\"\n        screen = None\n        stacktrace = None\n    \n        end_time = time.monotonic() + self._timeout\n        while True:\n            try:\n                value = method(self._driver)\n                if value:\n                    return value\n            except self._ignored_exceptions as exc:\n                screen = getattr(exc, \"screen\", None)\n                stacktrace = getattr(exc, \"stacktrace\", None)\n            time.sleep(self._poll)\n            if time.monotonic() > end_time:\n                break\n>       raise TimeoutException(message, screen, stacktrace)\nE       selenium.common.exceptions.TimeoutException: Message: \nE       Stacktrace:\nE       #0 0x55da055e8e3a <unknown>\nE       #1 0x55da052d245c <unknown>\nE       #2 0x55da0531e5b5 <unknown>\nE       #3 0x55da0531e671 <unknown>\nE       #4 0x55da05362f14 <unknown>\nE       #5 0x55da053414dd <unknown>\nE       #6 0x55da053602cc <unknown>\nE       #7 0x55da05341253 <unknown>\nE       #8 0x55da053111c7 <unknown>\nE       #9 0x55da05311b3e <unknown>\nE       #10 0x55da055af27b <unknown>\nE       #11 0x55da055b3327 <unknown>\nE       #12 0x55da0559bdae <unknown>\nE       #13 0x55da055b3df2 <unknown>\nE       #14 0x55da0558074f <unknown>\nE       #15 0x55da055d8128 <unknown>\nE       #16 0x55da055d82fb <unknown>\nE       #17 0x55da055e7f6c <unknown>\nE       #18 0x7f74d6294ac3 <unknown>\n\n/opt/hostedtoolcache/Python/3.11.9/x64/lib/python3.11/site-packages/selenium/webdriver/support/wait.py:95: TimeoutException","steps":[{"name":"Check password strength hint and color","time":{"start":1718155224420,"stop":1718155229529,"duration":5109},"status":"broken","statusMessage":"selenium.common.exceptions.TimeoutException: Message: \nStacktrace:\n#0 0x55da055e8e3a <unknown>\n#1 0x55da052d245c <unknown>\n#2 0x55da0531e5b5 <unknown>\n#3 0x55da0531e671 <unknown>\n#4 0x55da05362f14 <unknown>\n#5 0x55da053414dd <unknown>\n#6 0x55da053602cc <unknown>\n#7 0x55da05341253 <unknown>\n#8 0x55da053111c7 <unknown>\n#9 0x55da05311b3e <unknown>\n#10 0x55da055af27b <unknown>\n#11 0x55da055b3327 <unknown>\n#12 0x55da0559bdae <unknown>\n#13 0x55da055b3df2 <unknown>\n#14 0x55da0558074f <unknown>\n#15 0x55da055d8128 <unknown>\n#16 0x55da055d82fb <unknown>\n#17 0x55da055e7f6c <unknown>\n#18 0x7f74d6294ac3 <unknown>\n\n","statusTrace":"  File \"/opt/hostedtoolcache/Python/3.11.9/x64/lib/python3.11/site-packages/allure_commons/_allure.py\", line 192, in impl\n    return func(*a, **kw)\n           ^^^^^^^^^^^^^^\n  File \"/home/runner/work/luma_project/luma_project/pages/create_an_account_page.py\", line 267, in check_password_strength_hint_with_different_passwords\n    password_input = self.check_password_input()\n                     ^^^^^^^^^^^^^^^^^^^^^^^^^^^\n  File \"/opt/hostedtoolcache/Python/3.11.9/x64/lib/python3.11/site-packages/allure_commons/_allure.py\", line 192, in impl\n    return func(*a, **kw)\n           ^^^^^^^^^^^^^^\n  File \"/home/runner/work/luma_project/luma_project/pages/create_an_account_page.py\", line 55, in check_password_input\n    return self.element_is_visible(self.locators.PASSWORD)\n           ^^^^^^^^^^^^^^^^^^^^^^^^^^^^^^^^^^^^^^^^^^^^^^^\n  File \"/opt/hostedtoolcache/Python/3.11.9/x64/lib/python3.11/site-packages/allure_commons/_allure.py\", line 192, in impl\n    return func(*a, **kw)\n           ^^^^^^^^^^^^^^\n  File \"/home/runner/work/luma_project/luma_project/pages/base_page.py\", line 29, in element_is_visible\n    self.go_to_element(self.element_is_present(locator))\n                       ^^^^^^^^^^^^^^^^^^^^^^^^^^^^^^^^\n  File \"/opt/hostedtoolcache/Python/3.11.9/x64/lib/python3.11/site-packages/allure_commons/_allure.py\", line 192, in impl\n    return func(*a, **kw)\n           ^^^^^^^^^^^^^^\n  File \"/home/runner/work/luma_project/luma_project/pages/base_page.py\", line 50, in element_is_present\n    return wait(self.driver, timeout).until(EC.presence_of_element_located(locator))\n           ^^^^^^^^^^^^^^^^^^^^^^^^^^^^^^^^^^^^^^^^^^^^^^^^^^^^^^^^^^^^^^^^^^^^^^^^^\n  File \"/opt/hostedtoolcache/Python/3.11.9/x64/lib/python3.11/site-packages/selenium/webdriver/support/wait.py\", line 95, in until\n    raise TimeoutException(message, screen, stacktrace)\n","steps":[{"name":"Check Password input field is visible","time":{"start":1718155224420,"stop":1718155229528,"duration":5108},"status":"broken","statusMessage":"selenium.common.exceptions.TimeoutException: Message: \nStacktrace:\n#0 0x55da055e8e3a <unknown>\n#1 0x55da052d245c <unknown>\n#2 0x55da0531e5b5 <unknown>\n#3 0x55da0531e671 <unknown>\n#4 0x55da05362f14 <unknown>\n#5 0x55da053414dd <unknown>\n#6 0x55da053602cc <unknown>\n#7 0x55da05341253 <unknown>\n#8 0x55da053111c7 <unknown>\n#9 0x55da05311b3e <unknown>\n#10 0x55da055af27b <unknown>\n#11 0x55da055b3327 <unknown>\n#12 0x55da0559bdae <unknown>\n#13 0x55da055b3df2 <unknown>\n#14 0x55da0558074f <unknown>\n#15 0x55da055d8128 <unknown>\n#16 0x55da055d82fb <unknown>\n#17 0x55da055e7f6c <unknown>\n#18 0x7f74d6294ac3 <unknown>\n\n","statusTrace":"  File \"/opt/hostedtoolcache/Python/3.11.9/x64/lib/python3.11/site-packages/allure_commons/_allure.py\", line 192, in impl\n    return func(*a, **kw)\n           ^^^^^^^^^^^^^^\n  File \"/home/runner/work/luma_project/luma_project/pages/create_an_account_page.py\", line 55, in check_password_input\n    return self.element_is_visible(self.locators.PASSWORD)\n           ^^^^^^^^^^^^^^^^^^^^^^^^^^^^^^^^^^^^^^^^^^^^^^^\n  File \"/opt/hostedtoolcache/Python/3.11.9/x64/lib/python3.11/site-packages/allure_commons/_allure.py\", line 192, in impl\n    return func(*a, **kw)\n           ^^^^^^^^^^^^^^\n  File \"/home/runner/work/luma_project/luma_project/pages/base_page.py\", line 29, in element_is_visible\n    self.go_to_element(self.element_is_present(locator))\n                       ^^^^^^^^^^^^^^^^^^^^^^^^^^^^^^^^\n  File \"/opt/hostedtoolcache/Python/3.11.9/x64/lib/python3.11/site-packages/allure_commons/_allure.py\", line 192, in impl\n    return func(*a, **kw)\n           ^^^^^^^^^^^^^^\n  File \"/home/runner/work/luma_project/luma_project/pages/base_page.py\", line 50, in element_is_present\n    return wait(self.driver, timeout).until(EC.presence_of_element_located(locator))\n           ^^^^^^^^^^^^^^^^^^^^^^^^^^^^^^^^^^^^^^^^^^^^^^^^^^^^^^^^^^^^^^^^^^^^^^^^^\n  File \"/opt/hostedtoolcache/Python/3.11.9/x64/lib/python3.11/site-packages/selenium/webdriver/support/wait.py\", line 95, in until\n    raise TimeoutException(message, screen, stacktrace)\n","steps":[{"name":"Find a visible element","time":{"start":1718155224420,"stop":1718155229528,"duration":5108},"status":"broken","statusMessage":"selenium.common.exceptions.TimeoutException: Message: \nStacktrace:\n#0 0x55da055e8e3a <unknown>\n#1 0x55da052d245c <unknown>\n#2 0x55da0531e5b5 <unknown>\n#3 0x55da0531e671 <unknown>\n#4 0x55da05362f14 <unknown>\n#5 0x55da053414dd <unknown>\n#6 0x55da053602cc <unknown>\n#7 0x55da05341253 <unknown>\n#8 0x55da053111c7 <unknown>\n#9 0x55da05311b3e <unknown>\n#10 0x55da055af27b <unknown>\n#11 0x55da055b3327 <unknown>\n#12 0x55da0559bdae <unknown>\n#13 0x55da055b3df2 <unknown>\n#14 0x55da0558074f <unknown>\n#15 0x55da055d8128 <unknown>\n#16 0x55da055d82fb <unknown>\n#17 0x55da055e7f6c <unknown>\n#18 0x7f74d6294ac3 <unknown>\n\n","statusTrace":"  File \"/opt/hostedtoolcache/Python/3.11.9/x64/lib/python3.11/site-packages/allure_commons/_allure.py\", line 192, in impl\n    return func(*a, **kw)\n           ^^^^^^^^^^^^^^\n  File \"/home/runner/work/luma_project/luma_project/pages/base_page.py\", line 29, in element_is_visible\n    self.go_to_element(self.element_is_present(locator))\n                       ^^^^^^^^^^^^^^^^^^^^^^^^^^^^^^^^\n  File \"/opt/hostedtoolcache/Python/3.11.9/x64/lib/python3.11/site-packages/allure_commons/_allure.py\", line 192, in impl\n    return func(*a, **kw)\n           ^^^^^^^^^^^^^^\n  File \"/home/runner/work/luma_project/luma_project/pages/base_page.py\", line 50, in element_is_present\n    return wait(self.driver, timeout).until(EC.presence_of_element_located(locator))\n           ^^^^^^^^^^^^^^^^^^^^^^^^^^^^^^^^^^^^^^^^^^^^^^^^^^^^^^^^^^^^^^^^^^^^^^^^^\n  File \"/opt/hostedtoolcache/Python/3.11.9/x64/lib/python3.11/site-packages/selenium/webdriver/support/wait.py\", line 95, in until\n    raise TimeoutException(message, screen, stacktrace)\n","steps":[{"name":"Find a present element","time":{"start":1718155224420,"stop":1718155229528,"duration":5108},"status":"broken","statusMessage":"selenium.common.exceptions.TimeoutException: Message: \nStacktrace:\n#0 0x55da055e8e3a <unknown>\n#1 0x55da052d245c <unknown>\n#2 0x55da0531e5b5 <unknown>\n#3 0x55da0531e671 <unknown>\n#4 0x55da05362f14 <unknown>\n#5 0x55da053414dd <unknown>\n#6 0x55da053602cc <unknown>\n#7 0x55da05341253 <unknown>\n#8 0x55da053111c7 <unknown>\n#9 0x55da05311b3e <unknown>\n#10 0x55da055af27b <unknown>\n#11 0x55da055b3327 <unknown>\n#12 0x55da0559bdae <unknown>\n#13 0x55da055b3df2 <unknown>\n#14 0x55da0558074f <unknown>\n#15 0x55da055d8128 <unknown>\n#16 0x55da055d82fb <unknown>\n#17 0x55da055e7f6c <unknown>\n#18 0x7f74d6294ac3 <unknown>\n\n","statusTrace":"  File \"/opt/hostedtoolcache/Python/3.11.9/x64/lib/python3.11/site-packages/allure_commons/_allure.py\", line 192, in impl\n    return func(*a, **kw)\n           ^^^^^^^^^^^^^^\n  File \"/home/runner/work/luma_project/luma_project/pages/base_page.py\", line 50, in element_is_present\n    return wait(self.driver, timeout).until(EC.presence_of_element_located(locator))\n           ^^^^^^^^^^^^^^^^^^^^^^^^^^^^^^^^^^^^^^^^^^^^^^^^^^^^^^^^^^^^^^^^^^^^^^^^^\n  File \"/opt/hostedtoolcache/Python/3.11.9/x64/lib/python3.11/site-packages/selenium/webdriver/support/wait.py\", line 95, in until\n    raise TimeoutException(message, screen, stacktrace)\n","steps":[],"attachments":[],"parameters":[{"name":"locator","value":"('css selector', '[id=\"password\"]')"},{"name":"timeout","value":"5"}],"shouldDisplayMessage":true,"stepsCount":0,"attachmentsCount":0,"hasContent":true,"attachmentStep":false}],"attachments":[],"parameters":[{"name":"locator","value":"('css selector', '[id=\"password\"]')"},{"name":"timeout","value":"10"}],"shouldDisplayMessage":false,"stepsCount":1,"attachmentsCount":0,"hasContent":true,"attachmentStep":false}],"attachments":[],"parameters":[],"shouldDisplayMessage":false,"stepsCount":2,"attachmentsCount":0,"hasContent":true,"attachmentStep":false}],"attachments":[],"parameters":[{"name":"password_strength_msg","value":"{'strength_password': 'Strong', 'password': '1234qweREe', 'warning_color': '#c5eeac', 'strength_password_hint': 'Password Strength: Strong', 'warning_password_message': None}"}],"shouldDisplayMessage":false,"stepsCount":3,"attachmentsCount":0,"hasContent":true,"attachmentStep":false}],"attachments":[{"uid":"16e87527e9e5324b","name":"Screenshot","source":"16e87527e9e5324b.png","type":"image/png","size":25664},{"uid":"9986e0bc1c1346cd","name":"HTML source","source":"9986e0bc1c1346cd.html","type":"text/html","size":774}],"parameters":[],"shouldDisplayMessage":true,"stepsCount":4,"attachmentsCount":2,"hasContent":true,"attachmentStep":false},"afterStages":[{"name":"driver::0","time":{"start":1718155229642,"stop":1718155229704,"duration":62},"status":"passed","steps":[],"attachments":[],"parameters":[],"shouldDisplayMessage":false,"stepsCount":0,"attachmentsCount":0,"hasContent":false,"attachmentStep":false},{"name":"clear_allure_result_folder::0","time":{"start":1718157437577,"stop":1718157437577,"duration":0},"status":"passed","steps":[],"attachments":[],"parameters":[],"shouldDisplayMessage":false,"stepsCount":0,"attachmentsCount":0,"hasContent":false,"attachmentStep":false}],"labels":[{"name":"epic","value":"Create An Account"},{"name":"tag","value":"@pytest.mark.xfail(reason='Flaky behavior on CI')"},{"name":"parentSuite","value":"tests"},{"name":"suite","value":"test_create_an_account"},{"name":"subSuite","value":"TestCreateAnAccount"},{"name":"host","value":"fv-az802-720"},{"name":"thread","value":"2834-MainThread"},{"name":"framework","value":"pytest"},{"name":"language","value":"cpython3"},{"name":"package","value":"tests.test_create_an_account"},{"name":"resultFormat","value":"allure2"}],"parameters":[{"name":"password_strength_msg","value":"{'strength_password': 'Strong', 'password': '1234qweREe', 'warning_color': '#c5eeac', 'strength_password_hint': 'Password Strength: Strong', 'warning_password_message': None}"}],"links":[],"hidden":false,"retry":false,"extra":{"severity":"normal","retries":[],"categories":[],"history":{"statistic":{"failed":0,"broken":0,"skipped":1,"passed":3,"unknown":0,"total":4},"items":[{"uid":"c4688b58d330fc85","reportUrl":"https://verafes.github.io/luma_project/338//#testresult/c4688b58d330fc85","status":"passed","statusDetails":"XPASS Flaky behavior on CI","time":{"start":1718068726248,"stop":1718068726650,"duration":402}},{"uid":"5aa46e6dab6fbb58","reportUrl":"https://verafes.github.io/luma_project/337//#testresult/5aa46e6dab6fbb58","status":"passed","statusDetails":"XPASS Flaky behavior on CI","time":{"start":1717982404497,"stop":1717982404737,"duration":240}},{"uid":"c62a6043d9085ac6","reportUrl":"https://verafes.github.io/luma_project/336//#testresult/c62a6043d9085ac6","status":"passed","statusDetails":"XPASS Flaky behavior on CI","time":{"start":1717896260849,"stop":1717896261091,"duration":242}}]},"tags":["@pytest.mark.xfail(reason='Flaky behavior on CI')"]},"source":"26ecde5b71b7d82a.json","parameterValues":["{'strength_password': 'Strong', 'password': '1234qweREe', 'warning_color': '#c5eeac', 'strength_password_hint': 'Password Strength: Strong', 'warning_password_message': None}"]}