{"uid":"5c96b15bf5f094ef","name":"TC 17.01.08 Verify Email field for correct email format","fullName":"tests.test_forgot_your_password.TestForgotYourPassword#test_17_01_08_email_field_for_correct_email_format","historyId":"3ebf87b57adb182c423d4cad56a45f5b","time":{"start":1718155566103,"stop":1718155571214,"duration":5111},"description":"Check error message for incorrect email format in email field","descriptionHtml":"<p>Check error message for incorrect email format in email field</p>\n","status":"broken","statusMessage":"selenium.common.exceptions.TimeoutException: Message: \nStacktrace:\n#0 0x563e854ffe3a <unknown>\n#1 0x563e851e945c <unknown>\n#2 0x563e852355b5 <unknown>\n#3 0x563e85235671 <unknown>\n#4 0x563e85279f14 <unknown>\n#5 0x563e852584dd <unknown>\n#6 0x563e852772cc <unknown>\n#7 0x563e85258253 <unknown>\n#8 0x563e852281c7 <unknown>\n#9 0x563e85228b3e <unknown>\n#10 0x563e854c627b <unknown>\n#11 0x563e854ca327 <unknown>\n#12 0x563e854b2dae <unknown>\n#13 0x563e854cadf2 <unknown>\n#14 0x563e8549774f <unknown>\n#15 0x563e854ef128 <unknown>\n#16 0x563e854ef2fb <unknown>\n#17 0x563e854fef6c <unknown>\n#18 0x7fb026294ac3 <unknown>","statusTrace":"self = <test_forgot_your_password.TestForgotYourPassword object at 0x7f958bf1a990>\ndriver = <selenium.webdriver.chrome.webdriver.WebDriver (session=\"d39cc4b1e19bc23884bb098d2cdc44f6\")>\nforgot_psw_page = <pages.forgot_your_password_page.ForgotYourPasswordPage object at 0x7f958c709950>\n\n    @allure.title('TC 17.01.08 Verify Email field for correct email format')\n    def test_17_01_08_email_field_for_correct_email_format(self, driver, forgot_psw_page):\n        \"\"\"Check error message for incorrect email format in email field\"\"\"\n>       forgot_psw_page.fill_in_forgot_psw_email_field(credentials['incorrect_email'])\n\ntests/test_forgot_your_password.py:76: \n_ _ _ _ _ _ _ _ _ _ _ _ _ _ _ _ _ _ _ _ _ _ _ _ _ _ _ _ _ _ _ _ _ _ _ _ _ _ _ _ \npages/forgot_your_password_page.py:49: in fill_in_forgot_psw_email_field\n    return self.fill_in_field(self.check_forgot_psw_email_field_is_clickable(), email)\npages/forgot_your_password_page.py:36: in check_forgot_psw_email_field_is_clickable\n    return self.element_is_clickable(self.locators.EMAIL)\npages/base_page.py:80: in element_is_clickable\n    return wait(self.driver, timeout).until(EC.element_to_be_clickable(locator))\n_ _ _ _ _ _ _ _ _ _ _ _ _ _ _ _ _ _ _ _ _ _ _ _ _ _ _ _ _ _ _ _ _ _ _ _ _ _ _ _ \n\nself = <selenium.webdriver.support.wait.WebDriverWait (session=\"d39cc4b1e19bc23884bb098d2cdc44f6\")>\nmethod = <function element_to_be_clickable.<locals>._predicate at 0x7f958ab84f40>\nmessage = ''\n\n    def until(self, method, message: str = \"\"):\n        \"\"\"Calls the method provided with the driver as an argument until the \\\n        return value does not evaluate to ``False``.\n    \n        :param method: callable(WebDriver)\n        :param message: optional message for :exc:`TimeoutException`\n        :returns: the result of the last call to `method`\n        :raises: :exc:`selenium.common.exceptions.TimeoutException` if timeout occurs\n        \"\"\"\n        screen = None\n        stacktrace = None\n    \n        end_time = time.monotonic() + self._timeout\n        while True:\n            try:\n                value = method(self._driver)\n                if value:\n                    return value\n            except self._ignored_exceptions as exc:\n                screen = getattr(exc, \"screen\", None)\n                stacktrace = getattr(exc, \"stacktrace\", None)\n            time.sleep(self._poll)\n            if time.monotonic() > end_time:\n                break\n>       raise TimeoutException(message, screen, stacktrace)\nE       selenium.common.exceptions.TimeoutException: Message: \nE       Stacktrace:\nE       #0 0x563e854ffe3a <unknown>\nE       #1 0x563e851e945c <unknown>\nE       #2 0x563e852355b5 <unknown>\nE       #3 0x563e85235671 <unknown>\nE       #4 0x563e85279f14 <unknown>\nE       #5 0x563e852584dd <unknown>\nE       #6 0x563e852772cc <unknown>\nE       #7 0x563e85258253 <unknown>\nE       #8 0x563e852281c7 <unknown>\nE       #9 0x563e85228b3e <unknown>\nE       #10 0x563e854c627b <unknown>\nE       #11 0x563e854ca327 <unknown>\nE       #12 0x563e854b2dae <unknown>\nE       #13 0x563e854cadf2 <unknown>\nE       #14 0x563e8549774f <unknown>\nE       #15 0x563e854ef128 <unknown>\nE       #16 0x563e854ef2fb <unknown>\nE       #17 0x563e854fef6c <unknown>\nE       #18 0x7fb026294ac3 <unknown>\n\n/opt/hostedtoolcache/Python/3.11.9/x64/lib/python3.11/site-packages/selenium/webdriver/support/wait.py:95: TimeoutException","flaky":false,"newFailed":false,"newBroken":true,"newPassed":false,"retriesCount":0,"retriesStatusChange":false,"beforeStages":[{"name":"_session_faker","time":{"start":1718155045618,"stop":1718155045680,"duration":62},"status":"passed","steps":[],"attachments":[],"parameters":[],"shouldDisplayMessage":false,"stepsCount":0,"attachmentsCount":0,"hasContent":false,"attachmentStep":false},{"name":"clear_allure_result_folder","time":{"start":1718155045680,"stop":1718155045680,"duration":0},"status":"passed","steps":[],"attachments":[],"parameters":[],"shouldDisplayMessage":false,"stepsCount":0,"attachmentsCount":0,"hasContent":false,"attachmentStep":false},{"name":"driver","time":{"start":1718155564771,"stop":1718155566036,"duration":1265},"status":"passed","steps":[],"attachments":[],"parameters":[],"shouldDisplayMessage":false,"stepsCount":0,"attachmentsCount":0,"hasContent":false,"attachmentStep":false},{"name":"forgot_psw_page","time":{"start":1718155566036,"stop":1718155566102,"duration":66},"status":"passed","steps":[{"name":"Open a browser","time":{"start":1718155566037,"stop":1718155566102,"duration":65},"status":"passed","steps":[],"attachments":[],"parameters":[],"shouldDisplayMessage":false,"stepsCount":0,"attachmentsCount":0,"hasContent":false,"attachmentStep":false}],"attachments":[],"parameters":[],"shouldDisplayMessage":false,"stepsCount":1,"attachmentsCount":0,"hasContent":true,"attachmentStep":false}],"testStage":{"description":"Check error message for incorrect email format in email field","status":"broken","statusMessage":"selenium.common.exceptions.TimeoutException: Message: \nStacktrace:\n#0 0x563e854ffe3a <unknown>\n#1 0x563e851e945c <unknown>\n#2 0x563e852355b5 <unknown>\n#3 0x563e85235671 <unknown>\n#4 0x563e85279f14 <unknown>\n#5 0x563e852584dd <unknown>\n#6 0x563e852772cc <unknown>\n#7 0x563e85258253 <unknown>\n#8 0x563e852281c7 <unknown>\n#9 0x563e85228b3e <unknown>\n#10 0x563e854c627b <unknown>\n#11 0x563e854ca327 <unknown>\n#12 0x563e854b2dae <unknown>\n#13 0x563e854cadf2 <unknown>\n#14 0x563e8549774f <unknown>\n#15 0x563e854ef128 <unknown>\n#16 0x563e854ef2fb <unknown>\n#17 0x563e854fef6c <unknown>\n#18 0x7fb026294ac3 <unknown>","statusTrace":"self = <test_forgot_your_password.TestForgotYourPassword object at 0x7f958bf1a990>\ndriver = <selenium.webdriver.chrome.webdriver.WebDriver (session=\"d39cc4b1e19bc23884bb098d2cdc44f6\")>\nforgot_psw_page = <pages.forgot_your_password_page.ForgotYourPasswordPage object at 0x7f958c709950>\n\n    @allure.title('TC 17.01.08 Verify Email field for correct email format')\n    def test_17_01_08_email_field_for_correct_email_format(self, driver, forgot_psw_page):\n        \"\"\"Check error message for incorrect email format in email field\"\"\"\n>       forgot_psw_page.fill_in_forgot_psw_email_field(credentials['incorrect_email'])\n\ntests/test_forgot_your_password.py:76: \n_ _ _ _ _ _ _ _ _ _ _ _ _ _ _ _ _ _ _ _ _ _ _ _ _ _ _ _ _ _ _ _ _ _ _ _ _ _ _ _ \npages/forgot_your_password_page.py:49: in fill_in_forgot_psw_email_field\n    return self.fill_in_field(self.check_forgot_psw_email_field_is_clickable(), email)\npages/forgot_your_password_page.py:36: in check_forgot_psw_email_field_is_clickable\n    return self.element_is_clickable(self.locators.EMAIL)\npages/base_page.py:80: in element_is_clickable\n    return wait(self.driver, timeout).until(EC.element_to_be_clickable(locator))\n_ _ _ _ _ _ _ _ _ _ _ _ _ _ _ _ _ _ _ _ _ _ _ _ _ _ _ _ _ _ _ _ _ _ _ _ _ _ _ _ \n\nself = <selenium.webdriver.support.wait.WebDriverWait (session=\"d39cc4b1e19bc23884bb098d2cdc44f6\")>\nmethod = <function element_to_be_clickable.<locals>._predicate at 0x7f958ab84f40>\nmessage = ''\n\n    def until(self, method, message: str = \"\"):\n        \"\"\"Calls the method provided with the driver as an argument until the \\\n        return value does not evaluate to ``False``.\n    \n        :param method: callable(WebDriver)\n        :param message: optional message for :exc:`TimeoutException`\n        :returns: the result of the last call to `method`\n        :raises: :exc:`selenium.common.exceptions.TimeoutException` if timeout occurs\n        \"\"\"\n        screen = None\n        stacktrace = None\n    \n        end_time = time.monotonic() + self._timeout\n        while True:\n            try:\n                value = method(self._driver)\n                if value:\n                    return value\n            except self._ignored_exceptions as exc:\n                screen = getattr(exc, \"screen\", None)\n                stacktrace = getattr(exc, \"stacktrace\", None)\n            time.sleep(self._poll)\n            if time.monotonic() > end_time:\n                break\n>       raise TimeoutException(message, screen, stacktrace)\nE       selenium.common.exceptions.TimeoutException: Message: \nE       Stacktrace:\nE       #0 0x563e854ffe3a <unknown>\nE       #1 0x563e851e945c <unknown>\nE       #2 0x563e852355b5 <unknown>\nE       #3 0x563e85235671 <unknown>\nE       #4 0x563e85279f14 <unknown>\nE       #5 0x563e852584dd <unknown>\nE       #6 0x563e852772cc <unknown>\nE       #7 0x563e85258253 <unknown>\nE       #8 0x563e852281c7 <unknown>\nE       #9 0x563e85228b3e <unknown>\nE       #10 0x563e854c627b <unknown>\nE       #11 0x563e854ca327 <unknown>\nE       #12 0x563e854b2dae <unknown>\nE       #13 0x563e854cadf2 <unknown>\nE       #14 0x563e8549774f <unknown>\nE       #15 0x563e854ef128 <unknown>\nE       #16 0x563e854ef2fb <unknown>\nE       #17 0x563e854fef6c <unknown>\nE       #18 0x7fb026294ac3 <unknown>\n\n/opt/hostedtoolcache/Python/3.11.9/x64/lib/python3.11/site-packages/selenium/webdriver/support/wait.py:95: TimeoutException","steps":[{"name":"Fill in FYP Email field","time":{"start":1718155566103,"stop":1718155571213,"duration":5110},"status":"broken","statusMessage":"selenium.common.exceptions.TimeoutException: Message: \nStacktrace:\n#0 0x563e854ffe3a <unknown>\n#1 0x563e851e945c <unknown>\n#2 0x563e852355b5 <unknown>\n#3 0x563e85235671 <unknown>\n#4 0x563e85279f14 <unknown>\n#5 0x563e852584dd <unknown>\n#6 0x563e852772cc <unknown>\n#7 0x563e85258253 <unknown>\n#8 0x563e852281c7 <unknown>\n#9 0x563e85228b3e <unknown>\n#10 0x563e854c627b <unknown>\n#11 0x563e854ca327 <unknown>\n#12 0x563e854b2dae <unknown>\n#13 0x563e854cadf2 <unknown>\n#14 0x563e8549774f <unknown>\n#15 0x563e854ef128 <unknown>\n#16 0x563e854ef2fb <unknown>\n#17 0x563e854fef6c <unknown>\n#18 0x7fb026294ac3 <unknown>\n\n","statusTrace":"  File \"/opt/hostedtoolcache/Python/3.11.9/x64/lib/python3.11/site-packages/allure_commons/_allure.py\", line 192, in impl\n    return func(*a, **kw)\n           ^^^^^^^^^^^^^^\n  File \"/home/runner/work/luma_project/luma_project/pages/forgot_your_password_page.py\", line 49, in fill_in_forgot_psw_email_field\n    return self.fill_in_field(self.check_forgot_psw_email_field_is_clickable(), email)\n                              ^^^^^^^^^^^^^^^^^^^^^^^^^^^^^^^^^^^^^^^^^^^^^^^^\n  File \"/opt/hostedtoolcache/Python/3.11.9/x64/lib/python3.11/site-packages/allure_commons/_allure.py\", line 192, in impl\n    return func(*a, **kw)\n           ^^^^^^^^^^^^^^\n  File \"/home/runner/work/luma_project/luma_project/pages/forgot_your_password_page.py\", line 36, in check_forgot_psw_email_field_is_clickable\n    return self.element_is_clickable(self.locators.EMAIL)\n           ^^^^^^^^^^^^^^^^^^^^^^^^^^^^^^^^^^^^^^^^^^^^^^\n  File \"/opt/hostedtoolcache/Python/3.11.9/x64/lib/python3.11/site-packages/allure_commons/_allure.py\", line 192, in impl\n    return func(*a, **kw)\n           ^^^^^^^^^^^^^^\n  File \"/home/runner/work/luma_project/luma_project/pages/base_page.py\", line 80, in element_is_clickable\n    return wait(self.driver, timeout).until(EC.element_to_be_clickable(locator))\n           ^^^^^^^^^^^^^^^^^^^^^^^^^^^^^^^^^^^^^^^^^^^^^^^^^^^^^^^^^^^^^^^^^^^^^\n  File \"/opt/hostedtoolcache/Python/3.11.9/x64/lib/python3.11/site-packages/selenium/webdriver/support/wait.py\", line 95, in until\n    raise TimeoutException(message, screen, stacktrace)\n","steps":[{"name":"Check FYP Email field is clickable","time":{"start":1718155566103,"stop":1718155571213,"duration":5110},"status":"broken","statusMessage":"selenium.common.exceptions.TimeoutException: Message: \nStacktrace:\n#0 0x563e854ffe3a <unknown>\n#1 0x563e851e945c <unknown>\n#2 0x563e852355b5 <unknown>\n#3 0x563e85235671 <unknown>\n#4 0x563e85279f14 <unknown>\n#5 0x563e852584dd <unknown>\n#6 0x563e852772cc <unknown>\n#7 0x563e85258253 <unknown>\n#8 0x563e852281c7 <unknown>\n#9 0x563e85228b3e <unknown>\n#10 0x563e854c627b <unknown>\n#11 0x563e854ca327 <unknown>\n#12 0x563e854b2dae <unknown>\n#13 0x563e854cadf2 <unknown>\n#14 0x563e8549774f <unknown>\n#15 0x563e854ef128 <unknown>\n#16 0x563e854ef2fb <unknown>\n#17 0x563e854fef6c <unknown>\n#18 0x7fb026294ac3 <unknown>\n\n","statusTrace":"  File \"/opt/hostedtoolcache/Python/3.11.9/x64/lib/python3.11/site-packages/allure_commons/_allure.py\", line 192, in impl\n    return func(*a, **kw)\n           ^^^^^^^^^^^^^^\n  File \"/home/runner/work/luma_project/luma_project/pages/forgot_your_password_page.py\", line 36, in check_forgot_psw_email_field_is_clickable\n    return self.element_is_clickable(self.locators.EMAIL)\n           ^^^^^^^^^^^^^^^^^^^^^^^^^^^^^^^^^^^^^^^^^^^^^^\n  File \"/opt/hostedtoolcache/Python/3.11.9/x64/lib/python3.11/site-packages/allure_commons/_allure.py\", line 192, in impl\n    return func(*a, **kw)\n           ^^^^^^^^^^^^^^\n  File \"/home/runner/work/luma_project/luma_project/pages/base_page.py\", line 80, in element_is_clickable\n    return wait(self.driver, timeout).until(EC.element_to_be_clickable(locator))\n           ^^^^^^^^^^^^^^^^^^^^^^^^^^^^^^^^^^^^^^^^^^^^^^^^^^^^^^^^^^^^^^^^^^^^^\n  File \"/opt/hostedtoolcache/Python/3.11.9/x64/lib/python3.11/site-packages/selenium/webdriver/support/wait.py\", line 95, in until\n    raise TimeoutException(message, screen, stacktrace)\n","steps":[{"name":"Find clickable elements","time":{"start":1718155566103,"stop":1718155571212,"duration":5109},"status":"broken","statusMessage":"selenium.common.exceptions.TimeoutException: Message: \nStacktrace:\n#0 0x563e854ffe3a <unknown>\n#1 0x563e851e945c <unknown>\n#2 0x563e852355b5 <unknown>\n#3 0x563e85235671 <unknown>\n#4 0x563e85279f14 <unknown>\n#5 0x563e852584dd <unknown>\n#6 0x563e852772cc <unknown>\n#7 0x563e85258253 <unknown>\n#8 0x563e852281c7 <unknown>\n#9 0x563e85228b3e <unknown>\n#10 0x563e854c627b <unknown>\n#11 0x563e854ca327 <unknown>\n#12 0x563e854b2dae <unknown>\n#13 0x563e854cadf2 <unknown>\n#14 0x563e8549774f <unknown>\n#15 0x563e854ef128 <unknown>\n#16 0x563e854ef2fb <unknown>\n#17 0x563e854fef6c <unknown>\n#18 0x7fb026294ac3 <unknown>\n\n","statusTrace":"  File \"/opt/hostedtoolcache/Python/3.11.9/x64/lib/python3.11/site-packages/allure_commons/_allure.py\", line 192, in impl\n    return func(*a, **kw)\n           ^^^^^^^^^^^^^^\n  File \"/home/runner/work/luma_project/luma_project/pages/base_page.py\", line 80, in element_is_clickable\n    return wait(self.driver, timeout).until(EC.element_to_be_clickable(locator))\n           ^^^^^^^^^^^^^^^^^^^^^^^^^^^^^^^^^^^^^^^^^^^^^^^^^^^^^^^^^^^^^^^^^^^^^\n  File \"/opt/hostedtoolcache/Python/3.11.9/x64/lib/python3.11/site-packages/selenium/webdriver/support/wait.py\", line 95, in until\n    raise TimeoutException(message, screen, stacktrace)\n","steps":[],"attachments":[],"parameters":[{"name":"locator","value":"('css selector', '#email_address')"},{"name":"timeout","value":"5"}],"shouldDisplayMessage":true,"stepsCount":0,"attachmentsCount":0,"hasContent":true,"attachmentStep":false}],"attachments":[],"parameters":[],"shouldDisplayMessage":false,"stepsCount":1,"attachmentsCount":0,"hasContent":true,"attachmentStep":false}],"attachments":[],"parameters":[{"name":"email","value":"'testemail.mailinator.com'"}],"shouldDisplayMessage":false,"stepsCount":2,"attachmentsCount":0,"hasContent":true,"attachmentStep":false}],"attachments":[{"uid":"49e273ab0434758c","name":"Screenshot","source":"49e273ab0434758c.png","type":"image/png","size":25664},{"uid":"83e1cfc48acf2504","name":"HTML source","source":"83e1cfc48acf2504.html","type":"text/html","size":774}],"parameters":[],"shouldDisplayMessage":true,"stepsCount":3,"attachmentsCount":2,"hasContent":true,"attachmentStep":false},"afterStages":[{"name":"driver::0","time":{"start":1718155571324,"stop":1718155571387,"duration":63},"status":"passed","steps":[],"attachments":[],"parameters":[],"shouldDisplayMessage":false,"stepsCount":0,"attachmentsCount":0,"hasContent":false,"attachmentStep":false},{"name":"clear_allure_result_folder::0","time":{"start":1718157437577,"stop":1718157437577,"duration":0},"status":"passed","steps":[],"attachments":[],"parameters":[],"shouldDisplayMessage":false,"stepsCount":0,"attachmentsCount":0,"hasContent":false,"attachmentStep":false}],"labels":[{"name":"epic","value":"Forgot Your Password Page"},{"name":"parentSuite","value":"tests"},{"name":"suite","value":"test_forgot_your_password"},{"name":"subSuite","value":"TestForgotYourPassword"},{"name":"host","value":"fv-az802-720"},{"name":"thread","value":"2834-MainThread"},{"name":"framework","value":"pytest"},{"name":"language","value":"cpython3"},{"name":"package","value":"tests.test_forgot_your_password"},{"name":"resultFormat","value":"allure2"}],"parameters":[],"links":[],"hidden":false,"retry":false,"extra":{"severity":"normal","retries":[],"categories":[{"name":"Test defects","matchedStatuses":[],"flaky":false}],"history":{"statistic":{"failed":0,"broken":1,"skipped":0,"passed":3,"unknown":0,"total":4},"items":[{"uid":"f660e2f3b4e2c465","reportUrl":"https://verafes.github.io/luma_project/338//#testresult/f660e2f3b4e2c465","status":"passed","time":{"start":1718068859547,"stop":1718068859748,"duration":201}},{"uid":"dd9ffc18824af7ac","reportUrl":"https://verafes.github.io/luma_project/337//#testresult/dd9ffc18824af7ac","status":"passed","time":{"start":1717982548839,"stop":1717982549009,"duration":170}},{"uid":"d21234a063ef723","reportUrl":"https://verafes.github.io/luma_project/336//#testresult/d21234a063ef723","status":"passed","time":{"start":1717896424610,"stop":1717896424788,"duration":178}}]},"tags":[]},"source":"5c96b15bf5f094ef.json","parameterValues":[]}