{"uid":"98103b85ab656201","name":"TC 13.02.01 - Check the section 1 link in the Promo Block leads to the correct page","fullName":"tests.test_main_page.TestPromoBlock#test_tc_13_02_01_check_section1_link","historyId":"a47cb2ba5354275b82f581d253953037","time":{"start":1718156347535,"stop":1718156352723,"duration":5188},"description":"Check that link in section 1 is correct","descriptionHtml":"<p>Check that link in section 1 is correct</p>\n","status":"broken","statusMessage":"selenium.common.exceptions.TimeoutException: Message: \nStacktrace:\n#0 0x565045a98e3a <unknown>\n#1 0x56504578245c <unknown>\n#2 0x5650457ce5b5 <unknown>\n#3 0x5650457ce671 <unknown>\n#4 0x565045812f14 <unknown>\n#5 0x5650457f14dd <unknown>\n#6 0x5650458102cc <unknown>\n#7 0x5650457f1253 <unknown>\n#8 0x5650457c11c7 <unknown>\n#9 0x5650457c1b3e <unknown>\n#10 0x565045a5f27b <unknown>\n#11 0x565045a63327 <unknown>\n#12 0x565045a4bdae <unknown>\n#13 0x565045a63df2 <unknown>\n#14 0x565045a3074f <unknown>\n#15 0x565045a88128 <unknown>\n#16 0x565045a882fb <unknown>\n#17 0x565045a97f6c <unknown>\n#18 0x7f9a21e94ac3 <unknown>","statusTrace":"self = <test_main_page.TestMainPage.TestPromoBlock object at 0x7f958c5de890>\ndriver = <selenium.webdriver.chrome.webdriver.WebDriver (session=\"ecac165b61237e3ab0b971c051743f78\")>\n\n    @allure.title(\"TC 13.02.01 - Check the section 1 link in the Promo Block leads to the correct page\")\n    def test_tc_13_02_01_check_section1_link(self, driver):\n        \"\"\"Check that link in section 1 is correct\"\"\"\n        page = PromoBlock(driver, MAIN_PAGE_URL)\n        page.open()\n>       page.check_section1_link()\n\ntests/test_main_page.py:689: \n_ _ _ _ _ _ _ _ _ _ _ _ _ _ _ _ _ _ _ _ _ _ _ _ _ _ _ _ _ _ _ _ _ _ _ _ _ _ _ _ \npages/main_page.py:358: in check_section1_link\n    section1 = self.element_is_visible(self.locators.SECTION_1)\npages/base_page.py:29: in element_is_visible\n    self.go_to_element(self.element_is_present(locator))\npages/base_page.py:50: in element_is_present\n    return wait(self.driver, timeout).until(EC.presence_of_element_located(locator))\n_ _ _ _ _ _ _ _ _ _ _ _ _ _ _ _ _ _ _ _ _ _ _ _ _ _ _ _ _ _ _ _ _ _ _ _ _ _ _ _ \n\nself = <selenium.webdriver.support.wait.WebDriverWait (session=\"ecac165b61237e3ab0b971c051743f78\")>\nmethod = <function presence_of_element_located.<locals>._predicate at 0x7f958c7f0f40>\nmessage = ''\n\n    def until(self, method, message: str = \"\"):\n        \"\"\"Calls the method provided with the driver as an argument until the \\\n        return value does not evaluate to ``False``.\n    \n        :param method: callable(WebDriver)\n        :param message: optional message for :exc:`TimeoutException`\n        :returns: the result of the last call to `method`\n        :raises: :exc:`selenium.common.exceptions.TimeoutException` if timeout occurs\n        \"\"\"\n        screen = None\n        stacktrace = None\n    \n        end_time = time.monotonic() + self._timeout\n        while True:\n            try:\n                value = method(self._driver)\n                if value:\n                    return value\n            except self._ignored_exceptions as exc:\n                screen = getattr(exc, \"screen\", None)\n                stacktrace = getattr(exc, \"stacktrace\", None)\n            time.sleep(self._poll)\n            if time.monotonic() > end_time:\n                break\n>       raise TimeoutException(message, screen, stacktrace)\nE       selenium.common.exceptions.TimeoutException: Message: \nE       Stacktrace:\nE       #0 0x565045a98e3a <unknown>\nE       #1 0x56504578245c <unknown>\nE       #2 0x5650457ce5b5 <unknown>\nE       #3 0x5650457ce671 <unknown>\nE       #4 0x565045812f14 <unknown>\nE       #5 0x5650457f14dd <unknown>\nE       #6 0x5650458102cc <unknown>\nE       #7 0x5650457f1253 <unknown>\nE       #8 0x5650457c11c7 <unknown>\nE       #9 0x5650457c1b3e <unknown>\nE       #10 0x565045a5f27b <unknown>\nE       #11 0x565045a63327 <unknown>\nE       #12 0x565045a4bdae <unknown>\nE       #13 0x565045a63df2 <unknown>\nE       #14 0x565045a3074f <unknown>\nE       #15 0x565045a88128 <unknown>\nE       #16 0x565045a882fb <unknown>\nE       #17 0x565045a97f6c <unknown>\nE       #18 0x7f9a21e94ac3 <unknown>\n\n/opt/hostedtoolcache/Python/3.11.9/x64/lib/python3.11/site-packages/selenium/webdriver/support/wait.py:95: TimeoutException","flaky":false,"newFailed":false,"newBroken":true,"newPassed":false,"retriesCount":0,"retriesStatusChange":false,"beforeStages":[{"name":"_session_faker","time":{"start":1718155045618,"stop":1718155045680,"duration":62},"status":"passed","steps":[],"attachments":[],"parameters":[],"shouldDisplayMessage":false,"stepsCount":0,"attachmentsCount":0,"hasContent":false,"attachmentStep":false},{"name":"clear_allure_result_folder","time":{"start":1718155045680,"stop":1718155045680,"duration":0},"status":"passed","steps":[],"attachments":[],"parameters":[],"shouldDisplayMessage":false,"stepsCount":0,"attachmentsCount":0,"hasContent":false,"attachmentStep":false},{"name":"driver","time":{"start":1718156346265,"stop":1718156347534,"duration":1269},"status":"passed","steps":[],"attachments":[],"parameters":[],"shouldDisplayMessage":false,"stepsCount":0,"attachmentsCount":0,"hasContent":false,"attachmentStep":false}],"testStage":{"description":"Check that link in section 1 is correct","status":"broken","statusMessage":"selenium.common.exceptions.TimeoutException: Message: \nStacktrace:\n#0 0x565045a98e3a <unknown>\n#1 0x56504578245c <unknown>\n#2 0x5650457ce5b5 <unknown>\n#3 0x5650457ce671 <unknown>\n#4 0x565045812f14 <unknown>\n#5 0x5650457f14dd <unknown>\n#6 0x5650458102cc <unknown>\n#7 0x5650457f1253 <unknown>\n#8 0x5650457c11c7 <unknown>\n#9 0x5650457c1b3e <unknown>\n#10 0x565045a5f27b <unknown>\n#11 0x565045a63327 <unknown>\n#12 0x565045a4bdae <unknown>\n#13 0x565045a63df2 <unknown>\n#14 0x565045a3074f <unknown>\n#15 0x565045a88128 <unknown>\n#16 0x565045a882fb <unknown>\n#17 0x565045a97f6c <unknown>\n#18 0x7f9a21e94ac3 <unknown>","statusTrace":"self = <test_main_page.TestMainPage.TestPromoBlock object at 0x7f958c5de890>\ndriver = <selenium.webdriver.chrome.webdriver.WebDriver (session=\"ecac165b61237e3ab0b971c051743f78\")>\n\n    @allure.title(\"TC 13.02.01 - Check the section 1 link in the Promo Block leads to the correct page\")\n    def test_tc_13_02_01_check_section1_link(self, driver):\n        \"\"\"Check that link in section 1 is correct\"\"\"\n        page = PromoBlock(driver, MAIN_PAGE_URL)\n        page.open()\n>       page.check_section1_link()\n\ntests/test_main_page.py:689: \n_ _ _ _ _ _ _ _ _ _ _ _ _ _ _ _ _ _ _ _ _ _ _ _ _ _ _ _ _ _ _ _ _ _ _ _ _ _ _ _ \npages/main_page.py:358: in check_section1_link\n    section1 = self.element_is_visible(self.locators.SECTION_1)\npages/base_page.py:29: in element_is_visible\n    self.go_to_element(self.element_is_present(locator))\npages/base_page.py:50: in element_is_present\n    return wait(self.driver, timeout).until(EC.presence_of_element_located(locator))\n_ _ _ _ _ _ _ _ _ _ _ _ _ _ _ _ _ _ _ _ _ _ _ _ _ _ _ _ _ _ _ _ _ _ _ _ _ _ _ _ \n\nself = <selenium.webdriver.support.wait.WebDriverWait (session=\"ecac165b61237e3ab0b971c051743f78\")>\nmethod = <function presence_of_element_located.<locals>._predicate at 0x7f958c7f0f40>\nmessage = ''\n\n    def until(self, method, message: str = \"\"):\n        \"\"\"Calls the method provided with the driver as an argument until the \\\n        return value does not evaluate to ``False``.\n    \n        :param method: callable(WebDriver)\n        :param message: optional message for :exc:`TimeoutException`\n        :returns: the result of the last call to `method`\n        :raises: :exc:`selenium.common.exceptions.TimeoutException` if timeout occurs\n        \"\"\"\n        screen = None\n        stacktrace = None\n    \n        end_time = time.monotonic() + self._timeout\n        while True:\n            try:\n                value = method(self._driver)\n                if value:\n                    return value\n            except self._ignored_exceptions as exc:\n                screen = getattr(exc, \"screen\", None)\n                stacktrace = getattr(exc, \"stacktrace\", None)\n            time.sleep(self._poll)\n            if time.monotonic() > end_time:\n                break\n>       raise TimeoutException(message, screen, stacktrace)\nE       selenium.common.exceptions.TimeoutException: Message: \nE       Stacktrace:\nE       #0 0x565045a98e3a <unknown>\nE       #1 0x56504578245c <unknown>\nE       #2 0x5650457ce5b5 <unknown>\nE       #3 0x5650457ce671 <unknown>\nE       #4 0x565045812f14 <unknown>\nE       #5 0x5650457f14dd <unknown>\nE       #6 0x5650458102cc <unknown>\nE       #7 0x5650457f1253 <unknown>\nE       #8 0x5650457c11c7 <unknown>\nE       #9 0x5650457c1b3e <unknown>\nE       #10 0x565045a5f27b <unknown>\nE       #11 0x565045a63327 <unknown>\nE       #12 0x565045a4bdae <unknown>\nE       #13 0x565045a63df2 <unknown>\nE       #14 0x565045a3074f <unknown>\nE       #15 0x565045a88128 <unknown>\nE       #16 0x565045a882fb <unknown>\nE       #17 0x565045a97f6c <unknown>\nE       #18 0x7f9a21e94ac3 <unknown>\n\n/opt/hostedtoolcache/Python/3.11.9/x64/lib/python3.11/site-packages/selenium/webdriver/support/wait.py:95: TimeoutException","steps":[{"name":"Open a browser","time":{"start":1718156347535,"stop":1718156347613,"duration":78},"status":"passed","steps":[],"attachments":[],"parameters":[],"shouldDisplayMessage":false,"stepsCount":0,"attachmentsCount":0,"hasContent":false,"attachmentStep":false},{"name":"Check the link in section 1 in the Promo Block leads to the correct page","time":{"start":1718156347613,"stop":1718156352723,"duration":5110},"status":"broken","statusMessage":"selenium.common.exceptions.TimeoutException: Message: \nStacktrace:\n#0 0x565045a98e3a <unknown>\n#1 0x56504578245c <unknown>\n#2 0x5650457ce5b5 <unknown>\n#3 0x5650457ce671 <unknown>\n#4 0x565045812f14 <unknown>\n#5 0x5650457f14dd <unknown>\n#6 0x5650458102cc <unknown>\n#7 0x5650457f1253 <unknown>\n#8 0x5650457c11c7 <unknown>\n#9 0x5650457c1b3e <unknown>\n#10 0x565045a5f27b <unknown>\n#11 0x565045a63327 <unknown>\n#12 0x565045a4bdae <unknown>\n#13 0x565045a63df2 <unknown>\n#14 0x565045a3074f <unknown>\n#15 0x565045a88128 <unknown>\n#16 0x565045a882fb <unknown>\n#17 0x565045a97f6c <unknown>\n#18 0x7f9a21e94ac3 <unknown>\n\n","statusTrace":"  File \"/opt/hostedtoolcache/Python/3.11.9/x64/lib/python3.11/site-packages/allure_commons/_allure.py\", line 192, in impl\n    return func(*a, **kw)\n           ^^^^^^^^^^^^^^\n  File \"/home/runner/work/luma_project/luma_project/pages/main_page.py\", line 358, in check_section1_link\n    section1 = self.element_is_visible(self.locators.SECTION_1)\n               ^^^^^^^^^^^^^^^^^^^^^^^^^^^^^^^^^^^^^^^^^^^^^^^^\n  File \"/opt/hostedtoolcache/Python/3.11.9/x64/lib/python3.11/site-packages/allure_commons/_allure.py\", line 192, in impl\n    return func(*a, **kw)\n           ^^^^^^^^^^^^^^\n  File \"/home/runner/work/luma_project/luma_project/pages/base_page.py\", line 29, in element_is_visible\n    self.go_to_element(self.element_is_present(locator))\n                       ^^^^^^^^^^^^^^^^^^^^^^^^^^^^^^^^\n  File \"/opt/hostedtoolcache/Python/3.11.9/x64/lib/python3.11/site-packages/allure_commons/_allure.py\", line 192, in impl\n    return func(*a, **kw)\n           ^^^^^^^^^^^^^^\n  File \"/home/runner/work/luma_project/luma_project/pages/base_page.py\", line 50, in element_is_present\n    return wait(self.driver, timeout).until(EC.presence_of_element_located(locator))\n           ^^^^^^^^^^^^^^^^^^^^^^^^^^^^^^^^^^^^^^^^^^^^^^^^^^^^^^^^^^^^^^^^^^^^^^^^^\n  File \"/opt/hostedtoolcache/Python/3.11.9/x64/lib/python3.11/site-packages/selenium/webdriver/support/wait.py\", line 95, in until\n    raise TimeoutException(message, screen, stacktrace)\n","steps":[{"name":"Find a visible element","time":{"start":1718156347614,"stop":1718156352723,"duration":5109},"status":"broken","statusMessage":"selenium.common.exceptions.TimeoutException: Message: \nStacktrace:\n#0 0x565045a98e3a <unknown>\n#1 0x56504578245c <unknown>\n#2 0x5650457ce5b5 <unknown>\n#3 0x5650457ce671 <unknown>\n#4 0x565045812f14 <unknown>\n#5 0x5650457f14dd <unknown>\n#6 0x5650458102cc <unknown>\n#7 0x5650457f1253 <unknown>\n#8 0x5650457c11c7 <unknown>\n#9 0x5650457c1b3e <unknown>\n#10 0x565045a5f27b <unknown>\n#11 0x565045a63327 <unknown>\n#12 0x565045a4bdae <unknown>\n#13 0x565045a63df2 <unknown>\n#14 0x565045a3074f <unknown>\n#15 0x565045a88128 <unknown>\n#16 0x565045a882fb <unknown>\n#17 0x565045a97f6c <unknown>\n#18 0x7f9a21e94ac3 <unknown>\n\n","statusTrace":"  File \"/opt/hostedtoolcache/Python/3.11.9/x64/lib/python3.11/site-packages/allure_commons/_allure.py\", line 192, in impl\n    return func(*a, **kw)\n           ^^^^^^^^^^^^^^\n  File \"/home/runner/work/luma_project/luma_project/pages/base_page.py\", line 29, in element_is_visible\n    self.go_to_element(self.element_is_present(locator))\n                       ^^^^^^^^^^^^^^^^^^^^^^^^^^^^^^^^\n  File \"/opt/hostedtoolcache/Python/3.11.9/x64/lib/python3.11/site-packages/allure_commons/_allure.py\", line 192, in impl\n    return func(*a, **kw)\n           ^^^^^^^^^^^^^^\n  File \"/home/runner/work/luma_project/luma_project/pages/base_page.py\", line 50, in element_is_present\n    return wait(self.driver, timeout).until(EC.presence_of_element_located(locator))\n           ^^^^^^^^^^^^^^^^^^^^^^^^^^^^^^^^^^^^^^^^^^^^^^^^^^^^^^^^^^^^^^^^^^^^^^^^^\n  File \"/opt/hostedtoolcache/Python/3.11.9/x64/lib/python3.11/site-packages/selenium/webdriver/support/wait.py\", line 95, in until\n    raise TimeoutException(message, screen, stacktrace)\n","steps":[{"name":"Find a present element","time":{"start":1718156347614,"stop":1718156352722,"duration":5108},"status":"broken","statusMessage":"selenium.common.exceptions.TimeoutException: Message: \nStacktrace:\n#0 0x565045a98e3a <unknown>\n#1 0x56504578245c <unknown>\n#2 0x5650457ce5b5 <unknown>\n#3 0x5650457ce671 <unknown>\n#4 0x565045812f14 <unknown>\n#5 0x5650457f14dd <unknown>\n#6 0x5650458102cc <unknown>\n#7 0x5650457f1253 <unknown>\n#8 0x5650457c11c7 <unknown>\n#9 0x5650457c1b3e <unknown>\n#10 0x565045a5f27b <unknown>\n#11 0x565045a63327 <unknown>\n#12 0x565045a4bdae <unknown>\n#13 0x565045a63df2 <unknown>\n#14 0x565045a3074f <unknown>\n#15 0x565045a88128 <unknown>\n#16 0x565045a882fb <unknown>\n#17 0x565045a97f6c <unknown>\n#18 0x7f9a21e94ac3 <unknown>\n\n","statusTrace":"  File \"/opt/hostedtoolcache/Python/3.11.9/x64/lib/python3.11/site-packages/allure_commons/_allure.py\", line 192, in impl\n    return func(*a, **kw)\n           ^^^^^^^^^^^^^^\n  File \"/home/runner/work/luma_project/luma_project/pages/base_page.py\", line 50, in element_is_present\n    return wait(self.driver, timeout).until(EC.presence_of_element_located(locator))\n           ^^^^^^^^^^^^^^^^^^^^^^^^^^^^^^^^^^^^^^^^^^^^^^^^^^^^^^^^^^^^^^^^^^^^^^^^^\n  File \"/opt/hostedtoolcache/Python/3.11.9/x64/lib/python3.11/site-packages/selenium/webdriver/support/wait.py\", line 95, in until\n    raise TimeoutException(message, screen, stacktrace)\n","steps":[],"attachments":[],"parameters":[{"name":"locator","value":"('css selector', '.blocks-promo > a')"},{"name":"timeout","value":"5"}],"shouldDisplayMessage":true,"stepsCount":0,"attachmentsCount":0,"hasContent":true,"attachmentStep":false}],"attachments":[],"parameters":[{"name":"locator","value":"('css selector', '.blocks-promo > a')"},{"name":"timeout","value":"10"}],"shouldDisplayMessage":false,"stepsCount":1,"attachmentsCount":0,"hasContent":true,"attachmentStep":false}],"attachments":[],"parameters":[],"shouldDisplayMessage":false,"stepsCount":2,"attachmentsCount":0,"hasContent":true,"attachmentStep":false}],"attachments":[{"uid":"f3e308e92916bce5","name":"Screenshot","source":"f3e308e92916bce5.png","type":"image/png","size":25664},{"uid":"25f46fdc495fd765","name":"HTML source","source":"25f46fdc495fd765.html","type":"text/html","size":774}],"parameters":[],"shouldDisplayMessage":true,"stepsCount":4,"attachmentsCount":2,"hasContent":true,"attachmentStep":false},"afterStages":[{"name":"driver::0","time":{"start":1718156352834,"stop":1718156352897,"duration":63},"status":"passed","steps":[],"attachments":[],"parameters":[],"shouldDisplayMessage":false,"stepsCount":0,"attachmentsCount":0,"hasContent":false,"attachmentStep":false},{"name":"clear_allure_result_folder::0","time":{"start":1718157437577,"stop":1718157437577,"duration":0},"status":"passed","steps":[],"attachments":[],"parameters":[],"shouldDisplayMessage":false,"stepsCount":0,"attachmentsCount":0,"hasContent":false,"attachmentStep":false}],"labels":[{"name":"epic","value":"Main Page"},{"name":"feature","value":"Promo Block Testing"},{"name":"parentSuite","value":"tests"},{"name":"suite","value":"test_main_page"},{"name":"subSuite","value":"TestMainPage"},{"name":"host","value":"fv-az802-720"},{"name":"thread","value":"2834-MainThread"},{"name":"framework","value":"pytest"},{"name":"language","value":"cpython3"},{"name":"package","value":"tests.test_main_page"},{"name":"resultFormat","value":"allure2"}],"parameters":[],"links":[],"hidden":false,"retry":false,"extra":{"severity":"normal","retries":[],"categories":[{"name":"Test defects","matchedStatuses":[],"flaky":false}],"history":{"statistic":{"failed":0,"broken":1,"skipped":0,"passed":3,"unknown":0,"total":4},"items":[{"uid":"2375f18997ffa018","reportUrl":"https://verafes.github.io/luma_project/338//#testresult/2375f18997ffa018","status":"passed","time":{"start":1718069314557,"stop":1718069316105,"duration":1548}},{"uid":"64298a123c0da13d","reportUrl":"https://verafes.github.io/luma_project/337//#testresult/64298a123c0da13d","status":"passed","time":{"start":1717983030590,"stop":1717983032333,"duration":1743}},{"uid":"e407e5597ee9ad87","reportUrl":"https://verafes.github.io/luma_project/336//#testresult/e407e5597ee9ad87","status":"passed","time":{"start":1717896932997,"stop":1717896935604,"duration":2607}}]},"tags":[]},"source":"98103b85ab656201.json","parameterValues":[]}