{"uid":"c0ee477488e38cb2","name":"TC 03.02.02 to 03_02_10 Verify Error on Failed Login with invalid credentials","fullName":"tests.test_sign_in.TestFailedLogin#test_03_02_02_to_10_error_if_login_with_invalid_credentials","historyId":"3333058a43e38a67e1702af7603bd873","time":{"start":1718157298061,"stop":1718157303174,"duration":5113},"description":"Check error on Failed Login with invalid credentials, case-sensitive password and password with spaces","descriptionHtml":"<p>Check error on Failed Login with invalid credentials, case-sensitive password and password with spaces</p>\n","status":"broken","statusMessage":"selenium.common.exceptions.TimeoutException: Message: \nStacktrace:\n#0 0x55c300c55e3a <unknown>\n#1 0x55c30093f45c <unknown>\n#2 0x55c30098b5b5 <unknown>\n#3 0x55c30098b671 <unknown>\n#4 0x55c3009cff14 <unknown>\n#5 0x55c3009ae4dd <unknown>\n#6 0x55c3009cd2cc <unknown>\n#7 0x55c3009ae253 <unknown>\n#8 0x55c30097e1c7 <unknown>\n#9 0x55c30097eb3e <unknown>\n#10 0x55c300c1c27b <unknown>\n#11 0x55c300c20327 <unknown>\n#12 0x55c300c08dae <unknown>\n#13 0x55c300c20df2 <unknown>\n#14 0x55c300bed74f <unknown>\n#15 0x55c300c45128 <unknown>\n#16 0x55c300c452fb <unknown>\n#17 0x55c300c54f6c <unknown>\n#18 0x7f8089894ac3 <unknown>","statusTrace":"self = <test_sign_in.TestFailedLogin object at 0x7f958ab34d90>\ndriver = <selenium.webdriver.chrome.webdriver.WebDriver (session=\"7c86bf34ff184048fbb8ec71b3d0ac0b\")>\nsign_in_page = <pages.sign_in_page.SignInPage object at 0x7f958c1cae10>\nemail = 'teston120@mailinator.com', password = ' Test#12p@ssword'\n\n    @allure.title('TC 03.02.02 to 03_02_10 Verify Error on Failed Login with invalid credentials')\n    @pytest.mark.parametrize('email, password', [LOGIN[i] for i in [1, 2, 6, 8, 9]])\n    def test_03_02_02_to_10_error_if_login_with_invalid_credentials(self, driver, sign_in_page, email, password):\n        \"\"\"Check error on Failed Login with invalid credentials, case-sensitive password and password with spaces\"\"\"\n>       sign_in_page.fill_in_email_field(email)\n\ntests/test_sign_in.py:271: \n_ _ _ _ _ _ _ _ _ _ _ _ _ _ _ _ _ _ _ _ _ _ _ _ _ _ _ _ _ _ _ _ _ _ _ _ _ _ _ _ \npages/sign_in_page.py:54: in fill_in_email_field\n    self.fill_in_field(self.check_customer_email_field_is_clickable(), email)\npages/sign_in_page.py:41: in check_customer_email_field_is_clickable\n    return self.element_is_clickable(self.locators.CUSTOMER_EMAIL)\npages/base_page.py:80: in element_is_clickable\n    return wait(self.driver, timeout).until(EC.element_to_be_clickable(locator))\n_ _ _ _ _ _ _ _ _ _ _ _ _ _ _ _ _ _ _ _ _ _ _ _ _ _ _ _ _ _ _ _ _ _ _ _ _ _ _ _ \n\nself = <selenium.webdriver.support.wait.WebDriverWait (session=\"7c86bf34ff184048fbb8ec71b3d0ac0b\")>\nmethod = <function element_to_be_clickable.<locals>._predicate at 0x7f958c04e3e0>\nmessage = ''\n\n    def until(self, method, message: str = \"\"):\n        \"\"\"Calls the method provided with the driver as an argument until the \\\n        return value does not evaluate to ``False``.\n    \n        :param method: callable(WebDriver)\n        :param message: optional message for :exc:`TimeoutException`\n        :returns: the result of the last call to `method`\n        :raises: :exc:`selenium.common.exceptions.TimeoutException` if timeout occurs\n        \"\"\"\n        screen = None\n        stacktrace = None\n    \n        end_time = time.monotonic() + self._timeout\n        while True:\n            try:\n                value = method(self._driver)\n                if value:\n                    return value\n            except self._ignored_exceptions as exc:\n                screen = getattr(exc, \"screen\", None)\n                stacktrace = getattr(exc, \"stacktrace\", None)\n            time.sleep(self._poll)\n            if time.monotonic() > end_time:\n                break\n>       raise TimeoutException(message, screen, stacktrace)\nE       selenium.common.exceptions.TimeoutException: Message: \nE       Stacktrace:\nE       #0 0x55c300c55e3a <unknown>\nE       #1 0x55c30093f45c <unknown>\nE       #2 0x55c30098b5b5 <unknown>\nE       #3 0x55c30098b671 <unknown>\nE       #4 0x55c3009cff14 <unknown>\nE       #5 0x55c3009ae4dd <unknown>\nE       #6 0x55c3009cd2cc <unknown>\nE       #7 0x55c3009ae253 <unknown>\nE       #8 0x55c30097e1c7 <unknown>\nE       #9 0x55c30097eb3e <unknown>\nE       #10 0x55c300c1c27b <unknown>\nE       #11 0x55c300c20327 <unknown>\nE       #12 0x55c300c08dae <unknown>\nE       #13 0x55c300c20df2 <unknown>\nE       #14 0x55c300bed74f <unknown>\nE       #15 0x55c300c45128 <unknown>\nE       #16 0x55c300c452fb <unknown>\nE       #17 0x55c300c54f6c <unknown>\nE       #18 0x7f8089894ac3 <unknown>\n\n/opt/hostedtoolcache/Python/3.11.9/x64/lib/python3.11/site-packages/selenium/webdriver/support/wait.py:95: TimeoutException","flaky":false,"newFailed":false,"newBroken":true,"newPassed":false,"retriesCount":0,"retriesStatusChange":false,"beforeStages":[{"name":"_session_faker","time":{"start":1718155045618,"stop":1718155045680,"duration":62},"status":"passed","steps":[],"attachments":[],"parameters":[],"shouldDisplayMessage":false,"stepsCount":0,"attachmentsCount":0,"hasContent":false,"attachmentStep":false},{"name":"clear_allure_result_folder","time":{"start":1718155045680,"stop":1718155045680,"duration":0},"status":"passed","steps":[],"attachments":[],"parameters":[],"shouldDisplayMessage":false,"stepsCount":0,"attachmentsCount":0,"hasContent":false,"attachmentStep":false},{"name":"driver","time":{"start":1718157296720,"stop":1718157297990,"duration":1270},"status":"passed","steps":[],"attachments":[],"parameters":[],"shouldDisplayMessage":false,"stepsCount":0,"attachmentsCount":0,"hasContent":false,"attachmentStep":false},{"name":"sign_in_page","time":{"start":1718157297990,"stop":1718157298061,"duration":71},"status":"passed","steps":[{"name":"Open a browser","time":{"start":1718157297990,"stop":1718157298060,"duration":70},"status":"passed","steps":[],"attachments":[],"parameters":[],"shouldDisplayMessage":false,"stepsCount":0,"attachmentsCount":0,"hasContent":false,"attachmentStep":false}],"attachments":[],"parameters":[],"shouldDisplayMessage":false,"stepsCount":1,"attachmentsCount":0,"hasContent":true,"attachmentStep":false}],"testStage":{"description":"Check error on Failed Login with invalid credentials, case-sensitive password and password with spaces","status":"broken","statusMessage":"selenium.common.exceptions.TimeoutException: Message: \nStacktrace:\n#0 0x55c300c55e3a <unknown>\n#1 0x55c30093f45c <unknown>\n#2 0x55c30098b5b5 <unknown>\n#3 0x55c30098b671 <unknown>\n#4 0x55c3009cff14 <unknown>\n#5 0x55c3009ae4dd <unknown>\n#6 0x55c3009cd2cc <unknown>\n#7 0x55c3009ae253 <unknown>\n#8 0x55c30097e1c7 <unknown>\n#9 0x55c30097eb3e <unknown>\n#10 0x55c300c1c27b <unknown>\n#11 0x55c300c20327 <unknown>\n#12 0x55c300c08dae <unknown>\n#13 0x55c300c20df2 <unknown>\n#14 0x55c300bed74f <unknown>\n#15 0x55c300c45128 <unknown>\n#16 0x55c300c452fb <unknown>\n#17 0x55c300c54f6c <unknown>\n#18 0x7f8089894ac3 <unknown>","statusTrace":"self = <test_sign_in.TestFailedLogin object at 0x7f958ab34d90>\ndriver = <selenium.webdriver.chrome.webdriver.WebDriver (session=\"7c86bf34ff184048fbb8ec71b3d0ac0b\")>\nsign_in_page = <pages.sign_in_page.SignInPage object at 0x7f958c1cae10>\nemail = 'teston120@mailinator.com', password = ' Test#12p@ssword'\n\n    @allure.title('TC 03.02.02 to 03_02_10 Verify Error on Failed Login with invalid credentials')\n    @pytest.mark.parametrize('email, password', [LOGIN[i] for i in [1, 2, 6, 8, 9]])\n    def test_03_02_02_to_10_error_if_login_with_invalid_credentials(self, driver, sign_in_page, email, password):\n        \"\"\"Check error on Failed Login with invalid credentials, case-sensitive password and password with spaces\"\"\"\n>       sign_in_page.fill_in_email_field(email)\n\ntests/test_sign_in.py:271: \n_ _ _ _ _ _ _ _ _ _ _ _ _ _ _ _ _ _ _ _ _ _ _ _ _ _ _ _ _ _ _ _ _ _ _ _ _ _ _ _ \npages/sign_in_page.py:54: in fill_in_email_field\n    self.fill_in_field(self.check_customer_email_field_is_clickable(), email)\npages/sign_in_page.py:41: in check_customer_email_field_is_clickable\n    return self.element_is_clickable(self.locators.CUSTOMER_EMAIL)\npages/base_page.py:80: in element_is_clickable\n    return wait(self.driver, timeout).until(EC.element_to_be_clickable(locator))\n_ _ _ _ _ _ _ _ _ _ _ _ _ _ _ _ _ _ _ _ _ _ _ _ _ _ _ _ _ _ _ _ _ _ _ _ _ _ _ _ \n\nself = <selenium.webdriver.support.wait.WebDriverWait (session=\"7c86bf34ff184048fbb8ec71b3d0ac0b\")>\nmethod = <function element_to_be_clickable.<locals>._predicate at 0x7f958c04e3e0>\nmessage = ''\n\n    def until(self, method, message: str = \"\"):\n        \"\"\"Calls the method provided with the driver as an argument until the \\\n        return value does not evaluate to ``False``.\n    \n        :param method: callable(WebDriver)\n        :param message: optional message for :exc:`TimeoutException`\n        :returns: the result of the last call to `method`\n        :raises: :exc:`selenium.common.exceptions.TimeoutException` if timeout occurs\n        \"\"\"\n        screen = None\n        stacktrace = None\n    \n        end_time = time.monotonic() + self._timeout\n        while True:\n            try:\n                value = method(self._driver)\n                if value:\n                    return value\n            except self._ignored_exceptions as exc:\n                screen = getattr(exc, \"screen\", None)\n                stacktrace = getattr(exc, \"stacktrace\", None)\n            time.sleep(self._poll)\n            if time.monotonic() > end_time:\n                break\n>       raise TimeoutException(message, screen, stacktrace)\nE       selenium.common.exceptions.TimeoutException: Message: \nE       Stacktrace:\nE       #0 0x55c300c55e3a <unknown>\nE       #1 0x55c30093f45c <unknown>\nE       #2 0x55c30098b5b5 <unknown>\nE       #3 0x55c30098b671 <unknown>\nE       #4 0x55c3009cff14 <unknown>\nE       #5 0x55c3009ae4dd <unknown>\nE       #6 0x55c3009cd2cc <unknown>\nE       #7 0x55c3009ae253 <unknown>\nE       #8 0x55c30097e1c7 <unknown>\nE       #9 0x55c30097eb3e <unknown>\nE       #10 0x55c300c1c27b <unknown>\nE       #11 0x55c300c20327 <unknown>\nE       #12 0x55c300c08dae <unknown>\nE       #13 0x55c300c20df2 <unknown>\nE       #14 0x55c300bed74f <unknown>\nE       #15 0x55c300c45128 <unknown>\nE       #16 0x55c300c452fb <unknown>\nE       #17 0x55c300c54f6c <unknown>\nE       #18 0x7f8089894ac3 <unknown>\n\n/opt/hostedtoolcache/Python/3.11.9/x64/lib/python3.11/site-packages/selenium/webdriver/support/wait.py:95: TimeoutException","steps":[{"name":"Fill in Email field","time":{"start":1718157298061,"stop":1718157303174,"duration":5113},"status":"broken","statusMessage":"selenium.common.exceptions.TimeoutException: Message: \nStacktrace:\n#0 0x55c300c55e3a <unknown>\n#1 0x55c30093f45c <unknown>\n#2 0x55c30098b5b5 <unknown>\n#3 0x55c30098b671 <unknown>\n#4 0x55c3009cff14 <unknown>\n#5 0x55c3009ae4dd <unknown>\n#6 0x55c3009cd2cc <unknown>\n#7 0x55c3009ae253 <unknown>\n#8 0x55c30097e1c7 <unknown>\n#9 0x55c30097eb3e <unknown>\n#10 0x55c300c1c27b <unknown>\n#11 0x55c300c20327 <unknown>\n#12 0x55c300c08dae <unknown>\n#13 0x55c300c20df2 <unknown>\n#14 0x55c300bed74f <unknown>\n#15 0x55c300c45128 <unknown>\n#16 0x55c300c452fb <unknown>\n#17 0x55c300c54f6c <unknown>\n#18 0x7f8089894ac3 <unknown>\n\n","statusTrace":"  File \"/opt/hostedtoolcache/Python/3.11.9/x64/lib/python3.11/site-packages/allure_commons/_allure.py\", line 192, in impl\n    return func(*a, **kw)\n           ^^^^^^^^^^^^^^\n  File \"/home/runner/work/luma_project/luma_project/pages/sign_in_page.py\", line 54, in fill_in_email_field\n    self.fill_in_field(self.check_customer_email_field_is_clickable(), email)\n                       ^^^^^^^^^^^^^^^^^^^^^^^^^^^^^^^^^^^^^^^^^^^^^^\n  File \"/opt/hostedtoolcache/Python/3.11.9/x64/lib/python3.11/site-packages/allure_commons/_allure.py\", line 192, in impl\n    return func(*a, **kw)\n           ^^^^^^^^^^^^^^\n  File \"/home/runner/work/luma_project/luma_project/pages/sign_in_page.py\", line 41, in check_customer_email_field_is_clickable\n    return self.element_is_clickable(self.locators.CUSTOMER_EMAIL)\n           ^^^^^^^^^^^^^^^^^^^^^^^^^^^^^^^^^^^^^^^^^^^^^^^^^^^^^^^\n  File \"/opt/hostedtoolcache/Python/3.11.9/x64/lib/python3.11/site-packages/allure_commons/_allure.py\", line 192, in impl\n    return func(*a, **kw)\n           ^^^^^^^^^^^^^^\n  File \"/home/runner/work/luma_project/luma_project/pages/base_page.py\", line 80, in element_is_clickable\n    return wait(self.driver, timeout).until(EC.element_to_be_clickable(locator))\n           ^^^^^^^^^^^^^^^^^^^^^^^^^^^^^^^^^^^^^^^^^^^^^^^^^^^^^^^^^^^^^^^^^^^^^\n  File \"/opt/hostedtoolcache/Python/3.11.9/x64/lib/python3.11/site-packages/selenium/webdriver/support/wait.py\", line 95, in until\n    raise TimeoutException(message, screen, stacktrace)\n","steps":[{"name":"Check Email field is clickable","time":{"start":1718157298061,"stop":1718157303174,"duration":5113},"status":"broken","statusMessage":"selenium.common.exceptions.TimeoutException: Message: \nStacktrace:\n#0 0x55c300c55e3a <unknown>\n#1 0x55c30093f45c <unknown>\n#2 0x55c30098b5b5 <unknown>\n#3 0x55c30098b671 <unknown>\n#4 0x55c3009cff14 <unknown>\n#5 0x55c3009ae4dd <unknown>\n#6 0x55c3009cd2cc <unknown>\n#7 0x55c3009ae253 <unknown>\n#8 0x55c30097e1c7 <unknown>\n#9 0x55c30097eb3e <unknown>\n#10 0x55c300c1c27b <unknown>\n#11 0x55c300c20327 <unknown>\n#12 0x55c300c08dae <unknown>\n#13 0x55c300c20df2 <unknown>\n#14 0x55c300bed74f <unknown>\n#15 0x55c300c45128 <unknown>\n#16 0x55c300c452fb <unknown>\n#17 0x55c300c54f6c <unknown>\n#18 0x7f8089894ac3 <unknown>\n\n","statusTrace":"  File \"/opt/hostedtoolcache/Python/3.11.9/x64/lib/python3.11/site-packages/allure_commons/_allure.py\", line 192, in impl\n    return func(*a, **kw)\n           ^^^^^^^^^^^^^^\n  File \"/home/runner/work/luma_project/luma_project/pages/sign_in_page.py\", line 41, in check_customer_email_field_is_clickable\n    return self.element_is_clickable(self.locators.CUSTOMER_EMAIL)\n           ^^^^^^^^^^^^^^^^^^^^^^^^^^^^^^^^^^^^^^^^^^^^^^^^^^^^^^^\n  File \"/opt/hostedtoolcache/Python/3.11.9/x64/lib/python3.11/site-packages/allure_commons/_allure.py\", line 192, in impl\n    return func(*a, **kw)\n           ^^^^^^^^^^^^^^\n  File \"/home/runner/work/luma_project/luma_project/pages/base_page.py\", line 80, in element_is_clickable\n    return wait(self.driver, timeout).until(EC.element_to_be_clickable(locator))\n           ^^^^^^^^^^^^^^^^^^^^^^^^^^^^^^^^^^^^^^^^^^^^^^^^^^^^^^^^^^^^^^^^^^^^^\n  File \"/opt/hostedtoolcache/Python/3.11.9/x64/lib/python3.11/site-packages/selenium/webdriver/support/wait.py\", line 95, in until\n    raise TimeoutException(message, screen, stacktrace)\n","steps":[{"name":"Find clickable elements","time":{"start":1718157298062,"stop":1718157303173,"duration":5111},"status":"broken","statusMessage":"selenium.common.exceptions.TimeoutException: Message: \nStacktrace:\n#0 0x55c300c55e3a <unknown>\n#1 0x55c30093f45c <unknown>\n#2 0x55c30098b5b5 <unknown>\n#3 0x55c30098b671 <unknown>\n#4 0x55c3009cff14 <unknown>\n#5 0x55c3009ae4dd <unknown>\n#6 0x55c3009cd2cc <unknown>\n#7 0x55c3009ae253 <unknown>\n#8 0x55c30097e1c7 <unknown>\n#9 0x55c30097eb3e <unknown>\n#10 0x55c300c1c27b <unknown>\n#11 0x55c300c20327 <unknown>\n#12 0x55c300c08dae <unknown>\n#13 0x55c300c20df2 <unknown>\n#14 0x55c300bed74f <unknown>\n#15 0x55c300c45128 <unknown>\n#16 0x55c300c452fb <unknown>\n#17 0x55c300c54f6c <unknown>\n#18 0x7f8089894ac3 <unknown>\n\n","statusTrace":"  File \"/opt/hostedtoolcache/Python/3.11.9/x64/lib/python3.11/site-packages/allure_commons/_allure.py\", line 192, in impl\n    return func(*a, **kw)\n           ^^^^^^^^^^^^^^\n  File \"/home/runner/work/luma_project/luma_project/pages/base_page.py\", line 80, in element_is_clickable\n    return wait(self.driver, timeout).until(EC.element_to_be_clickable(locator))\n           ^^^^^^^^^^^^^^^^^^^^^^^^^^^^^^^^^^^^^^^^^^^^^^^^^^^^^^^^^^^^^^^^^^^^^\n  File \"/opt/hostedtoolcache/Python/3.11.9/x64/lib/python3.11/site-packages/selenium/webdriver/support/wait.py\", line 95, in until\n    raise TimeoutException(message, screen, stacktrace)\n","steps":[],"attachments":[],"parameters":[{"name":"locator","value":"('css selector', '#email')"},{"name":"timeout","value":"5"}],"shouldDisplayMessage":true,"stepsCount":0,"attachmentsCount":0,"hasContent":true,"attachmentStep":false}],"attachments":[],"parameters":[],"shouldDisplayMessage":false,"stepsCount":1,"attachmentsCount":0,"hasContent":true,"attachmentStep":false}],"attachments":[],"parameters":[{"name":"email","value":"'teston120@mailinator.com'"}],"shouldDisplayMessage":false,"stepsCount":2,"attachmentsCount":0,"hasContent":true,"attachmentStep":false}],"attachments":[{"uid":"7699b192f4def9a0","name":"Screenshot","source":"7699b192f4def9a0.png","type":"image/png","size":25664},{"uid":"8de7e9b8a6912ec1","name":"HTML source","source":"8de7e9b8a6912ec1.html","type":"text/html","size":774}],"parameters":[],"shouldDisplayMessage":true,"stepsCount":3,"attachmentsCount":2,"hasContent":true,"attachmentStep":false},"afterStages":[{"name":"driver::0","time":{"start":1718157303289,"stop":1718157303352,"duration":63},"status":"passed","steps":[],"attachments":[],"parameters":[],"shouldDisplayMessage":false,"stepsCount":0,"attachmentsCount":0,"hasContent":false,"attachmentStep":false},{"name":"clear_allure_result_folder::0","time":{"start":1718157437577,"stop":1718157437577,"duration":0},"status":"passed","steps":[],"attachments":[],"parameters":[],"shouldDisplayMessage":false,"stepsCount":0,"attachmentsCount":0,"hasContent":false,"attachmentStep":false}],"labels":[{"name":"feature","value":"Failed Login Functionality"},{"name":"parentSuite","value":"tests"},{"name":"suite","value":"test_sign_in"},{"name":"subSuite","value":"TestFailedLogin"},{"name":"host","value":"fv-az802-720"},{"name":"thread","value":"2834-MainThread"},{"name":"framework","value":"pytest"},{"name":"language","value":"cpython3"},{"name":"package","value":"tests.test_sign_in"},{"name":"resultFormat","value":"allure2"}],"parameters":[{"name":"email","value":"'teston120@mailinator.com'"},{"name":"password","value":"' Test#12p@ssword'"}],"links":[],"hidden":false,"retry":false,"extra":{"severity":"normal","retries":[],"categories":[{"name":"Test defects","matchedStatuses":[],"flaky":false}],"history":{"statistic":{"failed":0,"broken":1,"skipped":0,"passed":3,"unknown":0,"total":4},"items":[{"uid":"8a1cd14311393be0","reportUrl":"https://verafes.github.io/luma_project/338//#testresult/8a1cd14311393be0","status":"passed","time":{"start":1718069895821,"stop":1718069897553,"duration":1732}},{"uid":"b5f3cc0a1e314966","reportUrl":"https://verafes.github.io/luma_project/337//#testresult/b5f3cc0a1e314966","status":"passed","time":{"start":1717983584119,"stop":1717983585336,"duration":1217}},{"uid":"69f804e1a0a83da5","reportUrl":"https://verafes.github.io/luma_project/336//#testresult/69f804e1a0a83da5","status":"passed","time":{"start":1717897581840,"stop":1717897583251,"duration":1411}}]},"tags":[]},"source":"c0ee477488e38cb2.json","parameterValues":["'teston120@mailinator.com'","' Test#12p@ssword'"]}