{"uid":"d566785f3e333ee1","name":"TC 03.01.08 Verify displayed email matches the entered email in Email field","fullName":"tests.test_sign_in.TestRegisteredCustomers#test_03_01_08_value_in_email_matches","historyId":"0527a5aa90b8948774702f21c0b679c3","time":{"start":1718157072571,"stop":1718157077683,"duration":5112},"description":"Check if the displayed email matches the entered email in Email field","descriptionHtml":"<p>Check if the displayed email matches the entered email in Email field</p>\n","status":"broken","statusMessage":"selenium.common.exceptions.TimeoutException: Message: \nStacktrace:\n#0 0x55e7623d0e3a <unknown>\n#1 0x55e7620ba45c <unknown>\n#2 0x55e7621065b5 <unknown>\n#3 0x55e762106671 <unknown>\n#4 0x55e76214af14 <unknown>\n#5 0x55e7621294dd <unknown>\n#6 0x55e7621482cc <unknown>\n#7 0x55e762129253 <unknown>\n#8 0x55e7620f91c7 <unknown>\n#9 0x55e7620f9b3e <unknown>\n#10 0x55e76239727b <unknown>\n#11 0x55e76239b327 <unknown>\n#12 0x55e762383dae <unknown>\n#13 0x55e76239bdf2 <unknown>\n#14 0x55e76236874f <unknown>\n#15 0x55e7623c0128 <unknown>\n#16 0x55e7623c02fb <unknown>\n#17 0x55e7623cff6c <unknown>\n#18 0x7f47e2e94ac3 <unknown>","statusTrace":"self = <test_sign_in.TestRegisteredCustomers object at 0x7f958aa80750>\ndriver = <selenium.webdriver.chrome.webdriver.WebDriver (session=\"6d6b733cc1e6600b143f66463c7ec458\")>\nsign_in_page = <pages.sign_in_page.SignInPage object at 0x7f958c83ea10>\n\n    @allure.title('TC 03.01.08 Verify displayed email matches the entered email in Email field')\n    def test_03_01_08_value_in_email_matches(self, driver, sign_in_page):\n        \"\"\"Check if the displayed email matches the entered email in Email field\"\"\"\n>       sign_in_page.fill_in_email_field(credentials['email'])\n\ntests/test_sign_in.py:78: \n_ _ _ _ _ _ _ _ _ _ _ _ _ _ _ _ _ _ _ _ _ _ _ _ _ _ _ _ _ _ _ _ _ _ _ _ _ _ _ _ \npages/sign_in_page.py:54: in fill_in_email_field\n    self.fill_in_field(self.check_customer_email_field_is_clickable(), email)\npages/sign_in_page.py:41: in check_customer_email_field_is_clickable\n    return self.element_is_clickable(self.locators.CUSTOMER_EMAIL)\npages/base_page.py:80: in element_is_clickable\n    return wait(self.driver, timeout).until(EC.element_to_be_clickable(locator))\n_ _ _ _ _ _ _ _ _ _ _ _ _ _ _ _ _ _ _ _ _ _ _ _ _ _ _ _ _ _ _ _ _ _ _ _ _ _ _ _ \n\nself = <selenium.webdriver.support.wait.WebDriverWait (session=\"6d6b733cc1e6600b143f66463c7ec458\")>\nmethod = <function element_to_be_clickable.<locals>._predicate at 0x7f958c0709a0>\nmessage = ''\n\n    def until(self, method, message: str = \"\"):\n        \"\"\"Calls the method provided with the driver as an argument until the \\\n        return value does not evaluate to ``False``.\n    \n        :param method: callable(WebDriver)\n        :param message: optional message for :exc:`TimeoutException`\n        :returns: the result of the last call to `method`\n        :raises: :exc:`selenium.common.exceptions.TimeoutException` if timeout occurs\n        \"\"\"\n        screen = None\n        stacktrace = None\n    \n        end_time = time.monotonic() + self._timeout\n        while True:\n            try:\n                value = method(self._driver)\n                if value:\n                    return value\n            except self._ignored_exceptions as exc:\n                screen = getattr(exc, \"screen\", None)\n                stacktrace = getattr(exc, \"stacktrace\", None)\n            time.sleep(self._poll)\n            if time.monotonic() > end_time:\n                break\n>       raise TimeoutException(message, screen, stacktrace)\nE       selenium.common.exceptions.TimeoutException: Message: \nE       Stacktrace:\nE       #0 0x55e7623d0e3a <unknown>\nE       #1 0x55e7620ba45c <unknown>\nE       #2 0x55e7621065b5 <unknown>\nE       #3 0x55e762106671 <unknown>\nE       #4 0x55e76214af14 <unknown>\nE       #5 0x55e7621294dd <unknown>\nE       #6 0x55e7621482cc <unknown>\nE       #7 0x55e762129253 <unknown>\nE       #8 0x55e7620f91c7 <unknown>\nE       #9 0x55e7620f9b3e <unknown>\nE       #10 0x55e76239727b <unknown>\nE       #11 0x55e76239b327 <unknown>\nE       #12 0x55e762383dae <unknown>\nE       #13 0x55e76239bdf2 <unknown>\nE       #14 0x55e76236874f <unknown>\nE       #15 0x55e7623c0128 <unknown>\nE       #16 0x55e7623c02fb <unknown>\nE       #17 0x55e7623cff6c <unknown>\nE       #18 0x7f47e2e94ac3 <unknown>\n\n/opt/hostedtoolcache/Python/3.11.9/x64/lib/python3.11/site-packages/selenium/webdriver/support/wait.py:95: TimeoutException","flaky":false,"newFailed":false,"newBroken":true,"newPassed":false,"retriesCount":0,"retriesStatusChange":false,"beforeStages":[{"name":"_session_faker","time":{"start":1718155045618,"stop":1718155045680,"duration":62},"status":"passed","steps":[],"attachments":[],"parameters":[],"shouldDisplayMessage":false,"stepsCount":0,"attachmentsCount":0,"hasContent":false,"attachmentStep":false},{"name":"clear_allure_result_folder","time":{"start":1718155045680,"stop":1718155045680,"duration":0},"status":"passed","steps":[],"attachments":[],"parameters":[],"shouldDisplayMessage":false,"stepsCount":0,"attachmentsCount":0,"hasContent":false,"attachmentStep":false},{"name":"driver","time":{"start":1718157071217,"stop":1718157072498,"duration":1281},"status":"passed","steps":[],"attachments":[],"parameters":[],"shouldDisplayMessage":false,"stepsCount":0,"attachmentsCount":0,"hasContent":false,"attachmentStep":false},{"name":"sign_in_page","time":{"start":1718157072498,"stop":1718157072570,"duration":72},"status":"passed","steps":[{"name":"Open a browser","time":{"start":1718157072498,"stop":1718157072570,"duration":72},"status":"passed","steps":[],"attachments":[],"parameters":[],"shouldDisplayMessage":false,"stepsCount":0,"attachmentsCount":0,"hasContent":false,"attachmentStep":false}],"attachments":[],"parameters":[],"shouldDisplayMessage":false,"stepsCount":1,"attachmentsCount":0,"hasContent":true,"attachmentStep":false}],"testStage":{"description":"Check if the displayed email matches the entered email in Email field","status":"broken","statusMessage":"selenium.common.exceptions.TimeoutException: Message: \nStacktrace:\n#0 0x55e7623d0e3a <unknown>\n#1 0x55e7620ba45c <unknown>\n#2 0x55e7621065b5 <unknown>\n#3 0x55e762106671 <unknown>\n#4 0x55e76214af14 <unknown>\n#5 0x55e7621294dd <unknown>\n#6 0x55e7621482cc <unknown>\n#7 0x55e762129253 <unknown>\n#8 0x55e7620f91c7 <unknown>\n#9 0x55e7620f9b3e <unknown>\n#10 0x55e76239727b <unknown>\n#11 0x55e76239b327 <unknown>\n#12 0x55e762383dae <unknown>\n#13 0x55e76239bdf2 <unknown>\n#14 0x55e76236874f <unknown>\n#15 0x55e7623c0128 <unknown>\n#16 0x55e7623c02fb <unknown>\n#17 0x55e7623cff6c <unknown>\n#18 0x7f47e2e94ac3 <unknown>","statusTrace":"self = <test_sign_in.TestRegisteredCustomers object at 0x7f958aa80750>\ndriver = <selenium.webdriver.chrome.webdriver.WebDriver (session=\"6d6b733cc1e6600b143f66463c7ec458\")>\nsign_in_page = <pages.sign_in_page.SignInPage object at 0x7f958c83ea10>\n\n    @allure.title('TC 03.01.08 Verify displayed email matches the entered email in Email field')\n    def test_03_01_08_value_in_email_matches(self, driver, sign_in_page):\n        \"\"\"Check if the displayed email matches the entered email in Email field\"\"\"\n>       sign_in_page.fill_in_email_field(credentials['email'])\n\ntests/test_sign_in.py:78: \n_ _ _ _ _ _ _ _ _ _ _ _ _ _ _ _ _ _ _ _ _ _ _ _ _ _ _ _ _ _ _ _ _ _ _ _ _ _ _ _ \npages/sign_in_page.py:54: in fill_in_email_field\n    self.fill_in_field(self.check_customer_email_field_is_clickable(), email)\npages/sign_in_page.py:41: in check_customer_email_field_is_clickable\n    return self.element_is_clickable(self.locators.CUSTOMER_EMAIL)\npages/base_page.py:80: in element_is_clickable\n    return wait(self.driver, timeout).until(EC.element_to_be_clickable(locator))\n_ _ _ _ _ _ _ _ _ _ _ _ _ _ _ _ _ _ _ _ _ _ _ _ _ _ _ _ _ _ _ _ _ _ _ _ _ _ _ _ \n\nself = <selenium.webdriver.support.wait.WebDriverWait (session=\"6d6b733cc1e6600b143f66463c7ec458\")>\nmethod = <function element_to_be_clickable.<locals>._predicate at 0x7f958c0709a0>\nmessage = ''\n\n    def until(self, method, message: str = \"\"):\n        \"\"\"Calls the method provided with the driver as an argument until the \\\n        return value does not evaluate to ``False``.\n    \n        :param method: callable(WebDriver)\n        :param message: optional message for :exc:`TimeoutException`\n        :returns: the result of the last call to `method`\n        :raises: :exc:`selenium.common.exceptions.TimeoutException` if timeout occurs\n        \"\"\"\n        screen = None\n        stacktrace = None\n    \n        end_time = time.monotonic() + self._timeout\n        while True:\n            try:\n                value = method(self._driver)\n                if value:\n                    return value\n            except self._ignored_exceptions as exc:\n                screen = getattr(exc, \"screen\", None)\n                stacktrace = getattr(exc, \"stacktrace\", None)\n            time.sleep(self._poll)\n            if time.monotonic() > end_time:\n                break\n>       raise TimeoutException(message, screen, stacktrace)\nE       selenium.common.exceptions.TimeoutException: Message: \nE       Stacktrace:\nE       #0 0x55e7623d0e3a <unknown>\nE       #1 0x55e7620ba45c <unknown>\nE       #2 0x55e7621065b5 <unknown>\nE       #3 0x55e762106671 <unknown>\nE       #4 0x55e76214af14 <unknown>\nE       #5 0x55e7621294dd <unknown>\nE       #6 0x55e7621482cc <unknown>\nE       #7 0x55e762129253 <unknown>\nE       #8 0x55e7620f91c7 <unknown>\nE       #9 0x55e7620f9b3e <unknown>\nE       #10 0x55e76239727b <unknown>\nE       #11 0x55e76239b327 <unknown>\nE       #12 0x55e762383dae <unknown>\nE       #13 0x55e76239bdf2 <unknown>\nE       #14 0x55e76236874f <unknown>\nE       #15 0x55e7623c0128 <unknown>\nE       #16 0x55e7623c02fb <unknown>\nE       #17 0x55e7623cff6c <unknown>\nE       #18 0x7f47e2e94ac3 <unknown>\n\n/opt/hostedtoolcache/Python/3.11.9/x64/lib/python3.11/site-packages/selenium/webdriver/support/wait.py:95: TimeoutException","steps":[{"name":"Fill in Email field","time":{"start":1718157072571,"stop":1718157077683,"duration":5112},"status":"broken","statusMessage":"selenium.common.exceptions.TimeoutException: Message: \nStacktrace:\n#0 0x55e7623d0e3a <unknown>\n#1 0x55e7620ba45c <unknown>\n#2 0x55e7621065b5 <unknown>\n#3 0x55e762106671 <unknown>\n#4 0x55e76214af14 <unknown>\n#5 0x55e7621294dd <unknown>\n#6 0x55e7621482cc <unknown>\n#7 0x55e762129253 <unknown>\n#8 0x55e7620f91c7 <unknown>\n#9 0x55e7620f9b3e <unknown>\n#10 0x55e76239727b <unknown>\n#11 0x55e76239b327 <unknown>\n#12 0x55e762383dae <unknown>\n#13 0x55e76239bdf2 <unknown>\n#14 0x55e76236874f <unknown>\n#15 0x55e7623c0128 <unknown>\n#16 0x55e7623c02fb <unknown>\n#17 0x55e7623cff6c <unknown>\n#18 0x7f47e2e94ac3 <unknown>\n\n","statusTrace":"  File \"/opt/hostedtoolcache/Python/3.11.9/x64/lib/python3.11/site-packages/allure_commons/_allure.py\", line 192, in impl\n    return func(*a, **kw)\n           ^^^^^^^^^^^^^^\n  File \"/home/runner/work/luma_project/luma_project/pages/sign_in_page.py\", line 54, in fill_in_email_field\n    self.fill_in_field(self.check_customer_email_field_is_clickable(), email)\n                       ^^^^^^^^^^^^^^^^^^^^^^^^^^^^^^^^^^^^^^^^^^^^^^\n  File \"/opt/hostedtoolcache/Python/3.11.9/x64/lib/python3.11/site-packages/allure_commons/_allure.py\", line 192, in impl\n    return func(*a, **kw)\n           ^^^^^^^^^^^^^^\n  File \"/home/runner/work/luma_project/luma_project/pages/sign_in_page.py\", line 41, in check_customer_email_field_is_clickable\n    return self.element_is_clickable(self.locators.CUSTOMER_EMAIL)\n           ^^^^^^^^^^^^^^^^^^^^^^^^^^^^^^^^^^^^^^^^^^^^^^^^^^^^^^^\n  File \"/opt/hostedtoolcache/Python/3.11.9/x64/lib/python3.11/site-packages/allure_commons/_allure.py\", line 192, in impl\n    return func(*a, **kw)\n           ^^^^^^^^^^^^^^\n  File \"/home/runner/work/luma_project/luma_project/pages/base_page.py\", line 80, in element_is_clickable\n    return wait(self.driver, timeout).until(EC.element_to_be_clickable(locator))\n           ^^^^^^^^^^^^^^^^^^^^^^^^^^^^^^^^^^^^^^^^^^^^^^^^^^^^^^^^^^^^^^^^^^^^^\n  File \"/opt/hostedtoolcache/Python/3.11.9/x64/lib/python3.11/site-packages/selenium/webdriver/support/wait.py\", line 95, in until\n    raise TimeoutException(message, screen, stacktrace)\n","steps":[{"name":"Check Email field is clickable","time":{"start":1718157072571,"stop":1718157077683,"duration":5112},"status":"broken","statusMessage":"selenium.common.exceptions.TimeoutException: Message: \nStacktrace:\n#0 0x55e7623d0e3a <unknown>\n#1 0x55e7620ba45c <unknown>\n#2 0x55e7621065b5 <unknown>\n#3 0x55e762106671 <unknown>\n#4 0x55e76214af14 <unknown>\n#5 0x55e7621294dd <unknown>\n#6 0x55e7621482cc <unknown>\n#7 0x55e762129253 <unknown>\n#8 0x55e7620f91c7 <unknown>\n#9 0x55e7620f9b3e <unknown>\n#10 0x55e76239727b <unknown>\n#11 0x55e76239b327 <unknown>\n#12 0x55e762383dae <unknown>\n#13 0x55e76239bdf2 <unknown>\n#14 0x55e76236874f <unknown>\n#15 0x55e7623c0128 <unknown>\n#16 0x55e7623c02fb <unknown>\n#17 0x55e7623cff6c <unknown>\n#18 0x7f47e2e94ac3 <unknown>\n\n","statusTrace":"  File \"/opt/hostedtoolcache/Python/3.11.9/x64/lib/python3.11/site-packages/allure_commons/_allure.py\", line 192, in impl\n    return func(*a, **kw)\n           ^^^^^^^^^^^^^^\n  File \"/home/runner/work/luma_project/luma_project/pages/sign_in_page.py\", line 41, in check_customer_email_field_is_clickable\n    return self.element_is_clickable(self.locators.CUSTOMER_EMAIL)\n           ^^^^^^^^^^^^^^^^^^^^^^^^^^^^^^^^^^^^^^^^^^^^^^^^^^^^^^^\n  File \"/opt/hostedtoolcache/Python/3.11.9/x64/lib/python3.11/site-packages/allure_commons/_allure.py\", line 192, in impl\n    return func(*a, **kw)\n           ^^^^^^^^^^^^^^\n  File \"/home/runner/work/luma_project/luma_project/pages/base_page.py\", line 80, in element_is_clickable\n    return wait(self.driver, timeout).until(EC.element_to_be_clickable(locator))\n           ^^^^^^^^^^^^^^^^^^^^^^^^^^^^^^^^^^^^^^^^^^^^^^^^^^^^^^^^^^^^^^^^^^^^^\n  File \"/opt/hostedtoolcache/Python/3.11.9/x64/lib/python3.11/site-packages/selenium/webdriver/support/wait.py\", line 95, in until\n    raise TimeoutException(message, screen, stacktrace)\n","steps":[{"name":"Find clickable elements","time":{"start":1718157072571,"stop":1718157077682,"duration":5111},"status":"broken","statusMessage":"selenium.common.exceptions.TimeoutException: Message: \nStacktrace:\n#0 0x55e7623d0e3a <unknown>\n#1 0x55e7620ba45c <unknown>\n#2 0x55e7621065b5 <unknown>\n#3 0x55e762106671 <unknown>\n#4 0x55e76214af14 <unknown>\n#5 0x55e7621294dd <unknown>\n#6 0x55e7621482cc <unknown>\n#7 0x55e762129253 <unknown>\n#8 0x55e7620f91c7 <unknown>\n#9 0x55e7620f9b3e <unknown>\n#10 0x55e76239727b <unknown>\n#11 0x55e76239b327 <unknown>\n#12 0x55e762383dae <unknown>\n#13 0x55e76239bdf2 <unknown>\n#14 0x55e76236874f <unknown>\n#15 0x55e7623c0128 <unknown>\n#16 0x55e7623c02fb <unknown>\n#17 0x55e7623cff6c <unknown>\n#18 0x7f47e2e94ac3 <unknown>\n\n","statusTrace":"  File \"/opt/hostedtoolcache/Python/3.11.9/x64/lib/python3.11/site-packages/allure_commons/_allure.py\", line 192, in impl\n    return func(*a, **kw)\n           ^^^^^^^^^^^^^^\n  File \"/home/runner/work/luma_project/luma_project/pages/base_page.py\", line 80, in element_is_clickable\n    return wait(self.driver, timeout).until(EC.element_to_be_clickable(locator))\n           ^^^^^^^^^^^^^^^^^^^^^^^^^^^^^^^^^^^^^^^^^^^^^^^^^^^^^^^^^^^^^^^^^^^^^\n  File \"/opt/hostedtoolcache/Python/3.11.9/x64/lib/python3.11/site-packages/selenium/webdriver/support/wait.py\", line 95, in until\n    raise TimeoutException(message, screen, stacktrace)\n","steps":[],"attachments":[],"parameters":[{"name":"locator","value":"('css selector', '#email')"},{"name":"timeout","value":"5"}],"shouldDisplayMessage":true,"stepsCount":0,"attachmentsCount":0,"hasContent":true,"attachmentStep":false}],"attachments":[],"parameters":[],"shouldDisplayMessage":false,"stepsCount":1,"attachmentsCount":0,"hasContent":true,"attachmentStep":false}],"attachments":[],"parameters":[{"name":"email","value":"'teston120@mailinator.com'"}],"shouldDisplayMessage":false,"stepsCount":2,"attachmentsCount":0,"hasContent":true,"attachmentStep":false}],"attachments":[{"uid":"b56ca2ef5d52a20d","name":"Screenshot","source":"b56ca2ef5d52a20d.png","type":"image/png","size":25664},{"uid":"a5a1c8f737e8f018","name":"HTML source","source":"a5a1c8f737e8f018.html","type":"text/html","size":774}],"parameters":[],"shouldDisplayMessage":true,"stepsCount":3,"attachmentsCount":2,"hasContent":true,"attachmentStep":false},"afterStages":[{"name":"driver::0","time":{"start":1718157077798,"stop":1718157077861,"duration":63},"status":"passed","steps":[],"attachments":[],"parameters":[],"shouldDisplayMessage":false,"stepsCount":0,"attachmentsCount":0,"hasContent":false,"attachmentStep":false},{"name":"clear_allure_result_folder::0","time":{"start":1718157437577,"stop":1718157437577,"duration":0},"status":"passed","steps":[],"attachments":[],"parameters":[],"shouldDisplayMessage":false,"stepsCount":0,"attachmentsCount":0,"hasContent":false,"attachmentStep":false}],"labels":[{"name":"feature","value":"Registered Customers"},{"name":"epic","value":"Sign In Page"},{"name":"parentSuite","value":"tests"},{"name":"suite","value":"test_sign_in"},{"name":"subSuite","value":"TestRegisteredCustomers"},{"name":"host","value":"fv-az802-720"},{"name":"thread","value":"2834-MainThread"},{"name":"framework","value":"pytest"},{"name":"language","value":"cpython3"},{"name":"package","value":"tests.test_sign_in"},{"name":"resultFormat","value":"allure2"}],"parameters":[],"links":[],"hidden":false,"retry":false,"extra":{"severity":"normal","retries":[],"categories":[{"name":"Test defects","matchedStatuses":[],"flaky":false}],"history":{"statistic":{"failed":0,"broken":1,"skipped":0,"passed":3,"unknown":0,"total":4},"items":[{"uid":"ae0ac76f0480e757","reportUrl":"https://verafes.github.io/luma_project/338//#testresult/ae0ac76f0480e757","status":"passed","time":{"start":1718069784532,"stop":1718069784869,"duration":337}},{"uid":"563ef3bccc23ed98","reportUrl":"https://verafes.github.io/luma_project/337//#testresult/563ef3bccc23ed98","status":"passed","time":{"start":1717983471993,"stop":1717983472168,"duration":175}},{"uid":"cac6ffdbef38e10f","reportUrl":"https://verafes.github.io/luma_project/336//#testresult/cac6ffdbef38e10f","status":"passed","time":{"start":1717897442025,"stop":1717897442206,"duration":181}}]},"tags":[]},"source":"d566785f3e333ee1.json","parameterValues":[]}