{"uid":"d7c401114f097551","name":"TC 02.01.06 Check if Search Terms link is interactive","fullName":"tests.test_footer.TestFooter#test_tc_02_01_06_check_interactivity_of_search_terms_link","historyId":"2ec5175ab49cd51021eb8da58d481c73","time":{"start":1718155290742,"stop":1718155295934,"duration":5192},"description":"This test checks if Search Terms link is underlined while hovering over it","descriptionHtml":"<p>This test checks if Search Terms link is underlined while hovering over it</p>\n","status":"skipped","statusMessage":"XFAIL In CI the test is not stable and needs to be improved\n\nselenium.common.exceptions.TimeoutException: Message: \nStacktrace:\n#0 0x557cd4553e3a <unknown>\n#1 0x557cd423d45c <unknown>\n#2 0x557cd42895b5 <unknown>\n#3 0x557cd4289671 <unknown>\n#4 0x557cd42cdf14 <unknown>\n#5 0x557cd42ac4dd <unknown>\n#6 0x557cd42cb2cc <unknown>\n#7 0x557cd42ac253 <unknown>\n#8 0x557cd427c1c7 <unknown>\n#9 0x557cd427cb3e <unknown>\n#10 0x557cd451a27b <unknown>\n#11 0x557cd451e327 <unknown>\n#12 0x557cd4506dae <unknown>\n#13 0x557cd451edf2 <unknown>\n#14 0x557cd44eb74f <unknown>\n#15 0x557cd4543128 <unknown>\n#16 0x557cd45432fb <unknown>\n#17 0x557cd4552f6c <unknown>\n#18 0x7f61a0894ac3 <unknown>","statusTrace":"self = <test_footer.TestFooter object at 0x7f958c3aca10>\ndriver = <selenium.webdriver.chrome.webdriver.WebDriver (session=\"23cc8349b4b9e5635c53515f89bfe405\")>\n\n    @pytest.mark.xfail(reason=\"In CI the test is not stable and needs to be improved\")\n    @allure.title(\"TC 02.01.06 Check if Search Terms link is interactive\")\n    def test_tc_02_01_06_check_interactivity_of_search_terms_link(self, driver):\n        \"\"\"This test checks if Search Terms link is underlined while hovering over it\"\"\"\n        page = FooterPage(driver, MAIN_PAGE_URL)\n        page.open()\n>       underlined_link = page.check_element_hover_style(page.footer_locators.SEARCH_TERMS_LINK, \"text-decoration\", 2)\n\ntests/test_footer.py:65: \n_ _ _ _ _ _ _ _ _ _ _ _ _ _ _ _ _ _ _ _ _ _ _ _ _ _ _ _ _ _ _ _ _ _ _ _ _ _ _ _ \npages/base_page.py:120: in check_element_hover_style\n    element = self.element_is_visible(locator)  # Get the WebElement using locator\npages/base_page.py:29: in element_is_visible\n    self.go_to_element(self.element_is_present(locator))\npages/base_page.py:50: in element_is_present\n    return wait(self.driver, timeout).until(EC.presence_of_element_located(locator))\n_ _ _ _ _ _ _ _ _ _ _ _ _ _ _ _ _ _ _ _ _ _ _ _ _ _ _ _ _ _ _ _ _ _ _ _ _ _ _ _ \n\nself = <selenium.webdriver.support.wait.WebDriverWait (session=\"23cc8349b4b9e5635c53515f89bfe405\")>\nmethod = <function presence_of_element_located.<locals>._predicate at 0x7f958c5d2d40>\nmessage = ''\n\n    def until(self, method, message: str = \"\"):\n        \"\"\"Calls the method provided with the driver as an argument until the \\\n        return value does not evaluate to ``False``.\n    \n        :param method: callable(WebDriver)\n        :param message: optional message for :exc:`TimeoutException`\n        :returns: the result of the last call to `method`\n        :raises: :exc:`selenium.common.exceptions.TimeoutException` if timeout occurs\n        \"\"\"\n        screen = None\n        stacktrace = None\n    \n        end_time = time.monotonic() + self._timeout\n        while True:\n            try:\n                value = method(self._driver)\n                if value:\n                    return value\n            except self._ignored_exceptions as exc:\n                screen = getattr(exc, \"screen\", None)\n                stacktrace = getattr(exc, \"stacktrace\", None)\n            time.sleep(self._poll)\n            if time.monotonic() > end_time:\n                break\n>       raise TimeoutException(message, screen, stacktrace)\nE       selenium.common.exceptions.TimeoutException: Message: \nE       Stacktrace:\nE       #0 0x557cd4553e3a <unknown>\nE       #1 0x557cd423d45c <unknown>\nE       #2 0x557cd42895b5 <unknown>\nE       #3 0x557cd4289671 <unknown>\nE       #4 0x557cd42cdf14 <unknown>\nE       #5 0x557cd42ac4dd <unknown>\nE       #6 0x557cd42cb2cc <unknown>\nE       #7 0x557cd42ac253 <unknown>\nE       #8 0x557cd427c1c7 <unknown>\nE       #9 0x557cd427cb3e <unknown>\nE       #10 0x557cd451a27b <unknown>\nE       #11 0x557cd451e327 <unknown>\nE       #12 0x557cd4506dae <unknown>\nE       #13 0x557cd451edf2 <unknown>\nE       #14 0x557cd44eb74f <unknown>\nE       #15 0x557cd4543128 <unknown>\nE       #16 0x557cd45432fb <unknown>\nE       #17 0x557cd4552f6c <unknown>\nE       #18 0x7f61a0894ac3 <unknown>\n\n/opt/hostedtoolcache/Python/3.11.9/x64/lib/python3.11/site-packages/selenium/webdriver/support/wait.py:95: TimeoutException","flaky":false,"newFailed":false,"newBroken":false,"newPassed":false,"retriesCount":0,"retriesStatusChange":false,"beforeStages":[{"name":"_session_faker","time":{"start":1718155045618,"stop":1718155045680,"duration":62},"status":"passed","steps":[],"attachments":[],"parameters":[],"shouldDisplayMessage":false,"stepsCount":0,"attachmentsCount":0,"hasContent":false,"attachmentStep":false},{"name":"clear_allure_result_folder","time":{"start":1718155045680,"stop":1718155045680,"duration":0},"status":"passed","steps":[],"attachments":[],"parameters":[],"shouldDisplayMessage":false,"stepsCount":0,"attachmentsCount":0,"hasContent":false,"attachmentStep":false},{"name":"driver","time":{"start":1718155289474,"stop":1718155290741,"duration":1267},"status":"passed","steps":[],"attachments":[],"parameters":[],"shouldDisplayMessage":false,"stepsCount":0,"attachmentsCount":0,"hasContent":false,"attachmentStep":false}],"testStage":{"description":"This test checks if Search Terms link is underlined while hovering over it","status":"skipped","statusMessage":"XFAIL In CI the test is not stable and needs to be improved\n\nselenium.common.exceptions.TimeoutException: Message: \nStacktrace:\n#0 0x557cd4553e3a <unknown>\n#1 0x557cd423d45c <unknown>\n#2 0x557cd42895b5 <unknown>\n#3 0x557cd4289671 <unknown>\n#4 0x557cd42cdf14 <unknown>\n#5 0x557cd42ac4dd <unknown>\n#6 0x557cd42cb2cc <unknown>\n#7 0x557cd42ac253 <unknown>\n#8 0x557cd427c1c7 <unknown>\n#9 0x557cd427cb3e <unknown>\n#10 0x557cd451a27b <unknown>\n#11 0x557cd451e327 <unknown>\n#12 0x557cd4506dae <unknown>\n#13 0x557cd451edf2 <unknown>\n#14 0x557cd44eb74f <unknown>\n#15 0x557cd4543128 <unknown>\n#16 0x557cd45432fb <unknown>\n#17 0x557cd4552f6c <unknown>\n#18 0x7f61a0894ac3 <unknown>","statusTrace":"self = <test_footer.TestFooter object at 0x7f958c3aca10>\ndriver = <selenium.webdriver.chrome.webdriver.WebDriver (session=\"23cc8349b4b9e5635c53515f89bfe405\")>\n\n    @pytest.mark.xfail(reason=\"In CI the test is not stable and needs to be improved\")\n    @allure.title(\"TC 02.01.06 Check if Search Terms link is interactive\")\n    def test_tc_02_01_06_check_interactivity_of_search_terms_link(self, driver):\n        \"\"\"This test checks if Search Terms link is underlined while hovering over it\"\"\"\n        page = FooterPage(driver, MAIN_PAGE_URL)\n        page.open()\n>       underlined_link = page.check_element_hover_style(page.footer_locators.SEARCH_TERMS_LINK, \"text-decoration\", 2)\n\ntests/test_footer.py:65: \n_ _ _ _ _ _ _ _ _ _ _ _ _ _ _ _ _ _ _ _ _ _ _ _ _ _ _ _ _ _ _ _ _ _ _ _ _ _ _ _ \npages/base_page.py:120: in check_element_hover_style\n    element = self.element_is_visible(locator)  # Get the WebElement using locator\npages/base_page.py:29: in element_is_visible\n    self.go_to_element(self.element_is_present(locator))\npages/base_page.py:50: in element_is_present\n    return wait(self.driver, timeout).until(EC.presence_of_element_located(locator))\n_ _ _ _ _ _ _ _ _ _ _ _ _ _ _ _ _ _ _ _ _ _ _ _ _ _ _ _ _ _ _ _ _ _ _ _ _ _ _ _ \n\nself = <selenium.webdriver.support.wait.WebDriverWait (session=\"23cc8349b4b9e5635c53515f89bfe405\")>\nmethod = <function presence_of_element_located.<locals>._predicate at 0x7f958c5d2d40>\nmessage = ''\n\n    def until(self, method, message: str = \"\"):\n        \"\"\"Calls the method provided with the driver as an argument until the \\\n        return value does not evaluate to ``False``.\n    \n        :param method: callable(WebDriver)\n        :param message: optional message for :exc:`TimeoutException`\n        :returns: the result of the last call to `method`\n        :raises: :exc:`selenium.common.exceptions.TimeoutException` if timeout occurs\n        \"\"\"\n        screen = None\n        stacktrace = None\n    \n        end_time = time.monotonic() + self._timeout\n        while True:\n            try:\n                value = method(self._driver)\n                if value:\n                    return value\n            except self._ignored_exceptions as exc:\n                screen = getattr(exc, \"screen\", None)\n                stacktrace = getattr(exc, \"stacktrace\", None)\n            time.sleep(self._poll)\n            if time.monotonic() > end_time:\n                break\n>       raise TimeoutException(message, screen, stacktrace)\nE       selenium.common.exceptions.TimeoutException: Message: \nE       Stacktrace:\nE       #0 0x557cd4553e3a <unknown>\nE       #1 0x557cd423d45c <unknown>\nE       #2 0x557cd42895b5 <unknown>\nE       #3 0x557cd4289671 <unknown>\nE       #4 0x557cd42cdf14 <unknown>\nE       #5 0x557cd42ac4dd <unknown>\nE       #6 0x557cd42cb2cc <unknown>\nE       #7 0x557cd42ac253 <unknown>\nE       #8 0x557cd427c1c7 <unknown>\nE       #9 0x557cd427cb3e <unknown>\nE       #10 0x557cd451a27b <unknown>\nE       #11 0x557cd451e327 <unknown>\nE       #12 0x557cd4506dae <unknown>\nE       #13 0x557cd451edf2 <unknown>\nE       #14 0x557cd44eb74f <unknown>\nE       #15 0x557cd4543128 <unknown>\nE       #16 0x557cd45432fb <unknown>\nE       #17 0x557cd4552f6c <unknown>\nE       #18 0x7f61a0894ac3 <unknown>\n\n/opt/hostedtoolcache/Python/3.11.9/x64/lib/python3.11/site-packages/selenium/webdriver/support/wait.py:95: TimeoutException","steps":[{"name":"Open a browser","time":{"start":1718155290742,"stop":1718155290823,"duration":81},"status":"passed","steps":[],"attachments":[],"parameters":[],"shouldDisplayMessage":false,"stepsCount":0,"attachmentsCount":0,"hasContent":false,"attachmentStep":false},{"name":"Check element hover style","time":{"start":1718155290823,"stop":1718155295934,"duration":5111},"status":"broken","statusMessage":"selenium.common.exceptions.TimeoutException: Message: \nStacktrace:\n#0 0x557cd4553e3a <unknown>\n#1 0x557cd423d45c <unknown>\n#2 0x557cd42895b5 <unknown>\n#3 0x557cd4289671 <unknown>\n#4 0x557cd42cdf14 <unknown>\n#5 0x557cd42ac4dd <unknown>\n#6 0x557cd42cb2cc <unknown>\n#7 0x557cd42ac253 <unknown>\n#8 0x557cd427c1c7 <unknown>\n#9 0x557cd427cb3e <unknown>\n#10 0x557cd451a27b <unknown>\n#11 0x557cd451e327 <unknown>\n#12 0x557cd4506dae <unknown>\n#13 0x557cd451edf2 <unknown>\n#14 0x557cd44eb74f <unknown>\n#15 0x557cd4543128 <unknown>\n#16 0x557cd45432fb <unknown>\n#17 0x557cd4552f6c <unknown>\n#18 0x7f61a0894ac3 <unknown>\n\n","statusTrace":"  File \"/opt/hostedtoolcache/Python/3.11.9/x64/lib/python3.11/site-packages/allure_commons/_allure.py\", line 192, in impl\n    return func(*a, **kw)\n           ^^^^^^^^^^^^^^\n  File \"/home/runner/work/luma_project/luma_project/pages/base_page.py\", line 120, in check_element_hover_style\n    element = self.element_is_visible(locator)  # Get the WebElement using locator\n              ^^^^^^^^^^^^^^^^^^^^^^^^^^^^^^^^\n  File \"/opt/hostedtoolcache/Python/3.11.9/x64/lib/python3.11/site-packages/allure_commons/_allure.py\", line 192, in impl\n    return func(*a, **kw)\n           ^^^^^^^^^^^^^^\n  File \"/home/runner/work/luma_project/luma_project/pages/base_page.py\", line 29, in element_is_visible\n    self.go_to_element(self.element_is_present(locator))\n                       ^^^^^^^^^^^^^^^^^^^^^^^^^^^^^^^^\n  File \"/opt/hostedtoolcache/Python/3.11.9/x64/lib/python3.11/site-packages/allure_commons/_allure.py\", line 192, in impl\n    return func(*a, **kw)\n           ^^^^^^^^^^^^^^\n  File \"/home/runner/work/luma_project/luma_project/pages/base_page.py\", line 50, in element_is_present\n    return wait(self.driver, timeout).until(EC.presence_of_element_located(locator))\n           ^^^^^^^^^^^^^^^^^^^^^^^^^^^^^^^^^^^^^^^^^^^^^^^^^^^^^^^^^^^^^^^^^^^^^^^^^\n  File \"/opt/hostedtoolcache/Python/3.11.9/x64/lib/python3.11/site-packages/selenium/webdriver/support/wait.py\", line 95, in until\n    raise TimeoutException(message, screen, stacktrace)\n","steps":[{"name":"Find a visible element","time":{"start":1718155290823,"stop":1718155295934,"duration":5111},"status":"broken","statusMessage":"selenium.common.exceptions.TimeoutException: Message: \nStacktrace:\n#0 0x557cd4553e3a <unknown>\n#1 0x557cd423d45c <unknown>\n#2 0x557cd42895b5 <unknown>\n#3 0x557cd4289671 <unknown>\n#4 0x557cd42cdf14 <unknown>\n#5 0x557cd42ac4dd <unknown>\n#6 0x557cd42cb2cc <unknown>\n#7 0x557cd42ac253 <unknown>\n#8 0x557cd427c1c7 <unknown>\n#9 0x557cd427cb3e <unknown>\n#10 0x557cd451a27b <unknown>\n#11 0x557cd451e327 <unknown>\n#12 0x557cd4506dae <unknown>\n#13 0x557cd451edf2 <unknown>\n#14 0x557cd44eb74f <unknown>\n#15 0x557cd4543128 <unknown>\n#16 0x557cd45432fb <unknown>\n#17 0x557cd4552f6c <unknown>\n#18 0x7f61a0894ac3 <unknown>\n\n","statusTrace":"  File \"/opt/hostedtoolcache/Python/3.11.9/x64/lib/python3.11/site-packages/allure_commons/_allure.py\", line 192, in impl\n    return func(*a, **kw)\n           ^^^^^^^^^^^^^^\n  File \"/home/runner/work/luma_project/luma_project/pages/base_page.py\", line 29, in element_is_visible\n    self.go_to_element(self.element_is_present(locator))\n                       ^^^^^^^^^^^^^^^^^^^^^^^^^^^^^^^^\n  File \"/opt/hostedtoolcache/Python/3.11.9/x64/lib/python3.11/site-packages/allure_commons/_allure.py\", line 192, in impl\n    return func(*a, **kw)\n           ^^^^^^^^^^^^^^\n  File \"/home/runner/work/luma_project/luma_project/pages/base_page.py\", line 50, in element_is_present\n    return wait(self.driver, timeout).until(EC.presence_of_element_located(locator))\n           ^^^^^^^^^^^^^^^^^^^^^^^^^^^^^^^^^^^^^^^^^^^^^^^^^^^^^^^^^^^^^^^^^^^^^^^^^\n  File \"/opt/hostedtoolcache/Python/3.11.9/x64/lib/python3.11/site-packages/selenium/webdriver/support/wait.py\", line 95, in until\n    raise TimeoutException(message, screen, stacktrace)\n","steps":[{"name":"Find a present element","time":{"start":1718155290823,"stop":1718155295933,"duration":5110},"status":"broken","statusMessage":"selenium.common.exceptions.TimeoutException: Message: \nStacktrace:\n#0 0x557cd4553e3a <unknown>\n#1 0x557cd423d45c <unknown>\n#2 0x557cd42895b5 <unknown>\n#3 0x557cd4289671 <unknown>\n#4 0x557cd42cdf14 <unknown>\n#5 0x557cd42ac4dd <unknown>\n#6 0x557cd42cb2cc <unknown>\n#7 0x557cd42ac253 <unknown>\n#8 0x557cd427c1c7 <unknown>\n#9 0x557cd427cb3e <unknown>\n#10 0x557cd451a27b <unknown>\n#11 0x557cd451e327 <unknown>\n#12 0x557cd4506dae <unknown>\n#13 0x557cd451edf2 <unknown>\n#14 0x557cd44eb74f <unknown>\n#15 0x557cd4543128 <unknown>\n#16 0x557cd45432fb <unknown>\n#17 0x557cd4552f6c <unknown>\n#18 0x7f61a0894ac3 <unknown>\n\n","statusTrace":"  File \"/opt/hostedtoolcache/Python/3.11.9/x64/lib/python3.11/site-packages/allure_commons/_allure.py\", line 192, in impl\n    return func(*a, **kw)\n           ^^^^^^^^^^^^^^\n  File \"/home/runner/work/luma_project/luma_project/pages/base_page.py\", line 50, in element_is_present\n    return wait(self.driver, timeout).until(EC.presence_of_element_located(locator))\n           ^^^^^^^^^^^^^^^^^^^^^^^^^^^^^^^^^^^^^^^^^^^^^^^^^^^^^^^^^^^^^^^^^^^^^^^^^\n  File \"/opt/hostedtoolcache/Python/3.11.9/x64/lib/python3.11/site-packages/selenium/webdriver/support/wait.py\", line 95, in until\n    raise TimeoutException(message, screen, stacktrace)\n","steps":[],"attachments":[],"parameters":[{"name":"locator","value":"('css selector', '.footer > :nth-child(1) > a')"},{"name":"timeout","value":"5"}],"shouldDisplayMessage":true,"stepsCount":0,"attachmentsCount":0,"hasContent":true,"attachmentStep":false}],"attachments":[],"parameters":[{"name":"locator","value":"('css selector', '.footer > :nth-child(1) > a')"},{"name":"timeout","value":"10"}],"shouldDisplayMessage":false,"stepsCount":1,"attachmentsCount":0,"hasContent":true,"attachmentStep":false}],"attachments":[],"parameters":[{"name":"locator","value":"('css selector', '.footer > :nth-child(1) > a')"},{"name":"css_property","value":"'text-decoration'"},{"name":"seconds","value":"2"}],"shouldDisplayMessage":false,"stepsCount":2,"attachmentsCount":0,"hasContent":true,"attachmentStep":false}],"attachments":[{"uid":"6b64085c2539a5ba","name":"Screenshot","source":"6b64085c2539a5ba.png","type":"image/png","size":25664},{"uid":"2fa92f8ea9dc0f5b","name":"HTML source","source":"2fa92f8ea9dc0f5b.html","type":"text/html","size":774}],"parameters":[],"shouldDisplayMessage":true,"stepsCount":4,"attachmentsCount":2,"hasContent":true,"attachmentStep":false},"afterStages":[{"name":"driver::0","time":{"start":1718155296039,"stop":1718155296102,"duration":63},"status":"passed","steps":[],"attachments":[],"parameters":[],"shouldDisplayMessage":false,"stepsCount":0,"attachmentsCount":0,"hasContent":false,"attachmentStep":false},{"name":"clear_allure_result_folder::0","time":{"start":1718157437577,"stop":1718157437577,"duration":0},"status":"passed","steps":[],"attachments":[],"parameters":[],"shouldDisplayMessage":false,"stepsCount":0,"attachmentsCount":0,"hasContent":false,"attachmentStep":false}],"labels":[{"name":"epic","value":"Test Footer"},{"name":"tag","value":"@pytest.mark.xfail(reason='In CI the test is not stable and needs to be improved')"},{"name":"parentSuite","value":"tests"},{"name":"suite","value":"test_footer"},{"name":"subSuite","value":"TestFooter"},{"name":"host","value":"fv-az802-720"},{"name":"thread","value":"2834-MainThread"},{"name":"framework","value":"pytest"},{"name":"language","value":"cpython3"},{"name":"package","value":"tests.test_footer"},{"name":"resultFormat","value":"allure2"}],"parameters":[],"links":[],"hidden":false,"retry":false,"extra":{"severity":"normal","retries":[],"categories":[],"history":{"statistic":{"failed":0,"broken":0,"skipped":2,"passed":2,"unknown":0,"total":4},"items":[{"uid":"59d2593e4c0e7cfc","reportUrl":"https://verafes.github.io/luma_project/338//#testresult/59d2593e4c0e7cfc","status":"skipped","statusDetails":"XFAIL In CI the test is not stable and needs to be improved\n\nAssertionError: The Search Terms link is not underlined while hovering over it\nassert 'underline' in 'none solid rgb(87, 87, 87)'","time":{"start":1718068748251,"stop":1718068749583,"duration":1332}},{"uid":"fd64640876e468ba","reportUrl":"https://verafes.github.io/luma_project/337//#testresult/fd64640876e468ba","status":"passed","statusDetails":"XPASS In CI the test is not stable and needs to be improved","time":{"start":1717982428222,"stop":1717982429547,"duration":1325}},{"uid":"27c5ef52e1c8fcf6","reportUrl":"https://verafes.github.io/luma_project/336//#testresult/27c5ef52e1c8fcf6","status":"passed","statusDetails":"XPASS In CI the test is not stable and needs to be improved","time":{"start":1717896286174,"stop":1717896287960,"duration":1786}}]},"tags":["@pytest.mark.xfail(reason='In CI the test is not stable and needs to be improved')"]},"source":"d7c401114f097551.json","parameterValues":[]}