{"uid":"a0b1694fdc6d6f73","name":"TC 17.01.25 Verify error on resetting My Password with empty email","fullName":"tests.test_forgot_your_password.TestForgotYourPasswordFunctionality#test_17_01_25_error_if_reset_my_password_with_empty_email","historyId":"3fc451d87c8653c0431c5bf955165f1b","time":{"start":1726709916519,"stop":1726709922453,"duration":5934},"description":"Check error message on attempt to reset password with empty email field","descriptionHtml":"<p>Check error message on attempt to reset password with empty email field</p>\n","status":"skipped","statusMessage":"XFAIL Flaky behavior on CI\n\nselenium.common.exceptions.TimeoutException: Message: \nStacktrace:\n#0 0x556e9e90a2da <unknown>\n#1 0x556e9e5d8200 <unknown>\n#2 0x556e9e627aa2 <unknown>\n#3 0x556e9e627d41 <unknown>\n#4 0x556e9e66d964 <unknown>\n#5 0x556e9e64c8fd <unknown>\n#6 0x556e9e66adfd <unknown>\n#7 0x556e9e64c673 <unknown>\n#8 0x556e9e61a473 <unknown>\n#9 0x556e9e61b47e <unknown>\n#10 0x556e9e8d10db <unknown>\n#11 0x556e9e8d5071 <unknown>\n#12 0x556e9e8bd9d5 <unknown>\n#13 0x556e9e8d5bf2 <unknown>\n#14 0x556e9e8a2b6f <unknown>\n#15 0x556e9e8f9248 <unknown>\n#16 0x556e9e8f9417 <unknown>\n#17 0x556e9e9090cc <unknown>\n#18 0x7fe3ed294ac3 <unknown>","statusTrace":"self = <test_forgot_your_password.TestForgotYourPasswordFunctionality object at 0x7f43d7913bd0>\ndriver = <selenium.webdriver.chrome.webdriver.WebDriver (session=\"ab7f936782adbbc38b15648f7c403ae5\")>\nforgot_psw_page = <pages.forgot_your_password_page.ForgotYourPasswordPage object at 0x7f43d82fe690>\n\n    @pytest.mark.xfail(reason=\"Flaky behavior on CI\")\n    @allure.title('TC 17.01.25 Verify error on resetting My Password with empty email')\n    def test_17_01_25_error_if_reset_my_password_with_empty_email(self, driver, forgot_psw_page):\n        \"\"\"Check error message on attempt to reset password with empty email field\"\"\"\n        # forgot_psw_page.fill_in_forgot_psw_captcha_field(captcha)\n        forgot_psw_page.click_reset_my_password_button()\n>       error_message = forgot_psw_page.get_error_email_input_is_required()\n\ntests/test_forgot_your_password.py:211: \n_ _ _ _ _ _ _ _ _ _ _ _ _ _ _ _ _ _ _ _ _ _ _ _ _ _ _ _ _ _ _ _ _ _ _ _ _ _ _ _ \npages/forgot_your_password_page.py:139: in get_error_email_input_is_required\n    return self.get_error_message(self.locators.RESET_MY_PASSWORD_EMAIL_ERROR)\npages/base_page.py:337: in get_error_message\n    error = wait(self.driver, timeout).until(EC.visibility_of_element_located(locator))\n_ _ _ _ _ _ _ _ _ _ _ _ _ _ _ _ _ _ _ _ _ _ _ _ _ _ _ _ _ _ _ _ _ _ _ _ _ _ _ _ \n\nself = <selenium.webdriver.support.wait.WebDriverWait (session=\"ab7f936782adbbc38b15648f7c403ae5\")>\nmethod = <function visibility_of_element_located.<locals>._predicate at 0x7f43d7f3e520>\nmessage = ''\n\n    def until(self, method, message: str = \"\"):\n        \"\"\"Calls the method provided with the driver as an argument until the \\\n        return value does not evaluate to ``False``.\n    \n        :param method: callable(WebDriver)\n        :param message: optional message for :exc:`TimeoutException`\n        :returns: the result of the last call to `method`\n        :raises: :exc:`selenium.common.exceptions.TimeoutException` if timeout occurs\n        \"\"\"\n        screen = None\n        stacktrace = None\n    \n        end_time = time.monotonic() + self._timeout\n        while True:\n            try:\n                value = method(self._driver)\n                if value:\n                    return value\n            except self._ignored_exceptions as exc:\n                screen = getattr(exc, \"screen\", None)\n                stacktrace = getattr(exc, \"stacktrace\", None)\n            time.sleep(self._poll)\n            if time.monotonic() > end_time:\n                break\n>       raise TimeoutException(message, screen, stacktrace)\nE       selenium.common.exceptions.TimeoutException: Message: \nE       Stacktrace:\nE       #0 0x556e9e90a2da <unknown>\nE       #1 0x556e9e5d8200 <unknown>\nE       #2 0x556e9e627aa2 <unknown>\nE       #3 0x556e9e627d41 <unknown>\nE       #4 0x556e9e66d964 <unknown>\nE       #5 0x556e9e64c8fd <unknown>\nE       #6 0x556e9e66adfd <unknown>\nE       #7 0x556e9e64c673 <unknown>\nE       #8 0x556e9e61a473 <unknown>\nE       #9 0x556e9e61b47e <unknown>\nE       #10 0x556e9e8d10db <unknown>\nE       #11 0x556e9e8d5071 <unknown>\nE       #12 0x556e9e8bd9d5 <unknown>\nE       #13 0x556e9e8d5bf2 <unknown>\nE       #14 0x556e9e8a2b6f <unknown>\nE       #15 0x556e9e8f9248 <unknown>\nE       #16 0x556e9e8f9417 <unknown>\nE       #17 0x556e9e9090cc <unknown>\nE       #18 0x7fe3ed294ac3 <unknown>\n\n/opt/hostedtoolcache/Python/3.11.10/x64/lib/python3.11/site-packages/selenium/webdriver/support/wait.py:95: TimeoutException","flaky":false,"newFailed":false,"newBroken":false,"newPassed":false,"retriesCount":0,"retriesStatusChange":false,"beforeStages":[{"name":"_session_faker","time":{"start":1726709701717,"stop":1726709701780,"duration":63},"status":"passed","steps":[],"attachments":[],"parameters":[],"shouldDisplayMessage":false,"stepsCount":0,"attachmentsCount":0,"hasContent":false,"attachmentStep":false},{"name":"clear_allure_result_folder","time":{"start":1726709701780,"stop":1726709701780,"duration":0},"status":"passed","steps":[],"attachments":[],"parameters":[],"shouldDisplayMessage":false,"stepsCount":0,"attachmentsCount":0,"hasContent":false,"attachmentStep":false},{"name":"driver","time":{"start":1726709914335,"stop":1726709915570,"duration":1235},"status":"passed","steps":[],"attachments":[],"parameters":[],"shouldDisplayMessage":false,"stepsCount":0,"attachmentsCount":0,"hasContent":false,"attachmentStep":false},{"name":"forgot_psw_page","time":{"start":1726709915570,"stop":1726709916519,"duration":949},"status":"passed","steps":[{"name":"Open a browser","time":{"start":1726709915570,"stop":1726709916519,"duration":949},"status":"passed","steps":[],"attachments":[],"parameters":[],"shouldDisplayMessage":false,"stepsCount":0,"attachmentsCount":0,"hasContent":false,"attachmentStep":false}],"attachments":[],"parameters":[],"shouldDisplayMessage":false,"stepsCount":1,"attachmentsCount":0,"hasContent":true,"attachmentStep":false}],"testStage":{"description":"Check error message on attempt to reset password with empty email field","status":"skipped","statusMessage":"XFAIL Flaky behavior on CI\n\nselenium.common.exceptions.TimeoutException: Message: \nStacktrace:\n#0 0x556e9e90a2da <unknown>\n#1 0x556e9e5d8200 <unknown>\n#2 0x556e9e627aa2 <unknown>\n#3 0x556e9e627d41 <unknown>\n#4 0x556e9e66d964 <unknown>\n#5 0x556e9e64c8fd <unknown>\n#6 0x556e9e66adfd <unknown>\n#7 0x556e9e64c673 <unknown>\n#8 0x556e9e61a473 <unknown>\n#9 0x556e9e61b47e <unknown>\n#10 0x556e9e8d10db <unknown>\n#11 0x556e9e8d5071 <unknown>\n#12 0x556e9e8bd9d5 <unknown>\n#13 0x556e9e8d5bf2 <unknown>\n#14 0x556e9e8a2b6f <unknown>\n#15 0x556e9e8f9248 <unknown>\n#16 0x556e9e8f9417 <unknown>\n#17 0x556e9e9090cc <unknown>\n#18 0x7fe3ed294ac3 <unknown>","statusTrace":"self = <test_forgot_your_password.TestForgotYourPasswordFunctionality object at 0x7f43d7913bd0>\ndriver = <selenium.webdriver.chrome.webdriver.WebDriver (session=\"ab7f936782adbbc38b15648f7c403ae5\")>\nforgot_psw_page = <pages.forgot_your_password_page.ForgotYourPasswordPage object at 0x7f43d82fe690>\n\n    @pytest.mark.xfail(reason=\"Flaky behavior on CI\")\n    @allure.title('TC 17.01.25 Verify error on resetting My Password with empty email')\n    def test_17_01_25_error_if_reset_my_password_with_empty_email(self, driver, forgot_psw_page):\n        \"\"\"Check error message on attempt to reset password with empty email field\"\"\"\n        # forgot_psw_page.fill_in_forgot_psw_captcha_field(captcha)\n        forgot_psw_page.click_reset_my_password_button()\n>       error_message = forgot_psw_page.get_error_email_input_is_required()\n\ntests/test_forgot_your_password.py:211: \n_ _ _ _ _ _ _ _ _ _ _ _ _ _ _ _ _ _ _ _ _ _ _ _ _ _ _ _ _ _ _ _ _ _ _ _ _ _ _ _ \npages/forgot_your_password_page.py:139: in get_error_email_input_is_required\n    return self.get_error_message(self.locators.RESET_MY_PASSWORD_EMAIL_ERROR)\npages/base_page.py:337: in get_error_message\n    error = wait(self.driver, timeout).until(EC.visibility_of_element_located(locator))\n_ _ _ _ _ _ _ _ _ _ _ _ _ _ _ _ _ _ _ _ _ _ _ _ _ _ _ _ _ _ _ _ _ _ _ _ _ _ _ _ \n\nself = <selenium.webdriver.support.wait.WebDriverWait (session=\"ab7f936782adbbc38b15648f7c403ae5\")>\nmethod = <function visibility_of_element_located.<locals>._predicate at 0x7f43d7f3e520>\nmessage = ''\n\n    def until(self, method, message: str = \"\"):\n        \"\"\"Calls the method provided with the driver as an argument until the \\\n        return value does not evaluate to ``False``.\n    \n        :param method: callable(WebDriver)\n        :param message: optional message for :exc:`TimeoutException`\n        :returns: the result of the last call to `method`\n        :raises: :exc:`selenium.common.exceptions.TimeoutException` if timeout occurs\n        \"\"\"\n        screen = None\n        stacktrace = None\n    \n        end_time = time.monotonic() + self._timeout\n        while True:\n            try:\n                value = method(self._driver)\n                if value:\n                    return value\n            except self._ignored_exceptions as exc:\n                screen = getattr(exc, \"screen\", None)\n                stacktrace = getattr(exc, \"stacktrace\", None)\n            time.sleep(self._poll)\n            if time.monotonic() > end_time:\n                break\n>       raise TimeoutException(message, screen, stacktrace)\nE       selenium.common.exceptions.TimeoutException: Message: \nE       Stacktrace:\nE       #0 0x556e9e90a2da <unknown>\nE       #1 0x556e9e5d8200 <unknown>\nE       #2 0x556e9e627aa2 <unknown>\nE       #3 0x556e9e627d41 <unknown>\nE       #4 0x556e9e66d964 <unknown>\nE       #5 0x556e9e64c8fd <unknown>\nE       #6 0x556e9e66adfd <unknown>\nE       #7 0x556e9e64c673 <unknown>\nE       #8 0x556e9e61a473 <unknown>\nE       #9 0x556e9e61b47e <unknown>\nE       #10 0x556e9e8d10db <unknown>\nE       #11 0x556e9e8d5071 <unknown>\nE       #12 0x556e9e8bd9d5 <unknown>\nE       #13 0x556e9e8d5bf2 <unknown>\nE       #14 0x556e9e8a2b6f <unknown>\nE       #15 0x556e9e8f9248 <unknown>\nE       #16 0x556e9e8f9417 <unknown>\nE       #17 0x556e9e9090cc <unknown>\nE       #18 0x7fe3ed294ac3 <unknown>\n\n/opt/hostedtoolcache/Python/3.11.10/x64/lib/python3.11/site-packages/selenium/webdriver/support/wait.py:95: TimeoutException","steps":[{"name":"Click on Reset My Password button button","time":{"start":1726709916519,"stop":1726709917288,"duration":769},"status":"passed","steps":[{"name":"Check Reset My Password button is clickable","time":{"start":1726709916519,"stop":1726709916557,"duration":38},"status":"passed","steps":[{"name":"Find clickable elements","time":{"start":1726709916519,"stop":1726709916557,"duration":38},"status":"passed","steps":[],"attachments":[],"parameters":[{"name":"locator","value":"('css selector', 'button[class=\"action submit primary\"]')"},{"name":"timeout","value":"5"}],"shouldDisplayMessage":false,"stepsCount":0,"attachmentsCount":0,"hasContent":true,"attachmentStep":false}],"attachments":[],"parameters":[],"shouldDisplayMessage":false,"stepsCount":1,"attachmentsCount":0,"hasContent":true,"attachmentStep":false}],"attachments":[],"parameters":[],"shouldDisplayMessage":false,"stepsCount":2,"attachmentsCount":0,"hasContent":true,"attachmentStep":false},{"name":"Get error for email input is required ","time":{"start":1726709917289,"stop":1726709922453,"duration":5164},"status":"broken","statusMessage":"selenium.common.exceptions.TimeoutException: Message: \nStacktrace:\n#0 0x556e9e90a2da <unknown>\n#1 0x556e9e5d8200 <unknown>\n#2 0x556e9e627aa2 <unknown>\n#3 0x556e9e627d41 <unknown>\n#4 0x556e9e66d964 <unknown>\n#5 0x556e9e64c8fd <unknown>\n#6 0x556e9e66adfd <unknown>\n#7 0x556e9e64c673 <unknown>\n#8 0x556e9e61a473 <unknown>\n#9 0x556e9e61b47e <unknown>\n#10 0x556e9e8d10db <unknown>\n#11 0x556e9e8d5071 <unknown>\n#12 0x556e9e8bd9d5 <unknown>\n#13 0x556e9e8d5bf2 <unknown>\n#14 0x556e9e8a2b6f <unknown>\n#15 0x556e9e8f9248 <unknown>\n#16 0x556e9e8f9417 <unknown>\n#17 0x556e9e9090cc <unknown>\n#18 0x7fe3ed294ac3 <unknown>\n\n","statusTrace":"  File \"/opt/hostedtoolcache/Python/3.11.10/x64/lib/python3.11/site-packages/allure_commons/_allure.py\", line 192, in impl\n    return func(*a, **kw)\n           ^^^^^^^^^^^^^^\n  File \"/home/runner/work/luma_project/luma_project/pages/forgot_your_password_page.py\", line 139, in get_error_email_input_is_required\n    return self.get_error_message(self.locators.RESET_MY_PASSWORD_EMAIL_ERROR)\n           ^^^^^^^^^^^^^^^^^^^^^^^^^^^^^^^^^^^^^^^^^^^^^^^^^^^^^^^^^^^^^^^^^^^\n  File \"/opt/hostedtoolcache/Python/3.11.10/x64/lib/python3.11/site-packages/allure_commons/_allure.py\", line 192, in impl\n    return func(*a, **kw)\n           ^^^^^^^^^^^^^^\n  File \"/home/runner/work/luma_project/luma_project/pages/base_page.py\", line 337, in get_error_message\n    error = wait(self.driver, timeout).until(EC.visibility_of_element_located(locator))\n            ^^^^^^^^^^^^^^^^^^^^^^^^^^^^^^^^^^^^^^^^^^^^^^^^^^^^^^^^^^^^^^^^^^^^^^^^^^^\n  File \"/opt/hostedtoolcache/Python/3.11.10/x64/lib/python3.11/site-packages/selenium/webdriver/support/wait.py\", line 95, in until\n    raise TimeoutException(message, screen, stacktrace)\n","steps":[{"name":"Get error message","time":{"start":1726709917289,"stop":1726709922452,"duration":5163},"status":"broken","statusMessage":"selenium.common.exceptions.TimeoutException: Message: \nStacktrace:\n#0 0x556e9e90a2da <unknown>\n#1 0x556e9e5d8200 <unknown>\n#2 0x556e9e627aa2 <unknown>\n#3 0x556e9e627d41 <unknown>\n#4 0x556e9e66d964 <unknown>\n#5 0x556e9e64c8fd <unknown>\n#6 0x556e9e66adfd <unknown>\n#7 0x556e9e64c673 <unknown>\n#8 0x556e9e61a473 <unknown>\n#9 0x556e9e61b47e <unknown>\n#10 0x556e9e8d10db <unknown>\n#11 0x556e9e8d5071 <unknown>\n#12 0x556e9e8bd9d5 <unknown>\n#13 0x556e9e8d5bf2 <unknown>\n#14 0x556e9e8a2b6f <unknown>\n#15 0x556e9e8f9248 <unknown>\n#16 0x556e9e8f9417 <unknown>\n#17 0x556e9e9090cc <unknown>\n#18 0x7fe3ed294ac3 <unknown>\n\n","statusTrace":"  File \"/opt/hostedtoolcache/Python/3.11.10/x64/lib/python3.11/site-packages/allure_commons/_allure.py\", line 192, in impl\n    return func(*a, **kw)\n           ^^^^^^^^^^^^^^\n  File \"/home/runner/work/luma_project/luma_project/pages/base_page.py\", line 337, in get_error_message\n    error = wait(self.driver, timeout).until(EC.visibility_of_element_located(locator))\n            ^^^^^^^^^^^^^^^^^^^^^^^^^^^^^^^^^^^^^^^^^^^^^^^^^^^^^^^^^^^^^^^^^^^^^^^^^^^\n  File \"/opt/hostedtoolcache/Python/3.11.10/x64/lib/python3.11/site-packages/selenium/webdriver/support/wait.py\", line 95, in until\n    raise TimeoutException(message, screen, stacktrace)\n","steps":[],"attachments":[],"parameters":[{"name":"locator","value":"('css selector', '#email_address-error')"},{"name":"timeout","value":"5"}],"shouldDisplayMessage":true,"stepsCount":0,"attachmentsCount":0,"hasContent":true,"attachmentStep":false}],"attachments":[],"parameters":[],"shouldDisplayMessage":false,"stepsCount":1,"attachmentsCount":0,"hasContent":true,"attachmentStep":false}],"attachments":[{"uid":"39942eaa19050f1","name":"Screenshot","source":"39942eaa19050f1.png","type":"image/png","size":66706},{"uid":"4ec166078228c4d8","name":"HTML source","source":"4ec166078228c4d8.html","type":"text/html","size":78702}],"parameters":[],"shouldDisplayMessage":true,"stepsCount":5,"attachmentsCount":2,"hasContent":true,"attachmentStep":false},"afterStages":[{"name":"driver::0","time":{"start":1726709922565,"stop":1726709922636,"duration":71},"status":"passed","steps":[],"attachments":[],"parameters":[],"shouldDisplayMessage":false,"stepsCount":0,"attachmentsCount":0,"hasContent":false,"attachmentStep":false},{"name":"clear_allure_result_folder::0","time":{"start":1726710968783,"stop":1726710968783,"duration":0},"status":"passed","steps":[],"attachments":[],"parameters":[],"shouldDisplayMessage":false,"stepsCount":0,"attachmentsCount":0,"hasContent":false,"attachmentStep":false}],"labels":[{"name":"epic","value":"Forgot Your Password Functionality"},{"name":"tag","value":"@pytest.mark.xfail(reason='Flaky behavior on CI')"},{"name":"parentSuite","value":"tests"},{"name":"suite","value":"test_forgot_your_password"},{"name":"subSuite","value":"TestForgotYourPasswordFunctionality"},{"name":"host","value":"fv-az842-181"},{"name":"thread","value":"2911-MainThread"},{"name":"framework","value":"pytest"},{"name":"language","value":"cpython3"},{"name":"package","value":"tests.test_forgot_your_password"},{"name":"resultFormat","value":"allure2"}],"parameters":[],"links":[],"hidden":false,"retry":false,"extra":{"severity":"normal","retries":[],"categories":[],"history":{"statistic":{"failed":0,"broken":0,"skipped":4,"passed":1,"unknown":0,"total":5},"items":[{"uid":"4554c3db2c55da03","reportUrl":"https://verafes.github.io/luma_project/437//#testresult/4554c3db2c55da03","status":"skipped","statusDetails":"XFAIL Flaky behavior on CI\n\nselenium.common.exceptions.TimeoutException: Message: \nStacktrace:\n#0 0x560c4e18f86a <unknown>\n#1 0x560c4de5de50 <unknown>\n#2 0x560c4dead644 <unknown>\n#3 0x560c4dead931 <unknown>\n#4 0x560c4def3534 <unknown>\n#5 0x560c4ded24bd <unknown>\n#6 0x560c4def09c6 <unknown>\n#7 0x560c4ded2233 <unknown>\n#8 0x560c4dea0093 <unknown>\n#9 0x560c4dea109e <unknown>\n#10 0x560c4e156acb <unknown>\n#11 0x560c4e15aa81 <unknown>\n#12 0x560c4e142695 <unknown>\n#13 0x560c4e15b5f2 <unknown>\n#14 0x560c4e12786f <unknown>\n#15 0x560c4e17e668 <unknown>\n#16 0x560c4e17e832 <unknown>\n#17 0x560c4e18e65c <unknown>\n#18 0x7fc6e1494ac3 <unknown>","time":{"start":1726622981900,"stop":1726622987879,"duration":5979}},{"uid":"ac6b6c47fcd50cab","reportUrl":"https://verafes.github.io/luma_project/436//#testresult/ac6b6c47fcd50cab","status":"skipped","statusDetails":"XFAIL Flaky behavior on CI\n\nselenium.common.exceptions.TimeoutException: Message: \nStacktrace:\n#0 0x558cbe12386a <unknown>\n#1 0x558cbddf1e50 <unknown>\n#2 0x558cbde41644 <unknown>\n#3 0x558cbde41931 <unknown>\n#4 0x558cbde87534 <unknown>\n#5 0x558cbde664bd <unknown>\n#6 0x558cbde849c6 <unknown>\n#7 0x558cbde66233 <unknown>\n#8 0x558cbde34093 <unknown>\n#9 0x558cbde3509e <unknown>\n#10 0x558cbe0eaacb <unknown>\n#11 0x558cbe0eea81 <unknown>\n#12 0x558cbe0d6695 <unknown>\n#13 0x558cbe0ef5f2 <unknown>\n#14 0x558cbe0bb86f <unknown>\n#15 0x558cbe112668 <unknown>\n#16 0x558cbe112832 <unknown>\n#17 0x558cbe12265c <unknown>\n#18 0x7f45f1c94ac3 <unknown>","time":{"start":1726535760035,"stop":1726535766008,"duration":5973}},{"uid":"a3cc7810631c64d6","reportUrl":"https://verafes.github.io/luma_project/435//#testresult/a3cc7810631c64d6","status":"passed","statusDetails":"XPASS Flaky behavior on CI","time":{"start":1726450932801,"stop":1726450933051,"duration":250}},{"uid":"572b8bdd9deebbbf","reportUrl":"https://verafes.github.io/luma_project/434//#testresult/572b8bdd9deebbbf","status":"skipped","statusDetails":"XFAIL Flaky behavior on CI\n\nselenium.common.exceptions.TimeoutException: Message: \nStacktrace:\n#0 0x55aa6133386a <unknown>\n#1 0x55aa61001e50 <unknown>\n#2 0x55aa61051644 <unknown>\n#3 0x55aa61051931 <unknown>\n#4 0x55aa61097534 <unknown>\n#5 0x55aa610764bd <unknown>\n#6 0x55aa610949c6 <unknown>\n#7 0x55aa61076233 <unknown>\n#8 0x55aa61044093 <unknown>\n#9 0x55aa6104509e <unknown>\n#10 0x55aa612faacb <unknown>\n#11 0x55aa612fea81 <unknown>\n#12 0x55aa612e6695 <unknown>\n#13 0x55aa612ff5f2 <unknown>\n#14 0x55aa612cb86f <unknown>\n#15 0x55aa61322668 <unknown>\n#16 0x55aa61322832 <unknown>\n#17 0x55aa6133265c <unknown>\n#18 0x7fd1e1094ac3 <unknown>","time":{"start":1726364707142,"stop":1726364713141,"duration":5999}}]},"tags":["@pytest.mark.xfail(reason='Flaky behavior on CI')"]},"source":"a0b1694fdc6d6f73.json","parameterValues":[]}