{"uid":"37696a364a10ff4f","name":"TC 13.01.29 - Check the display of the text in block 3 'home-erin' in the Promo Block","fullName":"tests.test_main_page.TestPromoBlock#test_tc_13_01_29_check_info_block_text_in_section2_block3","historyId":"c38799825597cdd800d6bc4c826d00b4","time":{"start":1735024829676,"stop":1735024830834,"duration":1158},"description":"This test checks if the info block text in section 2 block 3 'home-erin' is correct\n            in the Promo Block under header on the main page","descriptionHtml":"<p>This test checks if the info block text in section 2 block 3 'home-erin' is correct<br />\nin the Promo Block under header on the main page</p>\n","status":"broken","statusMessage":"selenium.common.exceptions.NoSuchElementException: Message: no such element: Unable to locate element: {\"method\":\"css selector\",\"selector\":\".home-erin .content .info\"}\n  (Session info: chrome=131.0.6778.139); For documentation on this error, please visit: https://www.selenium.dev/documentation/webdriver/troubleshooting/errors#no-such-element-exception\nStacktrace:\n#0 0x55da80f3d31a <unknown>\n#1 0x55da80a536e0 <unknown>\n#2 0x55da80aa23e6 <unknown>\n#3 0x55da80aa2681 <unknown>\n#4 0x55da80ae7b04 <unknown>\n#5 0x55da80ac648d <unknown>\n#6 0x55da80ae4ed7 <unknown>\n#7 0x55da80ac6203 <unknown>\n#8 0x55da80a94cc0 <unknown>\n#9 0x55da80a95c9e <unknown>\n#10 0x55da80f0ad0b <unknown>\n#11 0x55da80f0ec92 <unknown>\n#12 0x55da80ef7b3c <unknown>\n#13 0x55da80f0f807 <unknown>\n#14 0x55da80edd0df <unknown>\n#15 0x55da80f2c578 <unknown>\n#16 0x55da80f2c740 <unknown>\n#17 0x55da80f3c196 <unknown>\n#18 0x7f2e3bc9ca94 <unknown>\n#19 0x7f2e3bd29c3c <unknown>","statusTrace":"self = <test_main_page.TestMainPage.TestPromoBlock object at 0x7fa23d494f90>\ndriver = <selenium.webdriver.chrome.webdriver.WebDriver (session=\"d3e75a97c7eb217eb70c4bbcbfc5218e\")>\n\n    @allure.title(\"TC 13.01.29 - Check the display of the text in block 3 'home-erin' in the Promo Block\")\n    def test_tc_13_01_29_check_info_block_text_in_section2_block3(self, driver):\n        \"\"\"This test checks if the info block text in section 2 block 3 'home-erin' is correct\n        in the Promo Block under header on the main page\"\"\"\n        page = PromoBlock(driver, MAIN_PAGE_URL)\n        page.open()\n>       actual_text = page.check_info_block_text_in_section2_block3()\n\ntests/test_main_page.py:403: \n_ _ _ _ _ _ _ _ _ _ _ _ _ _ _ _ _ _ _ _ _ _ _ _ _ _ _ _ _ _ _ _ _ _ _ _ _ _ _ _ \npages/main_page.py:280: in check_info_block_text_in_section2_block3\n    info_block_text = self.find_element(self.locators.SECTION_2_BLOCK_3_INFO_BLOCK_TEXT).text\npages/base_page.py:201: in find_element\n    return self.driver.find_element(*locator)\n/opt/hostedtoolcache/Python/3.11.11/x64/lib/python3.11/site-packages/selenium/webdriver/remote/webdriver.py:738: in find_element\n    return self.execute(Command.FIND_ELEMENT, {\"using\": by, \"value\": value})[\"value\"]\n/opt/hostedtoolcache/Python/3.11.11/x64/lib/python3.11/site-packages/selenium/webdriver/remote/webdriver.py:344: in execute\n    self.error_handler.check_response(response)\n_ _ _ _ _ _ _ _ _ _ _ _ _ _ _ _ _ _ _ _ _ _ _ _ _ _ _ _ _ _ _ _ _ _ _ _ _ _ _ _ \n\nself = <selenium.webdriver.remote.errorhandler.ErrorHandler object at 0x7fa23f06b250>\nresponse = {'status': 404, 'value': '{\"value\":{\"error\":\"no such element\",\"message\":\"no such element: Unable to locate element: {\\...\\\\n#17 0x55da80f3c196 \\\\u003Cunknown>\\\\n#18 0x7f2e3bc9ca94 \\\\u003Cunknown>\\\\n#19 0x7f2e3bd29c3c \\\\u003Cunknown>\\\\n\"}}'}\n\n    def check_response(self, response: Dict[str, Any]) -> None:\n        \"\"\"Checks that a JSON response from the WebDriver does not have an\n        error.\n    \n        :Args:\n         - response - The JSON response from the WebDriver server as a dictionary\n           object.\n    \n        :Raises: If the response contains an error message.\n        \"\"\"\n        status = response.get(\"status\", None)\n        if not status or status == ErrorCode.SUCCESS:\n            return\n        value = None\n        message = response.get(\"message\", \"\")\n        screen: str = response.get(\"screen\", \"\")\n        stacktrace = None\n        if isinstance(status, int):\n            value_json = response.get(\"value\", None)\n            if value_json and isinstance(value_json, str):\n                import json\n    \n                try:\n                    value = json.loads(value_json)\n                    if len(value) == 1:\n                        value = value[\"value\"]\n                    status = value.get(\"error\", None)\n                    if not status:\n                        status = value.get(\"status\", ErrorCode.UNKNOWN_ERROR)\n                        message = value.get(\"value\") or value.get(\"message\")\n                        if not isinstance(message, str):\n                            value = message\n                            message = message.get(\"message\")\n                    else:\n                        message = value.get(\"message\", None)\n                except ValueError:\n                    pass\n    \n        exception_class: Type[WebDriverException]\n        e = ErrorCode()\n        error_codes = [item for item in dir(e) if not item.startswith(\"__\")]\n        for error_code in error_codes:\n            error_info = getattr(ErrorCode, error_code)\n            if isinstance(error_info, list) and status in error_info:\n                exception_class = getattr(ExceptionMapping, error_code, WebDriverException)\n                break\n        else:\n            exception_class = WebDriverException\n    \n        if not value:\n            value = response[\"value\"]\n        if isinstance(value, str):\n            raise exception_class(value)\n        if message == \"\" and \"message\" in value:\n            message = value[\"message\"]\n    \n        screen = None  # type: ignore[assignment]\n        if \"screen\" in value:\n            screen = value[\"screen\"]\n    \n        stacktrace = None\n        st_value = value.get(\"stackTrace\") or value.get(\"stacktrace\")\n        if st_value:\n            if isinstance(st_value, str):\n                stacktrace = st_value.split(\"\\n\")\n            else:\n                stacktrace = []\n                try:\n                    for frame in st_value:\n                        line = frame.get(\"lineNumber\", \"\")\n                        file = frame.get(\"fileName\", \"<anonymous>\")\n                        if line:\n                            file = f\"{file}:{line}\"\n                        meth = frame.get(\"methodName\", \"<anonymous>\")\n                        if \"className\" in frame:\n                            meth = f\"{frame['className']}.{meth}\"\n                        msg = \"    at %s (%s)\"\n                        msg = msg % (meth, file)\n                        stacktrace.append(msg)\n                except TypeError:\n                    pass\n        if exception_class == UnexpectedAlertPresentException:\n            alert_text = None\n            if \"data\" in value:\n                alert_text = value[\"data\"].get(\"text\")\n            elif \"alert\" in value:\n                alert_text = value[\"alert\"].get(\"text\")\n            raise exception_class(message, screen, stacktrace, alert_text)  # type: ignore[call-arg]  # mypy is not smart enough here\n>       raise exception_class(message, screen, stacktrace)\nE       selenium.common.exceptions.NoSuchElementException: Message: no such element: Unable to locate element: {\"method\":\"css selector\",\"selector\":\".home-erin .content .info\"}\nE         (Session info: chrome=131.0.6778.139); For documentation on this error, please visit: https://www.selenium.dev/documentation/webdriver/troubleshooting/errors#no-such-element-exception\nE       Stacktrace:\nE       #0 0x55da80f3d31a <unknown>\nE       #1 0x55da80a536e0 <unknown>\nE       #2 0x55da80aa23e6 <unknown>\nE       #3 0x55da80aa2681 <unknown>\nE       #4 0x55da80ae7b04 <unknown>\nE       #5 0x55da80ac648d <unknown>\nE       #6 0x55da80ae4ed7 <unknown>\nE       #7 0x55da80ac6203 <unknown>\nE       #8 0x55da80a94cc0 <unknown>\nE       #9 0x55da80a95c9e <unknown>\nE       #10 0x55da80f0ad0b <unknown>\nE       #11 0x55da80f0ec92 <unknown>\nE       #12 0x55da80ef7b3c <unknown>\nE       #13 0x55da80f0f807 <unknown>\nE       #14 0x55da80edd0df <unknown>\nE       #15 0x55da80f2c578 <unknown>\nE       #16 0x55da80f2c740 <unknown>\nE       #17 0x55da80f3c196 <unknown>\nE       #18 0x7f2e3bc9ca94 <unknown>\nE       #19 0x7f2e3bd29c3c <unknown>\n\n/opt/hostedtoolcache/Python/3.11.11/x64/lib/python3.11/site-packages/selenium/webdriver/remote/errorhandler.py:229: NoSuchElementException","flaky":false,"newFailed":false,"newBroken":false,"newPassed":false,"retriesCount":0,"retriesStatusChange":false,"beforeStages":[{"name":"_session_faker","time":{"start":1735004267387,"stop":1735004267447,"duration":60},"status":"passed","steps":[],"attachments":[],"parameters":[],"shouldDisplayMessage":false,"stepsCount":0,"attachmentsCount":0,"hasContent":false,"attachmentStep":false},{"name":"clear_allure_result_folder","time":{"start":1735004267448,"stop":1735004267448,"duration":0},"status":"passed","steps":[],"attachments":[],"parameters":[],"shouldDisplayMessage":false,"stepsCount":0,"attachmentsCount":0,"hasContent":false,"attachmentStep":false},{"name":"driver","time":{"start":1735024828429,"stop":1735024829675,"duration":1246},"status":"passed","steps":[],"attachments":[],"parameters":[],"shouldDisplayMessage":false,"stepsCount":0,"attachmentsCount":0,"hasContent":false,"attachmentStep":false}],"testStage":{"description":"This test checks if the info block text in section 2 block 3 'home-erin' is correct\n            in the Promo Block under header on the main page","status":"broken","statusMessage":"selenium.common.exceptions.NoSuchElementException: Message: no such element: Unable to locate element: {\"method\":\"css selector\",\"selector\":\".home-erin .content .info\"}\n  (Session info: chrome=131.0.6778.139); For documentation on this error, please visit: https://www.selenium.dev/documentation/webdriver/troubleshooting/errors#no-such-element-exception\nStacktrace:\n#0 0x55da80f3d31a <unknown>\n#1 0x55da80a536e0 <unknown>\n#2 0x55da80aa23e6 <unknown>\n#3 0x55da80aa2681 <unknown>\n#4 0x55da80ae7b04 <unknown>\n#5 0x55da80ac648d <unknown>\n#6 0x55da80ae4ed7 <unknown>\n#7 0x55da80ac6203 <unknown>\n#8 0x55da80a94cc0 <unknown>\n#9 0x55da80a95c9e <unknown>\n#10 0x55da80f0ad0b <unknown>\n#11 0x55da80f0ec92 <unknown>\n#12 0x55da80ef7b3c <unknown>\n#13 0x55da80f0f807 <unknown>\n#14 0x55da80edd0df <unknown>\n#15 0x55da80f2c578 <unknown>\n#16 0x55da80f2c740 <unknown>\n#17 0x55da80f3c196 <unknown>\n#18 0x7f2e3bc9ca94 <unknown>\n#19 0x7f2e3bd29c3c <unknown>","statusTrace":"self = <test_main_page.TestMainPage.TestPromoBlock object at 0x7fa23d494f90>\ndriver = <selenium.webdriver.chrome.webdriver.WebDriver (session=\"d3e75a97c7eb217eb70c4bbcbfc5218e\")>\n\n    @allure.title(\"TC 13.01.29 - Check the display of the text in block 3 'home-erin' in the Promo Block\")\n    def test_tc_13_01_29_check_info_block_text_in_section2_block3(self, driver):\n        \"\"\"This test checks if the info block text in section 2 block 3 'home-erin' is correct\n        in the Promo Block under header on the main page\"\"\"\n        page = PromoBlock(driver, MAIN_PAGE_URL)\n        page.open()\n>       actual_text = page.check_info_block_text_in_section2_block3()\n\ntests/test_main_page.py:403: \n_ _ _ _ _ _ _ _ _ _ _ _ _ _ _ _ _ _ _ _ _ _ _ _ _ _ _ _ _ _ _ _ _ _ _ _ _ _ _ _ \npages/main_page.py:280: in check_info_block_text_in_section2_block3\n    info_block_text = self.find_element(self.locators.SECTION_2_BLOCK_3_INFO_BLOCK_TEXT).text\npages/base_page.py:201: in find_element\n    return self.driver.find_element(*locator)\n/opt/hostedtoolcache/Python/3.11.11/x64/lib/python3.11/site-packages/selenium/webdriver/remote/webdriver.py:738: in find_element\n    return self.execute(Command.FIND_ELEMENT, {\"using\": by, \"value\": value})[\"value\"]\n/opt/hostedtoolcache/Python/3.11.11/x64/lib/python3.11/site-packages/selenium/webdriver/remote/webdriver.py:344: in execute\n    self.error_handler.check_response(response)\n_ _ _ _ _ _ _ _ _ _ _ _ _ _ _ _ _ _ _ _ _ _ _ _ _ _ _ _ _ _ _ _ _ _ _ _ _ _ _ _ \n\nself = <selenium.webdriver.remote.errorhandler.ErrorHandler object at 0x7fa23f06b250>\nresponse = {'status': 404, 'value': '{\"value\":{\"error\":\"no such element\",\"message\":\"no such element: Unable to locate element: {\\...\\\\n#17 0x55da80f3c196 \\\\u003Cunknown>\\\\n#18 0x7f2e3bc9ca94 \\\\u003Cunknown>\\\\n#19 0x7f2e3bd29c3c \\\\u003Cunknown>\\\\n\"}}'}\n\n    def check_response(self, response: Dict[str, Any]) -> None:\n        \"\"\"Checks that a JSON response from the WebDriver does not have an\n        error.\n    \n        :Args:\n         - response - The JSON response from the WebDriver server as a dictionary\n           object.\n    \n        :Raises: If the response contains an error message.\n        \"\"\"\n        status = response.get(\"status\", None)\n        if not status or status == ErrorCode.SUCCESS:\n            return\n        value = None\n        message = response.get(\"message\", \"\")\n        screen: str = response.get(\"screen\", \"\")\n        stacktrace = None\n        if isinstance(status, int):\n            value_json = response.get(\"value\", None)\n            if value_json and isinstance(value_json, str):\n                import json\n    \n                try:\n                    value = json.loads(value_json)\n                    if len(value) == 1:\n                        value = value[\"value\"]\n                    status = value.get(\"error\", None)\n                    if not status:\n                        status = value.get(\"status\", ErrorCode.UNKNOWN_ERROR)\n                        message = value.get(\"value\") or value.get(\"message\")\n                        if not isinstance(message, str):\n                            value = message\n                            message = message.get(\"message\")\n                    else:\n                        message = value.get(\"message\", None)\n                except ValueError:\n                    pass\n    \n        exception_class: Type[WebDriverException]\n        e = ErrorCode()\n        error_codes = [item for item in dir(e) if not item.startswith(\"__\")]\n        for error_code in error_codes:\n            error_info = getattr(ErrorCode, error_code)\n            if isinstance(error_info, list) and status in error_info:\n                exception_class = getattr(ExceptionMapping, error_code, WebDriverException)\n                break\n        else:\n            exception_class = WebDriverException\n    \n        if not value:\n            value = response[\"value\"]\n        if isinstance(value, str):\n            raise exception_class(value)\n        if message == \"\" and \"message\" in value:\n            message = value[\"message\"]\n    \n        screen = None  # type: ignore[assignment]\n        if \"screen\" in value:\n            screen = value[\"screen\"]\n    \n        stacktrace = None\n        st_value = value.get(\"stackTrace\") or value.get(\"stacktrace\")\n        if st_value:\n            if isinstance(st_value, str):\n                stacktrace = st_value.split(\"\\n\")\n            else:\n                stacktrace = []\n                try:\n                    for frame in st_value:\n                        line = frame.get(\"lineNumber\", \"\")\n                        file = frame.get(\"fileName\", \"<anonymous>\")\n                        if line:\n                            file = f\"{file}:{line}\"\n                        meth = frame.get(\"methodName\", \"<anonymous>\")\n                        if \"className\" in frame:\n                            meth = f\"{frame['className']}.{meth}\"\n                        msg = \"    at %s (%s)\"\n                        msg = msg % (meth, file)\n                        stacktrace.append(msg)\n                except TypeError:\n                    pass\n        if exception_class == UnexpectedAlertPresentException:\n            alert_text = None\n            if \"data\" in value:\n                alert_text = value[\"data\"].get(\"text\")\n            elif \"alert\" in value:\n                alert_text = value[\"alert\"].get(\"text\")\n            raise exception_class(message, screen, stacktrace, alert_text)  # type: ignore[call-arg]  # mypy is not smart enough here\n>       raise exception_class(message, screen, stacktrace)\nE       selenium.common.exceptions.NoSuchElementException: Message: no such element: Unable to locate element: {\"method\":\"css selector\",\"selector\":\".home-erin .content .info\"}\nE         (Session info: chrome=131.0.6778.139); For documentation on this error, please visit: https://www.selenium.dev/documentation/webdriver/troubleshooting/errors#no-such-element-exception\nE       Stacktrace:\nE       #0 0x55da80f3d31a <unknown>\nE       #1 0x55da80a536e0 <unknown>\nE       #2 0x55da80aa23e6 <unknown>\nE       #3 0x55da80aa2681 <unknown>\nE       #4 0x55da80ae7b04 <unknown>\nE       #5 0x55da80ac648d <unknown>\nE       #6 0x55da80ae4ed7 <unknown>\nE       #7 0x55da80ac6203 <unknown>\nE       #8 0x55da80a94cc0 <unknown>\nE       #9 0x55da80a95c9e <unknown>\nE       #10 0x55da80f0ad0b <unknown>\nE       #11 0x55da80f0ec92 <unknown>\nE       #12 0x55da80ef7b3c <unknown>\nE       #13 0x55da80f0f807 <unknown>\nE       #14 0x55da80edd0df <unknown>\nE       #15 0x55da80f2c578 <unknown>\nE       #16 0x55da80f2c740 <unknown>\nE       #17 0x55da80f3c196 <unknown>\nE       #18 0x7f2e3bc9ca94 <unknown>\nE       #19 0x7f2e3bd29c3c <unknown>\n\n/opt/hostedtoolcache/Python/3.11.11/x64/lib/python3.11/site-packages/selenium/webdriver/remote/errorhandler.py:229: NoSuchElementException","steps":[{"name":"Open a browser","time":{"start":1735024829676,"stop":1735024830809,"duration":1133},"status":"passed","steps":[],"attachments":[],"parameters":[],"shouldDisplayMessage":false,"stepsCount":0,"attachmentsCount":0,"hasContent":false,"attachmentStep":false},{"name":"Check the text of info block in section 2 block 3 'home-erin' in the Promo Block is correct","time":{"start":1735024830809,"stop":1735024830834,"duration":25},"status":"broken","statusMessage":"selenium.common.exceptions.NoSuchElementException: Message: no such element: Unable to locate element: {\"method\":\"css selector\",\"selector\":\".home-erin .content .info\"}\n  (Session info: chrome=131.0.6778.139); For documentation on this error, please visit: https://www.selenium.dev/documentation/webdriver/troubleshooting/errors#no-such-element-exception\nStacktrace:\n#0 0x55da80f3d31a <unknown>\n#1 0x55da80a536e0 <unknown>\n#2 0x55da80aa23e6 <unknown>\n#3 0x55da80aa2681 <unknown>\n#4 0x55da80ae7b04 <unknown>\n#5 0x55da80ac648d <unknown>\n#6 0x55da80ae4ed7 <unknown>\n#7 0x55da80ac6203 <unknown>\n#8 0x55da80a94cc0 <unknown>\n#9 0x55da80a95c9e <unknown>\n#10 0x55da80f0ad0b <unknown>\n#11 0x55da80f0ec92 <unknown>\n#12 0x55da80ef7b3c <unknown>\n#13 0x55da80f0f807 <unknown>\n#14 0x55da80edd0df <unknown>\n#15 0x55da80f2c578 <unknown>\n#16 0x55da80f2c740 <unknown>\n#17 0x55da80f3c196 <unknown>\n#18 0x7f2e3bc9ca94 <unknown>\n#19 0x7f2e3bd29c3c <unknown>\n\n","statusTrace":"  File \"/opt/hostedtoolcache/Python/3.11.11/x64/lib/python3.11/site-packages/allure_commons/_allure.py\", line 192, in impl\n    return func(*a, **kw)\n           ^^^^^^^^^^^^^^\n  File \"/home/runner/work/luma_project/luma_project/pages/main_page.py\", line 280, in check_info_block_text_in_section2_block3\n    info_block_text = self.find_element(self.locators.SECTION_2_BLOCK_3_INFO_BLOCK_TEXT).text\n                      ^^^^^^^^^^^^^^^^^^^^^^^^^^^^^^^^^^^^^^^^^^^^^^^^^^^^^^^^^^^^^^^^^^\n  File \"/opt/hostedtoolcache/Python/3.11.11/x64/lib/python3.11/site-packages/allure_commons/_allure.py\", line 192, in impl\n    return func(*a, **kw)\n           ^^^^^^^^^^^^^^\n  File \"/home/runner/work/luma_project/luma_project/pages/base_page.py\", line 201, in find_element\n    return self.driver.find_element(*locator)\n           ^^^^^^^^^^^^^^^^^^^^^^^^^^^^^^^^^^\n  File \"/opt/hostedtoolcache/Python/3.11.11/x64/lib/python3.11/site-packages/selenium/webdriver/remote/webdriver.py\", line 738, in find_element\n    return self.execute(Command.FIND_ELEMENT, {\"using\": by, \"value\": value})[\"value\"]\n           ^^^^^^^^^^^^^^^^^^^^^^^^^^^^^^^^^^^^^^^^^^^^^^^^^^^^^^^^^^^^^^^^^\n  File \"/opt/hostedtoolcache/Python/3.11.11/x64/lib/python3.11/site-packages/selenium/webdriver/remote/webdriver.py\", line 344, in execute\n    self.error_handler.check_response(response)\n  File \"/opt/hostedtoolcache/Python/3.11.11/x64/lib/python3.11/site-packages/selenium/webdriver/remote/errorhandler.py\", line 229, in check_response\n    raise exception_class(message, screen, stacktrace)\n","steps":[{"name":"Find element (unpacking)","time":{"start":1735024830810,"stop":1735024830833,"duration":23},"status":"broken","statusMessage":"selenium.common.exceptions.NoSuchElementException: Message: no such element: Unable to locate element: {\"method\":\"css selector\",\"selector\":\".home-erin .content .info\"}\n  (Session info: chrome=131.0.6778.139); For documentation on this error, please visit: https://www.selenium.dev/documentation/webdriver/troubleshooting/errors#no-such-element-exception\nStacktrace:\n#0 0x55da80f3d31a <unknown>\n#1 0x55da80a536e0 <unknown>\n#2 0x55da80aa23e6 <unknown>\n#3 0x55da80aa2681 <unknown>\n#4 0x55da80ae7b04 <unknown>\n#5 0x55da80ac648d <unknown>\n#6 0x55da80ae4ed7 <unknown>\n#7 0x55da80ac6203 <unknown>\n#8 0x55da80a94cc0 <unknown>\n#9 0x55da80a95c9e <unknown>\n#10 0x55da80f0ad0b <unknown>\n#11 0x55da80f0ec92 <unknown>\n#12 0x55da80ef7b3c <unknown>\n#13 0x55da80f0f807 <unknown>\n#14 0x55da80edd0df <unknown>\n#15 0x55da80f2c578 <unknown>\n#16 0x55da80f2c740 <unknown>\n#17 0x55da80f3c196 <unknown>\n#18 0x7f2e3bc9ca94 <unknown>\n#19 0x7f2e3bd29c3c <unknown>\n\n","statusTrace":"  File \"/opt/hostedtoolcache/Python/3.11.11/x64/lib/python3.11/site-packages/allure_commons/_allure.py\", line 192, in impl\n    return func(*a, **kw)\n           ^^^^^^^^^^^^^^\n  File \"/home/runner/work/luma_project/luma_project/pages/base_page.py\", line 201, in find_element\n    return self.driver.find_element(*locator)\n           ^^^^^^^^^^^^^^^^^^^^^^^^^^^^^^^^^^\n  File \"/opt/hostedtoolcache/Python/3.11.11/x64/lib/python3.11/site-packages/selenium/webdriver/remote/webdriver.py\", line 738, in find_element\n    return self.execute(Command.FIND_ELEMENT, {\"using\": by, \"value\": value})[\"value\"]\n           ^^^^^^^^^^^^^^^^^^^^^^^^^^^^^^^^^^^^^^^^^^^^^^^^^^^^^^^^^^^^^^^^^\n  File \"/opt/hostedtoolcache/Python/3.11.11/x64/lib/python3.11/site-packages/selenium/webdriver/remote/webdriver.py\", line 344, in execute\n    self.error_handler.check_response(response)\n  File \"/opt/hostedtoolcache/Python/3.11.11/x64/lib/python3.11/site-packages/selenium/webdriver/remote/errorhandler.py\", line 229, in check_response\n    raise exception_class(message, screen, stacktrace)\n","steps":[],"attachments":[],"parameters":[{"name":"locator","value":"('css selector', '.home-erin .content .info')"}],"shouldDisplayMessage":true,"stepsCount":0,"attachmentsCount":0,"hasContent":true,"attachmentStep":false}],"attachments":[],"parameters":[],"shouldDisplayMessage":false,"stepsCount":1,"attachmentsCount":0,"hasContent":true,"attachmentStep":false}],"attachments":[{"uid":"7bf37d239251456b","name":"Screenshot","source":"7bf37d239251456b.png","type":"image/png","size":547773},{"uid":"a8af54b7354b440b","name":"HTML source","source":"a8af54b7354b440b.html","type":"text/html","size":129291}],"parameters":[],"shouldDisplayMessage":true,"stepsCount":3,"attachmentsCount":2,"hasContent":true,"attachmentStep":false},"afterStages":[{"name":"driver::0","time":{"start":1735024831177,"stop":1735024831250,"duration":73},"status":"passed","steps":[],"attachments":[],"parameters":[],"shouldDisplayMessage":false,"stepsCount":0,"attachmentsCount":0,"hasContent":false,"attachmentStep":false},{"name":"clear_allure_result_folder::0","time":{"start":1735025602501,"stop":1735025602502,"duration":1},"status":"passed","steps":[],"attachments":[],"parameters":[],"shouldDisplayMessage":false,"stepsCount":0,"attachmentsCount":0,"hasContent":false,"attachmentStep":false}],"labels":[{"name":"epic","value":"Main Page"},{"name":"feature","value":"Promo Block Testing"},{"name":"parentSuite","value":"tests"},{"name":"suite","value":"test_main_page"},{"name":"subSuite","value":"TestMainPage"},{"name":"host","value":"fv-az1120-328"},{"name":"thread","value":"2789-MainThread"},{"name":"framework","value":"pytest"},{"name":"language","value":"cpython3"},{"name":"package","value":"tests.test_main_page"},{"name":"resultFormat","value":"allure2"}],"parameters":[],"links":[],"hidden":false,"retry":false,"extra":{"severity":"normal","retries":[],"categories":[{"name":"Test defects","matchedStatuses":[],"flaky":false}],"history":{"statistic":{"failed":0,"broken":3,"skipped":0,"passed":0,"unknown":0,"total":3},"items":[{"uid":"29ba894b242ef5ce","reportUrl":"https://verafes.github.io/luma_project/533//#testresult/29ba894b242ef5ce","status":"broken","statusDetails":"selenium.common.exceptions.NoSuchElementException: Message: no such element: Unable to locate element: {\"method\":\"css selector\",\"selector\":\".home-erin .content .info\"}\n  (Session info: chrome=131.0.6778.139); For documentation on this error, please visit: https://www.selenium.dev/documentation/webdriver/troubleshooting/errors#no-such-element-exception\nStacktrace:\n#0 0x55944dc9331a <unknown>\n#1 0x55944d7a96e0 <unknown>\n#2 0x55944d7f83e6 <unknown>\n#3 0x55944d7f8681 <unknown>\n#4 0x55944d83db04 <unknown>\n#5 0x55944d81c48d <unknown>\n#6 0x55944d83aed7 <unknown>\n#7 0x55944d81c203 <unknown>\n#8 0x55944d7eacc0 <unknown>\n#9 0x55944d7ebc9e <unknown>\n#10 0x55944dc60d0b <unknown>\n#11 0x55944dc64c92 <unknown>\n#12 0x55944dc4db3c <unknown>\n#13 0x55944dc65807 <unknown>\n#14 0x55944dc330df <unknown>\n#15 0x55944dc82578 <unknown>\n#16 0x55944dc82740 <unknown>\n#17 0x55944dc92196 <unknown>\n#18 0x7fa165e9ca94 <unknown>\n#19 0x7fa165f29c3c <unknown>","time":{"start":1734918701716,"stop":1734918702888,"duration":1172}},{"uid":"93a4480c84178e64","reportUrl":"https://verafes.github.io/luma_project/532//#testresult/93a4480c84178e64","status":"broken","statusDetails":"selenium.common.exceptions.NoSuchElementException: Message: no such element: Unable to locate element: {\"method\":\"css selector\",\"selector\":\".home-erin .content .info\"}\n  (Session info: chrome=131.0.6778.139); For documentation on this error, please visit: https://www.selenium.dev/documentation/webdriver/troubleshooting/errors#no-such-element-exception\nStacktrace:\n#0 0x558eb4de731a <unknown>\n#1 0x558eb48fd6e0 <unknown>\n#2 0x558eb494c3e6 <unknown>\n#3 0x558eb494c681 <unknown>\n#4 0x558eb4991b04 <unknown>\n#5 0x558eb497048d <unknown>\n#6 0x558eb498eed7 <unknown>\n#7 0x558eb4970203 <unknown>\n#8 0x558eb493ecc0 <unknown>\n#9 0x558eb493fc9e <unknown>\n#10 0x558eb4db4d0b <unknown>\n#11 0x558eb4db8c92 <unknown>\n#12 0x558eb4da1b3c <unknown>\n#13 0x558eb4db9807 <unknown>\n#14 0x558eb4d870df <unknown>\n#15 0x558eb4dd6578 <unknown>\n#16 0x558eb4dd6740 <unknown>\n#17 0x558eb4de6196 <unknown>\n#18 0x7f792c89ca94 <unknown>\n#19 0x7f792c929c3c <unknown>","time":{"start":1734832547244,"stop":1734832548243,"duration":999}}]},"tags":[]},"source":"37696a364a10ff4f.json","parameterValues":[]}