{"uid":"21bbd4767de8eab","name":"TC 13.01.45 - Check block 2 'home-t-shirts' in section 2 of the Promo Block is present in the DOM tree","fullName":"tests.test_main_page.TestPromoBlock#test_tc_13_01_45_check_block2_in_section2_is_present","historyId":"b2990700aa81ab309bfebec2ac4ead86","time":{"start":1738633742307,"stop":1738633748850,"duration":6543},"description":"This test checks if block 2 'home-t-shirts' in section 2 in the Promo Block is present\n            in the DOM tree on the main page","descriptionHtml":"<p>This test checks if block 2 'home-t-shirts' in section 2 in the Promo Block is present<br />\nin the DOM tree on the main page</p>\n","status":"broken","statusMessage":"selenium.common.exceptions.TimeoutException: Message: \nStacktrace:\n#0 0x55ca45e02dca <unknown>\n#1 0x55ca458f93f0 <unknown>\n#2 0x55ca4594910c <unknown>\n#3 0x55ca45949331 <unknown>\n#4 0x55ca4598f154 <unknown>\n#5 0x55ca4596dabd <unknown>\n#6 0x55ca4598c4b3 <unknown>\n#7 0x55ca4596d833 <unknown>\n#8 0x55ca4593a5a0 <unknown>\n#9 0x55ca4593bece <unknown>\n#10 0x55ca45dccbdb <unknown>\n#11 0x55ca45dd0b67 <unknown>\n#12 0x55ca45db83bc <unknown>\n#13 0x55ca45dd1727 <unknown>\n#14 0x55ca45d9c74f <unknown>\n#15 0x55ca45df1938 <unknown>\n#16 0x55ca45df1b00 <unknown>\n#17 0x55ca45e01c46 <unknown>\n#18 0x7f9df5c9ca94 <unknown>\n#19 0x7f9df5d29c3c <unknown>","statusTrace":"self = <test_main_page.TestMainPage.TestPromoBlock object at 0x7f88ae8ab390>\ndriver = <selenium.webdriver.chrome.webdriver.WebDriver (session=\"04bc75fb56a29b805d57422bc57cc460\")>\n\n    @allure.title(\"TC 13.01.45 - Check block 2 'home-t-shirts' in section 2 of the Promo Block is present \"\n                  \"in the DOM tree\")\n    def test_tc_13_01_45_check_block2_in_section2_is_present(self, driver):\n        \"\"\"This test checks if block 2 'home-t-shirts' in section 2 in the Promo Block is present\n        in the DOM tree on the main page\"\"\"\n        page = PromoBlock(driver, MAIN_PAGE_URL)\n        page.open()\n>       block2_section2 = page.check_block2_section2_is_present()\n\ntests/test_main_page.py:594: \n_ _ _ _ _ _ _ _ _ _ _ _ _ _ _ _ _ _ _ _ _ _ _ _ _ _ _ _ _ _ _ _ _ _ _ _ _ _ _ _ \npages/main_page.py:211: in check_block2_section2_is_present\n    return self.element_is_present(self.locators.SECTION_2_BLOCK_2)\npages/base_page.py:50: in element_is_present\n    return wait(self.driver, timeout).until(EC.presence_of_element_located(locator))\n_ _ _ _ _ _ _ _ _ _ _ _ _ _ _ _ _ _ _ _ _ _ _ _ _ _ _ _ _ _ _ _ _ _ _ _ _ _ _ _ \n\nself = <selenium.webdriver.support.wait.WebDriverWait (session=\"04bc75fb56a29b805d57422bc57cc460\")>\nmethod = <function presence_of_element_located.<locals>._predicate at 0x7f88ae7ca5c0>\nmessage = ''\n\n    def until(self, method, message: str = \"\"):\n        \"\"\"Calls the method provided with the driver as an argument until the \\\n        return value does not evaluate to ``False``.\n    \n        :param method: callable(WebDriver)\n        :param message: optional message for :exc:`TimeoutException`\n        :returns: the result of the last call to `method`\n        :raises: :exc:`selenium.common.exceptions.TimeoutException` if timeout occurs\n        \"\"\"\n        screen = None\n        stacktrace = None\n    \n        end_time = time.monotonic() + self._timeout\n        while True:\n            try:\n                value = method(self._driver)\n                if value:\n                    return value\n            except self._ignored_exceptions as exc:\n                screen = getattr(exc, \"screen\", None)\n                stacktrace = getattr(exc, \"stacktrace\", None)\n            time.sleep(self._poll)\n            if time.monotonic() > end_time:\n                break\n>       raise TimeoutException(message, screen, stacktrace)\nE       selenium.common.exceptions.TimeoutException: Message: \nE       Stacktrace:\nE       #0 0x55ca45e02dca <unknown>\nE       #1 0x55ca458f93f0 <unknown>\nE       #2 0x55ca4594910c <unknown>\nE       #3 0x55ca45949331 <unknown>\nE       #4 0x55ca4598f154 <unknown>\nE       #5 0x55ca4596dabd <unknown>\nE       #6 0x55ca4598c4b3 <unknown>\nE       #7 0x55ca4596d833 <unknown>\nE       #8 0x55ca4593a5a0 <unknown>\nE       #9 0x55ca4593bece <unknown>\nE       #10 0x55ca45dccbdb <unknown>\nE       #11 0x55ca45dd0b67 <unknown>\nE       #12 0x55ca45db83bc <unknown>\nE       #13 0x55ca45dd1727 <unknown>\nE       #14 0x55ca45d9c74f <unknown>\nE       #15 0x55ca45df1938 <unknown>\nE       #16 0x55ca45df1b00 <unknown>\nE       #17 0x55ca45e01c46 <unknown>\nE       #18 0x7f9df5c9ca94 <unknown>\nE       #19 0x7f9df5d29c3c <unknown>\n\n/opt/hostedtoolcache/Python/3.11.11/x64/lib/python3.11/site-packages/selenium/webdriver/support/wait.py:95: TimeoutException","flaky":false,"newFailed":false,"newBroken":false,"newPassed":false,"retriesCount":0,"retriesStatusChange":false,"beforeStages":[{"name":"_session_faker","time":{"start":1738632965123,"stop":1738632965184,"duration":61},"status":"passed","steps":[],"attachments":[],"parameters":[],"shouldDisplayMessage":false,"stepsCount":0,"attachmentsCount":0,"hasContent":false,"attachmentStep":false},{"name":"clear_allure_result_folder","time":{"start":1738632965184,"stop":1738632965185,"duration":1},"status":"passed","steps":[],"attachments":[],"parameters":[],"shouldDisplayMessage":false,"stepsCount":0,"attachmentsCount":0,"hasContent":false,"attachmentStep":false},{"name":"driver","time":{"start":1738633741126,"stop":1738633742307,"duration":1181},"status":"passed","steps":[],"attachments":[],"parameters":[],"shouldDisplayMessage":false,"stepsCount":0,"attachmentsCount":0,"hasContent":false,"attachmentStep":false}],"testStage":{"description":"This test checks if block 2 'home-t-shirts' in section 2 in the Promo Block is present\n            in the DOM tree on the main page","status":"broken","statusMessage":"selenium.common.exceptions.TimeoutException: Message: \nStacktrace:\n#0 0x55ca45e02dca <unknown>\n#1 0x55ca458f93f0 <unknown>\n#2 0x55ca4594910c <unknown>\n#3 0x55ca45949331 <unknown>\n#4 0x55ca4598f154 <unknown>\n#5 0x55ca4596dabd <unknown>\n#6 0x55ca4598c4b3 <unknown>\n#7 0x55ca4596d833 <unknown>\n#8 0x55ca4593a5a0 <unknown>\n#9 0x55ca4593bece <unknown>\n#10 0x55ca45dccbdb <unknown>\n#11 0x55ca45dd0b67 <unknown>\n#12 0x55ca45db83bc <unknown>\n#13 0x55ca45dd1727 <unknown>\n#14 0x55ca45d9c74f <unknown>\n#15 0x55ca45df1938 <unknown>\n#16 0x55ca45df1b00 <unknown>\n#17 0x55ca45e01c46 <unknown>\n#18 0x7f9df5c9ca94 <unknown>\n#19 0x7f9df5d29c3c <unknown>","statusTrace":"self = <test_main_page.TestMainPage.TestPromoBlock object at 0x7f88ae8ab390>\ndriver = <selenium.webdriver.chrome.webdriver.WebDriver (session=\"04bc75fb56a29b805d57422bc57cc460\")>\n\n    @allure.title(\"TC 13.01.45 - Check block 2 'home-t-shirts' in section 2 of the Promo Block is present \"\n                  \"in the DOM tree\")\n    def test_tc_13_01_45_check_block2_in_section2_is_present(self, driver):\n        \"\"\"This test checks if block 2 'home-t-shirts' in section 2 in the Promo Block is present\n        in the DOM tree on the main page\"\"\"\n        page = PromoBlock(driver, MAIN_PAGE_URL)\n        page.open()\n>       block2_section2 = page.check_block2_section2_is_present()\n\ntests/test_main_page.py:594: \n_ _ _ _ _ _ _ _ _ _ _ _ _ _ _ _ _ _ _ _ _ _ _ _ _ _ _ _ _ _ _ _ _ _ _ _ _ _ _ _ \npages/main_page.py:211: in check_block2_section2_is_present\n    return self.element_is_present(self.locators.SECTION_2_BLOCK_2)\npages/base_page.py:50: in element_is_present\n    return wait(self.driver, timeout).until(EC.presence_of_element_located(locator))\n_ _ _ _ _ _ _ _ _ _ _ _ _ _ _ _ _ _ _ _ _ _ _ _ _ _ _ _ _ _ _ _ _ _ _ _ _ _ _ _ \n\nself = <selenium.webdriver.support.wait.WebDriverWait (session=\"04bc75fb56a29b805d57422bc57cc460\")>\nmethod = <function presence_of_element_located.<locals>._predicate at 0x7f88ae7ca5c0>\nmessage = ''\n\n    def until(self, method, message: str = \"\"):\n        \"\"\"Calls the method provided with the driver as an argument until the \\\n        return value does not evaluate to ``False``.\n    \n        :param method: callable(WebDriver)\n        :param message: optional message for :exc:`TimeoutException`\n        :returns: the result of the last call to `method`\n        :raises: :exc:`selenium.common.exceptions.TimeoutException` if timeout occurs\n        \"\"\"\n        screen = None\n        stacktrace = None\n    \n        end_time = time.monotonic() + self._timeout\n        while True:\n            try:\n                value = method(self._driver)\n                if value:\n                    return value\n            except self._ignored_exceptions as exc:\n                screen = getattr(exc, \"screen\", None)\n                stacktrace = getattr(exc, \"stacktrace\", None)\n            time.sleep(self._poll)\n            if time.monotonic() > end_time:\n                break\n>       raise TimeoutException(message, screen, stacktrace)\nE       selenium.common.exceptions.TimeoutException: Message: \nE       Stacktrace:\nE       #0 0x55ca45e02dca <unknown>\nE       #1 0x55ca458f93f0 <unknown>\nE       #2 0x55ca4594910c <unknown>\nE       #3 0x55ca45949331 <unknown>\nE       #4 0x55ca4598f154 <unknown>\nE       #5 0x55ca4596dabd <unknown>\nE       #6 0x55ca4598c4b3 <unknown>\nE       #7 0x55ca4596d833 <unknown>\nE       #8 0x55ca4593a5a0 <unknown>\nE       #9 0x55ca4593bece <unknown>\nE       #10 0x55ca45dccbdb <unknown>\nE       #11 0x55ca45dd0b67 <unknown>\nE       #12 0x55ca45db83bc <unknown>\nE       #13 0x55ca45dd1727 <unknown>\nE       #14 0x55ca45d9c74f <unknown>\nE       #15 0x55ca45df1938 <unknown>\nE       #16 0x55ca45df1b00 <unknown>\nE       #17 0x55ca45e01c46 <unknown>\nE       #18 0x7f9df5c9ca94 <unknown>\nE       #19 0x7f9df5d29c3c <unknown>\n\n/opt/hostedtoolcache/Python/3.11.11/x64/lib/python3.11/site-packages/selenium/webdriver/support/wait.py:95: TimeoutException","steps":[{"name":"Open a browser","time":{"start":1738633742308,"stop":1738633743538,"duration":1230},"status":"passed","steps":[],"attachments":[],"parameters":[],"shouldDisplayMessage":false,"stepsCount":0,"attachmentsCount":0,"hasContent":false,"attachmentStep":false},{"name":"Check block 2 'home-t-shirts' in section 2 of the Promo Block is present in the DOM tree","time":{"start":1738633743538,"stop":1738633748850,"duration":5312},"status":"broken","statusMessage":"selenium.common.exceptions.TimeoutException: Message: \nStacktrace:\n#0 0x55ca45e02dca <unknown>\n#1 0x55ca458f93f0 <unknown>\n#2 0x55ca4594910c <unknown>\n#3 0x55ca45949331 <unknown>\n#4 0x55ca4598f154 <unknown>\n#5 0x55ca4596dabd <unknown>\n#6 0x55ca4598c4b3 <unknown>\n#7 0x55ca4596d833 <unknown>\n#8 0x55ca4593a5a0 <unknown>\n#9 0x55ca4593bece <unknown>\n#10 0x55ca45dccbdb <unknown>\n#11 0x55ca45dd0b67 <unknown>\n#12 0x55ca45db83bc <unknown>\n#13 0x55ca45dd1727 <unknown>\n#14 0x55ca45d9c74f <unknown>\n#15 0x55ca45df1938 <unknown>\n#16 0x55ca45df1b00 <unknown>\n#17 0x55ca45e01c46 <unknown>\n#18 0x7f9df5c9ca94 <unknown>\n#19 0x7f9df5d29c3c <unknown>\n\n","statusTrace":"  File \"/opt/hostedtoolcache/Python/3.11.11/x64/lib/python3.11/site-packages/allure_commons/_allure.py\", line 192, in impl\n    return func(*a, **kw)\n           ^^^^^^^^^^^^^^\n  File \"/home/runner/work/luma_project/luma_project/pages/main_page.py\", line 211, in check_block2_section2_is_present\n    return self.element_is_present(self.locators.SECTION_2_BLOCK_2)\n           ^^^^^^^^^^^^^^^^^^^^^^^^^^^^^^^^^^^^^^^^^^^^^^^^^^^^^^^^\n  File \"/opt/hostedtoolcache/Python/3.11.11/x64/lib/python3.11/site-packages/allure_commons/_allure.py\", line 192, in impl\n    return func(*a, **kw)\n           ^^^^^^^^^^^^^^\n  File \"/home/runner/work/luma_project/luma_project/pages/base_page.py\", line 50, in element_is_present\n    return wait(self.driver, timeout).until(EC.presence_of_element_located(locator))\n           ^^^^^^^^^^^^^^^^^^^^^^^^^^^^^^^^^^^^^^^^^^^^^^^^^^^^^^^^^^^^^^^^^^^^^^^^^\n  File \"/opt/hostedtoolcache/Python/3.11.11/x64/lib/python3.11/site-packages/selenium/webdriver/support/wait.py\", line 95, in until\n    raise TimeoutException(message, screen, stacktrace)\n","steps":[{"name":"Find a present element","time":{"start":1738633743538,"stop":1738633748849,"duration":5311},"status":"broken","statusMessage":"selenium.common.exceptions.TimeoutException: Message: \nStacktrace:\n#0 0x55ca45e02dca <unknown>\n#1 0x55ca458f93f0 <unknown>\n#2 0x55ca4594910c <unknown>\n#3 0x55ca45949331 <unknown>\n#4 0x55ca4598f154 <unknown>\n#5 0x55ca4596dabd <unknown>\n#6 0x55ca4598c4b3 <unknown>\n#7 0x55ca4596d833 <unknown>\n#8 0x55ca4593a5a0 <unknown>\n#9 0x55ca4593bece <unknown>\n#10 0x55ca45dccbdb <unknown>\n#11 0x55ca45dd0b67 <unknown>\n#12 0x55ca45db83bc <unknown>\n#13 0x55ca45dd1727 <unknown>\n#14 0x55ca45d9c74f <unknown>\n#15 0x55ca45df1938 <unknown>\n#16 0x55ca45df1b00 <unknown>\n#17 0x55ca45e01c46 <unknown>\n#18 0x7f9df5c9ca94 <unknown>\n#19 0x7f9df5d29c3c <unknown>\n\n","statusTrace":"  File \"/opt/hostedtoolcache/Python/3.11.11/x64/lib/python3.11/site-packages/allure_commons/_allure.py\", line 192, in impl\n    return func(*a, **kw)\n           ^^^^^^^^^^^^^^\n  File \"/home/runner/work/luma_project/luma_project/pages/base_page.py\", line 50, in element_is_present\n    return wait(self.driver, timeout).until(EC.presence_of_element_located(locator))\n           ^^^^^^^^^^^^^^^^^^^^^^^^^^^^^^^^^^^^^^^^^^^^^^^^^^^^^^^^^^^^^^^^^^^^^^^^^\n  File \"/opt/hostedtoolcache/Python/3.11.11/x64/lib/python3.11/site-packages/selenium/webdriver/support/wait.py\", line 95, in until\n    raise TimeoutException(message, screen, stacktrace)\n","steps":[],"attachments":[],"parameters":[{"name":"locator","value":"('css selector', '.home-t-shirts')"},{"name":"timeout","value":"5"}],"shouldDisplayMessage":true,"stepsCount":0,"attachmentsCount":0,"hasContent":true,"attachmentStep":false}],"attachments":[],"parameters":[],"shouldDisplayMessage":false,"stepsCount":1,"attachmentsCount":0,"hasContent":true,"attachmentStep":false}],"attachments":[{"uid":"21fdb9aa8f927046","name":"Screenshot","source":"21fdb9aa8f927046.png","type":"image/png","size":548028},{"uid":"c9bfa36d3ebbfbc9","name":"HTML source","source":"c9bfa36d3ebbfbc9.html","type":"text/html","size":145499}],"parameters":[],"shouldDisplayMessage":true,"stepsCount":3,"attachmentsCount":2,"hasContent":true,"attachmentStep":false},"afterStages":[{"name":"driver::0","time":{"start":1738633749085,"stop":1738633749170,"duration":85},"status":"passed","steps":[],"attachments":[],"parameters":[],"shouldDisplayMessage":false,"stepsCount":0,"attachmentsCount":0,"hasContent":false,"attachmentStep":false},{"name":"clear_allure_result_folder::0","time":{"start":1738634430652,"stop":1738634430652,"duration":0},"status":"passed","steps":[],"attachments":[],"parameters":[],"shouldDisplayMessage":false,"stepsCount":0,"attachmentsCount":0,"hasContent":false,"attachmentStep":false}],"labels":[{"name":"epic","value":"Main Page"},{"name":"feature","value":"Promo Block Testing"},{"name":"parentSuite","value":"tests"},{"name":"suite","value":"test_main_page"},{"name":"subSuite","value":"TestMainPage"},{"name":"host","value":"fv-az1781-556"},{"name":"thread","value":"2863-MainThread"},{"name":"framework","value":"pytest"},{"name":"language","value":"cpython3"},{"name":"package","value":"tests.test_main_page"},{"name":"resultFormat","value":"allure2"}],"parameters":[],"links":[],"hidden":false,"retry":false,"extra":{"severity":"normal","retries":[],"categories":[{"name":"Test defects","matchedStatuses":[],"flaky":false}],"history":{"statistic":{"failed":0,"broken":3,"skipped":0,"passed":0,"unknown":0,"total":3},"items":[{"uid":"6a2580a623db642d","reportUrl":"https://verafes.github.io/luma_project/575//#testresult/6a2580a623db642d","status":"broken","statusDetails":"selenium.common.exceptions.TimeoutException: Message: \nStacktrace:\n#0 0x5567657cfdca <unknown>\n#1 0x5567652c63f0 <unknown>\n#2 0x55676531610c <unknown>\n#3 0x556765316331 <unknown>\n#4 0x55676535c154 <unknown>\n#5 0x55676533aabd <unknown>\n#6 0x5567653594b3 <unknown>\n#7 0x55676533a833 <unknown>\n#8 0x5567653075a0 <unknown>\n#9 0x556765308ece <unknown>\n#10 0x556765799bdb <unknown>\n#11 0x55676579db67 <unknown>\n#12 0x5567657853bc <unknown>\n#13 0x55676579e727 <unknown>\n#14 0x55676576974f <unknown>\n#15 0x5567657be938 <unknown>\n#16 0x5567657beb00 <unknown>\n#17 0x5567657cec46 <unknown>\n#18 0x7f957da9ca94 <unknown>\n#19 0x7f957db29c3c <unknown>","time":{"start":1738547428903,"stop":1738547435647,"duration":6744}},{"uid":"cec525b6e0f6bcc0","reportUrl":"https://verafes.github.io/luma_project/574//#testresult/cec525b6e0f6bcc0","status":"broken","statusDetails":"selenium.common.exceptions.TimeoutException: Message: \nStacktrace:\n#0 0x5630dea9fdca <unknown>\n#1 0x5630de5963f0 <unknown>\n#2 0x5630de5e610c <unknown>\n#3 0x5630de5e6331 <unknown>\n#4 0x5630de62c154 <unknown>\n#5 0x5630de60aabd <unknown>\n#6 0x5630de6294b3 <unknown>\n#7 0x5630de60a833 <unknown>\n#8 0x5630de5d75a0 <unknown>\n#9 0x5630de5d8ece <unknown>\n#10 0x5630dea69bdb <unknown>\n#11 0x5630dea6db67 <unknown>\n#12 0x5630dea553bc <unknown>\n#13 0x5630dea6e727 <unknown>\n#14 0x5630dea3974f <unknown>\n#15 0x5630dea8e938 <unknown>\n#16 0x5630dea8eb00 <unknown>\n#17 0x5630dea9ec46 <unknown>\n#18 0x7fe89249ca94 <unknown>\n#19 0x7fe892529c3c <unknown>","time":{"start":1738461152444,"stop":1738461158867,"duration":6423}}]},"tags":[]},"source":"21bbd4767de8eab.json","parameterValues":[]}