{"uid":"7c56eafbf55f084c","name":"Check the transition to the page my wish after clicking on the button. User is not authorized","fullName":"tests.test_main_page.TestHotSellerSection#test_06_01_17_check_the_transition_to_the_page_my_wish_after_click_on_the_button","historyId":"0a4f97c306f2cceb030ba035cd56202a","time":{"start":1738633504791,"stop":1738633516703,"duration":11912},"description":"\n            This test will check that after clicking on the add to wishlist button,\n            you are redirected to the My Wishlist page\n            User is not authorized\n            ","descriptionHtml":"<pre><code>        This test will check that after clicking on the add to wishlist button,\n        you are redirected to the My Wishlist page\n        User is not authorized\n</code></pre>\n","status":"skipped","statusMessage":"XFAIL In CI, there is no transition to the user registration page, so the test fails\n\nselenium.common.exceptions.TimeoutException: Message:","statusTrace":"self = <test_main_page.TestMainPage.TestHotSellerSection object at 0x7f88ae8b3210>\ndriver = <selenium.webdriver.chrome.webdriver.WebDriver (session=\"8a0df67cd2c905b5428d1e2ffce5f098\")>\n\n    @pytest.mark.xfail(reason=\"In CI, there is no transition to the user registration page, so the test fails\")\n    @allure.title(\"Check the transition to the page my wish after clicking on the button. User is not authorized\")\n    def test_06_01_17_check_the_transition_to_the_page_my_wish_after_click_on_the_button(self, driver):\n        \"\"\"\n        This test will check that after clicking on the add to wishlist button,\n        you are redirected to the My Wishlist page\n        User is not authorized\n        \"\"\"\n        page = MainPage(driver, MAIN_PAGE_URL)\n        page.open()\n>       error_message_text = page.check_the_transition_to_the_page_my_wish_after_click_on_the_button()\n\ntests/test_main_page.py:109: \n_ _ _ _ _ _ _ _ _ _ _ _ _ _ _ _ _ _ _ _ _ _ _ _ _ _ _ _ _ _ _ _ _ _ _ _ _ _ _ _ \npages/main_page.py:137: in check_the_transition_to_the_page_my_wish_after_click_on_the_button\n    button = self.element_is_visible(self.locators.PRODUCT_CARD_BUTTONS[\"add_to_wish_list\"])\npages/base_page.py:30: in element_is_visible\n    return wait(self.driver, timeout).until(EC.visibility_of_element_located(locator))\n_ _ _ _ _ _ _ _ _ _ _ _ _ _ _ _ _ _ _ _ _ _ _ _ _ _ _ _ _ _ _ _ _ _ _ _ _ _ _ _ \n\nself = <selenium.webdriver.support.wait.WebDriverWait (session=\"8a0df67cd2c905b5428d1e2ffce5f098\")>\nmethod = <function visibility_of_element_located.<locals>._predicate at 0x7f88ae6b11c0>\nmessage = ''\n\n    def until(self, method, message: str = \"\"):\n        \"\"\"Calls the method provided with the driver as an argument until the \\\n        return value does not evaluate to ``False``.\n    \n        :param method: callable(WebDriver)\n        :param message: optional message for :exc:`TimeoutException`\n        :returns: the result of the last call to `method`\n        :raises: :exc:`selenium.common.exceptions.TimeoutException` if timeout occurs\n        \"\"\"\n        screen = None\n        stacktrace = None\n    \n        end_time = time.monotonic() + self._timeout\n        while True:\n            try:\n                value = method(self._driver)\n                if value:\n                    return value\n            except self._ignored_exceptions as exc:\n                screen = getattr(exc, \"screen\", None)\n                stacktrace = getattr(exc, \"stacktrace\", None)\n            time.sleep(self._poll)\n            if time.monotonic() > end_time:\n                break\n>       raise TimeoutException(message, screen, stacktrace)\nE       selenium.common.exceptions.TimeoutException: Message:\n\n/opt/hostedtoolcache/Python/3.11.11/x64/lib/python3.11/site-packages/selenium/webdriver/support/wait.py:95: TimeoutException","flaky":false,"newFailed":false,"newBroken":false,"newPassed":false,"retriesCount":0,"retriesStatusChange":false,"beforeStages":[{"name":"_session_faker","time":{"start":1738632965123,"stop":1738632965184,"duration":61},"status":"passed","steps":[],"attachments":[],"parameters":[],"shouldDisplayMessage":false,"stepsCount":0,"attachmentsCount":0,"hasContent":false,"attachmentStep":false},{"name":"clear_allure_result_folder","time":{"start":1738632965184,"stop":1738632965185,"duration":1},"status":"passed","steps":[],"attachments":[],"parameters":[],"shouldDisplayMessage":false,"stepsCount":0,"attachmentsCount":0,"hasContent":false,"attachmentStep":false},{"name":"driver","time":{"start":1738633503608,"stop":1738633504791,"duration":1183},"status":"passed","steps":[],"attachments":[],"parameters":[],"shouldDisplayMessage":false,"stepsCount":0,"attachmentsCount":0,"hasContent":false,"attachmentStep":false}],"testStage":{"description":"\n            This test will check that after clicking on the add to wishlist button,\n            you are redirected to the My Wishlist page\n            User is not authorized\n            ","status":"skipped","statusMessage":"XFAIL In CI, there is no transition to the user registration page, so the test fails\n\nselenium.common.exceptions.TimeoutException: Message:","statusTrace":"self = <test_main_page.TestMainPage.TestHotSellerSection object at 0x7f88ae8b3210>\ndriver = <selenium.webdriver.chrome.webdriver.WebDriver (session=\"8a0df67cd2c905b5428d1e2ffce5f098\")>\n\n    @pytest.mark.xfail(reason=\"In CI, there is no transition to the user registration page, so the test fails\")\n    @allure.title(\"Check the transition to the page my wish after clicking on the button. User is not authorized\")\n    def test_06_01_17_check_the_transition_to_the_page_my_wish_after_click_on_the_button(self, driver):\n        \"\"\"\n        This test will check that after clicking on the add to wishlist button,\n        you are redirected to the My Wishlist page\n        User is not authorized\n        \"\"\"\n        page = MainPage(driver, MAIN_PAGE_URL)\n        page.open()\n>       error_message_text = page.check_the_transition_to_the_page_my_wish_after_click_on_the_button()\n\ntests/test_main_page.py:109: \n_ _ _ _ _ _ _ _ _ _ _ _ _ _ _ _ _ _ _ _ _ _ _ _ _ _ _ _ _ _ _ _ _ _ _ _ _ _ _ _ \npages/main_page.py:137: in check_the_transition_to_the_page_my_wish_after_click_on_the_button\n    button = self.element_is_visible(self.locators.PRODUCT_CARD_BUTTONS[\"add_to_wish_list\"])\npages/base_page.py:30: in element_is_visible\n    return wait(self.driver, timeout).until(EC.visibility_of_element_located(locator))\n_ _ _ _ _ _ _ _ _ _ _ _ _ _ _ _ _ _ _ _ _ _ _ _ _ _ _ _ _ _ _ _ _ _ _ _ _ _ _ _ \n\nself = <selenium.webdriver.support.wait.WebDriverWait (session=\"8a0df67cd2c905b5428d1e2ffce5f098\")>\nmethod = <function visibility_of_element_located.<locals>._predicate at 0x7f88ae6b11c0>\nmessage = ''\n\n    def until(self, method, message: str = \"\"):\n        \"\"\"Calls the method provided with the driver as an argument until the \\\n        return value does not evaluate to ``False``.\n    \n        :param method: callable(WebDriver)\n        :param message: optional message for :exc:`TimeoutException`\n        :returns: the result of the last call to `method`\n        :raises: :exc:`selenium.common.exceptions.TimeoutException` if timeout occurs\n        \"\"\"\n        screen = None\n        stacktrace = None\n    \n        end_time = time.monotonic() + self._timeout\n        while True:\n            try:\n                value = method(self._driver)\n                if value:\n                    return value\n            except self._ignored_exceptions as exc:\n                screen = getattr(exc, \"screen\", None)\n                stacktrace = getattr(exc, \"stacktrace\", None)\n            time.sleep(self._poll)\n            if time.monotonic() > end_time:\n                break\n>       raise TimeoutException(message, screen, stacktrace)\nE       selenium.common.exceptions.TimeoutException: Message:\n\n/opt/hostedtoolcache/Python/3.11.11/x64/lib/python3.11/site-packages/selenium/webdriver/support/wait.py:95: TimeoutException","steps":[{"name":"Open a browser","time":{"start":1738633504791,"stop":1738633506175,"duration":1384},"status":"passed","steps":[],"attachments":[],"parameters":[],"shouldDisplayMessage":false,"stepsCount":0,"attachmentsCount":0,"hasContent":false,"attachmentStep":false},{"name":"Check the transition to the page my desires when clicking on the button. User is not authorized","time":{"start":1738633506175,"stop":1738633516702,"duration":10527},"status":"broken","statusMessage":"selenium.common.exceptions.TimeoutException: Message: \n\n","statusTrace":"  File \"/opt/hostedtoolcache/Python/3.11.11/x64/lib/python3.11/site-packages/allure_commons/_allure.py\", line 192, in impl\n    return func(*a, **kw)\n           ^^^^^^^^^^^^^^\n  File \"/home/runner/work/luma_project/luma_project/pages/main_page.py\", line 137, in check_the_transition_to_the_page_my_wish_after_click_on_the_button\n    button = self.element_is_visible(self.locators.PRODUCT_CARD_BUTTONS[\"add_to_wish_list\"])\n             ^^^^^^^^^^^^^^^^^^^^^^^^^^^^^^^^^^^^^^^^^^^^^^^^^^^^^^^^^^^^^^^^^^^^^^^^^^^^^^^\n  File \"/opt/hostedtoolcache/Python/3.11.11/x64/lib/python3.11/site-packages/allure_commons/_allure.py\", line 192, in impl\n    return func(*a, **kw)\n           ^^^^^^^^^^^^^^\n  File \"/home/runner/work/luma_project/luma_project/pages/base_page.py\", line 30, in element_is_visible\n    return wait(self.driver, timeout).until(EC.visibility_of_element_located(locator))\n           ^^^^^^^^^^^^^^^^^^^^^^^^^^^^^^^^^^^^^^^^^^^^^^^^^^^^^^^^^^^^^^^^^^^^^^^^^^^\n  File \"/opt/hostedtoolcache/Python/3.11.11/x64/lib/python3.11/site-packages/selenium/webdriver/support/wait.py\", line 95, in until\n    raise TimeoutException(message, screen, stacktrace)\n","steps":[{"name":"Find a visible element","time":{"start":1738633506175,"stop":1738633506238,"duration":63},"status":"passed","steps":[{"name":"Find a present element","time":{"start":1738633506175,"stop":1738633506184,"duration":9},"status":"passed","steps":[],"attachments":[],"parameters":[{"name":"locator","value":"('css selector', \"li[class='product-item']:nth-child(1) div[class='product-item-info']\")"},{"name":"timeout","value":"5"}],"shouldDisplayMessage":false,"stepsCount":0,"attachmentsCount":0,"hasContent":true,"attachmentStep":false},{"name":"Go to specified element","time":{"start":1738633506184,"stop":1738633506191,"duration":7},"status":"passed","steps":[],"attachments":[],"parameters":[{"name":"element","value":"<selenium.webdriver.remote.webelement.WebElement (session=\"8a0df67cd2c905b5428d1e2ffce5f098\", element=\"f.E4EE38790B5EED67718E9BE19A0CD76E.d.1DE35EBBC2D29D5407E08202DC14CD3E.e.27\")>"}],"shouldDisplayMessage":false,"stepsCount":0,"attachmentsCount":0,"hasContent":true,"attachmentStep":false}],"attachments":[],"parameters":[{"name":"locator","value":"('css selector', \"li[class='product-item']:nth-child(1) div[class='product-item-info']\")"},{"name":"timeout","value":"10"}],"shouldDisplayMessage":false,"stepsCount":2,"attachmentsCount":0,"hasContent":true,"attachmentStep":false},{"name":"Move cursor to element","time":{"start":1738633506238,"stop":1738633506500,"duration":262},"status":"passed","steps":[],"attachments":[],"parameters":[{"name":"element","value":"<selenium.webdriver.remote.webelement.WebElement (session=\"8a0df67cd2c905b5428d1e2ffce5f098\", element=\"f.E4EE38790B5EED67718E9BE19A0CD76E.d.1DE35EBBC2D29D5407E08202DC14CD3E.e.27\")>"}],"shouldDisplayMessage":false,"stepsCount":0,"attachmentsCount":0,"hasContent":true,"attachmentStep":false},{"name":"Find a visible element","time":{"start":1738633506501,"stop":1738633516702,"duration":10201},"status":"broken","statusMessage":"selenium.common.exceptions.TimeoutException: Message: \n\n","statusTrace":"  File \"/opt/hostedtoolcache/Python/3.11.11/x64/lib/python3.11/site-packages/allure_commons/_allure.py\", line 192, in impl\n    return func(*a, **kw)\n           ^^^^^^^^^^^^^^\n  File \"/home/runner/work/luma_project/luma_project/pages/base_page.py\", line 30, in element_is_visible\n    return wait(self.driver, timeout).until(EC.visibility_of_element_located(locator))\n           ^^^^^^^^^^^^^^^^^^^^^^^^^^^^^^^^^^^^^^^^^^^^^^^^^^^^^^^^^^^^^^^^^^^^^^^^^^^\n  File \"/opt/hostedtoolcache/Python/3.11.11/x64/lib/python3.11/site-packages/selenium/webdriver/support/wait.py\", line 95, in until\n    raise TimeoutException(message, screen, stacktrace)\n","steps":[{"name":"Find a present element","time":{"start":1738633506501,"stop":1738633506509,"duration":8},"status":"passed","steps":[],"attachments":[],"parameters":[{"name":"locator","value":"('css selector', \"li[class='product-item']:nth-child(1) a[data-action='add-to-wishlist']\")"},{"name":"timeout","value":"5"}],"shouldDisplayMessage":false,"stepsCount":0,"attachmentsCount":0,"hasContent":true,"attachmentStep":false},{"name":"Go to specified element","time":{"start":1738633506509,"stop":1738633506513,"duration":4},"status":"passed","steps":[],"attachments":[],"parameters":[{"name":"element","value":"<selenium.webdriver.remote.webelement.WebElement (session=\"8a0df67cd2c905b5428d1e2ffce5f098\", element=\"f.E4EE38790B5EED67718E9BE19A0CD76E.d.1DE35EBBC2D29D5407E08202DC14CD3E.e.63\")>"}],"shouldDisplayMessage":false,"stepsCount":0,"attachmentsCount":0,"hasContent":true,"attachmentStep":false}],"attachments":[],"parameters":[{"name":"locator","value":"('css selector', \"li[class='product-item']:nth-child(1) a[data-action='add-to-wishlist']\")"},{"name":"timeout","value":"10"}],"shouldDisplayMessage":true,"stepsCount":2,"attachmentsCount":0,"hasContent":true,"attachmentStep":false}],"attachments":[],"parameters":[],"shouldDisplayMessage":false,"stepsCount":7,"attachmentsCount":0,"hasContent":true,"attachmentStep":false}],"attachments":[{"uid":"203b221de75f5e53","name":"Screenshot","source":"203b221de75f5e53.png","type":"image/png","size":81601},{"uid":"47af731994a5b8cb","name":"HTML source","source":"47af731994a5b8cb.html","type":"text/html","size":146860}],"parameters":[],"shouldDisplayMessage":true,"stepsCount":9,"attachmentsCount":2,"hasContent":true,"attachmentStep":false},"afterStages":[{"name":"driver::0","time":{"start":1738633516835,"stop":1738633516948,"duration":113},"status":"passed","steps":[],"attachments":[],"parameters":[],"shouldDisplayMessage":false,"stepsCount":0,"attachmentsCount":0,"hasContent":false,"attachmentStep":false},{"name":"clear_allure_result_folder::0","time":{"start":1738634430652,"stop":1738634430652,"duration":0},"status":"passed","steps":[],"attachments":[],"parameters":[],"shouldDisplayMessage":false,"stepsCount":0,"attachmentsCount":0,"hasContent":false,"attachmentStep":false}],"labels":[{"name":"feature","value":"Testing Hot Seller Section"},{"name":"epic","value":"Main Page"},{"name":"tag","value":"@pytest.mark.xfail(reason='In CI, there is no transition to the user registration page, so the test fails')"},{"name":"parentSuite","value":"tests"},{"name":"suite","value":"test_main_page"},{"name":"subSuite","value":"TestMainPage"},{"name":"host","value":"fv-az1781-556"},{"name":"thread","value":"2863-MainThread"},{"name":"framework","value":"pytest"},{"name":"language","value":"cpython3"},{"name":"package","value":"tests.test_main_page"},{"name":"resultFormat","value":"allure2"}],"parameters":[],"links":[],"hidden":false,"retry":false,"extra":{"severity":"normal","retries":[],"categories":[],"history":{"statistic":{"failed":0,"broken":0,"skipped":3,"passed":0,"unknown":0,"total":3},"items":[{"uid":"d3d9a1a343054ee5","reportUrl":"https://verafes.github.io/luma_project/575//#testresult/d3d9a1a343054ee5","status":"skipped","statusDetails":"XFAIL In CI, there is no transition to the user registration page, so the test fails\n\nselenium.common.exceptions.TimeoutException: Message:","time":{"start":1738547180484,"stop":1738547192373,"duration":11889}},{"uid":"f34f92981feede5f","reportUrl":"https://verafes.github.io/luma_project/574//#testresult/f34f92981feede5f","status":"skipped","statusDetails":"XFAIL In CI, there is no transition to the user registration page, so the test fails\n\nselenium.common.exceptions.TimeoutException: Message:","time":{"start":1738460906636,"stop":1738460918363,"duration":11727}}]},"tags":["@pytest.mark.xfail(reason='In CI, there is no transition to the user registration page, so the test fails')"]},"source":"7c56eafbf55f084c.json","parameterValues":[]}