{"uid":"4b236bc4366aefa0","name":"TC 14.06.13 Verify that the 'Shop Tees' text in the 'Save up to $24!' promo block is visible.","fullName":"tests.test_men.TestMenPagePromoBlock#test_tc_14_06_13","historyId":"b52e59db4ab77918d3e566e80b5f5368","time":{"start":1703467543115,"stop":1703467548983,"duration":5868},"description":"Verify that text-3 in 'Save up to $24!' block correctly displayed","descriptionHtml":"<p>Verify that text-3 in 'Save up to $24!' block correctly displayed</p>\n","status":"broken","statusMessage":"selenium.common.exceptions.TimeoutException: Message: \nStacktrace:\n#0 0x559f57b71d33 <unknown>\n#1 0x559f5782ef87 <unknown>\n#2 0x559f5787ec0e <unknown>\n#3 0x559f5787ed11 <unknown>\n#4 0x559f578ca004 <unknown>\n#5 0x559f578a836d <unknown>\n#6 0x559f578c7297 <unknown>\n#7 0x559f578a80e3 <unknown>\n#8 0x559f57870044 <unknown>\n#9 0x559f5787144e <unknown>\n#10 0x559f57b36861 <unknown>\n#11 0x559f57b3a785 <unknown>\n#12 0x559f57b24285 <unknown>\n#13 0x559f57b3b41f <unknown>\n#14 0x559f57b0820f <unknown>\n#15 0x559f57b5f028 <unknown>\n#16 0x559f57b5f1f7 <unknown>\n#17 0x559f57b70ed4 <unknown>\n#18 0x7f74afc94ac3 <unknown>","statusTrace":"self = <test_men.TestMenPagePromoBlock object at 0x7f583de73f10>\ndriver = <selenium.webdriver.chrome.webdriver.WebDriver (session=\"50c1038954c5103f2f18d78d47873f46\")>\n\n    @allure.title(\"TC 14.06.13 Verify that the 'Shop Tees' text in the 'Save up to $24!' promo block is visible.\")\n    def test_tc_14_06_13(self, driver):\n        \"\"\"Verify that text-3 in 'Save up to $24!' block correctly displayed\"\"\"\n        page = MenPage(driver, MEN_PAGE_URL)\n        page.open()\n>       block_save_text_3 = page.verify_block_save_text_3()\n\ntests/test_men.py:207: \n_ _ _ _ _ _ _ _ _ _ _ _ _ _ _ _ _ _ _ _ _ _ _ _ _ _ _ _ _ _ _ _ _ _ _ _ _ _ _ _ \npages/men_page.py:376: in verify_block_save_text_3\n    save_block_title3 = self.element_is_visible(self.promo_locators.LUMA_SAVE_TITLE_3)\npages/base_page.py:29: in element_is_visible\n    self.go_to_element(self.element_is_present(locator))\npages/base_page.py:50: in element_is_present\n    return wait(self.driver, timeout).until(EC.presence_of_element_located(locator))\n_ _ _ _ _ _ _ _ _ _ _ _ _ _ _ _ _ _ _ _ _ _ _ _ _ _ _ _ _ _ _ _ _ _ _ _ _ _ _ _ \n\nself = <selenium.webdriver.support.wait.WebDriverWait (session=\"50c1038954c5103f2f18d78d47873f46\")>\nmethod = <function presence_of_element_located.<locals>._predicate at 0x7f583e8a9bc0>\nmessage = ''\n\n    def until(self, method, message: str = \"\"):\n        \"\"\"Calls the method provided with the driver as an argument until the \\\n        return value does not evaluate to ``False``.\n    \n        :param method: callable(WebDriver)\n        :param message: optional message for :exc:`TimeoutException`\n        :returns: the result of the last call to `method`\n        :raises: :exc:`selenium.common.exceptions.TimeoutException` if timeout occurs\n        \"\"\"\n        screen = None\n        stacktrace = None\n    \n        end_time = time.monotonic() + self._timeout\n        while True:\n            try:\n                value = method(self._driver)\n                if value:\n                    return value\n            except self._ignored_exceptions as exc:\n                screen = getattr(exc, \"screen\", None)\n                stacktrace = getattr(exc, \"stacktrace\", None)\n            time.sleep(self._poll)\n            if time.monotonic() > end_time:\n                break\n>       raise TimeoutException(message, screen, stacktrace)\nE       selenium.common.exceptions.TimeoutException: Message: \nE       Stacktrace:\nE       #0 0x559f57b71d33 <unknown>\nE       #1 0x559f5782ef87 <unknown>\nE       #2 0x559f5787ec0e <unknown>\nE       #3 0x559f5787ed11 <unknown>\nE       #4 0x559f578ca004 <unknown>\nE       #5 0x559f578a836d <unknown>\nE       #6 0x559f578c7297 <unknown>\nE       #7 0x559f578a80e3 <unknown>\nE       #8 0x559f57870044 <unknown>\nE       #9 0x559f5787144e <unknown>\nE       #10 0x559f57b36861 <unknown>\nE       #11 0x559f57b3a785 <unknown>\nE       #12 0x559f57b24285 <unknown>\nE       #13 0x559f57b3b41f <unknown>\nE       #14 0x559f57b0820f <unknown>\nE       #15 0x559f57b5f028 <unknown>\nE       #16 0x559f57b5f1f7 <unknown>\nE       #17 0x559f57b70ed4 <unknown>\nE       #18 0x7f74afc94ac3 <unknown>\n\n/opt/hostedtoolcache/Python/3.11.7/x64/lib/python3.11/site-packages/selenium/webdriver/support/wait.py:95: TimeoutException","flaky":false,"newFailed":false,"newBroken":false,"newPassed":false,"retriesCount":0,"retriesStatusChange":false,"beforeStages":[{"name":"_session_faker","time":{"start":1703466782507,"stop":1703466782570,"duration":63},"status":"passed","steps":[],"attachments":[],"parameters":[],"shouldDisplayMessage":false,"stepsCount":0,"attachmentsCount":0,"hasContent":false,"attachmentStep":false},{"name":"clear_allure_result_folder","time":{"start":1703466782570,"stop":1703466782571,"duration":1},"status":"passed","steps":[],"attachments":[],"parameters":[],"shouldDisplayMessage":false,"stepsCount":0,"attachmentsCount":0,"hasContent":false,"attachmentStep":false},{"name":"driver","time":{"start":1703467542151,"stop":1703467543115,"duration":964},"status":"passed","steps":[],"attachments":[],"parameters":[],"shouldDisplayMessage":false,"stepsCount":0,"attachmentsCount":0,"hasContent":false,"attachmentStep":false}],"testStage":{"description":"Verify that text-3 in 'Save up to $24!' block correctly displayed","status":"broken","statusMessage":"selenium.common.exceptions.TimeoutException: Message: \nStacktrace:\n#0 0x559f57b71d33 <unknown>\n#1 0x559f5782ef87 <unknown>\n#2 0x559f5787ec0e <unknown>\n#3 0x559f5787ed11 <unknown>\n#4 0x559f578ca004 <unknown>\n#5 0x559f578a836d <unknown>\n#6 0x559f578c7297 <unknown>\n#7 0x559f578a80e3 <unknown>\n#8 0x559f57870044 <unknown>\n#9 0x559f5787144e <unknown>\n#10 0x559f57b36861 <unknown>\n#11 0x559f57b3a785 <unknown>\n#12 0x559f57b24285 <unknown>\n#13 0x559f57b3b41f <unknown>\n#14 0x559f57b0820f <unknown>\n#15 0x559f57b5f028 <unknown>\n#16 0x559f57b5f1f7 <unknown>\n#17 0x559f57b70ed4 <unknown>\n#18 0x7f74afc94ac3 <unknown>","statusTrace":"self = <test_men.TestMenPagePromoBlock object at 0x7f583de73f10>\ndriver = <selenium.webdriver.chrome.webdriver.WebDriver (session=\"50c1038954c5103f2f18d78d47873f46\")>\n\n    @allure.title(\"TC 14.06.13 Verify that the 'Shop Tees' text in the 'Save up to $24!' promo block is visible.\")\n    def test_tc_14_06_13(self, driver):\n        \"\"\"Verify that text-3 in 'Save up to $24!' block correctly displayed\"\"\"\n        page = MenPage(driver, MEN_PAGE_URL)\n        page.open()\n>       block_save_text_3 = page.verify_block_save_text_3()\n\ntests/test_men.py:207: \n_ _ _ _ _ _ _ _ _ _ _ _ _ _ _ _ _ _ _ _ _ _ _ _ _ _ _ _ _ _ _ _ _ _ _ _ _ _ _ _ \npages/men_page.py:376: in verify_block_save_text_3\n    save_block_title3 = self.element_is_visible(self.promo_locators.LUMA_SAVE_TITLE_3)\npages/base_page.py:29: in element_is_visible\n    self.go_to_element(self.element_is_present(locator))\npages/base_page.py:50: in element_is_present\n    return wait(self.driver, timeout).until(EC.presence_of_element_located(locator))\n_ _ _ _ _ _ _ _ _ _ _ _ _ _ _ _ _ _ _ _ _ _ _ _ _ _ _ _ _ _ _ _ _ _ _ _ _ _ _ _ \n\nself = <selenium.webdriver.support.wait.WebDriverWait (session=\"50c1038954c5103f2f18d78d47873f46\")>\nmethod = <function presence_of_element_located.<locals>._predicate at 0x7f583e8a9bc0>\nmessage = ''\n\n    def until(self, method, message: str = \"\"):\n        \"\"\"Calls the method provided with the driver as an argument until the \\\n        return value does not evaluate to ``False``.\n    \n        :param method: callable(WebDriver)\n        :param message: optional message for :exc:`TimeoutException`\n        :returns: the result of the last call to `method`\n        :raises: :exc:`selenium.common.exceptions.TimeoutException` if timeout occurs\n        \"\"\"\n        screen = None\n        stacktrace = None\n    \n        end_time = time.monotonic() + self._timeout\n        while True:\n            try:\n                value = method(self._driver)\n                if value:\n                    return value\n            except self._ignored_exceptions as exc:\n                screen = getattr(exc, \"screen\", None)\n                stacktrace = getattr(exc, \"stacktrace\", None)\n            time.sleep(self._poll)\n            if time.monotonic() > end_time:\n                break\n>       raise TimeoutException(message, screen, stacktrace)\nE       selenium.common.exceptions.TimeoutException: Message: \nE       Stacktrace:\nE       #0 0x559f57b71d33 <unknown>\nE       #1 0x559f5782ef87 <unknown>\nE       #2 0x559f5787ec0e <unknown>\nE       #3 0x559f5787ed11 <unknown>\nE       #4 0x559f578ca004 <unknown>\nE       #5 0x559f578a836d <unknown>\nE       #6 0x559f578c7297 <unknown>\nE       #7 0x559f578a80e3 <unknown>\nE       #8 0x559f57870044 <unknown>\nE       #9 0x559f5787144e <unknown>\nE       #10 0x559f57b36861 <unknown>\nE       #11 0x559f57b3a785 <unknown>\nE       #12 0x559f57b24285 <unknown>\nE       #13 0x559f57b3b41f <unknown>\nE       #14 0x559f57b0820f <unknown>\nE       #15 0x559f57b5f028 <unknown>\nE       #16 0x559f57b5f1f7 <unknown>\nE       #17 0x559f57b70ed4 <unknown>\nE       #18 0x7f74afc94ac3 <unknown>\n\n/opt/hostedtoolcache/Python/3.11.7/x64/lib/python3.11/site-packages/selenium/webdriver/support/wait.py:95: TimeoutException","steps":[{"name":"Open a browser","time":{"start":1703467543115,"stop":1703467543889,"duration":774},"status":"passed","steps":[],"attachments":[],"parameters":[],"shouldDisplayMessage":false,"stepsCount":0,"attachmentsCount":0,"hasContent":false,"attachmentStep":false},{"name":"Check display of the text-3 'Shop Tees' in the 'Save up to $24!' block on Men page","time":{"start":1703467543890,"stop":1703467548983,"duration":5093},"status":"broken","statusMessage":"selenium.common.exceptions.TimeoutException: Message: \nStacktrace:\n#0 0x559f57b71d33 <unknown>\n#1 0x559f5782ef87 <unknown>\n#2 0x559f5787ec0e <unknown>\n#3 0x559f5787ed11 <unknown>\n#4 0x559f578ca004 <unknown>\n#5 0x559f578a836d <unknown>\n#6 0x559f578c7297 <unknown>\n#7 0x559f578a80e3 <unknown>\n#8 0x559f57870044 <unknown>\n#9 0x559f5787144e <unknown>\n#10 0x559f57b36861 <unknown>\n#11 0x559f57b3a785 <unknown>\n#12 0x559f57b24285 <unknown>\n#13 0x559f57b3b41f <unknown>\n#14 0x559f57b0820f <unknown>\n#15 0x559f57b5f028 <unknown>\n#16 0x559f57b5f1f7 <unknown>\n#17 0x559f57b70ed4 <unknown>\n#18 0x7f74afc94ac3 <unknown>\n\n","statusTrace":"  File \"/opt/hostedtoolcache/Python/3.11.7/x64/lib/python3.11/site-packages/allure_commons/_allure.py\", line 192, in impl\n    return func(*a, **kw)\n           ^^^^^^^^^^^^^^\n  File \"/home/runner/work/luma_project/luma_project/pages/men_page.py\", line 376, in verify_block_save_text_3\n    save_block_title3 = self.element_is_visible(self.promo_locators.LUMA_SAVE_TITLE_3)\n                        ^^^^^^^^^^^^^^^^^^^^^^^^^^^^^^^^^^^^^^^^^^^^^^^^^^^^^^^^^^^^^^\n  File \"/opt/hostedtoolcache/Python/3.11.7/x64/lib/python3.11/site-packages/allure_commons/_allure.py\", line 192, in impl\n    return func(*a, **kw)\n           ^^^^^^^^^^^^^^\n  File \"/home/runner/work/luma_project/luma_project/pages/base_page.py\", line 29, in element_is_visible\n    self.go_to_element(self.element_is_present(locator))\n                       ^^^^^^^^^^^^^^^^^^^^^^^^^^^^^^^^\n  File \"/opt/hostedtoolcache/Python/3.11.7/x64/lib/python3.11/site-packages/allure_commons/_allure.py\", line 192, in impl\n    return func(*a, **kw)\n           ^^^^^^^^^^^^^^\n  File \"/home/runner/work/luma_project/luma_project/pages/base_page.py\", line 50, in element_is_present\n    return wait(self.driver, timeout).until(EC.presence_of_element_located(locator))\n           ^^^^^^^^^^^^^^^^^^^^^^^^^^^^^^^^^^^^^^^^^^^^^^^^^^^^^^^^^^^^^^^^^^^^^^^^^\n  File \"/opt/hostedtoolcache/Python/3.11.7/x64/lib/python3.11/site-packages/selenium/webdriver/support/wait.py\", line 95, in until\n    raise TimeoutException(message, screen, stacktrace)\n","steps":[{"name":"Find a visible element","time":{"start":1703467543890,"stop":1703467548983,"duration":5093},"status":"broken","statusMessage":"selenium.common.exceptions.TimeoutException: Message: \nStacktrace:\n#0 0x559f57b71d33 <unknown>\n#1 0x559f5782ef87 <unknown>\n#2 0x559f5787ec0e <unknown>\n#3 0x559f5787ed11 <unknown>\n#4 0x559f578ca004 <unknown>\n#5 0x559f578a836d <unknown>\n#6 0x559f578c7297 <unknown>\n#7 0x559f578a80e3 <unknown>\n#8 0x559f57870044 <unknown>\n#9 0x559f5787144e <unknown>\n#10 0x559f57b36861 <unknown>\n#11 0x559f57b3a785 <unknown>\n#12 0x559f57b24285 <unknown>\n#13 0x559f57b3b41f <unknown>\n#14 0x559f57b0820f <unknown>\n#15 0x559f57b5f028 <unknown>\n#16 0x559f57b5f1f7 <unknown>\n#17 0x559f57b70ed4 <unknown>\n#18 0x7f74afc94ac3 <unknown>\n\n","statusTrace":"  File \"/opt/hostedtoolcache/Python/3.11.7/x64/lib/python3.11/site-packages/allure_commons/_allure.py\", line 192, in impl\n    return func(*a, **kw)\n           ^^^^^^^^^^^^^^\n  File \"/home/runner/work/luma_project/luma_project/pages/base_page.py\", line 29, in element_is_visible\n    self.go_to_element(self.element_is_present(locator))\n                       ^^^^^^^^^^^^^^^^^^^^^^^^^^^^^^^^\n  File \"/opt/hostedtoolcache/Python/3.11.7/x64/lib/python3.11/site-packages/allure_commons/_allure.py\", line 192, in impl\n    return func(*a, **kw)\n           ^^^^^^^^^^^^^^\n  File \"/home/runner/work/luma_project/luma_project/pages/base_page.py\", line 50, in element_is_present\n    return wait(self.driver, timeout).until(EC.presence_of_element_located(locator))\n           ^^^^^^^^^^^^^^^^^^^^^^^^^^^^^^^^^^^^^^^^^^^^^^^^^^^^^^^^^^^^^^^^^^^^^^^^^\n  File \"/opt/hostedtoolcache/Python/3.11.7/x64/lib/python3.11/site-packages/selenium/webdriver/support/wait.py\", line 95, in until\n    raise TimeoutException(message, screen, stacktrace)\n","steps":[{"name":"Find a present element","time":{"start":1703467543890,"stop":1703467548982,"duration":5092},"status":"broken","statusMessage":"selenium.common.exceptions.TimeoutException: Message: \nStacktrace:\n#0 0x559f57b71d33 <unknown>\n#1 0x559f5782ef87 <unknown>\n#2 0x559f5787ec0e <unknown>\n#3 0x559f5787ed11 <unknown>\n#4 0x559f578ca004 <unknown>\n#5 0x559f578a836d <unknown>\n#6 0x559f578c7297 <unknown>\n#7 0x559f578a80e3 <unknown>\n#8 0x559f57870044 <unknown>\n#9 0x559f5787144e <unknown>\n#10 0x559f57b36861 <unknown>\n#11 0x559f57b3a785 <unknown>\n#12 0x559f57b24285 <unknown>\n#13 0x559f57b3b41f <unknown>\n#14 0x559f57b0820f <unknown>\n#15 0x559f57b5f028 <unknown>\n#16 0x559f57b5f1f7 <unknown>\n#17 0x559f57b70ed4 <unknown>\n#18 0x7f74afc94ac3 <unknown>\n\n","statusTrace":"  File \"/opt/hostedtoolcache/Python/3.11.7/x64/lib/python3.11/site-packages/allure_commons/_allure.py\", line 192, in impl\n    return func(*a, **kw)\n           ^^^^^^^^^^^^^^\n  File \"/home/runner/work/luma_project/luma_project/pages/base_page.py\", line 50, in element_is_present\n    return wait(self.driver, timeout).until(EC.presence_of_element_located(locator))\n           ^^^^^^^^^^^^^^^^^^^^^^^^^^^^^^^^^^^^^^^^^^^^^^^^^^^^^^^^^^^^^^^^^^^^^^^^^\n  File \"/opt/hostedtoolcache/Python/3.11.7/x64/lib/python3.11/site-packages/selenium/webdriver/support/wait.py\", line 95, in until\n    raise TimeoutException(message, screen, stacktrace)\n","steps":[],"attachments":[],"parameters":[{"name":"locator","value":"('xpath', '//*[@id=\"maincontent\"]/div[4]/div[1]/div[1]/div[1]/div[1]/a[1]/span/span[2]')"},{"name":"timeout","value":"5"}],"shouldDisplayMessage":true,"stepsCount":0,"attachmentsCount":0,"hasContent":true,"attachmentStep":false}],"attachments":[],"parameters":[{"name":"locator","value":"('xpath', '//*[@id=\"maincontent\"]/div[4]/div[1]/div[1]/div[1]/div[1]/a[1]/span/span[2]')"},{"name":"timeout","value":"10"}],"shouldDisplayMessage":false,"stepsCount":1,"attachmentsCount":0,"hasContent":true,"attachmentStep":false}],"attachments":[],"parameters":[],"shouldDisplayMessage":false,"stepsCount":2,"attachmentsCount":0,"hasContent":true,"attachmentStep":false}],"attachments":[{"uid":"485d6268701ee3af","name":"Screenshot","source":"485d6268701ee3af.png","type":"image/png","size":401974},{"uid":"162d23279469e95e","name":"HTML source","source":"162d23279469e95e.html","type":"text/html","size":113690}],"parameters":[],"shouldDisplayMessage":true,"stepsCount":4,"attachmentsCount":2,"hasContent":true,"attachmentStep":false},"afterStages":[{"name":"driver::0","time":{"start":1703467549181,"stop":1703467549251,"duration":70},"status":"passed","steps":[],"attachments":[],"parameters":[],"shouldDisplayMessage":false,"stepsCount":0,"attachmentsCount":0,"hasContent":false,"attachmentStep":false},{"name":"clear_allure_result_folder::0","time":{"start":1703468273791,"stop":1703468273791,"duration":0},"status":"passed","steps":[],"attachments":[],"parameters":[],"shouldDisplayMessage":false,"stepsCount":0,"attachmentsCount":0,"hasContent":false,"attachmentStep":false}],"labels":[{"name":"epic","value":"MenPage"},{"name":"parentSuite","value":"tests"},{"name":"suite","value":"test_men"},{"name":"subSuite","value":"TestMenPagePromoBlock"},{"name":"host","value":"fv-az1499-580"},{"name":"thread","value":"2956-MainThread"},{"name":"framework","value":"pytest"},{"name":"language","value":"cpython3"},{"name":"package","value":"tests.test_men"},{"name":"resultFormat","value":"allure2"}],"parameters":[],"links":[],"hidden":false,"retry":false,"extra":{"severity":"normal","retries":[],"categories":[{"name":"Test defects","matchedStatuses":[],"flaky":false}],"history":{"statistic":{"failed":0,"broken":2,"skipped":0,"passed":0,"unknown":0,"total":2},"items":[{"uid":"3d028b4fe595cde7","reportUrl":"https://verafes.github.io/luma_project/168//#testresult/3d028b4fe595cde7","status":"broken","statusDetails":"selenium.common.exceptions.TimeoutException: Message: \nStacktrace:\n#0 0x5586083c1d33 <unknown>\n#1 0x55860807ef87 <unknown>\n#2 0x5586080cec0e <unknown>\n#3 0x5586080ced11 <unknown>\n#4 0x55860811a004 <unknown>\n#5 0x5586080f836d <unknown>\n#6 0x558608117297 <unknown>\n#7 0x5586080f80e3 <unknown>\n#8 0x5586080c0044 <unknown>\n#9 0x5586080c144e <unknown>\n#10 0x558608386861 <unknown>\n#11 0x55860838a785 <unknown>\n#12 0x558608374285 <unknown>\n#13 0x55860838b41f <unknown>\n#14 0x55860835820f <unknown>\n#15 0x5586083af028 <unknown>\n#16 0x5586083af1f7 <unknown>\n#17 0x5586083c0ed4 <unknown>\n#18 0x7f3451694ac3 <unknown>","time":{"start":1703381288184,"stop":1703381294329,"duration":6145}}]},"tags":[]},"source":"4b236bc4366aefa0.json","parameterValues":[]}