{"uid":"5cbd7bf78ea18ee6","name":"TC 13.01.23 - Check the display of the title in block 2 'home-t-shirts' in the Promo Block","fullName":"tests.test_main_page.TestPromoBlock#test_tc_13_01_23_check_info_block_title_in_section2_block2","historyId":"f83a989cb967d88ba338c33427c83caa","time":{"start":1738288036200,"stop":1738288037298,"duration":1098},"description":"This test checks if the info block title in section 2 block 2 'home-t-shirts' is correct\n            in the Promo Block under header on the main page","descriptionHtml":"<p>This test checks if the info block title in section 2 block 2 'home-t-shirts' is correct<br />\nin the Promo Block under header on the main page</p>\n","status":"broken","statusMessage":"selenium.common.exceptions.NoSuchElementException: Message: no such element: Unable to locate element: {\"method\":\"css selector\",\"selector\":\".home-t-shirts .content .title\"}\n  (Session info: chrome=132.0.6834.110); For documentation on this error, please visit: https://www.selenium.dev/documentation/webdriver/troubleshooting/errors#no-such-element-exception\nStacktrace:\n#0 0x5573c8232dca <unknown>\n#1 0x5573c7d293f0 <unknown>\n#2 0x5573c7d7910c <unknown>\n#3 0x5573c7d79331 <unknown>\n#4 0x5573c7dbf154 <unknown>\n#5 0x5573c7d9dabd <unknown>\n#6 0x5573c7dbc4b3 <unknown>\n#7 0x5573c7d9d833 <unknown>\n#8 0x5573c7d6a5a0 <unknown>\n#9 0x5573c7d6bece <unknown>\n#10 0x5573c81fcbdb <unknown>\n#11 0x5573c8200b67 <unknown>\n#12 0x5573c81e83bc <unknown>\n#13 0x5573c8201727 <unknown>\n#14 0x5573c81cc74f <unknown>\n#15 0x5573c8221938 <unknown>\n#16 0x5573c8221b00 <unknown>\n#17 0x5573c8231c46 <unknown>\n#18 0x7f94a629ca94 <unknown>\n#19 0x7f94a6329c3c <unknown>","statusTrace":"self = <test_main_page.TestMainPage.TestPromoBlock object at 0x7f5368a9d790>\ndriver = <selenium.webdriver.chrome.webdriver.WebDriver (session=\"b0f601561fca6effc0fc3557d4ddf766\")>\n\n    @allure.title(\"TC 13.01.23 - Check the display of the title in block 2 'home-t-shirts' in the Promo Block\")\n    def test_tc_13_01_23_check_info_block_title_in_section2_block2(self, driver):\n        \"\"\"This test checks if the info block title in section 2 block 2 'home-t-shirts' is correct\n        in the Promo Block under header on the main page\"\"\"\n        page = PromoBlock(driver, MAIN_PAGE_URL)\n        page.open()\n>       actual_text = page.check_info_block_title_in_section2_block2()\n\ntests/test_main_page.py:330: \n_ _ _ _ _ _ _ _ _ _ _ _ _ _ _ _ _ _ _ _ _ _ _ _ _ _ _ _ _ _ _ _ _ _ _ _ _ _ _ _ \npages/main_page.py:250: in check_info_block_title_in_section2_block2\n    info_block_title = self.find_element(self.locators.SECTION_2_BLOCK_2_INFO_BLOCK_TITLE).text\npages/base_page.py:201: in find_element\n    return self.driver.find_element(*locator)\n/opt/hostedtoolcache/Python/3.11.11/x64/lib/python3.11/site-packages/selenium/webdriver/remote/webdriver.py:738: in find_element\n    return self.execute(Command.FIND_ELEMENT, {\"using\": by, \"value\": value})[\"value\"]\n/opt/hostedtoolcache/Python/3.11.11/x64/lib/python3.11/site-packages/selenium/webdriver/remote/webdriver.py:344: in execute\n    self.error_handler.check_response(response)\n_ _ _ _ _ _ _ _ _ _ _ _ _ _ _ _ _ _ _ _ _ _ _ _ _ _ _ _ _ _ _ _ _ _ _ _ _ _ _ _ \n\nself = <selenium.webdriver.remote.errorhandler.ErrorHandler object at 0x7f536a602150>\nresponse = {'status': 404, 'value': '{\"value\":{\"error\":\"no such element\",\"message\":\"no such element: Unable to locate element: {\\...\\\\n#17 0x5573c8231c46 \\\\u003Cunknown>\\\\n#18 0x7f94a629ca94 \\\\u003Cunknown>\\\\n#19 0x7f94a6329c3c \\\\u003Cunknown>\\\\n\"}}'}\n\n    def check_response(self, response: Dict[str, Any]) -> None:\n        \"\"\"Checks that a JSON response from the WebDriver does not have an\n        error.\n    \n        :Args:\n         - response - The JSON response from the WebDriver server as a dictionary\n           object.\n    \n        :Raises: If the response contains an error message.\n        \"\"\"\n        status = response.get(\"status\", None)\n        if not status or status == ErrorCode.SUCCESS:\n            return\n        value = None\n        message = response.get(\"message\", \"\")\n        screen: str = response.get(\"screen\", \"\")\n        stacktrace = None\n        if isinstance(status, int):\n            value_json = response.get(\"value\", None)\n            if value_json and isinstance(value_json, str):\n                import json\n    \n                try:\n                    value = json.loads(value_json)\n                    if len(value) == 1:\n                        value = value[\"value\"]\n                    status = value.get(\"error\", None)\n                    if not status:\n                        status = value.get(\"status\", ErrorCode.UNKNOWN_ERROR)\n                        message = value.get(\"value\") or value.get(\"message\")\n                        if not isinstance(message, str):\n                            value = message\n                            message = message.get(\"message\")\n                    else:\n                        message = value.get(\"message\", None)\n                except ValueError:\n                    pass\n    \n        exception_class: Type[WebDriverException]\n        e = ErrorCode()\n        error_codes = [item for item in dir(e) if not item.startswith(\"__\")]\n        for error_code in error_codes:\n            error_info = getattr(ErrorCode, error_code)\n            if isinstance(error_info, list) and status in error_info:\n                exception_class = getattr(ExceptionMapping, error_code, WebDriverException)\n                break\n        else:\n            exception_class = WebDriverException\n    \n        if not value:\n            value = response[\"value\"]\n        if isinstance(value, str):\n            raise exception_class(value)\n        if message == \"\" and \"message\" in value:\n            message = value[\"message\"]\n    \n        screen = None  # type: ignore[assignment]\n        if \"screen\" in value:\n            screen = value[\"screen\"]\n    \n        stacktrace = None\n        st_value = value.get(\"stackTrace\") or value.get(\"stacktrace\")\n        if st_value:\n            if isinstance(st_value, str):\n                stacktrace = st_value.split(\"\\n\")\n            else:\n                stacktrace = []\n                try:\n                    for frame in st_value:\n                        line = frame.get(\"lineNumber\", \"\")\n                        file = frame.get(\"fileName\", \"<anonymous>\")\n                        if line:\n                            file = f\"{file}:{line}\"\n                        meth = frame.get(\"methodName\", \"<anonymous>\")\n                        if \"className\" in frame:\n                            meth = f\"{frame['className']}.{meth}\"\n                        msg = \"    at %s (%s)\"\n                        msg = msg % (meth, file)\n                        stacktrace.append(msg)\n                except TypeError:\n                    pass\n        if exception_class == UnexpectedAlertPresentException:\n            alert_text = None\n            if \"data\" in value:\n                alert_text = value[\"data\"].get(\"text\")\n            elif \"alert\" in value:\n                alert_text = value[\"alert\"].get(\"text\")\n            raise exception_class(message, screen, stacktrace, alert_text)  # type: ignore[call-arg]  # mypy is not smart enough here\n>       raise exception_class(message, screen, stacktrace)\nE       selenium.common.exceptions.NoSuchElementException: Message: no such element: Unable to locate element: {\"method\":\"css selector\",\"selector\":\".home-t-shirts .content .title\"}\nE         (Session info: chrome=132.0.6834.110); For documentation on this error, please visit: https://www.selenium.dev/documentation/webdriver/troubleshooting/errors#no-such-element-exception\nE       Stacktrace:\nE       #0 0x5573c8232dca <unknown>\nE       #1 0x5573c7d293f0 <unknown>\nE       #2 0x5573c7d7910c <unknown>\nE       #3 0x5573c7d79331 <unknown>\nE       #4 0x5573c7dbf154 <unknown>\nE       #5 0x5573c7d9dabd <unknown>\nE       #6 0x5573c7dbc4b3 <unknown>\nE       #7 0x5573c7d9d833 <unknown>\nE       #8 0x5573c7d6a5a0 <unknown>\nE       #9 0x5573c7d6bece <unknown>\nE       #10 0x5573c81fcbdb <unknown>\nE       #11 0x5573c8200b67 <unknown>\nE       #12 0x5573c81e83bc <unknown>\nE       #13 0x5573c8201727 <unknown>\nE       #14 0x5573c81cc74f <unknown>\nE       #15 0x5573c8221938 <unknown>\nE       #16 0x5573c8221b00 <unknown>\nE       #17 0x5573c8231c46 <unknown>\nE       #18 0x7f94a629ca94 <unknown>\nE       #19 0x7f94a6329c3c <unknown>\n\n/opt/hostedtoolcache/Python/3.11.11/x64/lib/python3.11/site-packages/selenium/webdriver/remote/errorhandler.py:229: NoSuchElementException","flaky":false,"newFailed":false,"newBroken":false,"newPassed":false,"retriesCount":0,"retriesStatusChange":false,"beforeStages":[{"name":"_session_faker","time":{"start":1738287359803,"stop":1738287359869,"duration":66},"status":"passed","steps":[],"attachments":[],"parameters":[],"shouldDisplayMessage":false,"stepsCount":0,"attachmentsCount":0,"hasContent":false,"attachmentStep":false},{"name":"clear_allure_result_folder","time":{"start":1738287359869,"stop":1738287359869,"duration":0},"status":"passed","steps":[],"attachments":[],"parameters":[],"shouldDisplayMessage":false,"stepsCount":0,"attachmentsCount":0,"hasContent":false,"attachmentStep":false},{"name":"driver","time":{"start":1738288035014,"stop":1738288036199,"duration":1185},"status":"passed","steps":[],"attachments":[],"parameters":[],"shouldDisplayMessage":false,"stepsCount":0,"attachmentsCount":0,"hasContent":false,"attachmentStep":false}],"testStage":{"description":"This test checks if the info block title in section 2 block 2 'home-t-shirts' is correct\n            in the Promo Block under header on the main page","status":"broken","statusMessage":"selenium.common.exceptions.NoSuchElementException: Message: no such element: Unable to locate element: {\"method\":\"css selector\",\"selector\":\".home-t-shirts .content .title\"}\n  (Session info: chrome=132.0.6834.110); For documentation on this error, please visit: https://www.selenium.dev/documentation/webdriver/troubleshooting/errors#no-such-element-exception\nStacktrace:\n#0 0x5573c8232dca <unknown>\n#1 0x5573c7d293f0 <unknown>\n#2 0x5573c7d7910c <unknown>\n#3 0x5573c7d79331 <unknown>\n#4 0x5573c7dbf154 <unknown>\n#5 0x5573c7d9dabd <unknown>\n#6 0x5573c7dbc4b3 <unknown>\n#7 0x5573c7d9d833 <unknown>\n#8 0x5573c7d6a5a0 <unknown>\n#9 0x5573c7d6bece <unknown>\n#10 0x5573c81fcbdb <unknown>\n#11 0x5573c8200b67 <unknown>\n#12 0x5573c81e83bc <unknown>\n#13 0x5573c8201727 <unknown>\n#14 0x5573c81cc74f <unknown>\n#15 0x5573c8221938 <unknown>\n#16 0x5573c8221b00 <unknown>\n#17 0x5573c8231c46 <unknown>\n#18 0x7f94a629ca94 <unknown>\n#19 0x7f94a6329c3c <unknown>","statusTrace":"self = <test_main_page.TestMainPage.TestPromoBlock object at 0x7f5368a9d790>\ndriver = <selenium.webdriver.chrome.webdriver.WebDriver (session=\"b0f601561fca6effc0fc3557d4ddf766\")>\n\n    @allure.title(\"TC 13.01.23 - Check the display of the title in block 2 'home-t-shirts' in the Promo Block\")\n    def test_tc_13_01_23_check_info_block_title_in_section2_block2(self, driver):\n        \"\"\"This test checks if the info block title in section 2 block 2 'home-t-shirts' is correct\n        in the Promo Block under header on the main page\"\"\"\n        page = PromoBlock(driver, MAIN_PAGE_URL)\n        page.open()\n>       actual_text = page.check_info_block_title_in_section2_block2()\n\ntests/test_main_page.py:330: \n_ _ _ _ _ _ _ _ _ _ _ _ _ _ _ _ _ _ _ _ _ _ _ _ _ _ _ _ _ _ _ _ _ _ _ _ _ _ _ _ \npages/main_page.py:250: in check_info_block_title_in_section2_block2\n    info_block_title = self.find_element(self.locators.SECTION_2_BLOCK_2_INFO_BLOCK_TITLE).text\npages/base_page.py:201: in find_element\n    return self.driver.find_element(*locator)\n/opt/hostedtoolcache/Python/3.11.11/x64/lib/python3.11/site-packages/selenium/webdriver/remote/webdriver.py:738: in find_element\n    return self.execute(Command.FIND_ELEMENT, {\"using\": by, \"value\": value})[\"value\"]\n/opt/hostedtoolcache/Python/3.11.11/x64/lib/python3.11/site-packages/selenium/webdriver/remote/webdriver.py:344: in execute\n    self.error_handler.check_response(response)\n_ _ _ _ _ _ _ _ _ _ _ _ _ _ _ _ _ _ _ _ _ _ _ _ _ _ _ _ _ _ _ _ _ _ _ _ _ _ _ _ \n\nself = <selenium.webdriver.remote.errorhandler.ErrorHandler object at 0x7f536a602150>\nresponse = {'status': 404, 'value': '{\"value\":{\"error\":\"no such element\",\"message\":\"no such element: Unable to locate element: {\\...\\\\n#17 0x5573c8231c46 \\\\u003Cunknown>\\\\n#18 0x7f94a629ca94 \\\\u003Cunknown>\\\\n#19 0x7f94a6329c3c \\\\u003Cunknown>\\\\n\"}}'}\n\n    def check_response(self, response: Dict[str, Any]) -> None:\n        \"\"\"Checks that a JSON response from the WebDriver does not have an\n        error.\n    \n        :Args:\n         - response - The JSON response from the WebDriver server as a dictionary\n           object.\n    \n        :Raises: If the response contains an error message.\n        \"\"\"\n        status = response.get(\"status\", None)\n        if not status or status == ErrorCode.SUCCESS:\n            return\n        value = None\n        message = response.get(\"message\", \"\")\n        screen: str = response.get(\"screen\", \"\")\n        stacktrace = None\n        if isinstance(status, int):\n            value_json = response.get(\"value\", None)\n            if value_json and isinstance(value_json, str):\n                import json\n    \n                try:\n                    value = json.loads(value_json)\n                    if len(value) == 1:\n                        value = value[\"value\"]\n                    status = value.get(\"error\", None)\n                    if not status:\n                        status = value.get(\"status\", ErrorCode.UNKNOWN_ERROR)\n                        message = value.get(\"value\") or value.get(\"message\")\n                        if not isinstance(message, str):\n                            value = message\n                            message = message.get(\"message\")\n                    else:\n                        message = value.get(\"message\", None)\n                except ValueError:\n                    pass\n    \n        exception_class: Type[WebDriverException]\n        e = ErrorCode()\n        error_codes = [item for item in dir(e) if not item.startswith(\"__\")]\n        for error_code in error_codes:\n            error_info = getattr(ErrorCode, error_code)\n            if isinstance(error_info, list) and status in error_info:\n                exception_class = getattr(ExceptionMapping, error_code, WebDriverException)\n                break\n        else:\n            exception_class = WebDriverException\n    \n        if not value:\n            value = response[\"value\"]\n        if isinstance(value, str):\n            raise exception_class(value)\n        if message == \"\" and \"message\" in value:\n            message = value[\"message\"]\n    \n        screen = None  # type: ignore[assignment]\n        if \"screen\" in value:\n            screen = value[\"screen\"]\n    \n        stacktrace = None\n        st_value = value.get(\"stackTrace\") or value.get(\"stacktrace\")\n        if st_value:\n            if isinstance(st_value, str):\n                stacktrace = st_value.split(\"\\n\")\n            else:\n                stacktrace = []\n                try:\n                    for frame in st_value:\n                        line = frame.get(\"lineNumber\", \"\")\n                        file = frame.get(\"fileName\", \"<anonymous>\")\n                        if line:\n                            file = f\"{file}:{line}\"\n                        meth = frame.get(\"methodName\", \"<anonymous>\")\n                        if \"className\" in frame:\n                            meth = f\"{frame['className']}.{meth}\"\n                        msg = \"    at %s (%s)\"\n                        msg = msg % (meth, file)\n                        stacktrace.append(msg)\n                except TypeError:\n                    pass\n        if exception_class == UnexpectedAlertPresentException:\n            alert_text = None\n            if \"data\" in value:\n                alert_text = value[\"data\"].get(\"text\")\n            elif \"alert\" in value:\n                alert_text = value[\"alert\"].get(\"text\")\n            raise exception_class(message, screen, stacktrace, alert_text)  # type: ignore[call-arg]  # mypy is not smart enough here\n>       raise exception_class(message, screen, stacktrace)\nE       selenium.common.exceptions.NoSuchElementException: Message: no such element: Unable to locate element: {\"method\":\"css selector\",\"selector\":\".home-t-shirts .content .title\"}\nE         (Session info: chrome=132.0.6834.110); For documentation on this error, please visit: https://www.selenium.dev/documentation/webdriver/troubleshooting/errors#no-such-element-exception\nE       Stacktrace:\nE       #0 0x5573c8232dca <unknown>\nE       #1 0x5573c7d293f0 <unknown>\nE       #2 0x5573c7d7910c <unknown>\nE       #3 0x5573c7d79331 <unknown>\nE       #4 0x5573c7dbf154 <unknown>\nE       #5 0x5573c7d9dabd <unknown>\nE       #6 0x5573c7dbc4b3 <unknown>\nE       #7 0x5573c7d9d833 <unknown>\nE       #8 0x5573c7d6a5a0 <unknown>\nE       #9 0x5573c7d6bece <unknown>\nE       #10 0x5573c81fcbdb <unknown>\nE       #11 0x5573c8200b67 <unknown>\nE       #12 0x5573c81e83bc <unknown>\nE       #13 0x5573c8201727 <unknown>\nE       #14 0x5573c81cc74f <unknown>\nE       #15 0x5573c8221938 <unknown>\nE       #16 0x5573c8221b00 <unknown>\nE       #17 0x5573c8231c46 <unknown>\nE       #18 0x7f94a629ca94 <unknown>\nE       #19 0x7f94a6329c3c <unknown>\n\n/opt/hostedtoolcache/Python/3.11.11/x64/lib/python3.11/site-packages/selenium/webdriver/remote/errorhandler.py:229: NoSuchElementException","steps":[{"name":"Open a browser","time":{"start":1738288036200,"stop":1738288037282,"duration":1082},"status":"passed","steps":[],"attachments":[],"parameters":[],"shouldDisplayMessage":false,"stepsCount":0,"attachmentsCount":0,"hasContent":false,"attachmentStep":false},{"name":"Check the title of info block in section 2 block 2 'home-t-shirts' in the Promo Block is correct","time":{"start":1738288037282,"stop":1738288037297,"duration":15},"status":"broken","statusMessage":"selenium.common.exceptions.NoSuchElementException: Message: no such element: Unable to locate element: {\"method\":\"css selector\",\"selector\":\".home-t-shirts .content .title\"}\n  (Session info: chrome=132.0.6834.110); For documentation on this error, please visit: https://www.selenium.dev/documentation/webdriver/troubleshooting/errors#no-such-element-exception\nStacktrace:\n#0 0x5573c8232dca <unknown>\n#1 0x5573c7d293f0 <unknown>\n#2 0x5573c7d7910c <unknown>\n#3 0x5573c7d79331 <unknown>\n#4 0x5573c7dbf154 <unknown>\n#5 0x5573c7d9dabd <unknown>\n#6 0x5573c7dbc4b3 <unknown>\n#7 0x5573c7d9d833 <unknown>\n#8 0x5573c7d6a5a0 <unknown>\n#9 0x5573c7d6bece <unknown>\n#10 0x5573c81fcbdb <unknown>\n#11 0x5573c8200b67 <unknown>\n#12 0x5573c81e83bc <unknown>\n#13 0x5573c8201727 <unknown>\n#14 0x5573c81cc74f <unknown>\n#15 0x5573c8221938 <unknown>\n#16 0x5573c8221b00 <unknown>\n#17 0x5573c8231c46 <unknown>\n#18 0x7f94a629ca94 <unknown>\n#19 0x7f94a6329c3c <unknown>\n\n","statusTrace":"  File \"/opt/hostedtoolcache/Python/3.11.11/x64/lib/python3.11/site-packages/allure_commons/_allure.py\", line 192, in impl\n    return func(*a, **kw)\n           ^^^^^^^^^^^^^^\n  File \"/home/runner/work/luma_project/luma_project/pages/main_page.py\", line 250, in check_info_block_title_in_section2_block2\n    info_block_title = self.find_element(self.locators.SECTION_2_BLOCK_2_INFO_BLOCK_TITLE).text\n                       ^^^^^^^^^^^^^^^^^^^^^^^^^^^^^^^^^^^^^^^^^^^^^^^^^^^^^^^^^^^^^^^^^^^\n  File \"/opt/hostedtoolcache/Python/3.11.11/x64/lib/python3.11/site-packages/allure_commons/_allure.py\", line 192, in impl\n    return func(*a, **kw)\n           ^^^^^^^^^^^^^^\n  File \"/home/runner/work/luma_project/luma_project/pages/base_page.py\", line 201, in find_element\n    return self.driver.find_element(*locator)\n           ^^^^^^^^^^^^^^^^^^^^^^^^^^^^^^^^^^\n  File \"/opt/hostedtoolcache/Python/3.11.11/x64/lib/python3.11/site-packages/selenium/webdriver/remote/webdriver.py\", line 738, in find_element\n    return self.execute(Command.FIND_ELEMENT, {\"using\": by, \"value\": value})[\"value\"]\n           ^^^^^^^^^^^^^^^^^^^^^^^^^^^^^^^^^^^^^^^^^^^^^^^^^^^^^^^^^^^^^^^^^\n  File \"/opt/hostedtoolcache/Python/3.11.11/x64/lib/python3.11/site-packages/selenium/webdriver/remote/webdriver.py\", line 344, in execute\n    self.error_handler.check_response(response)\n  File \"/opt/hostedtoolcache/Python/3.11.11/x64/lib/python3.11/site-packages/selenium/webdriver/remote/errorhandler.py\", line 229, in check_response\n    raise exception_class(message, screen, stacktrace)\n","steps":[{"name":"Find element (unpacking)","time":{"start":1738288037282,"stop":1738288037297,"duration":15},"status":"broken","statusMessage":"selenium.common.exceptions.NoSuchElementException: Message: no such element: Unable to locate element: {\"method\":\"css selector\",\"selector\":\".home-t-shirts .content .title\"}\n  (Session info: chrome=132.0.6834.110); For documentation on this error, please visit: https://www.selenium.dev/documentation/webdriver/troubleshooting/errors#no-such-element-exception\nStacktrace:\n#0 0x5573c8232dca <unknown>\n#1 0x5573c7d293f0 <unknown>\n#2 0x5573c7d7910c <unknown>\n#3 0x5573c7d79331 <unknown>\n#4 0x5573c7dbf154 <unknown>\n#5 0x5573c7d9dabd <unknown>\n#6 0x5573c7dbc4b3 <unknown>\n#7 0x5573c7d9d833 <unknown>\n#8 0x5573c7d6a5a0 <unknown>\n#9 0x5573c7d6bece <unknown>\n#10 0x5573c81fcbdb <unknown>\n#11 0x5573c8200b67 <unknown>\n#12 0x5573c81e83bc <unknown>\n#13 0x5573c8201727 <unknown>\n#14 0x5573c81cc74f <unknown>\n#15 0x5573c8221938 <unknown>\n#16 0x5573c8221b00 <unknown>\n#17 0x5573c8231c46 <unknown>\n#18 0x7f94a629ca94 <unknown>\n#19 0x7f94a6329c3c <unknown>\n\n","statusTrace":"  File \"/opt/hostedtoolcache/Python/3.11.11/x64/lib/python3.11/site-packages/allure_commons/_allure.py\", line 192, in impl\n    return func(*a, **kw)\n           ^^^^^^^^^^^^^^\n  File \"/home/runner/work/luma_project/luma_project/pages/base_page.py\", line 201, in find_element\n    return self.driver.find_element(*locator)\n           ^^^^^^^^^^^^^^^^^^^^^^^^^^^^^^^^^^\n  File \"/opt/hostedtoolcache/Python/3.11.11/x64/lib/python3.11/site-packages/selenium/webdriver/remote/webdriver.py\", line 738, in find_element\n    return self.execute(Command.FIND_ELEMENT, {\"using\": by, \"value\": value})[\"value\"]\n           ^^^^^^^^^^^^^^^^^^^^^^^^^^^^^^^^^^^^^^^^^^^^^^^^^^^^^^^^^^^^^^^^^\n  File \"/opt/hostedtoolcache/Python/3.11.11/x64/lib/python3.11/site-packages/selenium/webdriver/remote/webdriver.py\", line 344, in execute\n    self.error_handler.check_response(response)\n  File \"/opt/hostedtoolcache/Python/3.11.11/x64/lib/python3.11/site-packages/selenium/webdriver/remote/errorhandler.py\", line 229, in check_response\n    raise exception_class(message, screen, stacktrace)\n","steps":[],"attachments":[],"parameters":[{"name":"locator","value":"('css selector', '.home-t-shirts .content .title')"}],"shouldDisplayMessage":true,"stepsCount":0,"attachmentsCount":0,"hasContent":true,"attachmentStep":false}],"attachments":[],"parameters":[],"shouldDisplayMessage":false,"stepsCount":1,"attachmentsCount":0,"hasContent":true,"attachmentStep":false}],"attachments":[{"uid":"ea191163fcbfe58a","name":"Screenshot","source":"ea191163fcbfe58a.png","type":"image/png","size":548028},{"uid":"59fc3017f5ed71cd","name":"HTML source","source":"59fc3017f5ed71cd.html","type":"text/html","size":136696}],"parameters":[],"shouldDisplayMessage":true,"stepsCount":3,"attachmentsCount":2,"hasContent":true,"attachmentStep":false},"afterStages":[{"name":"driver::0","time":{"start":1738288037560,"stop":1738288037631,"duration":71},"status":"passed","steps":[],"attachments":[],"parameters":[],"shouldDisplayMessage":false,"stepsCount":0,"attachmentsCount":0,"hasContent":false,"attachmentStep":false},{"name":"clear_allure_result_folder::0","time":{"start":1738288799901,"stop":1738288799901,"duration":0},"status":"passed","steps":[],"attachments":[],"parameters":[],"shouldDisplayMessage":false,"stepsCount":0,"attachmentsCount":0,"hasContent":false,"attachmentStep":false}],"labels":[{"name":"feature","value":"Promo Block Testing"},{"name":"epic","value":"Main Page"},{"name":"parentSuite","value":"tests"},{"name":"suite","value":"test_main_page"},{"name":"subSuite","value":"TestMainPage"},{"name":"host","value":"fv-az1774-424"},{"name":"thread","value":"2797-MainThread"},{"name":"framework","value":"pytest"},{"name":"language","value":"cpython3"},{"name":"package","value":"tests.test_main_page"},{"name":"resultFormat","value":"allure2"}],"parameters":[],"links":[],"hidden":false,"retry":false,"extra":{"severity":"normal","retries":[],"categories":[{"name":"Test defects","matchedStatuses":[],"flaky":false}],"history":{"statistic":{"failed":0,"broken":6,"skipped":0,"passed":0,"unknown":0,"total":6},"items":[{"uid":"4a471088358fc36f","reportUrl":"https://verafes.github.io/luma_project/571//#testresult/4a471088358fc36f","status":"broken","statusDetails":"selenium.common.exceptions.NoSuchElementException: Message: no such element: Unable to locate element: {\"method\":\"css selector\",\"selector\":\".home-t-shirts .content .title\"}\n  (Session info: chrome=132.0.6834.110); For documentation on this error, please visit: https://www.selenium.dev/documentation/webdriver/troubleshooting/errors#no-such-element-exception\nStacktrace:\n#0 0x55590cd24dca <unknown>\n#1 0x55590c81b3f0 <unknown>\n#2 0x55590c86b10c <unknown>\n#3 0x55590c86b331 <unknown>\n#4 0x55590c8b1154 <unknown>\n#5 0x55590c88fabd <unknown>\n#6 0x55590c8ae4b3 <unknown>\n#7 0x55590c88f833 <unknown>\n#8 0x55590c85c5a0 <unknown>\n#9 0x55590c85dece <unknown>\n#10 0x55590cceebdb <unknown>\n#11 0x55590ccf2b67 <unknown>\n#12 0x55590ccda3bc <unknown>\n#13 0x55590ccf3727 <unknown>\n#14 0x55590ccbe74f <unknown>\n#15 0x55590cd13938 <unknown>\n#16 0x55590cd13b00 <unknown>\n#17 0x55590cd23c46 <unknown>\n#18 0x7f04eb49ca94 <unknown>\n#19 0x7f04eb529c3c <unknown>","time":{"start":1738201408908,"stop":1738201410086,"duration":1178}},{"uid":"bce1c41e804bf6d8","reportUrl":"https://verafes.github.io/luma_project/570//#testresult/bce1c41e804bf6d8","status":"broken","statusDetails":"selenium.common.exceptions.NoSuchElementException: Message: no such element: Unable to locate element: {\"method\":\"css selector\",\"selector\":\".home-t-shirts .content .title\"}\n  (Session info: chrome=132.0.6834.110); For documentation on this error, please visit: https://www.selenium.dev/documentation/webdriver/troubleshooting/errors#no-such-element-exception\nStacktrace:\n#0 0x55d944b14dca <unknown>\n#1 0x55d94460b3f0 <unknown>\n#2 0x55d94465b10c <unknown>\n#3 0x55d94465b331 <unknown>\n#4 0x55d9446a1154 <unknown>\n#5 0x55d94467fabd <unknown>\n#6 0x55d94469e4b3 <unknown>\n#7 0x55d94467f833 <unknown>\n#8 0x55d94464c5a0 <unknown>\n#9 0x55d94464dece <unknown>\n#10 0x55d944adebdb <unknown>\n#11 0x55d944ae2b67 <unknown>\n#12 0x55d944aca3bc <unknown>\n#13 0x55d944ae3727 <unknown>\n#14 0x55d944aae74f <unknown>\n#15 0x55d944b03938 <unknown>\n#16 0x55d944b03b00 <unknown>\n#17 0x55d944b13c46 <unknown>\n#18 0x7f9b8fa9ca94 <unknown>\n#19 0x7f9b8fb29c3c <unknown>","time":{"start":1738115220196,"stop":1738115221401,"duration":1205}},{"uid":"e3d84937ee3525b1","reportUrl":"https://verafes.github.io/luma_project/569//#testresult/e3d84937ee3525b1","status":"broken","statusDetails":"selenium.common.exceptions.NoSuchElementException: Message: no such element: Unable to locate element: {\"method\":\"css selector\",\"selector\":\".home-t-shirts .content .title\"}\n  (Session info: chrome=132.0.6834.83); For documentation on this error, please visit: https://www.selenium.dev/documentation/webdriver/troubleshooting/errors#no-such-element-exception\nStacktrace:\n#0 0x556501d8a7ca <unknown>\n#1 0x5565018822f0 <unknown>\n#2 0x5565018d2035 <unknown>\n#3 0x5565018d2251 <unknown>\n#4 0x556501918054 <unknown>\n#5 0x5565018f69dd <unknown>\n#6 0x5565019153b3 <unknown>\n#7 0x5565018f6753 <unknown>\n#8 0x5565018c3baa <unknown>\n#9 0x5565018c4dfe <unknown>\n#10 0x556501d5538b <unknown>\n#11 0x556501d59307 <unknown>\n#12 0x556501d41e7c <unknown>\n#13 0x556501d59ec7 <unknown>\n#14 0x556501d2624f <unknown>\n#15 0x556501d792f8 <unknown>\n#16 0x556501d794c0 <unknown>\n#17 0x556501d89646 <unknown>\n#18 0x7f65e1e9ca94 <unknown>\n#19 0x7f65e1f29c3c <unknown>","time":{"start":1738028760343,"stop":1738028761457,"duration":1114}},{"uid":"fa336c95f78d7ccc","reportUrl":"https://verafes.github.io/luma_project/568//#testresult/fa336c95f78d7ccc","status":"broken","statusDetails":"selenium.common.exceptions.NoSuchElementException: Message: no such element: Unable to locate element: {\"method\":\"css selector\",\"selector\":\".home-t-shirts .content .title\"}\n  (Session info: chrome=132.0.6834.83); For documentation on this error, please visit: https://www.selenium.dev/documentation/webdriver/troubleshooting/errors#no-such-element-exception\nStacktrace:\n#0 0x5588e4b817ca <unknown>\n#1 0x5588e46792f0 <unknown>\n#2 0x5588e46c9035 <unknown>\n#3 0x5588e46c9251 <unknown>\n#4 0x5588e470f054 <unknown>\n#5 0x5588e46ed9dd <unknown>\n#6 0x5588e470c3b3 <unknown>\n#7 0x5588e46ed753 <unknown>\n#8 0x5588e46babaa <unknown>\n#9 0x5588e46bbdfe <unknown>\n#10 0x5588e4b4c38b <unknown>\n#11 0x5588e4b50307 <unknown>\n#12 0x5588e4b38e7c <unknown>\n#13 0x5588e4b50ec7 <unknown>\n#14 0x5588e4b1d24f <unknown>\n#15 0x5588e4b702f8 <unknown>\n#16 0x5588e4b704c0 <unknown>\n#17 0x5588e4b80646 <unknown>\n#18 0x7fc281c9ca94 <unknown>\n#19 0x7fc281d29c3c <unknown>","time":{"start":1737943049332,"stop":1737943049755,"duration":423}},{"uid":"e79e4a37d91604dc","reportUrl":"https://verafes.github.io/luma_project/567//#testresult/e79e4a37d91604dc","status":"broken","statusDetails":"selenium.common.exceptions.NoSuchElementException: Message: no such element: Unable to locate element: {\"method\":\"css selector\",\"selector\":\".home-t-shirts .content .title\"}\n  (Session info: chrome=132.0.6834.83); For documentation on this error, please visit: https://www.selenium.dev/documentation/webdriver/troubleshooting/errors#no-such-element-exception\nStacktrace:\n#0 0x558601de07ca <unknown>\n#1 0x5586018d82f0 <unknown>\n#2 0x558601928035 <unknown>\n#3 0x558601928251 <unknown>\n#4 0x55860196e054 <unknown>\n#5 0x55860194c9dd <unknown>\n#6 0x55860196b3b3 <unknown>\n#7 0x55860194c753 <unknown>\n#8 0x558601919baa <unknown>\n#9 0x55860191adfe <unknown>\n#10 0x558601dab38b <unknown>\n#11 0x558601daf307 <unknown>\n#12 0x558601d97e7c <unknown>\n#13 0x558601dafec7 <unknown>\n#14 0x558601d7c24f <unknown>\n#15 0x558601dcf2f8 <unknown>\n#16 0x558601dcf4c0 <unknown>\n#17 0x558601ddf646 <unknown>\n#18 0x7fc0afc9ca94 <unknown>\n#19 0x7fc0afd29c3c <unknown>","time":{"start":1737856686721,"stop":1737856687159,"duration":438}}]},"tags":[]},"source":"5cbd7bf78ea18ee6.json","parameterValues":[]}