{"uid":"5d8eb17211ad98b7","name":"TC 13.01.15 - Check the display of an image in block 1 'home-pants' in the Promo Block","fullName":"tests.test_main_page.TestPromoBlock#test_tc_13_01_15_check_image_visibility_in_section2_block1","historyId":"6e101f5eaa2f5e6aeb115316ccad163c","time":{"start":1738287979786,"stop":1738287985884,"duration":6098},"description":"This test checks if the image in section 2 block 1 'home-pants' is visible","descriptionHtml":"<p>This test checks if the image in section 2 block 1 'home-pants' is visible</p>\n","status":"broken","statusMessage":"selenium.common.exceptions.TimeoutException: Message: \nStacktrace:\n#0 0x5559ec4f6dca <unknown>\n#1 0x5559ebfed3f0 <unknown>\n#2 0x5559ec03d10c <unknown>\n#3 0x5559ec03d331 <unknown>\n#4 0x5559ec083154 <unknown>\n#5 0x5559ec061abd <unknown>\n#6 0x5559ec0804b3 <unknown>\n#7 0x5559ec061833 <unknown>\n#8 0x5559ec02e5a0 <unknown>\n#9 0x5559ec02fece <unknown>\n#10 0x5559ec4c0bdb <unknown>\n#11 0x5559ec4c4b67 <unknown>\n#12 0x5559ec4ac3bc <unknown>\n#13 0x5559ec4c5727 <unknown>\n#14 0x5559ec49074f <unknown>\n#15 0x5559ec4e5938 <unknown>\n#16 0x5559ec4e5b00 <unknown>\n#17 0x5559ec4f5c46 <unknown>\n#18 0x7f2d5469ca94 <unknown>\n#19 0x7f2d54729c3c <unknown>","statusTrace":"self = <test_main_page.TestMainPage.TestPromoBlock object at 0x7f536a267ad0>\ndriver = <selenium.webdriver.chrome.webdriver.WebDriver (session=\"62d71d30e5e8289a24695eb2ce0db668\")>\n\n    @allure.title(\"TC 13.01.15 - Check the display of an image in block 1 'home-pants' in the Promo Block\")\n    def test_tc_13_01_15_check_image_visibility_in_section2_block1(self, driver):\n        \"\"\"This test checks if the image in section 2 block 1 'home-pants' is visible\"\"\"\n        page = PromoBlock(driver, MAIN_PAGE_URL)\n        page.open()\n>       assert page.element_is_visible(self.locators.SECTION_2_BLOCK_1_IMAGE), \\\n            \"The image in section 2 block 1 is invisible in the Promo Block on the Main Page\"\n\ntests/test_main_page.py:245: \n_ _ _ _ _ _ _ _ _ _ _ _ _ _ _ _ _ _ _ _ _ _ _ _ _ _ _ _ _ _ _ _ _ _ _ _ _ _ _ _ \npages/base_page.py:29: in element_is_visible\n    self.go_to_element(self.element_is_present(locator))\npages/base_page.py:50: in element_is_present\n    return wait(self.driver, timeout).until(EC.presence_of_element_located(locator))\n_ _ _ _ _ _ _ _ _ _ _ _ _ _ _ _ _ _ _ _ _ _ _ _ _ _ _ _ _ _ _ _ _ _ _ _ _ _ _ _ \n\nself = <selenium.webdriver.support.wait.WebDriverWait (session=\"62d71d30e5e8289a24695eb2ce0db668\")>\nmethod = <function presence_of_element_located.<locals>._predicate at 0x7f536a728e00>\nmessage = ''\n\n    def until(self, method, message: str = \"\"):\n        \"\"\"Calls the method provided with the driver as an argument until the \\\n        return value does not evaluate to ``False``.\n    \n        :param method: callable(WebDriver)\n        :param message: optional message for :exc:`TimeoutException`\n        :returns: the result of the last call to `method`\n        :raises: :exc:`selenium.common.exceptions.TimeoutException` if timeout occurs\n        \"\"\"\n        screen = None\n        stacktrace = None\n    \n        end_time = time.monotonic() + self._timeout\n        while True:\n            try:\n                value = method(self._driver)\n                if value:\n                    return value\n            except self._ignored_exceptions as exc:\n                screen = getattr(exc, \"screen\", None)\n                stacktrace = getattr(exc, \"stacktrace\", None)\n            time.sleep(self._poll)\n            if time.monotonic() > end_time:\n                break\n>       raise TimeoutException(message, screen, stacktrace)\nE       selenium.common.exceptions.TimeoutException: Message: \nE       Stacktrace:\nE       #0 0x5559ec4f6dca <unknown>\nE       #1 0x5559ebfed3f0 <unknown>\nE       #2 0x5559ec03d10c <unknown>\nE       #3 0x5559ec03d331 <unknown>\nE       #4 0x5559ec083154 <unknown>\nE       #5 0x5559ec061abd <unknown>\nE       #6 0x5559ec0804b3 <unknown>\nE       #7 0x5559ec061833 <unknown>\nE       #8 0x5559ec02e5a0 <unknown>\nE       #9 0x5559ec02fece <unknown>\nE       #10 0x5559ec4c0bdb <unknown>\nE       #11 0x5559ec4c4b67 <unknown>\nE       #12 0x5559ec4ac3bc <unknown>\nE       #13 0x5559ec4c5727 <unknown>\nE       #14 0x5559ec49074f <unknown>\nE       #15 0x5559ec4e5938 <unknown>\nE       #16 0x5559ec4e5b00 <unknown>\nE       #17 0x5559ec4f5c46 <unknown>\nE       #18 0x7f2d5469ca94 <unknown>\nE       #19 0x7f2d54729c3c <unknown>\n\n/opt/hostedtoolcache/Python/3.11.11/x64/lib/python3.11/site-packages/selenium/webdriver/support/wait.py:95: TimeoutException","flaky":false,"newFailed":false,"newBroken":false,"newPassed":false,"retriesCount":0,"retriesStatusChange":false,"beforeStages":[{"name":"_session_faker","time":{"start":1738287359803,"stop":1738287359869,"duration":66},"status":"passed","steps":[],"attachments":[],"parameters":[],"shouldDisplayMessage":false,"stepsCount":0,"attachmentsCount":0,"hasContent":false,"attachmentStep":false},{"name":"clear_allure_result_folder","time":{"start":1738287359869,"stop":1738287359869,"duration":0},"status":"passed","steps":[],"attachments":[],"parameters":[],"shouldDisplayMessage":false,"stepsCount":0,"attachmentsCount":0,"hasContent":false,"attachmentStep":false},{"name":"driver","time":{"start":1738287978605,"stop":1738287979786,"duration":1181},"status":"passed","steps":[],"attachments":[],"parameters":[],"shouldDisplayMessage":false,"stepsCount":0,"attachmentsCount":0,"hasContent":false,"attachmentStep":false}],"testStage":{"description":"This test checks if the image in section 2 block 1 'home-pants' is visible","status":"broken","statusMessage":"selenium.common.exceptions.TimeoutException: Message: \nStacktrace:\n#0 0x5559ec4f6dca <unknown>\n#1 0x5559ebfed3f0 <unknown>\n#2 0x5559ec03d10c <unknown>\n#3 0x5559ec03d331 <unknown>\n#4 0x5559ec083154 <unknown>\n#5 0x5559ec061abd <unknown>\n#6 0x5559ec0804b3 <unknown>\n#7 0x5559ec061833 <unknown>\n#8 0x5559ec02e5a0 <unknown>\n#9 0x5559ec02fece <unknown>\n#10 0x5559ec4c0bdb <unknown>\n#11 0x5559ec4c4b67 <unknown>\n#12 0x5559ec4ac3bc <unknown>\n#13 0x5559ec4c5727 <unknown>\n#14 0x5559ec49074f <unknown>\n#15 0x5559ec4e5938 <unknown>\n#16 0x5559ec4e5b00 <unknown>\n#17 0x5559ec4f5c46 <unknown>\n#18 0x7f2d5469ca94 <unknown>\n#19 0x7f2d54729c3c <unknown>","statusTrace":"self = <test_main_page.TestMainPage.TestPromoBlock object at 0x7f536a267ad0>\ndriver = <selenium.webdriver.chrome.webdriver.WebDriver (session=\"62d71d30e5e8289a24695eb2ce0db668\")>\n\n    @allure.title(\"TC 13.01.15 - Check the display of an image in block 1 'home-pants' in the Promo Block\")\n    def test_tc_13_01_15_check_image_visibility_in_section2_block1(self, driver):\n        \"\"\"This test checks if the image in section 2 block 1 'home-pants' is visible\"\"\"\n        page = PromoBlock(driver, MAIN_PAGE_URL)\n        page.open()\n>       assert page.element_is_visible(self.locators.SECTION_2_BLOCK_1_IMAGE), \\\n            \"The image in section 2 block 1 is invisible in the Promo Block on the Main Page\"\n\ntests/test_main_page.py:245: \n_ _ _ _ _ _ _ _ _ _ _ _ _ _ _ _ _ _ _ _ _ _ _ _ _ _ _ _ _ _ _ _ _ _ _ _ _ _ _ _ \npages/base_page.py:29: in element_is_visible\n    self.go_to_element(self.element_is_present(locator))\npages/base_page.py:50: in element_is_present\n    return wait(self.driver, timeout).until(EC.presence_of_element_located(locator))\n_ _ _ _ _ _ _ _ _ _ _ _ _ _ _ _ _ _ _ _ _ _ _ _ _ _ _ _ _ _ _ _ _ _ _ _ _ _ _ _ \n\nself = <selenium.webdriver.support.wait.WebDriverWait (session=\"62d71d30e5e8289a24695eb2ce0db668\")>\nmethod = <function presence_of_element_located.<locals>._predicate at 0x7f536a728e00>\nmessage = ''\n\n    def until(self, method, message: str = \"\"):\n        \"\"\"Calls the method provided with the driver as an argument until the \\\n        return value does not evaluate to ``False``.\n    \n        :param method: callable(WebDriver)\n        :param message: optional message for :exc:`TimeoutException`\n        :returns: the result of the last call to `method`\n        :raises: :exc:`selenium.common.exceptions.TimeoutException` if timeout occurs\n        \"\"\"\n        screen = None\n        stacktrace = None\n    \n        end_time = time.monotonic() + self._timeout\n        while True:\n            try:\n                value = method(self._driver)\n                if value:\n                    return value\n            except self._ignored_exceptions as exc:\n                screen = getattr(exc, \"screen\", None)\n                stacktrace = getattr(exc, \"stacktrace\", None)\n            time.sleep(self._poll)\n            if time.monotonic() > end_time:\n                break\n>       raise TimeoutException(message, screen, stacktrace)\nE       selenium.common.exceptions.TimeoutException: Message: \nE       Stacktrace:\nE       #0 0x5559ec4f6dca <unknown>\nE       #1 0x5559ebfed3f0 <unknown>\nE       #2 0x5559ec03d10c <unknown>\nE       #3 0x5559ec03d331 <unknown>\nE       #4 0x5559ec083154 <unknown>\nE       #5 0x5559ec061abd <unknown>\nE       #6 0x5559ec0804b3 <unknown>\nE       #7 0x5559ec061833 <unknown>\nE       #8 0x5559ec02e5a0 <unknown>\nE       #9 0x5559ec02fece <unknown>\nE       #10 0x5559ec4c0bdb <unknown>\nE       #11 0x5559ec4c4b67 <unknown>\nE       #12 0x5559ec4ac3bc <unknown>\nE       #13 0x5559ec4c5727 <unknown>\nE       #14 0x5559ec49074f <unknown>\nE       #15 0x5559ec4e5938 <unknown>\nE       #16 0x5559ec4e5b00 <unknown>\nE       #17 0x5559ec4f5c46 <unknown>\nE       #18 0x7f2d5469ca94 <unknown>\nE       #19 0x7f2d54729c3c <unknown>\n\n/opt/hostedtoolcache/Python/3.11.11/x64/lib/python3.11/site-packages/selenium/webdriver/support/wait.py:95: TimeoutException","steps":[{"name":"Open a browser","time":{"start":1738287979786,"stop":1738287980752,"duration":966},"status":"passed","steps":[],"attachments":[],"parameters":[],"shouldDisplayMessage":false,"stepsCount":0,"attachmentsCount":0,"hasContent":false,"attachmentStep":false},{"name":"Find a visible element","time":{"start":1738287980752,"stop":1738287985884,"duration":5132},"status":"broken","statusMessage":"selenium.common.exceptions.TimeoutException: Message: \nStacktrace:\n#0 0x5559ec4f6dca <unknown>\n#1 0x5559ebfed3f0 <unknown>\n#2 0x5559ec03d10c <unknown>\n#3 0x5559ec03d331 <unknown>\n#4 0x5559ec083154 <unknown>\n#5 0x5559ec061abd <unknown>\n#6 0x5559ec0804b3 <unknown>\n#7 0x5559ec061833 <unknown>\n#8 0x5559ec02e5a0 <unknown>\n#9 0x5559ec02fece <unknown>\n#10 0x5559ec4c0bdb <unknown>\n#11 0x5559ec4c4b67 <unknown>\n#12 0x5559ec4ac3bc <unknown>\n#13 0x5559ec4c5727 <unknown>\n#14 0x5559ec49074f <unknown>\n#15 0x5559ec4e5938 <unknown>\n#16 0x5559ec4e5b00 <unknown>\n#17 0x5559ec4f5c46 <unknown>\n#18 0x7f2d5469ca94 <unknown>\n#19 0x7f2d54729c3c <unknown>\n\n","statusTrace":"  File \"/opt/hostedtoolcache/Python/3.11.11/x64/lib/python3.11/site-packages/allure_commons/_allure.py\", line 192, in impl\n    return func(*a, **kw)\n           ^^^^^^^^^^^^^^\n  File \"/home/runner/work/luma_project/luma_project/pages/base_page.py\", line 29, in element_is_visible\n    self.go_to_element(self.element_is_present(locator))\n                       ^^^^^^^^^^^^^^^^^^^^^^^^^^^^^^^^\n  File \"/opt/hostedtoolcache/Python/3.11.11/x64/lib/python3.11/site-packages/allure_commons/_allure.py\", line 192, in impl\n    return func(*a, **kw)\n           ^^^^^^^^^^^^^^\n  File \"/home/runner/work/luma_project/luma_project/pages/base_page.py\", line 50, in element_is_present\n    return wait(self.driver, timeout).until(EC.presence_of_element_located(locator))\n           ^^^^^^^^^^^^^^^^^^^^^^^^^^^^^^^^^^^^^^^^^^^^^^^^^^^^^^^^^^^^^^^^^^^^^^^^^\n  File \"/opt/hostedtoolcache/Python/3.11.11/x64/lib/python3.11/site-packages/selenium/webdriver/support/wait.py\", line 95, in until\n    raise TimeoutException(message, screen, stacktrace)\n","steps":[{"name":"Find a present element","time":{"start":1738287980752,"stop":1738287985883,"duration":5131},"status":"broken","statusMessage":"selenium.common.exceptions.TimeoutException: Message: \nStacktrace:\n#0 0x5559ec4f6dca <unknown>\n#1 0x5559ebfed3f0 <unknown>\n#2 0x5559ec03d10c <unknown>\n#3 0x5559ec03d331 <unknown>\n#4 0x5559ec083154 <unknown>\n#5 0x5559ec061abd <unknown>\n#6 0x5559ec0804b3 <unknown>\n#7 0x5559ec061833 <unknown>\n#8 0x5559ec02e5a0 <unknown>\n#9 0x5559ec02fece <unknown>\n#10 0x5559ec4c0bdb <unknown>\n#11 0x5559ec4c4b67 <unknown>\n#12 0x5559ec4ac3bc <unknown>\n#13 0x5559ec4c5727 <unknown>\n#14 0x5559ec49074f <unknown>\n#15 0x5559ec4e5938 <unknown>\n#16 0x5559ec4e5b00 <unknown>\n#17 0x5559ec4f5c46 <unknown>\n#18 0x7f2d5469ca94 <unknown>\n#19 0x7f2d54729c3c <unknown>\n\n","statusTrace":"  File \"/opt/hostedtoolcache/Python/3.11.11/x64/lib/python3.11/site-packages/allure_commons/_allure.py\", line 192, in impl\n    return func(*a, **kw)\n           ^^^^^^^^^^^^^^\n  File \"/home/runner/work/luma_project/luma_project/pages/base_page.py\", line 50, in element_is_present\n    return wait(self.driver, timeout).until(EC.presence_of_element_located(locator))\n           ^^^^^^^^^^^^^^^^^^^^^^^^^^^^^^^^^^^^^^^^^^^^^^^^^^^^^^^^^^^^^^^^^^^^^^^^^\n  File \"/opt/hostedtoolcache/Python/3.11.11/x64/lib/python3.11/site-packages/selenium/webdriver/support/wait.py\", line 95, in until\n    raise TimeoutException(message, screen, stacktrace)\n","steps":[],"attachments":[],"parameters":[{"name":"locator","value":"('css selector', '.home-pants img')"},{"name":"timeout","value":"5"}],"shouldDisplayMessage":true,"stepsCount":0,"attachmentsCount":0,"hasContent":true,"attachmentStep":false}],"attachments":[],"parameters":[{"name":"locator","value":"('css selector', '.home-pants img')"},{"name":"timeout","value":"10"}],"shouldDisplayMessage":false,"stepsCount":1,"attachmentsCount":0,"hasContent":true,"attachmentStep":false}],"attachments":[{"uid":"60a6f79025581996","name":"Screenshot","source":"60a6f79025581996.png","type":"image/png","size":548028},{"uid":"811e1d2a1b32665a","name":"HTML source","source":"811e1d2a1b32665a.html","type":"text/html","size":141712}],"parameters":[],"shouldDisplayMessage":true,"stepsCount":3,"attachmentsCount":2,"hasContent":true,"attachmentStep":false},"afterStages":[{"name":"driver::0","time":{"start":1738287986851,"stop":1738287986967,"duration":116},"status":"passed","steps":[],"attachments":[],"parameters":[],"shouldDisplayMessage":false,"stepsCount":0,"attachmentsCount":0,"hasContent":false,"attachmentStep":false},{"name":"clear_allure_result_folder::0","time":{"start":1738288799901,"stop":1738288799901,"duration":0},"status":"passed","steps":[],"attachments":[],"parameters":[],"shouldDisplayMessage":false,"stepsCount":0,"attachmentsCount":0,"hasContent":false,"attachmentStep":false}],"labels":[{"name":"feature","value":"Promo Block Testing"},{"name":"epic","value":"Main Page"},{"name":"parentSuite","value":"tests"},{"name":"suite","value":"test_main_page"},{"name":"subSuite","value":"TestMainPage"},{"name":"host","value":"fv-az1774-424"},{"name":"thread","value":"2797-MainThread"},{"name":"framework","value":"pytest"},{"name":"language","value":"cpython3"},{"name":"package","value":"tests.test_main_page"},{"name":"resultFormat","value":"allure2"}],"parameters":[],"links":[],"hidden":false,"retry":false,"extra":{"severity":"normal","retries":[],"categories":[{"name":"Test defects","matchedStatuses":[],"flaky":false}],"history":{"statistic":{"failed":0,"broken":6,"skipped":0,"passed":0,"unknown":0,"total":6},"items":[{"uid":"a99da06e49472dd","reportUrl":"https://verafes.github.io/luma_project/571//#testresult/a99da06e49472dd","status":"broken","statusDetails":"selenium.common.exceptions.TimeoutException: Message: \nStacktrace:\n#0 0x56289e91adca <unknown>\n#1 0x56289e4113f0 <unknown>\n#2 0x56289e46110c <unknown>\n#3 0x56289e461331 <unknown>\n#4 0x56289e4a7154 <unknown>\n#5 0x56289e485abd <unknown>\n#6 0x56289e4a44b3 <unknown>\n#7 0x56289e485833 <unknown>\n#8 0x56289e4525a0 <unknown>\n#9 0x56289e453ece <unknown>\n#10 0x56289e8e4bdb <unknown>\n#11 0x56289e8e8b67 <unknown>\n#12 0x56289e8d03bc <unknown>\n#13 0x56289e8e9727 <unknown>\n#14 0x56289e8b474f <unknown>\n#15 0x56289e909938 <unknown>\n#16 0x56289e909b00 <unknown>\n#17 0x56289e919c46 <unknown>\n#18 0x7f66bdc9ca94 <unknown>\n#19 0x7f66bdd29c3c <unknown>","time":{"start":1738201350293,"stop":1738201356581,"duration":6288}},{"uid":"69937d8785609a81","reportUrl":"https://verafes.github.io/luma_project/570//#testresult/69937d8785609a81","status":"broken","statusDetails":"selenium.common.exceptions.TimeoutException: Message: \nStacktrace:\n#0 0x55a23e60adca <unknown>\n#1 0x55a23e1013f0 <unknown>\n#2 0x55a23e15110c <unknown>\n#3 0x55a23e151331 <unknown>\n#4 0x55a23e197154 <unknown>\n#5 0x55a23e175abd <unknown>\n#6 0x55a23e1944b3 <unknown>\n#7 0x55a23e175833 <unknown>\n#8 0x55a23e1425a0 <unknown>\n#9 0x55a23e143ece <unknown>\n#10 0x55a23e5d4bdb <unknown>\n#11 0x55a23e5d8b67 <unknown>\n#12 0x55a23e5c03bc <unknown>\n#13 0x55a23e5d9727 <unknown>\n#14 0x55a23e5a474f <unknown>\n#15 0x55a23e5f9938 <unknown>\n#16 0x55a23e5f9b00 <unknown>\n#17 0x55a23e609c46 <unknown>\n#18 0x7fb0df09ca94 <unknown>\n#19 0x7fb0df129c3c <unknown>","time":{"start":1738115159251,"stop":1738115165574,"duration":6323}},{"uid":"b136c00ca534292b","reportUrl":"https://verafes.github.io/luma_project/569//#testresult/b136c00ca534292b","status":"broken","statusDetails":"selenium.common.exceptions.TimeoutException: Message: \nStacktrace:\n#0 0x56321b6087ca <unknown>\n#1 0x56321b1002f0 <unknown>\n#2 0x56321b150035 <unknown>\n#3 0x56321b150251 <unknown>\n#4 0x56321b196054 <unknown>\n#5 0x56321b1749dd <unknown>\n#6 0x56321b1933b3 <unknown>\n#7 0x56321b174753 <unknown>\n#8 0x56321b141baa <unknown>\n#9 0x56321b142dfe <unknown>\n#10 0x56321b5d338b <unknown>\n#11 0x56321b5d7307 <unknown>\n#12 0x56321b5bfe7c <unknown>\n#13 0x56321b5d7ec7 <unknown>\n#14 0x56321b5a424f <unknown>\n#15 0x56321b5f72f8 <unknown>\n#16 0x56321b5f74c0 <unknown>\n#17 0x56321b607646 <unknown>\n#18 0x7f63c289ca94 <unknown>\n#19 0x7f63c2929c3c <unknown>","time":{"start":1738028699993,"stop":1738028706280,"duration":6287}},{"uid":"5697f1c2168424c6","reportUrl":"https://verafes.github.io/luma_project/568//#testresult/5697f1c2168424c6","status":"broken","statusDetails":"selenium.common.exceptions.TimeoutException: Message: \nStacktrace:\n#0 0x556e6c5e37ca <unknown>\n#1 0x556e6c0db2f0 <unknown>\n#2 0x556e6c12b035 <unknown>\n#3 0x556e6c12b251 <unknown>\n#4 0x556e6c171054 <unknown>\n#5 0x556e6c14f9dd <unknown>\n#6 0x556e6c16e3b3 <unknown>\n#7 0x556e6c14f753 <unknown>\n#8 0x556e6c11cbaa <unknown>\n#9 0x556e6c11ddfe <unknown>\n#10 0x556e6c5ae38b <unknown>\n#11 0x556e6c5b2307 <unknown>\n#12 0x556e6c59ae7c <unknown>\n#13 0x556e6c5b2ec7 <unknown>\n#14 0x556e6c57f24f <unknown>\n#15 0x556e6c5d22f8 <unknown>\n#16 0x556e6c5d24c0 <unknown>\n#17 0x556e6c5e2646 <unknown>\n#18 0x7f30d6a9ca94 <unknown>\n#19 0x7f30d6b29c3c <unknown>","time":{"start":1737943002453,"stop":1737943008163,"duration":5710}},{"uid":"9eac64e523fc1128","reportUrl":"https://verafes.github.io/luma_project/567//#testresult/9eac64e523fc1128","status":"broken","statusDetails":"selenium.common.exceptions.TimeoutException: Message: \nStacktrace:\n#0 0x561b051987ca <unknown>\n#1 0x561b04c902f0 <unknown>\n#2 0x561b04ce0035 <unknown>\n#3 0x561b04ce0251 <unknown>\n#4 0x561b04d26054 <unknown>\n#5 0x561b04d049dd <unknown>\n#6 0x561b04d233b3 <unknown>\n#7 0x561b04d04753 <unknown>\n#8 0x561b04cd1baa <unknown>\n#9 0x561b04cd2dfe <unknown>\n#10 0x561b0516338b <unknown>\n#11 0x561b05167307 <unknown>\n#12 0x561b0514fe7c <unknown>\n#13 0x561b05167ec7 <unknown>\n#14 0x561b0513424f <unknown>\n#15 0x561b051872f8 <unknown>\n#16 0x561b051874c0 <unknown>\n#17 0x561b05197646 <unknown>\n#18 0x7f1f4e29ca94 <unknown>\n#19 0x7f1f4e329c3c <unknown>","time":{"start":1737856639788,"stop":1737856645297,"duration":5509}}]},"tags":[]},"source":"5d8eb17211ad98b7.json","parameterValues":[]}