{"uid":"8234767de89a61b1","name":"TC 03.01.18 Verify Email field for correct email format","fullName":"tests.test_sign_in.TestRegisteredCustomers#test_03_01_18_email_field_for_correct_email_format","historyId":"a0e8c13ab50c7dddf913519f7351ad92","time":{"start":1733278924542,"stop":1733278929689,"duration":5147},"description":"Check error message for incorrect email format in email field","descriptionHtml":"<p>Check error message for incorrect email format in email field</p>\n","status":"broken","statusMessage":"selenium.common.exceptions.TimeoutException: Message: \nStacktrace:\n#0 0x561139a8f31a <unknown>\n#1 0x5611395a56e0 <unknown>\n#2 0x5611395f43e6 <unknown>\n#3 0x5611395f4681 <unknown>\n#4 0x561139639b04 <unknown>\n#5 0x56113961848d <unknown>\n#6 0x561139636ed7 <unknown>\n#7 0x561139618203 <unknown>\n#8 0x5611395e6cc0 <unknown>\n#9 0x5611395e7c9e <unknown>\n#10 0x561139a5cd0b <unknown>\n#11 0x561139a60c92 <unknown>\n#12 0x561139a49b3c <unknown>\n#13 0x561139a61807 <unknown>\n#14 0x561139a2f0df <unknown>\n#15 0x561139a7e578 <unknown>\n#16 0x561139a7e740 <unknown>\n#17 0x561139a8e196 <unknown>\n#18 0x7f79e0294ac3 <unknown>","statusTrace":"self = <test_sign_in.TestRegisteredCustomers object at 0x7f0266d51110>\ndriver = <selenium.webdriver.chrome.webdriver.WebDriver (session=\"a59ba995c2b86691144862653910bc63\")>\nsign_in_page = <pages.sign_in_page.SignInPage object at 0x7f0268455410>\n\n    @allure.title('TC 03.01.18 Verify Email field for correct email format')\n    def test_03_01_18_email_field_for_correct_email_format(self, driver, sign_in_page):\n        \"\"\"Check error message for incorrect email format in email field\"\"\"\n>       sign_in_page.fill_in_email_field(credentials['incorrect_email'])\n\ntests/test_sign_in.py:150: \n_ _ _ _ _ _ _ _ _ _ _ _ _ _ _ _ _ _ _ _ _ _ _ _ _ _ _ _ _ _ _ _ _ _ _ _ _ _ _ _ \npages/sign_in_page.py:54: in fill_in_email_field\n    self.fill_in_field(self.check_customer_email_field_is_clickable(), email)\npages/sign_in_page.py:41: in check_customer_email_field_is_clickable\n    return self.element_is_clickable(self.locators.CUSTOMER_EMAIL)\npages/base_page.py:80: in element_is_clickable\n    return wait(self.driver, timeout).until(EC.element_to_be_clickable(locator))\n_ _ _ _ _ _ _ _ _ _ _ _ _ _ _ _ _ _ _ _ _ _ _ _ _ _ _ _ _ _ _ _ _ _ _ _ _ _ _ _ \n\nself = <selenium.webdriver.support.wait.WebDriverWait (session=\"a59ba995c2b86691144862653910bc63\")>\nmethod = <function element_to_be_clickable.<locals>._predicate at 0x7f02689ce2a0>\nmessage = ''\n\n    def until(self, method, message: str = \"\"):\n        \"\"\"Calls the method provided with the driver as an argument until the \\\n        return value does not evaluate to ``False``.\n    \n        :param method: callable(WebDriver)\n        :param message: optional message for :exc:`TimeoutException`\n        :returns: the result of the last call to `method`\n        :raises: :exc:`selenium.common.exceptions.TimeoutException` if timeout occurs\n        \"\"\"\n        screen = None\n        stacktrace = None\n    \n        end_time = time.monotonic() + self._timeout\n        while True:\n            try:\n                value = method(self._driver)\n                if value:\n                    return value\n            except self._ignored_exceptions as exc:\n                screen = getattr(exc, \"screen\", None)\n                stacktrace = getattr(exc, \"stacktrace\", None)\n            time.sleep(self._poll)\n            if time.monotonic() > end_time:\n                break\n>       raise TimeoutException(message, screen, stacktrace)\nE       selenium.common.exceptions.TimeoutException: Message: \nE       Stacktrace:\nE       #0 0x561139a8f31a <unknown>\nE       #1 0x5611395a56e0 <unknown>\nE       #2 0x5611395f43e6 <unknown>\nE       #3 0x5611395f4681 <unknown>\nE       #4 0x561139639b04 <unknown>\nE       #5 0x56113961848d <unknown>\nE       #6 0x561139636ed7 <unknown>\nE       #7 0x561139618203 <unknown>\nE       #8 0x5611395e6cc0 <unknown>\nE       #9 0x5611395e7c9e <unknown>\nE       #10 0x561139a5cd0b <unknown>\nE       #11 0x561139a60c92 <unknown>\nE       #12 0x561139a49b3c <unknown>\nE       #13 0x561139a61807 <unknown>\nE       #14 0x561139a2f0df <unknown>\nE       #15 0x561139a7e578 <unknown>\nE       #16 0x561139a7e740 <unknown>\nE       #17 0x561139a8e196 <unknown>\nE       #18 0x7f79e0294ac3 <unknown>\n\n/opt/hostedtoolcache/Python/3.11.10/x64/lib/python3.11/site-packages/selenium/webdriver/support/wait.py:95: TimeoutException","flaky":false,"newFailed":false,"newBroken":true,"newPassed":false,"retriesCount":0,"retriesStatusChange":false,"beforeStages":[{"name":"_session_faker","time":{"start":1733276821608,"stop":1733276821672,"duration":64},"status":"passed","steps":[],"attachments":[],"parameters":[],"shouldDisplayMessage":false,"stepsCount":0,"attachmentsCount":0,"hasContent":false,"attachmentStep":false},{"name":"clear_allure_result_folder","time":{"start":1733276821673,"stop":1733276821673,"duration":0},"status":"passed","steps":[],"attachments":[],"parameters":[],"shouldDisplayMessage":false,"stepsCount":0,"attachmentsCount":0,"hasContent":false,"attachmentStep":false},{"name":"driver","time":{"start":1733278823237,"stop":1733278824438,"duration":1201},"status":"passed","steps":[],"attachments":[],"parameters":[],"shouldDisplayMessage":false,"stepsCount":0,"attachmentsCount":0,"hasContent":false,"attachmentStep":false},{"name":"sign_in_page","time":{"start":1733278824438,"stop":1733278924542,"duration":100104},"status":"passed","steps":[{"name":"Open a browser","time":{"start":1733278824438,"stop":1733278924541,"duration":100103},"status":"passed","steps":[],"attachments":[],"parameters":[],"shouldDisplayMessage":false,"stepsCount":0,"attachmentsCount":0,"hasContent":false,"attachmentStep":false}],"attachments":[],"parameters":[],"shouldDisplayMessage":false,"stepsCount":1,"attachmentsCount":0,"hasContent":true,"attachmentStep":false}],"testStage":{"description":"Check error message for incorrect email format in email field","status":"broken","statusMessage":"selenium.common.exceptions.TimeoutException: Message: \nStacktrace:\n#0 0x561139a8f31a <unknown>\n#1 0x5611395a56e0 <unknown>\n#2 0x5611395f43e6 <unknown>\n#3 0x5611395f4681 <unknown>\n#4 0x561139639b04 <unknown>\n#5 0x56113961848d <unknown>\n#6 0x561139636ed7 <unknown>\n#7 0x561139618203 <unknown>\n#8 0x5611395e6cc0 <unknown>\n#9 0x5611395e7c9e <unknown>\n#10 0x561139a5cd0b <unknown>\n#11 0x561139a60c92 <unknown>\n#12 0x561139a49b3c <unknown>\n#13 0x561139a61807 <unknown>\n#14 0x561139a2f0df <unknown>\n#15 0x561139a7e578 <unknown>\n#16 0x561139a7e740 <unknown>\n#17 0x561139a8e196 <unknown>\n#18 0x7f79e0294ac3 <unknown>","statusTrace":"self = <test_sign_in.TestRegisteredCustomers object at 0x7f0266d51110>\ndriver = <selenium.webdriver.chrome.webdriver.WebDriver (session=\"a59ba995c2b86691144862653910bc63\")>\nsign_in_page = <pages.sign_in_page.SignInPage object at 0x7f0268455410>\n\n    @allure.title('TC 03.01.18 Verify Email field for correct email format')\n    def test_03_01_18_email_field_for_correct_email_format(self, driver, sign_in_page):\n        \"\"\"Check error message for incorrect email format in email field\"\"\"\n>       sign_in_page.fill_in_email_field(credentials['incorrect_email'])\n\ntests/test_sign_in.py:150: \n_ _ _ _ _ _ _ _ _ _ _ _ _ _ _ _ _ _ _ _ _ _ _ _ _ _ _ _ _ _ _ _ _ _ _ _ _ _ _ _ \npages/sign_in_page.py:54: in fill_in_email_field\n    self.fill_in_field(self.check_customer_email_field_is_clickable(), email)\npages/sign_in_page.py:41: in check_customer_email_field_is_clickable\n    return self.element_is_clickable(self.locators.CUSTOMER_EMAIL)\npages/base_page.py:80: in element_is_clickable\n    return wait(self.driver, timeout).until(EC.element_to_be_clickable(locator))\n_ _ _ _ _ _ _ _ _ _ _ _ _ _ _ _ _ _ _ _ _ _ _ _ _ _ _ _ _ _ _ _ _ _ _ _ _ _ _ _ \n\nself = <selenium.webdriver.support.wait.WebDriverWait (session=\"a59ba995c2b86691144862653910bc63\")>\nmethod = <function element_to_be_clickable.<locals>._predicate at 0x7f02689ce2a0>\nmessage = ''\n\n    def until(self, method, message: str = \"\"):\n        \"\"\"Calls the method provided with the driver as an argument until the \\\n        return value does not evaluate to ``False``.\n    \n        :param method: callable(WebDriver)\n        :param message: optional message for :exc:`TimeoutException`\n        :returns: the result of the last call to `method`\n        :raises: :exc:`selenium.common.exceptions.TimeoutException` if timeout occurs\n        \"\"\"\n        screen = None\n        stacktrace = None\n    \n        end_time = time.monotonic() + self._timeout\n        while True:\n            try:\n                value = method(self._driver)\n                if value:\n                    return value\n            except self._ignored_exceptions as exc:\n                screen = getattr(exc, \"screen\", None)\n                stacktrace = getattr(exc, \"stacktrace\", None)\n            time.sleep(self._poll)\n            if time.monotonic() > end_time:\n                break\n>       raise TimeoutException(message, screen, stacktrace)\nE       selenium.common.exceptions.TimeoutException: Message: \nE       Stacktrace:\nE       #0 0x561139a8f31a <unknown>\nE       #1 0x5611395a56e0 <unknown>\nE       #2 0x5611395f43e6 <unknown>\nE       #3 0x5611395f4681 <unknown>\nE       #4 0x561139639b04 <unknown>\nE       #5 0x56113961848d <unknown>\nE       #6 0x561139636ed7 <unknown>\nE       #7 0x561139618203 <unknown>\nE       #8 0x5611395e6cc0 <unknown>\nE       #9 0x5611395e7c9e <unknown>\nE       #10 0x561139a5cd0b <unknown>\nE       #11 0x561139a60c92 <unknown>\nE       #12 0x561139a49b3c <unknown>\nE       #13 0x561139a61807 <unknown>\nE       #14 0x561139a2f0df <unknown>\nE       #15 0x561139a7e578 <unknown>\nE       #16 0x561139a7e740 <unknown>\nE       #17 0x561139a8e196 <unknown>\nE       #18 0x7f79e0294ac3 <unknown>\n\n/opt/hostedtoolcache/Python/3.11.10/x64/lib/python3.11/site-packages/selenium/webdriver/support/wait.py:95: TimeoutException","steps":[{"name":"Fill in Email field","time":{"start":1733278924542,"stop":1733278929688,"duration":5146},"status":"broken","statusMessage":"selenium.common.exceptions.TimeoutException: Message: \nStacktrace:\n#0 0x561139a8f31a <unknown>\n#1 0x5611395a56e0 <unknown>\n#2 0x5611395f43e6 <unknown>\n#3 0x5611395f4681 <unknown>\n#4 0x561139639b04 <unknown>\n#5 0x56113961848d <unknown>\n#6 0x561139636ed7 <unknown>\n#7 0x561139618203 <unknown>\n#8 0x5611395e6cc0 <unknown>\n#9 0x5611395e7c9e <unknown>\n#10 0x561139a5cd0b <unknown>\n#11 0x561139a60c92 <unknown>\n#12 0x561139a49b3c <unknown>\n#13 0x561139a61807 <unknown>\n#14 0x561139a2f0df <unknown>\n#15 0x561139a7e578 <unknown>\n#16 0x561139a7e740 <unknown>\n#17 0x561139a8e196 <unknown>\n#18 0x7f79e0294ac3 <unknown>\n\n","statusTrace":"  File \"/opt/hostedtoolcache/Python/3.11.10/x64/lib/python3.11/site-packages/allure_commons/_allure.py\", line 192, in impl\n    return func(*a, **kw)\n           ^^^^^^^^^^^^^^\n  File \"/home/runner/work/luma_project/luma_project/pages/sign_in_page.py\", line 54, in fill_in_email_field\n    self.fill_in_field(self.check_customer_email_field_is_clickable(), email)\n                       ^^^^^^^^^^^^^^^^^^^^^^^^^^^^^^^^^^^^^^^^^^^^^^\n  File \"/opt/hostedtoolcache/Python/3.11.10/x64/lib/python3.11/site-packages/allure_commons/_allure.py\", line 192, in impl\n    return func(*a, **kw)\n           ^^^^^^^^^^^^^^\n  File \"/home/runner/work/luma_project/luma_project/pages/sign_in_page.py\", line 41, in check_customer_email_field_is_clickable\n    return self.element_is_clickable(self.locators.CUSTOMER_EMAIL)\n           ^^^^^^^^^^^^^^^^^^^^^^^^^^^^^^^^^^^^^^^^^^^^^^^^^^^^^^^\n  File \"/opt/hostedtoolcache/Python/3.11.10/x64/lib/python3.11/site-packages/allure_commons/_allure.py\", line 192, in impl\n    return func(*a, **kw)\n           ^^^^^^^^^^^^^^\n  File \"/home/runner/work/luma_project/luma_project/pages/base_page.py\", line 80, in element_is_clickable\n    return wait(self.driver, timeout).until(EC.element_to_be_clickable(locator))\n           ^^^^^^^^^^^^^^^^^^^^^^^^^^^^^^^^^^^^^^^^^^^^^^^^^^^^^^^^^^^^^^^^^^^^^\n  File \"/opt/hostedtoolcache/Python/3.11.10/x64/lib/python3.11/site-packages/selenium/webdriver/support/wait.py\", line 95, in until\n    raise TimeoutException(message, screen, stacktrace)\n","steps":[{"name":"Check Email field is clickable","time":{"start":1733278924542,"stop":1733278929688,"duration":5146},"status":"broken","statusMessage":"selenium.common.exceptions.TimeoutException: Message: \nStacktrace:\n#0 0x561139a8f31a <unknown>\n#1 0x5611395a56e0 <unknown>\n#2 0x5611395f43e6 <unknown>\n#3 0x5611395f4681 <unknown>\n#4 0x561139639b04 <unknown>\n#5 0x56113961848d <unknown>\n#6 0x561139636ed7 <unknown>\n#7 0x561139618203 <unknown>\n#8 0x5611395e6cc0 <unknown>\n#9 0x5611395e7c9e <unknown>\n#10 0x561139a5cd0b <unknown>\n#11 0x561139a60c92 <unknown>\n#12 0x561139a49b3c <unknown>\n#13 0x561139a61807 <unknown>\n#14 0x561139a2f0df <unknown>\n#15 0x561139a7e578 <unknown>\n#16 0x561139a7e740 <unknown>\n#17 0x561139a8e196 <unknown>\n#18 0x7f79e0294ac3 <unknown>\n\n","statusTrace":"  File \"/opt/hostedtoolcache/Python/3.11.10/x64/lib/python3.11/site-packages/allure_commons/_allure.py\", line 192, in impl\n    return func(*a, **kw)\n           ^^^^^^^^^^^^^^\n  File \"/home/runner/work/luma_project/luma_project/pages/sign_in_page.py\", line 41, in check_customer_email_field_is_clickable\n    return self.element_is_clickable(self.locators.CUSTOMER_EMAIL)\n           ^^^^^^^^^^^^^^^^^^^^^^^^^^^^^^^^^^^^^^^^^^^^^^^^^^^^^^^\n  File \"/opt/hostedtoolcache/Python/3.11.10/x64/lib/python3.11/site-packages/allure_commons/_allure.py\", line 192, in impl\n    return func(*a, **kw)\n           ^^^^^^^^^^^^^^\n  File \"/home/runner/work/luma_project/luma_project/pages/base_page.py\", line 80, in element_is_clickable\n    return wait(self.driver, timeout).until(EC.element_to_be_clickable(locator))\n           ^^^^^^^^^^^^^^^^^^^^^^^^^^^^^^^^^^^^^^^^^^^^^^^^^^^^^^^^^^^^^^^^^^^^^\n  File \"/opt/hostedtoolcache/Python/3.11.10/x64/lib/python3.11/site-packages/selenium/webdriver/support/wait.py\", line 95, in until\n    raise TimeoutException(message, screen, stacktrace)\n","steps":[{"name":"Find clickable elements","time":{"start":1733278924543,"stop":1733278929688,"duration":5145},"status":"broken","statusMessage":"selenium.common.exceptions.TimeoutException: Message: \nStacktrace:\n#0 0x561139a8f31a <unknown>\n#1 0x5611395a56e0 <unknown>\n#2 0x5611395f43e6 <unknown>\n#3 0x5611395f4681 <unknown>\n#4 0x561139639b04 <unknown>\n#5 0x56113961848d <unknown>\n#6 0x561139636ed7 <unknown>\n#7 0x561139618203 <unknown>\n#8 0x5611395e6cc0 <unknown>\n#9 0x5611395e7c9e <unknown>\n#10 0x561139a5cd0b <unknown>\n#11 0x561139a60c92 <unknown>\n#12 0x561139a49b3c <unknown>\n#13 0x561139a61807 <unknown>\n#14 0x561139a2f0df <unknown>\n#15 0x561139a7e578 <unknown>\n#16 0x561139a7e740 <unknown>\n#17 0x561139a8e196 <unknown>\n#18 0x7f79e0294ac3 <unknown>\n\n","statusTrace":"  File \"/opt/hostedtoolcache/Python/3.11.10/x64/lib/python3.11/site-packages/allure_commons/_allure.py\", line 192, in impl\n    return func(*a, **kw)\n           ^^^^^^^^^^^^^^\n  File \"/home/runner/work/luma_project/luma_project/pages/base_page.py\", line 80, in element_is_clickable\n    return wait(self.driver, timeout).until(EC.element_to_be_clickable(locator))\n           ^^^^^^^^^^^^^^^^^^^^^^^^^^^^^^^^^^^^^^^^^^^^^^^^^^^^^^^^^^^^^^^^^^^^^\n  File \"/opt/hostedtoolcache/Python/3.11.10/x64/lib/python3.11/site-packages/selenium/webdriver/support/wait.py\", line 95, in until\n    raise TimeoutException(message, screen, stacktrace)\n","steps":[],"attachments":[],"parameters":[{"name":"locator","value":"('css selector', '#email')"},{"name":"timeout","value":"5"}],"shouldDisplayMessage":true,"stepsCount":0,"attachmentsCount":0,"hasContent":true,"attachmentStep":false}],"attachments":[],"parameters":[],"shouldDisplayMessage":false,"stepsCount":1,"attachmentsCount":0,"hasContent":true,"attachmentStep":false}],"attachments":[],"parameters":[{"name":"email","value":"'testemail.mailinator.com'"}],"shouldDisplayMessage":false,"stepsCount":2,"attachmentsCount":0,"hasContent":true,"attachmentStep":false}],"attachments":[{"uid":"2a90478c9f740d19","name":"Screenshot","source":"2a90478c9f740d19.png","type":"image/png","size":99138},{"uid":"366d9f9b8f819e41","name":"HTML source","source":"366d9f9b8f819e41.html","type":"text/html","size":6912}],"parameters":[],"shouldDisplayMessage":true,"stepsCount":3,"attachmentsCount":2,"hasContent":true,"attachmentStep":false},"afterStages":[{"name":"driver::0","time":{"start":1733278929803,"stop":1733278929885,"duration":82},"status":"passed","steps":[],"attachments":[],"parameters":[],"shouldDisplayMessage":false,"stepsCount":0,"attachmentsCount":0,"hasContent":false,"attachmentStep":false},{"name":"clear_allure_result_folder::0","time":{"start":1733279133374,"stop":1733279133374,"duration":0},"status":"passed","steps":[],"attachments":[],"parameters":[],"shouldDisplayMessage":false,"stepsCount":0,"attachmentsCount":0,"hasContent":false,"attachmentStep":false}],"labels":[{"name":"epic","value":"Sign In Page"},{"name":"feature","value":"Registered Customers"},{"name":"parentSuite","value":"tests"},{"name":"suite","value":"test_sign_in"},{"name":"subSuite","value":"TestRegisteredCustomers"},{"name":"host","value":"fv-az1501-235"},{"name":"thread","value":"2901-MainThread"},{"name":"framework","value":"pytest"},{"name":"language","value":"cpython3"},{"name":"package","value":"tests.test_sign_in"},{"name":"resultFormat","value":"allure2"}],"parameters":[],"links":[],"hidden":false,"retry":false,"extra":{"severity":"normal","retries":[],"categories":[{"name":"Test defects","matchedStatuses":[],"flaky":false}],"history":{"statistic":{"failed":0,"broken":3,"skipped":0,"passed":1,"unknown":0,"total":4},"items":[{"uid":"c049fdbbfcefda0d","reportUrl":"https://verafes.github.io/luma_project/513//#testresult/c049fdbbfcefda0d","status":"passed","time":{"start":1733192695244,"stop":1733192695650,"duration":406}},{"uid":"e1ace8a5efa8b337","reportUrl":"https://verafes.github.io/luma_project/512//#testresult/e1ace8a5efa8b337","status":"broken","statusDetails":"selenium.common.exceptions.ElementClickInterceptedException: Message: element click intercepted: Element <input name=\"login[username]\" value=\"\" autocomplete=\"off\" id=\"email\" type=\"email\" class=\"input-text\" title=\"Email\" data-validate=\"{required:true, 'validate-email':true}\" aria-required=\"true\"> is not clickable at point (560, 770). Other element would receive the click: <iframe id=\"aswift_3\" name=\"aswift_3\" browsingtopics=\"true\" style=\"width: 1005px !important; height: 124px !important; display: block; margin: 0px auto;\" sandbox=\"allow-forms allow-popups allow-popups-to-escape-sandbox allow-same-origin allow-scripts allow-top-navigation-by-user-activation\" width=\"1005\" height=\"124\" frameborder=\"0\" marginwidth=\"0\" marginheight=\"0\" vspace=\"0\" hspace=\"0\" allowtransparency=\"true\" scrolling=\"no\" allow=\"attribution-reporting; run-ad-auction\" src=\"https://googleads.g.doubleclick.net/pagead/html/r20241120/r20190131/zrt_lookup_fy2021.html#RS-0-&amp;adk=1812271801&amp;client=ca-pub-7399332034053978&amp;fa=1&amp;ifi=4&amp;uci=a!4&amp;btvi=2\" data-google-container-id=\"a!4\" tabindex=\"0\" title=\"Advertisement\" aria-label=\"Advertisement\" data-google-query-id=\"CP6b2JWBiIoDFaZDRwEd6vwEVA\" data-load-complete=\"true\"></iframe>\n  (Session info: chrome=131.0.6778.85)\nStacktrace:\n#0 0x55eb0833b31a <unknown>\n#1 0x55eb07e516e0 <unknown>\n#2 0x55eb07ea70f6 <unknown>\n#3 0x55eb07ea505d <unknown>\n#4 0x55eb07ea2775 <unknown>\n#5 0x55eb07ea192f <unknown>\n#6 0x55eb07e9529a <unknown>\n#7 0x55eb07ec4462 <unknown>\n#8 0x55eb07e94a18 <unknown>\n#9 0x55eb07ec462e <unknown>\n#10 0x55eb07ee2ed7 <unknown>\n#11 0x55eb07ec4203 <unknown>\n#12 0x55eb07e92cc0 <unknown>\n#13 0x55eb07e93c9e <unknown>\n#14 0x55eb08308d0b <unknown>\n#15 0x55eb0830cc92 <unknown>\n#16 0x55eb082f5b3c <unknown>\n#17 0x55eb0830d807 <unknown>\n#18 0x55eb082db0df <unknown>\n#19 0x55eb0832a578 <unknown>\n#20 0x55eb0832a740 <unknown>\n#21 0x55eb0833a196 <unknown>\n#22 0x7fdb38494ac3 <unknown>","time":{"start":1733105518278,"stop":1733105519497,"duration":1219}},{"uid":"f419bf404400fde7","reportUrl":"https://verafes.github.io/luma_project/511//#testresult/f419bf404400fde7","status":"broken","statusDetails":"selenium.common.exceptions.ElementClickInterceptedException: Message: element click intercepted: Element <input name=\"login[username]\" value=\"\" autocomplete=\"off\" id=\"email\" type=\"email\" class=\"input-text\" title=\"Email\" data-validate=\"{required:true, 'validate-email':true}\" aria-required=\"true\"> is not clickable at point (560, 767). Other element would receive the click: <iframe id=\"aswift_3\" name=\"aswift_3\" browsingtopics=\"true\" style=\"width: 1005px !important; height: 124px !important; display: block; margin: 0px auto;\" sandbox=\"allow-forms allow-popups allow-popups-to-escape-sandbox allow-same-origin allow-scripts allow-top-navigation-by-user-activation\" width=\"1005\" height=\"124\" frameborder=\"0\" marginwidth=\"0\" marginheight=\"0\" vspace=\"0\" hspace=\"0\" allowtransparency=\"true\" scrolling=\"no\" allow=\"attribution-reporting; run-ad-auction\" src=\"https://googleads.g.doubleclick.net/pagead/html/r20241120/r20190131/zrt_lookup_fy2021.html#RS-0-&amp;adk=1812271801&amp;client=ca-pub-7399332034053978&amp;fa=1&amp;ifi=4&amp;uci=a!4&amp;btvi=2\" data-google-container-id=\"a!4\" tabindex=\"0\" title=\"Advertisement\" aria-label=\"Advertisement\" data-google-query-id=\"CJaegfbBhYoDFcY1-QAdjBAdNg\" data-load-complete=\"true\"></iframe>\n  (Session info: chrome=131.0.6778.85)\nStacktrace:\n#0 0x5590b018931a <unknown>\n#1 0x5590afc9f6e0 <unknown>\n#2 0x5590afcf50f6 <unknown>\n#3 0x5590afcf305d <unknown>\n#4 0x5590afcf0775 <unknown>\n#5 0x5590afcef92f <unknown>\n#6 0x5590afce30d5 <unknown>\n#7 0x5590afd12462 <unknown>\n#8 0x5590afce2a18 <unknown>\n#9 0x5590afd1262e <unknown>\n#10 0x5590afd30ed7 <unknown>\n#11 0x5590afd12203 <unknown>\n#12 0x5590afce0cc0 <unknown>\n#13 0x5590afce1c9e <unknown>\n#14 0x5590b0156d0b <unknown>\n#15 0x5590b015ac92 <unknown>\n#16 0x5590b0143b3c <unknown>\n#17 0x5590b015b807 <unknown>\n#18 0x5590b01290df <unknown>\n#19 0x5590b0178578 <unknown>\n#20 0x5590b0178740 <unknown>\n#21 0x5590b0188196 <unknown>\n#22 0x7f6404a94ac3 <unknown>","time":{"start":1733019820831,"stop":1733019822101,"duration":1270}}]},"tags":[]},"source":"8234767de89a61b1.json","parameterValues":[]}