{"uid":"73bf616180b1cf1c","name":"TC 13.01.51 - Check if block 2 'home-t-shirts' in section 2 is clickablein the Promo Block on the main page","fullName":"tests.test_main_page.TestPromoBlock#test_tc_13_01_51_check_section2_block2_clickability","historyId":"599c946c7673dcaba5711e72e07bfb3f","time":{"start":1737769086613,"stop":1737769092816,"duration":6203},"description":"This test checks if block 2 'home-t-shirts' in section 2 in Promo Block under header is clickable","descriptionHtml":"<p>This test checks if block 2 'home-t-shirts' in section 2 in Promo Block under header is clickable</p>\n","status":"broken","statusMessage":"selenium.common.exceptions.TimeoutException: Message: \nStacktrace:\n#0 0x559c6eb5d7ca <unknown>\n#1 0x559c6e6552f0 <unknown>\n#2 0x559c6e6a5035 <unknown>\n#3 0x559c6e6a5251 <unknown>\n#4 0x559c6e6eb054 <unknown>\n#5 0x559c6e6c99dd <unknown>\n#6 0x559c6e6e83b3 <unknown>\n#7 0x559c6e6c9753 <unknown>\n#8 0x559c6e696baa <unknown>\n#9 0x559c6e697dfe <unknown>\n#10 0x559c6eb2838b <unknown>\n#11 0x559c6eb2c307 <unknown>\n#12 0x559c6eb14e7c <unknown>\n#13 0x559c6eb2cec7 <unknown>\n#14 0x559c6eaf924f <unknown>\n#15 0x559c6eb4c2f8 <unknown>\n#16 0x559c6eb4c4c0 <unknown>\n#17 0x559c6eb5c646 <unknown>\n#18 0x7f95ff09ca94 <unknown>\n#19 0x7f95ff129c3c <unknown>","statusTrace":"self = <test_main_page.TestMainPage.TestPromoBlock object at 0x7feffa072990>\ndriver = <selenium.webdriver.chrome.webdriver.WebDriver (session=\"a1cc2aff595c9f53e52f5d8175efa4be\")>\n\n    @allure.title(\"TC 13.01.51 - Check if block 2 'home-t-shirts' in section 2 is clickable\"\n                  \"in the Promo Block on the main page\")\n    def test_tc_13_01_51_check_section2_block2_clickability(self, driver):\n        \"\"\"This test checks if block 2 'home-t-shirts' in section 2 in Promo Block under header is clickable\"\"\"\n        page = PromoBlock(driver, MAIN_PAGE_URL)\n        page.open()\n>       section2_block2 = page.check_section2_block2_clickability()\n\ntests/test_main_page.py:654: \n_ _ _ _ _ _ _ _ _ _ _ _ _ _ _ _ _ _ _ _ _ _ _ _ _ _ _ _ _ _ _ _ _ _ _ _ _ _ _ _ \npages/main_page.py:334: in check_section2_block2_clickability\n    section2_block2 = self.element_is_clickable(self.locators.SECTION_2_BLOCK_2)\npages/base_page.py:80: in element_is_clickable\n    return wait(self.driver, timeout).until(EC.element_to_be_clickable(locator))\n_ _ _ _ _ _ _ _ _ _ _ _ _ _ _ _ _ _ _ _ _ _ _ _ _ _ _ _ _ _ _ _ _ _ _ _ _ _ _ _ \n\nself = <selenium.webdriver.support.wait.WebDriverWait (session=\"a1cc2aff595c9f53e52f5d8175efa4be\")>\nmethod = <function element_to_be_clickable.<locals>._predicate at 0x7feff9a849a0>\nmessage = ''\n\n    def until(self, method, message: str = \"\"):\n        \"\"\"Calls the method provided with the driver as an argument until the \\\n        return value does not evaluate to ``False``.\n    \n        :param method: callable(WebDriver)\n        :param message: optional message for :exc:`TimeoutException`\n        :returns: the result of the last call to `method`\n        :raises: :exc:`selenium.common.exceptions.TimeoutException` if timeout occurs\n        \"\"\"\n        screen = None\n        stacktrace = None\n    \n        end_time = time.monotonic() + self._timeout\n        while True:\n            try:\n                value = method(self._driver)\n                if value:\n                    return value\n            except self._ignored_exceptions as exc:\n                screen = getattr(exc, \"screen\", None)\n                stacktrace = getattr(exc, \"stacktrace\", None)\n            time.sleep(self._poll)\n            if time.monotonic() > end_time:\n                break\n>       raise TimeoutException(message, screen, stacktrace)\nE       selenium.common.exceptions.TimeoutException: Message: \nE       Stacktrace:\nE       #0 0x559c6eb5d7ca <unknown>\nE       #1 0x559c6e6552f0 <unknown>\nE       #2 0x559c6e6a5035 <unknown>\nE       #3 0x559c6e6a5251 <unknown>\nE       #4 0x559c6e6eb054 <unknown>\nE       #5 0x559c6e6c99dd <unknown>\nE       #6 0x559c6e6e83b3 <unknown>\nE       #7 0x559c6e6c9753 <unknown>\nE       #8 0x559c6e696baa <unknown>\nE       #9 0x559c6e697dfe <unknown>\nE       #10 0x559c6eb2838b <unknown>\nE       #11 0x559c6eb2c307 <unknown>\nE       #12 0x559c6eb14e7c <unknown>\nE       #13 0x559c6eb2cec7 <unknown>\nE       #14 0x559c6eaf924f <unknown>\nE       #15 0x559c6eb4c2f8 <unknown>\nE       #16 0x559c6eb4c4c0 <unknown>\nE       #17 0x559c6eb5c646 <unknown>\nE       #18 0x7f95ff09ca94 <unknown>\nE       #19 0x7f95ff129c3c <unknown>\n\n/opt/hostedtoolcache/Python/3.11.11/x64/lib/python3.11/site-packages/selenium/webdriver/support/wait.py:95: TimeoutException","flaky":false,"newFailed":false,"newBroken":false,"newPassed":false,"retriesCount":0,"retriesStatusChange":false,"beforeStages":[{"name":"_session_faker","time":{"start":1737768282019,"stop":1737768282083,"duration":64},"status":"passed","steps":[],"attachments":[],"parameters":[],"shouldDisplayMessage":false,"stepsCount":0,"attachmentsCount":0,"hasContent":false,"attachmentStep":false},{"name":"clear_allure_result_folder","time":{"start":1737768282083,"stop":1737768282083,"duration":0},"status":"passed","steps":[],"attachments":[],"parameters":[],"shouldDisplayMessage":false,"stepsCount":0,"attachmentsCount":0,"hasContent":false,"attachmentStep":false},{"name":"driver","time":{"start":1737769085430,"stop":1737769086613,"duration":1183},"status":"passed","steps":[],"attachments":[],"parameters":[],"shouldDisplayMessage":false,"stepsCount":0,"attachmentsCount":0,"hasContent":false,"attachmentStep":false}],"testStage":{"description":"This test checks if block 2 'home-t-shirts' in section 2 in Promo Block under header is clickable","status":"broken","statusMessage":"selenium.common.exceptions.TimeoutException: Message: \nStacktrace:\n#0 0x559c6eb5d7ca <unknown>\n#1 0x559c6e6552f0 <unknown>\n#2 0x559c6e6a5035 <unknown>\n#3 0x559c6e6a5251 <unknown>\n#4 0x559c6e6eb054 <unknown>\n#5 0x559c6e6c99dd <unknown>\n#6 0x559c6e6e83b3 <unknown>\n#7 0x559c6e6c9753 <unknown>\n#8 0x559c6e696baa <unknown>\n#9 0x559c6e697dfe <unknown>\n#10 0x559c6eb2838b <unknown>\n#11 0x559c6eb2c307 <unknown>\n#12 0x559c6eb14e7c <unknown>\n#13 0x559c6eb2cec7 <unknown>\n#14 0x559c6eaf924f <unknown>\n#15 0x559c6eb4c2f8 <unknown>\n#16 0x559c6eb4c4c0 <unknown>\n#17 0x559c6eb5c646 <unknown>\n#18 0x7f95ff09ca94 <unknown>\n#19 0x7f95ff129c3c <unknown>","statusTrace":"self = <test_main_page.TestMainPage.TestPromoBlock object at 0x7feffa072990>\ndriver = <selenium.webdriver.chrome.webdriver.WebDriver (session=\"a1cc2aff595c9f53e52f5d8175efa4be\")>\n\n    @allure.title(\"TC 13.01.51 - Check if block 2 'home-t-shirts' in section 2 is clickable\"\n                  \"in the Promo Block on the main page\")\n    def test_tc_13_01_51_check_section2_block2_clickability(self, driver):\n        \"\"\"This test checks if block 2 'home-t-shirts' in section 2 in Promo Block under header is clickable\"\"\"\n        page = PromoBlock(driver, MAIN_PAGE_URL)\n        page.open()\n>       section2_block2 = page.check_section2_block2_clickability()\n\ntests/test_main_page.py:654: \n_ _ _ _ _ _ _ _ _ _ _ _ _ _ _ _ _ _ _ _ _ _ _ _ _ _ _ _ _ _ _ _ _ _ _ _ _ _ _ _ \npages/main_page.py:334: in check_section2_block2_clickability\n    section2_block2 = self.element_is_clickable(self.locators.SECTION_2_BLOCK_2)\npages/base_page.py:80: in element_is_clickable\n    return wait(self.driver, timeout).until(EC.element_to_be_clickable(locator))\n_ _ _ _ _ _ _ _ _ _ _ _ _ _ _ _ _ _ _ _ _ _ _ _ _ _ _ _ _ _ _ _ _ _ _ _ _ _ _ _ \n\nself = <selenium.webdriver.support.wait.WebDriverWait (session=\"a1cc2aff595c9f53e52f5d8175efa4be\")>\nmethod = <function element_to_be_clickable.<locals>._predicate at 0x7feff9a849a0>\nmessage = ''\n\n    def until(self, method, message: str = \"\"):\n        \"\"\"Calls the method provided with the driver as an argument until the \\\n        return value does not evaluate to ``False``.\n    \n        :param method: callable(WebDriver)\n        :param message: optional message for :exc:`TimeoutException`\n        :returns: the result of the last call to `method`\n        :raises: :exc:`selenium.common.exceptions.TimeoutException` if timeout occurs\n        \"\"\"\n        screen = None\n        stacktrace = None\n    \n        end_time = time.monotonic() + self._timeout\n        while True:\n            try:\n                value = method(self._driver)\n                if value:\n                    return value\n            except self._ignored_exceptions as exc:\n                screen = getattr(exc, \"screen\", None)\n                stacktrace = getattr(exc, \"stacktrace\", None)\n            time.sleep(self._poll)\n            if time.monotonic() > end_time:\n                break\n>       raise TimeoutException(message, screen, stacktrace)\nE       selenium.common.exceptions.TimeoutException: Message: \nE       Stacktrace:\nE       #0 0x559c6eb5d7ca <unknown>\nE       #1 0x559c6e6552f0 <unknown>\nE       #2 0x559c6e6a5035 <unknown>\nE       #3 0x559c6e6a5251 <unknown>\nE       #4 0x559c6e6eb054 <unknown>\nE       #5 0x559c6e6c99dd <unknown>\nE       #6 0x559c6e6e83b3 <unknown>\nE       #7 0x559c6e6c9753 <unknown>\nE       #8 0x559c6e696baa <unknown>\nE       #9 0x559c6e697dfe <unknown>\nE       #10 0x559c6eb2838b <unknown>\nE       #11 0x559c6eb2c307 <unknown>\nE       #12 0x559c6eb14e7c <unknown>\nE       #13 0x559c6eb2cec7 <unknown>\nE       #14 0x559c6eaf924f <unknown>\nE       #15 0x559c6eb4c2f8 <unknown>\nE       #16 0x559c6eb4c4c0 <unknown>\nE       #17 0x559c6eb5c646 <unknown>\nE       #18 0x7f95ff09ca94 <unknown>\nE       #19 0x7f95ff129c3c <unknown>\n\n/opt/hostedtoolcache/Python/3.11.11/x64/lib/python3.11/site-packages/selenium/webdriver/support/wait.py:95: TimeoutException","steps":[{"name":"Open a browser","time":{"start":1737769086613,"stop":1737769087694,"duration":1081},"status":"passed","steps":[],"attachments":[],"parameters":[],"shouldDisplayMessage":false,"stepsCount":0,"attachmentsCount":0,"hasContent":false,"attachmentStep":false},{"name":"Check clickability of the block 2 'home-t-shirts' in the section 2 in the Promo Block","time":{"start":1737769087694,"stop":1737769092815,"duration":5121},"status":"broken","statusMessage":"selenium.common.exceptions.TimeoutException: Message: \nStacktrace:\n#0 0x559c6eb5d7ca <unknown>\n#1 0x559c6e6552f0 <unknown>\n#2 0x559c6e6a5035 <unknown>\n#3 0x559c6e6a5251 <unknown>\n#4 0x559c6e6eb054 <unknown>\n#5 0x559c6e6c99dd <unknown>\n#6 0x559c6e6e83b3 <unknown>\n#7 0x559c6e6c9753 <unknown>\n#8 0x559c6e696baa <unknown>\n#9 0x559c6e697dfe <unknown>\n#10 0x559c6eb2838b <unknown>\n#11 0x559c6eb2c307 <unknown>\n#12 0x559c6eb14e7c <unknown>\n#13 0x559c6eb2cec7 <unknown>\n#14 0x559c6eaf924f <unknown>\n#15 0x559c6eb4c2f8 <unknown>\n#16 0x559c6eb4c4c0 <unknown>\n#17 0x559c6eb5c646 <unknown>\n#18 0x7f95ff09ca94 <unknown>\n#19 0x7f95ff129c3c <unknown>\n\n","statusTrace":"  File \"/opt/hostedtoolcache/Python/3.11.11/x64/lib/python3.11/site-packages/allure_commons/_allure.py\", line 192, in impl\n    return func(*a, **kw)\n           ^^^^^^^^^^^^^^\n  File \"/home/runner/work/luma_project/luma_project/pages/main_page.py\", line 334, in check_section2_block2_clickability\n    section2_block2 = self.element_is_clickable(self.locators.SECTION_2_BLOCK_2)\n                      ^^^^^^^^^^^^^^^^^^^^^^^^^^^^^^^^^^^^^^^^^^^^^^^^^^^^^^^^^^\n  File \"/opt/hostedtoolcache/Python/3.11.11/x64/lib/python3.11/site-packages/allure_commons/_allure.py\", line 192, in impl\n    return func(*a, **kw)\n           ^^^^^^^^^^^^^^\n  File \"/home/runner/work/luma_project/luma_project/pages/base_page.py\", line 80, in element_is_clickable\n    return wait(self.driver, timeout).until(EC.element_to_be_clickable(locator))\n           ^^^^^^^^^^^^^^^^^^^^^^^^^^^^^^^^^^^^^^^^^^^^^^^^^^^^^^^^^^^^^^^^^^^^^\n  File \"/opt/hostedtoolcache/Python/3.11.11/x64/lib/python3.11/site-packages/selenium/webdriver/support/wait.py\", line 95, in until\n    raise TimeoutException(message, screen, stacktrace)\n","steps":[{"name":"Find clickable elements","time":{"start":1737769087694,"stop":1737769092815,"duration":5121},"status":"broken","statusMessage":"selenium.common.exceptions.TimeoutException: Message: \nStacktrace:\n#0 0x559c6eb5d7ca <unknown>\n#1 0x559c6e6552f0 <unknown>\n#2 0x559c6e6a5035 <unknown>\n#3 0x559c6e6a5251 <unknown>\n#4 0x559c6e6eb054 <unknown>\n#5 0x559c6e6c99dd <unknown>\n#6 0x559c6e6e83b3 <unknown>\n#7 0x559c6e6c9753 <unknown>\n#8 0x559c6e696baa <unknown>\n#9 0x559c6e697dfe <unknown>\n#10 0x559c6eb2838b <unknown>\n#11 0x559c6eb2c307 <unknown>\n#12 0x559c6eb14e7c <unknown>\n#13 0x559c6eb2cec7 <unknown>\n#14 0x559c6eaf924f <unknown>\n#15 0x559c6eb4c2f8 <unknown>\n#16 0x559c6eb4c4c0 <unknown>\n#17 0x559c6eb5c646 <unknown>\n#18 0x7f95ff09ca94 <unknown>\n#19 0x7f95ff129c3c <unknown>\n\n","statusTrace":"  File \"/opt/hostedtoolcache/Python/3.11.11/x64/lib/python3.11/site-packages/allure_commons/_allure.py\", line 192, in impl\n    return func(*a, **kw)\n           ^^^^^^^^^^^^^^\n  File \"/home/runner/work/luma_project/luma_project/pages/base_page.py\", line 80, in element_is_clickable\n    return wait(self.driver, timeout).until(EC.element_to_be_clickable(locator))\n           ^^^^^^^^^^^^^^^^^^^^^^^^^^^^^^^^^^^^^^^^^^^^^^^^^^^^^^^^^^^^^^^^^^^^^\n  File \"/opt/hostedtoolcache/Python/3.11.11/x64/lib/python3.11/site-packages/selenium/webdriver/support/wait.py\", line 95, in until\n    raise TimeoutException(message, screen, stacktrace)\n","steps":[],"attachments":[],"parameters":[{"name":"locator","value":"('css selector', '.home-t-shirts')"},{"name":"timeout","value":"5"}],"shouldDisplayMessage":true,"stepsCount":0,"attachmentsCount":0,"hasContent":true,"attachmentStep":false}],"attachments":[],"parameters":[],"shouldDisplayMessage":false,"stepsCount":1,"attachmentsCount":0,"hasContent":true,"attachmentStep":false}],"attachments":[{"uid":"3641139bcaef2955","name":"Screenshot","source":"3641139bcaef2955.png","type":"image/png","size":548028},{"uid":"4cc51c978524d56a","name":"HTML source","source":"4cc51c978524d56a.html","type":"text/html","size":141659}],"parameters":[],"shouldDisplayMessage":true,"stepsCount":3,"attachmentsCount":2,"hasContent":true,"attachmentStep":false},"afterStages":[{"name":"driver::0","time":{"start":1737769093658,"stop":1737769093819,"duration":161},"status":"passed","steps":[],"attachments":[],"parameters":[],"shouldDisplayMessage":false,"stepsCount":0,"attachmentsCount":0,"hasContent":false,"attachmentStep":false},{"name":"clear_allure_result_folder::0","time":{"start":1737769729132,"stop":1737769729132,"duration":0},"status":"passed","steps":[],"attachments":[],"parameters":[],"shouldDisplayMessage":false,"stepsCount":0,"attachmentsCount":0,"hasContent":false,"attachmentStep":false}],"labels":[{"name":"epic","value":"Main Page"},{"name":"feature","value":"Promo Block Testing"},{"name":"parentSuite","value":"tests"},{"name":"suite","value":"test_main_page"},{"name":"subSuite","value":"TestMainPage"},{"name":"host","value":"fv-az1279-364"},{"name":"thread","value":"2786-MainThread"},{"name":"framework","value":"pytest"},{"name":"language","value":"cpython3"},{"name":"package","value":"tests.test_main_page"},{"name":"resultFormat","value":"allure2"}],"parameters":[],"links":[],"hidden":false,"retry":false,"extra":{"severity":"normal","retries":[],"categories":[{"name":"Test defects","matchedStatuses":[],"flaky":false}],"history":{"statistic":{"failed":0,"broken":6,"skipped":0,"passed":0,"unknown":0,"total":6},"items":[{"uid":"386ef9b1cde29591","reportUrl":"https://verafes.github.io/luma_project/565//#testresult/386ef9b1cde29591","status":"broken","statusDetails":"selenium.common.exceptions.TimeoutException: Message: \nStacktrace:\n#0 0x560d467c07ca <unknown>\n#1 0x560d462b82f0 <unknown>\n#2 0x560d46308035 <unknown>\n#3 0x560d46308251 <unknown>\n#4 0x560d4634e054 <unknown>\n#5 0x560d4632c9dd <unknown>\n#6 0x560d4634b3b3 <unknown>\n#7 0x560d4632c753 <unknown>\n#8 0x560d462f9baa <unknown>\n#9 0x560d462fadfe <unknown>\n#10 0x560d4678b38b <unknown>\n#11 0x560d4678f307 <unknown>\n#12 0x560d46777e7c <unknown>\n#13 0x560d4678fec7 <unknown>\n#14 0x560d4675c24f <unknown>\n#15 0x560d467af2f8 <unknown>\n#16 0x560d467af4c0 <unknown>\n#17 0x560d467bf646 <unknown>\n#18 0x7f3fee49ca94 <unknown>\n#19 0x7f3fee529c3c <unknown>","time":{"start":1737683381364,"stop":1737683387390,"duration":6026}},{"uid":"6cb80df9e0cec0ee","reportUrl":"https://verafes.github.io/luma_project/564//#testresult/6cb80df9e0cec0ee","status":"broken","statusDetails":"selenium.common.exceptions.TimeoutException: Message: \nStacktrace:\n#0 0x560bdf4f07ca <unknown>\n#1 0x560bdefe82f0 <unknown>\n#2 0x560bdf038035 <unknown>\n#3 0x560bdf038251 <unknown>\n#4 0x560bdf07e054 <unknown>\n#5 0x560bdf05c9dd <unknown>\n#6 0x560bdf07b3b3 <unknown>\n#7 0x560bdf05c753 <unknown>\n#8 0x560bdf029baa <unknown>\n#9 0x560bdf02adfe <unknown>\n#10 0x560bdf4bb38b <unknown>\n#11 0x560bdf4bf307 <unknown>\n#12 0x560bdf4a7e7c <unknown>\n#13 0x560bdf4bfec7 <unknown>\n#14 0x560bdf48c24f <unknown>\n#15 0x560bdf4df2f8 <unknown>\n#16 0x560bdf4df4c0 <unknown>\n#17 0x560bdf4ef646 <unknown>\n#18 0x7fb47b89ca94 <unknown>\n#19 0x7fb47b929c3c <unknown>","time":{"start":1737596965721,"stop":1737596972305,"duration":6584}},{"uid":"4cd8cbb28a22f663","reportUrl":"https://verafes.github.io/luma_project/563//#testresult/4cd8cbb28a22f663","status":"broken","statusDetails":"selenium.common.exceptions.TimeoutException: Message: \nStacktrace:\n#0 0x556ded9918fa <unknown>\n#1 0x556ded4a2d20 <unknown>\n#2 0x556ded4f1a66 <unknown>\n#3 0x556ded4f1d01 <unknown>\n#4 0x556ded537184 <unknown>\n#5 0x556ded515b1d <unknown>\n#6 0x556ded534560 <unknown>\n#7 0x556ded515893 <unknown>\n#8 0x556ded4e430d <unknown>\n#9 0x556ded4e532e <unknown>\n#10 0x556ded95e00b <unknown>\n#11 0x556ded961f97 <unknown>\n#12 0x556ded94a71c <unknown>\n#13 0x556ded962b17 <unknown>\n#14 0x556ded92f6cf <unknown>\n#15 0x556ded9806b8 <unknown>\n#16 0x556ded980880 <unknown>\n#17 0x556ded990776 <unknown>\n#18 0x7f9af089ca94 <unknown>\n#19 0x7f9af0929c3c <unknown>","time":{"start":1737510648314,"stop":1737510654617,"duration":6303}},{"uid":"da4fdb446a56bc1a","reportUrl":"https://verafes.github.io/luma_project/561//#testresult/da4fdb446a56bc1a","status":"broken","statusDetails":"selenium.common.exceptions.TimeoutException: Message: \nStacktrace:\n#0 0x55f5b7cb68fa <unknown>\n#1 0x55f5b77c7d20 <unknown>\n#2 0x55f5b7816a66 <unknown>\n#3 0x55f5b7816d01 <unknown>\n#4 0x55f5b785c184 <unknown>\n#5 0x55f5b783ab1d <unknown>\n#6 0x55f5b7859560 <unknown>\n#7 0x55f5b783a893 <unknown>\n#8 0x55f5b780930d <unknown>\n#9 0x55f5b780a32e <unknown>\n#10 0x55f5b7c8300b <unknown>\n#11 0x55f5b7c86f97 <unknown>\n#12 0x55f5b7c6f71c <unknown>\n#13 0x55f5b7c87b17 <unknown>\n#14 0x55f5b7c546cf <unknown>\n#15 0x55f5b7ca56b8 <unknown>\n#16 0x55f5b7ca5880 <unknown>\n#17 0x55f5b7cb5776 <unknown>\n#18 0x7f0f3aa9ca94 <unknown>\n#19 0x7f0f3ab29c3c <unknown>","time":{"start":1737338092658,"stop":1737338099255,"duration":6597}},{"uid":"d43b977d436f8128","reportUrl":"https://verafes.github.io/luma_project/560//#testresult/d43b977d436f8128","status":"broken","statusDetails":"selenium.common.exceptions.TimeoutException: Message: \nStacktrace:\n#0 0x55e453d3a8fa <unknown>\n#1 0x55e45384bd20 <unknown>\n#2 0x55e45389aa66 <unknown>\n#3 0x55e45389ad01 <unknown>\n#4 0x55e4538e0184 <unknown>\n#5 0x55e4538beb1d <unknown>\n#6 0x55e4538dd560 <unknown>\n#7 0x55e4538be893 <unknown>\n#8 0x55e45388d30d <unknown>\n#9 0x55e45388e32e <unknown>\n#10 0x55e453d0700b <unknown>\n#11 0x55e453d0af97 <unknown>\n#12 0x55e453cf371c <unknown>\n#13 0x55e453d0bb17 <unknown>\n#14 0x55e453cd86cf <unknown>\n#15 0x55e453d296b8 <unknown>\n#16 0x55e453d29880 <unknown>\n#17 0x55e453d39776 <unknown>\n#18 0x7f06ba69ca94 <unknown>\n#19 0x7f06ba729c3c <unknown>","time":{"start":1737251672619,"stop":1737251678894,"duration":6275}}]},"tags":[]},"source":"73bf616180b1cf1c.json","parameterValues":[]}