{"uid":"c7d30af8813c8b2e","name":"TC 13.01.46 - Check block 3 'home-erin' in section 2 of the Promo Block is present in the DOM tree","fullName":"tests.test_main_page.TestPromoBlock#test_tc_13_01_46_check_block3_in_section2_is_present","historyId":"cd88cf9a8dd03f203bd9b7e5a8db7130","time":{"start":1737769050146,"stop":1737769056868,"duration":6722},"description":"This test checks if block 3 'home-erin' in section 2 in the Promo Block is present\n            in the DOM tree on the main page","descriptionHtml":"<p>This test checks if block 3 'home-erin' in section 2 in the Promo Block is present<br />\nin the DOM tree on the main page</p>\n","status":"broken","statusMessage":"selenium.common.exceptions.TimeoutException: Message: \nStacktrace:\n#0 0x5588b1ece7ca <unknown>\n#1 0x5588b19c62f0 <unknown>\n#2 0x5588b1a16035 <unknown>\n#3 0x5588b1a16251 <unknown>\n#4 0x5588b1a5c054 <unknown>\n#5 0x5588b1a3a9dd <unknown>\n#6 0x5588b1a593b3 <unknown>\n#7 0x5588b1a3a753 <unknown>\n#8 0x5588b1a07baa <unknown>\n#9 0x5588b1a08dfe <unknown>\n#10 0x5588b1e9938b <unknown>\n#11 0x5588b1e9d307 <unknown>\n#12 0x5588b1e85e7c <unknown>\n#13 0x5588b1e9dec7 <unknown>\n#14 0x5588b1e6a24f <unknown>\n#15 0x5588b1ebd2f8 <unknown>\n#16 0x5588b1ebd4c0 <unknown>\n#17 0x5588b1ecd646 <unknown>\n#18 0x7f6a81c9ca94 <unknown>\n#19 0x7f6a81d29c3c <unknown>","statusTrace":"self = <test_main_page.TestMainPage.TestPromoBlock object at 0x7feffa072d50>\ndriver = <selenium.webdriver.chrome.webdriver.WebDriver (session=\"2cc1ac60a683bd15cdfcd8e715dc793c\")>\n\n    @allure.title(\"TC 13.01.46 - Check block 3 'home-erin' in section 2 of the Promo Block is present \"\n                  \"in the DOM tree\")\n    def test_tc_13_01_46_check_block3_in_section2_is_present(self, driver):\n        \"\"\"This test checks if block 3 'home-erin' in section 2 in the Promo Block is present\n        in the DOM tree on the main page\"\"\"\n        page = PromoBlock(driver, MAIN_PAGE_URL)\n        page.open()\n>       block3_section2 = page.check_block3_section2_is_present()\n\ntests/test_main_page.py:605: \n_ _ _ _ _ _ _ _ _ _ _ _ _ _ _ _ _ _ _ _ _ _ _ _ _ _ _ _ _ _ _ _ _ _ _ _ _ _ _ _ \npages/main_page.py:216: in check_block3_section2_is_present\n    return self.element_is_present(self.locators.SECTION_2_BLOCK_3)\npages/base_page.py:50: in element_is_present\n    return wait(self.driver, timeout).until(EC.presence_of_element_located(locator))\n_ _ _ _ _ _ _ _ _ _ _ _ _ _ _ _ _ _ _ _ _ _ _ _ _ _ _ _ _ _ _ _ _ _ _ _ _ _ _ _ \n\nself = <selenium.webdriver.support.wait.WebDriverWait (session=\"2cc1ac60a683bd15cdfcd8e715dc793c\")>\nmethod = <function presence_of_element_located.<locals>._predicate at 0x7feff9a86700>\nmessage = ''\n\n    def until(self, method, message: str = \"\"):\n        \"\"\"Calls the method provided with the driver as an argument until the \\\n        return value does not evaluate to ``False``.\n    \n        :param method: callable(WebDriver)\n        :param message: optional message for :exc:`TimeoutException`\n        :returns: the result of the last call to `method`\n        :raises: :exc:`selenium.common.exceptions.TimeoutException` if timeout occurs\n        \"\"\"\n        screen = None\n        stacktrace = None\n    \n        end_time = time.monotonic() + self._timeout\n        while True:\n            try:\n                value = method(self._driver)\n                if value:\n                    return value\n            except self._ignored_exceptions as exc:\n                screen = getattr(exc, \"screen\", None)\n                stacktrace = getattr(exc, \"stacktrace\", None)\n            time.sleep(self._poll)\n            if time.monotonic() > end_time:\n                break\n>       raise TimeoutException(message, screen, stacktrace)\nE       selenium.common.exceptions.TimeoutException: Message: \nE       Stacktrace:\nE       #0 0x5588b1ece7ca <unknown>\nE       #1 0x5588b19c62f0 <unknown>\nE       #2 0x5588b1a16035 <unknown>\nE       #3 0x5588b1a16251 <unknown>\nE       #4 0x5588b1a5c054 <unknown>\nE       #5 0x5588b1a3a9dd <unknown>\nE       #6 0x5588b1a593b3 <unknown>\nE       #7 0x5588b1a3a753 <unknown>\nE       #8 0x5588b1a07baa <unknown>\nE       #9 0x5588b1a08dfe <unknown>\nE       #10 0x5588b1e9938b <unknown>\nE       #11 0x5588b1e9d307 <unknown>\nE       #12 0x5588b1e85e7c <unknown>\nE       #13 0x5588b1e9dec7 <unknown>\nE       #14 0x5588b1e6a24f <unknown>\nE       #15 0x5588b1ebd2f8 <unknown>\nE       #16 0x5588b1ebd4c0 <unknown>\nE       #17 0x5588b1ecd646 <unknown>\nE       #18 0x7f6a81c9ca94 <unknown>\nE       #19 0x7f6a81d29c3c <unknown>\n\n/opt/hostedtoolcache/Python/3.11.11/x64/lib/python3.11/site-packages/selenium/webdriver/support/wait.py:95: TimeoutException","flaky":false,"newFailed":false,"newBroken":false,"newPassed":false,"retriesCount":0,"retriesStatusChange":false,"beforeStages":[{"name":"_session_faker","time":{"start":1737768282019,"stop":1737768282083,"duration":64},"status":"passed","steps":[],"attachments":[],"parameters":[],"shouldDisplayMessage":false,"stepsCount":0,"attachmentsCount":0,"hasContent":false,"attachmentStep":false},{"name":"clear_allure_result_folder","time":{"start":1737768282083,"stop":1737768282083,"duration":0},"status":"passed","steps":[],"attachments":[],"parameters":[],"shouldDisplayMessage":false,"stepsCount":0,"attachmentsCount":0,"hasContent":false,"attachmentStep":false},{"name":"driver","time":{"start":1737769048964,"stop":1737769050146,"duration":1182},"status":"passed","steps":[],"attachments":[],"parameters":[],"shouldDisplayMessage":false,"stepsCount":0,"attachmentsCount":0,"hasContent":false,"attachmentStep":false}],"testStage":{"description":"This test checks if block 3 'home-erin' in section 2 in the Promo Block is present\n            in the DOM tree on the main page","status":"broken","statusMessage":"selenium.common.exceptions.TimeoutException: Message: \nStacktrace:\n#0 0x5588b1ece7ca <unknown>\n#1 0x5588b19c62f0 <unknown>\n#2 0x5588b1a16035 <unknown>\n#3 0x5588b1a16251 <unknown>\n#4 0x5588b1a5c054 <unknown>\n#5 0x5588b1a3a9dd <unknown>\n#6 0x5588b1a593b3 <unknown>\n#7 0x5588b1a3a753 <unknown>\n#8 0x5588b1a07baa <unknown>\n#9 0x5588b1a08dfe <unknown>\n#10 0x5588b1e9938b <unknown>\n#11 0x5588b1e9d307 <unknown>\n#12 0x5588b1e85e7c <unknown>\n#13 0x5588b1e9dec7 <unknown>\n#14 0x5588b1e6a24f <unknown>\n#15 0x5588b1ebd2f8 <unknown>\n#16 0x5588b1ebd4c0 <unknown>\n#17 0x5588b1ecd646 <unknown>\n#18 0x7f6a81c9ca94 <unknown>\n#19 0x7f6a81d29c3c <unknown>","statusTrace":"self = <test_main_page.TestMainPage.TestPromoBlock object at 0x7feffa072d50>\ndriver = <selenium.webdriver.chrome.webdriver.WebDriver (session=\"2cc1ac60a683bd15cdfcd8e715dc793c\")>\n\n    @allure.title(\"TC 13.01.46 - Check block 3 'home-erin' in section 2 of the Promo Block is present \"\n                  \"in the DOM tree\")\n    def test_tc_13_01_46_check_block3_in_section2_is_present(self, driver):\n        \"\"\"This test checks if block 3 'home-erin' in section 2 in the Promo Block is present\n        in the DOM tree on the main page\"\"\"\n        page = PromoBlock(driver, MAIN_PAGE_URL)\n        page.open()\n>       block3_section2 = page.check_block3_section2_is_present()\n\ntests/test_main_page.py:605: \n_ _ _ _ _ _ _ _ _ _ _ _ _ _ _ _ _ _ _ _ _ _ _ _ _ _ _ _ _ _ _ _ _ _ _ _ _ _ _ _ \npages/main_page.py:216: in check_block3_section2_is_present\n    return self.element_is_present(self.locators.SECTION_2_BLOCK_3)\npages/base_page.py:50: in element_is_present\n    return wait(self.driver, timeout).until(EC.presence_of_element_located(locator))\n_ _ _ _ _ _ _ _ _ _ _ _ _ _ _ _ _ _ _ _ _ _ _ _ _ _ _ _ _ _ _ _ _ _ _ _ _ _ _ _ \n\nself = <selenium.webdriver.support.wait.WebDriverWait (session=\"2cc1ac60a683bd15cdfcd8e715dc793c\")>\nmethod = <function presence_of_element_located.<locals>._predicate at 0x7feff9a86700>\nmessage = ''\n\n    def until(self, method, message: str = \"\"):\n        \"\"\"Calls the method provided with the driver as an argument until the \\\n        return value does not evaluate to ``False``.\n    \n        :param method: callable(WebDriver)\n        :param message: optional message for :exc:`TimeoutException`\n        :returns: the result of the last call to `method`\n        :raises: :exc:`selenium.common.exceptions.TimeoutException` if timeout occurs\n        \"\"\"\n        screen = None\n        stacktrace = None\n    \n        end_time = time.monotonic() + self._timeout\n        while True:\n            try:\n                value = method(self._driver)\n                if value:\n                    return value\n            except self._ignored_exceptions as exc:\n                screen = getattr(exc, \"screen\", None)\n                stacktrace = getattr(exc, \"stacktrace\", None)\n            time.sleep(self._poll)\n            if time.monotonic() > end_time:\n                break\n>       raise TimeoutException(message, screen, stacktrace)\nE       selenium.common.exceptions.TimeoutException: Message: \nE       Stacktrace:\nE       #0 0x5588b1ece7ca <unknown>\nE       #1 0x5588b19c62f0 <unknown>\nE       #2 0x5588b1a16035 <unknown>\nE       #3 0x5588b1a16251 <unknown>\nE       #4 0x5588b1a5c054 <unknown>\nE       #5 0x5588b1a3a9dd <unknown>\nE       #6 0x5588b1a593b3 <unknown>\nE       #7 0x5588b1a3a753 <unknown>\nE       #8 0x5588b1a07baa <unknown>\nE       #9 0x5588b1a08dfe <unknown>\nE       #10 0x5588b1e9938b <unknown>\nE       #11 0x5588b1e9d307 <unknown>\nE       #12 0x5588b1e85e7c <unknown>\nE       #13 0x5588b1e9dec7 <unknown>\nE       #14 0x5588b1e6a24f <unknown>\nE       #15 0x5588b1ebd2f8 <unknown>\nE       #16 0x5588b1ebd4c0 <unknown>\nE       #17 0x5588b1ecd646 <unknown>\nE       #18 0x7f6a81c9ca94 <unknown>\nE       #19 0x7f6a81d29c3c <unknown>\n\n/opt/hostedtoolcache/Python/3.11.11/x64/lib/python3.11/site-packages/selenium/webdriver/support/wait.py:95: TimeoutException","steps":[{"name":"Open a browser","time":{"start":1737769050146,"stop":1737769051631,"duration":1485},"status":"passed","steps":[],"attachments":[],"parameters":[],"shouldDisplayMessage":false,"stepsCount":0,"attachmentsCount":0,"hasContent":false,"attachmentStep":false},{"name":"Check block 3 'home-erin' in section 2 of the Promo Block is present in the DOM tree","time":{"start":1737769051631,"stop":1737769056868,"duration":5237},"status":"broken","statusMessage":"selenium.common.exceptions.TimeoutException: Message: \nStacktrace:\n#0 0x5588b1ece7ca <unknown>\n#1 0x5588b19c62f0 <unknown>\n#2 0x5588b1a16035 <unknown>\n#3 0x5588b1a16251 <unknown>\n#4 0x5588b1a5c054 <unknown>\n#5 0x5588b1a3a9dd <unknown>\n#6 0x5588b1a593b3 <unknown>\n#7 0x5588b1a3a753 <unknown>\n#8 0x5588b1a07baa <unknown>\n#9 0x5588b1a08dfe <unknown>\n#10 0x5588b1e9938b <unknown>\n#11 0x5588b1e9d307 <unknown>\n#12 0x5588b1e85e7c <unknown>\n#13 0x5588b1e9dec7 <unknown>\n#14 0x5588b1e6a24f <unknown>\n#15 0x5588b1ebd2f8 <unknown>\n#16 0x5588b1ebd4c0 <unknown>\n#17 0x5588b1ecd646 <unknown>\n#18 0x7f6a81c9ca94 <unknown>\n#19 0x7f6a81d29c3c <unknown>\n\n","statusTrace":"  File \"/opt/hostedtoolcache/Python/3.11.11/x64/lib/python3.11/site-packages/allure_commons/_allure.py\", line 192, in impl\n    return func(*a, **kw)\n           ^^^^^^^^^^^^^^\n  File \"/home/runner/work/luma_project/luma_project/pages/main_page.py\", line 216, in check_block3_section2_is_present\n    return self.element_is_present(self.locators.SECTION_2_BLOCK_3)\n           ^^^^^^^^^^^^^^^^^^^^^^^^^^^^^^^^^^^^^^^^^^^^^^^^^^^^^^^^\n  File \"/opt/hostedtoolcache/Python/3.11.11/x64/lib/python3.11/site-packages/allure_commons/_allure.py\", line 192, in impl\n    return func(*a, **kw)\n           ^^^^^^^^^^^^^^\n  File \"/home/runner/work/luma_project/luma_project/pages/base_page.py\", line 50, in element_is_present\n    return wait(self.driver, timeout).until(EC.presence_of_element_located(locator))\n           ^^^^^^^^^^^^^^^^^^^^^^^^^^^^^^^^^^^^^^^^^^^^^^^^^^^^^^^^^^^^^^^^^^^^^^^^^\n  File \"/opt/hostedtoolcache/Python/3.11.11/x64/lib/python3.11/site-packages/selenium/webdriver/support/wait.py\", line 95, in until\n    raise TimeoutException(message, screen, stacktrace)\n","steps":[{"name":"Find a present element","time":{"start":1737769051632,"stop":1737769056867,"duration":5235},"status":"broken","statusMessage":"selenium.common.exceptions.TimeoutException: Message: \nStacktrace:\n#0 0x5588b1ece7ca <unknown>\n#1 0x5588b19c62f0 <unknown>\n#2 0x5588b1a16035 <unknown>\n#3 0x5588b1a16251 <unknown>\n#4 0x5588b1a5c054 <unknown>\n#5 0x5588b1a3a9dd <unknown>\n#6 0x5588b1a593b3 <unknown>\n#7 0x5588b1a3a753 <unknown>\n#8 0x5588b1a07baa <unknown>\n#9 0x5588b1a08dfe <unknown>\n#10 0x5588b1e9938b <unknown>\n#11 0x5588b1e9d307 <unknown>\n#12 0x5588b1e85e7c <unknown>\n#13 0x5588b1e9dec7 <unknown>\n#14 0x5588b1e6a24f <unknown>\n#15 0x5588b1ebd2f8 <unknown>\n#16 0x5588b1ebd4c0 <unknown>\n#17 0x5588b1ecd646 <unknown>\n#18 0x7f6a81c9ca94 <unknown>\n#19 0x7f6a81d29c3c <unknown>\n\n","statusTrace":"  File \"/opt/hostedtoolcache/Python/3.11.11/x64/lib/python3.11/site-packages/allure_commons/_allure.py\", line 192, in impl\n    return func(*a, **kw)\n           ^^^^^^^^^^^^^^\n  File \"/home/runner/work/luma_project/luma_project/pages/base_page.py\", line 50, in element_is_present\n    return wait(self.driver, timeout).until(EC.presence_of_element_located(locator))\n           ^^^^^^^^^^^^^^^^^^^^^^^^^^^^^^^^^^^^^^^^^^^^^^^^^^^^^^^^^^^^^^^^^^^^^^^^^\n  File \"/opt/hostedtoolcache/Python/3.11.11/x64/lib/python3.11/site-packages/selenium/webdriver/support/wait.py\", line 95, in until\n    raise TimeoutException(message, screen, stacktrace)\n","steps":[],"attachments":[],"parameters":[{"name":"locator","value":"('css selector', '.home-erin')"},{"name":"timeout","value":"5"}],"shouldDisplayMessage":true,"stepsCount":0,"attachmentsCount":0,"hasContent":true,"attachmentStep":false}],"attachments":[],"parameters":[],"shouldDisplayMessage":false,"stepsCount":1,"attachmentsCount":0,"hasContent":true,"attachmentStep":false}],"attachments":[{"uid":"2202b742c7c6628e","name":"Screenshot","source":"2202b742c7c6628e.png","type":"image/png","size":548028},{"uid":"2924dda073529a97","name":"HTML source","source":"2924dda073529a97.html","type":"text/html","size":145479}],"parameters":[],"shouldDisplayMessage":true,"stepsCount":3,"attachmentsCount":2,"hasContent":true,"attachmentStep":false},"afterStages":[{"name":"driver::0","time":{"start":1737769057100,"stop":1737769057208,"duration":108},"status":"passed","steps":[],"attachments":[],"parameters":[],"shouldDisplayMessage":false,"stepsCount":0,"attachmentsCount":0,"hasContent":false,"attachmentStep":false},{"name":"clear_allure_result_folder::0","time":{"start":1737769729132,"stop":1737769729132,"duration":0},"status":"passed","steps":[],"attachments":[],"parameters":[],"shouldDisplayMessage":false,"stepsCount":0,"attachmentsCount":0,"hasContent":false,"attachmentStep":false}],"labels":[{"name":"epic","value":"Main Page"},{"name":"feature","value":"Promo Block Testing"},{"name":"parentSuite","value":"tests"},{"name":"suite","value":"test_main_page"},{"name":"subSuite","value":"TestMainPage"},{"name":"host","value":"fv-az1279-364"},{"name":"thread","value":"2786-MainThread"},{"name":"framework","value":"pytest"},{"name":"language","value":"cpython3"},{"name":"package","value":"tests.test_main_page"},{"name":"resultFormat","value":"allure2"}],"parameters":[],"links":[],"hidden":false,"retry":false,"extra":{"severity":"normal","retries":[],"categories":[{"name":"Test defects","matchedStatuses":[],"flaky":false}],"history":{"statistic":{"failed":0,"broken":6,"skipped":0,"passed":0,"unknown":0,"total":6},"items":[{"uid":"49f9d88bfdea97cb","reportUrl":"https://verafes.github.io/luma_project/565//#testresult/49f9d88bfdea97cb","status":"broken","statusDetails":"selenium.common.exceptions.TimeoutException: Message: \nStacktrace:\n#0 0x56277a95d7ca <unknown>\n#1 0x56277a4552f0 <unknown>\n#2 0x56277a4a5035 <unknown>\n#3 0x56277a4a5251 <unknown>\n#4 0x56277a4eb054 <unknown>\n#5 0x56277a4c99dd <unknown>\n#6 0x56277a4e83b3 <unknown>\n#7 0x56277a4c9753 <unknown>\n#8 0x56277a496baa <unknown>\n#9 0x56277a497dfe <unknown>\n#10 0x56277a92838b <unknown>\n#11 0x56277a92c307 <unknown>\n#12 0x56277a914e7c <unknown>\n#13 0x56277a92cec7 <unknown>\n#14 0x56277a8f924f <unknown>\n#15 0x56277a94c2f8 <unknown>\n#16 0x56277a94c4c0 <unknown>\n#17 0x56277a95c646 <unknown>\n#18 0x7fec80e9ca94 <unknown>\n#19 0x7fec80f29c3c <unknown>","time":{"start":1737683346603,"stop":1737683353262,"duration":6659}},{"uid":"b162cffadcd7adec","reportUrl":"https://verafes.github.io/luma_project/564//#testresult/b162cffadcd7adec","status":"broken","statusDetails":"selenium.common.exceptions.TimeoutException: Message: \nStacktrace:\n#0 0x563fc1fbd7ca <unknown>\n#1 0x563fc1ab52f0 <unknown>\n#2 0x563fc1b05035 <unknown>\n#3 0x563fc1b05251 <unknown>\n#4 0x563fc1b4b054 <unknown>\n#5 0x563fc1b299dd <unknown>\n#6 0x563fc1b483b3 <unknown>\n#7 0x563fc1b29753 <unknown>\n#8 0x563fc1af6baa <unknown>\n#9 0x563fc1af7dfe <unknown>\n#10 0x563fc1f8838b <unknown>\n#11 0x563fc1f8c307 <unknown>\n#12 0x563fc1f74e7c <unknown>\n#13 0x563fc1f8cec7 <unknown>\n#14 0x563fc1f5924f <unknown>\n#15 0x563fc1fac2f8 <unknown>\n#16 0x563fc1fac4c0 <unknown>\n#17 0x563fc1fbc646 <unknown>\n#18 0x7f45e6c9ca94 <unknown>\n#19 0x7f45e6d29c3c <unknown>","time":{"start":1737596931092,"stop":1737596937678,"duration":6586}},{"uid":"98f49a0ead3250f5","reportUrl":"https://verafes.github.io/luma_project/563//#testresult/98f49a0ead3250f5","status":"broken","statusDetails":"selenium.common.exceptions.TimeoutException: Message: \nStacktrace:\n#0 0x5580364768fa <unknown>\n#1 0x558035f87d20 <unknown>\n#2 0x558035fd6a66 <unknown>\n#3 0x558035fd6d01 <unknown>\n#4 0x55803601c184 <unknown>\n#5 0x558035ffab1d <unknown>\n#6 0x558036019560 <unknown>\n#7 0x558035ffa893 <unknown>\n#8 0x558035fc930d <unknown>\n#9 0x558035fca32e <unknown>\n#10 0x55803644300b <unknown>\n#11 0x558036446f97 <unknown>\n#12 0x55803642f71c <unknown>\n#13 0x558036447b17 <unknown>\n#14 0x5580364146cf <unknown>\n#15 0x5580364656b8 <unknown>\n#16 0x558036465880 <unknown>\n#17 0x558036475776 <unknown>\n#18 0x7f5eb4c9ca94 <unknown>\n#19 0x7f5eb4d29c3c <unknown>","time":{"start":1737510613742,"stop":1737510620134,"duration":6392}},{"uid":"1e94f63fc47a7b80","reportUrl":"https://verafes.github.io/luma_project/561//#testresult/1e94f63fc47a7b80","status":"broken","statusDetails":"selenium.common.exceptions.TimeoutException: Message: \nStacktrace:\n#0 0x561e007398fa <unknown>\n#1 0x561e0024ad20 <unknown>\n#2 0x561e00299a66 <unknown>\n#3 0x561e00299d01 <unknown>\n#4 0x561e002df184 <unknown>\n#5 0x561e002bdb1d <unknown>\n#6 0x561e002dc560 <unknown>\n#7 0x561e002bd893 <unknown>\n#8 0x561e0028c30d <unknown>\n#9 0x561e0028d32e <unknown>\n#10 0x561e0070600b <unknown>\n#11 0x561e00709f97 <unknown>\n#12 0x561e006f271c <unknown>\n#13 0x561e0070ab17 <unknown>\n#14 0x561e006d76cf <unknown>\n#15 0x561e007286b8 <unknown>\n#16 0x561e00728880 <unknown>\n#17 0x561e00738776 <unknown>\n#18 0x7fb99109ca94 <unknown>\n#19 0x7fb991129c3c <unknown>","time":{"start":1737338057276,"stop":1737338063977,"duration":6701}},{"uid":"d3bb6d1dc80dbd4e","reportUrl":"https://verafes.github.io/luma_project/560//#testresult/d3bb6d1dc80dbd4e","status":"broken","statusDetails":"selenium.common.exceptions.TimeoutException: Message: \nStacktrace:\n#0 0x55cd026108fa <unknown>\n#1 0x55cd02121d20 <unknown>\n#2 0x55cd02170a66 <unknown>\n#3 0x55cd02170d01 <unknown>\n#4 0x55cd021b6184 <unknown>\n#5 0x55cd02194b1d <unknown>\n#6 0x55cd021b3560 <unknown>\n#7 0x55cd02194893 <unknown>\n#8 0x55cd0216330d <unknown>\n#9 0x55cd0216432e <unknown>\n#10 0x55cd025dd00b <unknown>\n#11 0x55cd025e0f97 <unknown>\n#12 0x55cd025c971c <unknown>\n#13 0x55cd025e1b17 <unknown>\n#14 0x55cd025ae6cf <unknown>\n#15 0x55cd025ff6b8 <unknown>\n#16 0x55cd025ff880 <unknown>\n#17 0x55cd0260f776 <unknown>\n#18 0x7f4db449ca94 <unknown>\n#19 0x7f4db4529c3c <unknown>","time":{"start":1737251638380,"stop":1737251644752,"duration":6372}}]},"tags":[]},"source":"c7d30af8813c8b2e.json","parameterValues":[]}