{"uid":"f5967e3e2cc6d235","name":"TC 13.01.30 - Check the display of the sign in block 3 'home-erin' in the Promo Block","fullName":"tests.test_main_page.TestPromoBlock#test_tc_13_01_30_check_info_block_sign_in_section2_block3","historyId":"0efce4a477f1e38b0c648cda3ab656c8","time":{"start":1737768964298,"stop":1737768965404,"duration":1106},"description":"This test checks if the sign in info block in section 2 block 3 'home-erin' is correct\n            in the Promo Block under header on the main page","descriptionHtml":"<p>This test checks if the sign in info block in section 2 block 3 'home-erin' is correct<br />\nin the Promo Block under header on the main page</p>\n","status":"broken","statusMessage":"selenium.common.exceptions.NoSuchElementException: Message: no such element: Unable to locate element: {\"method\":\"css selector\",\"selector\":\".home-erin .content .icon\"}\n  (Session info: chrome=132.0.6834.83); For documentation on this error, please visit: https://www.selenium.dev/documentation/webdriver/troubleshooting/errors#no-such-element-exception\nStacktrace:\n#0 0x55fc1e2a97ca <unknown>\n#1 0x55fc1dda12f0 <unknown>\n#2 0x55fc1ddf1035 <unknown>\n#3 0x55fc1ddf1251 <unknown>\n#4 0x55fc1de37054 <unknown>\n#5 0x55fc1de159dd <unknown>\n#6 0x55fc1de343b3 <unknown>\n#7 0x55fc1de15753 <unknown>\n#8 0x55fc1dde2baa <unknown>\n#9 0x55fc1dde3dfe <unknown>\n#10 0x55fc1e27438b <unknown>\n#11 0x55fc1e278307 <unknown>\n#12 0x55fc1e260e7c <unknown>\n#13 0x55fc1e278ec7 <unknown>\n#14 0x55fc1e24524f <unknown>\n#15 0x55fc1e2982f8 <unknown>\n#16 0x55fc1e2984c0 <unknown>\n#17 0x55fc1e2a8646 <unknown>\n#18 0x7f5ed369ca94 <unknown>\n#19 0x7f5ed3729c3c <unknown>","statusTrace":"self = <test_main_page.TestMainPage.TestPromoBlock object at 0x7feffa094050>\ndriver = <selenium.webdriver.chrome.webdriver.WebDriver (session=\"39bc86a1e3f0e9fb81b4b0db0a664971\")>\n\n    @allure.title(\"TC 13.01.30 - Check the display of the sign in block 3 'home-erin' in the Promo Block\")\n    def test_tc_13_01_30_check_info_block_sign_in_section2_block3(self, driver):\n        \"\"\"This test checks if the sign in info block in section 2 block 3 'home-erin' is correct\n        in the Promo Block under header on the main page\"\"\"\n        page = PromoBlock(driver, MAIN_PAGE_URL)\n        page.open()\n>       actual_text = page.check_info_block_sign_in_section2_block3()\n\ntests/test_main_page.py:414: \n_ _ _ _ _ _ _ _ _ _ _ _ _ _ _ _ _ _ _ _ _ _ _ _ _ _ _ _ _ _ _ _ _ _ _ _ _ _ _ _ \npages/main_page.py:304: in check_info_block_sign_in_section2_block3\n    info_block_sign = self.find_element(self.locators.SECTION_2_BLOCK_3_INFO_BLOCK_SIGN).text\npages/base_page.py:201: in find_element\n    return self.driver.find_element(*locator)\n/opt/hostedtoolcache/Python/3.11.11/x64/lib/python3.11/site-packages/selenium/webdriver/remote/webdriver.py:738: in find_element\n    return self.execute(Command.FIND_ELEMENT, {\"using\": by, \"value\": value})[\"value\"]\n/opt/hostedtoolcache/Python/3.11.11/x64/lib/python3.11/site-packages/selenium/webdriver/remote/webdriver.py:344: in execute\n    self.error_handler.check_response(response)\n_ _ _ _ _ _ _ _ _ _ _ _ _ _ _ _ _ _ _ _ _ _ _ _ _ _ _ _ _ _ _ _ _ _ _ _ _ _ _ _ \n\nself = <selenium.webdriver.remote.errorhandler.ErrorHandler object at 0x7feff81937d0>\nresponse = {'status': 404, 'value': '{\"value\":{\"error\":\"no such element\",\"message\":\"no such element: Unable to locate element: {\\...\\\\n#17 0x55fc1e2a8646 \\\\u003Cunknown>\\\\n#18 0x7f5ed369ca94 \\\\u003Cunknown>\\\\n#19 0x7f5ed3729c3c \\\\u003Cunknown>\\\\n\"}}'}\n\n    def check_response(self, response: Dict[str, Any]) -> None:\n        \"\"\"Checks that a JSON response from the WebDriver does not have an\n        error.\n    \n        :Args:\n         - response - The JSON response from the WebDriver server as a dictionary\n           object.\n    \n        :Raises: If the response contains an error message.\n        \"\"\"\n        status = response.get(\"status\", None)\n        if not status or status == ErrorCode.SUCCESS:\n            return\n        value = None\n        message = response.get(\"message\", \"\")\n        screen: str = response.get(\"screen\", \"\")\n        stacktrace = None\n        if isinstance(status, int):\n            value_json = response.get(\"value\", None)\n            if value_json and isinstance(value_json, str):\n                import json\n    \n                try:\n                    value = json.loads(value_json)\n                    if len(value) == 1:\n                        value = value[\"value\"]\n                    status = value.get(\"error\", None)\n                    if not status:\n                        status = value.get(\"status\", ErrorCode.UNKNOWN_ERROR)\n                        message = value.get(\"value\") or value.get(\"message\")\n                        if not isinstance(message, str):\n                            value = message\n                            message = message.get(\"message\")\n                    else:\n                        message = value.get(\"message\", None)\n                except ValueError:\n                    pass\n    \n        exception_class: Type[WebDriverException]\n        e = ErrorCode()\n        error_codes = [item for item in dir(e) if not item.startswith(\"__\")]\n        for error_code in error_codes:\n            error_info = getattr(ErrorCode, error_code)\n            if isinstance(error_info, list) and status in error_info:\n                exception_class = getattr(ExceptionMapping, error_code, WebDriverException)\n                break\n        else:\n            exception_class = WebDriverException\n    \n        if not value:\n            value = response[\"value\"]\n        if isinstance(value, str):\n            raise exception_class(value)\n        if message == \"\" and \"message\" in value:\n            message = value[\"message\"]\n    \n        screen = None  # type: ignore[assignment]\n        if \"screen\" in value:\n            screen = value[\"screen\"]\n    \n        stacktrace = None\n        st_value = value.get(\"stackTrace\") or value.get(\"stacktrace\")\n        if st_value:\n            if isinstance(st_value, str):\n                stacktrace = st_value.split(\"\\n\")\n            else:\n                stacktrace = []\n                try:\n                    for frame in st_value:\n                        line = frame.get(\"lineNumber\", \"\")\n                        file = frame.get(\"fileName\", \"<anonymous>\")\n                        if line:\n                            file = f\"{file}:{line}\"\n                        meth = frame.get(\"methodName\", \"<anonymous>\")\n                        if \"className\" in frame:\n                            meth = f\"{frame['className']}.{meth}\"\n                        msg = \"    at %s (%s)\"\n                        msg = msg % (meth, file)\n                        stacktrace.append(msg)\n                except TypeError:\n                    pass\n        if exception_class == UnexpectedAlertPresentException:\n            alert_text = None\n            if \"data\" in value:\n                alert_text = value[\"data\"].get(\"text\")\n            elif \"alert\" in value:\n                alert_text = value[\"alert\"].get(\"text\")\n            raise exception_class(message, screen, stacktrace, alert_text)  # type: ignore[call-arg]  # mypy is not smart enough here\n>       raise exception_class(message, screen, stacktrace)\nE       selenium.common.exceptions.NoSuchElementException: Message: no such element: Unable to locate element: {\"method\":\"css selector\",\"selector\":\".home-erin .content .icon\"}\nE         (Session info: chrome=132.0.6834.83); For documentation on this error, please visit: https://www.selenium.dev/documentation/webdriver/troubleshooting/errors#no-such-element-exception\nE       Stacktrace:\nE       #0 0x55fc1e2a97ca <unknown>\nE       #1 0x55fc1dda12f0 <unknown>\nE       #2 0x55fc1ddf1035 <unknown>\nE       #3 0x55fc1ddf1251 <unknown>\nE       #4 0x55fc1de37054 <unknown>\nE       #5 0x55fc1de159dd <unknown>\nE       #6 0x55fc1de343b3 <unknown>\nE       #7 0x55fc1de15753 <unknown>\nE       #8 0x55fc1dde2baa <unknown>\nE       #9 0x55fc1dde3dfe <unknown>\nE       #10 0x55fc1e27438b <unknown>\nE       #11 0x55fc1e278307 <unknown>\nE       #12 0x55fc1e260e7c <unknown>\nE       #13 0x55fc1e278ec7 <unknown>\nE       #14 0x55fc1e24524f <unknown>\nE       #15 0x55fc1e2982f8 <unknown>\nE       #16 0x55fc1e2984c0 <unknown>\nE       #17 0x55fc1e2a8646 <unknown>\nE       #18 0x7f5ed369ca94 <unknown>\nE       #19 0x7f5ed3729c3c <unknown>\n\n/opt/hostedtoolcache/Python/3.11.11/x64/lib/python3.11/site-packages/selenium/webdriver/remote/errorhandler.py:229: NoSuchElementException","flaky":false,"newFailed":false,"newBroken":false,"newPassed":false,"retriesCount":0,"retriesStatusChange":false,"beforeStages":[{"name":"_session_faker","time":{"start":1737768282019,"stop":1737768282083,"duration":64},"status":"passed","steps":[],"attachments":[],"parameters":[],"shouldDisplayMessage":false,"stepsCount":0,"attachmentsCount":0,"hasContent":false,"attachmentStep":false},{"name":"clear_allure_result_folder","time":{"start":1737768282083,"stop":1737768282083,"duration":0},"status":"passed","steps":[],"attachments":[],"parameters":[],"shouldDisplayMessage":false,"stepsCount":0,"attachmentsCount":0,"hasContent":false,"attachmentStep":false},{"name":"driver","time":{"start":1737768963116,"stop":1737768964298,"duration":1182},"status":"passed","steps":[],"attachments":[],"parameters":[],"shouldDisplayMessage":false,"stepsCount":0,"attachmentsCount":0,"hasContent":false,"attachmentStep":false}],"testStage":{"description":"This test checks if the sign in info block in section 2 block 3 'home-erin' is correct\n            in the Promo Block under header on the main page","status":"broken","statusMessage":"selenium.common.exceptions.NoSuchElementException: Message: no such element: Unable to locate element: {\"method\":\"css selector\",\"selector\":\".home-erin .content .icon\"}\n  (Session info: chrome=132.0.6834.83); For documentation on this error, please visit: https://www.selenium.dev/documentation/webdriver/troubleshooting/errors#no-such-element-exception\nStacktrace:\n#0 0x55fc1e2a97ca <unknown>\n#1 0x55fc1dda12f0 <unknown>\n#2 0x55fc1ddf1035 <unknown>\n#3 0x55fc1ddf1251 <unknown>\n#4 0x55fc1de37054 <unknown>\n#5 0x55fc1de159dd <unknown>\n#6 0x55fc1de343b3 <unknown>\n#7 0x55fc1de15753 <unknown>\n#8 0x55fc1dde2baa <unknown>\n#9 0x55fc1dde3dfe <unknown>\n#10 0x55fc1e27438b <unknown>\n#11 0x55fc1e278307 <unknown>\n#12 0x55fc1e260e7c <unknown>\n#13 0x55fc1e278ec7 <unknown>\n#14 0x55fc1e24524f <unknown>\n#15 0x55fc1e2982f8 <unknown>\n#16 0x55fc1e2984c0 <unknown>\n#17 0x55fc1e2a8646 <unknown>\n#18 0x7f5ed369ca94 <unknown>\n#19 0x7f5ed3729c3c <unknown>","statusTrace":"self = <test_main_page.TestMainPage.TestPromoBlock object at 0x7feffa094050>\ndriver = <selenium.webdriver.chrome.webdriver.WebDriver (session=\"39bc86a1e3f0e9fb81b4b0db0a664971\")>\n\n    @allure.title(\"TC 13.01.30 - Check the display of the sign in block 3 'home-erin' in the Promo Block\")\n    def test_tc_13_01_30_check_info_block_sign_in_section2_block3(self, driver):\n        \"\"\"This test checks if the sign in info block in section 2 block 3 'home-erin' is correct\n        in the Promo Block under header on the main page\"\"\"\n        page = PromoBlock(driver, MAIN_PAGE_URL)\n        page.open()\n>       actual_text = page.check_info_block_sign_in_section2_block3()\n\ntests/test_main_page.py:414: \n_ _ _ _ _ _ _ _ _ _ _ _ _ _ _ _ _ _ _ _ _ _ _ _ _ _ _ _ _ _ _ _ _ _ _ _ _ _ _ _ \npages/main_page.py:304: in check_info_block_sign_in_section2_block3\n    info_block_sign = self.find_element(self.locators.SECTION_2_BLOCK_3_INFO_BLOCK_SIGN).text\npages/base_page.py:201: in find_element\n    return self.driver.find_element(*locator)\n/opt/hostedtoolcache/Python/3.11.11/x64/lib/python3.11/site-packages/selenium/webdriver/remote/webdriver.py:738: in find_element\n    return self.execute(Command.FIND_ELEMENT, {\"using\": by, \"value\": value})[\"value\"]\n/opt/hostedtoolcache/Python/3.11.11/x64/lib/python3.11/site-packages/selenium/webdriver/remote/webdriver.py:344: in execute\n    self.error_handler.check_response(response)\n_ _ _ _ _ _ _ _ _ _ _ _ _ _ _ _ _ _ _ _ _ _ _ _ _ _ _ _ _ _ _ _ _ _ _ _ _ _ _ _ \n\nself = <selenium.webdriver.remote.errorhandler.ErrorHandler object at 0x7feff81937d0>\nresponse = {'status': 404, 'value': '{\"value\":{\"error\":\"no such element\",\"message\":\"no such element: Unable to locate element: {\\...\\\\n#17 0x55fc1e2a8646 \\\\u003Cunknown>\\\\n#18 0x7f5ed369ca94 \\\\u003Cunknown>\\\\n#19 0x7f5ed3729c3c \\\\u003Cunknown>\\\\n\"}}'}\n\n    def check_response(self, response: Dict[str, Any]) -> None:\n        \"\"\"Checks that a JSON response from the WebDriver does not have an\n        error.\n    \n        :Args:\n         - response - The JSON response from the WebDriver server as a dictionary\n           object.\n    \n        :Raises: If the response contains an error message.\n        \"\"\"\n        status = response.get(\"status\", None)\n        if not status or status == ErrorCode.SUCCESS:\n            return\n        value = None\n        message = response.get(\"message\", \"\")\n        screen: str = response.get(\"screen\", \"\")\n        stacktrace = None\n        if isinstance(status, int):\n            value_json = response.get(\"value\", None)\n            if value_json and isinstance(value_json, str):\n                import json\n    \n                try:\n                    value = json.loads(value_json)\n                    if len(value) == 1:\n                        value = value[\"value\"]\n                    status = value.get(\"error\", None)\n                    if not status:\n                        status = value.get(\"status\", ErrorCode.UNKNOWN_ERROR)\n                        message = value.get(\"value\") or value.get(\"message\")\n                        if not isinstance(message, str):\n                            value = message\n                            message = message.get(\"message\")\n                    else:\n                        message = value.get(\"message\", None)\n                except ValueError:\n                    pass\n    \n        exception_class: Type[WebDriverException]\n        e = ErrorCode()\n        error_codes = [item for item in dir(e) if not item.startswith(\"__\")]\n        for error_code in error_codes:\n            error_info = getattr(ErrorCode, error_code)\n            if isinstance(error_info, list) and status in error_info:\n                exception_class = getattr(ExceptionMapping, error_code, WebDriverException)\n                break\n        else:\n            exception_class = WebDriverException\n    \n        if not value:\n            value = response[\"value\"]\n        if isinstance(value, str):\n            raise exception_class(value)\n        if message == \"\" and \"message\" in value:\n            message = value[\"message\"]\n    \n        screen = None  # type: ignore[assignment]\n        if \"screen\" in value:\n            screen = value[\"screen\"]\n    \n        stacktrace = None\n        st_value = value.get(\"stackTrace\") or value.get(\"stacktrace\")\n        if st_value:\n            if isinstance(st_value, str):\n                stacktrace = st_value.split(\"\\n\")\n            else:\n                stacktrace = []\n                try:\n                    for frame in st_value:\n                        line = frame.get(\"lineNumber\", \"\")\n                        file = frame.get(\"fileName\", \"<anonymous>\")\n                        if line:\n                            file = f\"{file}:{line}\"\n                        meth = frame.get(\"methodName\", \"<anonymous>\")\n                        if \"className\" in frame:\n                            meth = f\"{frame['className']}.{meth}\"\n                        msg = \"    at %s (%s)\"\n                        msg = msg % (meth, file)\n                        stacktrace.append(msg)\n                except TypeError:\n                    pass\n        if exception_class == UnexpectedAlertPresentException:\n            alert_text = None\n            if \"data\" in value:\n                alert_text = value[\"data\"].get(\"text\")\n            elif \"alert\" in value:\n                alert_text = value[\"alert\"].get(\"text\")\n            raise exception_class(message, screen, stacktrace, alert_text)  # type: ignore[call-arg]  # mypy is not smart enough here\n>       raise exception_class(message, screen, stacktrace)\nE       selenium.common.exceptions.NoSuchElementException: Message: no such element: Unable to locate element: {\"method\":\"css selector\",\"selector\":\".home-erin .content .icon\"}\nE         (Session info: chrome=132.0.6834.83); For documentation on this error, please visit: https://www.selenium.dev/documentation/webdriver/troubleshooting/errors#no-such-element-exception\nE       Stacktrace:\nE       #0 0x55fc1e2a97ca <unknown>\nE       #1 0x55fc1dda12f0 <unknown>\nE       #2 0x55fc1ddf1035 <unknown>\nE       #3 0x55fc1ddf1251 <unknown>\nE       #4 0x55fc1de37054 <unknown>\nE       #5 0x55fc1de159dd <unknown>\nE       #6 0x55fc1de343b3 <unknown>\nE       #7 0x55fc1de15753 <unknown>\nE       #8 0x55fc1dde2baa <unknown>\nE       #9 0x55fc1dde3dfe <unknown>\nE       #10 0x55fc1e27438b <unknown>\nE       #11 0x55fc1e278307 <unknown>\nE       #12 0x55fc1e260e7c <unknown>\nE       #13 0x55fc1e278ec7 <unknown>\nE       #14 0x55fc1e24524f <unknown>\nE       #15 0x55fc1e2982f8 <unknown>\nE       #16 0x55fc1e2984c0 <unknown>\nE       #17 0x55fc1e2a8646 <unknown>\nE       #18 0x7f5ed369ca94 <unknown>\nE       #19 0x7f5ed3729c3c <unknown>\n\n/opt/hostedtoolcache/Python/3.11.11/x64/lib/python3.11/site-packages/selenium/webdriver/remote/errorhandler.py:229: NoSuchElementException","steps":[{"name":"Open a browser","time":{"start":1737768964299,"stop":1737768965380,"duration":1081},"status":"passed","steps":[],"attachments":[],"parameters":[],"shouldDisplayMessage":false,"stepsCount":0,"attachmentsCount":0,"hasContent":false,"attachmentStep":false},{"name":"Check the sign of info block in section 2 block 3 'home-erin' in the Promo Block is correct","time":{"start":1737768965380,"stop":1737768965404,"duration":24},"status":"broken","statusMessage":"selenium.common.exceptions.NoSuchElementException: Message: no such element: Unable to locate element: {\"method\":\"css selector\",\"selector\":\".home-erin .content .icon\"}\n  (Session info: chrome=132.0.6834.83); For documentation on this error, please visit: https://www.selenium.dev/documentation/webdriver/troubleshooting/errors#no-such-element-exception\nStacktrace:\n#0 0x55fc1e2a97ca <unknown>\n#1 0x55fc1dda12f0 <unknown>\n#2 0x55fc1ddf1035 <unknown>\n#3 0x55fc1ddf1251 <unknown>\n#4 0x55fc1de37054 <unknown>\n#5 0x55fc1de159dd <unknown>\n#6 0x55fc1de343b3 <unknown>\n#7 0x55fc1de15753 <unknown>\n#8 0x55fc1dde2baa <unknown>\n#9 0x55fc1dde3dfe <unknown>\n#10 0x55fc1e27438b <unknown>\n#11 0x55fc1e278307 <unknown>\n#12 0x55fc1e260e7c <unknown>\n#13 0x55fc1e278ec7 <unknown>\n#14 0x55fc1e24524f <unknown>\n#15 0x55fc1e2982f8 <unknown>\n#16 0x55fc1e2984c0 <unknown>\n#17 0x55fc1e2a8646 <unknown>\n#18 0x7f5ed369ca94 <unknown>\n#19 0x7f5ed3729c3c <unknown>\n\n","statusTrace":"  File \"/opt/hostedtoolcache/Python/3.11.11/x64/lib/python3.11/site-packages/allure_commons/_allure.py\", line 192, in impl\n    return func(*a, **kw)\n           ^^^^^^^^^^^^^^\n  File \"/home/runner/work/luma_project/luma_project/pages/main_page.py\", line 304, in check_info_block_sign_in_section2_block3\n    info_block_sign = self.find_element(self.locators.SECTION_2_BLOCK_3_INFO_BLOCK_SIGN).text\n                      ^^^^^^^^^^^^^^^^^^^^^^^^^^^^^^^^^^^^^^^^^^^^^^^^^^^^^^^^^^^^^^^^^^\n  File \"/opt/hostedtoolcache/Python/3.11.11/x64/lib/python3.11/site-packages/allure_commons/_allure.py\", line 192, in impl\n    return func(*a, **kw)\n           ^^^^^^^^^^^^^^\n  File \"/home/runner/work/luma_project/luma_project/pages/base_page.py\", line 201, in find_element\n    return self.driver.find_element(*locator)\n           ^^^^^^^^^^^^^^^^^^^^^^^^^^^^^^^^^^\n  File \"/opt/hostedtoolcache/Python/3.11.11/x64/lib/python3.11/site-packages/selenium/webdriver/remote/webdriver.py\", line 738, in find_element\n    return self.execute(Command.FIND_ELEMENT, {\"using\": by, \"value\": value})[\"value\"]\n           ^^^^^^^^^^^^^^^^^^^^^^^^^^^^^^^^^^^^^^^^^^^^^^^^^^^^^^^^^^^^^^^^^\n  File \"/opt/hostedtoolcache/Python/3.11.11/x64/lib/python3.11/site-packages/selenium/webdriver/remote/webdriver.py\", line 344, in execute\n    self.error_handler.check_response(response)\n  File \"/opt/hostedtoolcache/Python/3.11.11/x64/lib/python3.11/site-packages/selenium/webdriver/remote/errorhandler.py\", line 229, in check_response\n    raise exception_class(message, screen, stacktrace)\n","steps":[{"name":"Find element (unpacking)","time":{"start":1737768965380,"stop":1737768965403,"duration":23},"status":"broken","statusMessage":"selenium.common.exceptions.NoSuchElementException: Message: no such element: Unable to locate element: {\"method\":\"css selector\",\"selector\":\".home-erin .content .icon\"}\n  (Session info: chrome=132.0.6834.83); For documentation on this error, please visit: https://www.selenium.dev/documentation/webdriver/troubleshooting/errors#no-such-element-exception\nStacktrace:\n#0 0x55fc1e2a97ca <unknown>\n#1 0x55fc1dda12f0 <unknown>\n#2 0x55fc1ddf1035 <unknown>\n#3 0x55fc1ddf1251 <unknown>\n#4 0x55fc1de37054 <unknown>\n#5 0x55fc1de159dd <unknown>\n#6 0x55fc1de343b3 <unknown>\n#7 0x55fc1de15753 <unknown>\n#8 0x55fc1dde2baa <unknown>\n#9 0x55fc1dde3dfe <unknown>\n#10 0x55fc1e27438b <unknown>\n#11 0x55fc1e278307 <unknown>\n#12 0x55fc1e260e7c <unknown>\n#13 0x55fc1e278ec7 <unknown>\n#14 0x55fc1e24524f <unknown>\n#15 0x55fc1e2982f8 <unknown>\n#16 0x55fc1e2984c0 <unknown>\n#17 0x55fc1e2a8646 <unknown>\n#18 0x7f5ed369ca94 <unknown>\n#19 0x7f5ed3729c3c <unknown>\n\n","statusTrace":"  File \"/opt/hostedtoolcache/Python/3.11.11/x64/lib/python3.11/site-packages/allure_commons/_allure.py\", line 192, in impl\n    return func(*a, **kw)\n           ^^^^^^^^^^^^^^\n  File \"/home/runner/work/luma_project/luma_project/pages/base_page.py\", line 201, in find_element\n    return self.driver.find_element(*locator)\n           ^^^^^^^^^^^^^^^^^^^^^^^^^^^^^^^^^^\n  File \"/opt/hostedtoolcache/Python/3.11.11/x64/lib/python3.11/site-packages/selenium/webdriver/remote/webdriver.py\", line 738, in find_element\n    return self.execute(Command.FIND_ELEMENT, {\"using\": by, \"value\": value})[\"value\"]\n           ^^^^^^^^^^^^^^^^^^^^^^^^^^^^^^^^^^^^^^^^^^^^^^^^^^^^^^^^^^^^^^^^^\n  File \"/opt/hostedtoolcache/Python/3.11.11/x64/lib/python3.11/site-packages/selenium/webdriver/remote/webdriver.py\", line 344, in execute\n    self.error_handler.check_response(response)\n  File \"/opt/hostedtoolcache/Python/3.11.11/x64/lib/python3.11/site-packages/selenium/webdriver/remote/errorhandler.py\", line 229, in check_response\n    raise exception_class(message, screen, stacktrace)\n","steps":[],"attachments":[],"parameters":[{"name":"locator","value":"('css selector', '.home-erin .content .icon')"}],"shouldDisplayMessage":true,"stepsCount":0,"attachmentsCount":0,"hasContent":true,"attachmentStep":false}],"attachments":[],"parameters":[],"shouldDisplayMessage":false,"stepsCount":1,"attachmentsCount":0,"hasContent":true,"attachmentStep":false}],"attachments":[{"uid":"c30d035c04aae1d8","name":"Screenshot","source":"c30d035c04aae1d8.png","type":"image/png","size":548028},{"uid":"2fb8c7709d45aa64","name":"HTML source","source":"2fb8c7709d45aa64.html","type":"text/html","size":136649}],"parameters":[],"shouldDisplayMessage":true,"stepsCount":3,"attachmentsCount":2,"hasContent":true,"attachmentStep":false},"afterStages":[{"name":"driver::0","time":{"start":1737768965675,"stop":1737768965746,"duration":71},"status":"passed","steps":[],"attachments":[],"parameters":[],"shouldDisplayMessage":false,"stepsCount":0,"attachmentsCount":0,"hasContent":false,"attachmentStep":false},{"name":"clear_allure_result_folder::0","time":{"start":1737769729132,"stop":1737769729132,"duration":0},"status":"passed","steps":[],"attachments":[],"parameters":[],"shouldDisplayMessage":false,"stepsCount":0,"attachmentsCount":0,"hasContent":false,"attachmentStep":false}],"labels":[{"name":"epic","value":"Main Page"},{"name":"feature","value":"Promo Block Testing"},{"name":"parentSuite","value":"tests"},{"name":"suite","value":"test_main_page"},{"name":"subSuite","value":"TestMainPage"},{"name":"host","value":"fv-az1279-364"},{"name":"thread","value":"2786-MainThread"},{"name":"framework","value":"pytest"},{"name":"language","value":"cpython3"},{"name":"package","value":"tests.test_main_page"},{"name":"resultFormat","value":"allure2"}],"parameters":[],"links":[],"hidden":false,"retry":false,"extra":{"severity":"normal","retries":[],"categories":[{"name":"Test defects","matchedStatuses":[],"flaky":false}],"history":{"statistic":{"failed":0,"broken":6,"skipped":0,"passed":0,"unknown":0,"total":6},"items":[{"uid":"2ad4ec5430b8ee0b","reportUrl":"https://verafes.github.io/luma_project/565//#testresult/2ad4ec5430b8ee0b","status":"broken","statusDetails":"selenium.common.exceptions.NoSuchElementException: Message: no such element: Unable to locate element: {\"method\":\"css selector\",\"selector\":\".home-erin .content .icon\"}\n  (Session info: chrome=132.0.6834.83); For documentation on this error, please visit: https://www.selenium.dev/documentation/webdriver/troubleshooting/errors#no-such-element-exception\nStacktrace:\n#0 0x56409fe1d7ca <unknown>\n#1 0x56409f9152f0 <unknown>\n#2 0x56409f965035 <unknown>\n#3 0x56409f965251 <unknown>\n#4 0x56409f9ab054 <unknown>\n#5 0x56409f9899dd <unknown>\n#6 0x56409f9a83b3 <unknown>\n#7 0x56409f989753 <unknown>\n#8 0x56409f956baa <unknown>\n#9 0x56409f957dfe <unknown>\n#10 0x56409fde838b <unknown>\n#11 0x56409fdec307 <unknown>\n#12 0x56409fdd4e7c <unknown>\n#13 0x56409fdecec7 <unknown>\n#14 0x56409fdb924f <unknown>\n#15 0x56409fe0c2f8 <unknown>\n#16 0x56409fe0c4c0 <unknown>\n#17 0x56409fe1c646 <unknown>\n#18 0x7f140209ca94 <unknown>\n#19 0x7f1402129c3c <unknown>","time":{"start":1737683259387,"stop":1737683260917,"duration":1530}},{"uid":"ddeb1c2653d70047","reportUrl":"https://verafes.github.io/luma_project/564//#testresult/ddeb1c2653d70047","status":"broken","statusDetails":"selenium.common.exceptions.NoSuchElementException: Message: no such element: Unable to locate element: {\"method\":\"css selector\",\"selector\":\".home-erin .content .icon\"}\n  (Session info: chrome=132.0.6834.83); For documentation on this error, please visit: https://www.selenium.dev/documentation/webdriver/troubleshooting/errors#no-such-element-exception\nStacktrace:\n#0 0x562b57f317ca <unknown>\n#1 0x562b57a292f0 <unknown>\n#2 0x562b57a79035 <unknown>\n#3 0x562b57a79251 <unknown>\n#4 0x562b57abf054 <unknown>\n#5 0x562b57a9d9dd <unknown>\n#6 0x562b57abc3b3 <unknown>\n#7 0x562b57a9d753 <unknown>\n#8 0x562b57a6abaa <unknown>\n#9 0x562b57a6bdfe <unknown>\n#10 0x562b57efc38b <unknown>\n#11 0x562b57f00307 <unknown>\n#12 0x562b57ee8e7c <unknown>\n#13 0x562b57f00ec7 <unknown>\n#14 0x562b57ecd24f <unknown>\n#15 0x562b57f202f8 <unknown>\n#16 0x562b57f204c0 <unknown>\n#17 0x562b57f30646 <unknown>\n#18 0x7f863fe9ca94 <unknown>\n#19 0x7f863ff29c3c <unknown>","time":{"start":1737596845694,"stop":1737596846877,"duration":1183}},{"uid":"de82f75caed1f93","reportUrl":"https://verafes.github.io/luma_project/563//#testresult/de82f75caed1f93","status":"broken","statusDetails":"selenium.common.exceptions.NoSuchElementException: Message: no such element: Unable to locate element: {\"method\":\"css selector\",\"selector\":\".home-erin .content .icon\"}\n  (Session info: chrome=131.0.6778.204); For documentation on this error, please visit: https://www.selenium.dev/documentation/webdriver/troubleshooting/errors#no-such-element-exception\nStacktrace:\n#0 0x564142ccb8fa <unknown>\n#1 0x5641427dcd20 <unknown>\n#2 0x56414282ba66 <unknown>\n#3 0x56414282bd01 <unknown>\n#4 0x564142871184 <unknown>\n#5 0x56414284fb1d <unknown>\n#6 0x56414286e560 <unknown>\n#7 0x56414284f893 <unknown>\n#8 0x56414281e30d <unknown>\n#9 0x56414281f32e <unknown>\n#10 0x564142c9800b <unknown>\n#11 0x564142c9bf97 <unknown>\n#12 0x564142c8471c <unknown>\n#13 0x564142c9cb17 <unknown>\n#14 0x564142c696cf <unknown>\n#15 0x564142cba6b8 <unknown>\n#16 0x564142cba880 <unknown>\n#17 0x564142cca776 <unknown>\n#18 0x7f49ce49ca94 <unknown>\n#19 0x7f49ce529c3c <unknown>","time":{"start":1737510530428,"stop":1737510531765,"duration":1337}},{"uid":"330c45c7974e6eb7","reportUrl":"https://verafes.github.io/luma_project/561//#testresult/330c45c7974e6eb7","status":"broken","statusDetails":"selenium.common.exceptions.NoSuchElementException: Message: no such element: Unable to locate element: {\"method\":\"css selector\",\"selector\":\".home-erin .content .icon\"}\n  (Session info: chrome=131.0.6778.204); For documentation on this error, please visit: https://www.selenium.dev/documentation/webdriver/troubleshooting/errors#no-such-element-exception\nStacktrace:\n#0 0x55b346d2e8fa <unknown>\n#1 0x55b34683fd20 <unknown>\n#2 0x55b34688ea66 <unknown>\n#3 0x55b34688ed01 <unknown>\n#4 0x55b3468d4184 <unknown>\n#5 0x55b3468b2b1d <unknown>\n#6 0x55b3468d1560 <unknown>\n#7 0x55b3468b2893 <unknown>\n#8 0x55b34688130d <unknown>\n#9 0x55b34688232e <unknown>\n#10 0x55b346cfb00b <unknown>\n#11 0x55b346cfef97 <unknown>\n#12 0x55b346ce771c <unknown>\n#13 0x55b346cffb17 <unknown>\n#14 0x55b346ccc6cf <unknown>\n#15 0x55b346d1d6b8 <unknown>\n#16 0x55b346d1d880 <unknown>\n#17 0x55b346d2d776 <unknown>\n#18 0x7faa0e29ca94 <unknown>\n#19 0x7faa0e329c3c <unknown>","time":{"start":1737337975249,"stop":1737337976399,"duration":1150}},{"uid":"4eef4105685c322b","reportUrl":"https://verafes.github.io/luma_project/560//#testresult/4eef4105685c322b","status":"broken","statusDetails":"selenium.common.exceptions.NoSuchElementException: Message: no such element: Unable to locate element: {\"method\":\"css selector\",\"selector\":\".home-erin .content .icon\"}\n  (Session info: chrome=131.0.6778.204); For documentation on this error, please visit: https://www.selenium.dev/documentation/webdriver/troubleshooting/errors#no-such-element-exception\nStacktrace:\n#0 0x5647977278fa <unknown>\n#1 0x564797238d20 <unknown>\n#2 0x564797287a66 <unknown>\n#3 0x564797287d01 <unknown>\n#4 0x5647972cd184 <unknown>\n#5 0x5647972abb1d <unknown>\n#6 0x5647972ca560 <unknown>\n#7 0x5647972ab893 <unknown>\n#8 0x56479727a30d <unknown>\n#9 0x56479727b32e <unknown>\n#10 0x5647976f400b <unknown>\n#11 0x5647976f7f97 <unknown>\n#12 0x5647976e071c <unknown>\n#13 0x5647976f8b17 <unknown>\n#14 0x5647976c56cf <unknown>\n#15 0x5647977166b8 <unknown>\n#16 0x564797716880 <unknown>\n#17 0x564797726776 <unknown>\n#18 0x7f1da0c9ca94 <unknown>\n#19 0x7f1da0d29c3c <unknown>","time":{"start":1737251554945,"stop":1737251555924,"duration":979}}]},"tags":[]},"source":"f5967e3e2cc6d235.json","parameterValues":[]}