{"uid":"3514b29e9567dc70","name":"Check the display of the add to wish and add to compare buttons","fullName":"tests.test_main_page.TestHotSellerSection#test_tc_06_01_15_check_the_display_of_the_card_buttons","historyId":"f8b3a2477d103cc2b5f3e0d41d85e720","time":{"start":1714785601124,"stop":1714785612698,"duration":11574},"description":"\n            This test will check that the add to wishlist and add to compare buttons are visible on the screen\n            ","descriptionHtml":"<pre><code>        This test will check that the add to wishlist and add to compare buttons are visible on the screen\n</code></pre>\n","status":"skipped","statusMessage":"XFAIL In CI the test failed in PR#182\n\nselenium.common.exceptions.TimeoutException: Message:","statusTrace":"self = <test_main_page.TestMainPage.TestHotSellerSection object at 0x7f6aabad0a10>\ndriver = <selenium.webdriver.chrome.webdriver.WebDriver (session=\"1539fb035f67a1e1c42763e920ca28a3\")>\nitem = 'add_to_wish_list'\n\n    @pytest.mark.xfail(reason=\"In CI the test failed in PR#182\")\n    @allure.title(\"Check the display of the add to wish and add to compare buttons\")\n    @pytest.mark.parametrize(\"item\", product_card_button)\n    def test_tc_06_01_15_check_the_display_of_the_card_buttons(self, driver, item):\n        \"\"\"\n        This test will check that the add to wishlist and add to compare buttons are visible on the screen\n        \"\"\"\n        page = MainPage(driver, MAIN_PAGE_URL)\n        page.open()\n>       check_display = page.check_element_display(item)\n\ntests/test_main_page.py:96: \n_ _ _ _ _ _ _ _ _ _ _ _ _ _ _ _ _ _ _ _ _ _ _ _ _ _ _ _ _ _ _ _ _ _ _ _ _ _ _ _ \npages/main_page.py:124: in check_element_display\n    element = self.element_is_visible(self.locators.PRODUCT_CARD_BUTTONS[item])\npages/base_page.py:30: in element_is_visible\n    return wait(self.driver, timeout).until(EC.visibility_of_element_located(locator))\n_ _ _ _ _ _ _ _ _ _ _ _ _ _ _ _ _ _ _ _ _ _ _ _ _ _ _ _ _ _ _ _ _ _ _ _ _ _ _ _ \n\nself = <selenium.webdriver.support.wait.WebDriverWait (session=\"1539fb035f67a1e1c42763e920ca28a3\")>\nmethod = <function visibility_of_element_located.<locals>._predicate at 0x7f6aaa075b20>\nmessage = ''\n\n    def until(self, method, message: str = \"\"):\n        \"\"\"Calls the method provided with the driver as an argument until the \\\n        return value does not evaluate to ``False``.\n    \n        :param method: callable(WebDriver)\n        :param message: optional message for :exc:`TimeoutException`\n        :returns: the result of the last call to `method`\n        :raises: :exc:`selenium.common.exceptions.TimeoutException` if timeout occurs\n        \"\"\"\n        screen = None\n        stacktrace = None\n    \n        end_time = time.monotonic() + self._timeout\n        while True:\n            try:\n                value = method(self._driver)\n                if value:\n                    return value\n            except self._ignored_exceptions as exc:\n                screen = getattr(exc, \"screen\", None)\n                stacktrace = getattr(exc, \"stacktrace\", None)\n            time.sleep(self._poll)\n            if time.monotonic() > end_time:\n                break\n>       raise TimeoutException(message, screen, stacktrace)\nE       selenium.common.exceptions.TimeoutException: Message:\n\n/opt/hostedtoolcache/Python/3.11.9/x64/lib/python3.11/site-packages/selenium/webdriver/support/wait.py:95: TimeoutException","flaky":false,"newFailed":false,"newBroken":false,"newPassed":false,"retriesCount":0,"retriesStatusChange":false,"beforeStages":[{"name":"_session_faker","time":{"start":1714785074036,"stop":1714785074100,"duration":64},"status":"passed","steps":[],"attachments":[],"parameters":[],"shouldDisplayMessage":false,"stepsCount":0,"attachmentsCount":0,"hasContent":false,"attachmentStep":false},{"name":"clear_allure_result_folder","time":{"start":1714785074100,"stop":1714785074100,"duration":0},"status":"passed","steps":[],"attachments":[],"parameters":[],"shouldDisplayMessage":false,"stepsCount":0,"attachmentsCount":0,"hasContent":false,"attachmentStep":false},{"name":"driver","time":{"start":1714785599870,"stop":1714785601124,"duration":1254},"status":"passed","steps":[],"attachments":[],"parameters":[],"shouldDisplayMessage":false,"stepsCount":0,"attachmentsCount":0,"hasContent":false,"attachmentStep":false}],"testStage":{"description":"\n            This test will check that the add to wishlist and add to compare buttons are visible on the screen\n            ","status":"skipped","statusMessage":"XFAIL In CI the test failed in PR#182\n\nselenium.common.exceptions.TimeoutException: Message:","statusTrace":"self = <test_main_page.TestMainPage.TestHotSellerSection object at 0x7f6aabad0a10>\ndriver = <selenium.webdriver.chrome.webdriver.WebDriver (session=\"1539fb035f67a1e1c42763e920ca28a3\")>\nitem = 'add_to_wish_list'\n\n    @pytest.mark.xfail(reason=\"In CI the test failed in PR#182\")\n    @allure.title(\"Check the display of the add to wish and add to compare buttons\")\n    @pytest.mark.parametrize(\"item\", product_card_button)\n    def test_tc_06_01_15_check_the_display_of_the_card_buttons(self, driver, item):\n        \"\"\"\n        This test will check that the add to wishlist and add to compare buttons are visible on the screen\n        \"\"\"\n        page = MainPage(driver, MAIN_PAGE_URL)\n        page.open()\n>       check_display = page.check_element_display(item)\n\ntests/test_main_page.py:96: \n_ _ _ _ _ _ _ _ _ _ _ _ _ _ _ _ _ _ _ _ _ _ _ _ _ _ _ _ _ _ _ _ _ _ _ _ _ _ _ _ \npages/main_page.py:124: in check_element_display\n    element = self.element_is_visible(self.locators.PRODUCT_CARD_BUTTONS[item])\npages/base_page.py:30: in element_is_visible\n    return wait(self.driver, timeout).until(EC.visibility_of_element_located(locator))\n_ _ _ _ _ _ _ _ _ _ _ _ _ _ _ _ _ _ _ _ _ _ _ _ _ _ _ _ _ _ _ _ _ _ _ _ _ _ _ _ \n\nself = <selenium.webdriver.support.wait.WebDriverWait (session=\"1539fb035f67a1e1c42763e920ca28a3\")>\nmethod = <function visibility_of_element_located.<locals>._predicate at 0x7f6aaa075b20>\nmessage = ''\n\n    def until(self, method, message: str = \"\"):\n        \"\"\"Calls the method provided with the driver as an argument until the \\\n        return value does not evaluate to ``False``.\n    \n        :param method: callable(WebDriver)\n        :param message: optional message for :exc:`TimeoutException`\n        :returns: the result of the last call to `method`\n        :raises: :exc:`selenium.common.exceptions.TimeoutException` if timeout occurs\n        \"\"\"\n        screen = None\n        stacktrace = None\n    \n        end_time = time.monotonic() + self._timeout\n        while True:\n            try:\n                value = method(self._driver)\n                if value:\n                    return value\n            except self._ignored_exceptions as exc:\n                screen = getattr(exc, \"screen\", None)\n                stacktrace = getattr(exc, \"stacktrace\", None)\n            time.sleep(self._poll)\n            if time.monotonic() > end_time:\n                break\n>       raise TimeoutException(message, screen, stacktrace)\nE       selenium.common.exceptions.TimeoutException: Message:\n\n/opt/hostedtoolcache/Python/3.11.9/x64/lib/python3.11/site-packages/selenium/webdriver/support/wait.py:95: TimeoutException","steps":[{"name":"Open a browser","time":{"start":1714785601124,"stop":1714785602139,"duration":1015},"status":"passed","steps":[],"attachments":[],"parameters":[],"shouldDisplayMessage":false,"stepsCount":0,"attachmentsCount":0,"hasContent":false,"attachmentStep":false},{"name":"Checking the display of an element on the screen","time":{"start":1714785602139,"stop":1714785612697,"duration":10558},"status":"broken","statusMessage":"selenium.common.exceptions.TimeoutException: Message: \n\n","statusTrace":"  File \"/opt/hostedtoolcache/Python/3.11.9/x64/lib/python3.11/site-packages/allure_commons/_allure.py\", line 192, in impl\n    return func(*a, **kw)\n           ^^^^^^^^^^^^^^\n  File \"/home/runner/work/luma_project/luma_project/pages/main_page.py\", line 124, in check_element_display\n    element = self.element_is_visible(self.locators.PRODUCT_CARD_BUTTONS[item])\n              ^^^^^^^^^^^^^^^^^^^^^^^^^^^^^^^^^^^^^^^^^^^^^^^^^^^^^^^^^^^^^^^^^\n  File \"/opt/hostedtoolcache/Python/3.11.9/x64/lib/python3.11/site-packages/allure_commons/_allure.py\", line 192, in impl\n    return func(*a, **kw)\n           ^^^^^^^^^^^^^^\n  File \"/home/runner/work/luma_project/luma_project/pages/base_page.py\", line 30, in element_is_visible\n    return wait(self.driver, timeout).until(EC.visibility_of_element_located(locator))\n           ^^^^^^^^^^^^^^^^^^^^^^^^^^^^^^^^^^^^^^^^^^^^^^^^^^^^^^^^^^^^^^^^^^^^^^^^^^^\n  File \"/opt/hostedtoolcache/Python/3.11.9/x64/lib/python3.11/site-packages/selenium/webdriver/support/wait.py\", line 95, in until\n    raise TimeoutException(message, screen, stacktrace)\n","steps":[{"name":"Find a visible element","time":{"start":1714785602139,"stop":1714785602173,"duration":34},"status":"passed","steps":[{"name":"Find a present element","time":{"start":1714785602139,"stop":1714785602148,"duration":9},"status":"passed","steps":[],"attachments":[],"parameters":[{"name":"locator","value":"('css selector', \"li[class='product-item']:nth-child(4) div[class='product-item-info']\")"},{"name":"timeout","value":"5"}],"shouldDisplayMessage":false,"stepsCount":0,"attachmentsCount":0,"hasContent":true,"attachmentStep":false},{"name":"Go to specified element","time":{"start":1714785602148,"stop":1714785602153,"duration":5},"status":"passed","steps":[],"attachments":[],"parameters":[{"name":"element","value":"<selenium.webdriver.remote.webelement.WebElement (session=\"1539fb035f67a1e1c42763e920ca28a3\", element=\"f.6CAA19F426BF82190F499B35ED637AB5.d.2A186C5F7942CC3736E923921B22A90E.e.56\")>"}],"shouldDisplayMessage":false,"stepsCount":0,"attachmentsCount":0,"hasContent":true,"attachmentStep":false}],"attachments":[],"parameters":[{"name":"locator","value":"('css selector', \"li[class='product-item']:nth-child(4) div[class='product-item-info']\")"},{"name":"timeout","value":"10"}],"shouldDisplayMessage":false,"stepsCount":2,"attachmentsCount":0,"hasContent":true,"attachmentStep":false},{"name":"Move cursor to element","time":{"start":1714785602173,"stop":1714785602447,"duration":274},"status":"passed","steps":[],"attachments":[],"parameters":[{"name":"element","value":"<selenium.webdriver.remote.webelement.WebElement (session=\"1539fb035f67a1e1c42763e920ca28a3\", element=\"f.6CAA19F426BF82190F499B35ED637AB5.d.2A186C5F7942CC3736E923921B22A90E.e.56\")>"}],"shouldDisplayMessage":false,"stepsCount":0,"attachmentsCount":0,"hasContent":true,"attachmentStep":false},{"name":"Find a visible element","time":{"start":1714785602447,"stop":1714785612697,"duration":10250},"status":"broken","statusMessage":"selenium.common.exceptions.TimeoutException: Message: \n\n","statusTrace":"  File \"/opt/hostedtoolcache/Python/3.11.9/x64/lib/python3.11/site-packages/allure_commons/_allure.py\", line 192, in impl\n    return func(*a, **kw)\n           ^^^^^^^^^^^^^^\n  File \"/home/runner/work/luma_project/luma_project/pages/base_page.py\", line 30, in element_is_visible\n    return wait(self.driver, timeout).until(EC.visibility_of_element_located(locator))\n           ^^^^^^^^^^^^^^^^^^^^^^^^^^^^^^^^^^^^^^^^^^^^^^^^^^^^^^^^^^^^^^^^^^^^^^^^^^^\n  File \"/opt/hostedtoolcache/Python/3.11.9/x64/lib/python3.11/site-packages/selenium/webdriver/support/wait.py\", line 95, in until\n    raise TimeoutException(message, screen, stacktrace)\n","steps":[{"name":"Find a present element","time":{"start":1714785602447,"stop":1714785602455,"duration":8},"status":"passed","steps":[],"attachments":[],"parameters":[{"name":"locator","value":"('css selector', \"li[class='product-item']:nth-child(4) a[data-action='add-to-wishlist']\")"},{"name":"timeout","value":"5"}],"shouldDisplayMessage":false,"stepsCount":0,"attachmentsCount":0,"hasContent":true,"attachmentStep":false},{"name":"Go to specified element","time":{"start":1714785602455,"stop":1714785602460,"duration":5},"status":"passed","steps":[],"attachments":[],"parameters":[{"name":"element","value":"<selenium.webdriver.remote.webelement.WebElement (session=\"1539fb035f67a1e1c42763e920ca28a3\", element=\"f.6CAA19F426BF82190F499B35ED637AB5.d.2A186C5F7942CC3736E923921B22A90E.e.57\")>"}],"shouldDisplayMessage":false,"stepsCount":0,"attachmentsCount":0,"hasContent":true,"attachmentStep":false}],"attachments":[],"parameters":[{"name":"locator","value":"('css selector', \"li[class='product-item']:nth-child(4) a[data-action='add-to-wishlist']\")"},{"name":"timeout","value":"10"}],"shouldDisplayMessage":true,"stepsCount":2,"attachmentsCount":0,"hasContent":true,"attachmentStep":false}],"attachments":[],"parameters":[{"name":"item","value":"'add_to_wish_list'"}],"shouldDisplayMessage":false,"stepsCount":7,"attachmentsCount":0,"hasContent":true,"attachmentStep":false}],"attachments":[{"uid":"4914b8a09fd9cd4e","name":"Screenshot","source":"4914b8a09fd9cd4e.png","type":"image/png","size":91054},{"uid":"ebb75b30d8bcf228","name":"HTML source","source":"ebb75b30d8bcf228.html","type":"text/html","size":127118}],"parameters":[],"shouldDisplayMessage":true,"stepsCount":9,"attachmentsCount":2,"hasContent":true,"attachmentStep":false},"afterStages":[{"name":"driver::0","time":{"start":1714785612825,"stop":1714785612899,"duration":74},"status":"passed","steps":[],"attachments":[],"parameters":[],"shouldDisplayMessage":false,"stepsCount":0,"attachmentsCount":0,"hasContent":false,"attachmentStep":false},{"name":"clear_allure_result_folder::0","time":{"start":1714786392147,"stop":1714786392147,"duration":0},"status":"passed","steps":[],"attachments":[],"parameters":[],"shouldDisplayMessage":false,"stepsCount":0,"attachmentsCount":0,"hasContent":false,"attachmentStep":false}],"labels":[{"name":"epic","value":"Main Page"},{"name":"feature","value":"Testing Hot Seller Section"},{"name":"tag","value":"@pytest.mark.xfail(reason='In CI the test failed in PR#182')"},{"name":"parentSuite","value":"tests"},{"name":"suite","value":"test_main_page"},{"name":"subSuite","value":"TestMainPage"},{"name":"host","value":"fv-az1426-572"},{"name":"thread","value":"3067-MainThread"},{"name":"framework","value":"pytest"},{"name":"language","value":"cpython3"},{"name":"package","value":"tests.test_main_page"},{"name":"resultFormat","value":"allure2"}],"parameters":[{"name":"item","value":"'add_to_wish_list'"}],"links":[],"hidden":false,"retry":false,"extra":{"severity":"normal","retries":[],"categories":[],"history":{"statistic":{"failed":0,"broken":0,"skipped":6,"passed":1,"unknown":0,"total":7},"items":[{"uid":"d77b2dad1df8afd0","reportUrl":"https://verafes.github.io/luma_project/299//#testresult/d77b2dad1df8afd0","status":"skipped","statusDetails":"XFAIL In CI the test failed in PR#182\n\nselenium.common.exceptions.TimeoutException: Message:","time":{"start":1714700105694,"stop":1714700117365,"duration":11671}},{"uid":"f25777c6fb68031b","reportUrl":"https://verafes.github.io/luma_project/298//#testresult/f25777c6fb68031b","status":"skipped","statusDetails":"XFAIL In CI the test failed in PR#182\n\nselenium.common.exceptions.TimeoutException: Message:","time":{"start":1714612814217,"stop":1714612825822,"duration":11605}},{"uid":"761372aaa6d71c5f","reportUrl":"https://verafes.github.io/luma_project/297//#testresult/761372aaa6d71c5f","status":"skipped","statusDetails":"XFAIL In CI the test failed in PR#182\n\nselenium.common.exceptions.TimeoutException: Message:","time":{"start":1714526737434,"stop":1714526749378,"duration":11944}},{"uid":"91b4de02e5884db5","reportUrl":"https://verafes.github.io/luma_project/296//#testresult/91b4de02e5884db5","status":"passed","statusDetails":"XPASS In CI the test failed in PR#182","time":{"start":1714440138990,"stop":1714440140816,"duration":1826}},{"uid":"77b245c6c6cff36c","reportUrl":"https://verafes.github.io/luma_project/295//#testresult/77b245c6c6cff36c","status":"skipped","statusDetails":"XFAIL In CI the test failed in PR#182\n\nselenium.common.exceptions.TimeoutException: Message:","time":{"start":1714353776027,"stop":1714353787885,"duration":11858}},{"uid":"23057655ef6e8a2","reportUrl":"https://verafes.github.io/luma_project/294//#testresult/23057655ef6e8a2","status":"skipped","statusDetails":"XFAIL In CI the test failed in PR#182\n\nselenium.common.exceptions.TimeoutException: Message:","time":{"start":1714267567008,"stop":1714267578710,"duration":11702}}]},"tags":["@pytest.mark.xfail(reason='In CI the test failed in PR#182')"]},"source":"3514b29e9567dc70.json","parameterValues":["'add_to_wish_list'"]}