{"uid":"4e2c3d10f1855dad","name":"TC 03.02.02 to 03_02_10 Verify Error on Failed Login with invalid credentials","fullName":"tests.test_sign_in.TestFailedLogin#test_03_02_02_to_10_error_if_login_with_invalid_credentials","historyId":"eb8553534ee747a20415e861783cb15a","time":{"start":1729477321420,"stop":1729477322624,"duration":1204},"description":"Check error on Failed Login with invalid credentials, case-sensitive password and password with spaces","descriptionHtml":"<p>Check error on Failed Login with invalid credentials, case-sensitive password and password with spaces</p>\n","status":"broken","statusMessage":"selenium.common.exceptions.ElementClickInterceptedException: Message: element click intercepted: Element <input name=\"login[username]\" value=\"\" autocomplete=\"off\" id=\"email\" type=\"email\" class=\"input-text\" title=\"Email\" data-validate=\"{required:true, 'validate-email':true}\" aria-required=\"true\"> is not clickable at point (560, 767). Other element would receive the click: <iframe id=\"aswift_3\" name=\"aswift_3\" browsingtopics=\"true\" style=\"width: 1005px !important; height: 124px !important; display: block; margin: 0px auto;\" sandbox=\"allow-forms allow-popups allow-popups-to-escape-sandbox allow-same-origin allow-scripts allow-top-navigation-by-user-activation\" width=\"1005\" height=\"124\" frameborder=\"0\" marginwidth=\"0\" marginheight=\"0\" vspace=\"0\" hspace=\"0\" allowtransparency=\"true\" scrolling=\"no\" allow=\"attribution-reporting; run-ad-auction\" src=\"https://googleads.g.doubleclick.net/pagead/html/r20241014/r20190131/zrt_lookup_fy2021.html#RS-0-&amp;adk=1812271801&amp;client=ca-pub-7399332034053978&amp;fa=1&amp;ifi=4&amp;uci=a!4&amp;btvi=2\" data-google-container-id=\"a!4\" tabindex=\"0\" title=\"Advertisement\" aria-label=\"Advertisement\" data-google-query-id=\"CO_0v4a1nokDFRxuRwEd2UoAtw\" data-load-complete=\"true\"></iframe>\n  (Session info: chrome=130.0.6723.58)\nStacktrace:\n#0 0x56261296f0aa <unknown>\n#1 0x5626124861a0 <unknown>\n#2 0x5626124d9896 <unknown>\n#3 0x5626124d782d <unknown>\n#4 0x5626124d52d7 <unknown>\n#5 0x5626124d46f1 <unknown>\n#6 0x5626124c7cf8 <unknown>\n#7 0x5626124f6d82 <unknown>\n#8 0x5626124c76d8 <unknown>\n#9 0x5626124f6f4e <unknown>\n#10 0x562612515866 <unknown>\n#11 0x5626124f6b23 <unknown>\n#12 0x5626124c5990 <unknown>\n#13 0x5626124c696e <unknown>\n#14 0x56261293b16b <unknown>\n#15 0x56261293ef68 <unknown>\n#16 0x56261292864c <unknown>\n#17 0x56261293fae7 <unknown>\n#18 0x56261290d4af <unknown>\n#19 0x56261295d4f8 <unknown>\n#20 0x56261295d6c0 <unknown>\n#21 0x56261296df26 <unknown>\n#22 0x7faa91e94ac3 <unknown>","statusTrace":"self = <test_sign_in.TestFailedLogin object at 0x7f05607969d0>\ndriver = <selenium.webdriver.chrome.webdriver.WebDriver (session=\"beac3e1d6e70a60b7fbc27035dcd0cc4\")>\nsign_in_page = <pages.sign_in_page.SignInPage object at 0x7f056069bc90>\nemail = 'teston120@mailinator.com', password = 'test#12p@ssword'\n\n    @allure.title('TC 03.02.02 to 03_02_10 Verify Error on Failed Login with invalid credentials')\n    @pytest.mark.parametrize('email, password', [LOGIN[i] for i in [1, 2, 6, 8, 9]])\n    def test_03_02_02_to_10_error_if_login_with_invalid_credentials(self, driver, sign_in_page, email, password):\n        \"\"\"Check error on Failed Login with invalid credentials, case-sensitive password and password with spaces\"\"\"\n>       sign_in_page.fill_in_email_field(email)\n\ntests/test_sign_in.py:271: \n_ _ _ _ _ _ _ _ _ _ _ _ _ _ _ _ _ _ _ _ _ _ _ _ _ _ _ _ _ _ _ _ _ _ _ _ _ _ _ _ \npages/sign_in_page.py:54: in fill_in_email_field\n    self.fill_in_field(self.check_customer_email_field_is_clickable(), email)\npages/base_page.py:319: in fill_in_field\n    input_field.click()\n/opt/hostedtoolcache/Python/3.11.10/x64/lib/python3.11/site-packages/selenium/webdriver/remote/webelement.py:93: in click\n    self._execute(Command.CLICK_ELEMENT)\n/opt/hostedtoolcache/Python/3.11.10/x64/lib/python3.11/site-packages/selenium/webdriver/remote/webelement.py:394: in _execute\n    return self._parent.execute(command, params)\n/opt/hostedtoolcache/Python/3.11.10/x64/lib/python3.11/site-packages/selenium/webdriver/remote/webdriver.py:344: in execute\n    self.error_handler.check_response(response)\n_ _ _ _ _ _ _ _ _ _ _ _ _ _ _ _ _ _ _ _ _ _ _ _ _ _ _ _ _ _ _ _ _ _ _ _ _ _ _ _ \n\nself = <selenium.webdriver.remote.errorhandler.ErrorHandler object at 0x7f0560688e50>\nresponse = {'status': 400, 'value': '{\"value\":{\"error\":\"element click intercepted\",\"message\":\"element click intercepted: Element ...\\\\n#20 0x56261295d6c0 \\\\u003Cunknown>\\\\n#21 0x56261296df26 \\\\u003Cunknown>\\\\n#22 0x7faa91e94ac3 \\\\u003Cunknown>\\\\n\"}}'}\n\n    def check_response(self, response: Dict[str, Any]) -> None:\n        \"\"\"Checks that a JSON response from the WebDriver does not have an\n        error.\n    \n        :Args:\n         - response - The JSON response from the WebDriver server as a dictionary\n           object.\n    \n        :Raises: If the response contains an error message.\n        \"\"\"\n        status = response.get(\"status\", None)\n        if not status or status == ErrorCode.SUCCESS:\n            return\n        value = None\n        message = response.get(\"message\", \"\")\n        screen: str = response.get(\"screen\", \"\")\n        stacktrace = None\n        if isinstance(status, int):\n            value_json = response.get(\"value\", None)\n            if value_json and isinstance(value_json, str):\n                import json\n    \n                try:\n                    value = json.loads(value_json)\n                    if len(value) == 1:\n                        value = value[\"value\"]\n                    status = value.get(\"error\", None)\n                    if not status:\n                        status = value.get(\"status\", ErrorCode.UNKNOWN_ERROR)\n                        message = value.get(\"value\") or value.get(\"message\")\n                        if not isinstance(message, str):\n                            value = message\n                            message = message.get(\"message\")\n                    else:\n                        message = value.get(\"message\", None)\n                except ValueError:\n                    pass\n    \n        exception_class: Type[WebDriverException]\n        e = ErrorCode()\n        error_codes = [item for item in dir(e) if not item.startswith(\"__\")]\n        for error_code in error_codes:\n            error_info = getattr(ErrorCode, error_code)\n            if isinstance(error_info, list) and status in error_info:\n                exception_class = getattr(ExceptionMapping, error_code, WebDriverException)\n                break\n        else:\n            exception_class = WebDriverException\n    \n        if not value:\n            value = response[\"value\"]\n        if isinstance(value, str):\n            raise exception_class(value)\n        if message == \"\" and \"message\" in value:\n            message = value[\"message\"]\n    \n        screen = None  # type: ignore[assignment]\n        if \"screen\" in value:\n            screen = value[\"screen\"]\n    \n        stacktrace = None\n        st_value = value.get(\"stackTrace\") or value.get(\"stacktrace\")\n        if st_value:\n            if isinstance(st_value, str):\n                stacktrace = st_value.split(\"\\n\")\n            else:\n                stacktrace = []\n                try:\n                    for frame in st_value:\n                        line = frame.get(\"lineNumber\", \"\")\n                        file = frame.get(\"fileName\", \"<anonymous>\")\n                        if line:\n                            file = f\"{file}:{line}\"\n                        meth = frame.get(\"methodName\", \"<anonymous>\")\n                        if \"className\" in frame:\n                            meth = f\"{frame['className']}.{meth}\"\n                        msg = \"    at %s (%s)\"\n                        msg = msg % (meth, file)\n                        stacktrace.append(msg)\n                except TypeError:\n                    pass\n        if exception_class == UnexpectedAlertPresentException:\n            alert_text = None\n            if \"data\" in value:\n                alert_text = value[\"data\"].get(\"text\")\n            elif \"alert\" in value:\n                alert_text = value[\"alert\"].get(\"text\")\n            raise exception_class(message, screen, stacktrace, alert_text)  # type: ignore[call-arg]  # mypy is not smart enough here\n>       raise exception_class(message, screen, stacktrace)\nE       selenium.common.exceptions.ElementClickInterceptedException: Message: element click intercepted: Element <input name=\"login[username]\" value=\"\" autocomplete=\"off\" id=\"email\" type=\"email\" class=\"input-text\" title=\"Email\" data-validate=\"{required:true, 'validate-email':true}\" aria-required=\"true\"> is not clickable at point (560, 767). Other element would receive the click: <iframe id=\"aswift_3\" name=\"aswift_3\" browsingtopics=\"true\" style=\"width: 1005px !important; height: 124px !important; display: block; margin: 0px auto;\" sandbox=\"allow-forms allow-popups allow-popups-to-escape-sandbox allow-same-origin allow-scripts allow-top-navigation-by-user-activation\" width=\"1005\" height=\"124\" frameborder=\"0\" marginwidth=\"0\" marginheight=\"0\" vspace=\"0\" hspace=\"0\" allowtransparency=\"true\" scrolling=\"no\" allow=\"attribution-reporting; run-ad-auction\" src=\"https://googleads.g.doubleclick.net/pagead/html/r20241014/r20190131/zrt_lookup_fy2021.html#RS-0-&amp;adk=1812271801&amp;client=ca-pub-7399332034053978&amp;fa=1&amp;ifi=4&amp;uci=a!4&amp;btvi=2\" data-google-container-id=\"a!4\" tabindex=\"0\" title=\"Advertisement\" aria-label=\"Advertisement\" data-google-query-id=\"CO_0v4a1nokDFRxuRwEd2UoAtw\" data-load-complete=\"true\"></iframe>\nE         (Session info: chrome=130.0.6723.58)\nE       Stacktrace:\nE       #0 0x56261296f0aa <unknown>\nE       #1 0x5626124861a0 <unknown>\nE       #2 0x5626124d9896 <unknown>\nE       #3 0x5626124d782d <unknown>\nE       #4 0x5626124d52d7 <unknown>\nE       #5 0x5626124d46f1 <unknown>\nE       #6 0x5626124c7cf8 <unknown>\nE       #7 0x5626124f6d82 <unknown>\nE       #8 0x5626124c76d8 <unknown>\nE       #9 0x5626124f6f4e <unknown>\nE       #10 0x562612515866 <unknown>\nE       #11 0x5626124f6b23 <unknown>\nE       #12 0x5626124c5990 <unknown>\nE       #13 0x5626124c696e <unknown>\nE       #14 0x56261293b16b <unknown>\nE       #15 0x56261293ef68 <unknown>\nE       #16 0x56261292864c <unknown>\nE       #17 0x56261293fae7 <unknown>\nE       #18 0x56261290d4af <unknown>\nE       #19 0x56261295d4f8 <unknown>\nE       #20 0x56261295d6c0 <unknown>\nE       #21 0x56261296df26 <unknown>\nE       #22 0x7faa91e94ac3 <unknown>\n\n/opt/hostedtoolcache/Python/3.11.10/x64/lib/python3.11/site-packages/selenium/webdriver/remote/errorhandler.py:229: ElementClickInterceptedException","flaky":false,"newFailed":false,"newBroken":false,"newPassed":false,"retriesCount":0,"retriesStatusChange":false,"beforeStages":[{"name":"_session_faker","time":{"start":1729474813855,"stop":1729474813920,"duration":65},"status":"passed","steps":[],"attachments":[],"parameters":[],"shouldDisplayMessage":false,"stepsCount":0,"attachmentsCount":0,"hasContent":false,"attachmentStep":false},{"name":"clear_allure_result_folder","time":{"start":1729474813920,"stop":1729474813920,"duration":0},"status":"passed","steps":[],"attachments":[],"parameters":[],"shouldDisplayMessage":false,"stepsCount":0,"attachmentsCount":0,"hasContent":false,"attachmentStep":false},{"name":"driver","time":{"start":1729477309704,"stop":1729477310972,"duration":1268},"status":"passed","steps":[],"attachments":[],"parameters":[],"shouldDisplayMessage":false,"stepsCount":0,"attachmentsCount":0,"hasContent":false,"attachmentStep":false},{"name":"sign_in_page","time":{"start":1729477310972,"stop":1729477321420,"duration":10448},"status":"passed","steps":[{"name":"Open a browser","time":{"start":1729477310972,"stop":1729477321420,"duration":10448},"status":"passed","steps":[],"attachments":[],"parameters":[],"shouldDisplayMessage":false,"stepsCount":0,"attachmentsCount":0,"hasContent":false,"attachmentStep":false}],"attachments":[],"parameters":[],"shouldDisplayMessage":false,"stepsCount":1,"attachmentsCount":0,"hasContent":true,"attachmentStep":false}],"testStage":{"description":"Check error on Failed Login with invalid credentials, case-sensitive password and password with spaces","status":"broken","statusMessage":"selenium.common.exceptions.ElementClickInterceptedException: Message: element click intercepted: Element <input name=\"login[username]\" value=\"\" autocomplete=\"off\" id=\"email\" type=\"email\" class=\"input-text\" title=\"Email\" data-validate=\"{required:true, 'validate-email':true}\" aria-required=\"true\"> is not clickable at point (560, 767). Other element would receive the click: <iframe id=\"aswift_3\" name=\"aswift_3\" browsingtopics=\"true\" style=\"width: 1005px !important; height: 124px !important; display: block; margin: 0px auto;\" sandbox=\"allow-forms allow-popups allow-popups-to-escape-sandbox allow-same-origin allow-scripts allow-top-navigation-by-user-activation\" width=\"1005\" height=\"124\" frameborder=\"0\" marginwidth=\"0\" marginheight=\"0\" vspace=\"0\" hspace=\"0\" allowtransparency=\"true\" scrolling=\"no\" allow=\"attribution-reporting; run-ad-auction\" src=\"https://googleads.g.doubleclick.net/pagead/html/r20241014/r20190131/zrt_lookup_fy2021.html#RS-0-&amp;adk=1812271801&amp;client=ca-pub-7399332034053978&amp;fa=1&amp;ifi=4&amp;uci=a!4&amp;btvi=2\" data-google-container-id=\"a!4\" tabindex=\"0\" title=\"Advertisement\" aria-label=\"Advertisement\" data-google-query-id=\"CO_0v4a1nokDFRxuRwEd2UoAtw\" data-load-complete=\"true\"></iframe>\n  (Session info: chrome=130.0.6723.58)\nStacktrace:\n#0 0x56261296f0aa <unknown>\n#1 0x5626124861a0 <unknown>\n#2 0x5626124d9896 <unknown>\n#3 0x5626124d782d <unknown>\n#4 0x5626124d52d7 <unknown>\n#5 0x5626124d46f1 <unknown>\n#6 0x5626124c7cf8 <unknown>\n#7 0x5626124f6d82 <unknown>\n#8 0x5626124c76d8 <unknown>\n#9 0x5626124f6f4e <unknown>\n#10 0x562612515866 <unknown>\n#11 0x5626124f6b23 <unknown>\n#12 0x5626124c5990 <unknown>\n#13 0x5626124c696e <unknown>\n#14 0x56261293b16b <unknown>\n#15 0x56261293ef68 <unknown>\n#16 0x56261292864c <unknown>\n#17 0x56261293fae7 <unknown>\n#18 0x56261290d4af <unknown>\n#19 0x56261295d4f8 <unknown>\n#20 0x56261295d6c0 <unknown>\n#21 0x56261296df26 <unknown>\n#22 0x7faa91e94ac3 <unknown>","statusTrace":"self = <test_sign_in.TestFailedLogin object at 0x7f05607969d0>\ndriver = <selenium.webdriver.chrome.webdriver.WebDriver (session=\"beac3e1d6e70a60b7fbc27035dcd0cc4\")>\nsign_in_page = <pages.sign_in_page.SignInPage object at 0x7f056069bc90>\nemail = 'teston120@mailinator.com', password = 'test#12p@ssword'\n\n    @allure.title('TC 03.02.02 to 03_02_10 Verify Error on Failed Login with invalid credentials')\n    @pytest.mark.parametrize('email, password', [LOGIN[i] for i in [1, 2, 6, 8, 9]])\n    def test_03_02_02_to_10_error_if_login_with_invalid_credentials(self, driver, sign_in_page, email, password):\n        \"\"\"Check error on Failed Login with invalid credentials, case-sensitive password and password with spaces\"\"\"\n>       sign_in_page.fill_in_email_field(email)\n\ntests/test_sign_in.py:271: \n_ _ _ _ _ _ _ _ _ _ _ _ _ _ _ _ _ _ _ _ _ _ _ _ _ _ _ _ _ _ _ _ _ _ _ _ _ _ _ _ \npages/sign_in_page.py:54: in fill_in_email_field\n    self.fill_in_field(self.check_customer_email_field_is_clickable(), email)\npages/base_page.py:319: in fill_in_field\n    input_field.click()\n/opt/hostedtoolcache/Python/3.11.10/x64/lib/python3.11/site-packages/selenium/webdriver/remote/webelement.py:93: in click\n    self._execute(Command.CLICK_ELEMENT)\n/opt/hostedtoolcache/Python/3.11.10/x64/lib/python3.11/site-packages/selenium/webdriver/remote/webelement.py:394: in _execute\n    return self._parent.execute(command, params)\n/opt/hostedtoolcache/Python/3.11.10/x64/lib/python3.11/site-packages/selenium/webdriver/remote/webdriver.py:344: in execute\n    self.error_handler.check_response(response)\n_ _ _ _ _ _ _ _ _ _ _ _ _ _ _ _ _ _ _ _ _ _ _ _ _ _ _ _ _ _ _ _ _ _ _ _ _ _ _ _ \n\nself = <selenium.webdriver.remote.errorhandler.ErrorHandler object at 0x7f0560688e50>\nresponse = {'status': 400, 'value': '{\"value\":{\"error\":\"element click intercepted\",\"message\":\"element click intercepted: Element ...\\\\n#20 0x56261295d6c0 \\\\u003Cunknown>\\\\n#21 0x56261296df26 \\\\u003Cunknown>\\\\n#22 0x7faa91e94ac3 \\\\u003Cunknown>\\\\n\"}}'}\n\n    def check_response(self, response: Dict[str, Any]) -> None:\n        \"\"\"Checks that a JSON response from the WebDriver does not have an\n        error.\n    \n        :Args:\n         - response - The JSON response from the WebDriver server as a dictionary\n           object.\n    \n        :Raises: If the response contains an error message.\n        \"\"\"\n        status = response.get(\"status\", None)\n        if not status or status == ErrorCode.SUCCESS:\n            return\n        value = None\n        message = response.get(\"message\", \"\")\n        screen: str = response.get(\"screen\", \"\")\n        stacktrace = None\n        if isinstance(status, int):\n            value_json = response.get(\"value\", None)\n            if value_json and isinstance(value_json, str):\n                import json\n    \n                try:\n                    value = json.loads(value_json)\n                    if len(value) == 1:\n                        value = value[\"value\"]\n                    status = value.get(\"error\", None)\n                    if not status:\n                        status = value.get(\"status\", ErrorCode.UNKNOWN_ERROR)\n                        message = value.get(\"value\") or value.get(\"message\")\n                        if not isinstance(message, str):\n                            value = message\n                            message = message.get(\"message\")\n                    else:\n                        message = value.get(\"message\", None)\n                except ValueError:\n                    pass\n    \n        exception_class: Type[WebDriverException]\n        e = ErrorCode()\n        error_codes = [item for item in dir(e) if not item.startswith(\"__\")]\n        for error_code in error_codes:\n            error_info = getattr(ErrorCode, error_code)\n            if isinstance(error_info, list) and status in error_info:\n                exception_class = getattr(ExceptionMapping, error_code, WebDriverException)\n                break\n        else:\n            exception_class = WebDriverException\n    \n        if not value:\n            value = response[\"value\"]\n        if isinstance(value, str):\n            raise exception_class(value)\n        if message == \"\" and \"message\" in value:\n            message = value[\"message\"]\n    \n        screen = None  # type: ignore[assignment]\n        if \"screen\" in value:\n            screen = value[\"screen\"]\n    \n        stacktrace = None\n        st_value = value.get(\"stackTrace\") or value.get(\"stacktrace\")\n        if st_value:\n            if isinstance(st_value, str):\n                stacktrace = st_value.split(\"\\n\")\n            else:\n                stacktrace = []\n                try:\n                    for frame in st_value:\n                        line = frame.get(\"lineNumber\", \"\")\n                        file = frame.get(\"fileName\", \"<anonymous>\")\n                        if line:\n                            file = f\"{file}:{line}\"\n                        meth = frame.get(\"methodName\", \"<anonymous>\")\n                        if \"className\" in frame:\n                            meth = f\"{frame['className']}.{meth}\"\n                        msg = \"    at %s (%s)\"\n                        msg = msg % (meth, file)\n                        stacktrace.append(msg)\n                except TypeError:\n                    pass\n        if exception_class == UnexpectedAlertPresentException:\n            alert_text = None\n            if \"data\" in value:\n                alert_text = value[\"data\"].get(\"text\")\n            elif \"alert\" in value:\n                alert_text = value[\"alert\"].get(\"text\")\n            raise exception_class(message, screen, stacktrace, alert_text)  # type: ignore[call-arg]  # mypy is not smart enough here\n>       raise exception_class(message, screen, stacktrace)\nE       selenium.common.exceptions.ElementClickInterceptedException: Message: element click intercepted: Element <input name=\"login[username]\" value=\"\" autocomplete=\"off\" id=\"email\" type=\"email\" class=\"input-text\" title=\"Email\" data-validate=\"{required:true, 'validate-email':true}\" aria-required=\"true\"> is not clickable at point (560, 767). Other element would receive the click: <iframe id=\"aswift_3\" name=\"aswift_3\" browsingtopics=\"true\" style=\"width: 1005px !important; height: 124px !important; display: block; margin: 0px auto;\" sandbox=\"allow-forms allow-popups allow-popups-to-escape-sandbox allow-same-origin allow-scripts allow-top-navigation-by-user-activation\" width=\"1005\" height=\"124\" frameborder=\"0\" marginwidth=\"0\" marginheight=\"0\" vspace=\"0\" hspace=\"0\" allowtransparency=\"true\" scrolling=\"no\" allow=\"attribution-reporting; run-ad-auction\" src=\"https://googleads.g.doubleclick.net/pagead/html/r20241014/r20190131/zrt_lookup_fy2021.html#RS-0-&amp;adk=1812271801&amp;client=ca-pub-7399332034053978&amp;fa=1&amp;ifi=4&amp;uci=a!4&amp;btvi=2\" data-google-container-id=\"a!4\" tabindex=\"0\" title=\"Advertisement\" aria-label=\"Advertisement\" data-google-query-id=\"CO_0v4a1nokDFRxuRwEd2UoAtw\" data-load-complete=\"true\"></iframe>\nE         (Session info: chrome=130.0.6723.58)\nE       Stacktrace:\nE       #0 0x56261296f0aa <unknown>\nE       #1 0x5626124861a0 <unknown>\nE       #2 0x5626124d9896 <unknown>\nE       #3 0x5626124d782d <unknown>\nE       #4 0x5626124d52d7 <unknown>\nE       #5 0x5626124d46f1 <unknown>\nE       #6 0x5626124c7cf8 <unknown>\nE       #7 0x5626124f6d82 <unknown>\nE       #8 0x5626124c76d8 <unknown>\nE       #9 0x5626124f6f4e <unknown>\nE       #10 0x562612515866 <unknown>\nE       #11 0x5626124f6b23 <unknown>\nE       #12 0x5626124c5990 <unknown>\nE       #13 0x5626124c696e <unknown>\nE       #14 0x56261293b16b <unknown>\nE       #15 0x56261293ef68 <unknown>\nE       #16 0x56261292864c <unknown>\nE       #17 0x56261293fae7 <unknown>\nE       #18 0x56261290d4af <unknown>\nE       #19 0x56261295d4f8 <unknown>\nE       #20 0x56261295d6c0 <unknown>\nE       #21 0x56261296df26 <unknown>\nE       #22 0x7faa91e94ac3 <unknown>\n\n/opt/hostedtoolcache/Python/3.11.10/x64/lib/python3.11/site-packages/selenium/webdriver/remote/errorhandler.py:229: ElementClickInterceptedException","steps":[{"name":"Fill in Email field","time":{"start":1729477321421,"stop":1729477322623,"duration":1202},"status":"broken","statusMessage":"selenium.common.exceptions.ElementClickInterceptedException: Message: element click intercepted: Element <input name=\"login[username]\" value=\"\" autocomplete=\"off\" id=\"email\" type=\"email\" class=\"input-text\" title=\"Email\" data-validate=\"{required:true, 'validate-email':true}\" aria-required=\"true\"> is not clickable at point (560, 767). Other element would receive the click: <iframe id=\"aswift_3\" name=\"aswift_3\" browsingtopics=\"true\" style=\"width: 1005px !important; height: 124px !important; display: block; margin: 0px auto;\" sandbox=\"allow-forms allow-popups allow-popups-to-escape-sandbox allow-same-origin allow-scripts allow-top-navigation-by-user-activation\" width=\"1005\" height=\"124\" frameborder=\"0\" marginwidth=\"0\" marginheight=\"0\" vspace=\"0\" hspace=\"0\" allowtransparency=\"true\" scrolling=\"no\" allow=\"attribution-reporting; run-ad-auction\" src=\"https://googleads.g.doubleclick.net/pagead/html/r20241014/r20190131/zrt_lookup_fy2021.html#RS-0-&amp;adk=1812271801&amp;client=ca-pub-7399332034053978&amp;fa=1&amp;ifi=4&amp;uci=a!4&amp;btvi=2\" data-google-container-id=\"a!4\" tabindex=\"0\" title=\"Advertisement\" aria-label=\"Advertisement\" data-google-query-id=\"CO_0v4a1nokDFRxuRwEd2UoAtw\" data-load-complete=\"true\"></iframe>\n  (Session info: chrome=130.0.6723.58)\nStacktrace:\n#0 0x56261296f0aa <unknown>\n#1 0x5626124861a0 <unknown>\n#2 0x5626124d9896 <unknown>\n#3 0x5626124d782d <unknown>\n#4 0x5626124d52d7 <unknown>\n#5 0x5626124d46f1 <unknown>\n#6 0x5626124c7cf8 <unknown>\n#7 0x5626124f6d82 <unknown>\n#8 0x5626124c76d8 <unknown>\n#9 0x5626124f6f4e <unknown>\n#10 0x562612515866 <unknown>\n#11 0x5626124f6b23 <unknown>\n#12 0x5626124c5990 <unknown>\n#13 0x5626124c696e <unknown>\n#14 0x56261293b16b <unknown>\n#15 0x56261293ef68 <unknown>\n#16 0x56261292864c <unknown>\n#17 0x56261293fae7 <unknown>\n#18 0x56261290d4af <unknown>\n#19 0x56261295d4f8 <unknown>\n#20 0x56261295d6c0 <unknown>\n#21 0x56261296df26 <unknown>\n#22 0x7faa91e94ac3 <unknown>\n\n","statusTrace":"  File \"/opt/hostedtoolcache/Python/3.11.10/x64/lib/python3.11/site-packages/allure_commons/_allure.py\", line 192, in impl\n    return func(*a, **kw)\n           ^^^^^^^^^^^^^^\n  File \"/home/runner/work/luma_project/luma_project/pages/sign_in_page.py\", line 54, in fill_in_email_field\n    self.fill_in_field(self.check_customer_email_field_is_clickable(), email)\n  File \"/opt/hostedtoolcache/Python/3.11.10/x64/lib/python3.11/site-packages/allure_commons/_allure.py\", line 192, in impl\n    return func(*a, **kw)\n           ^^^^^^^^^^^^^^\n  File \"/home/runner/work/luma_project/luma_project/pages/base_page.py\", line 319, in fill_in_field\n    input_field.click()\n  File \"/opt/hostedtoolcache/Python/3.11.10/x64/lib/python3.11/site-packages/selenium/webdriver/remote/webelement.py\", line 93, in click\n    self._execute(Command.CLICK_ELEMENT)\n  File \"/opt/hostedtoolcache/Python/3.11.10/x64/lib/python3.11/site-packages/selenium/webdriver/remote/webelement.py\", line 394, in _execute\n    return self._parent.execute(command, params)\n           ^^^^^^^^^^^^^^^^^^^^^^^^^^^^^^^^^^^^^\n  File \"/opt/hostedtoolcache/Python/3.11.10/x64/lib/python3.11/site-packages/selenium/webdriver/remote/webdriver.py\", line 344, in execute\n    self.error_handler.check_response(response)\n  File \"/opt/hostedtoolcache/Python/3.11.10/x64/lib/python3.11/site-packages/selenium/webdriver/remote/errorhandler.py\", line 229, in check_response\n    raise exception_class(message, screen, stacktrace)\n","steps":[{"name":"Check Email field is clickable","time":{"start":1729477321421,"stop":1729477321452,"duration":31},"status":"passed","steps":[{"name":"Find clickable elements","time":{"start":1729477321421,"stop":1729477321452,"duration":31},"status":"passed","steps":[],"attachments":[],"parameters":[{"name":"locator","value":"('css selector', '#email')"},{"name":"timeout","value":"5"}],"shouldDisplayMessage":false,"stepsCount":0,"attachmentsCount":0,"hasContent":true,"attachmentStep":false}],"attachments":[],"parameters":[],"shouldDisplayMessage":false,"stepsCount":1,"attachmentsCount":0,"hasContent":true,"attachmentStep":false},{"name":"Fill in a field","time":{"start":1729477321452,"stop":1729477322623,"duration":1171},"status":"broken","statusMessage":"selenium.common.exceptions.ElementClickInterceptedException: Message: element click intercepted: Element <input name=\"login[username]\" value=\"\" autocomplete=\"off\" id=\"email\" type=\"email\" class=\"input-text\" title=\"Email\" data-validate=\"{required:true, 'validate-email':true}\" aria-required=\"true\"> is not clickable at point (560, 767). Other element would receive the click: <iframe id=\"aswift_3\" name=\"aswift_3\" browsingtopics=\"true\" style=\"width: 1005px !important; height: 124px !important; display: block; margin: 0px auto;\" sandbox=\"allow-forms allow-popups allow-popups-to-escape-sandbox allow-same-origin allow-scripts allow-top-navigation-by-user-activation\" width=\"1005\" height=\"124\" frameborder=\"0\" marginwidth=\"0\" marginheight=\"0\" vspace=\"0\" hspace=\"0\" allowtransparency=\"true\" scrolling=\"no\" allow=\"attribution-reporting; run-ad-auction\" src=\"https://googleads.g.doubleclick.net/pagead/html/r20241014/r20190131/zrt_lookup_fy2021.html#RS-0-&amp;adk=1812271801&amp;client=ca-pub-7399332034053978&amp;fa=1&amp;ifi=4&amp;uci=a!4&amp;btvi=2\" data-google-container-id=\"a!4\" tabindex=\"0\" title=\"Advertisement\" aria-label=\"Advertisement\" data-google-query-id=\"CO_0v4a1nokDFRxuRwEd2UoAtw\" data-load-complete=\"true\"></iframe>\n  (Session info: chrome=130.0.6723.58)\nStacktrace:\n#0 0x56261296f0aa <unknown>\n#1 0x5626124861a0 <unknown>\n#2 0x5626124d9896 <unknown>\n#3 0x5626124d782d <unknown>\n#4 0x5626124d52d7 <unknown>\n#5 0x5626124d46f1 <unknown>\n#6 0x5626124c7cf8 <unknown>\n#7 0x5626124f6d82 <unknown>\n#8 0x5626124c76d8 <unknown>\n#9 0x5626124f6f4e <unknown>\n#10 0x562612515866 <unknown>\n#11 0x5626124f6b23 <unknown>\n#12 0x5626124c5990 <unknown>\n#13 0x5626124c696e <unknown>\n#14 0x56261293b16b <unknown>\n#15 0x56261293ef68 <unknown>\n#16 0x56261292864c <unknown>\n#17 0x56261293fae7 <unknown>\n#18 0x56261290d4af <unknown>\n#19 0x56261295d4f8 <unknown>\n#20 0x56261295d6c0 <unknown>\n#21 0x56261296df26 <unknown>\n#22 0x7faa91e94ac3 <unknown>\n\n","statusTrace":"  File \"/opt/hostedtoolcache/Python/3.11.10/x64/lib/python3.11/site-packages/allure_commons/_allure.py\", line 192, in impl\n    return func(*a, **kw)\n           ^^^^^^^^^^^^^^\n  File \"/home/runner/work/luma_project/luma_project/pages/base_page.py\", line 319, in fill_in_field\n    input_field.click()\n  File \"/opt/hostedtoolcache/Python/3.11.10/x64/lib/python3.11/site-packages/selenium/webdriver/remote/webelement.py\", line 93, in click\n    self._execute(Command.CLICK_ELEMENT)\n  File \"/opt/hostedtoolcache/Python/3.11.10/x64/lib/python3.11/site-packages/selenium/webdriver/remote/webelement.py\", line 394, in _execute\n    return self._parent.execute(command, params)\n           ^^^^^^^^^^^^^^^^^^^^^^^^^^^^^^^^^^^^^\n  File \"/opt/hostedtoolcache/Python/3.11.10/x64/lib/python3.11/site-packages/selenium/webdriver/remote/webdriver.py\", line 344, in execute\n    self.error_handler.check_response(response)\n  File \"/opt/hostedtoolcache/Python/3.11.10/x64/lib/python3.11/site-packages/selenium/webdriver/remote/errorhandler.py\", line 229, in check_response\n    raise exception_class(message, screen, stacktrace)\n","steps":[{"name":"Find clickable elements","time":{"start":1729477321453,"stop":1729477321468,"duration":15},"status":"passed","steps":[],"attachments":[],"parameters":[{"name":"locator","value":"<selenium.webdriver.remote.webelement.WebElement (session=\"beac3e1d6e70a60b7fbc27035dcd0cc4\", element=\"f.9B749855CA2DFBAB47532EE7174C2ED8.d.F216B311C0F223F685C62A5B05DD84A6.e.3\")>"},{"name":"timeout","value":"5"}],"shouldDisplayMessage":false,"stepsCount":0,"attachmentsCount":0,"hasContent":true,"attachmentStep":false}],"attachments":[],"parameters":[{"name":"locator","value":"<selenium.webdriver.remote.webelement.WebElement (session=\"beac3e1d6e70a60b7fbc27035dcd0cc4\", element=\"f.9B749855CA2DFBAB47532EE7174C2ED8.d.F216B311C0F223F685C62A5B05DD84A6.e.3\")>"},{"name":"value","value":"'teston120@mailinator.com'"}],"shouldDisplayMessage":true,"stepsCount":1,"attachmentsCount":0,"hasContent":true,"attachmentStep":false}],"attachments":[],"parameters":[{"name":"email","value":"'teston120@mailinator.com'"}],"shouldDisplayMessage":false,"stepsCount":4,"attachmentsCount":0,"hasContent":true,"attachmentStep":false}],"attachments":[{"uid":"943246e95bad5788","name":"Screenshot","source":"943246e95bad5788.png","type":"image/png","size":378093},{"uid":"124b201cedcc44e6","name":"HTML source","source":"124b201cedcc44e6.html","type":"text/html","size":132087}],"parameters":[],"shouldDisplayMessage":true,"stepsCount":5,"attachmentsCount":2,"hasContent":true,"attachmentStep":false},"afterStages":[{"name":"driver::0","time":{"start":1729477322812,"stop":1729477322888,"duration":76},"status":"passed","steps":[],"attachments":[],"parameters":[],"shouldDisplayMessage":false,"stepsCount":0,"attachmentsCount":0,"hasContent":false,"attachmentStep":false},{"name":"clear_allure_result_folder::0","time":{"start":1729477393378,"stop":1729477393378,"duration":0},"status":"passed","steps":[],"attachments":[],"parameters":[],"shouldDisplayMessage":false,"stepsCount":0,"attachmentsCount":0,"hasContent":false,"attachmentStep":false}],"labels":[{"name":"feature","value":"Failed Login Functionality"},{"name":"parentSuite","value":"tests"},{"name":"suite","value":"test_sign_in"},{"name":"subSuite","value":"TestFailedLogin"},{"name":"host","value":"fv-az1040-940"},{"name":"thread","value":"2810-MainThread"},{"name":"framework","value":"pytest"},{"name":"language","value":"cpython3"},{"name":"package","value":"tests.test_sign_in"},{"name":"resultFormat","value":"allure2"}],"parameters":[{"name":"email","value":"'teston120@mailinator.com'"},{"name":"password","value":"'test#12p@ssword'"}],"links":[],"hidden":false,"retry":false,"extra":{"severity":"normal","retries":[],"categories":[{"name":"Test defects","matchedStatuses":[],"flaky":false}],"history":{"statistic":{"failed":0,"broken":2,"skipped":0,"passed":0,"unknown":0,"total":2},"items":[{"uid":"fb52a0b3da0eac62","reportUrl":"https://verafes.github.io/luma_project/469//#testresult/fb52a0b3da0eac62","status":"broken","statusDetails":"selenium.common.exceptions.ElementClickInterceptedException: Message: element click intercepted: Element <input name=\"login[password]\" type=\"password\" autocomplete=\"off\" class=\"input-text\" id=\"pass\" title=\"Password\" data-validate=\"{required:true}\" aria-required=\"true\"> is not clickable at point (560, 845). Other element would receive the click: <div id=\"aswift_3_host\" style=\"border: none !important; height: 90px !important; width: 100% !important; margin: 0px !important; padding: 0px !important; position: relative !important; visibility: visible !important; background-color: transparent !important; display: inline-block !important; inset: auto !important; clear: none !important; float: none !important; max-height: none !important; max-width: none !important; opacity: 1 !important; overflow: visible !important; vertical-align: baseline !important; z-index: auto !important;\">...</div>\n  (Session info: chrome=130.0.6723.58)\nStacktrace:\n#0 0x562b3065c0aa <unknown>\n#1 0x562b301731a0 <unknown>\n#2 0x562b301c6896 <unknown>\n#3 0x562b301c482d <unknown>\n#4 0x562b301c22d7 <unknown>\n#5 0x562b301c16f1 <unknown>\n#6 0x562b301b4cf8 <unknown>\n#7 0x562b301e3d82 <unknown>\n#8 0x562b301b46d8 <unknown>\n#9 0x562b301e3f4e <unknown>\n#10 0x562b30202866 <unknown>\n#11 0x562b301e3b23 <unknown>\n#12 0x562b301b2990 <unknown>\n#13 0x562b301b396e <unknown>\n#14 0x562b3062816b <unknown>\n#15 0x562b3062bf68 <unknown>\n#16 0x562b3061564c <unknown>\n#17 0x562b3062cae7 <unknown>\n#18 0x562b305fa4af <unknown>\n#19 0x562b3064a4f8 <unknown>\n#20 0x562b3064a6c0 <unknown>\n#21 0x562b3065af26 <unknown>\n#22 0x7fefb4694ac3 <unknown>","time":{"start":1729390519565,"stop":1729390521010,"duration":1445}}]},"tags":[]},"source":"4e2c3d10f1855dad.json","parameterValues":["'teston120@mailinator.com'","'test#12p@ssword'"]}