{"uid":"c03ae7a0a3f11fb1","name":"tc 07.02.22 Verify subtotal in Summury Card: subtotal = price * qty and displayed correctly.","fullName":"tests.test_shopping_cart.TestShoppingCartFull#test_tc_07_02_22_verify_subtotal_displayed_correctly_in_summary_card","historyId":"a2797fdcb251487a396e7395ba0413f5","time":{"start":1702950271796,"stop":1702950271796,"duration":0},"description":"Verify subtotal in summary: subtotal = price * qty and displayed correctly.","descriptionHtml":"<p>Verify subtotal in summary: subtotal = price * qty and displayed correctly.</p>\n","status":"broken","statusMessage":"selenium.common.exceptions.TimeoutException: Message: \nStacktrace:\n#0 0x556178f19d33 <unknown>\n#1 0x556178bd6f87 <unknown>\n#2 0x556178c26c0e <unknown>\n#3 0x556178c26d11 <unknown>\n#4 0x556178c72004 <unknown>\n#5 0x556178c5036d <unknown>\n#6 0x556178c6f297 <unknown>\n#7 0x556178c500e3 <unknown>\n#8 0x556178c18044 <unknown>\n#9 0x556178c1944e <unknown>\n#10 0x556178ede861 <unknown>\n#11 0x556178ee2785 <unknown>\n#12 0x556178ecc285 <unknown>\n#13 0x556178ee341f <unknown>\n#14 0x556178eb020f <unknown>\n#15 0x556178f07028 <unknown>\n#16 0x556178f071f7 <unknown>\n#17 0x556178f18ed4 <unknown>\n#18 0x7f1dc1094ac3 <unknown>","statusTrace":"driver = <selenium.webdriver.chrome.webdriver.WebDriver (session=\"b043e830b11bd029451cc70437623161\")>\n\n    @pytest.fixture(scope=\"function\")\n    def full_cart_page(driver):\n        driver.get(ITEM_CART_URL)\n        size_button = wait(driver, 5).until(EC.presence_of_element_located(shopping_locators.SIZE_BUTTON))\n        size_button.click()\n        color_button = wait(driver, 3).until(EC.presence_of_element_located(shopping_locators.COLOR_BUTTON))\n        color_button.click()\n        add_to_cart_button = wait(driver, 3).until(EC.presence_of_element_located(shopping_locators.ADD_TO_CART_BUTTON))\n        add_to_cart_button.click()\n>       wait(driver, 5).until(EC.presence_of_element_located(shopping_locators.SHOPPING_CART_LINK))\n\ntests/test_shopping_cart.py:19: \n_ _ _ _ _ _ _ _ _ _ _ _ _ _ _ _ _ _ _ _ _ _ _ _ _ _ _ _ _ _ _ _ _ _ _ _ _ _ _ _ \n\nself = <selenium.webdriver.support.wait.WebDriverWait (session=\"b043e830b11bd029451cc70437623161\")>\nmethod = <function presence_of_element_located.<locals>._predicate at 0x7f82a94ed620>\nmessage = ''\n\n    def until(self, method, message: str = \"\"):\n        \"\"\"Calls the method provided with the driver as an argument until the \\\n        return value does not evaluate to ``False``.\n    \n        :param method: callable(WebDriver)\n        :param message: optional message for :exc:`TimeoutException`\n        :returns: the result of the last call to `method`\n        :raises: :exc:`selenium.common.exceptions.TimeoutException` if timeout occurs\n        \"\"\"\n        screen = None\n        stacktrace = None\n    \n        end_time = time.monotonic() + self._timeout\n        while True:\n            try:\n                value = method(self._driver)\n                if value:\n                    return value\n            except self._ignored_exceptions as exc:\n                screen = getattr(exc, \"screen\", None)\n                stacktrace = getattr(exc, \"stacktrace\", None)\n            time.sleep(self._poll)\n            if time.monotonic() > end_time:\n                break\n>       raise TimeoutException(message, screen, stacktrace)\nE       selenium.common.exceptions.TimeoutException: Message: \nE       Stacktrace:\nE       #0 0x556178f19d33 <unknown>\nE       #1 0x556178bd6f87 <unknown>\nE       #2 0x556178c26c0e <unknown>\nE       #3 0x556178c26d11 <unknown>\nE       #4 0x556178c72004 <unknown>\nE       #5 0x556178c5036d <unknown>\nE       #6 0x556178c6f297 <unknown>\nE       #7 0x556178c500e3 <unknown>\nE       #8 0x556178c18044 <unknown>\nE       #9 0x556178c1944e <unknown>\nE       #10 0x556178ede861 <unknown>\nE       #11 0x556178ee2785 <unknown>\nE       #12 0x556178ecc285 <unknown>\nE       #13 0x556178ee341f <unknown>\nE       #14 0x556178eb020f <unknown>\nE       #15 0x556178f07028 <unknown>\nE       #16 0x556178f071f7 <unknown>\nE       #17 0x556178f18ed4 <unknown>\nE       #18 0x7f1dc1094ac3 <unknown>\n\n/opt/hostedtoolcache/Python/3.11.7/x64/lib/python3.11/site-packages/selenium/webdriver/support/wait.py:95: TimeoutException","flaky":false,"newFailed":false,"newBroken":false,"newPassed":false,"retriesCount":0,"retriesStatusChange":false,"beforeStages":[{"name":"_session_faker","time":{"start":1702948370000,"stop":1702948370070,"duration":70},"status":"passed","steps":[],"attachments":[],"parameters":[],"shouldDisplayMessage":false,"stepsCount":0,"attachmentsCount":0,"hasContent":false,"attachmentStep":false},{"name":"clear_allure_result_folder","time":{"start":1702948370070,"stop":1702948370071,"duration":1},"status":"passed","steps":[],"attachments":[],"parameters":[],"shouldDisplayMessage":false,"stepsCount":0,"attachmentsCount":0,"hasContent":false,"attachmentStep":false},{"name":"driver","time":{"start":1702950271797,"stop":1702950272754,"duration":957},"status":"passed","steps":[],"attachments":[],"parameters":[],"shouldDisplayMessage":false,"stepsCount":0,"attachmentsCount":0,"hasContent":false,"attachmentStep":false},{"name":"full_cart_page","time":{"start":1702950272754,"stop":1702950280785,"duration":8031},"status":"broken","statusMessage":"selenium.common.exceptions.TimeoutException: Message: \nStacktrace:\n#0 0x556178f19d33 <unknown>\n#1 0x556178bd6f87 <unknown>\n#2 0x556178c26c0e <unknown>\n#3 0x556178c26d11 <unknown>\n#4 0x556178c72004 <unknown>\n#5 0x556178c5036d <unknown>\n#6 0x556178c6f297 <unknown>\n#7 0x556178c500e3 <unknown>\n#8 0x556178c18044 <unknown>\n#9 0x556178c1944e <unknown>\n#10 0x556178ede861 <unknown>\n#11 0x556178ee2785 <unknown>\n#12 0x556178ecc285 <unknown>\n#13 0x556178ee341f <unknown>\n#14 0x556178eb020f <unknown>\n#15 0x556178f07028 <unknown>\n#16 0x556178f071f7 <unknown>\n#17 0x556178f18ed4 <unknown>\n#18 0x7f1dc1094ac3 <unknown>\n\n","statusTrace":"  File \"/opt/hostedtoolcache/Python/3.11.7/x64/lib/python3.11/site-packages/pluggy/_callers.py\", line 77, in _multicall\n    res = hook_impl.function(*args)\n          ^^^^^^^^^^^^^^^^^^^^^^^^^\n  File \"/opt/hostedtoolcache/Python/3.11.7/x64/lib/python3.11/site-packages/_pytest/fixtures.py\", line 1123, in pytest_fixture_setup\n    result = call_fixture_func(fixturefunc, request, kwargs)\n             ^^^^^^^^^^^^^^^^^^^^^^^^^^^^^^^^^^^^^^^^^^^^^^^\n  File \"/opt/hostedtoolcache/Python/3.11.7/x64/lib/python3.11/site-packages/_pytest/fixtures.py\", line 902, in call_fixture_func\n    fixture_result = fixturefunc(**kwargs)\n                     ^^^^^^^^^^^^^^^^^^^^^\n  File \"/home/runner/work/luma_project/luma_project/tests/test_shopping_cart.py\", line 19, in full_cart_page\n    wait(driver, 5).until(EC.presence_of_element_located(shopping_locators.SHOPPING_CART_LINK))\n  File \"/opt/hostedtoolcache/Python/3.11.7/x64/lib/python3.11/site-packages/selenium/webdriver/support/wait.py\", line 95, in until\n    raise TimeoutException(message, screen, stacktrace)\n","steps":[],"attachments":[],"parameters":[],"shouldDisplayMessage":true,"stepsCount":0,"attachmentsCount":0,"hasContent":true,"attachmentStep":false}],"afterStages":[{"name":"driver::0","time":{"start":1702950280792,"stop":1702950280861,"duration":69},"status":"passed","steps":[],"attachments":[],"parameters":[],"shouldDisplayMessage":false,"stepsCount":0,"attachmentsCount":0,"hasContent":false,"attachmentStep":false},{"name":"clear_allure_result_folder::0","time":{"start":1702950850726,"stop":1702950850726,"duration":0},"status":"passed","steps":[],"attachments":[],"parameters":[],"shouldDisplayMessage":false,"stepsCount":0,"attachmentsCount":0,"hasContent":false,"attachmentStep":false}],"labels":[{"name":"feature","value":"Shopping Cart is full"},{"name":"parentSuite","value":"tests"},{"name":"suite","value":"test_shopping_cart"},{"name":"subSuite","value":"TestShoppingCartFull"},{"name":"host","value":"fv-az1429-529"},{"name":"thread","value":"3173-MainThread"},{"name":"framework","value":"pytest"},{"name":"language","value":"cpython3"},{"name":"package","value":"tests.test_shopping_cart"},{"name":"resultFormat","value":"allure2"}],"parameters":[],"links":[],"hidden":false,"retry":false,"extra":{"severity":"normal","retries":[],"categories":[{"name":"Test defects","matchedStatuses":[],"flaky":false}],"history":{"statistic":{"failed":0,"broken":2,"skipped":0,"passed":1,"unknown":0,"total":3},"items":[{"uid":"ecc0974b3894157f","reportUrl":"https://verafes.github.io/luma_project/162//#testresult/ecc0974b3894157f","status":"broken","statusDetails":"selenium.common.exceptions.TimeoutException: Message: \nStacktrace:\n#0 0x55ef68d76d33 <unknown>\n#1 0x55ef68a33f87 <unknown>\n#2 0x55ef68a83c0e <unknown>\n#3 0x55ef68a83d11 <unknown>\n#4 0x55ef68acf004 <unknown>\n#5 0x55ef68aad36d <unknown>\n#6 0x55ef68acc297 <unknown>\n#7 0x55ef68aad0e3 <unknown>\n#8 0x55ef68a75044 <unknown>\n#9 0x55ef68a7644e <unknown>\n#10 0x55ef68d3b861 <unknown>\n#11 0x55ef68d3f785 <unknown>\n#12 0x55ef68d29285 <unknown>\n#13 0x55ef68d4041f <unknown>\n#14 0x55ef68d0d20f <unknown>\n#15 0x55ef68d64028 <unknown>\n#16 0x55ef68d641f7 <unknown>\n#17 0x55ef68d75ed4 <unknown>\n#18 0x7f2481a94ac3 <unknown>","time":{"start":1702863867923,"stop":1702863867923,"duration":0}},{"uid":"bdb27807ec1dd634","reportUrl":"https://verafes.github.io/luma_project/161//#testresult/bdb27807ec1dd634","status":"passed","time":{"start":1702777038756,"stop":1702777043019,"duration":4263}}]},"tags":[]},"source":"c03ae7a0a3f11fb1.json","parameterValues":[]}