{"uid":"e191bae0baf36ef0","name":"Check the transition to the page my wish after clicking on the button. User is not authorized","fullName":"tests.test_main_page.TestHotSellerSection#test_06_01_17_check_the_transition_to_the_page_my_wish_after_click_on_the_button","historyId":"0a4f97c306f2cceb030ba035cd56202a","time":{"start":1700788929973,"stop":1700788941648,"duration":11675},"description":"\n            This test will check that after clicking on the add to wishlist button,\n            you are redirected to the My Wishlist page\n            User is not authorized\n            ","descriptionHtml":"<pre><code>        This test will check that after clicking on the add to wishlist button,\n        you are redirected to the My Wishlist page\n        User is not authorized\n</code></pre>\n","status":"skipped","statusMessage":"XFAIL In CI, there is no transition to the user registration page, so the test fails\n\nselenium.common.exceptions.TimeoutException: Message:","statusTrace":"self = <test_main_page.TestMainPage.TestHotSellerSection object at 0x7fc5bc3e8d10>\ndriver = <selenium.webdriver.chrome.webdriver.WebDriver (session=\"29f3f9859529fd169d47d65a0c119779\")>\n\n    @pytest.mark.xfail(reason=\"In CI, there is no transition to the user registration page, so the test fails\")\n    @allure.title(\"Check the transition to the page my wish after clicking on the button. User is not authorized\")\n    def test_06_01_17_check_the_transition_to_the_page_my_wish_after_click_on_the_button(self, driver):\n        \"\"\"\n        This test will check that after clicking on the add to wishlist button,\n        you are redirected to the My Wishlist page\n        User is not authorized\n        \"\"\"\n        page = MainPage(driver, MAIN_PAGE_URL)\n        page.open()\n>       error_message_text = page.check_the_transition_to_the_page_my_wish_after_click_on_the_button()\n\ntests/test_main_page.py:109: \n_ _ _ _ _ _ _ _ _ _ _ _ _ _ _ _ _ _ _ _ _ _ _ _ _ _ _ _ _ _ _ _ _ _ _ _ _ _ _ _ \npages/main_page.py:137: in check_the_transition_to_the_page_my_wish_after_click_on_the_button\n    button = self.element_is_visible(self.locators.PRODUCT_CARD_BUTTONS[\"add_to_wish_list\"])\npages/base_page.py:30: in element_is_visible\n    return wait(self.driver, timeout).until(EC.visibility_of_element_located(locator))\n_ _ _ _ _ _ _ _ _ _ _ _ _ _ _ _ _ _ _ _ _ _ _ _ _ _ _ _ _ _ _ _ _ _ _ _ _ _ _ _ \n\nself = <selenium.webdriver.support.wait.WebDriverWait (session=\"29f3f9859529fd169d47d65a0c119779\")>\nmethod = <function visibility_of_element_located.<locals>._predicate at 0x7fc5be232e80>\nmessage = ''\n\n    def until(self, method, message: str = \"\"):\n        \"\"\"Calls the method provided with the driver as an argument until the \\\n        return value does not evaluate to ``False``.\n    \n        :param method: callable(WebDriver)\n        :param message: optional message for :exc:`TimeoutException`\n        :returns: the result of the last call to `method`\n        :raises: :exc:`selenium.common.exceptions.TimeoutException` if timeout occurs\n        \"\"\"\n        screen = None\n        stacktrace = None\n    \n        end_time = time.monotonic() + self._timeout\n        while True:\n            try:\n                value = method(self._driver)\n                if value:\n                    return value\n            except self._ignored_exceptions as exc:\n                screen = getattr(exc, \"screen\", None)\n                stacktrace = getattr(exc, \"stacktrace\", None)\n            time.sleep(self._poll)\n            if time.monotonic() > end_time:\n                break\n>       raise TimeoutException(message, screen, stacktrace)\nE       selenium.common.exceptions.TimeoutException: Message:\n\n/opt/hostedtoolcache/Python/3.11.6/x64/lib/python3.11/site-packages/selenium/webdriver/support/wait.py:95: TimeoutException","flaky":false,"newFailed":false,"newBroken":false,"newPassed":false,"retriesCount":0,"retriesStatusChange":false,"beforeStages":[{"name":"_session_faker","time":{"start":1700788258601,"stop":1700788258663,"duration":62},"status":"passed","steps":[],"attachments":[],"parameters":[],"shouldDisplayMessage":false,"stepsCount":0,"attachmentsCount":0,"hasContent":false},{"name":"clear_allure_result_folder","time":{"start":1700788258663,"stop":1700788258663,"duration":0},"status":"passed","steps":[],"attachments":[],"parameters":[],"shouldDisplayMessage":false,"stepsCount":0,"attachmentsCount":0,"hasContent":false},{"name":"driver","time":{"start":1700788929026,"stop":1700788929972,"duration":946},"status":"passed","steps":[],"attachments":[],"parameters":[],"shouldDisplayMessage":false,"stepsCount":0,"attachmentsCount":0,"hasContent":false}],"testStage":{"description":"\n            This test will check that after clicking on the add to wishlist button,\n            you are redirected to the My Wishlist page\n            User is not authorized\n            ","status":"skipped","statusMessage":"XFAIL In CI, there is no transition to the user registration page, so the test fails\n\nselenium.common.exceptions.TimeoutException: Message:","statusTrace":"self = <test_main_page.TestMainPage.TestHotSellerSection object at 0x7fc5bc3e8d10>\ndriver = <selenium.webdriver.chrome.webdriver.WebDriver (session=\"29f3f9859529fd169d47d65a0c119779\")>\n\n    @pytest.mark.xfail(reason=\"In CI, there is no transition to the user registration page, so the test fails\")\n    @allure.title(\"Check the transition to the page my wish after clicking on the button. User is not authorized\")\n    def test_06_01_17_check_the_transition_to_the_page_my_wish_after_click_on_the_button(self, driver):\n        \"\"\"\n        This test will check that after clicking on the add to wishlist button,\n        you are redirected to the My Wishlist page\n        User is not authorized\n        \"\"\"\n        page = MainPage(driver, MAIN_PAGE_URL)\n        page.open()\n>       error_message_text = page.check_the_transition_to_the_page_my_wish_after_click_on_the_button()\n\ntests/test_main_page.py:109: \n_ _ _ _ _ _ _ _ _ _ _ _ _ _ _ _ _ _ _ _ _ _ _ _ _ _ _ _ _ _ _ _ _ _ _ _ _ _ _ _ \npages/main_page.py:137: in check_the_transition_to_the_page_my_wish_after_click_on_the_button\n    button = self.element_is_visible(self.locators.PRODUCT_CARD_BUTTONS[\"add_to_wish_list\"])\npages/base_page.py:30: in element_is_visible\n    return wait(self.driver, timeout).until(EC.visibility_of_element_located(locator))\n_ _ _ _ _ _ _ _ _ _ _ _ _ _ _ _ _ _ _ _ _ _ _ _ _ _ _ _ _ _ _ _ _ _ _ _ _ _ _ _ \n\nself = <selenium.webdriver.support.wait.WebDriverWait (session=\"29f3f9859529fd169d47d65a0c119779\")>\nmethod = <function visibility_of_element_located.<locals>._predicate at 0x7fc5be232e80>\nmessage = ''\n\n    def until(self, method, message: str = \"\"):\n        \"\"\"Calls the method provided with the driver as an argument until the \\\n        return value does not evaluate to ``False``.\n    \n        :param method: callable(WebDriver)\n        :param message: optional message for :exc:`TimeoutException`\n        :returns: the result of the last call to `method`\n        :raises: :exc:`selenium.common.exceptions.TimeoutException` if timeout occurs\n        \"\"\"\n        screen = None\n        stacktrace = None\n    \n        end_time = time.monotonic() + self._timeout\n        while True:\n            try:\n                value = method(self._driver)\n                if value:\n                    return value\n            except self._ignored_exceptions as exc:\n                screen = getattr(exc, \"screen\", None)\n                stacktrace = getattr(exc, \"stacktrace\", None)\n            time.sleep(self._poll)\n            if time.monotonic() > end_time:\n                break\n>       raise TimeoutException(message, screen, stacktrace)\nE       selenium.common.exceptions.TimeoutException: Message:\n\n/opt/hostedtoolcache/Python/3.11.6/x64/lib/python3.11/site-packages/selenium/webdriver/support/wait.py:95: TimeoutException","steps":[{"name":"Open a browser","time":{"start":1700788929973,"stop":1700788931086,"duration":1113},"status":"passed","steps":[],"attachments":[],"parameters":[],"shouldDisplayMessage":false,"stepsCount":0,"attachmentsCount":0,"hasContent":false},{"name":"Check the transition to the page my desires when clicking on the button. User is not authorized","time":{"start":1700788931086,"stop":1700788941648,"duration":10562},"status":"broken","statusMessage":"selenium.common.exceptions.TimeoutException: Message: \n\n","statusTrace":"  File \"/opt/hostedtoolcache/Python/3.11.6/x64/lib/python3.11/site-packages/allure_commons/_allure.py\", line 192, in impl\n    return func(*a, **kw)\n           ^^^^^^^^^^^^^^\n  File \"/home/runner/work/luma_project/luma_project/pages/main_page.py\", line 137, in check_the_transition_to_the_page_my_wish_after_click_on_the_button\n    button = self.element_is_visible(self.locators.PRODUCT_CARD_BUTTONS[\"add_to_wish_list\"])\n             ^^^^^^^^^^^^^^^^^^^^^^^^^^^^^^^^^^^^^^^^^^^^^^^^^^^^^^^^^^^^^^^^^^^^^^^^^^^^^^^\n  File \"/opt/hostedtoolcache/Python/3.11.6/x64/lib/python3.11/site-packages/allure_commons/_allure.py\", line 192, in impl\n    return func(*a, **kw)\n           ^^^^^^^^^^^^^^\n  File \"/home/runner/work/luma_project/luma_project/pages/base_page.py\", line 30, in element_is_visible\n    return wait(self.driver, timeout).until(EC.visibility_of_element_located(locator))\n           ^^^^^^^^^^^^^^^^^^^^^^^^^^^^^^^^^^^^^^^^^^^^^^^^^^^^^^^^^^^^^^^^^^^^^^^^^^^\n  File \"/opt/hostedtoolcache/Python/3.11.6/x64/lib/python3.11/site-packages/selenium/webdriver/support/wait.py\", line 95, in until\n    raise TimeoutException(message, screen, stacktrace)\n","steps":[{"name":"Find a visible element","time":{"start":1700788931086,"stop":1700788931127,"duration":41},"status":"passed","steps":[{"name":"Find a present element","time":{"start":1700788931086,"stop":1700788931099,"duration":13},"status":"passed","steps":[],"attachments":[],"parameters":[{"name":"locator","value":"('css selector', \"li[class='product-item']:nth-child(5) div[class='product-item-info']\")"},{"name":"timeout","value":"5"}],"shouldDisplayMessage":false,"stepsCount":0,"attachmentsCount":0,"hasContent":true},{"name":"Go to specified element","time":{"start":1700788931099,"stop":1700788931107,"duration":8},"status":"passed","steps":[],"attachments":[],"parameters":[{"name":"element","value":"<selenium.webdriver.remote.webelement.WebElement (session=\"29f3f9859529fd169d47d65a0c119779\", element=\"19E0FC66DE6650FC1132B78F0AB6B192_element_8\")>"}],"shouldDisplayMessage":false,"stepsCount":0,"attachmentsCount":0,"hasContent":true}],"attachments":[],"parameters":[{"name":"locator","value":"('css selector', \"li[class='product-item']:nth-child(5) div[class='product-item-info']\")"},{"name":"timeout","value":"10"}],"shouldDisplayMessage":false,"stepsCount":2,"attachmentsCount":0,"hasContent":true},{"name":"Move cursor to element","time":{"start":1700788931128,"stop":1700788931387,"duration":259},"status":"passed","steps":[],"attachments":[],"parameters":[{"name":"element","value":"<selenium.webdriver.remote.webelement.WebElement (session=\"29f3f9859529fd169d47d65a0c119779\", element=\"19E0FC66DE6650FC1132B78F0AB6B192_element_8\")>"}],"shouldDisplayMessage":false,"stepsCount":0,"attachmentsCount":0,"hasContent":true},{"name":"Find a visible element","time":{"start":1700788931387,"stop":1700788941647,"duration":10260},"status":"broken","statusMessage":"selenium.common.exceptions.TimeoutException: Message: \n\n","statusTrace":"  File \"/opt/hostedtoolcache/Python/3.11.6/x64/lib/python3.11/site-packages/allure_commons/_allure.py\", line 192, in impl\n    return func(*a, **kw)\n           ^^^^^^^^^^^^^^\n  File \"/home/runner/work/luma_project/luma_project/pages/base_page.py\", line 30, in element_is_visible\n    return wait(self.driver, timeout).until(EC.visibility_of_element_located(locator))\n           ^^^^^^^^^^^^^^^^^^^^^^^^^^^^^^^^^^^^^^^^^^^^^^^^^^^^^^^^^^^^^^^^^^^^^^^^^^^\n  File \"/opt/hostedtoolcache/Python/3.11.6/x64/lib/python3.11/site-packages/selenium/webdriver/support/wait.py\", line 95, in until\n    raise TimeoutException(message, screen, stacktrace)\n","steps":[{"name":"Find a present element","time":{"start":1700788931387,"stop":1700788931395,"duration":8},"status":"passed","steps":[],"attachments":[],"parameters":[{"name":"locator","value":"('css selector', \"li[class='product-item']:nth-child(5) a[data-action='add-to-wishlist']\")"},{"name":"timeout","value":"5"}],"shouldDisplayMessage":false,"stepsCount":0,"attachmentsCount":0,"hasContent":true},{"name":"Go to specified element","time":{"start":1700788931395,"stop":1700788931400,"duration":5},"status":"passed","steps":[],"attachments":[],"parameters":[{"name":"element","value":"<selenium.webdriver.remote.webelement.WebElement (session=\"29f3f9859529fd169d47d65a0c119779\", element=\"19E0FC66DE6650FC1132B78F0AB6B192_element_10\")>"}],"shouldDisplayMessage":false,"stepsCount":0,"attachmentsCount":0,"hasContent":true}],"attachments":[],"parameters":[{"name":"locator","value":"('css selector', \"li[class='product-item']:nth-child(5) a[data-action='add-to-wishlist']\")"},{"name":"timeout","value":"10"}],"shouldDisplayMessage":true,"stepsCount":2,"attachmentsCount":0,"hasContent":true}],"attachments":[],"parameters":[],"shouldDisplayMessage":false,"stepsCount":7,"attachmentsCount":0,"hasContent":true}],"attachments":[{"uid":"3b735abd8a650850","name":"Screenshot","source":"3b735abd8a650850.png","type":"image/png","size":91666},{"uid":"2b3e55ebee88a5c9","name":"HTML source","source":"2b3e55ebee88a5c9.html","type":"text/html","size":116542}],"parameters":[],"shouldDisplayMessage":true,"stepsCount":9,"attachmentsCount":2,"hasContent":true},"afterStages":[{"name":"driver::0","time":{"start":1700788941805,"stop":1700788941872,"duration":67},"status":"passed","steps":[],"attachments":[],"parameters":[],"shouldDisplayMessage":false,"stepsCount":0,"attachmentsCount":0,"hasContent":false},{"name":"clear_allure_result_folder::0","time":{"start":1700789615527,"stop":1700789615527,"duration":0},"status":"passed","steps":[],"attachments":[],"parameters":[],"shouldDisplayMessage":false,"stepsCount":0,"attachmentsCount":0,"hasContent":false}],"labels":[{"name":"feature","value":"Testing Hot Seller Section"},{"name":"epic","value":"Main Page"},{"name":"tag","value":"@pytest.mark.xfail(reason='In CI, there is no transition to the user registration page, so the test fails')"},{"name":"parentSuite","value":"tests"},{"name":"suite","value":"test_main_page"},{"name":"subSuite","value":"TestMainPage"},{"name":"host","value":"fv-az775-644"},{"name":"thread","value":"3032-MainThread"},{"name":"framework","value":"pytest"},{"name":"language","value":"cpython3"},{"name":"package","value":"tests.test_main_page"},{"name":"resultFormat","value":"allure2"}],"parameters":[],"links":[],"hidden":false,"retry":false,"extra":{"severity":"normal","retries":[],"categories":[],"history":{"statistic":{"failed":0,"broken":0,"skipped":2,"passed":4,"unknown":0,"total":6},"items":[{"uid":"94c1c09bea1117e","reportUrl":"https://verafes.github.io/luma_project/137//#testresult/94c1c09bea1117e","status":"passed","statusDetails":"XPASS In CI, there is no transition to the user registration page, so the test fails","time":{"start":1700702574589,"stop":1700702577410,"duration":2821}},{"uid":"d0f117876adc14e7","reportUrl":"https://verafes.github.io/luma_project/136//#testresult/d0f117876adc14e7","status":"skipped","statusDetails":"XFAIL In CI, there is no transition to the user registration page, so the test fails\n\nselenium.common.exceptions.TimeoutException: Message:","time":{"start":1700616415243,"stop":1700616426768,"duration":11525}},{"uid":"aef3292876514944","reportUrl":"https://verafes.github.io/luma_project/135//#testresult/aef3292876514944","status":"passed","statusDetails":"XPASS In CI, there is no transition to the user registration page, so the test fails","time":{"start":1700529970713,"stop":1700529973895,"duration":3182}},{"uid":"fa624bfb2b9f163b","reportUrl":"https://verafes.github.io/luma_project/134//#testresult/fa624bfb2b9f163b","status":"passed","statusDetails":"XPASS In CI, there is no transition to the user registration page, so the test fails","time":{"start":1700443489489,"stop":1700443492711,"duration":3222}},{"uid":"8a1136492b70b0de","reportUrl":"https://verafes.github.io/luma_project/133//#testresult/8a1136492b70b0de","status":"passed","statusDetails":"XPASS In CI, there is no transition to the user registration page, so the test fails","time":{"start":1700357296736,"stop":1700357299768,"duration":3032}}]},"tags":["@pytest.mark.xfail(reason='In CI, there is no transition to the user registration page, so the test fails')"]},"source":"e191bae0baf36ef0.json","parameterValues":[]}