{"uid":"46e3819d801943f9","name":"TC 04_01_03 Verify presence of First name label and the required asterisk","fullName":"tests.test_create_an_account.TestCreateAnAccount#test_04_01_03_firstname_labeled","historyId":"b578e3d0c32b65f35f4162452f41215f","time":{"start":1728524238741,"stop":1728524243874,"duration":5133},"description":" Verify presence of First name label and the required asterisk ","descriptionHtml":"<p>Verify presence of First name label and the required asterisk</p>\n","status":"broken","statusMessage":"selenium.common.exceptions.TimeoutException: Message: \nStacktrace:\n#0 0x5622a148302a <unknown>\n#1 0x5622a11695e0 <unknown>\n#2 0x5622a11b8be8 <unknown>\n#3 0x5622a11b8e81 <unknown>\n#4 0x5622a11ff8c4 <unknown>\n#5 0x5622a11ddb4d <unknown>\n#6 0x5622a11fcd7d <unknown>\n#7 0x5622a11dd8c3 <unknown>\n#8 0x5622a11ab6b3 <unknown>\n#9 0x5622a11ac68e <unknown>\n#10 0x5622a144da2b <unknown>\n#11 0x5622a14519b1 <unknown>\n#12 0x5622a143a225 <unknown>\n#13 0x5622a1452532 <unknown>\n#14 0x5622a141f38f <unknown>\n#15 0x5622a1471f28 <unknown>\n#16 0x5622a14720f3 <unknown>\n#17 0x5622a1481e7c <unknown>\n#18 0x7f56c5a94ac3 <unknown>","statusTrace":"self = <test_create_an_account.TestCreateAnAccount object at 0x7fe2c96c8f10>\ncreate_account_page = <pages.create_an_account_page.CreateAccountPage object at 0x7fe2c87865d0>\n\n    @allure.title('TC 04_01_03 Verify presence of First name label and the required asterisk')\n    def test_04_01_03_firstname_labeled(self, create_account_page):\n        \"\"\" Verify presence of First name label and the required asterisk \"\"\"\n>       firstname_label = create_account_page.check_firstname_label()\n\ntests/test_create_an_account.py:35: \n_ _ _ _ _ _ _ _ _ _ _ _ _ _ _ _ _ _ _ _ _ _ _ _ _ _ _ _ _ _ _ _ _ _ _ _ _ _ _ _ \npages/create_an_account_page.py:30: in check_firstname_label\n    return self.element_is_visible(self.locators.FIRST_NAME_LABEL)\npages/base_page.py:29: in element_is_visible\n    self.go_to_element(self.element_is_present(locator))\npages/base_page.py:50: in element_is_present\n    return wait(self.driver, timeout).until(EC.presence_of_element_located(locator))\n_ _ _ _ _ _ _ _ _ _ _ _ _ _ _ _ _ _ _ _ _ _ _ _ _ _ _ _ _ _ _ _ _ _ _ _ _ _ _ _ \n\nself = <selenium.webdriver.support.wait.WebDriverWait (session=\"5f715a6a14e764c30950e15bff7ffbd1\")>\nmethod = <function presence_of_element_located.<locals>._predicate at 0x7fe2ca4dfc40>\nmessage = ''\n\n    def until(self, method, message: str = \"\"):\n        \"\"\"Calls the method provided with the driver as an argument until the \\\n        return value does not evaluate to ``False``.\n    \n        :param method: callable(WebDriver)\n        :param message: optional message for :exc:`TimeoutException`\n        :returns: the result of the last call to `method`\n        :raises: :exc:`selenium.common.exceptions.TimeoutException` if timeout occurs\n        \"\"\"\n        screen = None\n        stacktrace = None\n    \n        end_time = time.monotonic() + self._timeout\n        while True:\n            try:\n                value = method(self._driver)\n                if value:\n                    return value\n            except self._ignored_exceptions as exc:\n                screen = getattr(exc, \"screen\", None)\n                stacktrace = getattr(exc, \"stacktrace\", None)\n            time.sleep(self._poll)\n            if time.monotonic() > end_time:\n                break\n>       raise TimeoutException(message, screen, stacktrace)\nE       selenium.common.exceptions.TimeoutException: Message: \nE       Stacktrace:\nE       #0 0x5622a148302a <unknown>\nE       #1 0x5622a11695e0 <unknown>\nE       #2 0x5622a11b8be8 <unknown>\nE       #3 0x5622a11b8e81 <unknown>\nE       #4 0x5622a11ff8c4 <unknown>\nE       #5 0x5622a11ddb4d <unknown>\nE       #6 0x5622a11fcd7d <unknown>\nE       #7 0x5622a11dd8c3 <unknown>\nE       #8 0x5622a11ab6b3 <unknown>\nE       #9 0x5622a11ac68e <unknown>\nE       #10 0x5622a144da2b <unknown>\nE       #11 0x5622a14519b1 <unknown>\nE       #12 0x5622a143a225 <unknown>\nE       #13 0x5622a1452532 <unknown>\nE       #14 0x5622a141f38f <unknown>\nE       #15 0x5622a1471f28 <unknown>\nE       #16 0x5622a14720f3 <unknown>\nE       #17 0x5622a1481e7c <unknown>\nE       #18 0x7f56c5a94ac3 <unknown>\n\n/opt/hostedtoolcache/Python/3.11.10/x64/lib/python3.11/site-packages/selenium/webdriver/support/wait.py:95: TimeoutException","flaky":false,"newFailed":false,"newBroken":true,"newPassed":false,"retriesCount":0,"retriesStatusChange":false,"beforeStages":[{"name":"_session_faker","time":{"start":1728524223327,"stop":1728524223393,"duration":66},"status":"passed","steps":[],"attachments":[],"parameters":[],"shouldDisplayMessage":false,"stepsCount":0,"attachmentsCount":0,"hasContent":false,"attachmentStep":false},{"name":"clear_allure_result_folder","time":{"start":1728524223393,"stop":1728524223393,"duration":0},"status":"passed","steps":[],"attachments":[],"parameters":[],"shouldDisplayMessage":false,"stepsCount":0,"attachmentsCount":0,"hasContent":false,"attachmentStep":false},{"name":"driver","time":{"start":1728524237275,"stop":1728524238541,"duration":1266},"status":"passed","steps":[],"attachments":[],"parameters":[],"shouldDisplayMessage":false,"stepsCount":0,"attachmentsCount":0,"hasContent":false,"attachmentStep":false},{"name":"create_account_page","time":{"start":1728524238541,"stop":1728524238741,"duration":200},"status":"passed","steps":[{"name":"Open a browser","time":{"start":1728524238542,"stop":1728524238741,"duration":199},"status":"passed","steps":[],"attachments":[],"parameters":[],"shouldDisplayMessage":false,"stepsCount":0,"attachmentsCount":0,"hasContent":false,"attachmentStep":false}],"attachments":[],"parameters":[],"shouldDisplayMessage":false,"stepsCount":1,"attachmentsCount":0,"hasContent":true,"attachmentStep":false}],"testStage":{"description":" Verify presence of First name label and the required asterisk ","status":"broken","statusMessage":"selenium.common.exceptions.TimeoutException: Message: \nStacktrace:\n#0 0x5622a148302a <unknown>\n#1 0x5622a11695e0 <unknown>\n#2 0x5622a11b8be8 <unknown>\n#3 0x5622a11b8e81 <unknown>\n#4 0x5622a11ff8c4 <unknown>\n#5 0x5622a11ddb4d <unknown>\n#6 0x5622a11fcd7d <unknown>\n#7 0x5622a11dd8c3 <unknown>\n#8 0x5622a11ab6b3 <unknown>\n#9 0x5622a11ac68e <unknown>\n#10 0x5622a144da2b <unknown>\n#11 0x5622a14519b1 <unknown>\n#12 0x5622a143a225 <unknown>\n#13 0x5622a1452532 <unknown>\n#14 0x5622a141f38f <unknown>\n#15 0x5622a1471f28 <unknown>\n#16 0x5622a14720f3 <unknown>\n#17 0x5622a1481e7c <unknown>\n#18 0x7f56c5a94ac3 <unknown>","statusTrace":"self = <test_create_an_account.TestCreateAnAccount object at 0x7fe2c96c8f10>\ncreate_account_page = <pages.create_an_account_page.CreateAccountPage object at 0x7fe2c87865d0>\n\n    @allure.title('TC 04_01_03 Verify presence of First name label and the required asterisk')\n    def test_04_01_03_firstname_labeled(self, create_account_page):\n        \"\"\" Verify presence of First name label and the required asterisk \"\"\"\n>       firstname_label = create_account_page.check_firstname_label()\n\ntests/test_create_an_account.py:35: \n_ _ _ _ _ _ _ _ _ _ _ _ _ _ _ _ _ _ _ _ _ _ _ _ _ _ _ _ _ _ _ _ _ _ _ _ _ _ _ _ \npages/create_an_account_page.py:30: in check_firstname_label\n    return self.element_is_visible(self.locators.FIRST_NAME_LABEL)\npages/base_page.py:29: in element_is_visible\n    self.go_to_element(self.element_is_present(locator))\npages/base_page.py:50: in element_is_present\n    return wait(self.driver, timeout).until(EC.presence_of_element_located(locator))\n_ _ _ _ _ _ _ _ _ _ _ _ _ _ _ _ _ _ _ _ _ _ _ _ _ _ _ _ _ _ _ _ _ _ _ _ _ _ _ _ \n\nself = <selenium.webdriver.support.wait.WebDriverWait (session=\"5f715a6a14e764c30950e15bff7ffbd1\")>\nmethod = <function presence_of_element_located.<locals>._predicate at 0x7fe2ca4dfc40>\nmessage = ''\n\n    def until(self, method, message: str = \"\"):\n        \"\"\"Calls the method provided with the driver as an argument until the \\\n        return value does not evaluate to ``False``.\n    \n        :param method: callable(WebDriver)\n        :param message: optional message for :exc:`TimeoutException`\n        :returns: the result of the last call to `method`\n        :raises: :exc:`selenium.common.exceptions.TimeoutException` if timeout occurs\n        \"\"\"\n        screen = None\n        stacktrace = None\n    \n        end_time = time.monotonic() + self._timeout\n        while True:\n            try:\n                value = method(self._driver)\n                if value:\n                    return value\n            except self._ignored_exceptions as exc:\n                screen = getattr(exc, \"screen\", None)\n                stacktrace = getattr(exc, \"stacktrace\", None)\n            time.sleep(self._poll)\n            if time.monotonic() > end_time:\n                break\n>       raise TimeoutException(message, screen, stacktrace)\nE       selenium.common.exceptions.TimeoutException: Message: \nE       Stacktrace:\nE       #0 0x5622a148302a <unknown>\nE       #1 0x5622a11695e0 <unknown>\nE       #2 0x5622a11b8be8 <unknown>\nE       #3 0x5622a11b8e81 <unknown>\nE       #4 0x5622a11ff8c4 <unknown>\nE       #5 0x5622a11ddb4d <unknown>\nE       #6 0x5622a11fcd7d <unknown>\nE       #7 0x5622a11dd8c3 <unknown>\nE       #8 0x5622a11ab6b3 <unknown>\nE       #9 0x5622a11ac68e <unknown>\nE       #10 0x5622a144da2b <unknown>\nE       #11 0x5622a14519b1 <unknown>\nE       #12 0x5622a143a225 <unknown>\nE       #13 0x5622a1452532 <unknown>\nE       #14 0x5622a141f38f <unknown>\nE       #15 0x5622a1471f28 <unknown>\nE       #16 0x5622a14720f3 <unknown>\nE       #17 0x5622a1481e7c <unknown>\nE       #18 0x7f56c5a94ac3 <unknown>\n\n/opt/hostedtoolcache/Python/3.11.10/x64/lib/python3.11/site-packages/selenium/webdriver/support/wait.py:95: TimeoutException","steps":[{"name":"Check First Name label is visible","time":{"start":1728524238741,"stop":1728524243873,"duration":5132},"status":"broken","statusMessage":"selenium.common.exceptions.TimeoutException: Message: \nStacktrace:\n#0 0x5622a148302a <unknown>\n#1 0x5622a11695e0 <unknown>\n#2 0x5622a11b8be8 <unknown>\n#3 0x5622a11b8e81 <unknown>\n#4 0x5622a11ff8c4 <unknown>\n#5 0x5622a11ddb4d <unknown>\n#6 0x5622a11fcd7d <unknown>\n#7 0x5622a11dd8c3 <unknown>\n#8 0x5622a11ab6b3 <unknown>\n#9 0x5622a11ac68e <unknown>\n#10 0x5622a144da2b <unknown>\n#11 0x5622a14519b1 <unknown>\n#12 0x5622a143a225 <unknown>\n#13 0x5622a1452532 <unknown>\n#14 0x5622a141f38f <unknown>\n#15 0x5622a1471f28 <unknown>\n#16 0x5622a14720f3 <unknown>\n#17 0x5622a1481e7c <unknown>\n#18 0x7f56c5a94ac3 <unknown>\n\n","statusTrace":"  File \"/opt/hostedtoolcache/Python/3.11.10/x64/lib/python3.11/site-packages/allure_commons/_allure.py\", line 192, in impl\n    return func(*a, **kw)\n           ^^^^^^^^^^^^^^\n  File \"/home/runner/work/luma_project/luma_project/pages/create_an_account_page.py\", line 30, in check_firstname_label\n    return self.element_is_visible(self.locators.FIRST_NAME_LABEL)\n           ^^^^^^^^^^^^^^^^^^^^^^^^^^^^^^^^^^^^^^^^^^^^^^^^^^^^^^^\n  File \"/opt/hostedtoolcache/Python/3.11.10/x64/lib/python3.11/site-packages/allure_commons/_allure.py\", line 192, in impl\n    return func(*a, **kw)\n           ^^^^^^^^^^^^^^\n  File \"/home/runner/work/luma_project/luma_project/pages/base_page.py\", line 29, in element_is_visible\n    self.go_to_element(self.element_is_present(locator))\n                       ^^^^^^^^^^^^^^^^^^^^^^^^^^^^^^^^\n  File \"/opt/hostedtoolcache/Python/3.11.10/x64/lib/python3.11/site-packages/allure_commons/_allure.py\", line 192, in impl\n    return func(*a, **kw)\n           ^^^^^^^^^^^^^^\n  File \"/home/runner/work/luma_project/luma_project/pages/base_page.py\", line 50, in element_is_present\n    return wait(self.driver, timeout).until(EC.presence_of_element_located(locator))\n           ^^^^^^^^^^^^^^^^^^^^^^^^^^^^^^^^^^^^^^^^^^^^^^^^^^^^^^^^^^^^^^^^^^^^^^^^^\n  File \"/opt/hostedtoolcache/Python/3.11.10/x64/lib/python3.11/site-packages/selenium/webdriver/support/wait.py\", line 95, in until\n    raise TimeoutException(message, screen, stacktrace)\n","steps":[{"name":"Find a visible element","time":{"start":1728524238742,"stop":1728524243873,"duration":5131},"status":"broken","statusMessage":"selenium.common.exceptions.TimeoutException: Message: \nStacktrace:\n#0 0x5622a148302a <unknown>\n#1 0x5622a11695e0 <unknown>\n#2 0x5622a11b8be8 <unknown>\n#3 0x5622a11b8e81 <unknown>\n#4 0x5622a11ff8c4 <unknown>\n#5 0x5622a11ddb4d <unknown>\n#6 0x5622a11fcd7d <unknown>\n#7 0x5622a11dd8c3 <unknown>\n#8 0x5622a11ab6b3 <unknown>\n#9 0x5622a11ac68e <unknown>\n#10 0x5622a144da2b <unknown>\n#11 0x5622a14519b1 <unknown>\n#12 0x5622a143a225 <unknown>\n#13 0x5622a1452532 <unknown>\n#14 0x5622a141f38f <unknown>\n#15 0x5622a1471f28 <unknown>\n#16 0x5622a14720f3 <unknown>\n#17 0x5622a1481e7c <unknown>\n#18 0x7f56c5a94ac3 <unknown>\n\n","statusTrace":"  File \"/opt/hostedtoolcache/Python/3.11.10/x64/lib/python3.11/site-packages/allure_commons/_allure.py\", line 192, in impl\n    return func(*a, **kw)\n           ^^^^^^^^^^^^^^\n  File \"/home/runner/work/luma_project/luma_project/pages/base_page.py\", line 29, in element_is_visible\n    self.go_to_element(self.element_is_present(locator))\n                       ^^^^^^^^^^^^^^^^^^^^^^^^^^^^^^^^\n  File \"/opt/hostedtoolcache/Python/3.11.10/x64/lib/python3.11/site-packages/allure_commons/_allure.py\", line 192, in impl\n    return func(*a, **kw)\n           ^^^^^^^^^^^^^^\n  File \"/home/runner/work/luma_project/luma_project/pages/base_page.py\", line 50, in element_is_present\n    return wait(self.driver, timeout).until(EC.presence_of_element_located(locator))\n           ^^^^^^^^^^^^^^^^^^^^^^^^^^^^^^^^^^^^^^^^^^^^^^^^^^^^^^^^^^^^^^^^^^^^^^^^^\n  File \"/opt/hostedtoolcache/Python/3.11.10/x64/lib/python3.11/site-packages/selenium/webdriver/support/wait.py\", line 95, in until\n    raise TimeoutException(message, screen, stacktrace)\n","steps":[{"name":"Find a present element","time":{"start":1728524238742,"stop":1728524243872,"duration":5130},"status":"broken","statusMessage":"selenium.common.exceptions.TimeoutException: Message: \nStacktrace:\n#0 0x5622a148302a <unknown>\n#1 0x5622a11695e0 <unknown>\n#2 0x5622a11b8be8 <unknown>\n#3 0x5622a11b8e81 <unknown>\n#4 0x5622a11ff8c4 <unknown>\n#5 0x5622a11ddb4d <unknown>\n#6 0x5622a11fcd7d <unknown>\n#7 0x5622a11dd8c3 <unknown>\n#8 0x5622a11ab6b3 <unknown>\n#9 0x5622a11ac68e <unknown>\n#10 0x5622a144da2b <unknown>\n#11 0x5622a14519b1 <unknown>\n#12 0x5622a143a225 <unknown>\n#13 0x5622a1452532 <unknown>\n#14 0x5622a141f38f <unknown>\n#15 0x5622a1471f28 <unknown>\n#16 0x5622a14720f3 <unknown>\n#17 0x5622a1481e7c <unknown>\n#18 0x7f56c5a94ac3 <unknown>\n\n","statusTrace":"  File \"/opt/hostedtoolcache/Python/3.11.10/x64/lib/python3.11/site-packages/allure_commons/_allure.py\", line 192, in impl\n    return func(*a, **kw)\n           ^^^^^^^^^^^^^^\n  File \"/home/runner/work/luma_project/luma_project/pages/base_page.py\", line 50, in element_is_present\n    return wait(self.driver, timeout).until(EC.presence_of_element_located(locator))\n           ^^^^^^^^^^^^^^^^^^^^^^^^^^^^^^^^^^^^^^^^^^^^^^^^^^^^^^^^^^^^^^^^^^^^^^^^^\n  File \"/opt/hostedtoolcache/Python/3.11.10/x64/lib/python3.11/site-packages/selenium/webdriver/support/wait.py\", line 95, in until\n    raise TimeoutException(message, screen, stacktrace)\n","steps":[],"attachments":[],"parameters":[{"name":"locator","value":"('css selector', \"label[for='firstname']\")"},{"name":"timeout","value":"5"}],"shouldDisplayMessage":true,"stepsCount":0,"attachmentsCount":0,"hasContent":true,"attachmentStep":false}],"attachments":[],"parameters":[{"name":"locator","value":"('css selector', \"label[for='firstname']\")"},{"name":"timeout","value":"10"}],"shouldDisplayMessage":false,"stepsCount":1,"attachmentsCount":0,"hasContent":true,"attachmentStep":false}],"attachments":[],"parameters":[],"shouldDisplayMessage":false,"stepsCount":2,"attachmentsCount":0,"hasContent":true,"attachmentStep":false}],"attachments":[{"uid":"7dd55cd4532cd4d9","name":"Screenshot","source":"7dd55cd4532cd4d9.png","type":"image/png","size":94322},{"uid":"16bfb25cc6c6fe49","name":"HTML source","source":"16bfb25cc6c6fe49.html","type":"text/html","size":6708}],"parameters":[],"shouldDisplayMessage":true,"stepsCount":3,"attachmentsCount":2,"hasContent":true,"attachmentStep":false},"afterStages":[{"name":"driver::0","time":{"start":1728524244034,"stop":1728524244097,"duration":63},"status":"passed","steps":[],"attachments":[],"parameters":[],"shouldDisplayMessage":false,"stepsCount":0,"attachmentsCount":0,"hasContent":false,"attachmentStep":false},{"name":"clear_allure_result_folder::0","time":{"start":1728526649232,"stop":1728526649232,"duration":0},"status":"passed","steps":[],"attachments":[],"parameters":[],"shouldDisplayMessage":false,"stepsCount":0,"attachmentsCount":0,"hasContent":false,"attachmentStep":false}],"labels":[{"name":"epic","value":"Create An Account"},{"name":"parentSuite","value":"tests"},{"name":"suite","value":"test_create_an_account"},{"name":"subSuite","value":"TestCreateAnAccount"},{"name":"host","value":"fv-az842-29"},{"name":"thread","value":"2885-MainThread"},{"name":"framework","value":"pytest"},{"name":"language","value":"cpython3"},{"name":"package","value":"tests.test_create_an_account"},{"name":"resultFormat","value":"allure2"}],"parameters":[],"links":[],"hidden":false,"retry":false,"extra":{"severity":"normal","retries":[],"categories":[{"name":"Test defects","matchedStatuses":[],"flaky":false}],"history":{"statistic":{"failed":0,"broken":1,"skipped":0,"passed":4,"unknown":0,"total":5},"items":[{"uid":"2e53de2dfeb533f","reportUrl":"https://verafes.github.io/luma_project/458//#testresult/2e53de2dfeb533f","status":"passed","time":{"start":1728437827027,"stop":1728437827153,"duration":126}},{"uid":"c6feddada26125f2","reportUrl":"https://verafes.github.io/luma_project/457//#testresult/c6feddada26125f2","status":"passed","time":{"start":1728351468037,"stop":1728351468201,"duration":164}},{"uid":"4014eb926c4ceddd","reportUrl":"https://verafes.github.io/luma_project/456//#testresult/4014eb926c4ceddd","status":"passed","time":{"start":1728265230894,"stop":1728265231064,"duration":170}},{"uid":"9c9d2482041d6005","reportUrl":"https://verafes.github.io/luma_project/455//#testresult/9c9d2482041d6005","status":"passed","time":{"start":1728179003852,"stop":1728179004021,"duration":169}}]},"tags":[]},"source":"46e3819d801943f9.json","parameterValues":[]}