{"uid":"b03a3458c3b404dc","name":"TC 17.01.25 Verify error on resetting My Password with empty email","fullName":"tests.test_forgot_your_password.TestForgotYourPasswordFunctionality#test_17_01_25_error_if_reset_my_password_with_empty_email","historyId":"3fc451d87c8653c0431c5bf955165f1b","time":{"start":1730339744489,"stop":1730339745717,"duration":1228},"description":"Check error message on attempt to reset password with empty email field","descriptionHtml":"<p>Check error message on attempt to reset password with empty email field</p>\n","status":"skipped","statusMessage":"XFAIL Flaky behavior on CI\n\nselenium.common.exceptions.ElementClickInterceptedException: Message: element click intercepted: Element <button type=\"submit\" class=\"action submit primary\">...</button> is not clickable at point (402, 837). Other element would receive the click: <div id=\"aswift_3_host\" style=\"border: none !important; height: 69px !important; width: 100% !important; margin: 0px !important; padding: 0px !important; position: relative !important; visibility: visible !important; background-color: transparent !important; display: inline-block !important; inset: auto !important; clear: none !important; float: none !important; max-height: none !important; max-width: none !important; opacity: 1 !important; overflow: visible !important; vertical-align: baseline !important; z-index: auto !important;\">...</div>\n  (Session info: chrome=130.0.6723.58)\nStacktrace:\n#0 0x560c821550aa <unknown>\n#1 0x560c81c6c1a0 <unknown>\n#2 0x560c81cbf896 <unknown>\n#3 0x560c81cbd82d <unknown>\n#4 0x560c81cbb2d7 <unknown>\n#5 0x560c81cba6f1 <unknown>\n#6 0x560c81cadcf8 <unknown>\n#7 0x560c81cdcd82 <unknown>\n#8 0x560c81cad6d8 <unknown>\n#9 0x560c81cdcf4e <unknown>\n#10 0x560c81cfb866 <unknown>\n#11 0x560c81cdcb23 <unknown>\n#12 0x560c81cab990 <unknown>\n#13 0x560c81cac96e <unknown>\n#14 0x560c8212116b <unknown>\n#15 0x560c82124f68 <unknown>\n#16 0x560c8210e64c <unknown>\n#17 0x560c82125ae7 <unknown>\n#18 0x560c820f34af <unknown>\n#19 0x560c821434f8 <unknown>\n#20 0x560c821436c0 <unknown>\n#21 0x560c82153f26 <unknown>\n#22 0x7fdc65894ac3 <unknown>","statusTrace":"self = <test_forgot_your_password.TestForgotYourPasswordFunctionality object at 0x7f44ed2d0a50>\ndriver = <selenium.webdriver.chrome.webdriver.WebDriver (session=\"e9b881efa9c47cb18b1e36bdc4562228\")>\nforgot_psw_page = <pages.forgot_your_password_page.ForgotYourPasswordPage object at 0x7f44ecba8250>\n\n    @pytest.mark.xfail(reason=\"Flaky behavior on CI\")\n    @allure.title('TC 17.01.25 Verify error on resetting My Password with empty email')\n    def test_17_01_25_error_if_reset_my_password_with_empty_email(self, driver, forgot_psw_page):\n        \"\"\"Check error message on attempt to reset password with empty email field\"\"\"\n        # forgot_psw_page.fill_in_forgot_psw_captcha_field(captcha)\n>       forgot_psw_page.click_reset_my_password_button()\n\ntests/test_forgot_your_password.py:210: \n_ _ _ _ _ _ _ _ _ _ _ _ _ _ _ _ _ _ _ _ _ _ _ _ _ _ _ _ _ _ _ _ _ _ _ _ _ _ _ _ \npages/forgot_your_password_page.py:124: in click_reset_my_password_button\n    self.check_reset_my_password_button_is_clickable().click()\n/opt/hostedtoolcache/Python/3.11.10/x64/lib/python3.11/site-packages/selenium/webdriver/remote/webelement.py:93: in click\n    self._execute(Command.CLICK_ELEMENT)\n/opt/hostedtoolcache/Python/3.11.10/x64/lib/python3.11/site-packages/selenium/webdriver/remote/webelement.py:394: in _execute\n    return self._parent.execute(command, params)\n/opt/hostedtoolcache/Python/3.11.10/x64/lib/python3.11/site-packages/selenium/webdriver/remote/webdriver.py:344: in execute\n    self.error_handler.check_response(response)\n_ _ _ _ _ _ _ _ _ _ _ _ _ _ _ _ _ _ _ _ _ _ _ _ _ _ _ _ _ _ _ _ _ _ _ _ _ _ _ _ \n\nself = <selenium.webdriver.remote.errorhandler.ErrorHandler object at 0x7f44ecad31d0>\nresponse = {'status': 400, 'value': '{\"value\":{\"error\":\"element click intercepted\",\"message\":\"element click intercepted: Element ...\\\\n#20 0x560c821436c0 \\\\u003Cunknown>\\\\n#21 0x560c82153f26 \\\\u003Cunknown>\\\\n#22 0x7fdc65894ac3 \\\\u003Cunknown>\\\\n\"}}'}\n\n    def check_response(self, response: Dict[str, Any]) -> None:\n        \"\"\"Checks that a JSON response from the WebDriver does not have an\n        error.\n    \n        :Args:\n         - response - The JSON response from the WebDriver server as a dictionary\n           object.\n    \n        :Raises: If the response contains an error message.\n        \"\"\"\n        status = response.get(\"status\", None)\n        if not status or status == ErrorCode.SUCCESS:\n            return\n        value = None\n        message = response.get(\"message\", \"\")\n        screen: str = response.get(\"screen\", \"\")\n        stacktrace = None\n        if isinstance(status, int):\n            value_json = response.get(\"value\", None)\n            if value_json and isinstance(value_json, str):\n                import json\n    \n                try:\n                    value = json.loads(value_json)\n                    if len(value) == 1:\n                        value = value[\"value\"]\n                    status = value.get(\"error\", None)\n                    if not status:\n                        status = value.get(\"status\", ErrorCode.UNKNOWN_ERROR)\n                        message = value.get(\"value\") or value.get(\"message\")\n                        if not isinstance(message, str):\n                            value = message\n                            message = message.get(\"message\")\n                    else:\n                        message = value.get(\"message\", None)\n                except ValueError:\n                    pass\n    \n        exception_class: Type[WebDriverException]\n        e = ErrorCode()\n        error_codes = [item for item in dir(e) if not item.startswith(\"__\")]\n        for error_code in error_codes:\n            error_info = getattr(ErrorCode, error_code)\n            if isinstance(error_info, list) and status in error_info:\n                exception_class = getattr(ExceptionMapping, error_code, WebDriverException)\n                break\n        else:\n            exception_class = WebDriverException\n    \n        if not value:\n            value = response[\"value\"]\n        if isinstance(value, str):\n            raise exception_class(value)\n        if message == \"\" and \"message\" in value:\n            message = value[\"message\"]\n    \n        screen = None  # type: ignore[assignment]\n        if \"screen\" in value:\n            screen = value[\"screen\"]\n    \n        stacktrace = None\n        st_value = value.get(\"stackTrace\") or value.get(\"stacktrace\")\n        if st_value:\n            if isinstance(st_value, str):\n                stacktrace = st_value.split(\"\\n\")\n            else:\n                stacktrace = []\n                try:\n                    for frame in st_value:\n                        line = frame.get(\"lineNumber\", \"\")\n                        file = frame.get(\"fileName\", \"<anonymous>\")\n                        if line:\n                            file = f\"{file}:{line}\"\n                        meth = frame.get(\"methodName\", \"<anonymous>\")\n                        if \"className\" in frame:\n                            meth = f\"{frame['className']}.{meth}\"\n                        msg = \"    at %s (%s)\"\n                        msg = msg % (meth, file)\n                        stacktrace.append(msg)\n                except TypeError:\n                    pass\n        if exception_class == UnexpectedAlertPresentException:\n            alert_text = None\n            if \"data\" in value:\n                alert_text = value[\"data\"].get(\"text\")\n            elif \"alert\" in value:\n                alert_text = value[\"alert\"].get(\"text\")\n            raise exception_class(message, screen, stacktrace, alert_text)  # type: ignore[call-arg]  # mypy is not smart enough here\n>       raise exception_class(message, screen, stacktrace)\nE       selenium.common.exceptions.ElementClickInterceptedException: Message: element click intercepted: Element <button type=\"submit\" class=\"action submit primary\">...</button> is not clickable at point (402, 837). Other element would receive the click: <div id=\"aswift_3_host\" style=\"border: none !important; height: 69px !important; width: 100% !important; margin: 0px !important; padding: 0px !important; position: relative !important; visibility: visible !important; background-color: transparent !important; display: inline-block !important; inset: auto !important; clear: none !important; float: none !important; max-height: none !important; max-width: none !important; opacity: 1 !important; overflow: visible !important; vertical-align: baseline !important; z-index: auto !important;\">...</div>\nE         (Session info: chrome=130.0.6723.58)\nE       Stacktrace:\nE       #0 0x560c821550aa <unknown>\nE       #1 0x560c81c6c1a0 <unknown>\nE       #2 0x560c81cbf896 <unknown>\nE       #3 0x560c81cbd82d <unknown>\nE       #4 0x560c81cbb2d7 <unknown>\nE       #5 0x560c81cba6f1 <unknown>\nE       #6 0x560c81cadcf8 <unknown>\nE       #7 0x560c81cdcd82 <unknown>\nE       #8 0x560c81cad6d8 <unknown>\nE       #9 0x560c81cdcf4e <unknown>\nE       #10 0x560c81cfb866 <unknown>\nE       #11 0x560c81cdcb23 <unknown>\nE       #12 0x560c81cab990 <unknown>\nE       #13 0x560c81cac96e <unknown>\nE       #14 0x560c8212116b <unknown>\nE       #15 0x560c82124f68 <unknown>\nE       #16 0x560c8210e64c <unknown>\nE       #17 0x560c82125ae7 <unknown>\nE       #18 0x560c820f34af <unknown>\nE       #19 0x560c821434f8 <unknown>\nE       #20 0x560c821436c0 <unknown>\nE       #21 0x560c82153f26 <unknown>\nE       #22 0x7fdc65894ac3 <unknown>\n\n/opt/hostedtoolcache/Python/3.11.10/x64/lib/python3.11/site-packages/selenium/webdriver/remote/errorhandler.py:229: ElementClickInterceptedException","flaky":false,"newFailed":false,"newBroken":false,"newPassed":false,"retriesCount":0,"retriesStatusChange":false,"beforeStages":[{"name":"_session_faker","time":{"start":1730338810886,"stop":1730338810950,"duration":64},"status":"passed","steps":[],"attachments":[],"parameters":[],"shouldDisplayMessage":false,"stepsCount":0,"attachmentsCount":0,"hasContent":false,"attachmentStep":false},{"name":"clear_allure_result_folder","time":{"start":1730338810950,"stop":1730338810951,"duration":1},"status":"passed","steps":[],"attachments":[],"parameters":[],"shouldDisplayMessage":false,"stepsCount":0,"attachmentsCount":0,"hasContent":false,"attachmentStep":false},{"name":"driver","time":{"start":1730339741261,"stop":1730339742536,"duration":1275},"status":"passed","steps":[],"attachments":[],"parameters":[],"shouldDisplayMessage":false,"stepsCount":0,"attachmentsCount":0,"hasContent":false,"attachmentStep":false},{"name":"forgot_psw_page","time":{"start":1730339742536,"stop":1730339744488,"duration":1952},"status":"passed","steps":[{"name":"Open a browser","time":{"start":1730339742536,"stop":1730339744488,"duration":1952},"status":"passed","steps":[],"attachments":[],"parameters":[],"shouldDisplayMessage":false,"stepsCount":0,"attachmentsCount":0,"hasContent":false,"attachmentStep":false}],"attachments":[],"parameters":[],"shouldDisplayMessage":false,"stepsCount":1,"attachmentsCount":0,"hasContent":true,"attachmentStep":false}],"testStage":{"description":"Check error message on attempt to reset password with empty email field","status":"skipped","statusMessage":"XFAIL Flaky behavior on CI\n\nselenium.common.exceptions.ElementClickInterceptedException: Message: element click intercepted: Element <button type=\"submit\" class=\"action submit primary\">...</button> is not clickable at point (402, 837). Other element would receive the click: <div id=\"aswift_3_host\" style=\"border: none !important; height: 69px !important; width: 100% !important; margin: 0px !important; padding: 0px !important; position: relative !important; visibility: visible !important; background-color: transparent !important; display: inline-block !important; inset: auto !important; clear: none !important; float: none !important; max-height: none !important; max-width: none !important; opacity: 1 !important; overflow: visible !important; vertical-align: baseline !important; z-index: auto !important;\">...</div>\n  (Session info: chrome=130.0.6723.58)\nStacktrace:\n#0 0x560c821550aa <unknown>\n#1 0x560c81c6c1a0 <unknown>\n#2 0x560c81cbf896 <unknown>\n#3 0x560c81cbd82d <unknown>\n#4 0x560c81cbb2d7 <unknown>\n#5 0x560c81cba6f1 <unknown>\n#6 0x560c81cadcf8 <unknown>\n#7 0x560c81cdcd82 <unknown>\n#8 0x560c81cad6d8 <unknown>\n#9 0x560c81cdcf4e <unknown>\n#10 0x560c81cfb866 <unknown>\n#11 0x560c81cdcb23 <unknown>\n#12 0x560c81cab990 <unknown>\n#13 0x560c81cac96e <unknown>\n#14 0x560c8212116b <unknown>\n#15 0x560c82124f68 <unknown>\n#16 0x560c8210e64c <unknown>\n#17 0x560c82125ae7 <unknown>\n#18 0x560c820f34af <unknown>\n#19 0x560c821434f8 <unknown>\n#20 0x560c821436c0 <unknown>\n#21 0x560c82153f26 <unknown>\n#22 0x7fdc65894ac3 <unknown>","statusTrace":"self = <test_forgot_your_password.TestForgotYourPasswordFunctionality object at 0x7f44ed2d0a50>\ndriver = <selenium.webdriver.chrome.webdriver.WebDriver (session=\"e9b881efa9c47cb18b1e36bdc4562228\")>\nforgot_psw_page = <pages.forgot_your_password_page.ForgotYourPasswordPage object at 0x7f44ecba8250>\n\n    @pytest.mark.xfail(reason=\"Flaky behavior on CI\")\n    @allure.title('TC 17.01.25 Verify error on resetting My Password with empty email')\n    def test_17_01_25_error_if_reset_my_password_with_empty_email(self, driver, forgot_psw_page):\n        \"\"\"Check error message on attempt to reset password with empty email field\"\"\"\n        # forgot_psw_page.fill_in_forgot_psw_captcha_field(captcha)\n>       forgot_psw_page.click_reset_my_password_button()\n\ntests/test_forgot_your_password.py:210: \n_ _ _ _ _ _ _ _ _ _ _ _ _ _ _ _ _ _ _ _ _ _ _ _ _ _ _ _ _ _ _ _ _ _ _ _ _ _ _ _ \npages/forgot_your_password_page.py:124: in click_reset_my_password_button\n    self.check_reset_my_password_button_is_clickable().click()\n/opt/hostedtoolcache/Python/3.11.10/x64/lib/python3.11/site-packages/selenium/webdriver/remote/webelement.py:93: in click\n    self._execute(Command.CLICK_ELEMENT)\n/opt/hostedtoolcache/Python/3.11.10/x64/lib/python3.11/site-packages/selenium/webdriver/remote/webelement.py:394: in _execute\n    return self._parent.execute(command, params)\n/opt/hostedtoolcache/Python/3.11.10/x64/lib/python3.11/site-packages/selenium/webdriver/remote/webdriver.py:344: in execute\n    self.error_handler.check_response(response)\n_ _ _ _ _ _ _ _ _ _ _ _ _ _ _ _ _ _ _ _ _ _ _ _ _ _ _ _ _ _ _ _ _ _ _ _ _ _ _ _ \n\nself = <selenium.webdriver.remote.errorhandler.ErrorHandler object at 0x7f44ecad31d0>\nresponse = {'status': 400, 'value': '{\"value\":{\"error\":\"element click intercepted\",\"message\":\"element click intercepted: Element ...\\\\n#20 0x560c821436c0 \\\\u003Cunknown>\\\\n#21 0x560c82153f26 \\\\u003Cunknown>\\\\n#22 0x7fdc65894ac3 \\\\u003Cunknown>\\\\n\"}}'}\n\n    def check_response(self, response: Dict[str, Any]) -> None:\n        \"\"\"Checks that a JSON response from the WebDriver does not have an\n        error.\n    \n        :Args:\n         - response - The JSON response from the WebDriver server as a dictionary\n           object.\n    \n        :Raises: If the response contains an error message.\n        \"\"\"\n        status = response.get(\"status\", None)\n        if not status or status == ErrorCode.SUCCESS:\n            return\n        value = None\n        message = response.get(\"message\", \"\")\n        screen: str = response.get(\"screen\", \"\")\n        stacktrace = None\n        if isinstance(status, int):\n            value_json = response.get(\"value\", None)\n            if value_json and isinstance(value_json, str):\n                import json\n    \n                try:\n                    value = json.loads(value_json)\n                    if len(value) == 1:\n                        value = value[\"value\"]\n                    status = value.get(\"error\", None)\n                    if not status:\n                        status = value.get(\"status\", ErrorCode.UNKNOWN_ERROR)\n                        message = value.get(\"value\") or value.get(\"message\")\n                        if not isinstance(message, str):\n                            value = message\n                            message = message.get(\"message\")\n                    else:\n                        message = value.get(\"message\", None)\n                except ValueError:\n                    pass\n    \n        exception_class: Type[WebDriverException]\n        e = ErrorCode()\n        error_codes = [item for item in dir(e) if not item.startswith(\"__\")]\n        for error_code in error_codes:\n            error_info = getattr(ErrorCode, error_code)\n            if isinstance(error_info, list) and status in error_info:\n                exception_class = getattr(ExceptionMapping, error_code, WebDriverException)\n                break\n        else:\n            exception_class = WebDriverException\n    \n        if not value:\n            value = response[\"value\"]\n        if isinstance(value, str):\n            raise exception_class(value)\n        if message == \"\" and \"message\" in value:\n            message = value[\"message\"]\n    \n        screen = None  # type: ignore[assignment]\n        if \"screen\" in value:\n            screen = value[\"screen\"]\n    \n        stacktrace = None\n        st_value = value.get(\"stackTrace\") or value.get(\"stacktrace\")\n        if st_value:\n            if isinstance(st_value, str):\n                stacktrace = st_value.split(\"\\n\")\n            else:\n                stacktrace = []\n                try:\n                    for frame in st_value:\n                        line = frame.get(\"lineNumber\", \"\")\n                        file = frame.get(\"fileName\", \"<anonymous>\")\n                        if line:\n                            file = f\"{file}:{line}\"\n                        meth = frame.get(\"methodName\", \"<anonymous>\")\n                        if \"className\" in frame:\n                            meth = f\"{frame['className']}.{meth}\"\n                        msg = \"    at %s (%s)\"\n                        msg = msg % (meth, file)\n                        stacktrace.append(msg)\n                except TypeError:\n                    pass\n        if exception_class == UnexpectedAlertPresentException:\n            alert_text = None\n            if \"data\" in value:\n                alert_text = value[\"data\"].get(\"text\")\n            elif \"alert\" in value:\n                alert_text = value[\"alert\"].get(\"text\")\n            raise exception_class(message, screen, stacktrace, alert_text)  # type: ignore[call-arg]  # mypy is not smart enough here\n>       raise exception_class(message, screen, stacktrace)\nE       selenium.common.exceptions.ElementClickInterceptedException: Message: element click intercepted: Element <button type=\"submit\" class=\"action submit primary\">...</button> is not clickable at point (402, 837). Other element would receive the click: <div id=\"aswift_3_host\" style=\"border: none !important; height: 69px !important; width: 100% !important; margin: 0px !important; padding: 0px !important; position: relative !important; visibility: visible !important; background-color: transparent !important; display: inline-block !important; inset: auto !important; clear: none !important; float: none !important; max-height: none !important; max-width: none !important; opacity: 1 !important; overflow: visible !important; vertical-align: baseline !important; z-index: auto !important;\">...</div>\nE         (Session info: chrome=130.0.6723.58)\nE       Stacktrace:\nE       #0 0x560c821550aa <unknown>\nE       #1 0x560c81c6c1a0 <unknown>\nE       #2 0x560c81cbf896 <unknown>\nE       #3 0x560c81cbd82d <unknown>\nE       #4 0x560c81cbb2d7 <unknown>\nE       #5 0x560c81cba6f1 <unknown>\nE       #6 0x560c81cadcf8 <unknown>\nE       #7 0x560c81cdcd82 <unknown>\nE       #8 0x560c81cad6d8 <unknown>\nE       #9 0x560c81cdcf4e <unknown>\nE       #10 0x560c81cfb866 <unknown>\nE       #11 0x560c81cdcb23 <unknown>\nE       #12 0x560c81cab990 <unknown>\nE       #13 0x560c81cac96e <unknown>\nE       #14 0x560c8212116b <unknown>\nE       #15 0x560c82124f68 <unknown>\nE       #16 0x560c8210e64c <unknown>\nE       #17 0x560c82125ae7 <unknown>\nE       #18 0x560c820f34af <unknown>\nE       #19 0x560c821434f8 <unknown>\nE       #20 0x560c821436c0 <unknown>\nE       #21 0x560c82153f26 <unknown>\nE       #22 0x7fdc65894ac3 <unknown>\n\n/opt/hostedtoolcache/Python/3.11.10/x64/lib/python3.11/site-packages/selenium/webdriver/remote/errorhandler.py:229: ElementClickInterceptedException","steps":[{"name":"Click on Reset My Password button button","time":{"start":1730339744489,"stop":1730339745716,"duration":1227},"status":"broken","statusMessage":"selenium.common.exceptions.ElementClickInterceptedException: Message: element click intercepted: Element <button type=\"submit\" class=\"action submit primary\">...</button> is not clickable at point (402, 837). Other element would receive the click: <div id=\"aswift_3_host\" style=\"border: none !important; height: 69px !important; width: 100% !important; margin: 0px !important; padding: 0px !important; position: relative !important; visibility: visible !important; background-color: transparent !important; display: inline-block !important; inset: auto !important; clear: none !important; float: none !important; max-height: none !important; max-width: none !important; opacity: 1 !important; overflow: visible !important; vertical-align: baseline !important; z-index: auto !important;\">...</div>\n  (Session info: chrome=130.0.6723.58)\nStacktrace:\n#0 0x560c821550aa <unknown>\n#1 0x560c81c6c1a0 <unknown>\n#2 0x560c81cbf896 <unknown>\n#3 0x560c81cbd82d <unknown>\n#4 0x560c81cbb2d7 <unknown>\n#5 0x560c81cba6f1 <unknown>\n#6 0x560c81cadcf8 <unknown>\n#7 0x560c81cdcd82 <unknown>\n#8 0x560c81cad6d8 <unknown>\n#9 0x560c81cdcf4e <unknown>\n#10 0x560c81cfb866 <unknown>\n#11 0x560c81cdcb23 <unknown>\n#12 0x560c81cab990 <unknown>\n#13 0x560c81cac96e <unknown>\n#14 0x560c8212116b <unknown>\n#15 0x560c82124f68 <unknown>\n#16 0x560c8210e64c <unknown>\n#17 0x560c82125ae7 <unknown>\n#18 0x560c820f34af <unknown>\n#19 0x560c821434f8 <unknown>\n#20 0x560c821436c0 <unknown>\n#21 0x560c82153f26 <unknown>\n#22 0x7fdc65894ac3 <unknown>\n\n","statusTrace":"  File \"/opt/hostedtoolcache/Python/3.11.10/x64/lib/python3.11/site-packages/allure_commons/_allure.py\", line 192, in impl\n    return func(*a, **kw)\n           ^^^^^^^^^^^^^^\n  File \"/home/runner/work/luma_project/luma_project/pages/forgot_your_password_page.py\", line 124, in click_reset_my_password_button\n    self.check_reset_my_password_button_is_clickable().click()\n  File \"/opt/hostedtoolcache/Python/3.11.10/x64/lib/python3.11/site-packages/selenium/webdriver/remote/webelement.py\", line 93, in click\n    self._execute(Command.CLICK_ELEMENT)\n  File \"/opt/hostedtoolcache/Python/3.11.10/x64/lib/python3.11/site-packages/selenium/webdriver/remote/webelement.py\", line 394, in _execute\n    return self._parent.execute(command, params)\n           ^^^^^^^^^^^^^^^^^^^^^^^^^^^^^^^^^^^^^\n  File \"/opt/hostedtoolcache/Python/3.11.10/x64/lib/python3.11/site-packages/selenium/webdriver/remote/webdriver.py\", line 344, in execute\n    self.error_handler.check_response(response)\n  File \"/opt/hostedtoolcache/Python/3.11.10/x64/lib/python3.11/site-packages/selenium/webdriver/remote/errorhandler.py\", line 229, in check_response\n    raise exception_class(message, screen, stacktrace)\n","steps":[{"name":"Check Reset My Password button is clickable","time":{"start":1730339744489,"stop":1730339744538,"duration":49},"status":"passed","steps":[{"name":"Find clickable elements","time":{"start":1730339744489,"stop":1730339744538,"duration":49},"status":"passed","steps":[],"attachments":[],"parameters":[{"name":"locator","value":"('css selector', 'button[class=\"action submit primary\"]')"},{"name":"timeout","value":"5"}],"shouldDisplayMessage":false,"stepsCount":0,"attachmentsCount":0,"hasContent":true,"attachmentStep":false}],"attachments":[],"parameters":[],"shouldDisplayMessage":false,"stepsCount":1,"attachmentsCount":0,"hasContent":true,"attachmentStep":false}],"attachments":[],"parameters":[],"shouldDisplayMessage":true,"stepsCount":2,"attachmentsCount":0,"hasContent":true,"attachmentStep":false}],"attachments":[{"uid":"7b3279258bc41001","name":"Screenshot","source":"7b3279258bc41001.png","type":"image/png","size":77374},{"uid":"988e62e032ee2fca","name":"HTML source","source":"988e62e032ee2fca.html","type":"text/html","size":135530}],"parameters":[],"shouldDisplayMessage":true,"stepsCount":3,"attachmentsCount":2,"hasContent":true,"attachmentStep":false},"afterStages":[{"name":"driver::0","time":{"start":1730339745857,"stop":1730339745930,"duration":73},"status":"passed","steps":[],"attachments":[],"parameters":[],"shouldDisplayMessage":false,"stepsCount":0,"attachmentsCount":0,"hasContent":false,"attachmentStep":false},{"name":"clear_allure_result_folder::0","time":{"start":1730341472995,"stop":1730341472995,"duration":0},"status":"passed","steps":[],"attachments":[],"parameters":[],"shouldDisplayMessage":false,"stepsCount":0,"attachmentsCount":0,"hasContent":false,"attachmentStep":false}],"labels":[{"name":"epic","value":"Forgot Your Password Functionality"},{"name":"tag","value":"@pytest.mark.xfail(reason='Flaky behavior on CI')"},{"name":"parentSuite","value":"tests"},{"name":"suite","value":"test_forgot_your_password"},{"name":"subSuite","value":"TestForgotYourPasswordFunctionality"},{"name":"host","value":"fv-az566-51"},{"name":"thread","value":"3015-MainThread"},{"name":"framework","value":"pytest"},{"name":"language","value":"cpython3"},{"name":"package","value":"tests.test_forgot_your_password"},{"name":"resultFormat","value":"allure2"}],"parameters":[],"links":[],"hidden":false,"retry":false,"extra":{"severity":"normal","retries":[],"categories":[],"history":{"statistic":{"failed":0,"broken":0,"skipped":1,"passed":3,"unknown":0,"total":4},"items":[{"uid":"1654e2f5a5064317","reportUrl":"https://verafes.github.io/luma_project/479//#testresult/1654e2f5a5064317","status":"passed","statusDetails":"XPASS Flaky behavior on CI","time":{"start":1730252655654,"stop":1730252655848,"duration":194}},{"uid":"101c6e7cf440ea62","reportUrl":"https://verafes.github.io/luma_project/478//#testresult/101c6e7cf440ea62","status":"passed","statusDetails":"XPASS Flaky behavior on CI","time":{"start":1730166338370,"stop":1730166338605,"duration":235}},{"uid":"4c29f3f7b7b23c34","reportUrl":"https://verafes.github.io/luma_project/477//#testresult/4c29f3f7b7b23c34","status":"passed","statusDetails":"XPASS Flaky behavior on CI","time":{"start":1730080143250,"stop":1730080143656,"duration":406}}]},"tags":["@pytest.mark.xfail(reason='Flaky behavior on CI')"]},"source":"b03a3458c3b404dc.json","parameterValues":[]}