{"uid":"a48fb5294cb9ba5c","name":"TC 13.01.50 - Check if block 1 'home-pants' in section 2 is clickablein the Promo Block on the main page","fullName":"tests.test_main_page.TestPromoBlock#test_tc_13_01_50_check_section2_block1_clickability","historyId":"3859571638e9bbf85fd31e5492109e9c","time":{"start":1734055510941,"stop":1734055517277,"duration":6336},"description":"This test checks if block 1 'home-pants' in section 2 in Promo Block under header is clickable","descriptionHtml":"<p>This test checks if block 1 'home-pants' in section 2 in Promo Block under header is clickable</p>\n","status":"broken","statusMessage":"selenium.common.exceptions.TimeoutException: Message: \nStacktrace:\n#0 0x558ab658d31a <unknown>\n#1 0x558ab60a36e0 <unknown>\n#2 0x558ab60f23e6 <unknown>\n#3 0x558ab60f2681 <unknown>\n#4 0x558ab6137b04 <unknown>\n#5 0x558ab611648d <unknown>\n#6 0x558ab6134ed7 <unknown>\n#7 0x558ab6116203 <unknown>\n#8 0x558ab60e4cc0 <unknown>\n#9 0x558ab60e5c9e <unknown>\n#10 0x558ab655ad0b <unknown>\n#11 0x558ab655ec92 <unknown>\n#12 0x558ab6547b3c <unknown>\n#13 0x558ab655f807 <unknown>\n#14 0x558ab652d0df <unknown>\n#15 0x558ab657c578 <unknown>\n#16 0x558ab657c740 <unknown>\n#17 0x558ab658c196 <unknown>\n#18 0x7fb10b694ac3 <unknown>","statusTrace":"self = <test_main_page.TestMainPage.TestPromoBlock object at 0x7f57a66f82d0>\ndriver = <selenium.webdriver.chrome.webdriver.WebDriver (session=\"1d788874acabb80707c73969f590e883\")>\n\n    @allure.title(\"TC 13.01.50 - Check if block 1 'home-pants' in section 2 is clickable\"\n                  \"in the Promo Block on the main page\")\n    def test_tc_13_01_50_check_section2_block1_clickability(self, driver):\n        \"\"\"This test checks if block 1 'home-pants' in section 2 in Promo Block under header is clickable\"\"\"\n        page = PromoBlock(driver, MAIN_PAGE_URL)\n        page.open()\n>       section2_block1 = page.check_section2_block1_clickability()\n\ntests/test_main_page.py:645: \n_ _ _ _ _ _ _ _ _ _ _ _ _ _ _ _ _ _ _ _ _ _ _ _ _ _ _ _ _ _ _ _ _ _ _ _ _ _ _ _ \npages/main_page.py:328: in check_section2_block1_clickability\n    section2_block1 = self.element_is_clickable(self.locators.SECTION_2_BLOCK_1)\npages/base_page.py:80: in element_is_clickable\n    return wait(self.driver, timeout).until(EC.element_to_be_clickable(locator))\n_ _ _ _ _ _ _ _ _ _ _ _ _ _ _ _ _ _ _ _ _ _ _ _ _ _ _ _ _ _ _ _ _ _ _ _ _ _ _ _ \n\nself = <selenium.webdriver.support.wait.WebDriverWait (session=\"1d788874acabb80707c73969f590e883\")>\nmethod = <function element_to_be_clickable.<locals>._predicate at 0x7f57a64e2c00>\nmessage = ''\n\n    def until(self, method, message: str = \"\"):\n        \"\"\"Calls the method provided with the driver as an argument until the \\\n        return value does not evaluate to ``False``.\n    \n        :param method: callable(WebDriver)\n        :param message: optional message for :exc:`TimeoutException`\n        :returns: the result of the last call to `method`\n        :raises: :exc:`selenium.common.exceptions.TimeoutException` if timeout occurs\n        \"\"\"\n        screen = None\n        stacktrace = None\n    \n        end_time = time.monotonic() + self._timeout\n        while True:\n            try:\n                value = method(self._driver)\n                if value:\n                    return value\n            except self._ignored_exceptions as exc:\n                screen = getattr(exc, \"screen\", None)\n                stacktrace = getattr(exc, \"stacktrace\", None)\n            time.sleep(self._poll)\n            if time.monotonic() > end_time:\n                break\n>       raise TimeoutException(message, screen, stacktrace)\nE       selenium.common.exceptions.TimeoutException: Message: \nE       Stacktrace:\nE       #0 0x558ab658d31a <unknown>\nE       #1 0x558ab60a36e0 <unknown>\nE       #2 0x558ab60f23e6 <unknown>\nE       #3 0x558ab60f2681 <unknown>\nE       #4 0x558ab6137b04 <unknown>\nE       #5 0x558ab611648d <unknown>\nE       #6 0x558ab6134ed7 <unknown>\nE       #7 0x558ab6116203 <unknown>\nE       #8 0x558ab60e4cc0 <unknown>\nE       #9 0x558ab60e5c9e <unknown>\nE       #10 0x558ab655ad0b <unknown>\nE       #11 0x558ab655ec92 <unknown>\nE       #12 0x558ab6547b3c <unknown>\nE       #13 0x558ab655f807 <unknown>\nE       #14 0x558ab652d0df <unknown>\nE       #15 0x558ab657c578 <unknown>\nE       #16 0x558ab657c740 <unknown>\nE       #17 0x558ab658c196 <unknown>\nE       #18 0x7fb10b694ac3 <unknown>\n\n/opt/hostedtoolcache/Python/3.11.11/x64/lib/python3.11/site-packages/selenium/webdriver/support/wait.py:95: TimeoutException","flaky":false,"newFailed":false,"newBroken":false,"newPassed":false,"retriesCount":0,"retriesStatusChange":false,"beforeStages":[{"name":"_session_faker","time":{"start":1734054471311,"stop":1734054471376,"duration":65},"status":"passed","steps":[],"attachments":[],"parameters":[],"shouldDisplayMessage":false,"stepsCount":0,"attachmentsCount":0,"hasContent":false,"attachmentStep":false},{"name":"clear_allure_result_folder","time":{"start":1734054471376,"stop":1734054471376,"duration":0},"status":"passed","steps":[],"attachments":[],"parameters":[],"shouldDisplayMessage":false,"stepsCount":0,"attachmentsCount":0,"hasContent":false,"attachmentStep":false},{"name":"driver","time":{"start":1734055509739,"stop":1734055510940,"duration":1201},"status":"passed","steps":[],"attachments":[],"parameters":[],"shouldDisplayMessage":false,"stepsCount":0,"attachmentsCount":0,"hasContent":false,"attachmentStep":false}],"testStage":{"description":"This test checks if block 1 'home-pants' in section 2 in Promo Block under header is clickable","status":"broken","statusMessage":"selenium.common.exceptions.TimeoutException: Message: \nStacktrace:\n#0 0x558ab658d31a <unknown>\n#1 0x558ab60a36e0 <unknown>\n#2 0x558ab60f23e6 <unknown>\n#3 0x558ab60f2681 <unknown>\n#4 0x558ab6137b04 <unknown>\n#5 0x558ab611648d <unknown>\n#6 0x558ab6134ed7 <unknown>\n#7 0x558ab6116203 <unknown>\n#8 0x558ab60e4cc0 <unknown>\n#9 0x558ab60e5c9e <unknown>\n#10 0x558ab655ad0b <unknown>\n#11 0x558ab655ec92 <unknown>\n#12 0x558ab6547b3c <unknown>\n#13 0x558ab655f807 <unknown>\n#14 0x558ab652d0df <unknown>\n#15 0x558ab657c578 <unknown>\n#16 0x558ab657c740 <unknown>\n#17 0x558ab658c196 <unknown>\n#18 0x7fb10b694ac3 <unknown>","statusTrace":"self = <test_main_page.TestMainPage.TestPromoBlock object at 0x7f57a66f82d0>\ndriver = <selenium.webdriver.chrome.webdriver.WebDriver (session=\"1d788874acabb80707c73969f590e883\")>\n\n    @allure.title(\"TC 13.01.50 - Check if block 1 'home-pants' in section 2 is clickable\"\n                  \"in the Promo Block on the main page\")\n    def test_tc_13_01_50_check_section2_block1_clickability(self, driver):\n        \"\"\"This test checks if block 1 'home-pants' in section 2 in Promo Block under header is clickable\"\"\"\n        page = PromoBlock(driver, MAIN_PAGE_URL)\n        page.open()\n>       section2_block1 = page.check_section2_block1_clickability()\n\ntests/test_main_page.py:645: \n_ _ _ _ _ _ _ _ _ _ _ _ _ _ _ _ _ _ _ _ _ _ _ _ _ _ _ _ _ _ _ _ _ _ _ _ _ _ _ _ \npages/main_page.py:328: in check_section2_block1_clickability\n    section2_block1 = self.element_is_clickable(self.locators.SECTION_2_BLOCK_1)\npages/base_page.py:80: in element_is_clickable\n    return wait(self.driver, timeout).until(EC.element_to_be_clickable(locator))\n_ _ _ _ _ _ _ _ _ _ _ _ _ _ _ _ _ _ _ _ _ _ _ _ _ _ _ _ _ _ _ _ _ _ _ _ _ _ _ _ \n\nself = <selenium.webdriver.support.wait.WebDriverWait (session=\"1d788874acabb80707c73969f590e883\")>\nmethod = <function element_to_be_clickable.<locals>._predicate at 0x7f57a64e2c00>\nmessage = ''\n\n    def until(self, method, message: str = \"\"):\n        \"\"\"Calls the method provided with the driver as an argument until the \\\n        return value does not evaluate to ``False``.\n    \n        :param method: callable(WebDriver)\n        :param message: optional message for :exc:`TimeoutException`\n        :returns: the result of the last call to `method`\n        :raises: :exc:`selenium.common.exceptions.TimeoutException` if timeout occurs\n        \"\"\"\n        screen = None\n        stacktrace = None\n    \n        end_time = time.monotonic() + self._timeout\n        while True:\n            try:\n                value = method(self._driver)\n                if value:\n                    return value\n            except self._ignored_exceptions as exc:\n                screen = getattr(exc, \"screen\", None)\n                stacktrace = getattr(exc, \"stacktrace\", None)\n            time.sleep(self._poll)\n            if time.monotonic() > end_time:\n                break\n>       raise TimeoutException(message, screen, stacktrace)\nE       selenium.common.exceptions.TimeoutException: Message: \nE       Stacktrace:\nE       #0 0x558ab658d31a <unknown>\nE       #1 0x558ab60a36e0 <unknown>\nE       #2 0x558ab60f23e6 <unknown>\nE       #3 0x558ab60f2681 <unknown>\nE       #4 0x558ab6137b04 <unknown>\nE       #5 0x558ab611648d <unknown>\nE       #6 0x558ab6134ed7 <unknown>\nE       #7 0x558ab6116203 <unknown>\nE       #8 0x558ab60e4cc0 <unknown>\nE       #9 0x558ab60e5c9e <unknown>\nE       #10 0x558ab655ad0b <unknown>\nE       #11 0x558ab655ec92 <unknown>\nE       #12 0x558ab6547b3c <unknown>\nE       #13 0x558ab655f807 <unknown>\nE       #14 0x558ab652d0df <unknown>\nE       #15 0x558ab657c578 <unknown>\nE       #16 0x558ab657c740 <unknown>\nE       #17 0x558ab658c196 <unknown>\nE       #18 0x7fb10b694ac3 <unknown>\n\n/opt/hostedtoolcache/Python/3.11.11/x64/lib/python3.11/site-packages/selenium/webdriver/support/wait.py:95: TimeoutException","steps":[{"name":"Open a browser","time":{"start":1734055510941,"stop":1734055512193,"duration":1252},"status":"passed","steps":[],"attachments":[],"parameters":[],"shouldDisplayMessage":false,"stepsCount":0,"attachmentsCount":0,"hasContent":false,"attachmentStep":false},{"name":"Check clickability of the block 1 'home-pants' in the section 2 in the Promo Block","time":{"start":1734055512194,"stop":1734055517276,"duration":5082},"status":"broken","statusMessage":"selenium.common.exceptions.TimeoutException: Message: \nStacktrace:\n#0 0x558ab658d31a <unknown>\n#1 0x558ab60a36e0 <unknown>\n#2 0x558ab60f23e6 <unknown>\n#3 0x558ab60f2681 <unknown>\n#4 0x558ab6137b04 <unknown>\n#5 0x558ab611648d <unknown>\n#6 0x558ab6134ed7 <unknown>\n#7 0x558ab6116203 <unknown>\n#8 0x558ab60e4cc0 <unknown>\n#9 0x558ab60e5c9e <unknown>\n#10 0x558ab655ad0b <unknown>\n#11 0x558ab655ec92 <unknown>\n#12 0x558ab6547b3c <unknown>\n#13 0x558ab655f807 <unknown>\n#14 0x558ab652d0df <unknown>\n#15 0x558ab657c578 <unknown>\n#16 0x558ab657c740 <unknown>\n#17 0x558ab658c196 <unknown>\n#18 0x7fb10b694ac3 <unknown>\n\n","statusTrace":"  File \"/opt/hostedtoolcache/Python/3.11.11/x64/lib/python3.11/site-packages/allure_commons/_allure.py\", line 192, in impl\n    return func(*a, **kw)\n           ^^^^^^^^^^^^^^\n  File \"/home/runner/work/luma_project/luma_project/pages/main_page.py\", line 328, in check_section2_block1_clickability\n    section2_block1 = self.element_is_clickable(self.locators.SECTION_2_BLOCK_1)\n                      ^^^^^^^^^^^^^^^^^^^^^^^^^^^^^^^^^^^^^^^^^^^^^^^^^^^^^^^^^^\n  File \"/opt/hostedtoolcache/Python/3.11.11/x64/lib/python3.11/site-packages/allure_commons/_allure.py\", line 192, in impl\n    return func(*a, **kw)\n           ^^^^^^^^^^^^^^\n  File \"/home/runner/work/luma_project/luma_project/pages/base_page.py\", line 80, in element_is_clickable\n    return wait(self.driver, timeout).until(EC.element_to_be_clickable(locator))\n           ^^^^^^^^^^^^^^^^^^^^^^^^^^^^^^^^^^^^^^^^^^^^^^^^^^^^^^^^^^^^^^^^^^^^^\n  File \"/opt/hostedtoolcache/Python/3.11.11/x64/lib/python3.11/site-packages/selenium/webdriver/support/wait.py\", line 95, in until\n    raise TimeoutException(message, screen, stacktrace)\n","steps":[{"name":"Find clickable elements","time":{"start":1734055512194,"stop":1734055517276,"duration":5082},"status":"broken","statusMessage":"selenium.common.exceptions.TimeoutException: Message: \nStacktrace:\n#0 0x558ab658d31a <unknown>\n#1 0x558ab60a36e0 <unknown>\n#2 0x558ab60f23e6 <unknown>\n#3 0x558ab60f2681 <unknown>\n#4 0x558ab6137b04 <unknown>\n#5 0x558ab611648d <unknown>\n#6 0x558ab6134ed7 <unknown>\n#7 0x558ab6116203 <unknown>\n#8 0x558ab60e4cc0 <unknown>\n#9 0x558ab60e5c9e <unknown>\n#10 0x558ab655ad0b <unknown>\n#11 0x558ab655ec92 <unknown>\n#12 0x558ab6547b3c <unknown>\n#13 0x558ab655f807 <unknown>\n#14 0x558ab652d0df <unknown>\n#15 0x558ab657c578 <unknown>\n#16 0x558ab657c740 <unknown>\n#17 0x558ab658c196 <unknown>\n#18 0x7fb10b694ac3 <unknown>\n\n","statusTrace":"  File \"/opt/hostedtoolcache/Python/3.11.11/x64/lib/python3.11/site-packages/allure_commons/_allure.py\", line 192, in impl\n    return func(*a, **kw)\n           ^^^^^^^^^^^^^^\n  File \"/home/runner/work/luma_project/luma_project/pages/base_page.py\", line 80, in element_is_clickable\n    return wait(self.driver, timeout).until(EC.element_to_be_clickable(locator))\n           ^^^^^^^^^^^^^^^^^^^^^^^^^^^^^^^^^^^^^^^^^^^^^^^^^^^^^^^^^^^^^^^^^^^^^\n  File \"/opt/hostedtoolcache/Python/3.11.11/x64/lib/python3.11/site-packages/selenium/webdriver/support/wait.py\", line 95, in until\n    raise TimeoutException(message, screen, stacktrace)\n","steps":[],"attachments":[],"parameters":[{"name":"locator","value":"('css selector', '.home-pants')"},{"name":"timeout","value":"5"}],"shouldDisplayMessage":true,"stepsCount":0,"attachmentsCount":0,"hasContent":true,"attachmentStep":false}],"attachments":[],"parameters":[],"shouldDisplayMessage":false,"stepsCount":1,"attachmentsCount":0,"hasContent":true,"attachmentStep":false}],"attachments":[{"uid":"25d8487ac2318734","name":"Screenshot","source":"25d8487ac2318734.png","type":"image/png","size":549142},{"uid":"587a45e18a5eac8f","name":"HTML source","source":"587a45e18a5eac8f.html","type":"text/html","size":144660}],"parameters":[],"shouldDisplayMessage":true,"stepsCount":3,"attachmentsCount":2,"hasContent":true,"attachmentStep":false},"afterStages":[{"name":"driver::0","time":{"start":1734055517508,"stop":1734055517647,"duration":139},"status":"passed","steps":[],"attachments":[],"parameters":[],"shouldDisplayMessage":false,"stepsCount":0,"attachmentsCount":0,"hasContent":false,"attachmentStep":false},{"name":"clear_allure_result_folder::0","time":{"start":1734056191329,"stop":1734056191329,"duration":0},"status":"passed","steps":[],"attachments":[],"parameters":[],"shouldDisplayMessage":false,"stepsCount":0,"attachmentsCount":0,"hasContent":false,"attachmentStep":false}],"labels":[{"name":"epic","value":"Main Page"},{"name":"feature","value":"Promo Block Testing"},{"name":"parentSuite","value":"tests"},{"name":"suite","value":"test_main_page"},{"name":"subSuite","value":"TestMainPage"},{"name":"host","value":"fv-az1435-585"},{"name":"thread","value":"2872-MainThread"},{"name":"framework","value":"pytest"},{"name":"language","value":"cpython3"},{"name":"package","value":"tests.test_main_page"},{"name":"resultFormat","value":"allure2"}],"parameters":[],"links":[],"hidden":false,"retry":false,"extra":{"severity":"normal","retries":[],"categories":[{"name":"Test defects","matchedStatuses":[],"flaky":false}],"history":{"statistic":{"failed":0,"broken":2,"skipped":0,"passed":4,"unknown":0,"total":6},"items":[{"uid":"59b31a0bd8052259","reportUrl":"https://verafes.github.io/luma_project/522//#testresult/59b31a0bd8052259","status":"broken","statusDetails":"selenium.common.exceptions.TimeoutException: Message: \nStacktrace:\n#0 0x5592e18d531a <unknown>\n#1 0x5592e13eb6e0 <unknown>\n#2 0x5592e143a3e6 <unknown>\n#3 0x5592e143a681 <unknown>\n#4 0x5592e147fb04 <unknown>\n#5 0x5592e145e48d <unknown>\n#6 0x5592e147ced7 <unknown>\n#7 0x5592e145e203 <unknown>\n#8 0x5592e142ccc0 <unknown>\n#9 0x5592e142dc9e <unknown>\n#10 0x5592e18a2d0b <unknown>\n#11 0x5592e18a6c92 <unknown>\n#12 0x5592e188fb3c <unknown>\n#13 0x5592e18a7807 <unknown>\n#14 0x5592e18750df <unknown>\n#15 0x5592e18c4578 <unknown>\n#16 0x5592e18c4740 <unknown>\n#17 0x5592e18d4196 <unknown>\n#18 0x7f925c294ac3 <unknown>","time":{"start":1733969145180,"stop":1733969151549,"duration":6369}},{"uid":"f0341fede912ae1","reportUrl":"https://verafes.github.io/luma_project/521//#testresult/f0341fede912ae1","status":"passed","time":{"start":1733882286941,"stop":1733882287871,"duration":930}},{"uid":"e29947960e8cecc3","reportUrl":"https://verafes.github.io/luma_project/520//#testresult/e29947960e8cecc3","status":"passed","time":{"start":1733796023920,"stop":1733796025120,"duration":1200}},{"uid":"3397d210963131a2","reportUrl":"https://verafes.github.io/luma_project/519//#testresult/3397d210963131a2","status":"passed","time":{"start":1733709737133,"stop":1733709738486,"duration":1353}},{"uid":"4bdab359c7f89e6b","reportUrl":"https://verafes.github.io/luma_project/518//#testresult/4bdab359c7f89e6b","status":"passed","time":{"start":1733623594126,"stop":1733623595437,"duration":1311}}]},"tags":[]},"source":"a48fb5294cb9ba5c.json","parameterValues":[]}