{"uid":"7e2d0f33cb04cf9b","name":"TC 17.01.25 Verify error on resetting My Password with empty email","fullName":"tests.test_forgot_your_password.TestForgotYourPasswordFunctionality#test_17_01_25_error_if_reset_my_password_with_empty_email","historyId":"3fc451d87c8653c0431c5bf955165f1b","time":{"start":1696814271914,"stop":1696814277078,"duration":5164},"description":"Check error message on attempt to reset password with empty email field","descriptionHtml":"<p>Check error message on attempt to reset password with empty email field</p>\n","status":"broken","statusMessage":"selenium.common.exceptions.TimeoutException: Message: \nStacktrace:\n#0 0x55e2c63d26b3 <unknown>\n#1 0x55e2c60a81e7 <unknown>\n#2 0x55e2c60ef566 <unknown>\n#3 0x55e2c60ef651 <unknown>\n#4 0x55e2c612ca74 <unknown>\n#5 0x55e2c61110ed <unknown>\n#6 0x55e2c612a322 <unknown>\n#7 0x55e2c6110e93 <unknown>\n#8 0x55e2c60e3934 <unknown>\n#9 0x55e2c60e471e <unknown>\n#10 0x55e2c6397cb8 <unknown>\n#11 0x55e2c639bbf0 <unknown>\n#12 0x55e2c63a619c <unknown>\n#13 0x55e2c639c808 <unknown>\n#14 0x55e2c636927f <unknown>\n#15 0x55e2c63c0e88 <unknown>\n#16 0x55e2c63c1059 <unknown>\n#17 0x55e2c63d1843 <unknown>\n#18 0x7f5af2c94b43 <unknown>","statusTrace":"self = <test_forgot_your_password.TestForgotYourPasswordFunctionality object at 0x7f740ad54590>\ndriver = <selenium.webdriver.chrome.webdriver.WebDriver (session=\"3fc4f71791531e8938488a2e93fa396a\")>\nforgot_psw_page = <pages.forgot_your_password_page.ForgotYourPasswordPage object at 0x7f740ab74f50>\n\n    @allure.title('TC 17.01.25 Verify error on resetting My Password with empty email')\n    def test_17_01_25_error_if_reset_my_password_with_empty_email(self, driver, forgot_psw_page):\n        \"\"\"Check error message on attempt to reset password with empty email field\"\"\"\n>       forgot_psw_page.fill_in_forgot_psw_captcha_field(captcha)\n\ntests/test_forgot_your_password.py:196: \n_ _ _ _ _ _ _ _ _ _ _ _ _ _ _ _ _ _ _ _ _ _ _ _ _ _ _ _ _ _ _ _ _ _ _ _ _ _ _ _ \npages/forgot_your_password_page.py:84: in fill_in_forgot_psw_captcha_field\n    return self.fill_in_field(self.check_forgot_psw_captcha_field_is_clickable(), text)\npages/forgot_your_password_page.py:59: in check_forgot_psw_captcha_field_is_clickable\n    return self.element_is_clickable(self.locators.FORGOT_YOUR_PASSWORD_CAPTCHA)\npages/base_page.py:80: in element_is_clickable\n    return wait(self.driver, timeout).until(EC.element_to_be_clickable(locator))\n_ _ _ _ _ _ _ _ _ _ _ _ _ _ _ _ _ _ _ _ _ _ _ _ _ _ _ _ _ _ _ _ _ _ _ _ _ _ _ _ \n\nself = <selenium.webdriver.support.wait.WebDriverWait (session=\"3fc4f71791531e8938488a2e93fa396a\")>\nmethod = <function element_to_be_clickable.<locals>._predicate at 0x7f740aee6d40>\nmessage = ''\n\n    def until(self, method, message: str = \"\"):\n        \"\"\"Calls the method provided with the driver as an argument until the \\\n        return value does not evaluate to ``False``.\n    \n        :param method: callable(WebDriver)\n        :param message: optional message for :exc:`TimeoutException`\n        :returns: the result of the last call to `method`\n        :raises: :exc:`selenium.common.exceptions.TimeoutException` if timeout occurs\n        \"\"\"\n        screen = None\n        stacktrace = None\n    \n        end_time = time.monotonic() + self._timeout\n        while True:\n            try:\n                value = method(self._driver)\n                if value:\n                    return value\n            except self._ignored_exceptions as exc:\n                screen = getattr(exc, \"screen\", None)\n                stacktrace = getattr(exc, \"stacktrace\", None)\n            time.sleep(self._poll)\n            if time.monotonic() > end_time:\n                break\n>       raise TimeoutException(message, screen, stacktrace)\nE       selenium.common.exceptions.TimeoutException: Message: \nE       Stacktrace:\nE       #0 0x55e2c63d26b3 <unknown>\nE       #1 0x55e2c60a81e7 <unknown>\nE       #2 0x55e2c60ef566 <unknown>\nE       #3 0x55e2c60ef651 <unknown>\nE       #4 0x55e2c612ca74 <unknown>\nE       #5 0x55e2c61110ed <unknown>\nE       #6 0x55e2c612a322 <unknown>\nE       #7 0x55e2c6110e93 <unknown>\nE       #8 0x55e2c60e3934 <unknown>\nE       #9 0x55e2c60e471e <unknown>\nE       #10 0x55e2c6397cb8 <unknown>\nE       #11 0x55e2c639bbf0 <unknown>\nE       #12 0x55e2c63a619c <unknown>\nE       #13 0x55e2c639c808 <unknown>\nE       #14 0x55e2c636927f <unknown>\nE       #15 0x55e2c63c0e88 <unknown>\nE       #16 0x55e2c63c1059 <unknown>\nE       #17 0x55e2c63d1843 <unknown>\nE       #18 0x7f5af2c94b43 <unknown>\n\n/opt/hostedtoolcache/Python/3.11.5/x64/lib/python3.11/site-packages/selenium/webdriver/support/wait.py:95: TimeoutException","flaky":false,"newFailed":false,"newBroken":false,"newPassed":false,"retriesCount":0,"retriesStatusChange":false,"beforeStages":[{"name":"_session_faker","time":{"start":1696813776601,"stop":1696813776710,"duration":109},"status":"passed","steps":[],"attachments":[],"parameters":[],"shouldDisplayMessage":false,"stepsCount":0,"attachmentsCount":0,"hasContent":false},{"name":"clear_allure_result_folder","time":{"start":1696813776711,"stop":1696813776711,"duration":0},"status":"passed","steps":[],"attachments":[],"parameters":[],"shouldDisplayMessage":false,"stepsCount":0,"attachmentsCount":0,"hasContent":false},{"name":"driver","time":{"start":1696814269554,"stop":1696814270793,"duration":1239},"status":"passed","steps":[],"attachments":[],"parameters":[],"shouldDisplayMessage":false,"stepsCount":0,"attachmentsCount":0,"hasContent":false},{"name":"forgot_psw_page","time":{"start":1696814270794,"stop":1696814271913,"duration":1119},"status":"passed","steps":[{"name":"Open a browser","time":{"start":1696814270794,"stop":1696814271913,"duration":1119},"status":"passed","steps":[],"attachments":[],"parameters":[],"shouldDisplayMessage":false,"stepsCount":0,"attachmentsCount":0,"hasContent":false}],"attachments":[],"parameters":[],"shouldDisplayMessage":false,"stepsCount":1,"attachmentsCount":0,"hasContent":true}],"testStage":{"description":"Check error message on attempt to reset password with empty email field","status":"broken","statusMessage":"selenium.common.exceptions.TimeoutException: Message: \nStacktrace:\n#0 0x55e2c63d26b3 <unknown>\n#1 0x55e2c60a81e7 <unknown>\n#2 0x55e2c60ef566 <unknown>\n#3 0x55e2c60ef651 <unknown>\n#4 0x55e2c612ca74 <unknown>\n#5 0x55e2c61110ed <unknown>\n#6 0x55e2c612a322 <unknown>\n#7 0x55e2c6110e93 <unknown>\n#8 0x55e2c60e3934 <unknown>\n#9 0x55e2c60e471e <unknown>\n#10 0x55e2c6397cb8 <unknown>\n#11 0x55e2c639bbf0 <unknown>\n#12 0x55e2c63a619c <unknown>\n#13 0x55e2c639c808 <unknown>\n#14 0x55e2c636927f <unknown>\n#15 0x55e2c63c0e88 <unknown>\n#16 0x55e2c63c1059 <unknown>\n#17 0x55e2c63d1843 <unknown>\n#18 0x7f5af2c94b43 <unknown>","statusTrace":"self = <test_forgot_your_password.TestForgotYourPasswordFunctionality object at 0x7f740ad54590>\ndriver = <selenium.webdriver.chrome.webdriver.WebDriver (session=\"3fc4f71791531e8938488a2e93fa396a\")>\nforgot_psw_page = <pages.forgot_your_password_page.ForgotYourPasswordPage object at 0x7f740ab74f50>\n\n    @allure.title('TC 17.01.25 Verify error on resetting My Password with empty email')\n    def test_17_01_25_error_if_reset_my_password_with_empty_email(self, driver, forgot_psw_page):\n        \"\"\"Check error message on attempt to reset password with empty email field\"\"\"\n>       forgot_psw_page.fill_in_forgot_psw_captcha_field(captcha)\n\ntests/test_forgot_your_password.py:196: \n_ _ _ _ _ _ _ _ _ _ _ _ _ _ _ _ _ _ _ _ _ _ _ _ _ _ _ _ _ _ _ _ _ _ _ _ _ _ _ _ \npages/forgot_your_password_page.py:84: in fill_in_forgot_psw_captcha_field\n    return self.fill_in_field(self.check_forgot_psw_captcha_field_is_clickable(), text)\npages/forgot_your_password_page.py:59: in check_forgot_psw_captcha_field_is_clickable\n    return self.element_is_clickable(self.locators.FORGOT_YOUR_PASSWORD_CAPTCHA)\npages/base_page.py:80: in element_is_clickable\n    return wait(self.driver, timeout).until(EC.element_to_be_clickable(locator))\n_ _ _ _ _ _ _ _ _ _ _ _ _ _ _ _ _ _ _ _ _ _ _ _ _ _ _ _ _ _ _ _ _ _ _ _ _ _ _ _ \n\nself = <selenium.webdriver.support.wait.WebDriverWait (session=\"3fc4f71791531e8938488a2e93fa396a\")>\nmethod = <function element_to_be_clickable.<locals>._predicate at 0x7f740aee6d40>\nmessage = ''\n\n    def until(self, method, message: str = \"\"):\n        \"\"\"Calls the method provided with the driver as an argument until the \\\n        return value does not evaluate to ``False``.\n    \n        :param method: callable(WebDriver)\n        :param message: optional message for :exc:`TimeoutException`\n        :returns: the result of the last call to `method`\n        :raises: :exc:`selenium.common.exceptions.TimeoutException` if timeout occurs\n        \"\"\"\n        screen = None\n        stacktrace = None\n    \n        end_time = time.monotonic() + self._timeout\n        while True:\n            try:\n                value = method(self._driver)\n                if value:\n                    return value\n            except self._ignored_exceptions as exc:\n                screen = getattr(exc, \"screen\", None)\n                stacktrace = getattr(exc, \"stacktrace\", None)\n            time.sleep(self._poll)\n            if time.monotonic() > end_time:\n                break\n>       raise TimeoutException(message, screen, stacktrace)\nE       selenium.common.exceptions.TimeoutException: Message: \nE       Stacktrace:\nE       #0 0x55e2c63d26b3 <unknown>\nE       #1 0x55e2c60a81e7 <unknown>\nE       #2 0x55e2c60ef566 <unknown>\nE       #3 0x55e2c60ef651 <unknown>\nE       #4 0x55e2c612ca74 <unknown>\nE       #5 0x55e2c61110ed <unknown>\nE       #6 0x55e2c612a322 <unknown>\nE       #7 0x55e2c6110e93 <unknown>\nE       #8 0x55e2c60e3934 <unknown>\nE       #9 0x55e2c60e471e <unknown>\nE       #10 0x55e2c6397cb8 <unknown>\nE       #11 0x55e2c639bbf0 <unknown>\nE       #12 0x55e2c63a619c <unknown>\nE       #13 0x55e2c639c808 <unknown>\nE       #14 0x55e2c636927f <unknown>\nE       #15 0x55e2c63c0e88 <unknown>\nE       #16 0x55e2c63c1059 <unknown>\nE       #17 0x55e2c63d1843 <unknown>\nE       #18 0x7f5af2c94b43 <unknown>\n\n/opt/hostedtoolcache/Python/3.11.5/x64/lib/python3.11/site-packages/selenium/webdriver/support/wait.py:95: TimeoutException","steps":[{"name":"Fill in FYP Email field","time":{"start":1696814271914,"stop":1696814277078,"duration":5164},"status":"broken","statusMessage":"selenium.common.exceptions.TimeoutException: Message: \nStacktrace:\n#0 0x55e2c63d26b3 <unknown>\n#1 0x55e2c60a81e7 <unknown>\n#2 0x55e2c60ef566 <unknown>\n#3 0x55e2c60ef651 <unknown>\n#4 0x55e2c612ca74 <unknown>\n#5 0x55e2c61110ed <unknown>\n#6 0x55e2c612a322 <unknown>\n#7 0x55e2c6110e93 <unknown>\n#8 0x55e2c60e3934 <unknown>\n#9 0x55e2c60e471e <unknown>\n#10 0x55e2c6397cb8 <unknown>\n#11 0x55e2c639bbf0 <unknown>\n#12 0x55e2c63a619c <unknown>\n#13 0x55e2c639c808 <unknown>\n#14 0x55e2c636927f <unknown>\n#15 0x55e2c63c0e88 <unknown>\n#16 0x55e2c63c1059 <unknown>\n#17 0x55e2c63d1843 <unknown>\n#18 0x7f5af2c94b43 <unknown>\n\n","statusTrace":"  File \"/opt/hostedtoolcache/Python/3.11.5/x64/lib/python3.11/site-packages/allure_commons/_allure.py\", line 192, in impl\n    return func(*a, **kw)\n           ^^^^^^^^^^^^^^\n  File \"/home/runner/work/luma_project/luma_project/pages/forgot_your_password_page.py\", line 84, in fill_in_forgot_psw_captcha_field\n    return self.fill_in_field(self.check_forgot_psw_captcha_field_is_clickable(), text)\n                              ^^^^^^^^^^^^^^^^^^^^^^^^^^^^^^^^^^^^^^^^^^^^^^^^^^\n  File \"/opt/hostedtoolcache/Python/3.11.5/x64/lib/python3.11/site-packages/allure_commons/_allure.py\", line 192, in impl\n    return func(*a, **kw)\n           ^^^^^^^^^^^^^^\n  File \"/home/runner/work/luma_project/luma_project/pages/forgot_your_password_page.py\", line 59, in check_forgot_psw_captcha_field_is_clickable\n    return self.element_is_clickable(self.locators.FORGOT_YOUR_PASSWORD_CAPTCHA)\n           ^^^^^^^^^^^^^^^^^^^^^^^^^^^^^^^^^^^^^^^^^^^^^^^^^^^^^^^^^^^^^^^^^^^^^\n  File \"/opt/hostedtoolcache/Python/3.11.5/x64/lib/python3.11/site-packages/allure_commons/_allure.py\", line 192, in impl\n    return func(*a, **kw)\n           ^^^^^^^^^^^^^^\n  File \"/home/runner/work/luma_project/luma_project/pages/base_page.py\", line 80, in element_is_clickable\n    return wait(self.driver, timeout).until(EC.element_to_be_clickable(locator))\n           ^^^^^^^^^^^^^^^^^^^^^^^^^^^^^^^^^^^^^^^^^^^^^^^^^^^^^^^^^^^^^^^^^^^^^\n  File \"/opt/hostedtoolcache/Python/3.11.5/x64/lib/python3.11/site-packages/selenium/webdriver/support/wait.py\", line 95, in until\n    raise TimeoutException(message, screen, stacktrace)\n","steps":[{"name":"Check FYP captcha input field is clickable","time":{"start":1696814271914,"stop":1696814277077,"duration":5163},"status":"broken","statusMessage":"selenium.common.exceptions.TimeoutException: Message: \nStacktrace:\n#0 0x55e2c63d26b3 <unknown>\n#1 0x55e2c60a81e7 <unknown>\n#2 0x55e2c60ef566 <unknown>\n#3 0x55e2c60ef651 <unknown>\n#4 0x55e2c612ca74 <unknown>\n#5 0x55e2c61110ed <unknown>\n#6 0x55e2c612a322 <unknown>\n#7 0x55e2c6110e93 <unknown>\n#8 0x55e2c60e3934 <unknown>\n#9 0x55e2c60e471e <unknown>\n#10 0x55e2c6397cb8 <unknown>\n#11 0x55e2c639bbf0 <unknown>\n#12 0x55e2c63a619c <unknown>\n#13 0x55e2c639c808 <unknown>\n#14 0x55e2c636927f <unknown>\n#15 0x55e2c63c0e88 <unknown>\n#16 0x55e2c63c1059 <unknown>\n#17 0x55e2c63d1843 <unknown>\n#18 0x7f5af2c94b43 <unknown>\n\n","statusTrace":"  File \"/opt/hostedtoolcache/Python/3.11.5/x64/lib/python3.11/site-packages/allure_commons/_allure.py\", line 192, in impl\n    return func(*a, **kw)\n           ^^^^^^^^^^^^^^\n  File \"/home/runner/work/luma_project/luma_project/pages/forgot_your_password_page.py\", line 59, in check_forgot_psw_captcha_field_is_clickable\n    return self.element_is_clickable(self.locators.FORGOT_YOUR_PASSWORD_CAPTCHA)\n           ^^^^^^^^^^^^^^^^^^^^^^^^^^^^^^^^^^^^^^^^^^^^^^^^^^^^^^^^^^^^^^^^^^^^^\n  File \"/opt/hostedtoolcache/Python/3.11.5/x64/lib/python3.11/site-packages/allure_commons/_allure.py\", line 192, in impl\n    return func(*a, **kw)\n           ^^^^^^^^^^^^^^\n  File \"/home/runner/work/luma_project/luma_project/pages/base_page.py\", line 80, in element_is_clickable\n    return wait(self.driver, timeout).until(EC.element_to_be_clickable(locator))\n           ^^^^^^^^^^^^^^^^^^^^^^^^^^^^^^^^^^^^^^^^^^^^^^^^^^^^^^^^^^^^^^^^^^^^^\n  File \"/opt/hostedtoolcache/Python/3.11.5/x64/lib/python3.11/site-packages/selenium/webdriver/support/wait.py\", line 95, in until\n    raise TimeoutException(message, screen, stacktrace)\n","steps":[{"name":"Find clickable elements","time":{"start":1696814271914,"stop":1696814277077,"duration":5163},"status":"broken","statusMessage":"selenium.common.exceptions.TimeoutException: Message: \nStacktrace:\n#0 0x55e2c63d26b3 <unknown>\n#1 0x55e2c60a81e7 <unknown>\n#2 0x55e2c60ef566 <unknown>\n#3 0x55e2c60ef651 <unknown>\n#4 0x55e2c612ca74 <unknown>\n#5 0x55e2c61110ed <unknown>\n#6 0x55e2c612a322 <unknown>\n#7 0x55e2c6110e93 <unknown>\n#8 0x55e2c60e3934 <unknown>\n#9 0x55e2c60e471e <unknown>\n#10 0x55e2c6397cb8 <unknown>\n#11 0x55e2c639bbf0 <unknown>\n#12 0x55e2c63a619c <unknown>\n#13 0x55e2c639c808 <unknown>\n#14 0x55e2c636927f <unknown>\n#15 0x55e2c63c0e88 <unknown>\n#16 0x55e2c63c1059 <unknown>\n#17 0x55e2c63d1843 <unknown>\n#18 0x7f5af2c94b43 <unknown>\n\n","statusTrace":"  File \"/opt/hostedtoolcache/Python/3.11.5/x64/lib/python3.11/site-packages/allure_commons/_allure.py\", line 192, in impl\n    return func(*a, **kw)\n           ^^^^^^^^^^^^^^\n  File \"/home/runner/work/luma_project/luma_project/pages/base_page.py\", line 80, in element_is_clickable\n    return wait(self.driver, timeout).until(EC.element_to_be_clickable(locator))\n           ^^^^^^^^^^^^^^^^^^^^^^^^^^^^^^^^^^^^^^^^^^^^^^^^^^^^^^^^^^^^^^^^^^^^^\n  File \"/opt/hostedtoolcache/Python/3.11.5/x64/lib/python3.11/site-packages/selenium/webdriver/support/wait.py\", line 95, in until\n    raise TimeoutException(message, screen, stacktrace)\n","steps":[],"attachments":[],"parameters":[{"name":"locator","value":"('css selector', '#captcha_user_forgotpassword')"},{"name":"timeout","value":"5"}],"shouldDisplayMessage":true,"stepsCount":0,"attachmentsCount":0,"hasContent":true}],"attachments":[],"parameters":[],"shouldDisplayMessage":false,"stepsCount":1,"attachmentsCount":0,"hasContent":true}],"attachments":[],"parameters":[{"name":"text","value":"'FcZ9lV'"}],"shouldDisplayMessage":false,"stepsCount":2,"attachmentsCount":0,"hasContent":true}],"attachments":[{"uid":"e805cf710d890864","name":"Screenshot","source":"e805cf710d890864.png","type":"image/png","size":73852},{"uid":"334bb96944f4cfb1","name":"HTML source","source":"334bb96944f4cfb1.html","type":"text/html","size":78444}],"parameters":[],"shouldDisplayMessage":true,"stepsCount":3,"attachmentsCount":2,"hasContent":true},"afterStages":[{"name":"driver::0","time":{"start":1696814277273,"stop":1696814277339,"duration":66},"status":"passed","steps":[],"attachments":[],"parameters":[],"shouldDisplayMessage":false,"stepsCount":0,"attachmentsCount":0,"hasContent":false},{"name":"clear_allure_result_folder::0","time":{"start":1696815828491,"stop":1696815828491,"duration":0},"status":"passed","steps":[],"attachments":[],"parameters":[],"shouldDisplayMessage":false,"stepsCount":0,"attachmentsCount":0,"hasContent":false}],"labels":[{"name":"epic","value":"Forgot Your Password Functionality"},{"name":"parentSuite","value":"tests"},{"name":"suite","value":"test_forgot_your_password"},{"name":"subSuite","value":"TestForgotYourPasswordFunctionality"},{"name":"host","value":"fv-az256-664"},{"name":"thread","value":"2922-MainThread"},{"name":"framework","value":"pytest"},{"name":"language","value":"cpython3"},{"name":"package","value":"tests.test_forgot_your_password"},{"name":"resultFormat","value":"allure2"}],"parameters":[],"links":[],"hidden":false,"retry":false,"extra":{"severity":"normal","retries":[],"categories":[{"name":"Test defects","matchedStatuses":[],"flaky":false}],"history":{"statistic":{"failed":0,"broken":2,"skipped":0,"passed":0,"unknown":0,"total":2},"items":[{"uid":"a722e7091c984be2","reportUrl":"https://verafes.github.io/luma_project/91//#testresult/a722e7091c984be2","status":"broken","statusDetails":"selenium.common.exceptions.TimeoutException: Message: \nStacktrace:\n#0 0x5642df80a6b3 <unknown>\n#1 0x5642df4e01e7 <unknown>\n#2 0x5642df527566 <unknown>\n#3 0x5642df527651 <unknown>\n#4 0x5642df564a74 <unknown>\n#5 0x5642df5490ed <unknown>\n#6 0x5642df562322 <unknown>\n#7 0x5642df548e93 <unknown>\n#8 0x5642df51b934 <unknown>\n#9 0x5642df51c71e <unknown>\n#10 0x5642df7cfcb8 <unknown>\n#11 0x5642df7d3bf0 <unknown>\n#12 0x5642df7de19c <unknown>\n#13 0x5642df7d4808 <unknown>\n#14 0x5642df7a127f <unknown>\n#15 0x5642df7f8e88 <unknown>\n#16 0x5642df7f9059 <unknown>\n#17 0x5642df809843 <unknown>\n#18 0x7f0f74294b43 <unknown>","time":{"start":1696728054589,"stop":1696728059703,"duration":5114}}]},"tags":[]},"source":"7e2d0f33cb04cf9b.json","parameterValues":[]}