{"uid":"ab359922e8d528ba","name":"TC 03.02.01 to 03_02_10 Verify Failed Login, no error validation","fullName":"tests.test_sign_in.TestFailedLogin#test_03_02_01_to_03_02_10_login","historyId":"a4c3e330a0503b28a509cfdc77458040","time":{"start":1730858792975,"stop":1730858796256,"duration":3281},"description":"Check Success and Failed Login, no error validation","descriptionHtml":"<p>Check Success and Failed Login, no error validation</p>\n","status":"broken","statusMessage":"selenium.common.exceptions.ElementClickInterceptedException: Message: element click intercepted: Element <input name=\"login[password]\" type=\"password\" autocomplete=\"off\" class=\"input-text\" id=\"pass\" title=\"Password\" data-validate=\"{required:true}\" aria-required=\"true\"> is not clickable at point (560, 845). Other element would receive the click: <div id=\"aswift_3_host\" style=\"border: none !important; height: 90px !important; width: 100% !important; margin: 0px !important; padding: 0px !important; position: relative !important; visibility: visible !important; background-color: transparent !important; display: inline-block !important; inset: auto !important; clear: none !important; float: none !important; max-height: none !important; max-width: none !important; opacity: 1 !important; overflow: visible !important; vertical-align: baseline !important; z-index: auto !important;\">...</div>\n  (Session info: chrome=130.0.6723.58)\nStacktrace:\n#0 0x55c1051720aa <unknown>\n#1 0x55c104c891a0 <unknown>\n#2 0x55c104cdc896 <unknown>\n#3 0x55c104cda82d <unknown>\n#4 0x55c104cd82d7 <unknown>\n#5 0x55c104cd76f1 <unknown>\n#6 0x55c104ccacf8 <unknown>\n#7 0x55c104cf9d82 <unknown>\n#8 0x55c104cca6d8 <unknown>\n#9 0x55c104cf9f4e <unknown>\n#10 0x55c104d18866 <unknown>\n#11 0x55c104cf9b23 <unknown>\n#12 0x55c104cc8990 <unknown>\n#13 0x55c104cc996e <unknown>\n#14 0x55c10513e16b <unknown>\n#15 0x55c105141f68 <unknown>\n#16 0x55c10512b64c <unknown>\n#17 0x55c105142ae7 <unknown>\n#18 0x55c1051104af <unknown>\n#19 0x55c1051604f8 <unknown>\n#20 0x55c1051606c0 <unknown>\n#21 0x55c105170f26 <unknown>\n#22 0x7fe25b494ac3 <unknown>","statusTrace":"self = <test_sign_in.TestFailedLogin object at 0x7fd1517b09d0>\ndriver = <selenium.webdriver.chrome.webdriver.WebDriver (session=\"9c9886fc58fbb7ee77a72f14f2055ec0\")>\nemail = 'teston120@mailinator.com', password = 'Test#12p@ssw0rd'\n\n    @allure.title('TC 03.02.01 to 03_02_10 Verify Failed Login, no error validation')\n    @pytest.mark.parametrize('email, password', LOGIN)\n    def test_03_02_01_to_03_02_10_login(self, driver, email, password):\n        \"\"\"Check Success and Failed Login, no error validation\"\"\"\n        sign_in_page = SignInPage(driver, SIGN_IN_URL)\n        sign_in_page.open()\n        sign_in_page.fill_in_email_field(email)\n>       sign_in_page.fill_in_password_field(password)\n\ntests/test_sign_in.py:257: \n_ _ _ _ _ _ _ _ _ _ _ _ _ _ _ _ _ _ _ _ _ _ _ _ _ _ _ _ _ _ _ _ _ _ _ _ _ _ _ _ \npages/sign_in_page.py:88: in fill_in_password_field\n    return self.fill_in_field(self.check_customer_password_field_is_clickable(), password)\npages/base_page.py:319: in fill_in_field\n    input_field.click()\n/opt/hostedtoolcache/Python/3.11.10/x64/lib/python3.11/site-packages/selenium/webdriver/remote/webelement.py:93: in click\n    self._execute(Command.CLICK_ELEMENT)\n/opt/hostedtoolcache/Python/3.11.10/x64/lib/python3.11/site-packages/selenium/webdriver/remote/webelement.py:394: in _execute\n    return self._parent.execute(command, params)\n/opt/hostedtoolcache/Python/3.11.10/x64/lib/python3.11/site-packages/selenium/webdriver/remote/webdriver.py:344: in execute\n    self.error_handler.check_response(response)\n_ _ _ _ _ _ _ _ _ _ _ _ _ _ _ _ _ _ _ _ _ _ _ _ _ _ _ _ _ _ _ _ _ _ _ _ _ _ _ _ \n\nself = <selenium.webdriver.remote.errorhandler.ErrorHandler object at 0x7fd152f64810>\nresponse = {'status': 400, 'value': '{\"value\":{\"error\":\"element click intercepted\",\"message\":\"element click intercepted: Element ...\\\\n#20 0x55c1051606c0 \\\\u003Cunknown>\\\\n#21 0x55c105170f26 \\\\u003Cunknown>\\\\n#22 0x7fe25b494ac3 \\\\u003Cunknown>\\\\n\"}}'}\n\n    def check_response(self, response: Dict[str, Any]) -> None:\n        \"\"\"Checks that a JSON response from the WebDriver does not have an\n        error.\n    \n        :Args:\n         - response - The JSON response from the WebDriver server as a dictionary\n           object.\n    \n        :Raises: If the response contains an error message.\n        \"\"\"\n        status = response.get(\"status\", None)\n        if not status or status == ErrorCode.SUCCESS:\n            return\n        value = None\n        message = response.get(\"message\", \"\")\n        screen: str = response.get(\"screen\", \"\")\n        stacktrace = None\n        if isinstance(status, int):\n            value_json = response.get(\"value\", None)\n            if value_json and isinstance(value_json, str):\n                import json\n    \n                try:\n                    value = json.loads(value_json)\n                    if len(value) == 1:\n                        value = value[\"value\"]\n                    status = value.get(\"error\", None)\n                    if not status:\n                        status = value.get(\"status\", ErrorCode.UNKNOWN_ERROR)\n                        message = value.get(\"value\") or value.get(\"message\")\n                        if not isinstance(message, str):\n                            value = message\n                            message = message.get(\"message\")\n                    else:\n                        message = value.get(\"message\", None)\n                except ValueError:\n                    pass\n    \n        exception_class: Type[WebDriverException]\n        e = ErrorCode()\n        error_codes = [item for item in dir(e) if not item.startswith(\"__\")]\n        for error_code in error_codes:\n            error_info = getattr(ErrorCode, error_code)\n            if isinstance(error_info, list) and status in error_info:\n                exception_class = getattr(ExceptionMapping, error_code, WebDriverException)\n                break\n        else:\n            exception_class = WebDriverException\n    \n        if not value:\n            value = response[\"value\"]\n        if isinstance(value, str):\n            raise exception_class(value)\n        if message == \"\" and \"message\" in value:\n            message = value[\"message\"]\n    \n        screen = None  # type: ignore[assignment]\n        if \"screen\" in value:\n            screen = value[\"screen\"]\n    \n        stacktrace = None\n        st_value = value.get(\"stackTrace\") or value.get(\"stacktrace\")\n        if st_value:\n            if isinstance(st_value, str):\n                stacktrace = st_value.split(\"\\n\")\n            else:\n                stacktrace = []\n                try:\n                    for frame in st_value:\n                        line = frame.get(\"lineNumber\", \"\")\n                        file = frame.get(\"fileName\", \"<anonymous>\")\n                        if line:\n                            file = f\"{file}:{line}\"\n                        meth = frame.get(\"methodName\", \"<anonymous>\")\n                        if \"className\" in frame:\n                            meth = f\"{frame['className']}.{meth}\"\n                        msg = \"    at %s (%s)\"\n                        msg = msg % (meth, file)\n                        stacktrace.append(msg)\n                except TypeError:\n                    pass\n        if exception_class == UnexpectedAlertPresentException:\n            alert_text = None\n            if \"data\" in value:\n                alert_text = value[\"data\"].get(\"text\")\n            elif \"alert\" in value:\n                alert_text = value[\"alert\"].get(\"text\")\n            raise exception_class(message, screen, stacktrace, alert_text)  # type: ignore[call-arg]  # mypy is not smart enough here\n>       raise exception_class(message, screen, stacktrace)\nE       selenium.common.exceptions.ElementClickInterceptedException: Message: element click intercepted: Element <input name=\"login[password]\" type=\"password\" autocomplete=\"off\" class=\"input-text\" id=\"pass\" title=\"Password\" data-validate=\"{required:true}\" aria-required=\"true\"> is not clickable at point (560, 845). Other element would receive the click: <div id=\"aswift_3_host\" style=\"border: none !important; height: 90px !important; width: 100% !important; margin: 0px !important; padding: 0px !important; position: relative !important; visibility: visible !important; background-color: transparent !important; display: inline-block !important; inset: auto !important; clear: none !important; float: none !important; max-height: none !important; max-width: none !important; opacity: 1 !important; overflow: visible !important; vertical-align: baseline !important; z-index: auto !important;\">...</div>\nE         (Session info: chrome=130.0.6723.58)\nE       Stacktrace:\nE       #0 0x55c1051720aa <unknown>\nE       #1 0x55c104c891a0 <unknown>\nE       #2 0x55c104cdc896 <unknown>\nE       #3 0x55c104cda82d <unknown>\nE       #4 0x55c104cd82d7 <unknown>\nE       #5 0x55c104cd76f1 <unknown>\nE       #6 0x55c104ccacf8 <unknown>\nE       #7 0x55c104cf9d82 <unknown>\nE       #8 0x55c104cca6d8 <unknown>\nE       #9 0x55c104cf9f4e <unknown>\nE       #10 0x55c104d18866 <unknown>\nE       #11 0x55c104cf9b23 <unknown>\nE       #12 0x55c104cc8990 <unknown>\nE       #13 0x55c104cc996e <unknown>\nE       #14 0x55c10513e16b <unknown>\nE       #15 0x55c105141f68 <unknown>\nE       #16 0x55c10512b64c <unknown>\nE       #17 0x55c105142ae7 <unknown>\nE       #18 0x55c1051104af <unknown>\nE       #19 0x55c1051604f8 <unknown>\nE       #20 0x55c1051606c0 <unknown>\nE       #21 0x55c105170f26 <unknown>\nE       #22 0x7fe25b494ac3 <unknown>\n\n/opt/hostedtoolcache/Python/3.11.10/x64/lib/python3.11/site-packages/selenium/webdriver/remote/errorhandler.py:229: ElementClickInterceptedException","flaky":false,"newFailed":false,"newBroken":true,"newPassed":false,"retriesCount":0,"retriesStatusChange":false,"beforeStages":[{"name":"_session_faker","time":{"start":1730856963016,"stop":1730856963081,"duration":65},"status":"passed","steps":[],"attachments":[],"parameters":[],"shouldDisplayMessage":false,"stepsCount":0,"attachmentsCount":0,"hasContent":false,"attachmentStep":false},{"name":"clear_allure_result_folder","time":{"start":1730856963081,"stop":1730856963081,"duration":0},"status":"passed","steps":[],"attachments":[],"parameters":[],"shouldDisplayMessage":false,"stepsCount":0,"attachmentsCount":0,"hasContent":false,"attachmentStep":false},{"name":"driver","time":{"start":1730858791704,"stop":1730858792975,"duration":1271},"status":"passed","steps":[],"attachments":[],"parameters":[],"shouldDisplayMessage":false,"stepsCount":0,"attachmentsCount":0,"hasContent":false,"attachmentStep":false}],"testStage":{"description":"Check Success and Failed Login, no error validation","status":"broken","statusMessage":"selenium.common.exceptions.ElementClickInterceptedException: Message: element click intercepted: Element <input name=\"login[password]\" type=\"password\" autocomplete=\"off\" class=\"input-text\" id=\"pass\" title=\"Password\" data-validate=\"{required:true}\" aria-required=\"true\"> is not clickable at point (560, 845). Other element would receive the click: <div id=\"aswift_3_host\" style=\"border: none !important; height: 90px !important; width: 100% !important; margin: 0px !important; padding: 0px !important; position: relative !important; visibility: visible !important; background-color: transparent !important; display: inline-block !important; inset: auto !important; clear: none !important; float: none !important; max-height: none !important; max-width: none !important; opacity: 1 !important; overflow: visible !important; vertical-align: baseline !important; z-index: auto !important;\">...</div>\n  (Session info: chrome=130.0.6723.58)\nStacktrace:\n#0 0x55c1051720aa <unknown>\n#1 0x55c104c891a0 <unknown>\n#2 0x55c104cdc896 <unknown>\n#3 0x55c104cda82d <unknown>\n#4 0x55c104cd82d7 <unknown>\n#5 0x55c104cd76f1 <unknown>\n#6 0x55c104ccacf8 <unknown>\n#7 0x55c104cf9d82 <unknown>\n#8 0x55c104cca6d8 <unknown>\n#9 0x55c104cf9f4e <unknown>\n#10 0x55c104d18866 <unknown>\n#11 0x55c104cf9b23 <unknown>\n#12 0x55c104cc8990 <unknown>\n#13 0x55c104cc996e <unknown>\n#14 0x55c10513e16b <unknown>\n#15 0x55c105141f68 <unknown>\n#16 0x55c10512b64c <unknown>\n#17 0x55c105142ae7 <unknown>\n#18 0x55c1051104af <unknown>\n#19 0x55c1051604f8 <unknown>\n#20 0x55c1051606c0 <unknown>\n#21 0x55c105170f26 <unknown>\n#22 0x7fe25b494ac3 <unknown>","statusTrace":"self = <test_sign_in.TestFailedLogin object at 0x7fd1517b09d0>\ndriver = <selenium.webdriver.chrome.webdriver.WebDriver (session=\"9c9886fc58fbb7ee77a72f14f2055ec0\")>\nemail = 'teston120@mailinator.com', password = 'Test#12p@ssw0rd'\n\n    @allure.title('TC 03.02.01 to 03_02_10 Verify Failed Login, no error validation')\n    @pytest.mark.parametrize('email, password', LOGIN)\n    def test_03_02_01_to_03_02_10_login(self, driver, email, password):\n        \"\"\"Check Success and Failed Login, no error validation\"\"\"\n        sign_in_page = SignInPage(driver, SIGN_IN_URL)\n        sign_in_page.open()\n        sign_in_page.fill_in_email_field(email)\n>       sign_in_page.fill_in_password_field(password)\n\ntests/test_sign_in.py:257: \n_ _ _ _ _ _ _ _ _ _ _ _ _ _ _ _ _ _ _ _ _ _ _ _ _ _ _ _ _ _ _ _ _ _ _ _ _ _ _ _ \npages/sign_in_page.py:88: in fill_in_password_field\n    return self.fill_in_field(self.check_customer_password_field_is_clickable(), password)\npages/base_page.py:319: in fill_in_field\n    input_field.click()\n/opt/hostedtoolcache/Python/3.11.10/x64/lib/python3.11/site-packages/selenium/webdriver/remote/webelement.py:93: in click\n    self._execute(Command.CLICK_ELEMENT)\n/opt/hostedtoolcache/Python/3.11.10/x64/lib/python3.11/site-packages/selenium/webdriver/remote/webelement.py:394: in _execute\n    return self._parent.execute(command, params)\n/opt/hostedtoolcache/Python/3.11.10/x64/lib/python3.11/site-packages/selenium/webdriver/remote/webdriver.py:344: in execute\n    self.error_handler.check_response(response)\n_ _ _ _ _ _ _ _ _ _ _ _ _ _ _ _ _ _ _ _ _ _ _ _ _ _ _ _ _ _ _ _ _ _ _ _ _ _ _ _ \n\nself = <selenium.webdriver.remote.errorhandler.ErrorHandler object at 0x7fd152f64810>\nresponse = {'status': 400, 'value': '{\"value\":{\"error\":\"element click intercepted\",\"message\":\"element click intercepted: Element ...\\\\n#20 0x55c1051606c0 \\\\u003Cunknown>\\\\n#21 0x55c105170f26 \\\\u003Cunknown>\\\\n#22 0x7fe25b494ac3 \\\\u003Cunknown>\\\\n\"}}'}\n\n    def check_response(self, response: Dict[str, Any]) -> None:\n        \"\"\"Checks that a JSON response from the WebDriver does not have an\n        error.\n    \n        :Args:\n         - response - The JSON response from the WebDriver server as a dictionary\n           object.\n    \n        :Raises: If the response contains an error message.\n        \"\"\"\n        status = response.get(\"status\", None)\n        if not status or status == ErrorCode.SUCCESS:\n            return\n        value = None\n        message = response.get(\"message\", \"\")\n        screen: str = response.get(\"screen\", \"\")\n        stacktrace = None\n        if isinstance(status, int):\n            value_json = response.get(\"value\", None)\n            if value_json and isinstance(value_json, str):\n                import json\n    \n                try:\n                    value = json.loads(value_json)\n                    if len(value) == 1:\n                        value = value[\"value\"]\n                    status = value.get(\"error\", None)\n                    if not status:\n                        status = value.get(\"status\", ErrorCode.UNKNOWN_ERROR)\n                        message = value.get(\"value\") or value.get(\"message\")\n                        if not isinstance(message, str):\n                            value = message\n                            message = message.get(\"message\")\n                    else:\n                        message = value.get(\"message\", None)\n                except ValueError:\n                    pass\n    \n        exception_class: Type[WebDriverException]\n        e = ErrorCode()\n        error_codes = [item for item in dir(e) if not item.startswith(\"__\")]\n        for error_code in error_codes:\n            error_info = getattr(ErrorCode, error_code)\n            if isinstance(error_info, list) and status in error_info:\n                exception_class = getattr(ExceptionMapping, error_code, WebDriverException)\n                break\n        else:\n            exception_class = WebDriverException\n    \n        if not value:\n            value = response[\"value\"]\n        if isinstance(value, str):\n            raise exception_class(value)\n        if message == \"\" and \"message\" in value:\n            message = value[\"message\"]\n    \n        screen = None  # type: ignore[assignment]\n        if \"screen\" in value:\n            screen = value[\"screen\"]\n    \n        stacktrace = None\n        st_value = value.get(\"stackTrace\") or value.get(\"stacktrace\")\n        if st_value:\n            if isinstance(st_value, str):\n                stacktrace = st_value.split(\"\\n\")\n            else:\n                stacktrace = []\n                try:\n                    for frame in st_value:\n                        line = frame.get(\"lineNumber\", \"\")\n                        file = frame.get(\"fileName\", \"<anonymous>\")\n                        if line:\n                            file = f\"{file}:{line}\"\n                        meth = frame.get(\"methodName\", \"<anonymous>\")\n                        if \"className\" in frame:\n                            meth = f\"{frame['className']}.{meth}\"\n                        msg = \"    at %s (%s)\"\n                        msg = msg % (meth, file)\n                        stacktrace.append(msg)\n                except TypeError:\n                    pass\n        if exception_class == UnexpectedAlertPresentException:\n            alert_text = None\n            if \"data\" in value:\n                alert_text = value[\"data\"].get(\"text\")\n            elif \"alert\" in value:\n                alert_text = value[\"alert\"].get(\"text\")\n            raise exception_class(message, screen, stacktrace, alert_text)  # type: ignore[call-arg]  # mypy is not smart enough here\n>       raise exception_class(message, screen, stacktrace)\nE       selenium.common.exceptions.ElementClickInterceptedException: Message: element click intercepted: Element <input name=\"login[password]\" type=\"password\" autocomplete=\"off\" class=\"input-text\" id=\"pass\" title=\"Password\" data-validate=\"{required:true}\" aria-required=\"true\"> is not clickable at point (560, 845). Other element would receive the click: <div id=\"aswift_3_host\" style=\"border: none !important; height: 90px !important; width: 100% !important; margin: 0px !important; padding: 0px !important; position: relative !important; visibility: visible !important; background-color: transparent !important; display: inline-block !important; inset: auto !important; clear: none !important; float: none !important; max-height: none !important; max-width: none !important; opacity: 1 !important; overflow: visible !important; vertical-align: baseline !important; z-index: auto !important;\">...</div>\nE         (Session info: chrome=130.0.6723.58)\nE       Stacktrace:\nE       #0 0x55c1051720aa <unknown>\nE       #1 0x55c104c891a0 <unknown>\nE       #2 0x55c104cdc896 <unknown>\nE       #3 0x55c104cda82d <unknown>\nE       #4 0x55c104cd82d7 <unknown>\nE       #5 0x55c104cd76f1 <unknown>\nE       #6 0x55c104ccacf8 <unknown>\nE       #7 0x55c104cf9d82 <unknown>\nE       #8 0x55c104cca6d8 <unknown>\nE       #9 0x55c104cf9f4e <unknown>\nE       #10 0x55c104d18866 <unknown>\nE       #11 0x55c104cf9b23 <unknown>\nE       #12 0x55c104cc8990 <unknown>\nE       #13 0x55c104cc996e <unknown>\nE       #14 0x55c10513e16b <unknown>\nE       #15 0x55c105141f68 <unknown>\nE       #16 0x55c10512b64c <unknown>\nE       #17 0x55c105142ae7 <unknown>\nE       #18 0x55c1051104af <unknown>\nE       #19 0x55c1051604f8 <unknown>\nE       #20 0x55c1051606c0 <unknown>\nE       #21 0x55c105170f26 <unknown>\nE       #22 0x7fe25b494ac3 <unknown>\n\n/opt/hostedtoolcache/Python/3.11.10/x64/lib/python3.11/site-packages/selenium/webdriver/remote/errorhandler.py:229: ElementClickInterceptedException","steps":[{"name":"Open a browser","time":{"start":1730858792975,"stop":1730858794816,"duration":1841},"status":"passed","steps":[],"attachments":[],"parameters":[],"shouldDisplayMessage":false,"stepsCount":0,"attachmentsCount":0,"hasContent":false,"attachmentStep":false},{"name":"Fill in Email field","time":{"start":1730858794817,"stop":1730858795115,"duration":298},"status":"passed","steps":[{"name":"Check Email field is clickable","time":{"start":1730858794817,"stop":1730858794848,"duration":31},"status":"passed","steps":[{"name":"Find clickable elements","time":{"start":1730858794817,"stop":1730858794848,"duration":31},"status":"passed","steps":[],"attachments":[],"parameters":[{"name":"locator","value":"('css selector', '#email')"},{"name":"timeout","value":"5"}],"shouldDisplayMessage":false,"stepsCount":0,"attachmentsCount":0,"hasContent":true,"attachmentStep":false}],"attachments":[],"parameters":[],"shouldDisplayMessage":false,"stepsCount":1,"attachmentsCount":0,"hasContent":true,"attachmentStep":false},{"name":"Fill in a field","time":{"start":1730858794848,"stop":1730858795115,"duration":267},"status":"passed","steps":[{"name":"Find clickable elements","time":{"start":1730858794848,"stop":1730858794868,"duration":20},"status":"passed","steps":[],"attachments":[],"parameters":[{"name":"locator","value":"<selenium.webdriver.remote.webelement.WebElement (session=\"9c9886fc58fbb7ee77a72f14f2055ec0\", element=\"f.26AF9AA72D57A2195C91318281F48096.d.10F89563ADAA74B3F1AA996E8A674B4D.e.7\")>"},{"name":"timeout","value":"5"}],"shouldDisplayMessage":false,"stepsCount":0,"attachmentsCount":0,"hasContent":true,"attachmentStep":false}],"attachments":[],"parameters":[{"name":"locator","value":"<selenium.webdriver.remote.webelement.WebElement (session=\"9c9886fc58fbb7ee77a72f14f2055ec0\", element=\"f.26AF9AA72D57A2195C91318281F48096.d.10F89563ADAA74B3F1AA996E8A674B4D.e.7\")>"},{"name":"value","value":"'teston120@mailinator.com'"}],"shouldDisplayMessage":false,"stepsCount":1,"attachmentsCount":0,"hasContent":true,"attachmentStep":false}],"attachments":[],"parameters":[{"name":"email","value":"'teston120@mailinator.com'"}],"shouldDisplayMessage":false,"stepsCount":4,"attachmentsCount":0,"hasContent":true,"attachmentStep":false},{"name":"Fill in Password field","time":{"start":1730858795115,"stop":1730858796256,"duration":1141},"status":"broken","statusMessage":"selenium.common.exceptions.ElementClickInterceptedException: Message: element click intercepted: Element <input name=\"login[password]\" type=\"password\" autocomplete=\"off\" class=\"input-text\" id=\"pass\" title=\"Password\" data-validate=\"{required:true}\" aria-required=\"true\"> is not clickable at point (560, 845). Other element would receive the click: <div id=\"aswift_3_host\" style=\"border: none !important; height: 90px !important; width: 100% !important; margin: 0px !important; padding: 0px !important; position: relative !important; visibility: visible !important; background-color: transparent !important; display: inline-block !important; inset: auto !important; clear: none !important; float: none !important; max-height: none !important; max-width: none !important; opacity: 1 !important; overflow: visible !important; vertical-align: baseline !important; z-index: auto !important;\">...</div>\n  (Session info: chrome=130.0.6723.58)\nStacktrace:\n#0 0x55c1051720aa <unknown>\n#1 0x55c104c891a0 <unknown>\n#2 0x55c104cdc896 <unknown>\n#3 0x55c104cda82d <unknown>\n#4 0x55c104cd82d7 <unknown>\n#5 0x55c104cd76f1 <unknown>\n#6 0x55c104ccacf8 <unknown>\n#7 0x55c104cf9d82 <unknown>\n#8 0x55c104cca6d8 <unknown>\n#9 0x55c104cf9f4e <unknown>\n#10 0x55c104d18866 <unknown>\n#11 0x55c104cf9b23 <unknown>\n#12 0x55c104cc8990 <unknown>\n#13 0x55c104cc996e <unknown>\n#14 0x55c10513e16b <unknown>\n#15 0x55c105141f68 <unknown>\n#16 0x55c10512b64c <unknown>\n#17 0x55c105142ae7 <unknown>\n#18 0x55c1051104af <unknown>\n#19 0x55c1051604f8 <unknown>\n#20 0x55c1051606c0 <unknown>\n#21 0x55c105170f26 <unknown>\n#22 0x7fe25b494ac3 <unknown>\n\n","statusTrace":"  File \"/opt/hostedtoolcache/Python/3.11.10/x64/lib/python3.11/site-packages/allure_commons/_allure.py\", line 192, in impl\n    return func(*a, **kw)\n           ^^^^^^^^^^^^^^\n  File \"/home/runner/work/luma_project/luma_project/pages/sign_in_page.py\", line 88, in fill_in_password_field\n    return self.fill_in_field(self.check_customer_password_field_is_clickable(), password)\n           ^^^^^^^^^^^^^^^^^^^^^^^^^^^^^^^^^^^^^^^^^^^^^^^^^^^^^^^^^^^^^^^^^^^^^^^^^^^^^^^\n  File \"/opt/hostedtoolcache/Python/3.11.10/x64/lib/python3.11/site-packages/allure_commons/_allure.py\", line 192, in impl\n    return func(*a, **kw)\n           ^^^^^^^^^^^^^^\n  File \"/home/runner/work/luma_project/luma_project/pages/base_page.py\", line 319, in fill_in_field\n    input_field.click()\n  File \"/opt/hostedtoolcache/Python/3.11.10/x64/lib/python3.11/site-packages/selenium/webdriver/remote/webelement.py\", line 93, in click\n    self._execute(Command.CLICK_ELEMENT)\n  File \"/opt/hostedtoolcache/Python/3.11.10/x64/lib/python3.11/site-packages/selenium/webdriver/remote/webelement.py\", line 394, in _execute\n    return self._parent.execute(command, params)\n           ^^^^^^^^^^^^^^^^^^^^^^^^^^^^^^^^^^^^^\n  File \"/opt/hostedtoolcache/Python/3.11.10/x64/lib/python3.11/site-packages/selenium/webdriver/remote/webdriver.py\", line 344, in execute\n    self.error_handler.check_response(response)\n  File \"/opt/hostedtoolcache/Python/3.11.10/x64/lib/python3.11/site-packages/selenium/webdriver/remote/errorhandler.py\", line 229, in check_response\n    raise exception_class(message, screen, stacktrace)\n","steps":[{"name":"Check Password field is clickable","time":{"start":1730858795115,"stop":1730858795141,"duration":26},"status":"passed","steps":[{"name":"Find clickable elements","time":{"start":1730858795115,"stop":1730858795141,"duration":26},"status":"passed","steps":[],"attachments":[],"parameters":[{"name":"locator","value":"('css selector', '#pass')"},{"name":"timeout","value":"5"}],"shouldDisplayMessage":false,"stepsCount":0,"attachmentsCount":0,"hasContent":true,"attachmentStep":false}],"attachments":[],"parameters":[],"shouldDisplayMessage":false,"stepsCount":1,"attachmentsCount":0,"hasContent":true,"attachmentStep":false},{"name":"Fill in a field","time":{"start":1730858795141,"stop":1730858796255,"duration":1114},"status":"broken","statusMessage":"selenium.common.exceptions.ElementClickInterceptedException: Message: element click intercepted: Element <input name=\"login[password]\" type=\"password\" autocomplete=\"off\" class=\"input-text\" id=\"pass\" title=\"Password\" data-validate=\"{required:true}\" aria-required=\"true\"> is not clickable at point (560, 845). Other element would receive the click: <div id=\"aswift_3_host\" style=\"border: none !important; height: 90px !important; width: 100% !important; margin: 0px !important; padding: 0px !important; position: relative !important; visibility: visible !important; background-color: transparent !important; display: inline-block !important; inset: auto !important; clear: none !important; float: none !important; max-height: none !important; max-width: none !important; opacity: 1 !important; overflow: visible !important; vertical-align: baseline !important; z-index: auto !important;\">...</div>\n  (Session info: chrome=130.0.6723.58)\nStacktrace:\n#0 0x55c1051720aa <unknown>\n#1 0x55c104c891a0 <unknown>\n#2 0x55c104cdc896 <unknown>\n#3 0x55c104cda82d <unknown>\n#4 0x55c104cd82d7 <unknown>\n#5 0x55c104cd76f1 <unknown>\n#6 0x55c104ccacf8 <unknown>\n#7 0x55c104cf9d82 <unknown>\n#8 0x55c104cca6d8 <unknown>\n#9 0x55c104cf9f4e <unknown>\n#10 0x55c104d18866 <unknown>\n#11 0x55c104cf9b23 <unknown>\n#12 0x55c104cc8990 <unknown>\n#13 0x55c104cc996e <unknown>\n#14 0x55c10513e16b <unknown>\n#15 0x55c105141f68 <unknown>\n#16 0x55c10512b64c <unknown>\n#17 0x55c105142ae7 <unknown>\n#18 0x55c1051104af <unknown>\n#19 0x55c1051604f8 <unknown>\n#20 0x55c1051606c0 <unknown>\n#21 0x55c105170f26 <unknown>\n#22 0x7fe25b494ac3 <unknown>\n\n","statusTrace":"  File \"/opt/hostedtoolcache/Python/3.11.10/x64/lib/python3.11/site-packages/allure_commons/_allure.py\", line 192, in impl\n    return func(*a, **kw)\n           ^^^^^^^^^^^^^^\n  File \"/home/runner/work/luma_project/luma_project/pages/base_page.py\", line 319, in fill_in_field\n    input_field.click()\n  File \"/opt/hostedtoolcache/Python/3.11.10/x64/lib/python3.11/site-packages/selenium/webdriver/remote/webelement.py\", line 93, in click\n    self._execute(Command.CLICK_ELEMENT)\n  File \"/opt/hostedtoolcache/Python/3.11.10/x64/lib/python3.11/site-packages/selenium/webdriver/remote/webelement.py\", line 394, in _execute\n    return self._parent.execute(command, params)\n           ^^^^^^^^^^^^^^^^^^^^^^^^^^^^^^^^^^^^^\n  File \"/opt/hostedtoolcache/Python/3.11.10/x64/lib/python3.11/site-packages/selenium/webdriver/remote/webdriver.py\", line 344, in execute\n    self.error_handler.check_response(response)\n  File \"/opt/hostedtoolcache/Python/3.11.10/x64/lib/python3.11/site-packages/selenium/webdriver/remote/errorhandler.py\", line 229, in check_response\n    raise exception_class(message, screen, stacktrace)\n","steps":[{"name":"Find clickable elements","time":{"start":1730858795141,"stop":1730858795156,"duration":15},"status":"passed","steps":[],"attachments":[],"parameters":[{"name":"locator","value":"<selenium.webdriver.remote.webelement.WebElement (session=\"9c9886fc58fbb7ee77a72f14f2055ec0\", element=\"f.26AF9AA72D57A2195C91318281F48096.d.10F89563ADAA74B3F1AA996E8A674B4D.e.8\")>"},{"name":"timeout","value":"5"}],"shouldDisplayMessage":false,"stepsCount":0,"attachmentsCount":0,"hasContent":true,"attachmentStep":false}],"attachments":[],"parameters":[{"name":"locator","value":"<selenium.webdriver.remote.webelement.WebElement (session=\"9c9886fc58fbb7ee77a72f14f2055ec0\", element=\"f.26AF9AA72D57A2195C91318281F48096.d.10F89563ADAA74B3F1AA996E8A674B4D.e.8\")>"},{"name":"value","value":"'Test#12p@ssw0rd'"}],"shouldDisplayMessage":true,"stepsCount":1,"attachmentsCount":0,"hasContent":true,"attachmentStep":false}],"attachments":[],"parameters":[{"name":"password","value":"'Test#12p@ssw0rd'"}],"shouldDisplayMessage":false,"stepsCount":4,"attachmentsCount":0,"hasContent":true,"attachmentStep":false}],"attachments":[{"uid":"a0e6498dc39e7430","name":"Screenshot","source":"a0e6498dc39e7430.png","type":"image/png","size":160555},{"uid":"4f038d62b7d835ac","name":"HTML source","source":"4f038d62b7d835ac.html","type":"text/html","size":173711}],"parameters":[],"shouldDisplayMessage":true,"stepsCount":11,"attachmentsCount":2,"hasContent":true,"attachmentStep":false},"afterStages":[{"name":"driver::0","time":{"start":1730858796420,"stop":1730858796495,"duration":75},"status":"passed","steps":[],"attachments":[],"parameters":[],"shouldDisplayMessage":false,"stepsCount":0,"attachmentsCount":0,"hasContent":false,"attachmentStep":false},{"name":"clear_allure_result_folder::0","time":{"start":1730858923681,"stop":1730858923681,"duration":0},"status":"passed","steps":[],"attachments":[],"parameters":[],"shouldDisplayMessage":false,"stepsCount":0,"attachmentsCount":0,"hasContent":false,"attachmentStep":false}],"labels":[{"name":"feature","value":"Failed Login Functionality"},{"name":"parentSuite","value":"tests"},{"name":"suite","value":"test_sign_in"},{"name":"subSuite","value":"TestFailedLogin"},{"name":"host","value":"fv-az711-519"},{"name":"thread","value":"3043-MainThread"},{"name":"framework","value":"pytest"},{"name":"language","value":"cpython3"},{"name":"package","value":"tests.test_sign_in"},{"name":"resultFormat","value":"allure2"}],"parameters":[{"name":"email","value":"'teston120@mailinator.com'"},{"name":"password","value":"'Test#12p@ssw0rd'"}],"links":[],"hidden":false,"retry":false,"extra":{"severity":"normal","retries":[],"categories":[{"name":"Test defects","matchedStatuses":[],"flaky":false}],"history":{"statistic":{"failed":0,"broken":1,"skipped":0,"passed":3,"unknown":0,"total":4},"items":[{"uid":"eaab298592f6d2f8","reportUrl":"https://verafes.github.io/luma_project/485//#testresult/eaab298592f6d2f8","status":"passed","time":{"start":1730772086636,"stop":1730772091486,"duration":4850}},{"uid":"cf4b55ab18426169","reportUrl":"https://verafes.github.io/luma_project/484//#testresult/cf4b55ab18426169","status":"passed","time":{"start":1730685970714,"stop":1730685974855,"duration":4141}},{"uid":"3979a12be091aac6","reportUrl":"https://verafes.github.io/luma_project/483//#testresult/3979a12be091aac6","status":"passed","time":{"start":1730599611368,"stop":1730599615218,"duration":3850}}]},"tags":[]},"source":"ab359922e8d528ba.json","parameterValues":["'teston120@mailinator.com'","'Test#12p@ssw0rd'"]}