{"uid":"9e356c7e9e3d6b3e","name":"TC 13.01.31_01 - Check correctness of the image in block 4 'home-performance' in the Promo Block","fullName":"tests.test_main_page.TestPromoBlock#test_tc_13_01_31_01_check_image_correctness_in_section2_block4","historyId":"2a9c35fa93daa5c859244003a832e896","time":{"start":1736733509096,"stop":1736733510167,"duration":1071},"description":"This test checks if the image in section 2 block 4 'home-performance' is correct","descriptionHtml":"<p>This test checks if the image in section 2 block 4 'home-performance' is correct</p>\n","status":"broken","statusMessage":"selenium.common.exceptions.NoSuchElementException: Message: no such element: Unable to locate element: {\"method\":\"css selector\",\"selector\":\".home-performance img\"}\n  (Session info: chrome=131.0.6778.204); For documentation on this error, please visit: https://www.selenium.dev/documentation/webdriver/troubleshooting/errors#no-such-element-exception\nStacktrace:\n#0 0x563b1e8c08fa <unknown>\n#1 0x563b1e3d1d20 <unknown>\n#2 0x563b1e420a66 <unknown>\n#3 0x563b1e420d01 <unknown>\n#4 0x563b1e466184 <unknown>\n#5 0x563b1e444b1d <unknown>\n#6 0x563b1e463560 <unknown>\n#7 0x563b1e444893 <unknown>\n#8 0x563b1e41330d <unknown>\n#9 0x563b1e41432e <unknown>\n#10 0x563b1e88d00b <unknown>\n#11 0x563b1e890f97 <unknown>\n#12 0x563b1e87971c <unknown>\n#13 0x563b1e891b17 <unknown>\n#14 0x563b1e85e6cf <unknown>\n#15 0x563b1e8af6b8 <unknown>\n#16 0x563b1e8af880 <unknown>\n#17 0x563b1e8bf776 <unknown>\n#18 0x7f50c529ca94 <unknown>\n#19 0x7f50c5329c3c <unknown>","statusTrace":"self = <test_main_page.TestMainPage.TestPromoBlock object at 0x7f5ed8789ad0>\ndriver = <selenium.webdriver.chrome.webdriver.WebDriver (session=\"a1bb6ae5bf84d4742a4c19628bae57d8\")>\n\n    @allure.title(\"TC 13.01.31_01 - Check correctness of the image in block 4 'home-performance' in the Promo Block\")\n    def test_tc_13_01_31_01_check_image_correctness_in_section2_block4(self, driver):\n        \"\"\"This test checks if the image in section 2 block 4 'home-performance' is correct\"\"\"\n        page = PromoBlock(driver, MAIN_PAGE_URL)\n        page.open()\n>       block4_image = page.find_element(self.locators.SECTION_2_BLOCK_4_IMAGE)\n\ntests/test_main_page.py:432: \n_ _ _ _ _ _ _ _ _ _ _ _ _ _ _ _ _ _ _ _ _ _ _ _ _ _ _ _ _ _ _ _ _ _ _ _ _ _ _ _ \npages/base_page.py:201: in find_element\n    return self.driver.find_element(*locator)\n/opt/hostedtoolcache/Python/3.11.11/x64/lib/python3.11/site-packages/selenium/webdriver/remote/webdriver.py:738: in find_element\n    return self.execute(Command.FIND_ELEMENT, {\"using\": by, \"value\": value})[\"value\"]\n/opt/hostedtoolcache/Python/3.11.11/x64/lib/python3.11/site-packages/selenium/webdriver/remote/webdriver.py:344: in execute\n    self.error_handler.check_response(response)\n_ _ _ _ _ _ _ _ _ _ _ _ _ _ _ _ _ _ _ _ _ _ _ _ _ _ _ _ _ _ _ _ _ _ _ _ _ _ _ _ \n\nself = <selenium.webdriver.remote.errorhandler.ErrorHandler object at 0x7f5eda2afdd0>\nresponse = {'status': 404, 'value': '{\"value\":{\"error\":\"no such element\",\"message\":\"no such element: Unable to locate element: {\\...\\\\n#17 0x563b1e8bf776 \\\\u003Cunknown>\\\\n#18 0x7f50c529ca94 \\\\u003Cunknown>\\\\n#19 0x7f50c5329c3c \\\\u003Cunknown>\\\\n\"}}'}\n\n    def check_response(self, response: Dict[str, Any]) -> None:\n        \"\"\"Checks that a JSON response from the WebDriver does not have an\n        error.\n    \n        :Args:\n         - response - The JSON response from the WebDriver server as a dictionary\n           object.\n    \n        :Raises: If the response contains an error message.\n        \"\"\"\n        status = response.get(\"status\", None)\n        if not status or status == ErrorCode.SUCCESS:\n            return\n        value = None\n        message = response.get(\"message\", \"\")\n        screen: str = response.get(\"screen\", \"\")\n        stacktrace = None\n        if isinstance(status, int):\n            value_json = response.get(\"value\", None)\n            if value_json and isinstance(value_json, str):\n                import json\n    \n                try:\n                    value = json.loads(value_json)\n                    if len(value) == 1:\n                        value = value[\"value\"]\n                    status = value.get(\"error\", None)\n                    if not status:\n                        status = value.get(\"status\", ErrorCode.UNKNOWN_ERROR)\n                        message = value.get(\"value\") or value.get(\"message\")\n                        if not isinstance(message, str):\n                            value = message\n                            message = message.get(\"message\")\n                    else:\n                        message = value.get(\"message\", None)\n                except ValueError:\n                    pass\n    \n        exception_class: Type[WebDriverException]\n        e = ErrorCode()\n        error_codes = [item for item in dir(e) if not item.startswith(\"__\")]\n        for error_code in error_codes:\n            error_info = getattr(ErrorCode, error_code)\n            if isinstance(error_info, list) and status in error_info:\n                exception_class = getattr(ExceptionMapping, error_code, WebDriverException)\n                break\n        else:\n            exception_class = WebDriverException\n    \n        if not value:\n            value = response[\"value\"]\n        if isinstance(value, str):\n            raise exception_class(value)\n        if message == \"\" and \"message\" in value:\n            message = value[\"message\"]\n    \n        screen = None  # type: ignore[assignment]\n        if \"screen\" in value:\n            screen = value[\"screen\"]\n    \n        stacktrace = None\n        st_value = value.get(\"stackTrace\") or value.get(\"stacktrace\")\n        if st_value:\n            if isinstance(st_value, str):\n                stacktrace = st_value.split(\"\\n\")\n            else:\n                stacktrace = []\n                try:\n                    for frame in st_value:\n                        line = frame.get(\"lineNumber\", \"\")\n                        file = frame.get(\"fileName\", \"<anonymous>\")\n                        if line:\n                            file = f\"{file}:{line}\"\n                        meth = frame.get(\"methodName\", \"<anonymous>\")\n                        if \"className\" in frame:\n                            meth = f\"{frame['className']}.{meth}\"\n                        msg = \"    at %s (%s)\"\n                        msg = msg % (meth, file)\n                        stacktrace.append(msg)\n                except TypeError:\n                    pass\n        if exception_class == UnexpectedAlertPresentException:\n            alert_text = None\n            if \"data\" in value:\n                alert_text = value[\"data\"].get(\"text\")\n            elif \"alert\" in value:\n                alert_text = value[\"alert\"].get(\"text\")\n            raise exception_class(message, screen, stacktrace, alert_text)  # type: ignore[call-arg]  # mypy is not smart enough here\n>       raise exception_class(message, screen, stacktrace)\nE       selenium.common.exceptions.NoSuchElementException: Message: no such element: Unable to locate element: {\"method\":\"css selector\",\"selector\":\".home-performance img\"}\nE         (Session info: chrome=131.0.6778.204); For documentation on this error, please visit: https://www.selenium.dev/documentation/webdriver/troubleshooting/errors#no-such-element-exception\nE       Stacktrace:\nE       #0 0x563b1e8c08fa <unknown>\nE       #1 0x563b1e3d1d20 <unknown>\nE       #2 0x563b1e420a66 <unknown>\nE       #3 0x563b1e420d01 <unknown>\nE       #4 0x563b1e466184 <unknown>\nE       #5 0x563b1e444b1d <unknown>\nE       #6 0x563b1e463560 <unknown>\nE       #7 0x563b1e444893 <unknown>\nE       #8 0x563b1e41330d <unknown>\nE       #9 0x563b1e41432e <unknown>\nE       #10 0x563b1e88d00b <unknown>\nE       #11 0x563b1e890f97 <unknown>\nE       #12 0x563b1e87971c <unknown>\nE       #13 0x563b1e891b17 <unknown>\nE       #14 0x563b1e85e6cf <unknown>\nE       #15 0x563b1e8af6b8 <unknown>\nE       #16 0x563b1e8af880 <unknown>\nE       #17 0x563b1e8bf776 <unknown>\nE       #18 0x7f50c529ca94 <unknown>\nE       #19 0x7f50c5329c3c <unknown>\n\n/opt/hostedtoolcache/Python/3.11.11/x64/lib/python3.11/site-packages/selenium/webdriver/remote/errorhandler.py:229: NoSuchElementException","flaky":false,"newFailed":false,"newBroken":false,"newPassed":false,"retriesCount":0,"retriesStatusChange":false,"beforeStages":[{"name":"_session_faker","time":{"start":1736732570422,"stop":1736732570485,"duration":63},"status":"passed","steps":[],"attachments":[],"parameters":[],"shouldDisplayMessage":false,"stepsCount":0,"attachmentsCount":0,"hasContent":false,"attachmentStep":false},{"name":"clear_allure_result_folder","time":{"start":1736732570485,"stop":1736732570486,"duration":1},"status":"passed","steps":[],"attachments":[],"parameters":[],"shouldDisplayMessage":false,"stepsCount":0,"attachmentsCount":0,"hasContent":false,"attachmentStep":false},{"name":"driver","time":{"start":1736733507817,"stop":1736733509096,"duration":1279},"status":"passed","steps":[],"attachments":[],"parameters":[],"shouldDisplayMessage":false,"stepsCount":0,"attachmentsCount":0,"hasContent":false,"attachmentStep":false}],"testStage":{"description":"This test checks if the image in section 2 block 4 'home-performance' is correct","status":"broken","statusMessage":"selenium.common.exceptions.NoSuchElementException: Message: no such element: Unable to locate element: {\"method\":\"css selector\",\"selector\":\".home-performance img\"}\n  (Session info: chrome=131.0.6778.204); For documentation on this error, please visit: https://www.selenium.dev/documentation/webdriver/troubleshooting/errors#no-such-element-exception\nStacktrace:\n#0 0x563b1e8c08fa <unknown>\n#1 0x563b1e3d1d20 <unknown>\n#2 0x563b1e420a66 <unknown>\n#3 0x563b1e420d01 <unknown>\n#4 0x563b1e466184 <unknown>\n#5 0x563b1e444b1d <unknown>\n#6 0x563b1e463560 <unknown>\n#7 0x563b1e444893 <unknown>\n#8 0x563b1e41330d <unknown>\n#9 0x563b1e41432e <unknown>\n#10 0x563b1e88d00b <unknown>\n#11 0x563b1e890f97 <unknown>\n#12 0x563b1e87971c <unknown>\n#13 0x563b1e891b17 <unknown>\n#14 0x563b1e85e6cf <unknown>\n#15 0x563b1e8af6b8 <unknown>\n#16 0x563b1e8af880 <unknown>\n#17 0x563b1e8bf776 <unknown>\n#18 0x7f50c529ca94 <unknown>\n#19 0x7f50c5329c3c <unknown>","statusTrace":"self = <test_main_page.TestMainPage.TestPromoBlock object at 0x7f5ed8789ad0>\ndriver = <selenium.webdriver.chrome.webdriver.WebDriver (session=\"a1bb6ae5bf84d4742a4c19628bae57d8\")>\n\n    @allure.title(\"TC 13.01.31_01 - Check correctness of the image in block 4 'home-performance' in the Promo Block\")\n    def test_tc_13_01_31_01_check_image_correctness_in_section2_block4(self, driver):\n        \"\"\"This test checks if the image in section 2 block 4 'home-performance' is correct\"\"\"\n        page = PromoBlock(driver, MAIN_PAGE_URL)\n        page.open()\n>       block4_image = page.find_element(self.locators.SECTION_2_BLOCK_4_IMAGE)\n\ntests/test_main_page.py:432: \n_ _ _ _ _ _ _ _ _ _ _ _ _ _ _ _ _ _ _ _ _ _ _ _ _ _ _ _ _ _ _ _ _ _ _ _ _ _ _ _ \npages/base_page.py:201: in find_element\n    return self.driver.find_element(*locator)\n/opt/hostedtoolcache/Python/3.11.11/x64/lib/python3.11/site-packages/selenium/webdriver/remote/webdriver.py:738: in find_element\n    return self.execute(Command.FIND_ELEMENT, {\"using\": by, \"value\": value})[\"value\"]\n/opt/hostedtoolcache/Python/3.11.11/x64/lib/python3.11/site-packages/selenium/webdriver/remote/webdriver.py:344: in execute\n    self.error_handler.check_response(response)\n_ _ _ _ _ _ _ _ _ _ _ _ _ _ _ _ _ _ _ _ _ _ _ _ _ _ _ _ _ _ _ _ _ _ _ _ _ _ _ _ \n\nself = <selenium.webdriver.remote.errorhandler.ErrorHandler object at 0x7f5eda2afdd0>\nresponse = {'status': 404, 'value': '{\"value\":{\"error\":\"no such element\",\"message\":\"no such element: Unable to locate element: {\\...\\\\n#17 0x563b1e8bf776 \\\\u003Cunknown>\\\\n#18 0x7f50c529ca94 \\\\u003Cunknown>\\\\n#19 0x7f50c5329c3c \\\\u003Cunknown>\\\\n\"}}'}\n\n    def check_response(self, response: Dict[str, Any]) -> None:\n        \"\"\"Checks that a JSON response from the WebDriver does not have an\n        error.\n    \n        :Args:\n         - response - The JSON response from the WebDriver server as a dictionary\n           object.\n    \n        :Raises: If the response contains an error message.\n        \"\"\"\n        status = response.get(\"status\", None)\n        if not status or status == ErrorCode.SUCCESS:\n            return\n        value = None\n        message = response.get(\"message\", \"\")\n        screen: str = response.get(\"screen\", \"\")\n        stacktrace = None\n        if isinstance(status, int):\n            value_json = response.get(\"value\", None)\n            if value_json and isinstance(value_json, str):\n                import json\n    \n                try:\n                    value = json.loads(value_json)\n                    if len(value) == 1:\n                        value = value[\"value\"]\n                    status = value.get(\"error\", None)\n                    if not status:\n                        status = value.get(\"status\", ErrorCode.UNKNOWN_ERROR)\n                        message = value.get(\"value\") or value.get(\"message\")\n                        if not isinstance(message, str):\n                            value = message\n                            message = message.get(\"message\")\n                    else:\n                        message = value.get(\"message\", None)\n                except ValueError:\n                    pass\n    \n        exception_class: Type[WebDriverException]\n        e = ErrorCode()\n        error_codes = [item for item in dir(e) if not item.startswith(\"__\")]\n        for error_code in error_codes:\n            error_info = getattr(ErrorCode, error_code)\n            if isinstance(error_info, list) and status in error_info:\n                exception_class = getattr(ExceptionMapping, error_code, WebDriverException)\n                break\n        else:\n            exception_class = WebDriverException\n    \n        if not value:\n            value = response[\"value\"]\n        if isinstance(value, str):\n            raise exception_class(value)\n        if message == \"\" and \"message\" in value:\n            message = value[\"message\"]\n    \n        screen = None  # type: ignore[assignment]\n        if \"screen\" in value:\n            screen = value[\"screen\"]\n    \n        stacktrace = None\n        st_value = value.get(\"stackTrace\") or value.get(\"stacktrace\")\n        if st_value:\n            if isinstance(st_value, str):\n                stacktrace = st_value.split(\"\\n\")\n            else:\n                stacktrace = []\n                try:\n                    for frame in st_value:\n                        line = frame.get(\"lineNumber\", \"\")\n                        file = frame.get(\"fileName\", \"<anonymous>\")\n                        if line:\n                            file = f\"{file}:{line}\"\n                        meth = frame.get(\"methodName\", \"<anonymous>\")\n                        if \"className\" in frame:\n                            meth = f\"{frame['className']}.{meth}\"\n                        msg = \"    at %s (%s)\"\n                        msg = msg % (meth, file)\n                        stacktrace.append(msg)\n                except TypeError:\n                    pass\n        if exception_class == UnexpectedAlertPresentException:\n            alert_text = None\n            if \"data\" in value:\n                alert_text = value[\"data\"].get(\"text\")\n            elif \"alert\" in value:\n                alert_text = value[\"alert\"].get(\"text\")\n            raise exception_class(message, screen, stacktrace, alert_text)  # type: ignore[call-arg]  # mypy is not smart enough here\n>       raise exception_class(message, screen, stacktrace)\nE       selenium.common.exceptions.NoSuchElementException: Message: no such element: Unable to locate element: {\"method\":\"css selector\",\"selector\":\".home-performance img\"}\nE         (Session info: chrome=131.0.6778.204); For documentation on this error, please visit: https://www.selenium.dev/documentation/webdriver/troubleshooting/errors#no-such-element-exception\nE       Stacktrace:\nE       #0 0x563b1e8c08fa <unknown>\nE       #1 0x563b1e3d1d20 <unknown>\nE       #2 0x563b1e420a66 <unknown>\nE       #3 0x563b1e420d01 <unknown>\nE       #4 0x563b1e466184 <unknown>\nE       #5 0x563b1e444b1d <unknown>\nE       #6 0x563b1e463560 <unknown>\nE       #7 0x563b1e444893 <unknown>\nE       #8 0x563b1e41330d <unknown>\nE       #9 0x563b1e41432e <unknown>\nE       #10 0x563b1e88d00b <unknown>\nE       #11 0x563b1e890f97 <unknown>\nE       #12 0x563b1e87971c <unknown>\nE       #13 0x563b1e891b17 <unknown>\nE       #14 0x563b1e85e6cf <unknown>\nE       #15 0x563b1e8af6b8 <unknown>\nE       #16 0x563b1e8af880 <unknown>\nE       #17 0x563b1e8bf776 <unknown>\nE       #18 0x7f50c529ca94 <unknown>\nE       #19 0x7f50c5329c3c <unknown>\n\n/opt/hostedtoolcache/Python/3.11.11/x64/lib/python3.11/site-packages/selenium/webdriver/remote/errorhandler.py:229: NoSuchElementException","steps":[{"name":"Open a browser","time":{"start":1736733509096,"stop":1736733510147,"duration":1051},"status":"passed","steps":[],"attachments":[],"parameters":[],"shouldDisplayMessage":false,"stepsCount":0,"attachmentsCount":0,"hasContent":false,"attachmentStep":false},{"name":"Find element (unpacking)","time":{"start":1736733510147,"stop":1736733510166,"duration":19},"status":"broken","statusMessage":"selenium.common.exceptions.NoSuchElementException: Message: no such element: Unable to locate element: {\"method\":\"css selector\",\"selector\":\".home-performance img\"}\n  (Session info: chrome=131.0.6778.204); For documentation on this error, please visit: https://www.selenium.dev/documentation/webdriver/troubleshooting/errors#no-such-element-exception\nStacktrace:\n#0 0x563b1e8c08fa <unknown>\n#1 0x563b1e3d1d20 <unknown>\n#2 0x563b1e420a66 <unknown>\n#3 0x563b1e420d01 <unknown>\n#4 0x563b1e466184 <unknown>\n#5 0x563b1e444b1d <unknown>\n#6 0x563b1e463560 <unknown>\n#7 0x563b1e444893 <unknown>\n#8 0x563b1e41330d <unknown>\n#9 0x563b1e41432e <unknown>\n#10 0x563b1e88d00b <unknown>\n#11 0x563b1e890f97 <unknown>\n#12 0x563b1e87971c <unknown>\n#13 0x563b1e891b17 <unknown>\n#14 0x563b1e85e6cf <unknown>\n#15 0x563b1e8af6b8 <unknown>\n#16 0x563b1e8af880 <unknown>\n#17 0x563b1e8bf776 <unknown>\n#18 0x7f50c529ca94 <unknown>\n#19 0x7f50c5329c3c <unknown>\n\n","statusTrace":"  File \"/opt/hostedtoolcache/Python/3.11.11/x64/lib/python3.11/site-packages/allure_commons/_allure.py\", line 192, in impl\n    return func(*a, **kw)\n           ^^^^^^^^^^^^^^\n  File \"/home/runner/work/luma_project/luma_project/pages/base_page.py\", line 201, in find_element\n    return self.driver.find_element(*locator)\n           ^^^^^^^^^^^^^^^^^^^^^^^^^^^^^^^^^^\n  File \"/opt/hostedtoolcache/Python/3.11.11/x64/lib/python3.11/site-packages/selenium/webdriver/remote/webdriver.py\", line 738, in find_element\n    return self.execute(Command.FIND_ELEMENT, {\"using\": by, \"value\": value})[\"value\"]\n           ^^^^^^^^^^^^^^^^^^^^^^^^^^^^^^^^^^^^^^^^^^^^^^^^^^^^^^^^^^^^^^^^^\n  File \"/opt/hostedtoolcache/Python/3.11.11/x64/lib/python3.11/site-packages/selenium/webdriver/remote/webdriver.py\", line 344, in execute\n    self.error_handler.check_response(response)\n  File \"/opt/hostedtoolcache/Python/3.11.11/x64/lib/python3.11/site-packages/selenium/webdriver/remote/errorhandler.py\", line 229, in check_response\n    raise exception_class(message, screen, stacktrace)\n","steps":[],"attachments":[],"parameters":[{"name":"locator","value":"('css selector', '.home-performance img')"}],"shouldDisplayMessage":true,"stepsCount":0,"attachmentsCount":0,"hasContent":true,"attachmentStep":false}],"attachments":[{"uid":"f741ae4a59b095","name":"Screenshot","source":"f741ae4a59b095.png","type":"image/png","size":548028},{"uid":"6f0957f201aace6d","name":"HTML source","source":"6f0957f201aace6d.html","type":"text/html","size":136675}],"parameters":[],"shouldDisplayMessage":true,"stepsCount":2,"attachmentsCount":2,"hasContent":true,"attachmentStep":false},"afterStages":[{"name":"driver::0","time":{"start":1736733510447,"stop":1736733510522,"duration":75},"status":"passed","steps":[],"attachments":[],"parameters":[],"shouldDisplayMessage":false,"stepsCount":0,"attachmentsCount":0,"hasContent":false,"attachmentStep":false},{"name":"clear_allure_result_folder::0","time":{"start":1736734550339,"stop":1736734550339,"duration":0},"status":"passed","steps":[],"attachments":[],"parameters":[],"shouldDisplayMessage":false,"stepsCount":0,"attachmentsCount":0,"hasContent":false,"attachmentStep":false}],"labels":[{"name":"feature","value":"Promo Block Testing"},{"name":"epic","value":"Main Page"},{"name":"parentSuite","value":"tests"},{"name":"suite","value":"test_main_page"},{"name":"subSuite","value":"TestMainPage"},{"name":"host","value":"fv-az1110-134"},{"name":"thread","value":"2794-MainThread"},{"name":"framework","value":"pytest"},{"name":"language","value":"cpython3"},{"name":"package","value":"tests.test_main_page"},{"name":"resultFormat","value":"allure2"}],"parameters":[],"links":[],"hidden":false,"retry":false,"extra":{"severity":"normal","retries":[],"categories":[{"name":"Test defects","matchedStatuses":[],"flaky":false}],"history":{"statistic":{"failed":0,"broken":2,"skipped":0,"passed":0,"unknown":0,"total":2},"items":[{"uid":"c303e617c19c7b6a","reportUrl":"https://verafes.github.io/luma_project/553//#testresult/c303e617c19c7b6a","status":"broken","statusDetails":"selenium.common.exceptions.NoSuchElementException: Message: no such element: Unable to locate element: {\"method\":\"css selector\",\"selector\":\".home-performance img\"}\n  (Session info: chrome=131.0.6778.204); For documentation on this error, please visit: https://www.selenium.dev/documentation/webdriver/troubleshooting/errors#no-such-element-exception\nStacktrace:\n#0 0x5566e97ef8fa <unknown>\n#1 0x5566e9300d20 <unknown>\n#2 0x5566e934fa66 <unknown>\n#3 0x5566e934fd01 <unknown>\n#4 0x5566e9395184 <unknown>\n#5 0x5566e9373b1d <unknown>\n#6 0x5566e9392560 <unknown>\n#7 0x5566e9373893 <unknown>\n#8 0x5566e934230d <unknown>\n#9 0x5566e934332e <unknown>\n#10 0x5566e97bc00b <unknown>\n#11 0x5566e97bff97 <unknown>\n#12 0x5566e97a871c <unknown>\n#13 0x5566e97c0b17 <unknown>\n#14 0x5566e978d6cf <unknown>\n#15 0x5566e97de6b8 <unknown>\n#16 0x5566e97de880 <unknown>\n#17 0x5566e97ee776 <unknown>\n#18 0x7f30c869ca94 <unknown>\n#19 0x7f30c8729c3c <unknown>","time":{"start":1736648541644,"stop":1736648542746,"duration":1102}}]},"tags":[]},"source":"9e356c7e9e3d6b3e.json","parameterValues":[]}