{"uid":"1d1120576dfe7141","name":"TC 02.01.12 - Check text of Privacy and Cookie Policy link on each page specified in DATA_1","fullName":"tests.test_footer.TestFooter#test_tc_02_01_12_check_text_of_privacy_and_cookie_policy_link_on_pages","historyId":"8b3cb51bf1c7a9b18f1f625b06c7d81c","time":{"start":1737942152182,"stop":1737942152593,"duration":411},"description":"Checks if text of Privacy and Cookie Policy link matches expected on each page in DATA_1","descriptionHtml":"<p>Checks if text of Privacy and Cookie Policy link matches expected on each page in DATA_1</p>\n","status":"broken","statusMessage":"selenium.common.exceptions.NoSuchElementException: Message: no such element: Unable to locate element: {\"method\":\"css selector\",\"selector\":\".footer > :nth-child(2) > a\"}\n  (Session info: chrome=132.0.6834.83); For documentation on this error, please visit: https://www.selenium.dev/documentation/webdriver/troubleshooting/errors#no-such-element-exception\nStacktrace:\n#0 0x557cabd017ca <unknown>\n#1 0x557cab7f92f0 <unknown>\n#2 0x557cab849035 <unknown>\n#3 0x557cab849251 <unknown>\n#4 0x557cab88f054 <unknown>\n#5 0x557cab86d9dd <unknown>\n#6 0x557cab88c3b3 <unknown>\n#7 0x557cab86d753 <unknown>\n#8 0x557cab83abaa <unknown>\n#9 0x557cab83bdfe <unknown>\n#10 0x557cabccc38b <unknown>\n#11 0x557cabcd0307 <unknown>\n#12 0x557cabcb8e7c <unknown>\n#13 0x557cabcd0ec7 <unknown>\n#14 0x557cabc9d24f <unknown>\n#15 0x557cabcf02f8 <unknown>\n#16 0x557cabcf04c0 <unknown>\n#17 0x557cabd00646 <unknown>\n#18 0x7f42a3e9ca94 <unknown>\n#19 0x7f42a3f29c3c <unknown>","statusTrace":"self = <test_footer.TestFooter object at 0x7fcc4d067990>\ndriver = <selenium.webdriver.chrome.webdriver.WebDriver (session=\"db5247e02dceb0ebbaab991c7c80a001\")>\nURL = 'https://magento.softwaretestingboard.com/'\n\n    @allure.title(\"TC 02.01.12 - Check text of Privacy and Cookie Policy link on each page specified in DATA_1\")\n    @pytest.mark.parametrize('URL', DATA_1)\n    def test_tc_02_01_12_check_text_of_privacy_and_cookie_policy_link_on_pages(self, driver, URL):\n        \"\"\"Checks if text of Privacy and Cookie Policy link matches expected on each page in DATA_1\"\"\"\n        page = FooterPage(driver, url=URL)\n        page.open()\n>       actual_text = page.check_text_of_privacy_and_cookie_policy_link()\n\ntests/test_footer.py:114: \n_ _ _ _ _ _ _ _ _ _ _ _ _ _ _ _ _ _ _ _ _ _ _ _ _ _ _ _ _ _ _ _ _ _ _ _ _ _ _ _ \npages/footer_page.py:224: in check_text_of_privacy_and_cookie_policy_link\n    link_text = self.driver.find_element(*self.footer_locators.PRIVACY_AND_COOKIE_POLICY_LINK).text\n/opt/hostedtoolcache/Python/3.11.11/x64/lib/python3.11/site-packages/selenium/webdriver/remote/webdriver.py:738: in find_element\n    return self.execute(Command.FIND_ELEMENT, {\"using\": by, \"value\": value})[\"value\"]\n/opt/hostedtoolcache/Python/3.11.11/x64/lib/python3.11/site-packages/selenium/webdriver/remote/webdriver.py:344: in execute\n    self.error_handler.check_response(response)\n_ _ _ _ _ _ _ _ _ _ _ _ _ _ _ _ _ _ _ _ _ _ _ _ _ _ _ _ _ _ _ _ _ _ _ _ _ _ _ _ \n\nself = <selenium.webdriver.remote.errorhandler.ErrorHandler object at 0x7fcc4ea56290>\nresponse = {'status': 404, 'value': '{\"value\":{\"error\":\"no such element\",\"message\":\"no such element: Unable to locate element: {\\...\\\\n#17 0x557cabd00646 \\\\u003Cunknown>\\\\n#18 0x7f42a3e9ca94 \\\\u003Cunknown>\\\\n#19 0x7f42a3f29c3c \\\\u003Cunknown>\\\\n\"}}'}\n\n    def check_response(self, response: Dict[str, Any]) -> None:\n        \"\"\"Checks that a JSON response from the WebDriver does not have an\n        error.\n    \n        :Args:\n         - response - The JSON response from the WebDriver server as a dictionary\n           object.\n    \n        :Raises: If the response contains an error message.\n        \"\"\"\n        status = response.get(\"status\", None)\n        if not status or status == ErrorCode.SUCCESS:\n            return\n        value = None\n        message = response.get(\"message\", \"\")\n        screen: str = response.get(\"screen\", \"\")\n        stacktrace = None\n        if isinstance(status, int):\n            value_json = response.get(\"value\", None)\n            if value_json and isinstance(value_json, str):\n                import json\n    \n                try:\n                    value = json.loads(value_json)\n                    if len(value) == 1:\n                        value = value[\"value\"]\n                    status = value.get(\"error\", None)\n                    if not status:\n                        status = value.get(\"status\", ErrorCode.UNKNOWN_ERROR)\n                        message = value.get(\"value\") or value.get(\"message\")\n                        if not isinstance(message, str):\n                            value = message\n                            message = message.get(\"message\")\n                    else:\n                        message = value.get(\"message\", None)\n                except ValueError:\n                    pass\n    \n        exception_class: Type[WebDriverException]\n        e = ErrorCode()\n        error_codes = [item for item in dir(e) if not item.startswith(\"__\")]\n        for error_code in error_codes:\n            error_info = getattr(ErrorCode, error_code)\n            if isinstance(error_info, list) and status in error_info:\n                exception_class = getattr(ExceptionMapping, error_code, WebDriverException)\n                break\n        else:\n            exception_class = WebDriverException\n    \n        if not value:\n            value = response[\"value\"]\n        if isinstance(value, str):\n            raise exception_class(value)\n        if message == \"\" and \"message\" in value:\n            message = value[\"message\"]\n    \n        screen = None  # type: ignore[assignment]\n        if \"screen\" in value:\n            screen = value[\"screen\"]\n    \n        stacktrace = None\n        st_value = value.get(\"stackTrace\") or value.get(\"stacktrace\")\n        if st_value:\n            if isinstance(st_value, str):\n                stacktrace = st_value.split(\"\\n\")\n            else:\n                stacktrace = []\n                try:\n                    for frame in st_value:\n                        line = frame.get(\"lineNumber\", \"\")\n                        file = frame.get(\"fileName\", \"<anonymous>\")\n                        if line:\n                            file = f\"{file}:{line}\"\n                        meth = frame.get(\"methodName\", \"<anonymous>\")\n                        if \"className\" in frame:\n                            meth = f\"{frame['className']}.{meth}\"\n                        msg = \"    at %s (%s)\"\n                        msg = msg % (meth, file)\n                        stacktrace.append(msg)\n                except TypeError:\n                    pass\n        if exception_class == UnexpectedAlertPresentException:\n            alert_text = None\n            if \"data\" in value:\n                alert_text = value[\"data\"].get(\"text\")\n            elif \"alert\" in value:\n                alert_text = value[\"alert\"].get(\"text\")\n            raise exception_class(message, screen, stacktrace, alert_text)  # type: ignore[call-arg]  # mypy is not smart enough here\n>       raise exception_class(message, screen, stacktrace)\nE       selenium.common.exceptions.NoSuchElementException: Message: no such element: Unable to locate element: {\"method\":\"css selector\",\"selector\":\".footer > :nth-child(2) > a\"}\nE         (Session info: chrome=132.0.6834.83); For documentation on this error, please visit: https://www.selenium.dev/documentation/webdriver/troubleshooting/errors#no-such-element-exception\nE       Stacktrace:\nE       #0 0x557cabd017ca <unknown>\nE       #1 0x557cab7f92f0 <unknown>\nE       #2 0x557cab849035 <unknown>\nE       #3 0x557cab849251 <unknown>\nE       #4 0x557cab88f054 <unknown>\nE       #5 0x557cab86d9dd <unknown>\nE       #6 0x557cab88c3b3 <unknown>\nE       #7 0x557cab86d753 <unknown>\nE       #8 0x557cab83abaa <unknown>\nE       #9 0x557cab83bdfe <unknown>\nE       #10 0x557cabccc38b <unknown>\nE       #11 0x557cabcd0307 <unknown>\nE       #12 0x557cabcb8e7c <unknown>\nE       #13 0x557cabcd0ec7 <unknown>\nE       #14 0x557cabc9d24f <unknown>\nE       #15 0x557cabcf02f8 <unknown>\nE       #16 0x557cabcf04c0 <unknown>\nE       #17 0x557cabd00646 <unknown>\nE       #18 0x7f42a3e9ca94 <unknown>\nE       #19 0x7f42a3f29c3c <unknown>\n\n/opt/hostedtoolcache/Python/3.11.11/x64/lib/python3.11/site-packages/selenium/webdriver/remote/errorhandler.py:229: NoSuchElementException","flaky":false,"newFailed":false,"newBroken":false,"newPassed":false,"retriesCount":0,"retriesStatusChange":false,"beforeStages":[{"name":"_session_faker","time":{"start":1737941851900,"stop":1737941851966,"duration":66},"status":"passed","steps":[],"attachments":[],"parameters":[],"shouldDisplayMessage":false,"stepsCount":0,"attachmentsCount":0,"hasContent":false,"attachmentStep":false},{"name":"clear_allure_result_folder","time":{"start":1737941851966,"stop":1737941851966,"duration":0},"status":"passed","steps":[],"attachments":[],"parameters":[],"shouldDisplayMessage":false,"stepsCount":0,"attachmentsCount":0,"hasContent":false,"attachmentStep":false},{"name":"driver","time":{"start":1737942151006,"stop":1737942152182,"duration":1176},"status":"passed","steps":[],"attachments":[],"parameters":[],"shouldDisplayMessage":false,"stepsCount":0,"attachmentsCount":0,"hasContent":false,"attachmentStep":false}],"testStage":{"description":"Checks if text of Privacy and Cookie Policy link matches expected on each page in DATA_1","status":"broken","statusMessage":"selenium.common.exceptions.NoSuchElementException: Message: no such element: Unable to locate element: {\"method\":\"css selector\",\"selector\":\".footer > :nth-child(2) > a\"}\n  (Session info: chrome=132.0.6834.83); For documentation on this error, please visit: https://www.selenium.dev/documentation/webdriver/troubleshooting/errors#no-such-element-exception\nStacktrace:\n#0 0x557cabd017ca <unknown>\n#1 0x557cab7f92f0 <unknown>\n#2 0x557cab849035 <unknown>\n#3 0x557cab849251 <unknown>\n#4 0x557cab88f054 <unknown>\n#5 0x557cab86d9dd <unknown>\n#6 0x557cab88c3b3 <unknown>\n#7 0x557cab86d753 <unknown>\n#8 0x557cab83abaa <unknown>\n#9 0x557cab83bdfe <unknown>\n#10 0x557cabccc38b <unknown>\n#11 0x557cabcd0307 <unknown>\n#12 0x557cabcb8e7c <unknown>\n#13 0x557cabcd0ec7 <unknown>\n#14 0x557cabc9d24f <unknown>\n#15 0x557cabcf02f8 <unknown>\n#16 0x557cabcf04c0 <unknown>\n#17 0x557cabd00646 <unknown>\n#18 0x7f42a3e9ca94 <unknown>\n#19 0x7f42a3f29c3c <unknown>","statusTrace":"self = <test_footer.TestFooter object at 0x7fcc4d067990>\ndriver = <selenium.webdriver.chrome.webdriver.WebDriver (session=\"db5247e02dceb0ebbaab991c7c80a001\")>\nURL = 'https://magento.softwaretestingboard.com/'\n\n    @allure.title(\"TC 02.01.12 - Check text of Privacy and Cookie Policy link on each page specified in DATA_1\")\n    @pytest.mark.parametrize('URL', DATA_1)\n    def test_tc_02_01_12_check_text_of_privacy_and_cookie_policy_link_on_pages(self, driver, URL):\n        \"\"\"Checks if text of Privacy and Cookie Policy link matches expected on each page in DATA_1\"\"\"\n        page = FooterPage(driver, url=URL)\n        page.open()\n>       actual_text = page.check_text_of_privacy_and_cookie_policy_link()\n\ntests/test_footer.py:114: \n_ _ _ _ _ _ _ _ _ _ _ _ _ _ _ _ _ _ _ _ _ _ _ _ _ _ _ _ _ _ _ _ _ _ _ _ _ _ _ _ \npages/footer_page.py:224: in check_text_of_privacy_and_cookie_policy_link\n    link_text = self.driver.find_element(*self.footer_locators.PRIVACY_AND_COOKIE_POLICY_LINK).text\n/opt/hostedtoolcache/Python/3.11.11/x64/lib/python3.11/site-packages/selenium/webdriver/remote/webdriver.py:738: in find_element\n    return self.execute(Command.FIND_ELEMENT, {\"using\": by, \"value\": value})[\"value\"]\n/opt/hostedtoolcache/Python/3.11.11/x64/lib/python3.11/site-packages/selenium/webdriver/remote/webdriver.py:344: in execute\n    self.error_handler.check_response(response)\n_ _ _ _ _ _ _ _ _ _ _ _ _ _ _ _ _ _ _ _ _ _ _ _ _ _ _ _ _ _ _ _ _ _ _ _ _ _ _ _ \n\nself = <selenium.webdriver.remote.errorhandler.ErrorHandler object at 0x7fcc4ea56290>\nresponse = {'status': 404, 'value': '{\"value\":{\"error\":\"no such element\",\"message\":\"no such element: Unable to locate element: {\\...\\\\n#17 0x557cabd00646 \\\\u003Cunknown>\\\\n#18 0x7f42a3e9ca94 \\\\u003Cunknown>\\\\n#19 0x7f42a3f29c3c \\\\u003Cunknown>\\\\n\"}}'}\n\n    def check_response(self, response: Dict[str, Any]) -> None:\n        \"\"\"Checks that a JSON response from the WebDriver does not have an\n        error.\n    \n        :Args:\n         - response - The JSON response from the WebDriver server as a dictionary\n           object.\n    \n        :Raises: If the response contains an error message.\n        \"\"\"\n        status = response.get(\"status\", None)\n        if not status or status == ErrorCode.SUCCESS:\n            return\n        value = None\n        message = response.get(\"message\", \"\")\n        screen: str = response.get(\"screen\", \"\")\n        stacktrace = None\n        if isinstance(status, int):\n            value_json = response.get(\"value\", None)\n            if value_json and isinstance(value_json, str):\n                import json\n    \n                try:\n                    value = json.loads(value_json)\n                    if len(value) == 1:\n                        value = value[\"value\"]\n                    status = value.get(\"error\", None)\n                    if not status:\n                        status = value.get(\"status\", ErrorCode.UNKNOWN_ERROR)\n                        message = value.get(\"value\") or value.get(\"message\")\n                        if not isinstance(message, str):\n                            value = message\n                            message = message.get(\"message\")\n                    else:\n                        message = value.get(\"message\", None)\n                except ValueError:\n                    pass\n    \n        exception_class: Type[WebDriverException]\n        e = ErrorCode()\n        error_codes = [item for item in dir(e) if not item.startswith(\"__\")]\n        for error_code in error_codes:\n            error_info = getattr(ErrorCode, error_code)\n            if isinstance(error_info, list) and status in error_info:\n                exception_class = getattr(ExceptionMapping, error_code, WebDriverException)\n                break\n        else:\n            exception_class = WebDriverException\n    \n        if not value:\n            value = response[\"value\"]\n        if isinstance(value, str):\n            raise exception_class(value)\n        if message == \"\" and \"message\" in value:\n            message = value[\"message\"]\n    \n        screen = None  # type: ignore[assignment]\n        if \"screen\" in value:\n            screen = value[\"screen\"]\n    \n        stacktrace = None\n        st_value = value.get(\"stackTrace\") or value.get(\"stacktrace\")\n        if st_value:\n            if isinstance(st_value, str):\n                stacktrace = st_value.split(\"\\n\")\n            else:\n                stacktrace = []\n                try:\n                    for frame in st_value:\n                        line = frame.get(\"lineNumber\", \"\")\n                        file = frame.get(\"fileName\", \"<anonymous>\")\n                        if line:\n                            file = f\"{file}:{line}\"\n                        meth = frame.get(\"methodName\", \"<anonymous>\")\n                        if \"className\" in frame:\n                            meth = f\"{frame['className']}.{meth}\"\n                        msg = \"    at %s (%s)\"\n                        msg = msg % (meth, file)\n                        stacktrace.append(msg)\n                except TypeError:\n                    pass\n        if exception_class == UnexpectedAlertPresentException:\n            alert_text = None\n            if \"data\" in value:\n                alert_text = value[\"data\"].get(\"text\")\n            elif \"alert\" in value:\n                alert_text = value[\"alert\"].get(\"text\")\n            raise exception_class(message, screen, stacktrace, alert_text)  # type: ignore[call-arg]  # mypy is not smart enough here\n>       raise exception_class(message, screen, stacktrace)\nE       selenium.common.exceptions.NoSuchElementException: Message: no such element: Unable to locate element: {\"method\":\"css selector\",\"selector\":\".footer > :nth-child(2) > a\"}\nE         (Session info: chrome=132.0.6834.83); For documentation on this error, please visit: https://www.selenium.dev/documentation/webdriver/troubleshooting/errors#no-such-element-exception\nE       Stacktrace:\nE       #0 0x557cabd017ca <unknown>\nE       #1 0x557cab7f92f0 <unknown>\nE       #2 0x557cab849035 <unknown>\nE       #3 0x557cab849251 <unknown>\nE       #4 0x557cab88f054 <unknown>\nE       #5 0x557cab86d9dd <unknown>\nE       #6 0x557cab88c3b3 <unknown>\nE       #7 0x557cab86d753 <unknown>\nE       #8 0x557cab83abaa <unknown>\nE       #9 0x557cab83bdfe <unknown>\nE       #10 0x557cabccc38b <unknown>\nE       #11 0x557cabcd0307 <unknown>\nE       #12 0x557cabcb8e7c <unknown>\nE       #13 0x557cabcd0ec7 <unknown>\nE       #14 0x557cabc9d24f <unknown>\nE       #15 0x557cabcf02f8 <unknown>\nE       #16 0x557cabcf04c0 <unknown>\nE       #17 0x557cabd00646 <unknown>\nE       #18 0x7f42a3e9ca94 <unknown>\nE       #19 0x7f42a3f29c3c <unknown>\n\n/opt/hostedtoolcache/Python/3.11.11/x64/lib/python3.11/site-packages/selenium/webdriver/remote/errorhandler.py:229: NoSuchElementException","steps":[{"name":"Open a browser","time":{"start":1737942152183,"stop":1737942152572,"duration":389},"status":"passed","steps":[],"attachments":[],"parameters":[],"shouldDisplayMessage":false,"stepsCount":0,"attachmentsCount":0,"hasContent":false,"attachmentStep":false},{"name":"Check the text of Privacy and Cookie Policy link","time":{"start":1737942152572,"stop":1737942152592,"duration":20},"status":"broken","statusMessage":"selenium.common.exceptions.NoSuchElementException: Message: no such element: Unable to locate element: {\"method\":\"css selector\",\"selector\":\".footer > :nth-child(2) > a\"}\n  (Session info: chrome=132.0.6834.83); For documentation on this error, please visit: https://www.selenium.dev/documentation/webdriver/troubleshooting/errors#no-such-element-exception\nStacktrace:\n#0 0x557cabd017ca <unknown>\n#1 0x557cab7f92f0 <unknown>\n#2 0x557cab849035 <unknown>\n#3 0x557cab849251 <unknown>\n#4 0x557cab88f054 <unknown>\n#5 0x557cab86d9dd <unknown>\n#6 0x557cab88c3b3 <unknown>\n#7 0x557cab86d753 <unknown>\n#8 0x557cab83abaa <unknown>\n#9 0x557cab83bdfe <unknown>\n#10 0x557cabccc38b <unknown>\n#11 0x557cabcd0307 <unknown>\n#12 0x557cabcb8e7c <unknown>\n#13 0x557cabcd0ec7 <unknown>\n#14 0x557cabc9d24f <unknown>\n#15 0x557cabcf02f8 <unknown>\n#16 0x557cabcf04c0 <unknown>\n#17 0x557cabd00646 <unknown>\n#18 0x7f42a3e9ca94 <unknown>\n#19 0x7f42a3f29c3c <unknown>\n\n","statusTrace":"  File \"/opt/hostedtoolcache/Python/3.11.11/x64/lib/python3.11/site-packages/allure_commons/_allure.py\", line 192, in impl\n    return func(*a, **kw)\n           ^^^^^^^^^^^^^^\n  File \"/home/runner/work/luma_project/luma_project/pages/footer_page.py\", line 224, in check_text_of_privacy_and_cookie_policy_link\n    link_text = self.driver.find_element(*self.footer_locators.PRIVACY_AND_COOKIE_POLICY_LINK).text\n                ^^^^^^^^^^^^^^^^^^^^^^^^^^^^^^^^^^^^^^^^^^^^^^^^^^^^^^^^^^^^^^^^^^^^^^^^^^^^^^\n  File \"/opt/hostedtoolcache/Python/3.11.11/x64/lib/python3.11/site-packages/selenium/webdriver/remote/webdriver.py\", line 738, in find_element\n    return self.execute(Command.FIND_ELEMENT, {\"using\": by, \"value\": value})[\"value\"]\n           ^^^^^^^^^^^^^^^^^^^^^^^^^^^^^^^^^^^^^^^^^^^^^^^^^^^^^^^^^^^^^^^^^\n  File \"/opt/hostedtoolcache/Python/3.11.11/x64/lib/python3.11/site-packages/selenium/webdriver/remote/webdriver.py\", line 344, in execute\n    self.error_handler.check_response(response)\n  File \"/opt/hostedtoolcache/Python/3.11.11/x64/lib/python3.11/site-packages/selenium/webdriver/remote/errorhandler.py\", line 229, in check_response\n    raise exception_class(message, screen, stacktrace)\n","steps":[],"attachments":[],"parameters":[],"shouldDisplayMessage":true,"stepsCount":0,"attachmentsCount":0,"hasContent":true,"attachmentStep":false}],"attachments":[{"uid":"ae6e3108da527faf","name":"Screenshot","source":"ae6e3108da527faf.png","type":"image/png","size":25650},{"uid":"e1eaeee188b9026c","name":"HTML source","source":"e1eaeee188b9026c.html","type":"text/html","size":258745}],"parameters":[],"shouldDisplayMessage":true,"stepsCount":2,"attachmentsCount":2,"hasContent":true,"attachmentStep":false},"afterStages":[{"name":"driver::0","time":{"start":1737942152753,"stop":1737942152815,"duration":62},"status":"passed","steps":[],"attachments":[],"parameters":[],"shouldDisplayMessage":false,"stepsCount":0,"attachmentsCount":0,"hasContent":false,"attachmentStep":false},{"name":"clear_allure_result_folder::0","time":{"start":1737944335893,"stop":1737944335893,"duration":0},"status":"passed","steps":[],"attachments":[],"parameters":[],"shouldDisplayMessage":false,"stepsCount":0,"attachmentsCount":0,"hasContent":false,"attachmentStep":false}],"labels":[{"name":"epic","value":"Test Footer"},{"name":"parentSuite","value":"tests"},{"name":"suite","value":"test_footer"},{"name":"subSuite","value":"TestFooter"},{"name":"host","value":"fv-az1945-895"},{"name":"thread","value":"2794-MainThread"},{"name":"framework","value":"pytest"},{"name":"language","value":"cpython3"},{"name":"package","value":"tests.test_footer"},{"name":"resultFormat","value":"allure2"}],"parameters":[{"name":"URL","value":"'https://magento.softwaretestingboard.com/'"}],"links":[],"hidden":false,"retry":false,"extra":{"severity":"normal","retries":[],"categories":[{"name":"Test defects","matchedStatuses":[],"flaky":false}],"history":{"statistic":{"failed":0,"broken":2,"skipped":0,"passed":0,"unknown":0,"total":2},"items":[{"uid":"4e7a98b8b2d27092","reportUrl":"https://verafes.github.io/luma_project/567//#testresult/4e7a98b8b2d27092","status":"broken","statusDetails":"selenium.common.exceptions.NoSuchElementException: Message: no such element: Unable to locate element: {\"method\":\"css selector\",\"selector\":\".footer > :nth-child(2) > a\"}\n  (Session info: chrome=132.0.6834.83); For documentation on this error, please visit: https://www.selenium.dev/documentation/webdriver/troubleshooting/errors#no-such-element-exception\nStacktrace:\n#0 0x556b53eb07ca <unknown>\n#1 0x556b539a82f0 <unknown>\n#2 0x556b539f8035 <unknown>\n#3 0x556b539f8251 <unknown>\n#4 0x556b53a3e054 <unknown>\n#5 0x556b53a1c9dd <unknown>\n#6 0x556b53a3b3b3 <unknown>\n#7 0x556b53a1c753 <unknown>\n#8 0x556b539e9baa <unknown>\n#9 0x556b539eadfe <unknown>\n#10 0x556b53e7b38b <unknown>\n#11 0x556b53e7f307 <unknown>\n#12 0x556b53e67e7c <unknown>\n#13 0x556b53e7fec7 <unknown>\n#14 0x556b53e4c24f <unknown>\n#15 0x556b53e9f2f8 <unknown>\n#16 0x556b53e9f4c0 <unknown>\n#17 0x556b53eaf646 <unknown>\n#18 0x7ff7e0e9ca94 <unknown>\n#19 0x7ff7e0f29c3c <unknown>","time":{"start":1737855790385,"stop":1737855790819,"duration":434}}]},"tags":[]},"source":"1d1120576dfe7141.json","parameterValues":["'https://magento.softwaretestingboard.com/'"]}