{"uid":"21e3ff72b1089bc8","name":"test_tc_19_01_02","fullName":"tests.test_promotion_pants.TestPromotionPantsPage#test_tc_19_01_02","historyId":"03259b33ac101f71318579b2ef39504d","time":{"start":1737943420932,"stop":1737943426435,"duration":5503},"description":"Checking title of the Style section","descriptionHtml":"<p>Checking title of the Style section</p>\n","status":"broken","statusMessage":"selenium.common.exceptions.TimeoutException: Message: \nStacktrace:\n#0 0x56453e1307ca <unknown>\n#1 0x56453dc282f0 <unknown>\n#2 0x56453dc78035 <unknown>\n#3 0x56453dc78251 <unknown>\n#4 0x56453dcbe054 <unknown>\n#5 0x56453dc9c9dd <unknown>\n#6 0x56453dcbb3b3 <unknown>\n#7 0x56453dc9c753 <unknown>\n#8 0x56453dc69baa <unknown>\n#9 0x56453dc6adfe <unknown>\n#10 0x56453e0fb38b <unknown>\n#11 0x56453e0ff307 <unknown>\n#12 0x56453e0e7e7c <unknown>\n#13 0x56453e0ffec7 <unknown>\n#14 0x56453e0cc24f <unknown>\n#15 0x56453e11f2f8 <unknown>\n#16 0x56453e11f4c0 <unknown>\n#17 0x56453e12f646 <unknown>\n#18 0x7f448009ca94 <unknown>\n#19 0x7f4480129c3c <unknown>","statusTrace":"self = <test_promotion_pants.TestPromotionPantsPage object at 0x7fcc4e104390>\ndriver = <selenium.webdriver.chrome.webdriver.WebDriver (session=\"83a67f6cf5f0f7275198a949c14dda5c\")>\n\n    def test_tc_19_01_02(self, driver):\n        \"\"\"Checking title of the Style section\"\"\"\n        page = PromotionPantsPage(driver, PromoBlockLinks.PANTS_PROMO_URL)\n        page.open()\n>       title = page.check_text_in_style_title()\n\ntests/test_promotion_pants.py:19: \n_ _ _ _ _ _ _ _ _ _ _ _ _ _ _ _ _ _ _ _ _ _ _ _ _ _ _ _ _ _ _ _ _ _ _ _ _ _ _ _ \npages/promotion_pants_page.py:16: in check_text_in_style_title\n    style = self.element_is_visible(self.locators.STYLE)\npages/base_page.py:29: in element_is_visible\n    self.go_to_element(self.element_is_present(locator))\npages/base_page.py:50: in element_is_present\n    return wait(self.driver, timeout).until(EC.presence_of_element_located(locator))\n_ _ _ _ _ _ _ _ _ _ _ _ _ _ _ _ _ _ _ _ _ _ _ _ _ _ _ _ _ _ _ _ _ _ _ _ _ _ _ _ \n\nself = <selenium.webdriver.support.wait.WebDriverWait (session=\"83a67f6cf5f0f7275198a949c14dda5c\")>\nmethod = <function presence_of_element_located.<locals>._predicate at 0x7fcc4e507920>\nmessage = ''\n\n    def until(self, method, message: str = \"\"):\n        \"\"\"Calls the method provided with the driver as an argument until the \\\n        return value does not evaluate to ``False``.\n    \n        :param method: callable(WebDriver)\n        :param message: optional message for :exc:`TimeoutException`\n        :returns: the result of the last call to `method`\n        :raises: :exc:`selenium.common.exceptions.TimeoutException` if timeout occurs\n        \"\"\"\n        screen = None\n        stacktrace = None\n    \n        end_time = time.monotonic() + self._timeout\n        while True:\n            try:\n                value = method(self._driver)\n                if value:\n                    return value\n            except self._ignored_exceptions as exc:\n                screen = getattr(exc, \"screen\", None)\n                stacktrace = getattr(exc, \"stacktrace\", None)\n            time.sleep(self._poll)\n            if time.monotonic() > end_time:\n                break\n>       raise TimeoutException(message, screen, stacktrace)\nE       selenium.common.exceptions.TimeoutException: Message: \nE       Stacktrace:\nE       #0 0x56453e1307ca <unknown>\nE       #1 0x56453dc282f0 <unknown>\nE       #2 0x56453dc78035 <unknown>\nE       #3 0x56453dc78251 <unknown>\nE       #4 0x56453dcbe054 <unknown>\nE       #5 0x56453dc9c9dd <unknown>\nE       #6 0x56453dcbb3b3 <unknown>\nE       #7 0x56453dc9c753 <unknown>\nE       #8 0x56453dc69baa <unknown>\nE       #9 0x56453dc6adfe <unknown>\nE       #10 0x56453e0fb38b <unknown>\nE       #11 0x56453e0ff307 <unknown>\nE       #12 0x56453e0e7e7c <unknown>\nE       #13 0x56453e0ffec7 <unknown>\nE       #14 0x56453e0cc24f <unknown>\nE       #15 0x56453e11f2f8 <unknown>\nE       #16 0x56453e11f4c0 <unknown>\nE       #17 0x56453e12f646 <unknown>\nE       #18 0x7f448009ca94 <unknown>\nE       #19 0x7f4480129c3c <unknown>\n\n/opt/hostedtoolcache/Python/3.11.11/x64/lib/python3.11/site-packages/selenium/webdriver/support/wait.py:95: TimeoutException","flaky":false,"newFailed":false,"newBroken":false,"newPassed":false,"retriesCount":0,"retriesStatusChange":false,"beforeStages":[{"name":"_session_faker","time":{"start":1737941851900,"stop":1737941851966,"duration":66},"status":"passed","steps":[],"attachments":[],"parameters":[],"shouldDisplayMessage":false,"stepsCount":0,"attachmentsCount":0,"hasContent":false,"attachmentStep":false},{"name":"clear_allure_result_folder","time":{"start":1737941851966,"stop":1737941851966,"duration":0},"status":"passed","steps":[],"attachments":[],"parameters":[],"shouldDisplayMessage":false,"stepsCount":0,"attachmentsCount":0,"hasContent":false,"attachmentStep":false},{"name":"driver","time":{"start":1737943419744,"stop":1737943420931,"duration":1187},"status":"passed","steps":[],"attachments":[],"parameters":[],"shouldDisplayMessage":false,"stepsCount":0,"attachmentsCount":0,"hasContent":false,"attachmentStep":false}],"testStage":{"description":"Checking title of the Style section","status":"broken","statusMessage":"selenium.common.exceptions.TimeoutException: Message: \nStacktrace:\n#0 0x56453e1307ca <unknown>\n#1 0x56453dc282f0 <unknown>\n#2 0x56453dc78035 <unknown>\n#3 0x56453dc78251 <unknown>\n#4 0x56453dcbe054 <unknown>\n#5 0x56453dc9c9dd <unknown>\n#6 0x56453dcbb3b3 <unknown>\n#7 0x56453dc9c753 <unknown>\n#8 0x56453dc69baa <unknown>\n#9 0x56453dc6adfe <unknown>\n#10 0x56453e0fb38b <unknown>\n#11 0x56453e0ff307 <unknown>\n#12 0x56453e0e7e7c <unknown>\n#13 0x56453e0ffec7 <unknown>\n#14 0x56453e0cc24f <unknown>\n#15 0x56453e11f2f8 <unknown>\n#16 0x56453e11f4c0 <unknown>\n#17 0x56453e12f646 <unknown>\n#18 0x7f448009ca94 <unknown>\n#19 0x7f4480129c3c <unknown>","statusTrace":"self = <test_promotion_pants.TestPromotionPantsPage object at 0x7fcc4e104390>\ndriver = <selenium.webdriver.chrome.webdriver.WebDriver (session=\"83a67f6cf5f0f7275198a949c14dda5c\")>\n\n    def test_tc_19_01_02(self, driver):\n        \"\"\"Checking title of the Style section\"\"\"\n        page = PromotionPantsPage(driver, PromoBlockLinks.PANTS_PROMO_URL)\n        page.open()\n>       title = page.check_text_in_style_title()\n\ntests/test_promotion_pants.py:19: \n_ _ _ _ _ _ _ _ _ _ _ _ _ _ _ _ _ _ _ _ _ _ _ _ _ _ _ _ _ _ _ _ _ _ _ _ _ _ _ _ \npages/promotion_pants_page.py:16: in check_text_in_style_title\n    style = self.element_is_visible(self.locators.STYLE)\npages/base_page.py:29: in element_is_visible\n    self.go_to_element(self.element_is_present(locator))\npages/base_page.py:50: in element_is_present\n    return wait(self.driver, timeout).until(EC.presence_of_element_located(locator))\n_ _ _ _ _ _ _ _ _ _ _ _ _ _ _ _ _ _ _ _ _ _ _ _ _ _ _ _ _ _ _ _ _ _ _ _ _ _ _ _ \n\nself = <selenium.webdriver.support.wait.WebDriverWait (session=\"83a67f6cf5f0f7275198a949c14dda5c\")>\nmethod = <function presence_of_element_located.<locals>._predicate at 0x7fcc4e507920>\nmessage = ''\n\n    def until(self, method, message: str = \"\"):\n        \"\"\"Calls the method provided with the driver as an argument until the \\\n        return value does not evaluate to ``False``.\n    \n        :param method: callable(WebDriver)\n        :param message: optional message for :exc:`TimeoutException`\n        :returns: the result of the last call to `method`\n        :raises: :exc:`selenium.common.exceptions.TimeoutException` if timeout occurs\n        \"\"\"\n        screen = None\n        stacktrace = None\n    \n        end_time = time.monotonic() + self._timeout\n        while True:\n            try:\n                value = method(self._driver)\n                if value:\n                    return value\n            except self._ignored_exceptions as exc:\n                screen = getattr(exc, \"screen\", None)\n                stacktrace = getattr(exc, \"stacktrace\", None)\n            time.sleep(self._poll)\n            if time.monotonic() > end_time:\n                break\n>       raise TimeoutException(message, screen, stacktrace)\nE       selenium.common.exceptions.TimeoutException: Message: \nE       Stacktrace:\nE       #0 0x56453e1307ca <unknown>\nE       #1 0x56453dc282f0 <unknown>\nE       #2 0x56453dc78035 <unknown>\nE       #3 0x56453dc78251 <unknown>\nE       #4 0x56453dcbe054 <unknown>\nE       #5 0x56453dc9c9dd <unknown>\nE       #6 0x56453dcbb3b3 <unknown>\nE       #7 0x56453dc9c753 <unknown>\nE       #8 0x56453dc69baa <unknown>\nE       #9 0x56453dc6adfe <unknown>\nE       #10 0x56453e0fb38b <unknown>\nE       #11 0x56453e0ff307 <unknown>\nE       #12 0x56453e0e7e7c <unknown>\nE       #13 0x56453e0ffec7 <unknown>\nE       #14 0x56453e0cc24f <unknown>\nE       #15 0x56453e11f2f8 <unknown>\nE       #16 0x56453e11f4c0 <unknown>\nE       #17 0x56453e12f646 <unknown>\nE       #18 0x7f448009ca94 <unknown>\nE       #19 0x7f4480129c3c <unknown>\n\n/opt/hostedtoolcache/Python/3.11.11/x64/lib/python3.11/site-packages/selenium/webdriver/support/wait.py:95: TimeoutException","steps":[{"name":"Open a browser","time":{"start":1737943420932,"stop":1737943421323,"duration":391},"status":"passed","steps":[],"attachments":[],"parameters":[],"shouldDisplayMessage":false,"stepsCount":0,"attachmentsCount":0,"hasContent":false,"attachmentStep":false},{"name":"Find a visible element","time":{"start":1737943421323,"stop":1737943426435,"duration":5112},"status":"broken","statusMessage":"selenium.common.exceptions.TimeoutException: Message: \nStacktrace:\n#0 0x56453e1307ca <unknown>\n#1 0x56453dc282f0 <unknown>\n#2 0x56453dc78035 <unknown>\n#3 0x56453dc78251 <unknown>\n#4 0x56453dcbe054 <unknown>\n#5 0x56453dc9c9dd <unknown>\n#6 0x56453dcbb3b3 <unknown>\n#7 0x56453dc9c753 <unknown>\n#8 0x56453dc69baa <unknown>\n#9 0x56453dc6adfe <unknown>\n#10 0x56453e0fb38b <unknown>\n#11 0x56453e0ff307 <unknown>\n#12 0x56453e0e7e7c <unknown>\n#13 0x56453e0ffec7 <unknown>\n#14 0x56453e0cc24f <unknown>\n#15 0x56453e11f2f8 <unknown>\n#16 0x56453e11f4c0 <unknown>\n#17 0x56453e12f646 <unknown>\n#18 0x7f448009ca94 <unknown>\n#19 0x7f4480129c3c <unknown>\n\n","statusTrace":"  File \"/opt/hostedtoolcache/Python/3.11.11/x64/lib/python3.11/site-packages/allure_commons/_allure.py\", line 192, in impl\n    return func(*a, **kw)\n           ^^^^^^^^^^^^^^\n  File \"/home/runner/work/luma_project/luma_project/pages/base_page.py\", line 29, in element_is_visible\n    self.go_to_element(self.element_is_present(locator))\n                       ^^^^^^^^^^^^^^^^^^^^^^^^^^^^^^^^\n  File \"/opt/hostedtoolcache/Python/3.11.11/x64/lib/python3.11/site-packages/allure_commons/_allure.py\", line 192, in impl\n    return func(*a, **kw)\n           ^^^^^^^^^^^^^^\n  File \"/home/runner/work/luma_project/luma_project/pages/base_page.py\", line 50, in element_is_present\n    return wait(self.driver, timeout).until(EC.presence_of_element_located(locator))\n           ^^^^^^^^^^^^^^^^^^^^^^^^^^^^^^^^^^^^^^^^^^^^^^^^^^^^^^^^^^^^^^^^^^^^^^^^^\n  File \"/opt/hostedtoolcache/Python/3.11.11/x64/lib/python3.11/site-packages/selenium/webdriver/support/wait.py\", line 95, in until\n    raise TimeoutException(message, screen, stacktrace)\n","steps":[{"name":"Find a present element","time":{"start":1737943421323,"stop":1737943426435,"duration":5112},"status":"broken","statusMessage":"selenium.common.exceptions.TimeoutException: Message: \nStacktrace:\n#0 0x56453e1307ca <unknown>\n#1 0x56453dc282f0 <unknown>\n#2 0x56453dc78035 <unknown>\n#3 0x56453dc78251 <unknown>\n#4 0x56453dcbe054 <unknown>\n#5 0x56453dc9c9dd <unknown>\n#6 0x56453dcbb3b3 <unknown>\n#7 0x56453dc9c753 <unknown>\n#8 0x56453dc69baa <unknown>\n#9 0x56453dc6adfe <unknown>\n#10 0x56453e0fb38b <unknown>\n#11 0x56453e0ff307 <unknown>\n#12 0x56453e0e7e7c <unknown>\n#13 0x56453e0ffec7 <unknown>\n#14 0x56453e0cc24f <unknown>\n#15 0x56453e11f2f8 <unknown>\n#16 0x56453e11f4c0 <unknown>\n#17 0x56453e12f646 <unknown>\n#18 0x7f448009ca94 <unknown>\n#19 0x7f4480129c3c <unknown>\n\n","statusTrace":"  File \"/opt/hostedtoolcache/Python/3.11.11/x64/lib/python3.11/site-packages/allure_commons/_allure.py\", line 192, in impl\n    return func(*a, **kw)\n           ^^^^^^^^^^^^^^\n  File \"/home/runner/work/luma_project/luma_project/pages/base_page.py\", line 50, in element_is_present\n    return wait(self.driver, timeout).until(EC.presence_of_element_located(locator))\n           ^^^^^^^^^^^^^^^^^^^^^^^^^^^^^^^^^^^^^^^^^^^^^^^^^^^^^^^^^^^^^^^^^^^^^^^^^\n  File \"/opt/hostedtoolcache/Python/3.11.11/x64/lib/python3.11/site-packages/selenium/webdriver/support/wait.py\", line 95, in until\n    raise TimeoutException(message, screen, stacktrace)\n","steps":[],"attachments":[],"parameters":[{"name":"locator","value":"('xpath', \"//div[text()='Style']\")"},{"name":"timeout","value":"5"}],"shouldDisplayMessage":true,"stepsCount":0,"attachmentsCount":0,"hasContent":true,"attachmentStep":false}],"attachments":[],"parameters":[{"name":"locator","value":"('xpath', \"//div[text()='Style']\")"},{"name":"timeout","value":"10"}],"shouldDisplayMessage":false,"stepsCount":1,"attachmentsCount":0,"hasContent":true,"attachmentStep":false}],"attachments":[{"uid":"3d3f1b23ea42f634","name":"Screenshot","source":"3d3f1b23ea42f634.png","type":"image/png","size":25650},{"uid":"16924af69740ad78","name":"HTML source","source":"16924af69740ad78.html","type":"text/html","size":258795}],"parameters":[],"shouldDisplayMessage":true,"stepsCount":3,"attachmentsCount":2,"hasContent":true,"attachmentStep":false},"afterStages":[{"name":"driver::0","time":{"start":1737943426546,"stop":1737943426609,"duration":63},"status":"passed","steps":[],"attachments":[],"parameters":[],"shouldDisplayMessage":false,"stepsCount":0,"attachmentsCount":0,"hasContent":false,"attachmentStep":false},{"name":"clear_allure_result_folder::0","time":{"start":1737944335893,"stop":1737944335893,"duration":0},"status":"passed","steps":[],"attachments":[],"parameters":[],"shouldDisplayMessage":false,"stepsCount":0,"attachmentsCount":0,"hasContent":false,"attachmentStep":false}],"labels":[{"name":"parentSuite","value":"tests"},{"name":"suite","value":"test_promotion_pants"},{"name":"subSuite","value":"TestPromotionPantsPage"},{"name":"host","value":"fv-az1945-895"},{"name":"thread","value":"2794-MainThread"},{"name":"framework","value":"pytest"},{"name":"language","value":"cpython3"},{"name":"package","value":"tests.test_promotion_pants"},{"name":"resultFormat","value":"allure2"}],"parameters":[],"links":[],"hidden":false,"retry":false,"extra":{"severity":"normal","retries":[],"categories":[{"name":"Test defects","matchedStatuses":[],"flaky":false}],"history":{"statistic":{"failed":0,"broken":2,"skipped":0,"passed":0,"unknown":0,"total":2},"items":[{"uid":"5316ca3ceb894c48","reportUrl":"https://verafes.github.io/luma_project/567//#testresult/5316ca3ceb894c48","status":"broken","statusDetails":"selenium.common.exceptions.TimeoutException: Message: \nStacktrace:\n#0 0x5567248107ca <unknown>\n#1 0x5567243082f0 <unknown>\n#2 0x556724358035 <unknown>\n#3 0x556724358251 <unknown>\n#4 0x55672439e054 <unknown>\n#5 0x55672437c9dd <unknown>\n#6 0x55672439b3b3 <unknown>\n#7 0x55672437c753 <unknown>\n#8 0x556724349baa <unknown>\n#9 0x55672434adfe <unknown>\n#10 0x5567247db38b <unknown>\n#11 0x5567247df307 <unknown>\n#12 0x5567247c7e7c <unknown>\n#13 0x5567247dfec7 <unknown>\n#14 0x5567247ac24f <unknown>\n#15 0x5567247ff2f8 <unknown>\n#16 0x5567247ff4c0 <unknown>\n#17 0x55672480f646 <unknown>\n#18 0x7fa56909ca94 <unknown>\n#19 0x7fa569129c3c <unknown>","time":{"start":1737857057995,"stop":1737857063520,"duration":5525}}]},"tags":[]},"source":"21e3ff72b1089bc8.json","parameterValues":[]}