{"uid":"267e2514b4b63d3a","name":"tc 07.02.24 Verify the Apply Discount Code is displayed","fullName":"tests.test_shopping_cart.TestShoppingCartFull#test_tc_07_02_24_verify_field_apply_discount_code_is_displayed","historyId":"95487c6f63c9b154804a61fa3a670d3d","time":{"start":1737943879020,"stop":1737943879020,"duration":0},"description":"Check that Apply Discount Code is displayed.","descriptionHtml":"<p>Check that Apply Discount Code is displayed.</p>\n","status":"broken","statusMessage":"selenium.common.exceptions.TimeoutException: Message: \nStacktrace:\n#0 0x558f373837ca <unknown>\n#1 0x558f36e7b2f0 <unknown>\n#2 0x558f36ecb035 <unknown>\n#3 0x558f36ecb251 <unknown>\n#4 0x558f36f11054 <unknown>\n#5 0x558f36eef9dd <unknown>\n#6 0x558f36f0e3b3 <unknown>\n#7 0x558f36eef753 <unknown>\n#8 0x558f36ebcbaa <unknown>\n#9 0x558f36ebddfe <unknown>\n#10 0x558f3734e38b <unknown>\n#11 0x558f37352307 <unknown>\n#12 0x558f3733ae7c <unknown>\n#13 0x558f37352ec7 <unknown>\n#14 0x558f3731f24f <unknown>\n#15 0x558f373722f8 <unknown>\n#16 0x558f373724c0 <unknown>\n#17 0x558f37382646 <unknown>\n#18 0x7fcdaa09ca94 <unknown>\n#19 0x7fcdaa129c3c <unknown>","statusTrace":"driver = <selenium.webdriver.chrome.webdriver.WebDriver (session=\"b65736361c6fe20656409db7dfdb44aa\")>\n\n    @pytest.fixture(scope=\"function\")\n    def full_cart_page(driver):\n        driver.get(ITEM_CART_URL)\n>       size_button = wait(driver, 5).until(EC.presence_of_element_located(shopping_locators.SIZE_BUTTON))\n\ntests/test_shopping_cart.py:13: \n_ _ _ _ _ _ _ _ _ _ _ _ _ _ _ _ _ _ _ _ _ _ _ _ _ _ _ _ _ _ _ _ _ _ _ _ _ _ _ _ \n\nself = <selenium.webdriver.support.wait.WebDriverWait (session=\"b65736361c6fe20656409db7dfdb44aa\")>\nmethod = <function presence_of_element_located.<locals>._predicate at 0x7fcc4e7de5c0>\nmessage = ''\n\n    def until(self, method, message: str = \"\"):\n        \"\"\"Calls the method provided with the driver as an argument until the \\\n        return value does not evaluate to ``False``.\n    \n        :param method: callable(WebDriver)\n        :param message: optional message for :exc:`TimeoutException`\n        :returns: the result of the last call to `method`\n        :raises: :exc:`selenium.common.exceptions.TimeoutException` if timeout occurs\n        \"\"\"\n        screen = None\n        stacktrace = None\n    \n        end_time = time.monotonic() + self._timeout\n        while True:\n            try:\n                value = method(self._driver)\n                if value:\n                    return value\n            except self._ignored_exceptions as exc:\n                screen = getattr(exc, \"screen\", None)\n                stacktrace = getattr(exc, \"stacktrace\", None)\n            time.sleep(self._poll)\n            if time.monotonic() > end_time:\n                break\n>       raise TimeoutException(message, screen, stacktrace)\nE       selenium.common.exceptions.TimeoutException: Message: \nE       Stacktrace:\nE       #0 0x558f373837ca <unknown>\nE       #1 0x558f36e7b2f0 <unknown>\nE       #2 0x558f36ecb035 <unknown>\nE       #3 0x558f36ecb251 <unknown>\nE       #4 0x558f36f11054 <unknown>\nE       #5 0x558f36eef9dd <unknown>\nE       #6 0x558f36f0e3b3 <unknown>\nE       #7 0x558f36eef753 <unknown>\nE       #8 0x558f36ebcbaa <unknown>\nE       #9 0x558f36ebddfe <unknown>\nE       #10 0x558f3734e38b <unknown>\nE       #11 0x558f37352307 <unknown>\nE       #12 0x558f3733ae7c <unknown>\nE       #13 0x558f37352ec7 <unknown>\nE       #14 0x558f3731f24f <unknown>\nE       #15 0x558f373722f8 <unknown>\nE       #16 0x558f373724c0 <unknown>\nE       #17 0x558f37382646 <unknown>\nE       #18 0x7fcdaa09ca94 <unknown>\nE       #19 0x7fcdaa129c3c <unknown>\n\n/opt/hostedtoolcache/Python/3.11.11/x64/lib/python3.11/site-packages/selenium/webdriver/support/wait.py:95: TimeoutException","flaky":false,"newFailed":false,"newBroken":false,"newPassed":false,"retriesCount":0,"retriesStatusChange":false,"beforeStages":[{"name":"_session_faker","time":{"start":1737941851900,"stop":1737941851966,"duration":66},"status":"passed","steps":[],"attachments":[],"parameters":[],"shouldDisplayMessage":false,"stepsCount":0,"attachmentsCount":0,"hasContent":false,"attachmentStep":false},{"name":"clear_allure_result_folder","time":{"start":1737941851966,"stop":1737941851966,"duration":0},"status":"passed","steps":[],"attachments":[],"parameters":[],"shouldDisplayMessage":false,"stepsCount":0,"attachmentsCount":0,"hasContent":false,"attachmentStep":false},{"name":"driver","time":{"start":1737943879020,"stop":1737943880200,"duration":1180},"status":"passed","steps":[],"attachments":[],"parameters":[],"shouldDisplayMessage":false,"stepsCount":0,"attachmentsCount":0,"hasContent":false,"attachmentStep":false},{"name":"full_cart_page","time":{"start":1737943880200,"stop":1737943885696,"duration":5496},"status":"broken","statusMessage":"selenium.common.exceptions.TimeoutException: Message: \nStacktrace:\n#0 0x558f373837ca <unknown>\n#1 0x558f36e7b2f0 <unknown>\n#2 0x558f36ecb035 <unknown>\n#3 0x558f36ecb251 <unknown>\n#4 0x558f36f11054 <unknown>\n#5 0x558f36eef9dd <unknown>\n#6 0x558f36f0e3b3 <unknown>\n#7 0x558f36eef753 <unknown>\n#8 0x558f36ebcbaa <unknown>\n#9 0x558f36ebddfe <unknown>\n#10 0x558f3734e38b <unknown>\n#11 0x558f37352307 <unknown>\n#12 0x558f3733ae7c <unknown>\n#13 0x558f37352ec7 <unknown>\n#14 0x558f3731f24f <unknown>\n#15 0x558f373722f8 <unknown>\n#16 0x558f373724c0 <unknown>\n#17 0x558f37382646 <unknown>\n#18 0x7fcdaa09ca94 <unknown>\n#19 0x7fcdaa129c3c <unknown>\n\n","statusTrace":"  File \"/opt/hostedtoolcache/Python/3.11.11/x64/lib/python3.11/site-packages/pluggy/_callers.py\", line 103, in _multicall\n    res = hook_impl.function(*args)\n          ^^^^^^^^^^^^^^^^^^^^^^^^^\n  File \"/opt/hostedtoolcache/Python/3.11.11/x64/lib/python3.11/site-packages/_pytest/fixtures.py\", line 1123, in pytest_fixture_setup\n    result = call_fixture_func(fixturefunc, request, kwargs)\n             ^^^^^^^^^^^^^^^^^^^^^^^^^^^^^^^^^^^^^^^^^^^^^^^\n  File \"/opt/hostedtoolcache/Python/3.11.11/x64/lib/python3.11/site-packages/_pytest/fixtures.py\", line 902, in call_fixture_func\n    fixture_result = fixturefunc(**kwargs)\n                     ^^^^^^^^^^^^^^^^^^^^^\n  File \"/home/runner/work/luma_project/luma_project/tests/test_shopping_cart.py\", line 13, in full_cart_page\n    size_button = wait(driver, 5).until(EC.presence_of_element_located(shopping_locators.SIZE_BUTTON))\n                  ^^^^^^^^^^^^^^^^^^^^^^^^^^^^^^^^^^^^^^^^^^^^^^^^^^^^^^^^^^^^^^^^^^^^^^^^^^^^^^^^^^^^\n  File \"/opt/hostedtoolcache/Python/3.11.11/x64/lib/python3.11/site-packages/selenium/webdriver/support/wait.py\", line 95, in until\n    raise TimeoutException(message, screen, stacktrace)\n","steps":[],"attachments":[],"parameters":[],"shouldDisplayMessage":true,"stepsCount":0,"attachmentsCount":0,"hasContent":true,"attachmentStep":false}],"afterStages":[{"name":"driver::0","time":{"start":1737943885702,"stop":1737943885765,"duration":63},"status":"passed","steps":[],"attachments":[],"parameters":[],"shouldDisplayMessage":false,"stepsCount":0,"attachmentsCount":0,"hasContent":false,"attachmentStep":false},{"name":"clear_allure_result_folder::0","time":{"start":1737944335893,"stop":1737944335893,"duration":0},"status":"passed","steps":[],"attachments":[],"parameters":[],"shouldDisplayMessage":false,"stepsCount":0,"attachmentsCount":0,"hasContent":false,"attachmentStep":false}],"labels":[{"name":"feature","value":"Shopping Cart is full"},{"name":"parentSuite","value":"tests"},{"name":"suite","value":"test_shopping_cart"},{"name":"subSuite","value":"TestShoppingCartFull"},{"name":"host","value":"fv-az1945-895"},{"name":"thread","value":"2794-MainThread"},{"name":"framework","value":"pytest"},{"name":"language","value":"cpython3"},{"name":"package","value":"tests.test_shopping_cart"},{"name":"resultFormat","value":"allure2"}],"parameters":[],"links":[],"hidden":false,"retry":false,"extra":{"severity":"normal","retries":[],"categories":[{"name":"Test defects","matchedStatuses":[],"flaky":false}],"history":{"statistic":{"failed":0,"broken":2,"skipped":0,"passed":0,"unknown":0,"total":2},"items":[{"uid":"a39c5045b3dc2ac","reportUrl":"https://verafes.github.io/luma_project/567//#testresult/a39c5045b3dc2ac","status":"broken","statusDetails":"selenium.common.exceptions.TimeoutException: Message: \nStacktrace:\n#0 0x555c4ea2a7ca <unknown>\n#1 0x555c4e5222f0 <unknown>\n#2 0x555c4e572035 <unknown>\n#3 0x555c4e572251 <unknown>\n#4 0x555c4e5b8054 <unknown>\n#5 0x555c4e5969dd <unknown>\n#6 0x555c4e5b53b3 <unknown>\n#7 0x555c4e596753 <unknown>\n#8 0x555c4e563baa <unknown>\n#9 0x555c4e564dfe <unknown>\n#10 0x555c4e9f538b <unknown>\n#11 0x555c4e9f9307 <unknown>\n#12 0x555c4e9e1e7c <unknown>\n#13 0x555c4e9f9ec7 <unknown>\n#14 0x555c4e9c624f <unknown>\n#15 0x555c4ea192f8 <unknown>\n#16 0x555c4ea194c0 <unknown>\n#17 0x555c4ea29646 <unknown>\n#18 0x7f641b89ca94 <unknown>\n#19 0x7f641b929c3c <unknown>","time":{"start":1737857516727,"stop":1737857516727,"duration":0}}]},"tags":[]},"source":"267e2514b4b63d3a.json","parameterValues":[]}