{"uid":"3cbb08ea859c2290","name":"TC 13.01.52 - Check if block 3 'home-erin' in section 2 is clickablein the Promo Block on the main page","fullName":"tests.test_main_page.TestPromoBlock#test_tc_13_01_52_check_section2_block3_clickability","historyId":"2dd6059093f3a778171c7c1f2bca6ca4","time":{"start":1737943185501,"stop":1737943190991,"duration":5490},"description":"This test checks if block 3 'home-erin' in section 2 in Promo Block under header is clickable","descriptionHtml":"<p>This test checks if block 3 'home-erin' in section 2 in Promo Block under header is clickable</p>\n","status":"broken","statusMessage":"selenium.common.exceptions.TimeoutException: Message: \nStacktrace:\n#0 0x5619308707ca <unknown>\n#1 0x5619303682f0 <unknown>\n#2 0x5619303b8035 <unknown>\n#3 0x5619303b8251 <unknown>\n#4 0x5619303fe054 <unknown>\n#5 0x5619303dc9dd <unknown>\n#6 0x5619303fb3b3 <unknown>\n#7 0x5619303dc753 <unknown>\n#8 0x5619303a9baa <unknown>\n#9 0x5619303aadfe <unknown>\n#10 0x56193083b38b <unknown>\n#11 0x56193083f307 <unknown>\n#12 0x561930827e7c <unknown>\n#13 0x56193083fec7 <unknown>\n#14 0x56193080c24f <unknown>\n#15 0x56193085f2f8 <unknown>\n#16 0x56193085f4c0 <unknown>\n#17 0x56193086f646 <unknown>\n#18 0x7f402a89ca94 <unknown>\n#19 0x7f402a929c3c <unknown>","statusTrace":"self = <test_main_page.TestMainPage.TestPromoBlock object at 0x7fcc4f080a90>\ndriver = <selenium.webdriver.chrome.webdriver.WebDriver (session=\"fabd3e3dc0fea243951967f699208f05\")>\n\n    @allure.title(\"TC 13.01.52 - Check if block 3 'home-erin' in section 2 is clickable\"\n                  \"in the Promo Block on the main page\")\n    def test_tc_13_01_52_check_section2_block3_clickability(self, driver):\n        \"\"\"This test checks if block 3 'home-erin' in section 2 in Promo Block under header is clickable\"\"\"\n        page = PromoBlock(driver, MAIN_PAGE_URL)\n        page.open()\n>       section2_block3 = page.check_section2_block3_clickability()\n\ntests/test_main_page.py:663: \n_ _ _ _ _ _ _ _ _ _ _ _ _ _ _ _ _ _ _ _ _ _ _ _ _ _ _ _ _ _ _ _ _ _ _ _ _ _ _ _ \npages/main_page.py:340: in check_section2_block3_clickability\n    section2_block3 = self.element_is_clickable(self.locators.SECTION_2_BLOCK_3)\npages/base_page.py:80: in element_is_clickable\n    return wait(self.driver, timeout).until(EC.element_to_be_clickable(locator))\n_ _ _ _ _ _ _ _ _ _ _ _ _ _ _ _ _ _ _ _ _ _ _ _ _ _ _ _ _ _ _ _ _ _ _ _ _ _ _ _ \n\nself = <selenium.webdriver.support.wait.WebDriverWait (session=\"fabd3e3dc0fea243951967f699208f05\")>\nmethod = <function element_to_be_clickable.<locals>._predicate at 0x7fcc4e4a5d00>\nmessage = ''\n\n    def until(self, method, message: str = \"\"):\n        \"\"\"Calls the method provided with the driver as an argument until the \\\n        return value does not evaluate to ``False``.\n    \n        :param method: callable(WebDriver)\n        :param message: optional message for :exc:`TimeoutException`\n        :returns: the result of the last call to `method`\n        :raises: :exc:`selenium.common.exceptions.TimeoutException` if timeout occurs\n        \"\"\"\n        screen = None\n        stacktrace = None\n    \n        end_time = time.monotonic() + self._timeout\n        while True:\n            try:\n                value = method(self._driver)\n                if value:\n                    return value\n            except self._ignored_exceptions as exc:\n                screen = getattr(exc, \"screen\", None)\n                stacktrace = getattr(exc, \"stacktrace\", None)\n            time.sleep(self._poll)\n            if time.monotonic() > end_time:\n                break\n>       raise TimeoutException(message, screen, stacktrace)\nE       selenium.common.exceptions.TimeoutException: Message: \nE       Stacktrace:\nE       #0 0x5619308707ca <unknown>\nE       #1 0x5619303682f0 <unknown>\nE       #2 0x5619303b8035 <unknown>\nE       #3 0x5619303b8251 <unknown>\nE       #4 0x5619303fe054 <unknown>\nE       #5 0x5619303dc9dd <unknown>\nE       #6 0x5619303fb3b3 <unknown>\nE       #7 0x5619303dc753 <unknown>\nE       #8 0x5619303a9baa <unknown>\nE       #9 0x5619303aadfe <unknown>\nE       #10 0x56193083b38b <unknown>\nE       #11 0x56193083f307 <unknown>\nE       #12 0x561930827e7c <unknown>\nE       #13 0x56193083fec7 <unknown>\nE       #14 0x56193080c24f <unknown>\nE       #15 0x56193085f2f8 <unknown>\nE       #16 0x56193085f4c0 <unknown>\nE       #17 0x56193086f646 <unknown>\nE       #18 0x7f402a89ca94 <unknown>\nE       #19 0x7f402a929c3c <unknown>\n\n/opt/hostedtoolcache/Python/3.11.11/x64/lib/python3.11/site-packages/selenium/webdriver/support/wait.py:95: TimeoutException","flaky":false,"newFailed":false,"newBroken":false,"newPassed":false,"retriesCount":0,"retriesStatusChange":false,"beforeStages":[{"name":"_session_faker","time":{"start":1737941851900,"stop":1737941851966,"duration":66},"status":"passed","steps":[],"attachments":[],"parameters":[],"shouldDisplayMessage":false,"stepsCount":0,"attachmentsCount":0,"hasContent":false,"attachmentStep":false},{"name":"clear_allure_result_folder","time":{"start":1737941851966,"stop":1737941851966,"duration":0},"status":"passed","steps":[],"attachments":[],"parameters":[],"shouldDisplayMessage":false,"stepsCount":0,"attachmentsCount":0,"hasContent":false,"attachmentStep":false},{"name":"driver","time":{"start":1737943184314,"stop":1737943185500,"duration":1186},"status":"passed","steps":[],"attachments":[],"parameters":[],"shouldDisplayMessage":false,"stepsCount":0,"attachmentsCount":0,"hasContent":false,"attachmentStep":false}],"testStage":{"description":"This test checks if block 3 'home-erin' in section 2 in Promo Block under header is clickable","status":"broken","statusMessage":"selenium.common.exceptions.TimeoutException: Message: \nStacktrace:\n#0 0x5619308707ca <unknown>\n#1 0x5619303682f0 <unknown>\n#2 0x5619303b8035 <unknown>\n#3 0x5619303b8251 <unknown>\n#4 0x5619303fe054 <unknown>\n#5 0x5619303dc9dd <unknown>\n#6 0x5619303fb3b3 <unknown>\n#7 0x5619303dc753 <unknown>\n#8 0x5619303a9baa <unknown>\n#9 0x5619303aadfe <unknown>\n#10 0x56193083b38b <unknown>\n#11 0x56193083f307 <unknown>\n#12 0x561930827e7c <unknown>\n#13 0x56193083fec7 <unknown>\n#14 0x56193080c24f <unknown>\n#15 0x56193085f2f8 <unknown>\n#16 0x56193085f4c0 <unknown>\n#17 0x56193086f646 <unknown>\n#18 0x7f402a89ca94 <unknown>\n#19 0x7f402a929c3c <unknown>","statusTrace":"self = <test_main_page.TestMainPage.TestPromoBlock object at 0x7fcc4f080a90>\ndriver = <selenium.webdriver.chrome.webdriver.WebDriver (session=\"fabd3e3dc0fea243951967f699208f05\")>\n\n    @allure.title(\"TC 13.01.52 - Check if block 3 'home-erin' in section 2 is clickable\"\n                  \"in the Promo Block on the main page\")\n    def test_tc_13_01_52_check_section2_block3_clickability(self, driver):\n        \"\"\"This test checks if block 3 'home-erin' in section 2 in Promo Block under header is clickable\"\"\"\n        page = PromoBlock(driver, MAIN_PAGE_URL)\n        page.open()\n>       section2_block3 = page.check_section2_block3_clickability()\n\ntests/test_main_page.py:663: \n_ _ _ _ _ _ _ _ _ _ _ _ _ _ _ _ _ _ _ _ _ _ _ _ _ _ _ _ _ _ _ _ _ _ _ _ _ _ _ _ \npages/main_page.py:340: in check_section2_block3_clickability\n    section2_block3 = self.element_is_clickable(self.locators.SECTION_2_BLOCK_3)\npages/base_page.py:80: in element_is_clickable\n    return wait(self.driver, timeout).until(EC.element_to_be_clickable(locator))\n_ _ _ _ _ _ _ _ _ _ _ _ _ _ _ _ _ _ _ _ _ _ _ _ _ _ _ _ _ _ _ _ _ _ _ _ _ _ _ _ \n\nself = <selenium.webdriver.support.wait.WebDriverWait (session=\"fabd3e3dc0fea243951967f699208f05\")>\nmethod = <function element_to_be_clickable.<locals>._predicate at 0x7fcc4e4a5d00>\nmessage = ''\n\n    def until(self, method, message: str = \"\"):\n        \"\"\"Calls the method provided with the driver as an argument until the \\\n        return value does not evaluate to ``False``.\n    \n        :param method: callable(WebDriver)\n        :param message: optional message for :exc:`TimeoutException`\n        :returns: the result of the last call to `method`\n        :raises: :exc:`selenium.common.exceptions.TimeoutException` if timeout occurs\n        \"\"\"\n        screen = None\n        stacktrace = None\n    \n        end_time = time.monotonic() + self._timeout\n        while True:\n            try:\n                value = method(self._driver)\n                if value:\n                    return value\n            except self._ignored_exceptions as exc:\n                screen = getattr(exc, \"screen\", None)\n                stacktrace = getattr(exc, \"stacktrace\", None)\n            time.sleep(self._poll)\n            if time.monotonic() > end_time:\n                break\n>       raise TimeoutException(message, screen, stacktrace)\nE       selenium.common.exceptions.TimeoutException: Message: \nE       Stacktrace:\nE       #0 0x5619308707ca <unknown>\nE       #1 0x5619303682f0 <unknown>\nE       #2 0x5619303b8035 <unknown>\nE       #3 0x5619303b8251 <unknown>\nE       #4 0x5619303fe054 <unknown>\nE       #5 0x5619303dc9dd <unknown>\nE       #6 0x5619303fb3b3 <unknown>\nE       #7 0x5619303dc753 <unknown>\nE       #8 0x5619303a9baa <unknown>\nE       #9 0x5619303aadfe <unknown>\nE       #10 0x56193083b38b <unknown>\nE       #11 0x56193083f307 <unknown>\nE       #12 0x561930827e7c <unknown>\nE       #13 0x56193083fec7 <unknown>\nE       #14 0x56193080c24f <unknown>\nE       #15 0x56193085f2f8 <unknown>\nE       #16 0x56193085f4c0 <unknown>\nE       #17 0x56193086f646 <unknown>\nE       #18 0x7f402a89ca94 <unknown>\nE       #19 0x7f402a929c3c <unknown>\n\n/opt/hostedtoolcache/Python/3.11.11/x64/lib/python3.11/site-packages/selenium/webdriver/support/wait.py:95: TimeoutException","steps":[{"name":"Open a browser","time":{"start":1737943185501,"stop":1737943185875,"duration":374},"status":"passed","steps":[],"attachments":[],"parameters":[],"shouldDisplayMessage":false,"stepsCount":0,"attachmentsCount":0,"hasContent":false,"attachmentStep":false},{"name":"Check clickability of the block 3 'home-erin' in the section 2 in the Promo Block","time":{"start":1737943185875,"stop":1737943190991,"duration":5116},"status":"broken","statusMessage":"selenium.common.exceptions.TimeoutException: Message: \nStacktrace:\n#0 0x5619308707ca <unknown>\n#1 0x5619303682f0 <unknown>\n#2 0x5619303b8035 <unknown>\n#3 0x5619303b8251 <unknown>\n#4 0x5619303fe054 <unknown>\n#5 0x5619303dc9dd <unknown>\n#6 0x5619303fb3b3 <unknown>\n#7 0x5619303dc753 <unknown>\n#8 0x5619303a9baa <unknown>\n#9 0x5619303aadfe <unknown>\n#10 0x56193083b38b <unknown>\n#11 0x56193083f307 <unknown>\n#12 0x561930827e7c <unknown>\n#13 0x56193083fec7 <unknown>\n#14 0x56193080c24f <unknown>\n#15 0x56193085f2f8 <unknown>\n#16 0x56193085f4c0 <unknown>\n#17 0x56193086f646 <unknown>\n#18 0x7f402a89ca94 <unknown>\n#19 0x7f402a929c3c <unknown>\n\n","statusTrace":"  File \"/opt/hostedtoolcache/Python/3.11.11/x64/lib/python3.11/site-packages/allure_commons/_allure.py\", line 192, in impl\n    return func(*a, **kw)\n           ^^^^^^^^^^^^^^\n  File \"/home/runner/work/luma_project/luma_project/pages/main_page.py\", line 340, in check_section2_block3_clickability\n    section2_block3 = self.element_is_clickable(self.locators.SECTION_2_BLOCK_3)\n                      ^^^^^^^^^^^^^^^^^^^^^^^^^^^^^^^^^^^^^^^^^^^^^^^^^^^^^^^^^^\n  File \"/opt/hostedtoolcache/Python/3.11.11/x64/lib/python3.11/site-packages/allure_commons/_allure.py\", line 192, in impl\n    return func(*a, **kw)\n           ^^^^^^^^^^^^^^\n  File \"/home/runner/work/luma_project/luma_project/pages/base_page.py\", line 80, in element_is_clickable\n    return wait(self.driver, timeout).until(EC.element_to_be_clickable(locator))\n           ^^^^^^^^^^^^^^^^^^^^^^^^^^^^^^^^^^^^^^^^^^^^^^^^^^^^^^^^^^^^^^^^^^^^^\n  File \"/opt/hostedtoolcache/Python/3.11.11/x64/lib/python3.11/site-packages/selenium/webdriver/support/wait.py\", line 95, in until\n    raise TimeoutException(message, screen, stacktrace)\n","steps":[{"name":"Find clickable elements","time":{"start":1737943185876,"stop":1737943190990,"duration":5114},"status":"broken","statusMessage":"selenium.common.exceptions.TimeoutException: Message: \nStacktrace:\n#0 0x5619308707ca <unknown>\n#1 0x5619303682f0 <unknown>\n#2 0x5619303b8035 <unknown>\n#3 0x5619303b8251 <unknown>\n#4 0x5619303fe054 <unknown>\n#5 0x5619303dc9dd <unknown>\n#6 0x5619303fb3b3 <unknown>\n#7 0x5619303dc753 <unknown>\n#8 0x5619303a9baa <unknown>\n#9 0x5619303aadfe <unknown>\n#10 0x56193083b38b <unknown>\n#11 0x56193083f307 <unknown>\n#12 0x561930827e7c <unknown>\n#13 0x56193083fec7 <unknown>\n#14 0x56193080c24f <unknown>\n#15 0x56193085f2f8 <unknown>\n#16 0x56193085f4c0 <unknown>\n#17 0x56193086f646 <unknown>\n#18 0x7f402a89ca94 <unknown>\n#19 0x7f402a929c3c <unknown>\n\n","statusTrace":"  File \"/opt/hostedtoolcache/Python/3.11.11/x64/lib/python3.11/site-packages/allure_commons/_allure.py\", line 192, in impl\n    return func(*a, **kw)\n           ^^^^^^^^^^^^^^\n  File \"/home/runner/work/luma_project/luma_project/pages/base_page.py\", line 80, in element_is_clickable\n    return wait(self.driver, timeout).until(EC.element_to_be_clickable(locator))\n           ^^^^^^^^^^^^^^^^^^^^^^^^^^^^^^^^^^^^^^^^^^^^^^^^^^^^^^^^^^^^^^^^^^^^^\n  File \"/opt/hostedtoolcache/Python/3.11.11/x64/lib/python3.11/site-packages/selenium/webdriver/support/wait.py\", line 95, in until\n    raise TimeoutException(message, screen, stacktrace)\n","steps":[],"attachments":[],"parameters":[{"name":"locator","value":"('css selector', '.home-erin')"},{"name":"timeout","value":"5"}],"shouldDisplayMessage":true,"stepsCount":0,"attachmentsCount":0,"hasContent":true,"attachmentStep":false}],"attachments":[],"parameters":[],"shouldDisplayMessage":false,"stepsCount":1,"attachmentsCount":0,"hasContent":true,"attachmentStep":false}],"attachments":[{"uid":"cf56c2fc6a523abf","name":"Screenshot","source":"cf56c2fc6a523abf.png","type":"image/png","size":25650},{"uid":"e1b92a76b17a1dcb","name":"HTML source","source":"e1b92a76b17a1dcb.html","type":"text/html","size":258745}],"parameters":[],"shouldDisplayMessage":true,"stepsCount":3,"attachmentsCount":2,"hasContent":true,"attachmentStep":false},"afterStages":[{"name":"driver::0","time":{"start":1737943191123,"stop":1737943191187,"duration":64},"status":"passed","steps":[],"attachments":[],"parameters":[],"shouldDisplayMessage":false,"stepsCount":0,"attachmentsCount":0,"hasContent":false,"attachmentStep":false},{"name":"clear_allure_result_folder::0","time":{"start":1737944335893,"stop":1737944335893,"duration":0},"status":"passed","steps":[],"attachments":[],"parameters":[],"shouldDisplayMessage":false,"stepsCount":0,"attachmentsCount":0,"hasContent":false,"attachmentStep":false}],"labels":[{"name":"epic","value":"Main Page"},{"name":"feature","value":"Promo Block Testing"},{"name":"parentSuite","value":"tests"},{"name":"suite","value":"test_main_page"},{"name":"subSuite","value":"TestMainPage"},{"name":"host","value":"fv-az1945-895"},{"name":"thread","value":"2794-MainThread"},{"name":"framework","value":"pytest"},{"name":"language","value":"cpython3"},{"name":"package","value":"tests.test_main_page"},{"name":"resultFormat","value":"allure2"}],"parameters":[],"links":[],"hidden":false,"retry":false,"extra":{"severity":"normal","retries":[],"categories":[{"name":"Test defects","matchedStatuses":[],"flaky":false}],"history":{"statistic":{"failed":0,"broken":2,"skipped":0,"passed":0,"unknown":0,"total":2},"items":[{"uid":"5bd3b08ff86c21e9","reportUrl":"https://verafes.github.io/luma_project/567//#testresult/5bd3b08ff86c21e9","status":"broken","statusDetails":"selenium.common.exceptions.TimeoutException: Message: \nStacktrace:\n#0 0x56498f70b7ca <unknown>\n#1 0x56498f2032f0 <unknown>\n#2 0x56498f253035 <unknown>\n#3 0x56498f253251 <unknown>\n#4 0x56498f299054 <unknown>\n#5 0x56498f2779dd <unknown>\n#6 0x56498f2963b3 <unknown>\n#7 0x56498f277753 <unknown>\n#8 0x56498f244baa <unknown>\n#9 0x56498f245dfe <unknown>\n#10 0x56498f6d638b <unknown>\n#11 0x56498f6da307 <unknown>\n#12 0x56498f6c2e7c <unknown>\n#13 0x56498f6daec7 <unknown>\n#14 0x56498f6a724f <unknown>\n#15 0x56498f6fa2f8 <unknown>\n#16 0x56498f6fa4c0 <unknown>\n#17 0x56498f70a646 <unknown>\n#18 0x7f17eae9ca94 <unknown>\n#19 0x7f17eaf29c3c <unknown>","time":{"start":1737856822407,"stop":1737856827940,"duration":5533}}]},"tags":[]},"source":"3cbb08ea859c2290.json","parameterValues":[]}