{"uid":"4c878c92dd176a7c","name":"TC 03.02.01 Verify login with valid email valid password - Positive","fullName":"tests.test_sign_in.TestLogin#test_03_02_01_login_with_valid_email_valid_password_success","historyId":"139e8dda046c1f2fdbc273c2b5ef705f","time":{"start":1737944067598,"stop":1737944072715,"duration":5117},"description":"Check Success Login with correct credentials","descriptionHtml":"<p>Check Success Login with correct credentials</p>\n","status":"broken","statusMessage":"selenium.common.exceptions.TimeoutException: Message: \nStacktrace:\n#0 0x560eff6857ca <unknown>\n#1 0x560eff17d2f0 <unknown>\n#2 0x560eff1cd035 <unknown>\n#3 0x560eff1cd251 <unknown>\n#4 0x560eff213054 <unknown>\n#5 0x560eff1f19dd <unknown>\n#6 0x560eff2103b3 <unknown>\n#7 0x560eff1f1753 <unknown>\n#8 0x560eff1bebaa <unknown>\n#9 0x560eff1bfdfe <unknown>\n#10 0x560eff65038b <unknown>\n#11 0x560eff654307 <unknown>\n#12 0x560eff63ce7c <unknown>\n#13 0x560eff654ec7 <unknown>\n#14 0x560eff62124f <unknown>\n#15 0x560eff6742f8 <unknown>\n#16 0x560eff6744c0 <unknown>\n#17 0x560eff684646 <unknown>\n#18 0x7f28dc29ca94 <unknown>\n#19 0x7f28dc329c3c <unknown>","statusTrace":"self = <test_sign_in.TestLogin object at 0x7fcc4d153e50>\ndriver = <selenium.webdriver.chrome.webdriver.WebDriver (session=\"fa209eeb91cdd10021756550de0e9279\")>\nsign_in_page = <pages.sign_in_page.SignInPage object at 0x7fcc4e4d4c10>\n\n    @allure.title('TC 03.02.01 Verify login with valid email valid password - Positive')\n    def test_03_02_01_login_with_valid_email_valid_password_success(self, driver, sign_in_page):\n        \"\"\"Check Success Login with correct credentials\"\"\"\n>       sign_in_page.fill_in_email_field(credentials['valid_email'])\n\ntests/test_sign_in.py:204: \n_ _ _ _ _ _ _ _ _ _ _ _ _ _ _ _ _ _ _ _ _ _ _ _ _ _ _ _ _ _ _ _ _ _ _ _ _ _ _ _ \npages/sign_in_page.py:54: in fill_in_email_field\n    self.fill_in_field(self.check_customer_email_field_is_clickable(), email)\npages/sign_in_page.py:41: in check_customer_email_field_is_clickable\n    return self.element_is_clickable(self.locators.CUSTOMER_EMAIL)\npages/base_page.py:80: in element_is_clickable\n    return wait(self.driver, timeout).until(EC.element_to_be_clickable(locator))\n_ _ _ _ _ _ _ _ _ _ _ _ _ _ _ _ _ _ _ _ _ _ _ _ _ _ _ _ _ _ _ _ _ _ _ _ _ _ _ _ \n\nself = <selenium.webdriver.support.wait.WebDriverWait (session=\"fa209eeb91cdd10021756550de0e9279\")>\nmethod = <function element_to_be_clickable.<locals>._predicate at 0x7fcc4e76a980>\nmessage = ''\n\n    def until(self, method, message: str = \"\"):\n        \"\"\"Calls the method provided with the driver as an argument until the \\\n        return value does not evaluate to ``False``.\n    \n        :param method: callable(WebDriver)\n        :param message: optional message for :exc:`TimeoutException`\n        :returns: the result of the last call to `method`\n        :raises: :exc:`selenium.common.exceptions.TimeoutException` if timeout occurs\n        \"\"\"\n        screen = None\n        stacktrace = None\n    \n        end_time = time.monotonic() + self._timeout\n        while True:\n            try:\n                value = method(self._driver)\n                if value:\n                    return value\n            except self._ignored_exceptions as exc:\n                screen = getattr(exc, \"screen\", None)\n                stacktrace = getattr(exc, \"stacktrace\", None)\n            time.sleep(self._poll)\n            if time.monotonic() > end_time:\n                break\n>       raise TimeoutException(message, screen, stacktrace)\nE       selenium.common.exceptions.TimeoutException: Message: \nE       Stacktrace:\nE       #0 0x560eff6857ca <unknown>\nE       #1 0x560eff17d2f0 <unknown>\nE       #2 0x560eff1cd035 <unknown>\nE       #3 0x560eff1cd251 <unknown>\nE       #4 0x560eff213054 <unknown>\nE       #5 0x560eff1f19dd <unknown>\nE       #6 0x560eff2103b3 <unknown>\nE       #7 0x560eff1f1753 <unknown>\nE       #8 0x560eff1bebaa <unknown>\nE       #9 0x560eff1bfdfe <unknown>\nE       #10 0x560eff65038b <unknown>\nE       #11 0x560eff654307 <unknown>\nE       #12 0x560eff63ce7c <unknown>\nE       #13 0x560eff654ec7 <unknown>\nE       #14 0x560eff62124f <unknown>\nE       #15 0x560eff6742f8 <unknown>\nE       #16 0x560eff6744c0 <unknown>\nE       #17 0x560eff684646 <unknown>\nE       #18 0x7f28dc29ca94 <unknown>\nE       #19 0x7f28dc329c3c <unknown>\n\n/opt/hostedtoolcache/Python/3.11.11/x64/lib/python3.11/site-packages/selenium/webdriver/support/wait.py:95: TimeoutException","flaky":false,"newFailed":false,"newBroken":false,"newPassed":false,"retriesCount":0,"retriesStatusChange":false,"beforeStages":[{"name":"_session_faker","time":{"start":1737941851900,"stop":1737941851966,"duration":66},"status":"passed","steps":[],"attachments":[],"parameters":[],"shouldDisplayMessage":false,"stepsCount":0,"attachmentsCount":0,"hasContent":false,"attachmentStep":false},{"name":"clear_allure_result_folder","time":{"start":1737941851966,"stop":1737941851966,"duration":0},"status":"passed","steps":[],"attachments":[],"parameters":[],"shouldDisplayMessage":false,"stepsCount":0,"attachmentsCount":0,"hasContent":false,"attachmentStep":false},{"name":"driver","time":{"start":1737944066014,"stop":1737944067189,"duration":1175},"status":"passed","steps":[],"attachments":[],"parameters":[],"shouldDisplayMessage":false,"stepsCount":0,"attachmentsCount":0,"hasContent":false,"attachmentStep":false},{"name":"sign_in_page","time":{"start":1737944067189,"stop":1737944067598,"duration":409},"status":"passed","steps":[{"name":"Open a browser","time":{"start":1737944067189,"stop":1737944067597,"duration":408},"status":"passed","steps":[],"attachments":[],"parameters":[],"shouldDisplayMessage":false,"stepsCount":0,"attachmentsCount":0,"hasContent":false,"attachmentStep":false}],"attachments":[],"parameters":[],"shouldDisplayMessage":false,"stepsCount":1,"attachmentsCount":0,"hasContent":true,"attachmentStep":false}],"testStage":{"description":"Check Success Login with correct credentials","status":"broken","statusMessage":"selenium.common.exceptions.TimeoutException: Message: \nStacktrace:\n#0 0x560eff6857ca <unknown>\n#1 0x560eff17d2f0 <unknown>\n#2 0x560eff1cd035 <unknown>\n#3 0x560eff1cd251 <unknown>\n#4 0x560eff213054 <unknown>\n#5 0x560eff1f19dd <unknown>\n#6 0x560eff2103b3 <unknown>\n#7 0x560eff1f1753 <unknown>\n#8 0x560eff1bebaa <unknown>\n#9 0x560eff1bfdfe <unknown>\n#10 0x560eff65038b <unknown>\n#11 0x560eff654307 <unknown>\n#12 0x560eff63ce7c <unknown>\n#13 0x560eff654ec7 <unknown>\n#14 0x560eff62124f <unknown>\n#15 0x560eff6742f8 <unknown>\n#16 0x560eff6744c0 <unknown>\n#17 0x560eff684646 <unknown>\n#18 0x7f28dc29ca94 <unknown>\n#19 0x7f28dc329c3c <unknown>","statusTrace":"self = <test_sign_in.TestLogin object at 0x7fcc4d153e50>\ndriver = <selenium.webdriver.chrome.webdriver.WebDriver (session=\"fa209eeb91cdd10021756550de0e9279\")>\nsign_in_page = <pages.sign_in_page.SignInPage object at 0x7fcc4e4d4c10>\n\n    @allure.title('TC 03.02.01 Verify login with valid email valid password - Positive')\n    def test_03_02_01_login_with_valid_email_valid_password_success(self, driver, sign_in_page):\n        \"\"\"Check Success Login with correct credentials\"\"\"\n>       sign_in_page.fill_in_email_field(credentials['valid_email'])\n\ntests/test_sign_in.py:204: \n_ _ _ _ _ _ _ _ _ _ _ _ _ _ _ _ _ _ _ _ _ _ _ _ _ _ _ _ _ _ _ _ _ _ _ _ _ _ _ _ \npages/sign_in_page.py:54: in fill_in_email_field\n    self.fill_in_field(self.check_customer_email_field_is_clickable(), email)\npages/sign_in_page.py:41: in check_customer_email_field_is_clickable\n    return self.element_is_clickable(self.locators.CUSTOMER_EMAIL)\npages/base_page.py:80: in element_is_clickable\n    return wait(self.driver, timeout).until(EC.element_to_be_clickable(locator))\n_ _ _ _ _ _ _ _ _ _ _ _ _ _ _ _ _ _ _ _ _ _ _ _ _ _ _ _ _ _ _ _ _ _ _ _ _ _ _ _ \n\nself = <selenium.webdriver.support.wait.WebDriverWait (session=\"fa209eeb91cdd10021756550de0e9279\")>\nmethod = <function element_to_be_clickable.<locals>._predicate at 0x7fcc4e76a980>\nmessage = ''\n\n    def until(self, method, message: str = \"\"):\n        \"\"\"Calls the method provided with the driver as an argument until the \\\n        return value does not evaluate to ``False``.\n    \n        :param method: callable(WebDriver)\n        :param message: optional message for :exc:`TimeoutException`\n        :returns: the result of the last call to `method`\n        :raises: :exc:`selenium.common.exceptions.TimeoutException` if timeout occurs\n        \"\"\"\n        screen = None\n        stacktrace = None\n    \n        end_time = time.monotonic() + self._timeout\n        while True:\n            try:\n                value = method(self._driver)\n                if value:\n                    return value\n            except self._ignored_exceptions as exc:\n                screen = getattr(exc, \"screen\", None)\n                stacktrace = getattr(exc, \"stacktrace\", None)\n            time.sleep(self._poll)\n            if time.monotonic() > end_time:\n                break\n>       raise TimeoutException(message, screen, stacktrace)\nE       selenium.common.exceptions.TimeoutException: Message: \nE       Stacktrace:\nE       #0 0x560eff6857ca <unknown>\nE       #1 0x560eff17d2f0 <unknown>\nE       #2 0x560eff1cd035 <unknown>\nE       #3 0x560eff1cd251 <unknown>\nE       #4 0x560eff213054 <unknown>\nE       #5 0x560eff1f19dd <unknown>\nE       #6 0x560eff2103b3 <unknown>\nE       #7 0x560eff1f1753 <unknown>\nE       #8 0x560eff1bebaa <unknown>\nE       #9 0x560eff1bfdfe <unknown>\nE       #10 0x560eff65038b <unknown>\nE       #11 0x560eff654307 <unknown>\nE       #12 0x560eff63ce7c <unknown>\nE       #13 0x560eff654ec7 <unknown>\nE       #14 0x560eff62124f <unknown>\nE       #15 0x560eff6742f8 <unknown>\nE       #16 0x560eff6744c0 <unknown>\nE       #17 0x560eff684646 <unknown>\nE       #18 0x7f28dc29ca94 <unknown>\nE       #19 0x7f28dc329c3c <unknown>\n\n/opt/hostedtoolcache/Python/3.11.11/x64/lib/python3.11/site-packages/selenium/webdriver/support/wait.py:95: TimeoutException","steps":[{"name":"Fill in Email field","time":{"start":1737944067598,"stop":1737944072715,"duration":5117},"status":"broken","statusMessage":"selenium.common.exceptions.TimeoutException: Message: \nStacktrace:\n#0 0x560eff6857ca <unknown>\n#1 0x560eff17d2f0 <unknown>\n#2 0x560eff1cd035 <unknown>\n#3 0x560eff1cd251 <unknown>\n#4 0x560eff213054 <unknown>\n#5 0x560eff1f19dd <unknown>\n#6 0x560eff2103b3 <unknown>\n#7 0x560eff1f1753 <unknown>\n#8 0x560eff1bebaa <unknown>\n#9 0x560eff1bfdfe <unknown>\n#10 0x560eff65038b <unknown>\n#11 0x560eff654307 <unknown>\n#12 0x560eff63ce7c <unknown>\n#13 0x560eff654ec7 <unknown>\n#14 0x560eff62124f <unknown>\n#15 0x560eff6742f8 <unknown>\n#16 0x560eff6744c0 <unknown>\n#17 0x560eff684646 <unknown>\n#18 0x7f28dc29ca94 <unknown>\n#19 0x7f28dc329c3c <unknown>\n\n","statusTrace":"  File \"/opt/hostedtoolcache/Python/3.11.11/x64/lib/python3.11/site-packages/allure_commons/_allure.py\", line 192, in impl\n    return func(*a, **kw)\n           ^^^^^^^^^^^^^^\n  File \"/home/runner/work/luma_project/luma_project/pages/sign_in_page.py\", line 54, in fill_in_email_field\n    self.fill_in_field(self.check_customer_email_field_is_clickable(), email)\n                       ^^^^^^^^^^^^^^^^^^^^^^^^^^^^^^^^^^^^^^^^^^^^^^\n  File \"/opt/hostedtoolcache/Python/3.11.11/x64/lib/python3.11/site-packages/allure_commons/_allure.py\", line 192, in impl\n    return func(*a, **kw)\n           ^^^^^^^^^^^^^^\n  File \"/home/runner/work/luma_project/luma_project/pages/sign_in_page.py\", line 41, in check_customer_email_field_is_clickable\n    return self.element_is_clickable(self.locators.CUSTOMER_EMAIL)\n           ^^^^^^^^^^^^^^^^^^^^^^^^^^^^^^^^^^^^^^^^^^^^^^^^^^^^^^^\n  File \"/opt/hostedtoolcache/Python/3.11.11/x64/lib/python3.11/site-packages/allure_commons/_allure.py\", line 192, in impl\n    return func(*a, **kw)\n           ^^^^^^^^^^^^^^\n  File \"/home/runner/work/luma_project/luma_project/pages/base_page.py\", line 80, in element_is_clickable\n    return wait(self.driver, timeout).until(EC.element_to_be_clickable(locator))\n           ^^^^^^^^^^^^^^^^^^^^^^^^^^^^^^^^^^^^^^^^^^^^^^^^^^^^^^^^^^^^^^^^^^^^^\n  File \"/opt/hostedtoolcache/Python/3.11.11/x64/lib/python3.11/site-packages/selenium/webdriver/support/wait.py\", line 95, in until\n    raise TimeoutException(message, screen, stacktrace)\n","steps":[{"name":"Check Email field is clickable","time":{"start":1737944067598,"stop":1737944072715,"duration":5117},"status":"broken","statusMessage":"selenium.common.exceptions.TimeoutException: Message: \nStacktrace:\n#0 0x560eff6857ca <unknown>\n#1 0x560eff17d2f0 <unknown>\n#2 0x560eff1cd035 <unknown>\n#3 0x560eff1cd251 <unknown>\n#4 0x560eff213054 <unknown>\n#5 0x560eff1f19dd <unknown>\n#6 0x560eff2103b3 <unknown>\n#7 0x560eff1f1753 <unknown>\n#8 0x560eff1bebaa <unknown>\n#9 0x560eff1bfdfe <unknown>\n#10 0x560eff65038b <unknown>\n#11 0x560eff654307 <unknown>\n#12 0x560eff63ce7c <unknown>\n#13 0x560eff654ec7 <unknown>\n#14 0x560eff62124f <unknown>\n#15 0x560eff6742f8 <unknown>\n#16 0x560eff6744c0 <unknown>\n#17 0x560eff684646 <unknown>\n#18 0x7f28dc29ca94 <unknown>\n#19 0x7f28dc329c3c <unknown>\n\n","statusTrace":"  File \"/opt/hostedtoolcache/Python/3.11.11/x64/lib/python3.11/site-packages/allure_commons/_allure.py\", line 192, in impl\n    return func(*a, **kw)\n           ^^^^^^^^^^^^^^\n  File \"/home/runner/work/luma_project/luma_project/pages/sign_in_page.py\", line 41, in check_customer_email_field_is_clickable\n    return self.element_is_clickable(self.locators.CUSTOMER_EMAIL)\n           ^^^^^^^^^^^^^^^^^^^^^^^^^^^^^^^^^^^^^^^^^^^^^^^^^^^^^^^\n  File \"/opt/hostedtoolcache/Python/3.11.11/x64/lib/python3.11/site-packages/allure_commons/_allure.py\", line 192, in impl\n    return func(*a, **kw)\n           ^^^^^^^^^^^^^^\n  File \"/home/runner/work/luma_project/luma_project/pages/base_page.py\", line 80, in element_is_clickable\n    return wait(self.driver, timeout).until(EC.element_to_be_clickable(locator))\n           ^^^^^^^^^^^^^^^^^^^^^^^^^^^^^^^^^^^^^^^^^^^^^^^^^^^^^^^^^^^^^^^^^^^^^\n  File \"/opt/hostedtoolcache/Python/3.11.11/x64/lib/python3.11/site-packages/selenium/webdriver/support/wait.py\", line 95, in until\n    raise TimeoutException(message, screen, stacktrace)\n","steps":[{"name":"Find clickable elements","time":{"start":1737944067598,"stop":1737944072714,"duration":5116},"status":"broken","statusMessage":"selenium.common.exceptions.TimeoutException: Message: \nStacktrace:\n#0 0x560eff6857ca <unknown>\n#1 0x560eff17d2f0 <unknown>\n#2 0x560eff1cd035 <unknown>\n#3 0x560eff1cd251 <unknown>\n#4 0x560eff213054 <unknown>\n#5 0x560eff1f19dd <unknown>\n#6 0x560eff2103b3 <unknown>\n#7 0x560eff1f1753 <unknown>\n#8 0x560eff1bebaa <unknown>\n#9 0x560eff1bfdfe <unknown>\n#10 0x560eff65038b <unknown>\n#11 0x560eff654307 <unknown>\n#12 0x560eff63ce7c <unknown>\n#13 0x560eff654ec7 <unknown>\n#14 0x560eff62124f <unknown>\n#15 0x560eff6742f8 <unknown>\n#16 0x560eff6744c0 <unknown>\n#17 0x560eff684646 <unknown>\n#18 0x7f28dc29ca94 <unknown>\n#19 0x7f28dc329c3c <unknown>\n\n","statusTrace":"  File \"/opt/hostedtoolcache/Python/3.11.11/x64/lib/python3.11/site-packages/allure_commons/_allure.py\", line 192, in impl\n    return func(*a, **kw)\n           ^^^^^^^^^^^^^^\n  File \"/home/runner/work/luma_project/luma_project/pages/base_page.py\", line 80, in element_is_clickable\n    return wait(self.driver, timeout).until(EC.element_to_be_clickable(locator))\n           ^^^^^^^^^^^^^^^^^^^^^^^^^^^^^^^^^^^^^^^^^^^^^^^^^^^^^^^^^^^^^^^^^^^^^\n  File \"/opt/hostedtoolcache/Python/3.11.11/x64/lib/python3.11/site-packages/selenium/webdriver/support/wait.py\", line 95, in until\n    raise TimeoutException(message, screen, stacktrace)\n","steps":[],"attachments":[],"parameters":[{"name":"locator","value":"('css selector', '#email')"},{"name":"timeout","value":"5"}],"shouldDisplayMessage":true,"stepsCount":0,"attachmentsCount":0,"hasContent":true,"attachmentStep":false}],"attachments":[],"parameters":[],"shouldDisplayMessage":false,"stepsCount":1,"attachmentsCount":0,"hasContent":true,"attachmentStep":false}],"attachments":[],"parameters":[{"name":"email","value":"'test130@mailinator.com'"}],"shouldDisplayMessage":false,"stepsCount":2,"attachmentsCount":0,"hasContent":true,"attachmentStep":false}],"attachments":[{"uid":"36f265b010448718","name":"Screenshot","source":"36f265b010448718.png","type":"image/png","size":25650},{"uid":"5c056bb5ad74172f","name":"HTML source","source":"5c056bb5ad74172f.html","type":"text/html","size":258925}],"parameters":[],"shouldDisplayMessage":true,"stepsCount":3,"attachmentsCount":2,"hasContent":true,"attachmentStep":false},"afterStages":[{"name":"driver::0","time":{"start":1737944072824,"stop":1737944072887,"duration":63},"status":"passed","steps":[],"attachments":[],"parameters":[],"shouldDisplayMessage":false,"stepsCount":0,"attachmentsCount":0,"hasContent":false,"attachmentStep":false},{"name":"clear_allure_result_folder::0","time":{"start":1737944335893,"stop":1737944335893,"duration":0},"status":"passed","steps":[],"attachments":[],"parameters":[],"shouldDisplayMessage":false,"stepsCount":0,"attachmentsCount":0,"hasContent":false,"attachmentStep":false}],"labels":[{"name":"feature","value":"Login Functionality"},{"name":"parentSuite","value":"tests"},{"name":"suite","value":"test_sign_in"},{"name":"subSuite","value":"TestLogin"},{"name":"host","value":"fv-az1945-895"},{"name":"thread","value":"2794-MainThread"},{"name":"framework","value":"pytest"},{"name":"language","value":"cpython3"},{"name":"package","value":"tests.test_sign_in"},{"name":"resultFormat","value":"allure2"}],"parameters":[],"links":[],"hidden":false,"retry":false,"extra":{"severity":"normal","retries":[],"categories":[{"name":"Test defects","matchedStatuses":[],"flaky":false}],"history":{"statistic":{"failed":0,"broken":2,"skipped":0,"passed":0,"unknown":0,"total":2},"items":[{"uid":"5ab8530569ee1b22","reportUrl":"https://verafes.github.io/luma_project/567//#testresult/5ab8530569ee1b22","status":"broken","statusDetails":"selenium.common.exceptions.TimeoutException: Message: \nStacktrace:\n#0 0x55c374fa97ca <unknown>\n#1 0x55c374aa12f0 <unknown>\n#2 0x55c374af1035 <unknown>\n#3 0x55c374af1251 <unknown>\n#4 0x55c374b37054 <unknown>\n#5 0x55c374b159dd <unknown>\n#6 0x55c374b343b3 <unknown>\n#7 0x55c374b15753 <unknown>\n#8 0x55c374ae2baa <unknown>\n#9 0x55c374ae3dfe <unknown>\n#10 0x55c374f7438b <unknown>\n#11 0x55c374f78307 <unknown>\n#12 0x55c374f60e7c <unknown>\n#13 0x55c374f78ec7 <unknown>\n#14 0x55c374f4524f <unknown>\n#15 0x55c374f982f8 <unknown>\n#16 0x55c374f984c0 <unknown>\n#17 0x55c374fa8646 <unknown>\n#18 0x7f3cf0c9ca94 <unknown>\n#19 0x7f3cf0d29c3c <unknown>","time":{"start":1737857705578,"stop":1737857710694,"duration":5116}}]},"tags":[]},"source":"4c878c92dd176a7c.json","parameterValues":[]}