{"uid":"53c6a904e429cba3","name":"TC 04_02_09_13 Verify presence of strong password strength hint","fullName":"tests.test_create_an_account.TestCreateAnAccount#test_04_02_09_13_password_strength_hint","historyId":"1e536947cb8323f5aadd200ecdec4ee8","time":{"start":1737942042126,"stop":1737942047239,"duration":5113},"description":" Verify presence of Password Strength hint and warning color of weak password ","descriptionHtml":"<p>Verify presence of Password Strength hint and warning color of weak password</p>\n","status":"skipped","statusMessage":"XFAIL Flaky behavior on CI\n\nselenium.common.exceptions.TimeoutException: Message: \nStacktrace:\n#0 0x56530eea17ca <unknown>\n#1 0x56530e9992f0 <unknown>\n#2 0x56530e9e9035 <unknown>\n#3 0x56530e9e9251 <unknown>\n#4 0x56530ea2f054 <unknown>\n#5 0x56530ea0d9dd <unknown>\n#6 0x56530ea2c3b3 <unknown>\n#7 0x56530ea0d753 <unknown>\n#8 0x56530e9dabaa <unknown>\n#9 0x56530e9dbdfe <unknown>\n#10 0x56530ee6c38b <unknown>\n#11 0x56530ee70307 <unknown>\n#12 0x56530ee58e7c <unknown>\n#13 0x56530ee70ec7 <unknown>\n#14 0x56530ee3d24f <unknown>\n#15 0x56530ee902f8 <unknown>\n#16 0x56530ee904c0 <unknown>\n#17 0x56530eea0646 <unknown>\n#18 0x7fdb92a9ca94 <unknown>\n#19 0x7fdb92b29c3c <unknown>","statusTrace":"self = <test_create_an_account.TestCreateAnAccount object at 0x7fcc4ef1ed50>\ncreate_account_page = <pages.create_an_account_page.CreateAccountPage object at 0x7fcc4eacfa90>\npassword_strength_msg = {'password': '1234qweREewe', 'strength_password': 'Very Strong', 'strength_password_hint': 'Password Strength: Very Strong', 'warning_color': '#81b562', ...}\n\n    @pytest.mark.xfail(reason=\"Flaky behavior on CI\")\n    @allure.title('TC 04_02_09_13 Verify presence of strong password strength hint')\n    @pytest.mark.parametrize('password_strength_msg', password_strength_msg)\n    def test_04_02_09_13_password_strength_hint(self, create_account_page, password_strength_msg):\n        \"\"\" Verify presence of Password Strength hint and warning color of weak password \"\"\"\n        password_strength_hint_message, message_error, hex_color = \\\n>           create_account_page.check_password_strength_hint_with_different_passwords(password_strength_msg)\n\ntests/test_create_an_account.py:217: \n_ _ _ _ _ _ _ _ _ _ _ _ _ _ _ _ _ _ _ _ _ _ _ _ _ _ _ _ _ _ _ _ _ _ _ _ _ _ _ _ \npages/create_an_account_page.py:267: in check_password_strength_hint_with_different_passwords\n    password_input = self.check_password_input()\npages/create_an_account_page.py:55: in check_password_input\n    return self.element_is_visible(self.locators.PASSWORD)\npages/base_page.py:29: in element_is_visible\n    self.go_to_element(self.element_is_present(locator))\npages/base_page.py:50: in element_is_present\n    return wait(self.driver, timeout).until(EC.presence_of_element_located(locator))\n_ _ _ _ _ _ _ _ _ _ _ _ _ _ _ _ _ _ _ _ _ _ _ _ _ _ _ _ _ _ _ _ _ _ _ _ _ _ _ _ \n\nself = <selenium.webdriver.support.wait.WebDriverWait (session=\"f63fe9a17fd20b6e6b10e08e48ba5974\")>\nmethod = <function presence_of_element_located.<locals>._predicate at 0x7fcc4d145940>\nmessage = ''\n\n    def until(self, method, message: str = \"\"):\n        \"\"\"Calls the method provided with the driver as an argument until the \\\n        return value does not evaluate to ``False``.\n    \n        :param method: callable(WebDriver)\n        :param message: optional message for :exc:`TimeoutException`\n        :returns: the result of the last call to `method`\n        :raises: :exc:`selenium.common.exceptions.TimeoutException` if timeout occurs\n        \"\"\"\n        screen = None\n        stacktrace = None\n    \n        end_time = time.monotonic() + self._timeout\n        while True:\n            try:\n                value = method(self._driver)\n                if value:\n                    return value\n            except self._ignored_exceptions as exc:\n                screen = getattr(exc, \"screen\", None)\n                stacktrace = getattr(exc, \"stacktrace\", None)\n            time.sleep(self._poll)\n            if time.monotonic() > end_time:\n                break\n>       raise TimeoutException(message, screen, stacktrace)\nE       selenium.common.exceptions.TimeoutException: Message: \nE       Stacktrace:\nE       #0 0x56530eea17ca <unknown>\nE       #1 0x56530e9992f0 <unknown>\nE       #2 0x56530e9e9035 <unknown>\nE       #3 0x56530e9e9251 <unknown>\nE       #4 0x56530ea2f054 <unknown>\nE       #5 0x56530ea0d9dd <unknown>\nE       #6 0x56530ea2c3b3 <unknown>\nE       #7 0x56530ea0d753 <unknown>\nE       #8 0x56530e9dabaa <unknown>\nE       #9 0x56530e9dbdfe <unknown>\nE       #10 0x56530ee6c38b <unknown>\nE       #11 0x56530ee70307 <unknown>\nE       #12 0x56530ee58e7c <unknown>\nE       #13 0x56530ee70ec7 <unknown>\nE       #14 0x56530ee3d24f <unknown>\nE       #15 0x56530ee902f8 <unknown>\nE       #16 0x56530ee904c0 <unknown>\nE       #17 0x56530eea0646 <unknown>\nE       #18 0x7fdb92a9ca94 <unknown>\nE       #19 0x7fdb92b29c3c <unknown>\n\n/opt/hostedtoolcache/Python/3.11.11/x64/lib/python3.11/site-packages/selenium/webdriver/support/wait.py:95: TimeoutException","flaky":false,"newFailed":false,"newBroken":false,"newPassed":false,"retriesCount":0,"retriesStatusChange":false,"beforeStages":[{"name":"_session_faker","time":{"start":1737941851900,"stop":1737941851966,"duration":66},"status":"passed","steps":[],"attachments":[],"parameters":[],"shouldDisplayMessage":false,"stepsCount":0,"attachmentsCount":0,"hasContent":false,"attachmentStep":false},{"name":"clear_allure_result_folder","time":{"start":1737941851966,"stop":1737941851966,"duration":0},"status":"passed","steps":[],"attachments":[],"parameters":[],"shouldDisplayMessage":false,"stepsCount":0,"attachmentsCount":0,"hasContent":false,"attachmentStep":false},{"name":"driver","time":{"start":1737942040563,"stop":1737942041744,"duration":1181},"status":"passed","steps":[],"attachments":[],"parameters":[],"shouldDisplayMessage":false,"stepsCount":0,"attachmentsCount":0,"hasContent":false,"attachmentStep":false},{"name":"create_account_page","time":{"start":1737942041744,"stop":1737942042126,"duration":382},"status":"passed","steps":[{"name":"Open a browser","time":{"start":1737942041745,"stop":1737942042126,"duration":381},"status":"passed","steps":[],"attachments":[],"parameters":[],"shouldDisplayMessage":false,"stepsCount":0,"attachmentsCount":0,"hasContent":false,"attachmentStep":false}],"attachments":[],"parameters":[],"shouldDisplayMessage":false,"stepsCount":1,"attachmentsCount":0,"hasContent":true,"attachmentStep":false}],"testStage":{"description":" Verify presence of Password Strength hint and warning color of weak password ","status":"skipped","statusMessage":"XFAIL Flaky behavior on CI\n\nselenium.common.exceptions.TimeoutException: Message: \nStacktrace:\n#0 0x56530eea17ca <unknown>\n#1 0x56530e9992f0 <unknown>\n#2 0x56530e9e9035 <unknown>\n#3 0x56530e9e9251 <unknown>\n#4 0x56530ea2f054 <unknown>\n#5 0x56530ea0d9dd <unknown>\n#6 0x56530ea2c3b3 <unknown>\n#7 0x56530ea0d753 <unknown>\n#8 0x56530e9dabaa <unknown>\n#9 0x56530e9dbdfe <unknown>\n#10 0x56530ee6c38b <unknown>\n#11 0x56530ee70307 <unknown>\n#12 0x56530ee58e7c <unknown>\n#13 0x56530ee70ec7 <unknown>\n#14 0x56530ee3d24f <unknown>\n#15 0x56530ee902f8 <unknown>\n#16 0x56530ee904c0 <unknown>\n#17 0x56530eea0646 <unknown>\n#18 0x7fdb92a9ca94 <unknown>\n#19 0x7fdb92b29c3c <unknown>","statusTrace":"self = <test_create_an_account.TestCreateAnAccount object at 0x7fcc4ef1ed50>\ncreate_account_page = <pages.create_an_account_page.CreateAccountPage object at 0x7fcc4eacfa90>\npassword_strength_msg = {'password': '1234qweREewe', 'strength_password': 'Very Strong', 'strength_password_hint': 'Password Strength: Very Strong', 'warning_color': '#81b562', ...}\n\n    @pytest.mark.xfail(reason=\"Flaky behavior on CI\")\n    @allure.title('TC 04_02_09_13 Verify presence of strong password strength hint')\n    @pytest.mark.parametrize('password_strength_msg', password_strength_msg)\n    def test_04_02_09_13_password_strength_hint(self, create_account_page, password_strength_msg):\n        \"\"\" Verify presence of Password Strength hint and warning color of weak password \"\"\"\n        password_strength_hint_message, message_error, hex_color = \\\n>           create_account_page.check_password_strength_hint_with_different_passwords(password_strength_msg)\n\ntests/test_create_an_account.py:217: \n_ _ _ _ _ _ _ _ _ _ _ _ _ _ _ _ _ _ _ _ _ _ _ _ _ _ _ _ _ _ _ _ _ _ _ _ _ _ _ _ \npages/create_an_account_page.py:267: in check_password_strength_hint_with_different_passwords\n    password_input = self.check_password_input()\npages/create_an_account_page.py:55: in check_password_input\n    return self.element_is_visible(self.locators.PASSWORD)\npages/base_page.py:29: in element_is_visible\n    self.go_to_element(self.element_is_present(locator))\npages/base_page.py:50: in element_is_present\n    return wait(self.driver, timeout).until(EC.presence_of_element_located(locator))\n_ _ _ _ _ _ _ _ _ _ _ _ _ _ _ _ _ _ _ _ _ _ _ _ _ _ _ _ _ _ _ _ _ _ _ _ _ _ _ _ \n\nself = <selenium.webdriver.support.wait.WebDriverWait (session=\"f63fe9a17fd20b6e6b10e08e48ba5974\")>\nmethod = <function presence_of_element_located.<locals>._predicate at 0x7fcc4d145940>\nmessage = ''\n\n    def until(self, method, message: str = \"\"):\n        \"\"\"Calls the method provided with the driver as an argument until the \\\n        return value does not evaluate to ``False``.\n    \n        :param method: callable(WebDriver)\n        :param message: optional message for :exc:`TimeoutException`\n        :returns: the result of the last call to `method`\n        :raises: :exc:`selenium.common.exceptions.TimeoutException` if timeout occurs\n        \"\"\"\n        screen = None\n        stacktrace = None\n    \n        end_time = time.monotonic() + self._timeout\n        while True:\n            try:\n                value = method(self._driver)\n                if value:\n                    return value\n            except self._ignored_exceptions as exc:\n                screen = getattr(exc, \"screen\", None)\n                stacktrace = getattr(exc, \"stacktrace\", None)\n            time.sleep(self._poll)\n            if time.monotonic() > end_time:\n                break\n>       raise TimeoutException(message, screen, stacktrace)\nE       selenium.common.exceptions.TimeoutException: Message: \nE       Stacktrace:\nE       #0 0x56530eea17ca <unknown>\nE       #1 0x56530e9992f0 <unknown>\nE       #2 0x56530e9e9035 <unknown>\nE       #3 0x56530e9e9251 <unknown>\nE       #4 0x56530ea2f054 <unknown>\nE       #5 0x56530ea0d9dd <unknown>\nE       #6 0x56530ea2c3b3 <unknown>\nE       #7 0x56530ea0d753 <unknown>\nE       #8 0x56530e9dabaa <unknown>\nE       #9 0x56530e9dbdfe <unknown>\nE       #10 0x56530ee6c38b <unknown>\nE       #11 0x56530ee70307 <unknown>\nE       #12 0x56530ee58e7c <unknown>\nE       #13 0x56530ee70ec7 <unknown>\nE       #14 0x56530ee3d24f <unknown>\nE       #15 0x56530ee902f8 <unknown>\nE       #16 0x56530ee904c0 <unknown>\nE       #17 0x56530eea0646 <unknown>\nE       #18 0x7fdb92a9ca94 <unknown>\nE       #19 0x7fdb92b29c3c <unknown>\n\n/opt/hostedtoolcache/Python/3.11.11/x64/lib/python3.11/site-packages/selenium/webdriver/support/wait.py:95: TimeoutException","steps":[{"name":"Check password strength hint and color","time":{"start":1737942042126,"stop":1737942047239,"duration":5113},"status":"broken","statusMessage":"selenium.common.exceptions.TimeoutException: Message: \nStacktrace:\n#0 0x56530eea17ca <unknown>\n#1 0x56530e9992f0 <unknown>\n#2 0x56530e9e9035 <unknown>\n#3 0x56530e9e9251 <unknown>\n#4 0x56530ea2f054 <unknown>\n#5 0x56530ea0d9dd <unknown>\n#6 0x56530ea2c3b3 <unknown>\n#7 0x56530ea0d753 <unknown>\n#8 0x56530e9dabaa <unknown>\n#9 0x56530e9dbdfe <unknown>\n#10 0x56530ee6c38b <unknown>\n#11 0x56530ee70307 <unknown>\n#12 0x56530ee58e7c <unknown>\n#13 0x56530ee70ec7 <unknown>\n#14 0x56530ee3d24f <unknown>\n#15 0x56530ee902f8 <unknown>\n#16 0x56530ee904c0 <unknown>\n#17 0x56530eea0646 <unknown>\n#18 0x7fdb92a9ca94 <unknown>\n#19 0x7fdb92b29c3c <unknown>\n\n","statusTrace":"  File \"/opt/hostedtoolcache/Python/3.11.11/x64/lib/python3.11/site-packages/allure_commons/_allure.py\", line 192, in impl\n    return func(*a, **kw)\n           ^^^^^^^^^^^^^^\n  File \"/home/runner/work/luma_project/luma_project/pages/create_an_account_page.py\", line 267, in check_password_strength_hint_with_different_passwords\n    password_input = self.check_password_input()\n                     ^^^^^^^^^^^^^^^^^^^^^^^^^^^\n  File \"/opt/hostedtoolcache/Python/3.11.11/x64/lib/python3.11/site-packages/allure_commons/_allure.py\", line 192, in impl\n    return func(*a, **kw)\n           ^^^^^^^^^^^^^^\n  File \"/home/runner/work/luma_project/luma_project/pages/create_an_account_page.py\", line 55, in check_password_input\n    return self.element_is_visible(self.locators.PASSWORD)\n           ^^^^^^^^^^^^^^^^^^^^^^^^^^^^^^^^^^^^^^^^^^^^^^^\n  File \"/opt/hostedtoolcache/Python/3.11.11/x64/lib/python3.11/site-packages/allure_commons/_allure.py\", line 192, in impl\n    return func(*a, **kw)\n           ^^^^^^^^^^^^^^\n  File \"/home/runner/work/luma_project/luma_project/pages/base_page.py\", line 29, in element_is_visible\n    self.go_to_element(self.element_is_present(locator))\n                       ^^^^^^^^^^^^^^^^^^^^^^^^^^^^^^^^\n  File \"/opt/hostedtoolcache/Python/3.11.11/x64/lib/python3.11/site-packages/allure_commons/_allure.py\", line 192, in impl\n    return func(*a, **kw)\n           ^^^^^^^^^^^^^^\n  File \"/home/runner/work/luma_project/luma_project/pages/base_page.py\", line 50, in element_is_present\n    return wait(self.driver, timeout).until(EC.presence_of_element_located(locator))\n           ^^^^^^^^^^^^^^^^^^^^^^^^^^^^^^^^^^^^^^^^^^^^^^^^^^^^^^^^^^^^^^^^^^^^^^^^^\n  File \"/opt/hostedtoolcache/Python/3.11.11/x64/lib/python3.11/site-packages/selenium/webdriver/support/wait.py\", line 95, in until\n    raise TimeoutException(message, screen, stacktrace)\n","steps":[{"name":"Check Password input field is visible","time":{"start":1737942042126,"stop":1737942047239,"duration":5113},"status":"broken","statusMessage":"selenium.common.exceptions.TimeoutException: Message: \nStacktrace:\n#0 0x56530eea17ca <unknown>\n#1 0x56530e9992f0 <unknown>\n#2 0x56530e9e9035 <unknown>\n#3 0x56530e9e9251 <unknown>\n#4 0x56530ea2f054 <unknown>\n#5 0x56530ea0d9dd <unknown>\n#6 0x56530ea2c3b3 <unknown>\n#7 0x56530ea0d753 <unknown>\n#8 0x56530e9dabaa <unknown>\n#9 0x56530e9dbdfe <unknown>\n#10 0x56530ee6c38b <unknown>\n#11 0x56530ee70307 <unknown>\n#12 0x56530ee58e7c <unknown>\n#13 0x56530ee70ec7 <unknown>\n#14 0x56530ee3d24f <unknown>\n#15 0x56530ee902f8 <unknown>\n#16 0x56530ee904c0 <unknown>\n#17 0x56530eea0646 <unknown>\n#18 0x7fdb92a9ca94 <unknown>\n#19 0x7fdb92b29c3c <unknown>\n\n","statusTrace":"  File \"/opt/hostedtoolcache/Python/3.11.11/x64/lib/python3.11/site-packages/allure_commons/_allure.py\", line 192, in impl\n    return func(*a, **kw)\n           ^^^^^^^^^^^^^^\n  File \"/home/runner/work/luma_project/luma_project/pages/create_an_account_page.py\", line 55, in check_password_input\n    return self.element_is_visible(self.locators.PASSWORD)\n           ^^^^^^^^^^^^^^^^^^^^^^^^^^^^^^^^^^^^^^^^^^^^^^^\n  File \"/opt/hostedtoolcache/Python/3.11.11/x64/lib/python3.11/site-packages/allure_commons/_allure.py\", line 192, in impl\n    return func(*a, **kw)\n           ^^^^^^^^^^^^^^\n  File \"/home/runner/work/luma_project/luma_project/pages/base_page.py\", line 29, in element_is_visible\n    self.go_to_element(self.element_is_present(locator))\n                       ^^^^^^^^^^^^^^^^^^^^^^^^^^^^^^^^\n  File \"/opt/hostedtoolcache/Python/3.11.11/x64/lib/python3.11/site-packages/allure_commons/_allure.py\", line 192, in impl\n    return func(*a, **kw)\n           ^^^^^^^^^^^^^^\n  File \"/home/runner/work/luma_project/luma_project/pages/base_page.py\", line 50, in element_is_present\n    return wait(self.driver, timeout).until(EC.presence_of_element_located(locator))\n           ^^^^^^^^^^^^^^^^^^^^^^^^^^^^^^^^^^^^^^^^^^^^^^^^^^^^^^^^^^^^^^^^^^^^^^^^^\n  File \"/opt/hostedtoolcache/Python/3.11.11/x64/lib/python3.11/site-packages/selenium/webdriver/support/wait.py\", line 95, in until\n    raise TimeoutException(message, screen, stacktrace)\n","steps":[{"name":"Find a visible element","time":{"start":1737942042126,"stop":1737942047238,"duration":5112},"status":"broken","statusMessage":"selenium.common.exceptions.TimeoutException: Message: \nStacktrace:\n#0 0x56530eea17ca <unknown>\n#1 0x56530e9992f0 <unknown>\n#2 0x56530e9e9035 <unknown>\n#3 0x56530e9e9251 <unknown>\n#4 0x56530ea2f054 <unknown>\n#5 0x56530ea0d9dd <unknown>\n#6 0x56530ea2c3b3 <unknown>\n#7 0x56530ea0d753 <unknown>\n#8 0x56530e9dabaa <unknown>\n#9 0x56530e9dbdfe <unknown>\n#10 0x56530ee6c38b <unknown>\n#11 0x56530ee70307 <unknown>\n#12 0x56530ee58e7c <unknown>\n#13 0x56530ee70ec7 <unknown>\n#14 0x56530ee3d24f <unknown>\n#15 0x56530ee902f8 <unknown>\n#16 0x56530ee904c0 <unknown>\n#17 0x56530eea0646 <unknown>\n#18 0x7fdb92a9ca94 <unknown>\n#19 0x7fdb92b29c3c <unknown>\n\n","statusTrace":"  File \"/opt/hostedtoolcache/Python/3.11.11/x64/lib/python3.11/site-packages/allure_commons/_allure.py\", line 192, in impl\n    return func(*a, **kw)\n           ^^^^^^^^^^^^^^\n  File \"/home/runner/work/luma_project/luma_project/pages/base_page.py\", line 29, in element_is_visible\n    self.go_to_element(self.element_is_present(locator))\n                       ^^^^^^^^^^^^^^^^^^^^^^^^^^^^^^^^\n  File \"/opt/hostedtoolcache/Python/3.11.11/x64/lib/python3.11/site-packages/allure_commons/_allure.py\", line 192, in impl\n    return func(*a, **kw)\n           ^^^^^^^^^^^^^^\n  File \"/home/runner/work/luma_project/luma_project/pages/base_page.py\", line 50, in element_is_present\n    return wait(self.driver, timeout).until(EC.presence_of_element_located(locator))\n           ^^^^^^^^^^^^^^^^^^^^^^^^^^^^^^^^^^^^^^^^^^^^^^^^^^^^^^^^^^^^^^^^^^^^^^^^^\n  File \"/opt/hostedtoolcache/Python/3.11.11/x64/lib/python3.11/site-packages/selenium/webdriver/support/wait.py\", line 95, in until\n    raise TimeoutException(message, screen, stacktrace)\n","steps":[{"name":"Find a present element","time":{"start":1737942042127,"stop":1737942047238,"duration":5111},"status":"broken","statusMessage":"selenium.common.exceptions.TimeoutException: Message: \nStacktrace:\n#0 0x56530eea17ca <unknown>\n#1 0x56530e9992f0 <unknown>\n#2 0x56530e9e9035 <unknown>\n#3 0x56530e9e9251 <unknown>\n#4 0x56530ea2f054 <unknown>\n#5 0x56530ea0d9dd <unknown>\n#6 0x56530ea2c3b3 <unknown>\n#7 0x56530ea0d753 <unknown>\n#8 0x56530e9dabaa <unknown>\n#9 0x56530e9dbdfe <unknown>\n#10 0x56530ee6c38b <unknown>\n#11 0x56530ee70307 <unknown>\n#12 0x56530ee58e7c <unknown>\n#13 0x56530ee70ec7 <unknown>\n#14 0x56530ee3d24f <unknown>\n#15 0x56530ee902f8 <unknown>\n#16 0x56530ee904c0 <unknown>\n#17 0x56530eea0646 <unknown>\n#18 0x7fdb92a9ca94 <unknown>\n#19 0x7fdb92b29c3c <unknown>\n\n","statusTrace":"  File \"/opt/hostedtoolcache/Python/3.11.11/x64/lib/python3.11/site-packages/allure_commons/_allure.py\", line 192, in impl\n    return func(*a, **kw)\n           ^^^^^^^^^^^^^^\n  File \"/home/runner/work/luma_project/luma_project/pages/base_page.py\", line 50, in element_is_present\n    return wait(self.driver, timeout).until(EC.presence_of_element_located(locator))\n           ^^^^^^^^^^^^^^^^^^^^^^^^^^^^^^^^^^^^^^^^^^^^^^^^^^^^^^^^^^^^^^^^^^^^^^^^^\n  File \"/opt/hostedtoolcache/Python/3.11.11/x64/lib/python3.11/site-packages/selenium/webdriver/support/wait.py\", line 95, in until\n    raise TimeoutException(message, screen, stacktrace)\n","steps":[],"attachments":[],"parameters":[{"name":"locator","value":"('css selector', '[id=\"password\"]')"},{"name":"timeout","value":"5"}],"shouldDisplayMessage":true,"stepsCount":0,"attachmentsCount":0,"hasContent":true,"attachmentStep":false}],"attachments":[],"parameters":[{"name":"locator","value":"('css selector', '[id=\"password\"]')"},{"name":"timeout","value":"10"}],"shouldDisplayMessage":false,"stepsCount":1,"attachmentsCount":0,"hasContent":true,"attachmentStep":false}],"attachments":[],"parameters":[],"shouldDisplayMessage":false,"stepsCount":2,"attachmentsCount":0,"hasContent":true,"attachmentStep":false}],"attachments":[],"parameters":[{"name":"password_strength_msg","value":"{'strength_password': 'Very Strong', 'password': '1234qweREewe', 'warning_color': '#81b562', 'strength_password_hint': 'Password Strength: Very Strong', 'warning_password_message': None}"}],"shouldDisplayMessage":false,"stepsCount":3,"attachmentsCount":0,"hasContent":true,"attachmentStep":false}],"attachments":[{"uid":"45652f68203182ab","name":"Screenshot","source":"45652f68203182ab.png","type":"image/png","size":25650},{"uid":"33cfb798cc8b0fe6","name":"HTML source","source":"33cfb798cc8b0fe6.html","type":"text/html","size":258793}],"parameters":[],"shouldDisplayMessage":true,"stepsCount":4,"attachmentsCount":2,"hasContent":true,"attachmentStep":false},"afterStages":[{"name":"driver::0","time":{"start":1737942047363,"stop":1737942047426,"duration":63},"status":"passed","steps":[],"attachments":[],"parameters":[],"shouldDisplayMessage":false,"stepsCount":0,"attachmentsCount":0,"hasContent":false,"attachmentStep":false},{"name":"clear_allure_result_folder::0","time":{"start":1737944335893,"stop":1737944335893,"duration":0},"status":"passed","steps":[],"attachments":[],"parameters":[],"shouldDisplayMessage":false,"stepsCount":0,"attachmentsCount":0,"hasContent":false,"attachmentStep":false}],"labels":[{"name":"epic","value":"Create An Account"},{"name":"tag","value":"@pytest.mark.xfail(reason='Flaky behavior on CI')"},{"name":"parentSuite","value":"tests"},{"name":"suite","value":"test_create_an_account"},{"name":"subSuite","value":"TestCreateAnAccount"},{"name":"host","value":"fv-az1945-895"},{"name":"thread","value":"2794-MainThread"},{"name":"framework","value":"pytest"},{"name":"language","value":"cpython3"},{"name":"package","value":"tests.test_create_an_account"},{"name":"resultFormat","value":"allure2"}],"parameters":[{"name":"password_strength_msg","value":"{'strength_password': 'Very Strong', 'password': '1234qweREewe', 'warning_color': '#81b562', 'strength_password_hint': 'Password Strength: Very Strong', 'warning_password_message': None}"}],"links":[],"hidden":false,"retry":false,"extra":{"severity":"normal","retries":[],"categories":[],"history":{"statistic":{"failed":0,"broken":0,"skipped":2,"passed":0,"unknown":0,"total":2},"items":[{"uid":"7c8e3901010f4051","reportUrl":"https://verafes.github.io/luma_project/567//#testresult/7c8e3901010f4051","status":"skipped","statusDetails":"XFAIL Flaky behavior on CI\n\nselenium.common.exceptions.TimeoutException: Message: \nStacktrace:\n#0 0x557641e277ca <unknown>\n#1 0x55764191f2f0 <unknown>\n#2 0x55764196f035 <unknown>\n#3 0x55764196f251 <unknown>\n#4 0x5576419b5054 <unknown>\n#5 0x5576419939dd <unknown>\n#6 0x5576419b23b3 <unknown>\n#7 0x557641993753 <unknown>\n#8 0x557641960baa <unknown>\n#9 0x557641961dfe <unknown>\n#10 0x557641df238b <unknown>\n#11 0x557641df6307 <unknown>\n#12 0x557641ddee7c <unknown>\n#13 0x557641df6ec7 <unknown>\n#14 0x557641dc324f <unknown>\n#15 0x557641e162f8 <unknown>\n#16 0x557641e164c0 <unknown>\n#17 0x557641e26646 <unknown>\n#18 0x7fb81569ca94 <unknown>\n#19 0x7fb815729c3c <unknown>","time":{"start":1737855680655,"stop":1737855685767,"duration":5112}}]},"tags":["@pytest.mark.xfail(reason='Flaky behavior on CI')"]},"source":"53c6a904e429cba3.json","parameterValues":["{'strength_password': 'Very Strong', 'password': '1234qweREewe', 'warning_color': '#81b562', 'strength_password_hint': 'Password Strength: Very Strong', 'warning_password_message': None}"]}