{"uid":"563ccff0f82fc33e","name":"TC 14.03.04 Verify the link 'Jackets' is visible and clickable.","fullName":"tests.test_men.TestMenPage#test_tc_14_03_04","historyId":"56d1667fa6446882a02cea0a755dfa2d","time":{"start":1737943310833,"stop":1737943316371,"duration":5538},"description":"Verify that the link 'Jackets' is displayed and clickable","descriptionHtml":"<p>Verify that the link 'Jackets' is displayed and clickable</p>\n","status":"broken","statusMessage":"selenium.common.exceptions.TimeoutException: Message: \nStacktrace:\n#0 0x55f6498677ca <unknown>\n#1 0x55f64935f2f0 <unknown>\n#2 0x55f6493af035 <unknown>\n#3 0x55f6493af251 <unknown>\n#4 0x55f6493f5054 <unknown>\n#5 0x55f6493d39dd <unknown>\n#6 0x55f6493f23b3 <unknown>\n#7 0x55f6493d3753 <unknown>\n#8 0x55f6493a0baa <unknown>\n#9 0x55f6493a1dfe <unknown>\n#10 0x55f64983238b <unknown>\n#11 0x55f649836307 <unknown>\n#12 0x55f64981ee7c <unknown>\n#13 0x55f649836ec7 <unknown>\n#14 0x55f64980324f <unknown>\n#15 0x55f6498562f8 <unknown>\n#16 0x55f6498564c0 <unknown>\n#17 0x55f649866646 <unknown>\n#18 0x7fefff89ca94 <unknown>\n#19 0x7fefff929c3c <unknown>","statusTrace":"self = <test_men.TestMenPage object at 0x7fcc4d1f8710>\ndriver = <selenium.webdriver.chrome.webdriver.WebDriver (session=\"15fe4414b447af590967f6209f1ee3eb\")>\n\n    @allure.title(\"TC 14.03.04 Verify the link 'Jackets' is visible and clickable.\")\n    def test_tc_14_03_04(self, driver):\n        \"\"\"Verify that the link 'Jackets' is displayed and clickable\"\"\"\n        page = MenPage(driver, MEN_PAGE_URL)\n        page.open()\n>       link = page.verify_jackets_link_is_visible_and_clickable()\n\ntests/test_men.py:71: \n_ _ _ _ _ _ _ _ _ _ _ _ _ _ _ _ _ _ _ _ _ _ _ _ _ _ _ _ _ _ _ _ _ _ _ _ _ _ _ _ \npages/men_page.py:63: in verify_jackets_link_is_visible_and_clickable\n    element = self.element_is_visible(self.side_bar_locators.SIDE_BAR_JACKETS)\npages/base_page.py:29: in element_is_visible\n    self.go_to_element(self.element_is_present(locator))\npages/base_page.py:50: in element_is_present\n    return wait(self.driver, timeout).until(EC.presence_of_element_located(locator))\n_ _ _ _ _ _ _ _ _ _ _ _ _ _ _ _ _ _ _ _ _ _ _ _ _ _ _ _ _ _ _ _ _ _ _ _ _ _ _ _ \n\nself = <selenium.webdriver.support.wait.WebDriverWait (session=\"15fe4414b447af590967f6209f1ee3eb\")>\nmethod = <function presence_of_element_located.<locals>._predicate at 0x7fcc4e46e3e0>\nmessage = ''\n\n    def until(self, method, message: str = \"\"):\n        \"\"\"Calls the method provided with the driver as an argument until the \\\n        return value does not evaluate to ``False``.\n    \n        :param method: callable(WebDriver)\n        :param message: optional message for :exc:`TimeoutException`\n        :returns: the result of the last call to `method`\n        :raises: :exc:`selenium.common.exceptions.TimeoutException` if timeout occurs\n        \"\"\"\n        screen = None\n        stacktrace = None\n    \n        end_time = time.monotonic() + self._timeout\n        while True:\n            try:\n                value = method(self._driver)\n                if value:\n                    return value\n            except self._ignored_exceptions as exc:\n                screen = getattr(exc, \"screen\", None)\n                stacktrace = getattr(exc, \"stacktrace\", None)\n            time.sleep(self._poll)\n            if time.monotonic() > end_time:\n                break\n>       raise TimeoutException(message, screen, stacktrace)\nE       selenium.common.exceptions.TimeoutException: Message: \nE       Stacktrace:\nE       #0 0x55f6498677ca <unknown>\nE       #1 0x55f64935f2f0 <unknown>\nE       #2 0x55f6493af035 <unknown>\nE       #3 0x55f6493af251 <unknown>\nE       #4 0x55f6493f5054 <unknown>\nE       #5 0x55f6493d39dd <unknown>\nE       #6 0x55f6493f23b3 <unknown>\nE       #7 0x55f6493d3753 <unknown>\nE       #8 0x55f6493a0baa <unknown>\nE       #9 0x55f6493a1dfe <unknown>\nE       #10 0x55f64983238b <unknown>\nE       #11 0x55f649836307 <unknown>\nE       #12 0x55f64981ee7c <unknown>\nE       #13 0x55f649836ec7 <unknown>\nE       #14 0x55f64980324f <unknown>\nE       #15 0x55f6498562f8 <unknown>\nE       #16 0x55f6498564c0 <unknown>\nE       #17 0x55f649866646 <unknown>\nE       #18 0x7fefff89ca94 <unknown>\nE       #19 0x7fefff929c3c <unknown>\n\n/opt/hostedtoolcache/Python/3.11.11/x64/lib/python3.11/site-packages/selenium/webdriver/support/wait.py:95: TimeoutException","flaky":false,"newFailed":false,"newBroken":false,"newPassed":false,"retriesCount":0,"retriesStatusChange":false,"beforeStages":[{"name":"_session_faker","time":{"start":1737941851900,"stop":1737941851966,"duration":66},"status":"passed","steps":[],"attachments":[],"parameters":[],"shouldDisplayMessage":false,"stepsCount":0,"attachmentsCount":0,"hasContent":false,"attachmentStep":false},{"name":"clear_allure_result_folder","time":{"start":1737941851966,"stop":1737941851966,"duration":0},"status":"passed","steps":[],"attachments":[],"parameters":[],"shouldDisplayMessage":false,"stepsCount":0,"attachmentsCount":0,"hasContent":false,"attachmentStep":false},{"name":"driver","time":{"start":1737943309643,"stop":1737943310832,"duration":1189},"status":"passed","steps":[],"attachments":[],"parameters":[],"shouldDisplayMessage":false,"stepsCount":0,"attachmentsCount":0,"hasContent":false,"attachmentStep":false}],"testStage":{"description":"Verify that the link 'Jackets' is displayed and clickable","status":"broken","statusMessage":"selenium.common.exceptions.TimeoutException: Message: \nStacktrace:\n#0 0x55f6498677ca <unknown>\n#1 0x55f64935f2f0 <unknown>\n#2 0x55f6493af035 <unknown>\n#3 0x55f6493af251 <unknown>\n#4 0x55f6493f5054 <unknown>\n#5 0x55f6493d39dd <unknown>\n#6 0x55f6493f23b3 <unknown>\n#7 0x55f6493d3753 <unknown>\n#8 0x55f6493a0baa <unknown>\n#9 0x55f6493a1dfe <unknown>\n#10 0x55f64983238b <unknown>\n#11 0x55f649836307 <unknown>\n#12 0x55f64981ee7c <unknown>\n#13 0x55f649836ec7 <unknown>\n#14 0x55f64980324f <unknown>\n#15 0x55f6498562f8 <unknown>\n#16 0x55f6498564c0 <unknown>\n#17 0x55f649866646 <unknown>\n#18 0x7fefff89ca94 <unknown>\n#19 0x7fefff929c3c <unknown>","statusTrace":"self = <test_men.TestMenPage object at 0x7fcc4d1f8710>\ndriver = <selenium.webdriver.chrome.webdriver.WebDriver (session=\"15fe4414b447af590967f6209f1ee3eb\")>\n\n    @allure.title(\"TC 14.03.04 Verify the link 'Jackets' is visible and clickable.\")\n    def test_tc_14_03_04(self, driver):\n        \"\"\"Verify that the link 'Jackets' is displayed and clickable\"\"\"\n        page = MenPage(driver, MEN_PAGE_URL)\n        page.open()\n>       link = page.verify_jackets_link_is_visible_and_clickable()\n\ntests/test_men.py:71: \n_ _ _ _ _ _ _ _ _ _ _ _ _ _ _ _ _ _ _ _ _ _ _ _ _ _ _ _ _ _ _ _ _ _ _ _ _ _ _ _ \npages/men_page.py:63: in verify_jackets_link_is_visible_and_clickable\n    element = self.element_is_visible(self.side_bar_locators.SIDE_BAR_JACKETS)\npages/base_page.py:29: in element_is_visible\n    self.go_to_element(self.element_is_present(locator))\npages/base_page.py:50: in element_is_present\n    return wait(self.driver, timeout).until(EC.presence_of_element_located(locator))\n_ _ _ _ _ _ _ _ _ _ _ _ _ _ _ _ _ _ _ _ _ _ _ _ _ _ _ _ _ _ _ _ _ _ _ _ _ _ _ _ \n\nself = <selenium.webdriver.support.wait.WebDriverWait (session=\"15fe4414b447af590967f6209f1ee3eb\")>\nmethod = <function presence_of_element_located.<locals>._predicate at 0x7fcc4e46e3e0>\nmessage = ''\n\n    def until(self, method, message: str = \"\"):\n        \"\"\"Calls the method provided with the driver as an argument until the \\\n        return value does not evaluate to ``False``.\n    \n        :param method: callable(WebDriver)\n        :param message: optional message for :exc:`TimeoutException`\n        :returns: the result of the last call to `method`\n        :raises: :exc:`selenium.common.exceptions.TimeoutException` if timeout occurs\n        \"\"\"\n        screen = None\n        stacktrace = None\n    \n        end_time = time.monotonic() + self._timeout\n        while True:\n            try:\n                value = method(self._driver)\n                if value:\n                    return value\n            except self._ignored_exceptions as exc:\n                screen = getattr(exc, \"screen\", None)\n                stacktrace = getattr(exc, \"stacktrace\", None)\n            time.sleep(self._poll)\n            if time.monotonic() > end_time:\n                break\n>       raise TimeoutException(message, screen, stacktrace)\nE       selenium.common.exceptions.TimeoutException: Message: \nE       Stacktrace:\nE       #0 0x55f6498677ca <unknown>\nE       #1 0x55f64935f2f0 <unknown>\nE       #2 0x55f6493af035 <unknown>\nE       #3 0x55f6493af251 <unknown>\nE       #4 0x55f6493f5054 <unknown>\nE       #5 0x55f6493d39dd <unknown>\nE       #6 0x55f6493f23b3 <unknown>\nE       #7 0x55f6493d3753 <unknown>\nE       #8 0x55f6493a0baa <unknown>\nE       #9 0x55f6493a1dfe <unknown>\nE       #10 0x55f64983238b <unknown>\nE       #11 0x55f649836307 <unknown>\nE       #12 0x55f64981ee7c <unknown>\nE       #13 0x55f649836ec7 <unknown>\nE       #14 0x55f64980324f <unknown>\nE       #15 0x55f6498562f8 <unknown>\nE       #16 0x55f6498564c0 <unknown>\nE       #17 0x55f649866646 <unknown>\nE       #18 0x7fefff89ca94 <unknown>\nE       #19 0x7fefff929c3c <unknown>\n\n/opt/hostedtoolcache/Python/3.11.11/x64/lib/python3.11/site-packages/selenium/webdriver/support/wait.py:95: TimeoutException","steps":[{"name":"Open a browser","time":{"start":1737943310833,"stop":1737943311252,"duration":419},"status":"passed","steps":[],"attachments":[],"parameters":[],"shouldDisplayMessage":false,"stepsCount":0,"attachmentsCount":0,"hasContent":false,"attachmentStep":false},{"name":"Find clickable elements link 'Jackets' on Men page","time":{"start":1737943311252,"stop":1737943316371,"duration":5119},"status":"broken","statusMessage":"selenium.common.exceptions.TimeoutException: Message: \nStacktrace:\n#0 0x55f6498677ca <unknown>\n#1 0x55f64935f2f0 <unknown>\n#2 0x55f6493af035 <unknown>\n#3 0x55f6493af251 <unknown>\n#4 0x55f6493f5054 <unknown>\n#5 0x55f6493d39dd <unknown>\n#6 0x55f6493f23b3 <unknown>\n#7 0x55f6493d3753 <unknown>\n#8 0x55f6493a0baa <unknown>\n#9 0x55f6493a1dfe <unknown>\n#10 0x55f64983238b <unknown>\n#11 0x55f649836307 <unknown>\n#12 0x55f64981ee7c <unknown>\n#13 0x55f649836ec7 <unknown>\n#14 0x55f64980324f <unknown>\n#15 0x55f6498562f8 <unknown>\n#16 0x55f6498564c0 <unknown>\n#17 0x55f649866646 <unknown>\n#18 0x7fefff89ca94 <unknown>\n#19 0x7fefff929c3c <unknown>\n\n","statusTrace":"  File \"/opt/hostedtoolcache/Python/3.11.11/x64/lib/python3.11/site-packages/allure_commons/_allure.py\", line 192, in impl\n    return func(*a, **kw)\n           ^^^^^^^^^^^^^^\n  File \"/home/runner/work/luma_project/luma_project/pages/men_page.py\", line 63, in verify_jackets_link_is_visible_and_clickable\n    element = self.element_is_visible(self.side_bar_locators.SIDE_BAR_JACKETS)\n              ^^^^^^^^^^^^^^^^^^^^^^^^^^^^^^^^^^^^^^^^^^^^^^^^^^^^^^^^^^^^^^^^\n  File \"/opt/hostedtoolcache/Python/3.11.11/x64/lib/python3.11/site-packages/allure_commons/_allure.py\", line 192, in impl\n    return func(*a, **kw)\n           ^^^^^^^^^^^^^^\n  File \"/home/runner/work/luma_project/luma_project/pages/base_page.py\", line 29, in element_is_visible\n    self.go_to_element(self.element_is_present(locator))\n                       ^^^^^^^^^^^^^^^^^^^^^^^^^^^^^^^^\n  File \"/opt/hostedtoolcache/Python/3.11.11/x64/lib/python3.11/site-packages/allure_commons/_allure.py\", line 192, in impl\n    return func(*a, **kw)\n           ^^^^^^^^^^^^^^\n  File \"/home/runner/work/luma_project/luma_project/pages/base_page.py\", line 50, in element_is_present\n    return wait(self.driver, timeout).until(EC.presence_of_element_located(locator))\n           ^^^^^^^^^^^^^^^^^^^^^^^^^^^^^^^^^^^^^^^^^^^^^^^^^^^^^^^^^^^^^^^^^^^^^^^^^\n  File \"/opt/hostedtoolcache/Python/3.11.11/x64/lib/python3.11/site-packages/selenium/webdriver/support/wait.py\", line 95, in until\n    raise TimeoutException(message, screen, stacktrace)\n","steps":[{"name":"Find a visible element","time":{"start":1737943311252,"stop":1737943316371,"duration":5119},"status":"broken","statusMessage":"selenium.common.exceptions.TimeoutException: Message: \nStacktrace:\n#0 0x55f6498677ca <unknown>\n#1 0x55f64935f2f0 <unknown>\n#2 0x55f6493af035 <unknown>\n#3 0x55f6493af251 <unknown>\n#4 0x55f6493f5054 <unknown>\n#5 0x55f6493d39dd <unknown>\n#6 0x55f6493f23b3 <unknown>\n#7 0x55f6493d3753 <unknown>\n#8 0x55f6493a0baa <unknown>\n#9 0x55f6493a1dfe <unknown>\n#10 0x55f64983238b <unknown>\n#11 0x55f649836307 <unknown>\n#12 0x55f64981ee7c <unknown>\n#13 0x55f649836ec7 <unknown>\n#14 0x55f64980324f <unknown>\n#15 0x55f6498562f8 <unknown>\n#16 0x55f6498564c0 <unknown>\n#17 0x55f649866646 <unknown>\n#18 0x7fefff89ca94 <unknown>\n#19 0x7fefff929c3c <unknown>\n\n","statusTrace":"  File \"/opt/hostedtoolcache/Python/3.11.11/x64/lib/python3.11/site-packages/allure_commons/_allure.py\", line 192, in impl\n    return func(*a, **kw)\n           ^^^^^^^^^^^^^^\n  File \"/home/runner/work/luma_project/luma_project/pages/base_page.py\", line 29, in element_is_visible\n    self.go_to_element(self.element_is_present(locator))\n                       ^^^^^^^^^^^^^^^^^^^^^^^^^^^^^^^^\n  File \"/opt/hostedtoolcache/Python/3.11.11/x64/lib/python3.11/site-packages/allure_commons/_allure.py\", line 192, in impl\n    return func(*a, **kw)\n           ^^^^^^^^^^^^^^\n  File \"/home/runner/work/luma_project/luma_project/pages/base_page.py\", line 50, in element_is_present\n    return wait(self.driver, timeout).until(EC.presence_of_element_located(locator))\n           ^^^^^^^^^^^^^^^^^^^^^^^^^^^^^^^^^^^^^^^^^^^^^^^^^^^^^^^^^^^^^^^^^^^^^^^^^\n  File \"/opt/hostedtoolcache/Python/3.11.11/x64/lib/python3.11/site-packages/selenium/webdriver/support/wait.py\", line 95, in until\n    raise TimeoutException(message, screen, stacktrace)\n","steps":[{"name":"Find a present element","time":{"start":1737943311252,"stop":1737943316370,"duration":5118},"status":"broken","statusMessage":"selenium.common.exceptions.TimeoutException: Message: \nStacktrace:\n#0 0x55f6498677ca <unknown>\n#1 0x55f64935f2f0 <unknown>\n#2 0x55f6493af035 <unknown>\n#3 0x55f6493af251 <unknown>\n#4 0x55f6493f5054 <unknown>\n#5 0x55f6493d39dd <unknown>\n#6 0x55f6493f23b3 <unknown>\n#7 0x55f6493d3753 <unknown>\n#8 0x55f6493a0baa <unknown>\n#9 0x55f6493a1dfe <unknown>\n#10 0x55f64983238b <unknown>\n#11 0x55f649836307 <unknown>\n#12 0x55f64981ee7c <unknown>\n#13 0x55f649836ec7 <unknown>\n#14 0x55f64980324f <unknown>\n#15 0x55f6498562f8 <unknown>\n#16 0x55f6498564c0 <unknown>\n#17 0x55f649866646 <unknown>\n#18 0x7fefff89ca94 <unknown>\n#19 0x7fefff929c3c <unknown>\n\n","statusTrace":"  File \"/opt/hostedtoolcache/Python/3.11.11/x64/lib/python3.11/site-packages/allure_commons/_allure.py\", line 192, in impl\n    return func(*a, **kw)\n           ^^^^^^^^^^^^^^\n  File \"/home/runner/work/luma_project/luma_project/pages/base_page.py\", line 50, in element_is_present\n    return wait(self.driver, timeout).until(EC.presence_of_element_located(locator))\n           ^^^^^^^^^^^^^^^^^^^^^^^^^^^^^^^^^^^^^^^^^^^^^^^^^^^^^^^^^^^^^^^^^^^^^^^^^\n  File \"/opt/hostedtoolcache/Python/3.11.11/x64/lib/python3.11/site-packages/selenium/webdriver/support/wait.py\", line 95, in until\n    raise TimeoutException(message, screen, stacktrace)\n","steps":[],"attachments":[],"parameters":[{"name":"locator","value":"('css selector', '.sidebar-main .block-static-block ul li:nth-child(2) a')"},{"name":"timeout","value":"5"}],"shouldDisplayMessage":true,"stepsCount":0,"attachmentsCount":0,"hasContent":true,"attachmentStep":false}],"attachments":[],"parameters":[{"name":"locator","value":"('css selector', '.sidebar-main .block-static-block ul li:nth-child(2) a')"},{"name":"timeout","value":"10"}],"shouldDisplayMessage":false,"stepsCount":1,"attachmentsCount":0,"hasContent":true,"attachmentStep":false}],"attachments":[],"parameters":[],"shouldDisplayMessage":false,"stepsCount":2,"attachmentsCount":0,"hasContent":true,"attachmentStep":false}],"attachments":[{"uid":"3f32a68a151f5f12","name":"Screenshot","source":"3f32a68a151f5f12.png","type":"image/png","size":25650},{"uid":"3dee592230d3ede8","name":"HTML source","source":"3dee592230d3ede8.html","type":"text/html","size":258761}],"parameters":[],"shouldDisplayMessage":true,"stepsCount":4,"attachmentsCount":2,"hasContent":true,"attachmentStep":false},"afterStages":[{"name":"driver::0","time":{"start":1737943316521,"stop":1737943316584,"duration":63},"status":"passed","steps":[],"attachments":[],"parameters":[],"shouldDisplayMessage":false,"stepsCount":0,"attachmentsCount":0,"hasContent":false,"attachmentStep":false},{"name":"clear_allure_result_folder::0","time":{"start":1737944335893,"stop":1737944335893,"duration":0},"status":"passed","steps":[],"attachments":[],"parameters":[],"shouldDisplayMessage":false,"stepsCount":0,"attachmentsCount":0,"hasContent":false,"attachmentStep":false}],"labels":[{"name":"epic","value":"MenPage"},{"name":"parentSuite","value":"tests"},{"name":"suite","value":"test_men"},{"name":"subSuite","value":"TestMenPage"},{"name":"host","value":"fv-az1945-895"},{"name":"thread","value":"2794-MainThread"},{"name":"framework","value":"pytest"},{"name":"language","value":"cpython3"},{"name":"package","value":"tests.test_men"},{"name":"resultFormat","value":"allure2"}],"parameters":[],"links":[],"hidden":false,"retry":false,"extra":{"severity":"normal","retries":[],"categories":[{"name":"Test defects","matchedStatuses":[],"flaky":false}],"history":{"statistic":{"failed":0,"broken":2,"skipped":0,"passed":0,"unknown":0,"total":2},"items":[{"uid":"3dfcdaebc3e919f7","reportUrl":"https://verafes.github.io/luma_project/567//#testresult/3dfcdaebc3e919f7","status":"broken","statusDetails":"selenium.common.exceptions.TimeoutException: Message: \nStacktrace:\n#0 0x55cf0683e7ca <unknown>\n#1 0x55cf063362f0 <unknown>\n#2 0x55cf06386035 <unknown>\n#3 0x55cf06386251 <unknown>\n#4 0x55cf063cc054 <unknown>\n#5 0x55cf063aa9dd <unknown>\n#6 0x55cf063c93b3 <unknown>\n#7 0x55cf063aa753 <unknown>\n#8 0x55cf06377baa <unknown>\n#9 0x55cf06378dfe <unknown>\n#10 0x55cf0680938b <unknown>\n#11 0x55cf0680d307 <unknown>\n#12 0x55cf067f5e7c <unknown>\n#13 0x55cf0680dec7 <unknown>\n#14 0x55cf067da24f <unknown>\n#15 0x55cf0682d2f8 <unknown>\n#16 0x55cf0682d4c0 <unknown>\n#17 0x55cf0683d646 <unknown>\n#18 0x7f23f0c9ca94 <unknown>\n#19 0x7f23f0d29c3c <unknown>","time":{"start":1737856947783,"stop":1737856953331,"duration":5548}}]},"tags":[]},"source":"563ccff0f82fc33e.json","parameterValues":[]}