{"uid":"5b53933939406aba","name":"tc 07.02.04 Verify that entered quantity displayed correctly after changing","fullName":"tests.test_shopping_cart.TestShoppingCartFull#test_tc_07_02_04_verify_quantity_field_displayed_correctly","historyId":"b72f37120d2f138f7d5dde433b02a183","time":{"start":1737943798168,"stop":1737943798168,"duration":0},"description":"Check that entered quantity displayed correctly after changing.","descriptionHtml":"<p>Check that entered quantity displayed correctly after changing.</p>\n","status":"broken","statusMessage":"selenium.common.exceptions.TimeoutException: Message: \nStacktrace:\n#0 0x55de9fe707ca <unknown>\n#1 0x55de9f9682f0 <unknown>\n#2 0x55de9f9b8035 <unknown>\n#3 0x55de9f9b8251 <unknown>\n#4 0x55de9f9fe054 <unknown>\n#5 0x55de9f9dc9dd <unknown>\n#6 0x55de9f9fb3b3 <unknown>\n#7 0x55de9f9dc753 <unknown>\n#8 0x55de9f9a9baa <unknown>\n#9 0x55de9f9aadfe <unknown>\n#10 0x55de9fe3b38b <unknown>\n#11 0x55de9fe3f307 <unknown>\n#12 0x55de9fe27e7c <unknown>\n#13 0x55de9fe3fec7 <unknown>\n#14 0x55de9fe0c24f <unknown>\n#15 0x55de9fe5f2f8 <unknown>\n#16 0x55de9fe5f4c0 <unknown>\n#17 0x55de9fe6f646 <unknown>\n#18 0x7f4eb609ca94 <unknown>\n#19 0x7f4eb6129c3c <unknown>","statusTrace":"driver = <selenium.webdriver.chrome.webdriver.WebDriver (session=\"2bd828a8d7809e354adee13c05fb9a1e\")>\n\n    @pytest.fixture(scope=\"function\")\n    def full_cart_page(driver):\n        driver.get(ITEM_CART_URL)\n>       size_button = wait(driver, 5).until(EC.presence_of_element_located(shopping_locators.SIZE_BUTTON))\n\ntests/test_shopping_cart.py:13: \n_ _ _ _ _ _ _ _ _ _ _ _ _ _ _ _ _ _ _ _ _ _ _ _ _ _ _ _ _ _ _ _ _ _ _ _ _ _ _ _ \n\nself = <selenium.webdriver.support.wait.WebDriverWait (session=\"2bd828a8d7809e354adee13c05fb9a1e\")>\nmethod = <function presence_of_element_located.<locals>._predicate at 0x7fcc4e7dd620>\nmessage = ''\n\n    def until(self, method, message: str = \"\"):\n        \"\"\"Calls the method provided with the driver as an argument until the \\\n        return value does not evaluate to ``False``.\n    \n        :param method: callable(WebDriver)\n        :param message: optional message for :exc:`TimeoutException`\n        :returns: the result of the last call to `method`\n        :raises: :exc:`selenium.common.exceptions.TimeoutException` if timeout occurs\n        \"\"\"\n        screen = None\n        stacktrace = None\n    \n        end_time = time.monotonic() + self._timeout\n        while True:\n            try:\n                value = method(self._driver)\n                if value:\n                    return value\n            except self._ignored_exceptions as exc:\n                screen = getattr(exc, \"screen\", None)\n                stacktrace = getattr(exc, \"stacktrace\", None)\n            time.sleep(self._poll)\n            if time.monotonic() > end_time:\n                break\n>       raise TimeoutException(message, screen, stacktrace)\nE       selenium.common.exceptions.TimeoutException: Message: \nE       Stacktrace:\nE       #0 0x55de9fe707ca <unknown>\nE       #1 0x55de9f9682f0 <unknown>\nE       #2 0x55de9f9b8035 <unknown>\nE       #3 0x55de9f9b8251 <unknown>\nE       #4 0x55de9f9fe054 <unknown>\nE       #5 0x55de9f9dc9dd <unknown>\nE       #6 0x55de9f9fb3b3 <unknown>\nE       #7 0x55de9f9dc753 <unknown>\nE       #8 0x55de9f9a9baa <unknown>\nE       #9 0x55de9f9aadfe <unknown>\nE       #10 0x55de9fe3b38b <unknown>\nE       #11 0x55de9fe3f307 <unknown>\nE       #12 0x55de9fe27e7c <unknown>\nE       #13 0x55de9fe3fec7 <unknown>\nE       #14 0x55de9fe0c24f <unknown>\nE       #15 0x55de9fe5f2f8 <unknown>\nE       #16 0x55de9fe5f4c0 <unknown>\nE       #17 0x55de9fe6f646 <unknown>\nE       #18 0x7f4eb609ca94 <unknown>\nE       #19 0x7f4eb6129c3c <unknown>\n\n/opt/hostedtoolcache/Python/3.11.11/x64/lib/python3.11/site-packages/selenium/webdriver/support/wait.py:95: TimeoutException","flaky":false,"newFailed":false,"newBroken":false,"newPassed":false,"retriesCount":0,"retriesStatusChange":false,"beforeStages":[{"name":"_session_faker","time":{"start":1737941851900,"stop":1737941851966,"duration":66},"status":"passed","steps":[],"attachments":[],"parameters":[],"shouldDisplayMessage":false,"stepsCount":0,"attachmentsCount":0,"hasContent":false,"attachmentStep":false},{"name":"clear_allure_result_folder","time":{"start":1737941851966,"stop":1737941851966,"duration":0},"status":"passed","steps":[],"attachments":[],"parameters":[],"shouldDisplayMessage":false,"stepsCount":0,"attachmentsCount":0,"hasContent":false,"attachmentStep":false},{"name":"driver","time":{"start":1737943798169,"stop":1737943799413,"duration":1244},"status":"passed","steps":[],"attachments":[],"parameters":[],"shouldDisplayMessage":false,"stepsCount":0,"attachmentsCount":0,"hasContent":false,"attachmentStep":false},{"name":"full_cart_page","time":{"start":1737943799413,"stop":1737943804928,"duration":5515},"status":"broken","statusMessage":"selenium.common.exceptions.TimeoutException: Message: \nStacktrace:\n#0 0x55de9fe707ca <unknown>\n#1 0x55de9f9682f0 <unknown>\n#2 0x55de9f9b8035 <unknown>\n#3 0x55de9f9b8251 <unknown>\n#4 0x55de9f9fe054 <unknown>\n#5 0x55de9f9dc9dd <unknown>\n#6 0x55de9f9fb3b3 <unknown>\n#7 0x55de9f9dc753 <unknown>\n#8 0x55de9f9a9baa <unknown>\n#9 0x55de9f9aadfe <unknown>\n#10 0x55de9fe3b38b <unknown>\n#11 0x55de9fe3f307 <unknown>\n#12 0x55de9fe27e7c <unknown>\n#13 0x55de9fe3fec7 <unknown>\n#14 0x55de9fe0c24f <unknown>\n#15 0x55de9fe5f2f8 <unknown>\n#16 0x55de9fe5f4c0 <unknown>\n#17 0x55de9fe6f646 <unknown>\n#18 0x7f4eb609ca94 <unknown>\n#19 0x7f4eb6129c3c <unknown>\n\n","statusTrace":"  File \"/opt/hostedtoolcache/Python/3.11.11/x64/lib/python3.11/site-packages/pluggy/_callers.py\", line 103, in _multicall\n    res = hook_impl.function(*args)\n          ^^^^^^^^^^^^^^^^^^^^^^^^^\n  File \"/opt/hostedtoolcache/Python/3.11.11/x64/lib/python3.11/site-packages/_pytest/fixtures.py\", line 1123, in pytest_fixture_setup\n    result = call_fixture_func(fixturefunc, request, kwargs)\n             ^^^^^^^^^^^^^^^^^^^^^^^^^^^^^^^^^^^^^^^^^^^^^^^\n  File \"/opt/hostedtoolcache/Python/3.11.11/x64/lib/python3.11/site-packages/_pytest/fixtures.py\", line 902, in call_fixture_func\n    fixture_result = fixturefunc(**kwargs)\n                     ^^^^^^^^^^^^^^^^^^^^^\n  File \"/home/runner/work/luma_project/luma_project/tests/test_shopping_cart.py\", line 13, in full_cart_page\n    size_button = wait(driver, 5).until(EC.presence_of_element_located(shopping_locators.SIZE_BUTTON))\n                  ^^^^^^^^^^^^^^^^^^^^^^^^^^^^^^^^^^^^^^^^^^^^^^^^^^^^^^^^^^^^^^^^^^^^^^^^^^^^^^^^^^^^\n  File \"/opt/hostedtoolcache/Python/3.11.11/x64/lib/python3.11/site-packages/selenium/webdriver/support/wait.py\", line 95, in until\n    raise TimeoutException(message, screen, stacktrace)\n","steps":[],"attachments":[],"parameters":[],"shouldDisplayMessage":true,"stepsCount":0,"attachmentsCount":0,"hasContent":true,"attachmentStep":false}],"afterStages":[{"name":"driver::0","time":{"start":1737943804935,"stop":1737943804998,"duration":63},"status":"passed","steps":[],"attachments":[],"parameters":[],"shouldDisplayMessage":false,"stepsCount":0,"attachmentsCount":0,"hasContent":false,"attachmentStep":false},{"name":"clear_allure_result_folder::0","time":{"start":1737944335893,"stop":1737944335893,"duration":0},"status":"passed","steps":[],"attachments":[],"parameters":[],"shouldDisplayMessage":false,"stepsCount":0,"attachmentsCount":0,"hasContent":false,"attachmentStep":false}],"labels":[{"name":"feature","value":"Shopping Cart is full"},{"name":"parentSuite","value":"tests"},{"name":"suite","value":"test_shopping_cart"},{"name":"subSuite","value":"TestShoppingCartFull"},{"name":"host","value":"fv-az1945-895"},{"name":"thread","value":"2794-MainThread"},{"name":"framework","value":"pytest"},{"name":"language","value":"cpython3"},{"name":"package","value":"tests.test_shopping_cart"},{"name":"resultFormat","value":"allure2"}],"parameters":[],"links":[],"hidden":false,"retry":false,"extra":{"severity":"normal","retries":[],"categories":[{"name":"Test defects","matchedStatuses":[],"flaky":false}],"history":{"statistic":{"failed":0,"broken":2,"skipped":0,"passed":0,"unknown":0,"total":2},"items":[{"uid":"8698321e9ba8e37a","reportUrl":"https://verafes.github.io/luma_project/567//#testresult/8698321e9ba8e37a","status":"broken","statusDetails":"selenium.common.exceptions.TimeoutException: Message: \nStacktrace:\n#0 0x55a64f2d17ca <unknown>\n#1 0x55a64edc92f0 <unknown>\n#2 0x55a64ee19035 <unknown>\n#3 0x55a64ee19251 <unknown>\n#4 0x55a64ee5f054 <unknown>\n#5 0x55a64ee3d9dd <unknown>\n#6 0x55a64ee5c3b3 <unknown>\n#7 0x55a64ee3d753 <unknown>\n#8 0x55a64ee0abaa <unknown>\n#9 0x55a64ee0bdfe <unknown>\n#10 0x55a64f29c38b <unknown>\n#11 0x55a64f2a0307 <unknown>\n#12 0x55a64f288e7c <unknown>\n#13 0x55a64f2a0ec7 <unknown>\n#14 0x55a64f26d24f <unknown>\n#15 0x55a64f2c02f8 <unknown>\n#16 0x55a64f2c04c0 <unknown>\n#17 0x55a64f2d0646 <unknown>\n#18 0x7fac0169ca94 <unknown>\n#19 0x7fac01729c3c <unknown>","time":{"start":1737857434882,"stop":1737857434882,"duration":0}}]},"tags":[]},"source":"5b53933939406aba.json","parameterValues":[]}