{"uid":"94d7cbab8f0c8fb2","name":"test 04.02.07 create an account with incorrect confirm password","fullName":"tests.test_create_an_account.TestCreateAnAccount#test_tc_04_02_07_create_account_with_incorrect_confirm_password","historyId":"09679f850e6cf760d69d28578925e32f","time":{"start":1737942007830,"stop":1737942012947,"duration":5117},"description":" Verify that customer can't Create An Account with incorrect confirm password","descriptionHtml":"<p>Verify that customer can't Create An Account with incorrect confirm password</p>\n","status":"broken","statusMessage":"selenium.common.exceptions.TimeoutException: Message: \nStacktrace:\n#0 0x55b308d677ca <unknown>\n#1 0x55b30885f2f0 <unknown>\n#2 0x55b3088af035 <unknown>\n#3 0x55b3088af251 <unknown>\n#4 0x55b3088f5054 <unknown>\n#5 0x55b3088d39dd <unknown>\n#6 0x55b3088f23b3 <unknown>\n#7 0x55b3088d3753 <unknown>\n#8 0x55b3088a0baa <unknown>\n#9 0x55b3088a1dfe <unknown>\n#10 0x55b308d3238b <unknown>\n#11 0x55b308d36307 <unknown>\n#12 0x55b308d1ee7c <unknown>\n#13 0x55b308d36ec7 <unknown>\n#14 0x55b308d0324f <unknown>\n#15 0x55b308d562f8 <unknown>\n#16 0x55b308d564c0 <unknown>\n#17 0x55b308d66646 <unknown>\n#18 0x7efff809ca94 <unknown>\n#19 0x7efff8129c3c <unknown>","statusTrace":"self = <test_create_an_account.TestCreateAnAccount object at 0x7fcc4e33ecd0>\ncreate_account_page = <pages.create_an_account_page.CreateAccountPage object at 0x7fcc4d140790>\n\n    @allure.title('test 04.02.07 create an account with incorrect confirm password')\n    def test_tc_04_02_07_create_account_with_incorrect_confirm_password(self, create_account_page):\n        \"\"\" Verify that customer can't Create An Account with incorrect confirm password\"\"\"\n>       message = create_account_page.create_with_incorrect_confirm_password()\n\ntests/test_create_an_account.py:208: \n_ _ _ _ _ _ _ _ _ _ _ _ _ _ _ _ _ _ _ _ _ _ _ _ _ _ _ _ _ _ _ _ _ _ _ _ _ _ _ _ \npages/create_an_account_page.py:365: in create_with_incorrect_confirm_password\n    self.element_is_visible(self.locators.FIRST_NAME).send_keys('test727')\npages/base_page.py:29: in element_is_visible\n    self.go_to_element(self.element_is_present(locator))\npages/base_page.py:50: in element_is_present\n    return wait(self.driver, timeout).until(EC.presence_of_element_located(locator))\n_ _ _ _ _ _ _ _ _ _ _ _ _ _ _ _ _ _ _ _ _ _ _ _ _ _ _ _ _ _ _ _ _ _ _ _ _ _ _ _ \n\nself = <selenium.webdriver.support.wait.WebDriverWait (session=\"e0de2469afb36ba02f9e944980707d80\")>\nmethod = <function presence_of_element_located.<locals>._predicate at 0x7fcc4d1445e0>\nmessage = ''\n\n    def until(self, method, message: str = \"\"):\n        \"\"\"Calls the method provided with the driver as an argument until the \\\n        return value does not evaluate to ``False``.\n    \n        :param method: callable(WebDriver)\n        :param message: optional message for :exc:`TimeoutException`\n        :returns: the result of the last call to `method`\n        :raises: :exc:`selenium.common.exceptions.TimeoutException` if timeout occurs\n        \"\"\"\n        screen = None\n        stacktrace = None\n    \n        end_time = time.monotonic() + self._timeout\n        while True:\n            try:\n                value = method(self._driver)\n                if value:\n                    return value\n            except self._ignored_exceptions as exc:\n                screen = getattr(exc, \"screen\", None)\n                stacktrace = getattr(exc, \"stacktrace\", None)\n            time.sleep(self._poll)\n            if time.monotonic() > end_time:\n                break\n>       raise TimeoutException(message, screen, stacktrace)\nE       selenium.common.exceptions.TimeoutException: Message: \nE       Stacktrace:\nE       #0 0x55b308d677ca <unknown>\nE       #1 0x55b30885f2f0 <unknown>\nE       #2 0x55b3088af035 <unknown>\nE       #3 0x55b3088af251 <unknown>\nE       #4 0x55b3088f5054 <unknown>\nE       #5 0x55b3088d39dd <unknown>\nE       #6 0x55b3088f23b3 <unknown>\nE       #7 0x55b3088d3753 <unknown>\nE       #8 0x55b3088a0baa <unknown>\nE       #9 0x55b3088a1dfe <unknown>\nE       #10 0x55b308d3238b <unknown>\nE       #11 0x55b308d36307 <unknown>\nE       #12 0x55b308d1ee7c <unknown>\nE       #13 0x55b308d36ec7 <unknown>\nE       #14 0x55b308d0324f <unknown>\nE       #15 0x55b308d562f8 <unknown>\nE       #16 0x55b308d564c0 <unknown>\nE       #17 0x55b308d66646 <unknown>\nE       #18 0x7efff809ca94 <unknown>\nE       #19 0x7efff8129c3c <unknown>\n\n/opt/hostedtoolcache/Python/3.11.11/x64/lib/python3.11/site-packages/selenium/webdriver/support/wait.py:95: TimeoutException","flaky":false,"newFailed":false,"newBroken":false,"newPassed":false,"retriesCount":0,"retriesStatusChange":false,"beforeStages":[{"name":"_session_faker","time":{"start":1737941851900,"stop":1737941851966,"duration":66},"status":"passed","steps":[],"attachments":[],"parameters":[],"shouldDisplayMessage":false,"stepsCount":0,"attachmentsCount":0,"hasContent":false,"attachmentStep":false},{"name":"clear_allure_result_folder","time":{"start":1737941851966,"stop":1737941851966,"duration":0},"status":"passed","steps":[],"attachments":[],"parameters":[],"shouldDisplayMessage":false,"stepsCount":0,"attachmentsCount":0,"hasContent":false,"attachmentStep":false},{"name":"driver","time":{"start":1737942006275,"stop":1737942007451,"duration":1176},"status":"passed","steps":[],"attachments":[],"parameters":[],"shouldDisplayMessage":false,"stepsCount":0,"attachmentsCount":0,"hasContent":false,"attachmentStep":false},{"name":"create_account_page","time":{"start":1737942007451,"stop":1737942007830,"duration":379},"status":"passed","steps":[{"name":"Open a browser","time":{"start":1737942007451,"stop":1737942007829,"duration":378},"status":"passed","steps":[],"attachments":[],"parameters":[],"shouldDisplayMessage":false,"stepsCount":0,"attachmentsCount":0,"hasContent":false,"attachmentStep":false}],"attachments":[],"parameters":[],"shouldDisplayMessage":false,"stepsCount":1,"attachmentsCount":0,"hasContent":true,"attachmentStep":false}],"testStage":{"description":" Verify that customer can't Create An Account with incorrect confirm password","status":"broken","statusMessage":"selenium.common.exceptions.TimeoutException: Message: \nStacktrace:\n#0 0x55b308d677ca <unknown>\n#1 0x55b30885f2f0 <unknown>\n#2 0x55b3088af035 <unknown>\n#3 0x55b3088af251 <unknown>\n#4 0x55b3088f5054 <unknown>\n#5 0x55b3088d39dd <unknown>\n#6 0x55b3088f23b3 <unknown>\n#7 0x55b3088d3753 <unknown>\n#8 0x55b3088a0baa <unknown>\n#9 0x55b3088a1dfe <unknown>\n#10 0x55b308d3238b <unknown>\n#11 0x55b308d36307 <unknown>\n#12 0x55b308d1ee7c <unknown>\n#13 0x55b308d36ec7 <unknown>\n#14 0x55b308d0324f <unknown>\n#15 0x55b308d562f8 <unknown>\n#16 0x55b308d564c0 <unknown>\n#17 0x55b308d66646 <unknown>\n#18 0x7efff809ca94 <unknown>\n#19 0x7efff8129c3c <unknown>","statusTrace":"self = <test_create_an_account.TestCreateAnAccount object at 0x7fcc4e33ecd0>\ncreate_account_page = <pages.create_an_account_page.CreateAccountPage object at 0x7fcc4d140790>\n\n    @allure.title('test 04.02.07 create an account with incorrect confirm password')\n    def test_tc_04_02_07_create_account_with_incorrect_confirm_password(self, create_account_page):\n        \"\"\" Verify that customer can't Create An Account with incorrect confirm password\"\"\"\n>       message = create_account_page.create_with_incorrect_confirm_password()\n\ntests/test_create_an_account.py:208: \n_ _ _ _ _ _ _ _ _ _ _ _ _ _ _ _ _ _ _ _ _ _ _ _ _ _ _ _ _ _ _ _ _ _ _ _ _ _ _ _ \npages/create_an_account_page.py:365: in create_with_incorrect_confirm_password\n    self.element_is_visible(self.locators.FIRST_NAME).send_keys('test727')\npages/base_page.py:29: in element_is_visible\n    self.go_to_element(self.element_is_present(locator))\npages/base_page.py:50: in element_is_present\n    return wait(self.driver, timeout).until(EC.presence_of_element_located(locator))\n_ _ _ _ _ _ _ _ _ _ _ _ _ _ _ _ _ _ _ _ _ _ _ _ _ _ _ _ _ _ _ _ _ _ _ _ _ _ _ _ \n\nself = <selenium.webdriver.support.wait.WebDriverWait (session=\"e0de2469afb36ba02f9e944980707d80\")>\nmethod = <function presence_of_element_located.<locals>._predicate at 0x7fcc4d1445e0>\nmessage = ''\n\n    def until(self, method, message: str = \"\"):\n        \"\"\"Calls the method provided with the driver as an argument until the \\\n        return value does not evaluate to ``False``.\n    \n        :param method: callable(WebDriver)\n        :param message: optional message for :exc:`TimeoutException`\n        :returns: the result of the last call to `method`\n        :raises: :exc:`selenium.common.exceptions.TimeoutException` if timeout occurs\n        \"\"\"\n        screen = None\n        stacktrace = None\n    \n        end_time = time.monotonic() + self._timeout\n        while True:\n            try:\n                value = method(self._driver)\n                if value:\n                    return value\n            except self._ignored_exceptions as exc:\n                screen = getattr(exc, \"screen\", None)\n                stacktrace = getattr(exc, \"stacktrace\", None)\n            time.sleep(self._poll)\n            if time.monotonic() > end_time:\n                break\n>       raise TimeoutException(message, screen, stacktrace)\nE       selenium.common.exceptions.TimeoutException: Message: \nE       Stacktrace:\nE       #0 0x55b308d677ca <unknown>\nE       #1 0x55b30885f2f0 <unknown>\nE       #2 0x55b3088af035 <unknown>\nE       #3 0x55b3088af251 <unknown>\nE       #4 0x55b3088f5054 <unknown>\nE       #5 0x55b3088d39dd <unknown>\nE       #6 0x55b3088f23b3 <unknown>\nE       #7 0x55b3088d3753 <unknown>\nE       #8 0x55b3088a0baa <unknown>\nE       #9 0x55b3088a1dfe <unknown>\nE       #10 0x55b308d3238b <unknown>\nE       #11 0x55b308d36307 <unknown>\nE       #12 0x55b308d1ee7c <unknown>\nE       #13 0x55b308d36ec7 <unknown>\nE       #14 0x55b308d0324f <unknown>\nE       #15 0x55b308d562f8 <unknown>\nE       #16 0x55b308d564c0 <unknown>\nE       #17 0x55b308d66646 <unknown>\nE       #18 0x7efff809ca94 <unknown>\nE       #19 0x7efff8129c3c <unknown>\n\n/opt/hostedtoolcache/Python/3.11.11/x64/lib/python3.11/site-packages/selenium/webdriver/support/wait.py:95: TimeoutException","steps":[{"name":"Create an account with incorrect confirm password","time":{"start":1737942007830,"stop":1737942012947,"duration":5117},"status":"broken","statusMessage":"selenium.common.exceptions.TimeoutException: Message: \nStacktrace:\n#0 0x55b308d677ca <unknown>\n#1 0x55b30885f2f0 <unknown>\n#2 0x55b3088af035 <unknown>\n#3 0x55b3088af251 <unknown>\n#4 0x55b3088f5054 <unknown>\n#5 0x55b3088d39dd <unknown>\n#6 0x55b3088f23b3 <unknown>\n#7 0x55b3088d3753 <unknown>\n#8 0x55b3088a0baa <unknown>\n#9 0x55b3088a1dfe <unknown>\n#10 0x55b308d3238b <unknown>\n#11 0x55b308d36307 <unknown>\n#12 0x55b308d1ee7c <unknown>\n#13 0x55b308d36ec7 <unknown>\n#14 0x55b308d0324f <unknown>\n#15 0x55b308d562f8 <unknown>\n#16 0x55b308d564c0 <unknown>\n#17 0x55b308d66646 <unknown>\n#18 0x7efff809ca94 <unknown>\n#19 0x7efff8129c3c <unknown>\n\n","statusTrace":"  File \"/opt/hostedtoolcache/Python/3.11.11/x64/lib/python3.11/site-packages/allure_commons/_allure.py\", line 192, in impl\n    return func(*a, **kw)\n           ^^^^^^^^^^^^^^\n  File \"/home/runner/work/luma_project/luma_project/pages/create_an_account_page.py\", line 365, in create_with_incorrect_confirm_password\n    self.element_is_visible(self.locators.FIRST_NAME).send_keys('test727')\n    ^^^^^^^^^^^^^^^^^^^^^^^^^^^^^^^^^^^^^^^^^^^^^^^^^\n  File \"/opt/hostedtoolcache/Python/3.11.11/x64/lib/python3.11/site-packages/allure_commons/_allure.py\", line 192, in impl\n    return func(*a, **kw)\n           ^^^^^^^^^^^^^^\n  File \"/home/runner/work/luma_project/luma_project/pages/base_page.py\", line 29, in element_is_visible\n    self.go_to_element(self.element_is_present(locator))\n                       ^^^^^^^^^^^^^^^^^^^^^^^^^^^^^^^^\n  File \"/opt/hostedtoolcache/Python/3.11.11/x64/lib/python3.11/site-packages/allure_commons/_allure.py\", line 192, in impl\n    return func(*a, **kw)\n           ^^^^^^^^^^^^^^\n  File \"/home/runner/work/luma_project/luma_project/pages/base_page.py\", line 50, in element_is_present\n    return wait(self.driver, timeout).until(EC.presence_of_element_located(locator))\n           ^^^^^^^^^^^^^^^^^^^^^^^^^^^^^^^^^^^^^^^^^^^^^^^^^^^^^^^^^^^^^^^^^^^^^^^^^\n  File \"/opt/hostedtoolcache/Python/3.11.11/x64/lib/python3.11/site-packages/selenium/webdriver/support/wait.py\", line 95, in until\n    raise TimeoutException(message, screen, stacktrace)\n","steps":[{"name":"Find a visible element","time":{"start":1737942007830,"stop":1737942012946,"duration":5116},"status":"broken","statusMessage":"selenium.common.exceptions.TimeoutException: Message: \nStacktrace:\n#0 0x55b308d677ca <unknown>\n#1 0x55b30885f2f0 <unknown>\n#2 0x55b3088af035 <unknown>\n#3 0x55b3088af251 <unknown>\n#4 0x55b3088f5054 <unknown>\n#5 0x55b3088d39dd <unknown>\n#6 0x55b3088f23b3 <unknown>\n#7 0x55b3088d3753 <unknown>\n#8 0x55b3088a0baa <unknown>\n#9 0x55b3088a1dfe <unknown>\n#10 0x55b308d3238b <unknown>\n#11 0x55b308d36307 <unknown>\n#12 0x55b308d1ee7c <unknown>\n#13 0x55b308d36ec7 <unknown>\n#14 0x55b308d0324f <unknown>\n#15 0x55b308d562f8 <unknown>\n#16 0x55b308d564c0 <unknown>\n#17 0x55b308d66646 <unknown>\n#18 0x7efff809ca94 <unknown>\n#19 0x7efff8129c3c <unknown>\n\n","statusTrace":"  File \"/opt/hostedtoolcache/Python/3.11.11/x64/lib/python3.11/site-packages/allure_commons/_allure.py\", line 192, in impl\n    return func(*a, **kw)\n           ^^^^^^^^^^^^^^\n  File \"/home/runner/work/luma_project/luma_project/pages/base_page.py\", line 29, in element_is_visible\n    self.go_to_element(self.element_is_present(locator))\n                       ^^^^^^^^^^^^^^^^^^^^^^^^^^^^^^^^\n  File \"/opt/hostedtoolcache/Python/3.11.11/x64/lib/python3.11/site-packages/allure_commons/_allure.py\", line 192, in impl\n    return func(*a, **kw)\n           ^^^^^^^^^^^^^^\n  File \"/home/runner/work/luma_project/luma_project/pages/base_page.py\", line 50, in element_is_present\n    return wait(self.driver, timeout).until(EC.presence_of_element_located(locator))\n           ^^^^^^^^^^^^^^^^^^^^^^^^^^^^^^^^^^^^^^^^^^^^^^^^^^^^^^^^^^^^^^^^^^^^^^^^^\n  File \"/opt/hostedtoolcache/Python/3.11.11/x64/lib/python3.11/site-packages/selenium/webdriver/support/wait.py\", line 95, in until\n    raise TimeoutException(message, screen, stacktrace)\n","steps":[{"name":"Find a present element","time":{"start":1737942007830,"stop":1737942012946,"duration":5116},"status":"broken","statusMessage":"selenium.common.exceptions.TimeoutException: Message: \nStacktrace:\n#0 0x55b308d677ca <unknown>\n#1 0x55b30885f2f0 <unknown>\n#2 0x55b3088af035 <unknown>\n#3 0x55b3088af251 <unknown>\n#4 0x55b3088f5054 <unknown>\n#5 0x55b3088d39dd <unknown>\n#6 0x55b3088f23b3 <unknown>\n#7 0x55b3088d3753 <unknown>\n#8 0x55b3088a0baa <unknown>\n#9 0x55b3088a1dfe <unknown>\n#10 0x55b308d3238b <unknown>\n#11 0x55b308d36307 <unknown>\n#12 0x55b308d1ee7c <unknown>\n#13 0x55b308d36ec7 <unknown>\n#14 0x55b308d0324f <unknown>\n#15 0x55b308d562f8 <unknown>\n#16 0x55b308d564c0 <unknown>\n#17 0x55b308d66646 <unknown>\n#18 0x7efff809ca94 <unknown>\n#19 0x7efff8129c3c <unknown>\n\n","statusTrace":"  File \"/opt/hostedtoolcache/Python/3.11.11/x64/lib/python3.11/site-packages/allure_commons/_allure.py\", line 192, in impl\n    return func(*a, **kw)\n           ^^^^^^^^^^^^^^\n  File \"/home/runner/work/luma_project/luma_project/pages/base_page.py\", line 50, in element_is_present\n    return wait(self.driver, timeout).until(EC.presence_of_element_located(locator))\n           ^^^^^^^^^^^^^^^^^^^^^^^^^^^^^^^^^^^^^^^^^^^^^^^^^^^^^^^^^^^^^^^^^^^^^^^^^\n  File \"/opt/hostedtoolcache/Python/3.11.11/x64/lib/python3.11/site-packages/selenium/webdriver/support/wait.py\", line 95, in until\n    raise TimeoutException(message, screen, stacktrace)\n","steps":[],"attachments":[],"parameters":[{"name":"locator","value":"('id', 'firstname')"},{"name":"timeout","value":"5"}],"shouldDisplayMessage":true,"stepsCount":0,"attachmentsCount":0,"hasContent":true,"attachmentStep":false}],"attachments":[],"parameters":[{"name":"locator","value":"('id', 'firstname')"},{"name":"timeout","value":"10"}],"shouldDisplayMessage":false,"stepsCount":1,"attachmentsCount":0,"hasContent":true,"attachmentStep":false}],"attachments":[],"parameters":[],"shouldDisplayMessage":false,"stepsCount":2,"attachmentsCount":0,"hasContent":true,"attachmentStep":false}],"attachments":[{"uid":"beb411f72256750c","name":"Screenshot","source":"beb411f72256750c.png","type":"image/png","size":25650},{"uid":"980434530a3e16df","name":"HTML source","source":"980434530a3e16df.html","type":"text/html","size":258793}],"parameters":[],"shouldDisplayMessage":true,"stepsCount":3,"attachmentsCount":2,"hasContent":true,"attachmentStep":false},"afterStages":[{"name":"driver::0","time":{"start":1737942013062,"stop":1737942013125,"duration":63},"status":"passed","steps":[],"attachments":[],"parameters":[],"shouldDisplayMessage":false,"stepsCount":0,"attachmentsCount":0,"hasContent":false,"attachmentStep":false},{"name":"clear_allure_result_folder::0","time":{"start":1737944335893,"stop":1737944335893,"duration":0},"status":"passed","steps":[],"attachments":[],"parameters":[],"shouldDisplayMessage":false,"stepsCount":0,"attachmentsCount":0,"hasContent":false,"attachmentStep":false}],"labels":[{"name":"epic","value":"Create An Account"},{"name":"parentSuite","value":"tests"},{"name":"suite","value":"test_create_an_account"},{"name":"subSuite","value":"TestCreateAnAccount"},{"name":"host","value":"fv-az1945-895"},{"name":"thread","value":"2794-MainThread"},{"name":"framework","value":"pytest"},{"name":"language","value":"cpython3"},{"name":"package","value":"tests.test_create_an_account"},{"name":"resultFormat","value":"allure2"}],"parameters":[],"links":[],"hidden":false,"retry":false,"extra":{"severity":"normal","retries":[],"categories":[{"name":"Test defects","matchedStatuses":[],"flaky":false}],"history":{"statistic":{"failed":0,"broken":2,"skipped":0,"passed":0,"unknown":0,"total":2},"items":[{"uid":"ffe72d6a6766367b","reportUrl":"https://verafes.github.io/luma_project/567//#testresult/ffe72d6a6766367b","status":"broken","statusDetails":"selenium.common.exceptions.TimeoutException: Message: \nStacktrace:\n#0 0x55599930b7ca <unknown>\n#1 0x555998e032f0 <unknown>\n#2 0x555998e53035 <unknown>\n#3 0x555998e53251 <unknown>\n#4 0x555998e99054 <unknown>\n#5 0x555998e779dd <unknown>\n#6 0x555998e963b3 <unknown>\n#7 0x555998e77753 <unknown>\n#8 0x555998e44baa <unknown>\n#9 0x555998e45dfe <unknown>\n#10 0x5559992d638b <unknown>\n#11 0x5559992da307 <unknown>\n#12 0x5559992c2e7c <unknown>\n#13 0x5559992daec7 <unknown>\n#14 0x5559992a724f <unknown>\n#15 0x5559992fa2f8 <unknown>\n#16 0x5559992fa4c0 <unknown>\n#17 0x55599930a646 <unknown>\n#18 0x7f1d49c9ca94 <unknown>\n#19 0x7f1d49d29c3c <unknown>","time":{"start":1737855646360,"stop":1737855651470,"duration":5110}}]},"tags":[]},"source":"94d7cbab8f0c8fb2.json","parameterValues":[]}