{"uid":"dc52cd43c6bc024f","name":"TC 03.01.08 Verify displayed email matches the entered email in Email field","fullName":"tests.test_sign_in.TestRegisteredCustomers#test_03_01_08_value_in_email_matches","historyId":"0527a5aa90b8948774702f21c0b679c3","time":{"start":1737943957589,"stop":1737943962706,"duration":5117},"description":"Check if the displayed email matches the entered email in Email field","descriptionHtml":"<p>Check if the displayed email matches the entered email in Email field</p>\n","status":"broken","statusMessage":"selenium.common.exceptions.TimeoutException: Message: \nStacktrace:\n#0 0x55c3f1fd27ca <unknown>\n#1 0x55c3f1aca2f0 <unknown>\n#2 0x55c3f1b1a035 <unknown>\n#3 0x55c3f1b1a251 <unknown>\n#4 0x55c3f1b60054 <unknown>\n#5 0x55c3f1b3e9dd <unknown>\n#6 0x55c3f1b5d3b3 <unknown>\n#7 0x55c3f1b3e753 <unknown>\n#8 0x55c3f1b0bbaa <unknown>\n#9 0x55c3f1b0cdfe <unknown>\n#10 0x55c3f1f9d38b <unknown>\n#11 0x55c3f1fa1307 <unknown>\n#12 0x55c3f1f89e7c <unknown>\n#13 0x55c3f1fa1ec7 <unknown>\n#14 0x55c3f1f6e24f <unknown>\n#15 0x55c3f1fc12f8 <unknown>\n#16 0x55c3f1fc14c0 <unknown>\n#17 0x55c3f1fd1646 <unknown>\n#18 0x7fd2f109ca94 <unknown>\n#19 0x7fd2f1129c3c <unknown>","statusTrace":"self = <test_sign_in.TestRegisteredCustomers object at 0x7fcc4d172710>\ndriver = <selenium.webdriver.chrome.webdriver.WebDriver (session=\"4b95dd8a9643deeca0d8bc65144e3b24\")>\nsign_in_page = <pages.sign_in_page.SignInPage object at 0x7fcc4e860890>\n\n    @allure.title('TC 03.01.08 Verify displayed email matches the entered email in Email field')\n    def test_03_01_08_value_in_email_matches(self, driver, sign_in_page):\n        \"\"\"Check if the displayed email matches the entered email in Email field\"\"\"\n>       sign_in_page.fill_in_email_field(credentials['email'])\n\ntests/test_sign_in.py:78: \n_ _ _ _ _ _ _ _ _ _ _ _ _ _ _ _ _ _ _ _ _ _ _ _ _ _ _ _ _ _ _ _ _ _ _ _ _ _ _ _ \npages/sign_in_page.py:54: in fill_in_email_field\n    self.fill_in_field(self.check_customer_email_field_is_clickable(), email)\npages/sign_in_page.py:41: in check_customer_email_field_is_clickable\n    return self.element_is_clickable(self.locators.CUSTOMER_EMAIL)\npages/base_page.py:80: in element_is_clickable\n    return wait(self.driver, timeout).until(EC.element_to_be_clickable(locator))\n_ _ _ _ _ _ _ _ _ _ _ _ _ _ _ _ _ _ _ _ _ _ _ _ _ _ _ _ _ _ _ _ _ _ _ _ _ _ _ _ \n\nself = <selenium.webdriver.support.wait.WebDriverWait (session=\"4b95dd8a9643deeca0d8bc65144e3b24\")>\nmethod = <function element_to_be_clickable.<locals>._predicate at 0x7fcc4e7698a0>\nmessage = ''\n\n    def until(self, method, message: str = \"\"):\n        \"\"\"Calls the method provided with the driver as an argument until the \\\n        return value does not evaluate to ``False``.\n    \n        :param method: callable(WebDriver)\n        :param message: optional message for :exc:`TimeoutException`\n        :returns: the result of the last call to `method`\n        :raises: :exc:`selenium.common.exceptions.TimeoutException` if timeout occurs\n        \"\"\"\n        screen = None\n        stacktrace = None\n    \n        end_time = time.monotonic() + self._timeout\n        while True:\n            try:\n                value = method(self._driver)\n                if value:\n                    return value\n            except self._ignored_exceptions as exc:\n                screen = getattr(exc, \"screen\", None)\n                stacktrace = getattr(exc, \"stacktrace\", None)\n            time.sleep(self._poll)\n            if time.monotonic() > end_time:\n                break\n>       raise TimeoutException(message, screen, stacktrace)\nE       selenium.common.exceptions.TimeoutException: Message: \nE       Stacktrace:\nE       #0 0x55c3f1fd27ca <unknown>\nE       #1 0x55c3f1aca2f0 <unknown>\nE       #2 0x55c3f1b1a035 <unknown>\nE       #3 0x55c3f1b1a251 <unknown>\nE       #4 0x55c3f1b60054 <unknown>\nE       #5 0x55c3f1b3e9dd <unknown>\nE       #6 0x55c3f1b5d3b3 <unknown>\nE       #7 0x55c3f1b3e753 <unknown>\nE       #8 0x55c3f1b0bbaa <unknown>\nE       #9 0x55c3f1b0cdfe <unknown>\nE       #10 0x55c3f1f9d38b <unknown>\nE       #11 0x55c3f1fa1307 <unknown>\nE       #12 0x55c3f1f89e7c <unknown>\nE       #13 0x55c3f1fa1ec7 <unknown>\nE       #14 0x55c3f1f6e24f <unknown>\nE       #15 0x55c3f1fc12f8 <unknown>\nE       #16 0x55c3f1fc14c0 <unknown>\nE       #17 0x55c3f1fd1646 <unknown>\nE       #18 0x7fd2f109ca94 <unknown>\nE       #19 0x7fd2f1129c3c <unknown>\n\n/opt/hostedtoolcache/Python/3.11.11/x64/lib/python3.11/site-packages/selenium/webdriver/support/wait.py:95: TimeoutException","flaky":false,"newFailed":false,"newBroken":false,"newPassed":false,"retriesCount":0,"retriesStatusChange":false,"beforeStages":[{"name":"_session_faker","time":{"start":1737941851900,"stop":1737941851966,"duration":66},"status":"passed","steps":[],"attachments":[],"parameters":[],"shouldDisplayMessage":false,"stepsCount":0,"attachmentsCount":0,"hasContent":false,"attachmentStep":false},{"name":"clear_allure_result_folder","time":{"start":1737941851966,"stop":1737941851966,"duration":0},"status":"passed","steps":[],"attachments":[],"parameters":[],"shouldDisplayMessage":false,"stepsCount":0,"attachmentsCount":0,"hasContent":false,"attachmentStep":false},{"name":"driver","time":{"start":1737943955999,"stop":1737943957190,"duration":1191},"status":"passed","steps":[],"attachments":[],"parameters":[],"shouldDisplayMessage":false,"stepsCount":0,"attachmentsCount":0,"hasContent":false,"attachmentStep":false},{"name":"sign_in_page","time":{"start":1737943957190,"stop":1737943957589,"duration":399},"status":"passed","steps":[{"name":"Open a browser","time":{"start":1737943957190,"stop":1737943957589,"duration":399},"status":"passed","steps":[],"attachments":[],"parameters":[],"shouldDisplayMessage":false,"stepsCount":0,"attachmentsCount":0,"hasContent":false,"attachmentStep":false}],"attachments":[],"parameters":[],"shouldDisplayMessage":false,"stepsCount":1,"attachmentsCount":0,"hasContent":true,"attachmentStep":false}],"testStage":{"description":"Check if the displayed email matches the entered email in Email field","status":"broken","statusMessage":"selenium.common.exceptions.TimeoutException: Message: \nStacktrace:\n#0 0x55c3f1fd27ca <unknown>\n#1 0x55c3f1aca2f0 <unknown>\n#2 0x55c3f1b1a035 <unknown>\n#3 0x55c3f1b1a251 <unknown>\n#4 0x55c3f1b60054 <unknown>\n#5 0x55c3f1b3e9dd <unknown>\n#6 0x55c3f1b5d3b3 <unknown>\n#7 0x55c3f1b3e753 <unknown>\n#8 0x55c3f1b0bbaa <unknown>\n#9 0x55c3f1b0cdfe <unknown>\n#10 0x55c3f1f9d38b <unknown>\n#11 0x55c3f1fa1307 <unknown>\n#12 0x55c3f1f89e7c <unknown>\n#13 0x55c3f1fa1ec7 <unknown>\n#14 0x55c3f1f6e24f <unknown>\n#15 0x55c3f1fc12f8 <unknown>\n#16 0x55c3f1fc14c0 <unknown>\n#17 0x55c3f1fd1646 <unknown>\n#18 0x7fd2f109ca94 <unknown>\n#19 0x7fd2f1129c3c <unknown>","statusTrace":"self = <test_sign_in.TestRegisteredCustomers object at 0x7fcc4d172710>\ndriver = <selenium.webdriver.chrome.webdriver.WebDriver (session=\"4b95dd8a9643deeca0d8bc65144e3b24\")>\nsign_in_page = <pages.sign_in_page.SignInPage object at 0x7fcc4e860890>\n\n    @allure.title('TC 03.01.08 Verify displayed email matches the entered email in Email field')\n    def test_03_01_08_value_in_email_matches(self, driver, sign_in_page):\n        \"\"\"Check if the displayed email matches the entered email in Email field\"\"\"\n>       sign_in_page.fill_in_email_field(credentials['email'])\n\ntests/test_sign_in.py:78: \n_ _ _ _ _ _ _ _ _ _ _ _ _ _ _ _ _ _ _ _ _ _ _ _ _ _ _ _ _ _ _ _ _ _ _ _ _ _ _ _ \npages/sign_in_page.py:54: in fill_in_email_field\n    self.fill_in_field(self.check_customer_email_field_is_clickable(), email)\npages/sign_in_page.py:41: in check_customer_email_field_is_clickable\n    return self.element_is_clickable(self.locators.CUSTOMER_EMAIL)\npages/base_page.py:80: in element_is_clickable\n    return wait(self.driver, timeout).until(EC.element_to_be_clickable(locator))\n_ _ _ _ _ _ _ _ _ _ _ _ _ _ _ _ _ _ _ _ _ _ _ _ _ _ _ _ _ _ _ _ _ _ _ _ _ _ _ _ \n\nself = <selenium.webdriver.support.wait.WebDriverWait (session=\"4b95dd8a9643deeca0d8bc65144e3b24\")>\nmethod = <function element_to_be_clickable.<locals>._predicate at 0x7fcc4e7698a0>\nmessage = ''\n\n    def until(self, method, message: str = \"\"):\n        \"\"\"Calls the method provided with the driver as an argument until the \\\n        return value does not evaluate to ``False``.\n    \n        :param method: callable(WebDriver)\n        :param message: optional message for :exc:`TimeoutException`\n        :returns: the result of the last call to `method`\n        :raises: :exc:`selenium.common.exceptions.TimeoutException` if timeout occurs\n        \"\"\"\n        screen = None\n        stacktrace = None\n    \n        end_time = time.monotonic() + self._timeout\n        while True:\n            try:\n                value = method(self._driver)\n                if value:\n                    return value\n            except self._ignored_exceptions as exc:\n                screen = getattr(exc, \"screen\", None)\n                stacktrace = getattr(exc, \"stacktrace\", None)\n            time.sleep(self._poll)\n            if time.monotonic() > end_time:\n                break\n>       raise TimeoutException(message, screen, stacktrace)\nE       selenium.common.exceptions.TimeoutException: Message: \nE       Stacktrace:\nE       #0 0x55c3f1fd27ca <unknown>\nE       #1 0x55c3f1aca2f0 <unknown>\nE       #2 0x55c3f1b1a035 <unknown>\nE       #3 0x55c3f1b1a251 <unknown>\nE       #4 0x55c3f1b60054 <unknown>\nE       #5 0x55c3f1b3e9dd <unknown>\nE       #6 0x55c3f1b5d3b3 <unknown>\nE       #7 0x55c3f1b3e753 <unknown>\nE       #8 0x55c3f1b0bbaa <unknown>\nE       #9 0x55c3f1b0cdfe <unknown>\nE       #10 0x55c3f1f9d38b <unknown>\nE       #11 0x55c3f1fa1307 <unknown>\nE       #12 0x55c3f1f89e7c <unknown>\nE       #13 0x55c3f1fa1ec7 <unknown>\nE       #14 0x55c3f1f6e24f <unknown>\nE       #15 0x55c3f1fc12f8 <unknown>\nE       #16 0x55c3f1fc14c0 <unknown>\nE       #17 0x55c3f1fd1646 <unknown>\nE       #18 0x7fd2f109ca94 <unknown>\nE       #19 0x7fd2f1129c3c <unknown>\n\n/opt/hostedtoolcache/Python/3.11.11/x64/lib/python3.11/site-packages/selenium/webdriver/support/wait.py:95: TimeoutException","steps":[{"name":"Fill in Email field","time":{"start":1737943957590,"stop":1737943962706,"duration":5116},"status":"broken","statusMessage":"selenium.common.exceptions.TimeoutException: Message: \nStacktrace:\n#0 0x55c3f1fd27ca <unknown>\n#1 0x55c3f1aca2f0 <unknown>\n#2 0x55c3f1b1a035 <unknown>\n#3 0x55c3f1b1a251 <unknown>\n#4 0x55c3f1b60054 <unknown>\n#5 0x55c3f1b3e9dd <unknown>\n#6 0x55c3f1b5d3b3 <unknown>\n#7 0x55c3f1b3e753 <unknown>\n#8 0x55c3f1b0bbaa <unknown>\n#9 0x55c3f1b0cdfe <unknown>\n#10 0x55c3f1f9d38b <unknown>\n#11 0x55c3f1fa1307 <unknown>\n#12 0x55c3f1f89e7c <unknown>\n#13 0x55c3f1fa1ec7 <unknown>\n#14 0x55c3f1f6e24f <unknown>\n#15 0x55c3f1fc12f8 <unknown>\n#16 0x55c3f1fc14c0 <unknown>\n#17 0x55c3f1fd1646 <unknown>\n#18 0x7fd2f109ca94 <unknown>\n#19 0x7fd2f1129c3c <unknown>\n\n","statusTrace":"  File \"/opt/hostedtoolcache/Python/3.11.11/x64/lib/python3.11/site-packages/allure_commons/_allure.py\", line 192, in impl\n    return func(*a, **kw)\n           ^^^^^^^^^^^^^^\n  File \"/home/runner/work/luma_project/luma_project/pages/sign_in_page.py\", line 54, in fill_in_email_field\n    self.fill_in_field(self.check_customer_email_field_is_clickable(), email)\n                       ^^^^^^^^^^^^^^^^^^^^^^^^^^^^^^^^^^^^^^^^^^^^^^\n  File \"/opt/hostedtoolcache/Python/3.11.11/x64/lib/python3.11/site-packages/allure_commons/_allure.py\", line 192, in impl\n    return func(*a, **kw)\n           ^^^^^^^^^^^^^^\n  File \"/home/runner/work/luma_project/luma_project/pages/sign_in_page.py\", line 41, in check_customer_email_field_is_clickable\n    return self.element_is_clickable(self.locators.CUSTOMER_EMAIL)\n           ^^^^^^^^^^^^^^^^^^^^^^^^^^^^^^^^^^^^^^^^^^^^^^^^^^^^^^^\n  File \"/opt/hostedtoolcache/Python/3.11.11/x64/lib/python3.11/site-packages/allure_commons/_allure.py\", line 192, in impl\n    return func(*a, **kw)\n           ^^^^^^^^^^^^^^\n  File \"/home/runner/work/luma_project/luma_project/pages/base_page.py\", line 80, in element_is_clickable\n    return wait(self.driver, timeout).until(EC.element_to_be_clickable(locator))\n           ^^^^^^^^^^^^^^^^^^^^^^^^^^^^^^^^^^^^^^^^^^^^^^^^^^^^^^^^^^^^^^^^^^^^^\n  File \"/opt/hostedtoolcache/Python/3.11.11/x64/lib/python3.11/site-packages/selenium/webdriver/support/wait.py\", line 95, in until\n    raise TimeoutException(message, screen, stacktrace)\n","steps":[{"name":"Check Email field is clickable","time":{"start":1737943957590,"stop":1737943962706,"duration":5116},"status":"broken","statusMessage":"selenium.common.exceptions.TimeoutException: Message: \nStacktrace:\n#0 0x55c3f1fd27ca <unknown>\n#1 0x55c3f1aca2f0 <unknown>\n#2 0x55c3f1b1a035 <unknown>\n#3 0x55c3f1b1a251 <unknown>\n#4 0x55c3f1b60054 <unknown>\n#5 0x55c3f1b3e9dd <unknown>\n#6 0x55c3f1b5d3b3 <unknown>\n#7 0x55c3f1b3e753 <unknown>\n#8 0x55c3f1b0bbaa <unknown>\n#9 0x55c3f1b0cdfe <unknown>\n#10 0x55c3f1f9d38b <unknown>\n#11 0x55c3f1fa1307 <unknown>\n#12 0x55c3f1f89e7c <unknown>\n#13 0x55c3f1fa1ec7 <unknown>\n#14 0x55c3f1f6e24f <unknown>\n#15 0x55c3f1fc12f8 <unknown>\n#16 0x55c3f1fc14c0 <unknown>\n#17 0x55c3f1fd1646 <unknown>\n#18 0x7fd2f109ca94 <unknown>\n#19 0x7fd2f1129c3c <unknown>\n\n","statusTrace":"  File \"/opt/hostedtoolcache/Python/3.11.11/x64/lib/python3.11/site-packages/allure_commons/_allure.py\", line 192, in impl\n    return func(*a, **kw)\n           ^^^^^^^^^^^^^^\n  File \"/home/runner/work/luma_project/luma_project/pages/sign_in_page.py\", line 41, in check_customer_email_field_is_clickable\n    return self.element_is_clickable(self.locators.CUSTOMER_EMAIL)\n           ^^^^^^^^^^^^^^^^^^^^^^^^^^^^^^^^^^^^^^^^^^^^^^^^^^^^^^^\n  File \"/opt/hostedtoolcache/Python/3.11.11/x64/lib/python3.11/site-packages/allure_commons/_allure.py\", line 192, in impl\n    return func(*a, **kw)\n           ^^^^^^^^^^^^^^\n  File \"/home/runner/work/luma_project/luma_project/pages/base_page.py\", line 80, in element_is_clickable\n    return wait(self.driver, timeout).until(EC.element_to_be_clickable(locator))\n           ^^^^^^^^^^^^^^^^^^^^^^^^^^^^^^^^^^^^^^^^^^^^^^^^^^^^^^^^^^^^^^^^^^^^^\n  File \"/opt/hostedtoolcache/Python/3.11.11/x64/lib/python3.11/site-packages/selenium/webdriver/support/wait.py\", line 95, in until\n    raise TimeoutException(message, screen, stacktrace)\n","steps":[{"name":"Find clickable elements","time":{"start":1737943957590,"stop":1737943962705,"duration":5115},"status":"broken","statusMessage":"selenium.common.exceptions.TimeoutException: Message: \nStacktrace:\n#0 0x55c3f1fd27ca <unknown>\n#1 0x55c3f1aca2f0 <unknown>\n#2 0x55c3f1b1a035 <unknown>\n#3 0x55c3f1b1a251 <unknown>\n#4 0x55c3f1b60054 <unknown>\n#5 0x55c3f1b3e9dd <unknown>\n#6 0x55c3f1b5d3b3 <unknown>\n#7 0x55c3f1b3e753 <unknown>\n#8 0x55c3f1b0bbaa <unknown>\n#9 0x55c3f1b0cdfe <unknown>\n#10 0x55c3f1f9d38b <unknown>\n#11 0x55c3f1fa1307 <unknown>\n#12 0x55c3f1f89e7c <unknown>\n#13 0x55c3f1fa1ec7 <unknown>\n#14 0x55c3f1f6e24f <unknown>\n#15 0x55c3f1fc12f8 <unknown>\n#16 0x55c3f1fc14c0 <unknown>\n#17 0x55c3f1fd1646 <unknown>\n#18 0x7fd2f109ca94 <unknown>\n#19 0x7fd2f1129c3c <unknown>\n\n","statusTrace":"  File \"/opt/hostedtoolcache/Python/3.11.11/x64/lib/python3.11/site-packages/allure_commons/_allure.py\", line 192, in impl\n    return func(*a, **kw)\n           ^^^^^^^^^^^^^^\n  File \"/home/runner/work/luma_project/luma_project/pages/base_page.py\", line 80, in element_is_clickable\n    return wait(self.driver, timeout).until(EC.element_to_be_clickable(locator))\n           ^^^^^^^^^^^^^^^^^^^^^^^^^^^^^^^^^^^^^^^^^^^^^^^^^^^^^^^^^^^^^^^^^^^^^\n  File \"/opt/hostedtoolcache/Python/3.11.11/x64/lib/python3.11/site-packages/selenium/webdriver/support/wait.py\", line 95, in until\n    raise TimeoutException(message, screen, stacktrace)\n","steps":[],"attachments":[],"parameters":[{"name":"locator","value":"('css selector', '#email')"},{"name":"timeout","value":"5"}],"shouldDisplayMessage":true,"stepsCount":0,"attachmentsCount":0,"hasContent":true,"attachmentStep":false}],"attachments":[],"parameters":[],"shouldDisplayMessage":false,"stepsCount":1,"attachmentsCount":0,"hasContent":true,"attachmentStep":false}],"attachments":[],"parameters":[{"name":"email","value":"'teston120@mailinator.com'"}],"shouldDisplayMessage":false,"stepsCount":2,"attachmentsCount":0,"hasContent":true,"attachmentStep":false}],"attachments":[{"uid":"85183d7f11216398","name":"Screenshot","source":"85183d7f11216398.png","type":"image/png","size":25650},{"uid":"63f309f366f74749","name":"HTML source","source":"63f309f366f74749.html","type":"text/html","size":258925}],"parameters":[],"shouldDisplayMessage":true,"stepsCount":3,"attachmentsCount":2,"hasContent":true,"attachmentStep":false},"afterStages":[{"name":"driver::0","time":{"start":1737943962812,"stop":1737943962875,"duration":63},"status":"passed","steps":[],"attachments":[],"parameters":[],"shouldDisplayMessage":false,"stepsCount":0,"attachmentsCount":0,"hasContent":false,"attachmentStep":false},{"name":"clear_allure_result_folder::0","time":{"start":1737944335893,"stop":1737944335893,"duration":0},"status":"passed","steps":[],"attachments":[],"parameters":[],"shouldDisplayMessage":false,"stepsCount":0,"attachmentsCount":0,"hasContent":false,"attachmentStep":false}],"labels":[{"name":"epic","value":"Sign In Page"},{"name":"feature","value":"Registered Customers"},{"name":"parentSuite","value":"tests"},{"name":"suite","value":"test_sign_in"},{"name":"subSuite","value":"TestRegisteredCustomers"},{"name":"host","value":"fv-az1945-895"},{"name":"thread","value":"2794-MainThread"},{"name":"framework","value":"pytest"},{"name":"language","value":"cpython3"},{"name":"package","value":"tests.test_sign_in"},{"name":"resultFormat","value":"allure2"}],"parameters":[],"links":[],"hidden":false,"retry":false,"extra":{"severity":"normal","retries":[],"categories":[{"name":"Test defects","matchedStatuses":[],"flaky":false}],"history":{"statistic":{"failed":0,"broken":2,"skipped":0,"passed":0,"unknown":0,"total":2},"items":[{"uid":"fb38a5d328f7053","reportUrl":"https://verafes.github.io/luma_project/567//#testresult/fb38a5d328f7053","status":"broken","statusDetails":"selenium.common.exceptions.TimeoutException: Message: \nStacktrace:\n#0 0x5583f484b7ca <unknown>\n#1 0x5583f43432f0 <unknown>\n#2 0x5583f4393035 <unknown>\n#3 0x5583f4393251 <unknown>\n#4 0x5583f43d9054 <unknown>\n#5 0x5583f43b79dd <unknown>\n#6 0x5583f43d63b3 <unknown>\n#7 0x5583f43b7753 <unknown>\n#8 0x5583f4384baa <unknown>\n#9 0x5583f4385dfe <unknown>\n#10 0x5583f481638b <unknown>\n#11 0x5583f481a307 <unknown>\n#12 0x5583f4802e7c <unknown>\n#13 0x5583f481aec7 <unknown>\n#14 0x5583f47e724f <unknown>\n#15 0x5583f483a2f8 <unknown>\n#16 0x5583f483a4c0 <unknown>\n#17 0x5583f484a646 <unknown>\n#18 0x7f92de09ca94 <unknown>\n#19 0x7f92de129c3c <unknown>","time":{"start":1737857595225,"stop":1737857600338,"duration":5113}}]},"tags":[]},"source":"dc52cd43c6bc024f.json","parameterValues":[]}