{"uid":"7b87b1d9da1b670f","name":"TC 17.01.25 Verify error on resetting My Password with empty email","fullName":"tests.test_forgot_your_password.TestForgotYourPasswordFunctionality#test_17_01_25_error_if_reset_my_password_with_empty_email","historyId":"3fc451d87c8653c0431c5bf955165f1b","time":{"start":1711069903485,"stop":1711069909701,"duration":6216},"description":"Check error message on attempt to reset password with empty email field","descriptionHtml":"<p>Check error message on attempt to reset password with empty email field</p>\n","status":"broken","statusMessage":"selenium.common.exceptions.TimeoutException: Message: \nStacktrace:\n#0 0x565444126f33 <unknown>\n#1 0x565443e1ece6 <unknown>\n#2 0x565443e69e48 <unknown>\n#3 0x565443e69f01 <unknown>\n#4 0x565443ead3f4 <unknown>\n#5 0x565443e8bedd <unknown>\n#6 0x565443eaa899 <unknown>\n#7 0x565443e8bc53 <unknown>\n#8 0x565443e5cdb3 <unknown>\n#9 0x565443e5d77e <unknown>\n#10 0x5654440ec86b <unknown>\n#11 0x5654440f0885 <unknown>\n#12 0x5654440da181 <unknown>\n#13 0x5654440f1412 <unknown>\n#14 0x5654440be25f <unknown>\n#15 0x565444115528 <unknown>\n#16 0x565444115723 <unknown>\n#17 0x5654441260e4 <unknown>\n#18 0x7f3d81294ac3 <unknown>","statusTrace":"self = <test_forgot_your_password.TestForgotYourPasswordFunctionality object at 0x7f4f3db36bd0>\ndriver = <selenium.webdriver.chrome.webdriver.WebDriver (session=\"13895c6c10299815732dfc8e0c9cd1e2\")>\nforgot_psw_page = <pages.forgot_your_password_page.ForgotYourPasswordPage object at 0x7f4f3db58e50>\n\n    @allure.title('TC 17.01.25 Verify error on resetting My Password with empty email')\n    def test_17_01_25_error_if_reset_my_password_with_empty_email(self, driver, forgot_psw_page):\n        \"\"\"Check error message on attempt to reset password with empty email field\"\"\"\n        # forgot_psw_page.fill_in_forgot_psw_captcha_field(captcha)\n        forgot_psw_page.click_reset_my_password_button()\n>       error_message = forgot_psw_page.get_error_email_input_is_required()\n\ntests/test_forgot_your_password.py:210: \n_ _ _ _ _ _ _ _ _ _ _ _ _ _ _ _ _ _ _ _ _ _ _ _ _ _ _ _ _ _ _ _ _ _ _ _ _ _ _ _ \npages/forgot_your_password_page.py:139: in get_error_email_input_is_required\n    return self.get_error_message(self.locators.RESET_MY_PASSWORD_EMAIL_ERROR)\npages/base_page.py:337: in get_error_message\n    error = wait(self.driver, timeout).until(EC.visibility_of_element_located(locator))\n_ _ _ _ _ _ _ _ _ _ _ _ _ _ _ _ _ _ _ _ _ _ _ _ _ _ _ _ _ _ _ _ _ _ _ _ _ _ _ _ \n\nself = <selenium.webdriver.support.wait.WebDriverWait (session=\"13895c6c10299815732dfc8e0c9cd1e2\")>\nmethod = <function visibility_of_element_located.<locals>._predicate at 0x7f4f3da73ce0>\nmessage = ''\n\n    def until(self, method, message: str = \"\"):\n        \"\"\"Calls the method provided with the driver as an argument until the \\\n        return value does not evaluate to ``False``.\n    \n        :param method: callable(WebDriver)\n        :param message: optional message for :exc:`TimeoutException`\n        :returns: the result of the last call to `method`\n        :raises: :exc:`selenium.common.exceptions.TimeoutException` if timeout occurs\n        \"\"\"\n        screen = None\n        stacktrace = None\n    \n        end_time = time.monotonic() + self._timeout\n        while True:\n            try:\n                value = method(self._driver)\n                if value:\n                    return value\n            except self._ignored_exceptions as exc:\n                screen = getattr(exc, \"screen\", None)\n                stacktrace = getattr(exc, \"stacktrace\", None)\n            time.sleep(self._poll)\n            if time.monotonic() > end_time:\n                break\n>       raise TimeoutException(message, screen, stacktrace)\nE       selenium.common.exceptions.TimeoutException: Message: \nE       Stacktrace:\nE       #0 0x565444126f33 <unknown>\nE       #1 0x565443e1ece6 <unknown>\nE       #2 0x565443e69e48 <unknown>\nE       #3 0x565443e69f01 <unknown>\nE       #4 0x565443ead3f4 <unknown>\nE       #5 0x565443e8bedd <unknown>\nE       #6 0x565443eaa899 <unknown>\nE       #7 0x565443e8bc53 <unknown>\nE       #8 0x565443e5cdb3 <unknown>\nE       #9 0x565443e5d77e <unknown>\nE       #10 0x5654440ec86b <unknown>\nE       #11 0x5654440f0885 <unknown>\nE       #12 0x5654440da181 <unknown>\nE       #13 0x5654440f1412 <unknown>\nE       #14 0x5654440be25f <unknown>\nE       #15 0x565444115528 <unknown>\nE       #16 0x565444115723 <unknown>\nE       #17 0x5654441260e4 <unknown>\nE       #18 0x7f3d81294ac3 <unknown>\n\n/opt/hostedtoolcache/Python/3.11.8/x64/lib/python3.11/site-packages/selenium/webdriver/support/wait.py:95: TimeoutException","flaky":false,"newFailed":false,"newBroken":true,"newPassed":false,"retriesCount":0,"retriesStatusChange":false,"beforeStages":[{"name":"_session_faker","time":{"start":1711069695445,"stop":1711069695507,"duration":62},"status":"passed","steps":[],"attachments":[],"parameters":[],"shouldDisplayMessage":false,"stepsCount":0,"attachmentsCount":0,"hasContent":false,"attachmentStep":false},{"name":"clear_allure_result_folder","time":{"start":1711069695507,"stop":1711069695507,"duration":0},"status":"passed","steps":[],"attachments":[],"parameters":[],"shouldDisplayMessage":false,"stepsCount":0,"attachmentsCount":0,"hasContent":false,"attachmentStep":false},{"name":"driver","time":{"start":1711069901604,"stop":1711069902568,"duration":964},"status":"passed","steps":[],"attachments":[],"parameters":[],"shouldDisplayMessage":false,"stepsCount":0,"attachmentsCount":0,"hasContent":false,"attachmentStep":false},{"name":"forgot_psw_page","time":{"start":1711069902569,"stop":1711069903485,"duration":916},"status":"passed","steps":[{"name":"Open a browser","time":{"start":1711069902569,"stop":1711069903485,"duration":916},"status":"passed","steps":[],"attachments":[],"parameters":[],"shouldDisplayMessage":false,"stepsCount":0,"attachmentsCount":0,"hasContent":false,"attachmentStep":false}],"attachments":[],"parameters":[],"shouldDisplayMessage":false,"stepsCount":1,"attachmentsCount":0,"hasContent":true,"attachmentStep":false}],"testStage":{"description":"Check error message on attempt to reset password with empty email field","status":"broken","statusMessage":"selenium.common.exceptions.TimeoutException: Message: \nStacktrace:\n#0 0x565444126f33 <unknown>\n#1 0x565443e1ece6 <unknown>\n#2 0x565443e69e48 <unknown>\n#3 0x565443e69f01 <unknown>\n#4 0x565443ead3f4 <unknown>\n#5 0x565443e8bedd <unknown>\n#6 0x565443eaa899 <unknown>\n#7 0x565443e8bc53 <unknown>\n#8 0x565443e5cdb3 <unknown>\n#9 0x565443e5d77e <unknown>\n#10 0x5654440ec86b <unknown>\n#11 0x5654440f0885 <unknown>\n#12 0x5654440da181 <unknown>\n#13 0x5654440f1412 <unknown>\n#14 0x5654440be25f <unknown>\n#15 0x565444115528 <unknown>\n#16 0x565444115723 <unknown>\n#17 0x5654441260e4 <unknown>\n#18 0x7f3d81294ac3 <unknown>","statusTrace":"self = <test_forgot_your_password.TestForgotYourPasswordFunctionality object at 0x7f4f3db36bd0>\ndriver = <selenium.webdriver.chrome.webdriver.WebDriver (session=\"13895c6c10299815732dfc8e0c9cd1e2\")>\nforgot_psw_page = <pages.forgot_your_password_page.ForgotYourPasswordPage object at 0x7f4f3db58e50>\n\n    @allure.title('TC 17.01.25 Verify error on resetting My Password with empty email')\n    def test_17_01_25_error_if_reset_my_password_with_empty_email(self, driver, forgot_psw_page):\n        \"\"\"Check error message on attempt to reset password with empty email field\"\"\"\n        # forgot_psw_page.fill_in_forgot_psw_captcha_field(captcha)\n        forgot_psw_page.click_reset_my_password_button()\n>       error_message = forgot_psw_page.get_error_email_input_is_required()\n\ntests/test_forgot_your_password.py:210: \n_ _ _ _ _ _ _ _ _ _ _ _ _ _ _ _ _ _ _ _ _ _ _ _ _ _ _ _ _ _ _ _ _ _ _ _ _ _ _ _ \npages/forgot_your_password_page.py:139: in get_error_email_input_is_required\n    return self.get_error_message(self.locators.RESET_MY_PASSWORD_EMAIL_ERROR)\npages/base_page.py:337: in get_error_message\n    error = wait(self.driver, timeout).until(EC.visibility_of_element_located(locator))\n_ _ _ _ _ _ _ _ _ _ _ _ _ _ _ _ _ _ _ _ _ _ _ _ _ _ _ _ _ _ _ _ _ _ _ _ _ _ _ _ \n\nself = <selenium.webdriver.support.wait.WebDriverWait (session=\"13895c6c10299815732dfc8e0c9cd1e2\")>\nmethod = <function visibility_of_element_located.<locals>._predicate at 0x7f4f3da73ce0>\nmessage = ''\n\n    def until(self, method, message: str = \"\"):\n        \"\"\"Calls the method provided with the driver as an argument until the \\\n        return value does not evaluate to ``False``.\n    \n        :param method: callable(WebDriver)\n        :param message: optional message for :exc:`TimeoutException`\n        :returns: the result of the last call to `method`\n        :raises: :exc:`selenium.common.exceptions.TimeoutException` if timeout occurs\n        \"\"\"\n        screen = None\n        stacktrace = None\n    \n        end_time = time.monotonic() + self._timeout\n        while True:\n            try:\n                value = method(self._driver)\n                if value:\n                    return value\n            except self._ignored_exceptions as exc:\n                screen = getattr(exc, \"screen\", None)\n                stacktrace = getattr(exc, \"stacktrace\", None)\n            time.sleep(self._poll)\n            if time.monotonic() > end_time:\n                break\n>       raise TimeoutException(message, screen, stacktrace)\nE       selenium.common.exceptions.TimeoutException: Message: \nE       Stacktrace:\nE       #0 0x565444126f33 <unknown>\nE       #1 0x565443e1ece6 <unknown>\nE       #2 0x565443e69e48 <unknown>\nE       #3 0x565443e69f01 <unknown>\nE       #4 0x565443ead3f4 <unknown>\nE       #5 0x565443e8bedd <unknown>\nE       #6 0x565443eaa899 <unknown>\nE       #7 0x565443e8bc53 <unknown>\nE       #8 0x565443e5cdb3 <unknown>\nE       #9 0x565443e5d77e <unknown>\nE       #10 0x5654440ec86b <unknown>\nE       #11 0x5654440f0885 <unknown>\nE       #12 0x5654440da181 <unknown>\nE       #13 0x5654440f1412 <unknown>\nE       #14 0x5654440be25f <unknown>\nE       #15 0x565444115528 <unknown>\nE       #16 0x565444115723 <unknown>\nE       #17 0x5654441260e4 <unknown>\nE       #18 0x7f3d81294ac3 <unknown>\n\n/opt/hostedtoolcache/Python/3.11.8/x64/lib/python3.11/site-packages/selenium/webdriver/support/wait.py:95: TimeoutException","steps":[{"name":"Click on Reset My Password button button","time":{"start":1711069903485,"stop":1711069904575,"duration":1090},"status":"passed","steps":[{"name":"Check Reset My Password button is clickable","time":{"start":1711069903486,"stop":1711069903511,"duration":25},"status":"passed","steps":[{"name":"Find clickable elements","time":{"start":1711069903486,"stop":1711069903511,"duration":25},"status":"passed","steps":[],"attachments":[],"parameters":[{"name":"locator","value":"('css selector', 'button[class=\"action submit primary\"]')"},{"name":"timeout","value":"5"}],"shouldDisplayMessage":false,"stepsCount":0,"attachmentsCount":0,"hasContent":true,"attachmentStep":false}],"attachments":[],"parameters":[],"shouldDisplayMessage":false,"stepsCount":1,"attachmentsCount":0,"hasContent":true,"attachmentStep":false}],"attachments":[],"parameters":[],"shouldDisplayMessage":false,"stepsCount":2,"attachmentsCount":0,"hasContent":true,"attachmentStep":false},{"name":"Get error for email input is required ","time":{"start":1711069904575,"stop":1711069909701,"duration":5126},"status":"broken","statusMessage":"selenium.common.exceptions.TimeoutException: Message: \nStacktrace:\n#0 0x565444126f33 <unknown>\n#1 0x565443e1ece6 <unknown>\n#2 0x565443e69e48 <unknown>\n#3 0x565443e69f01 <unknown>\n#4 0x565443ead3f4 <unknown>\n#5 0x565443e8bedd <unknown>\n#6 0x565443eaa899 <unknown>\n#7 0x565443e8bc53 <unknown>\n#8 0x565443e5cdb3 <unknown>\n#9 0x565443e5d77e <unknown>\n#10 0x5654440ec86b <unknown>\n#11 0x5654440f0885 <unknown>\n#12 0x5654440da181 <unknown>\n#13 0x5654440f1412 <unknown>\n#14 0x5654440be25f <unknown>\n#15 0x565444115528 <unknown>\n#16 0x565444115723 <unknown>\n#17 0x5654441260e4 <unknown>\n#18 0x7f3d81294ac3 <unknown>\n\n","statusTrace":"  File \"/opt/hostedtoolcache/Python/3.11.8/x64/lib/python3.11/site-packages/allure_commons/_allure.py\", line 192, in impl\n    return func(*a, **kw)\n           ^^^^^^^^^^^^^^\n  File \"/home/runner/work/luma_project/luma_project/pages/forgot_your_password_page.py\", line 139, in get_error_email_input_is_required\n    return self.get_error_message(self.locators.RESET_MY_PASSWORD_EMAIL_ERROR)\n           ^^^^^^^^^^^^^^^^^^^^^^^^^^^^^^^^^^^^^^^^^^^^^^^^^^^^^^^^^^^^^^^^^^^\n  File \"/opt/hostedtoolcache/Python/3.11.8/x64/lib/python3.11/site-packages/allure_commons/_allure.py\", line 192, in impl\n    return func(*a, **kw)\n           ^^^^^^^^^^^^^^\n  File \"/home/runner/work/luma_project/luma_project/pages/base_page.py\", line 337, in get_error_message\n    error = wait(self.driver, timeout).until(EC.visibility_of_element_located(locator))\n            ^^^^^^^^^^^^^^^^^^^^^^^^^^^^^^^^^^^^^^^^^^^^^^^^^^^^^^^^^^^^^^^^^^^^^^^^^^^\n  File \"/opt/hostedtoolcache/Python/3.11.8/x64/lib/python3.11/site-packages/selenium/webdriver/support/wait.py\", line 95, in until\n    raise TimeoutException(message, screen, stacktrace)\n","steps":[{"name":"Get error message","time":{"start":1711069904575,"stop":1711069909700,"duration":5125},"status":"broken","statusMessage":"selenium.common.exceptions.TimeoutException: Message: \nStacktrace:\n#0 0x565444126f33 <unknown>\n#1 0x565443e1ece6 <unknown>\n#2 0x565443e69e48 <unknown>\n#3 0x565443e69f01 <unknown>\n#4 0x565443ead3f4 <unknown>\n#5 0x565443e8bedd <unknown>\n#6 0x565443eaa899 <unknown>\n#7 0x565443e8bc53 <unknown>\n#8 0x565443e5cdb3 <unknown>\n#9 0x565443e5d77e <unknown>\n#10 0x5654440ec86b <unknown>\n#11 0x5654440f0885 <unknown>\n#12 0x5654440da181 <unknown>\n#13 0x5654440f1412 <unknown>\n#14 0x5654440be25f <unknown>\n#15 0x565444115528 <unknown>\n#16 0x565444115723 <unknown>\n#17 0x5654441260e4 <unknown>\n#18 0x7f3d81294ac3 <unknown>\n\n","statusTrace":"  File \"/opt/hostedtoolcache/Python/3.11.8/x64/lib/python3.11/site-packages/allure_commons/_allure.py\", line 192, in impl\n    return func(*a, **kw)\n           ^^^^^^^^^^^^^^\n  File \"/home/runner/work/luma_project/luma_project/pages/base_page.py\", line 337, in get_error_message\n    error = wait(self.driver, timeout).until(EC.visibility_of_element_located(locator))\n            ^^^^^^^^^^^^^^^^^^^^^^^^^^^^^^^^^^^^^^^^^^^^^^^^^^^^^^^^^^^^^^^^^^^^^^^^^^^\n  File \"/opt/hostedtoolcache/Python/3.11.8/x64/lib/python3.11/site-packages/selenium/webdriver/support/wait.py\", line 95, in until\n    raise TimeoutException(message, screen, stacktrace)\n","steps":[],"attachments":[],"parameters":[{"name":"locator","value":"('css selector', '#email_address-error')"},{"name":"timeout","value":"5"}],"shouldDisplayMessage":true,"stepsCount":0,"attachmentsCount":0,"hasContent":true,"attachmentStep":false}],"attachments":[],"parameters":[],"shouldDisplayMessage":false,"stepsCount":1,"attachmentsCount":0,"hasContent":true,"attachmentStep":false}],"attachments":[{"uid":"1c3d094ee6df9c06","name":"Screenshot","source":"1c3d094ee6df9c06.png","type":"image/png","size":99628},{"uid":"ec92d8932c323e42","name":"HTML source","source":"ec92d8932c323e42.html","type":"text/html","size":80261}],"parameters":[],"shouldDisplayMessage":true,"stepsCount":5,"attachmentsCount":2,"hasContent":true,"attachmentStep":false},"afterStages":[{"name":"driver::0","time":{"start":1711069909832,"stop":1711069909901,"duration":69},"status":"passed","steps":[],"attachments":[],"parameters":[],"shouldDisplayMessage":false,"stepsCount":0,"attachmentsCount":0,"hasContent":false,"attachmentStep":false},{"name":"clear_allure_result_folder::0","time":{"start":1711070832494,"stop":1711070832494,"duration":0},"status":"passed","steps":[],"attachments":[],"parameters":[],"shouldDisplayMessage":false,"stepsCount":0,"attachmentsCount":0,"hasContent":false,"attachmentStep":false}],"labels":[{"name":"epic","value":"Forgot Your Password Functionality"},{"name":"parentSuite","value":"tests"},{"name":"suite","value":"test_forgot_your_password"},{"name":"subSuite","value":"TestForgotYourPasswordFunctionality"},{"name":"host","value":"fv-az530-665"},{"name":"thread","value":"3047-MainThread"},{"name":"framework","value":"pytest"},{"name":"language","value":"cpython3"},{"name":"package","value":"tests.test_forgot_your_password"},{"name":"resultFormat","value":"allure2"}],"parameters":[],"links":[],"hidden":false,"retry":false,"extra":{"severity":"normal","retries":[],"categories":[{"name":"Test defects","matchedStatuses":[],"flaky":false}],"history":{"statistic":{"failed":0,"broken":3,"skipped":0,"passed":3,"unknown":0,"total":6},"items":[{"uid":"5394241f7a081e54","reportUrl":"https://verafes.github.io/luma_project/256//#testresult/5394241f7a081e54","status":"passed","time":{"start":1710983616123,"stop":1710983616226,"duration":103}},{"uid":"76f3588d8ceadb4f","reportUrl":"https://verafes.github.io/luma_project/255//#testresult/76f3588d8ceadb4f","status":"broken","statusDetails":"selenium.common.exceptions.TimeoutException: Message: \nStacktrace:\n#0 0x563a6e858ec3 <unknown>\n#1 0x563a6e550ce6 <unknown>\n#2 0x563a6e59be48 <unknown>\n#3 0x563a6e59bf01 <unknown>\n#4 0x563a6e5df3f4 <unknown>\n#5 0x563a6e5bdedd <unknown>\n#6 0x563a6e5dc899 <unknown>\n#7 0x563a6e5bdc53 <unknown>\n#8 0x563a6e58edb3 <unknown>\n#9 0x563a6e58f77e <unknown>\n#10 0x563a6e81e7fb <unknown>\n#11 0x563a6e822815 <unknown>\n#12 0x563a6e80c111 <unknown>\n#13 0x563a6e8233a2 <unknown>\n#14 0x563a6e7f01ef <unknown>\n#15 0x563a6e8474b8 <unknown>\n#16 0x563a6e8476b3 <unknown>\n#17 0x563a6e858074 <unknown>\n#18 0x700ffb094ac3 <unknown>","time":{"start":1710897118211,"stop":1710897124483,"duration":6272}},{"uid":"47dd3b75d98d809c","reportUrl":"https://verafes.github.io/luma_project/254//#testresult/47dd3b75d98d809c","status":"passed","time":{"start":1710810794463,"stop":1710810794575,"duration":112}},{"uid":"cd53d3237a15aa79","reportUrl":"https://verafes.github.io/luma_project/253//#testresult/cd53d3237a15aa79","status":"passed","time":{"start":1710724394782,"stop":1710724394876,"duration":94}},{"uid":"107a1ab5d1a81041","reportUrl":"https://verafes.github.io/luma_project/252//#testresult/107a1ab5d1a81041","status":"broken","statusDetails":"selenium.common.exceptions.TimeoutException: Message: \nStacktrace:\n#0 0x58d89b7b0ec3 <unknown>\n#1 0x58d89b4a8ce6 <unknown>\n#2 0x58d89b4f3e48 <unknown>\n#3 0x58d89b4f3f01 <unknown>\n#4 0x58d89b5373f4 <unknown>\n#5 0x58d89b515edd <unknown>\n#6 0x58d89b534899 <unknown>\n#7 0x58d89b515c53 <unknown>\n#8 0x58d89b4e6db3 <unknown>\n#9 0x58d89b4e777e <unknown>\n#10 0x58d89b7767fb <unknown>\n#11 0x58d89b77a815 <unknown>\n#12 0x58d89b764111 <unknown>\n#13 0x58d89b77b3a2 <unknown>\n#14 0x58d89b7481ef <unknown>\n#15 0x58d89b79f4b8 <unknown>\n#16 0x58d89b79f6b3 <unknown>\n#17 0x58d89b7b0074 <unknown>\n#18 0x7b697d894ac3 <unknown>","time":{"start":1710638211587,"stop":1710638217713,"duration":6126}}]},"tags":[]},"source":"7b87b1d9da1b670f.json","parameterValues":[]}