{"uid":"1013d933cd7c76c6","name":"TC 13.01.51 - Check if block 2 'home-t-shirts' in section 2 is clickablein the Promo Block on the main page","fullName":"tests.test_main_page.TestPromoBlock#test_tc_13_01_51_check_section2_block2_clickability","historyId":"599c946c7673dcaba5711e72e07bfb3f","time":{"start":1734400781714,"stop":1734400788011,"duration":6297},"description":"This test checks if block 2 'home-t-shirts' in section 2 in Promo Block under header is clickable","descriptionHtml":"<p>This test checks if block 2 'home-t-shirts' in section 2 in Promo Block under header is clickable</p>\n","status":"broken","statusMessage":"selenium.common.exceptions.TimeoutException: Message: \nStacktrace:\n#0 0x5606511c634a <unknown>\n#1 0x560650cdc6e0 <unknown>\n#2 0x560650d2b3e6 <unknown>\n#3 0x560650d2b681 <unknown>\n#4 0x560650d70b04 <unknown>\n#5 0x560650d4f48d <unknown>\n#6 0x560650d6ded7 <unknown>\n#7 0x560650d4f203 <unknown>\n#8 0x560650d1dcc0 <unknown>\n#9 0x560650d1ec9e <unknown>\n#10 0x560651193d3b <unknown>\n#11 0x560651197cc2 <unknown>\n#12 0x560651180b6c <unknown>\n#13 0x560651198837 <unknown>\n#14 0x56065116610f <unknown>\n#15 0x5606511b55a8 <unknown>\n#16 0x5606511b5770 <unknown>\n#17 0x5606511c51c6 <unknown>\n#18 0x7fc92389ca94 <unknown>\n#19 0x7fc923929c3c <unknown>","statusTrace":"self = <test_main_page.TestMainPage.TestPromoBlock object at 0x7f2e4458e350>\ndriver = <selenium.webdriver.chrome.webdriver.WebDriver (session=\"6ef7f63cd7a9edcb30a70b8e778a02b6\")>\n\n    @allure.title(\"TC 13.01.51 - Check if block 2 'home-t-shirts' in section 2 is clickable\"\n                  \"in the Promo Block on the main page\")\n    def test_tc_13_01_51_check_section2_block2_clickability(self, driver):\n        \"\"\"This test checks if block 2 'home-t-shirts' in section 2 in Promo Block under header is clickable\"\"\"\n        page = PromoBlock(driver, MAIN_PAGE_URL)\n        page.open()\n>       section2_block2 = page.check_section2_block2_clickability()\n\ntests/test_main_page.py:654: \n_ _ _ _ _ _ _ _ _ _ _ _ _ _ _ _ _ _ _ _ _ _ _ _ _ _ _ _ _ _ _ _ _ _ _ _ _ _ _ _ \npages/main_page.py:334: in check_section2_block2_clickability\n    section2_block2 = self.element_is_clickable(self.locators.SECTION_2_BLOCK_2)\npages/base_page.py:80: in element_is_clickable\n    return wait(self.driver, timeout).until(EC.element_to_be_clickable(locator))\n_ _ _ _ _ _ _ _ _ _ _ _ _ _ _ _ _ _ _ _ _ _ _ _ _ _ _ _ _ _ _ _ _ _ _ _ _ _ _ _ \n\nself = <selenium.webdriver.support.wait.WebDriverWait (session=\"6ef7f63cd7a9edcb30a70b8e778a02b6\")>\nmethod = <function element_to_be_clickable.<locals>._predicate at 0x7f2e44128680>\nmessage = ''\n\n    def until(self, method, message: str = \"\"):\n        \"\"\"Calls the method provided with the driver as an argument until the \\\n        return value does not evaluate to ``False``.\n    \n        :param method: callable(WebDriver)\n        :param message: optional message for :exc:`TimeoutException`\n        :returns: the result of the last call to `method`\n        :raises: :exc:`selenium.common.exceptions.TimeoutException` if timeout occurs\n        \"\"\"\n        screen = None\n        stacktrace = None\n    \n        end_time = time.monotonic() + self._timeout\n        while True:\n            try:\n                value = method(self._driver)\n                if value:\n                    return value\n            except self._ignored_exceptions as exc:\n                screen = getattr(exc, \"screen\", None)\n                stacktrace = getattr(exc, \"stacktrace\", None)\n            time.sleep(self._poll)\n            if time.monotonic() > end_time:\n                break\n>       raise TimeoutException(message, screen, stacktrace)\nE       selenium.common.exceptions.TimeoutException: Message: \nE       Stacktrace:\nE       #0 0x5606511c634a <unknown>\nE       #1 0x560650cdc6e0 <unknown>\nE       #2 0x560650d2b3e6 <unknown>\nE       #3 0x560650d2b681 <unknown>\nE       #4 0x560650d70b04 <unknown>\nE       #5 0x560650d4f48d <unknown>\nE       #6 0x560650d6ded7 <unknown>\nE       #7 0x560650d4f203 <unknown>\nE       #8 0x560650d1dcc0 <unknown>\nE       #9 0x560650d1ec9e <unknown>\nE       #10 0x560651193d3b <unknown>\nE       #11 0x560651197cc2 <unknown>\nE       #12 0x560651180b6c <unknown>\nE       #13 0x560651198837 <unknown>\nE       #14 0x56065116610f <unknown>\nE       #15 0x5606511b55a8 <unknown>\nE       #16 0x5606511b5770 <unknown>\nE       #17 0x5606511c51c6 <unknown>\nE       #18 0x7fc92389ca94 <unknown>\nE       #19 0x7fc923929c3c <unknown>\n\n/opt/hostedtoolcache/Python/3.11.11/x64/lib/python3.11/site-packages/selenium/webdriver/support/wait.py:95: TimeoutException","flaky":false,"newFailed":false,"newBroken":false,"newPassed":false,"retriesCount":0,"retriesStatusChange":false,"beforeStages":[{"name":"_session_faker","time":{"start":1734399974983,"stop":1734399975046,"duration":63},"status":"passed","steps":[],"attachments":[],"parameters":[],"shouldDisplayMessage":false,"stepsCount":0,"attachmentsCount":0,"hasContent":false,"attachmentStep":false},{"name":"clear_allure_result_folder","time":{"start":1734399975046,"stop":1734399975046,"duration":0},"status":"passed","steps":[],"attachments":[],"parameters":[],"shouldDisplayMessage":false,"stepsCount":0,"attachmentsCount":0,"hasContent":false,"attachmentStep":false},{"name":"driver","time":{"start":1734400780510,"stop":1734400781714,"duration":1204},"status":"passed","steps":[],"attachments":[],"parameters":[],"shouldDisplayMessage":false,"stepsCount":0,"attachmentsCount":0,"hasContent":false,"attachmentStep":false}],"testStage":{"description":"This test checks if block 2 'home-t-shirts' in section 2 in Promo Block under header is clickable","status":"broken","statusMessage":"selenium.common.exceptions.TimeoutException: Message: \nStacktrace:\n#0 0x5606511c634a <unknown>\n#1 0x560650cdc6e0 <unknown>\n#2 0x560650d2b3e6 <unknown>\n#3 0x560650d2b681 <unknown>\n#4 0x560650d70b04 <unknown>\n#5 0x560650d4f48d <unknown>\n#6 0x560650d6ded7 <unknown>\n#7 0x560650d4f203 <unknown>\n#8 0x560650d1dcc0 <unknown>\n#9 0x560650d1ec9e <unknown>\n#10 0x560651193d3b <unknown>\n#11 0x560651197cc2 <unknown>\n#12 0x560651180b6c <unknown>\n#13 0x560651198837 <unknown>\n#14 0x56065116610f <unknown>\n#15 0x5606511b55a8 <unknown>\n#16 0x5606511b5770 <unknown>\n#17 0x5606511c51c6 <unknown>\n#18 0x7fc92389ca94 <unknown>\n#19 0x7fc923929c3c <unknown>","statusTrace":"self = <test_main_page.TestMainPage.TestPromoBlock object at 0x7f2e4458e350>\ndriver = <selenium.webdriver.chrome.webdriver.WebDriver (session=\"6ef7f63cd7a9edcb30a70b8e778a02b6\")>\n\n    @allure.title(\"TC 13.01.51 - Check if block 2 'home-t-shirts' in section 2 is clickable\"\n                  \"in the Promo Block on the main page\")\n    def test_tc_13_01_51_check_section2_block2_clickability(self, driver):\n        \"\"\"This test checks if block 2 'home-t-shirts' in section 2 in Promo Block under header is clickable\"\"\"\n        page = PromoBlock(driver, MAIN_PAGE_URL)\n        page.open()\n>       section2_block2 = page.check_section2_block2_clickability()\n\ntests/test_main_page.py:654: \n_ _ _ _ _ _ _ _ _ _ _ _ _ _ _ _ _ _ _ _ _ _ _ _ _ _ _ _ _ _ _ _ _ _ _ _ _ _ _ _ \npages/main_page.py:334: in check_section2_block2_clickability\n    section2_block2 = self.element_is_clickable(self.locators.SECTION_2_BLOCK_2)\npages/base_page.py:80: in element_is_clickable\n    return wait(self.driver, timeout).until(EC.element_to_be_clickable(locator))\n_ _ _ _ _ _ _ _ _ _ _ _ _ _ _ _ _ _ _ _ _ _ _ _ _ _ _ _ _ _ _ _ _ _ _ _ _ _ _ _ \n\nself = <selenium.webdriver.support.wait.WebDriverWait (session=\"6ef7f63cd7a9edcb30a70b8e778a02b6\")>\nmethod = <function element_to_be_clickable.<locals>._predicate at 0x7f2e44128680>\nmessage = ''\n\n    def until(self, method, message: str = \"\"):\n        \"\"\"Calls the method provided with the driver as an argument until the \\\n        return value does not evaluate to ``False``.\n    \n        :param method: callable(WebDriver)\n        :param message: optional message for :exc:`TimeoutException`\n        :returns: the result of the last call to `method`\n        :raises: :exc:`selenium.common.exceptions.TimeoutException` if timeout occurs\n        \"\"\"\n        screen = None\n        stacktrace = None\n    \n        end_time = time.monotonic() + self._timeout\n        while True:\n            try:\n                value = method(self._driver)\n                if value:\n                    return value\n            except self._ignored_exceptions as exc:\n                screen = getattr(exc, \"screen\", None)\n                stacktrace = getattr(exc, \"stacktrace\", None)\n            time.sleep(self._poll)\n            if time.monotonic() > end_time:\n                break\n>       raise TimeoutException(message, screen, stacktrace)\nE       selenium.common.exceptions.TimeoutException: Message: \nE       Stacktrace:\nE       #0 0x5606511c634a <unknown>\nE       #1 0x560650cdc6e0 <unknown>\nE       #2 0x560650d2b3e6 <unknown>\nE       #3 0x560650d2b681 <unknown>\nE       #4 0x560650d70b04 <unknown>\nE       #5 0x560650d4f48d <unknown>\nE       #6 0x560650d6ded7 <unknown>\nE       #7 0x560650d4f203 <unknown>\nE       #8 0x560650d1dcc0 <unknown>\nE       #9 0x560650d1ec9e <unknown>\nE       #10 0x560651193d3b <unknown>\nE       #11 0x560651197cc2 <unknown>\nE       #12 0x560651180b6c <unknown>\nE       #13 0x560651198837 <unknown>\nE       #14 0x56065116610f <unknown>\nE       #15 0x5606511b55a8 <unknown>\nE       #16 0x5606511b5770 <unknown>\nE       #17 0x5606511c51c6 <unknown>\nE       #18 0x7fc92389ca94 <unknown>\nE       #19 0x7fc923929c3c <unknown>\n\n/opt/hostedtoolcache/Python/3.11.11/x64/lib/python3.11/site-packages/selenium/webdriver/support/wait.py:95: TimeoutException","steps":[{"name":"Open a browser","time":{"start":1734400781715,"stop":1734400782861,"duration":1146},"status":"passed","steps":[],"attachments":[],"parameters":[],"shouldDisplayMessage":false,"stepsCount":0,"attachmentsCount":0,"hasContent":false,"attachmentStep":false},{"name":"Check clickability of the block 2 'home-t-shirts' in the section 2 in the Promo Block","time":{"start":1734400782861,"stop":1734400788011,"duration":5150},"status":"broken","statusMessage":"selenium.common.exceptions.TimeoutException: Message: \nStacktrace:\n#0 0x5606511c634a <unknown>\n#1 0x560650cdc6e0 <unknown>\n#2 0x560650d2b3e6 <unknown>\n#3 0x560650d2b681 <unknown>\n#4 0x560650d70b04 <unknown>\n#5 0x560650d4f48d <unknown>\n#6 0x560650d6ded7 <unknown>\n#7 0x560650d4f203 <unknown>\n#8 0x560650d1dcc0 <unknown>\n#9 0x560650d1ec9e <unknown>\n#10 0x560651193d3b <unknown>\n#11 0x560651197cc2 <unknown>\n#12 0x560651180b6c <unknown>\n#13 0x560651198837 <unknown>\n#14 0x56065116610f <unknown>\n#15 0x5606511b55a8 <unknown>\n#16 0x5606511b5770 <unknown>\n#17 0x5606511c51c6 <unknown>\n#18 0x7fc92389ca94 <unknown>\n#19 0x7fc923929c3c <unknown>\n\n","statusTrace":"  File \"/opt/hostedtoolcache/Python/3.11.11/x64/lib/python3.11/site-packages/allure_commons/_allure.py\", line 192, in impl\n    return func(*a, **kw)\n           ^^^^^^^^^^^^^^\n  File \"/home/runner/work/luma_project/luma_project/pages/main_page.py\", line 334, in check_section2_block2_clickability\n    section2_block2 = self.element_is_clickable(self.locators.SECTION_2_BLOCK_2)\n                      ^^^^^^^^^^^^^^^^^^^^^^^^^^^^^^^^^^^^^^^^^^^^^^^^^^^^^^^^^^\n  File \"/opt/hostedtoolcache/Python/3.11.11/x64/lib/python3.11/site-packages/allure_commons/_allure.py\", line 192, in impl\n    return func(*a, **kw)\n           ^^^^^^^^^^^^^^\n  File \"/home/runner/work/luma_project/luma_project/pages/base_page.py\", line 80, in element_is_clickable\n    return wait(self.driver, timeout).until(EC.element_to_be_clickable(locator))\n           ^^^^^^^^^^^^^^^^^^^^^^^^^^^^^^^^^^^^^^^^^^^^^^^^^^^^^^^^^^^^^^^^^^^^^\n  File \"/opt/hostedtoolcache/Python/3.11.11/x64/lib/python3.11/site-packages/selenium/webdriver/support/wait.py\", line 95, in until\n    raise TimeoutException(message, screen, stacktrace)\n","steps":[{"name":"Find clickable elements","time":{"start":1734400782861,"stop":1734400788010,"duration":5149},"status":"broken","statusMessage":"selenium.common.exceptions.TimeoutException: Message: \nStacktrace:\n#0 0x5606511c634a <unknown>\n#1 0x560650cdc6e0 <unknown>\n#2 0x560650d2b3e6 <unknown>\n#3 0x560650d2b681 <unknown>\n#4 0x560650d70b04 <unknown>\n#5 0x560650d4f48d <unknown>\n#6 0x560650d6ded7 <unknown>\n#7 0x560650d4f203 <unknown>\n#8 0x560650d1dcc0 <unknown>\n#9 0x560650d1ec9e <unknown>\n#10 0x560651193d3b <unknown>\n#11 0x560651197cc2 <unknown>\n#12 0x560651180b6c <unknown>\n#13 0x560651198837 <unknown>\n#14 0x56065116610f <unknown>\n#15 0x5606511b55a8 <unknown>\n#16 0x5606511b5770 <unknown>\n#17 0x5606511c51c6 <unknown>\n#18 0x7fc92389ca94 <unknown>\n#19 0x7fc923929c3c <unknown>\n\n","statusTrace":"  File \"/opt/hostedtoolcache/Python/3.11.11/x64/lib/python3.11/site-packages/allure_commons/_allure.py\", line 192, in impl\n    return func(*a, **kw)\n           ^^^^^^^^^^^^^^\n  File \"/home/runner/work/luma_project/luma_project/pages/base_page.py\", line 80, in element_is_clickable\n    return wait(self.driver, timeout).until(EC.element_to_be_clickable(locator))\n           ^^^^^^^^^^^^^^^^^^^^^^^^^^^^^^^^^^^^^^^^^^^^^^^^^^^^^^^^^^^^^^^^^^^^^\n  File \"/opt/hostedtoolcache/Python/3.11.11/x64/lib/python3.11/site-packages/selenium/webdriver/support/wait.py\", line 95, in until\n    raise TimeoutException(message, screen, stacktrace)\n","steps":[],"attachments":[],"parameters":[{"name":"locator","value":"('css selector', '.home-t-shirts')"},{"name":"timeout","value":"5"}],"shouldDisplayMessage":true,"stepsCount":0,"attachmentsCount":0,"hasContent":true,"attachmentStep":false}],"attachments":[],"parameters":[],"shouldDisplayMessage":false,"stepsCount":1,"attachmentsCount":0,"hasContent":true,"attachmentStep":false}],"attachments":[{"uid":"2412eee3581786aa","name":"Screenshot","source":"2412eee3581786aa.png","type":"image/png","size":542450},{"uid":"da229f409392a62c","name":"HTML source","source":"da229f409392a62c.html","type":"text/html","size":144414}],"parameters":[],"shouldDisplayMessage":true,"stepsCount":3,"attachmentsCount":2,"hasContent":true,"attachmentStep":false},"afterStages":[{"name":"driver::0","time":{"start":1734400788809,"stop":1734400788922,"duration":113},"status":"passed","steps":[],"attachments":[],"parameters":[],"shouldDisplayMessage":false,"stepsCount":0,"attachmentsCount":0,"hasContent":false,"attachmentStep":false},{"name":"clear_allure_result_folder::0","time":{"start":1734401433832,"stop":1734401433832,"duration":0},"status":"passed","steps":[],"attachments":[],"parameters":[],"shouldDisplayMessage":false,"stepsCount":0,"attachmentsCount":0,"hasContent":false,"attachmentStep":false}],"labels":[{"name":"feature","value":"Promo Block Testing"},{"name":"epic","value":"Main Page"},{"name":"parentSuite","value":"tests"},{"name":"suite","value":"test_main_page"},{"name":"subSuite","value":"TestMainPage"},{"name":"host","value":"fv-az1909-241"},{"name":"thread","value":"2802-MainThread"},{"name":"framework","value":"pytest"},{"name":"language","value":"cpython3"},{"name":"package","value":"tests.test_main_page"},{"name":"resultFormat","value":"allure2"}],"parameters":[],"links":[],"hidden":false,"retry":false,"extra":{"severity":"normal","retries":[],"categories":[{"name":"Test defects","matchedStatuses":[],"flaky":false}],"history":{"statistic":{"failed":0,"broken":3,"skipped":0,"passed":0,"unknown":0,"total":3},"items":[{"uid":"5978ba83191f3a59","reportUrl":"https://verafes.github.io/luma_project/526//#testresult/5978ba83191f3a59","status":"broken","statusDetails":"selenium.common.exceptions.TimeoutException: Message: \nStacktrace:\n#0 0x5628b487034a <unknown>\n#1 0x5628b43866e0 <unknown>\n#2 0x5628b43d53e6 <unknown>\n#3 0x5628b43d5681 <unknown>\n#4 0x5628b441ab04 <unknown>\n#5 0x5628b43f948d <unknown>\n#6 0x5628b4417ed7 <unknown>\n#7 0x5628b43f9203 <unknown>\n#8 0x5628b43c7cc0 <unknown>\n#9 0x5628b43c8c9e <unknown>\n#10 0x5628b483dd3b <unknown>\n#11 0x5628b4841cc2 <unknown>\n#12 0x5628b482ab6c <unknown>\n#13 0x5628b4842837 <unknown>\n#14 0x5628b481010f <unknown>\n#15 0x5628b485f5a8 <unknown>\n#16 0x5628b485f770 <unknown>\n#17 0x5628b486f1c6 <unknown>\n#18 0x7f77a4e9ca94 <unknown>\n#19 0x7f77a4f29c3c <unknown>","time":{"start":1734314644803,"stop":1734314651518,"duration":6715}},{"uid":"66c9b75a0818000e","reportUrl":"https://verafes.github.io/luma_project/525//#testresult/66c9b75a0818000e","status":"broken","statusDetails":"selenium.common.exceptions.TimeoutException: Message: \nStacktrace:\n#0 0x55a45cdb731a <unknown>\n#1 0x55a45c8cd6e0 <unknown>\n#2 0x55a45c91c3e6 <unknown>\n#3 0x55a45c91c681 <unknown>\n#4 0x55a45c961b04 <unknown>\n#5 0x55a45c94048d <unknown>\n#6 0x55a45c95eed7 <unknown>\n#7 0x55a45c940203 <unknown>\n#8 0x55a45c90ecc0 <unknown>\n#9 0x55a45c90fc9e <unknown>\n#10 0x55a45cd84d0b <unknown>\n#11 0x55a45cd88c92 <unknown>\n#12 0x55a45cd71b3c <unknown>\n#13 0x55a45cd89807 <unknown>\n#14 0x55a45cd570df <unknown>\n#15 0x55a45cda6578 <unknown>\n#16 0x55a45cda6740 <unknown>\n#17 0x55a45cdb6196 <unknown>\n#18 0x7f1be9694ac3 <unknown>","time":{"start":1734228384812,"stop":1734228391264,"duration":6452}}]},"tags":[]},"source":"1013d933cd7c76c6.json","parameterValues":[]}