{"uid":"471d658f0f4a4c26","name":"TC 13.01.37 - Check the display of the info block in block 5 'home-eco' in the Promo Block","fullName":"tests.test_main_page.TestPromoBlock#test_tc_13_01_37_check_info_block_in_section2_block5","historyId":"f30b89700a6fe9f8df5a4a81f19ff158","time":{"start":1738547389705,"stop":1738547396178,"duration":6473},"description":"This test checks if info block in section 2 block 5 'home-eco' is displayed\n            in the Promo Block under header on the Main Page","descriptionHtml":"<p>This test checks if info block in section 2 block 5 'home-eco' is displayed<br />\nin the Promo Block under header on the Main Page</p>\n","status":"broken","statusMessage":"selenium.common.exceptions.TimeoutException: Message: \nStacktrace:\n#0 0x55fa17465dca <unknown>\n#1 0x55fa16f5c3f0 <unknown>\n#2 0x55fa16fac10c <unknown>\n#3 0x55fa16fac331 <unknown>\n#4 0x55fa16ff2154 <unknown>\n#5 0x55fa16fd0abd <unknown>\n#6 0x55fa16fef4b3 <unknown>\n#7 0x55fa16fd0833 <unknown>\n#8 0x55fa16f9d5a0 <unknown>\n#9 0x55fa16f9eece <unknown>\n#10 0x55fa1742fbdb <unknown>\n#11 0x55fa17433b67 <unknown>\n#12 0x55fa1741b3bc <unknown>\n#13 0x55fa17434727 <unknown>\n#14 0x55fa173ff74f <unknown>\n#15 0x55fa17454938 <unknown>\n#16 0x55fa17454b00 <unknown>\n#17 0x55fa17464c46 <unknown>\n#18 0x7f855fc9ca94 <unknown>\n#19 0x7f855fd29c3c <unknown>","statusTrace":"self = <test_main_page.TestMainPage.TestPromoBlock object at 0x7f5f3d1610d0>\ndriver = <selenium.webdriver.chrome.webdriver.WebDriver (session=\"af8d89fd685b1a8aa3f14ef13b5346a2\")>\n\n    @allure.title(\"TC 13.01.37 - Check the display of the info block in block 5 'home-eco' in the Promo Block\")\n    def test_tc_13_01_37_check_info_block_in_section2_block5(self, driver):\n        \"\"\"This test checks if info block in section 2 block 5 'home-eco' is displayed\n        in the Promo Block under header on the Main Page\"\"\"\n        page = PromoBlock(driver, MAIN_PAGE_URL)\n        page.open()\n>       assert page.element_is_visible(self.locators.SECTION_2_BLOCK_5_INFO_BLOCK), \\\n            \"The info block in section 2 block 5 is invisible\"\n\ntests/test_main_page.py:514: \n_ _ _ _ _ _ _ _ _ _ _ _ _ _ _ _ _ _ _ _ _ _ _ _ _ _ _ _ _ _ _ _ _ _ _ _ _ _ _ _ \npages/base_page.py:29: in element_is_visible\n    self.go_to_element(self.element_is_present(locator))\npages/base_page.py:50: in element_is_present\n    return wait(self.driver, timeout).until(EC.presence_of_element_located(locator))\n_ _ _ _ _ _ _ _ _ _ _ _ _ _ _ _ _ _ _ _ _ _ _ _ _ _ _ _ _ _ _ _ _ _ _ _ _ _ _ _ \n\nself = <selenium.webdriver.support.wait.WebDriverWait (session=\"af8d89fd685b1a8aa3f14ef13b5346a2\")>\nmethod = <function presence_of_element_located.<locals>._predicate at 0x7f5f3ed92160>\nmessage = ''\n\n    def until(self, method, message: str = \"\"):\n        \"\"\"Calls the method provided with the driver as an argument until the \\\n        return value does not evaluate to ``False``.\n    \n        :param method: callable(WebDriver)\n        :param message: optional message for :exc:`TimeoutException`\n        :returns: the result of the last call to `method`\n        :raises: :exc:`selenium.common.exceptions.TimeoutException` if timeout occurs\n        \"\"\"\n        screen = None\n        stacktrace = None\n    \n        end_time = time.monotonic() + self._timeout\n        while True:\n            try:\n                value = method(self._driver)\n                if value:\n                    return value\n            except self._ignored_exceptions as exc:\n                screen = getattr(exc, \"screen\", None)\n                stacktrace = getattr(exc, \"stacktrace\", None)\n            time.sleep(self._poll)\n            if time.monotonic() > end_time:\n                break\n>       raise TimeoutException(message, screen, stacktrace)\nE       selenium.common.exceptions.TimeoutException: Message: \nE       Stacktrace:\nE       #0 0x55fa17465dca <unknown>\nE       #1 0x55fa16f5c3f0 <unknown>\nE       #2 0x55fa16fac10c <unknown>\nE       #3 0x55fa16fac331 <unknown>\nE       #4 0x55fa16ff2154 <unknown>\nE       #5 0x55fa16fd0abd <unknown>\nE       #6 0x55fa16fef4b3 <unknown>\nE       #7 0x55fa16fd0833 <unknown>\nE       #8 0x55fa16f9d5a0 <unknown>\nE       #9 0x55fa16f9eece <unknown>\nE       #10 0x55fa1742fbdb <unknown>\nE       #11 0x55fa17433b67 <unknown>\nE       #12 0x55fa1741b3bc <unknown>\nE       #13 0x55fa17434727 <unknown>\nE       #14 0x55fa173ff74f <unknown>\nE       #15 0x55fa17454938 <unknown>\nE       #16 0x55fa17454b00 <unknown>\nE       #17 0x55fa17464c46 <unknown>\nE       #18 0x7f855fc9ca94 <unknown>\nE       #19 0x7f855fd29c3c <unknown>\n\n/opt/hostedtoolcache/Python/3.11.11/x64/lib/python3.11/site-packages/selenium/webdriver/support/wait.py:95: TimeoutException","flaky":false,"newFailed":false,"newBroken":false,"newPassed":false,"retriesCount":0,"retriesStatusChange":false,"beforeStages":[{"name":"_session_faker","time":{"start":1738546620268,"stop":1738546620329,"duration":61},"status":"passed","steps":[],"attachments":[],"parameters":[],"shouldDisplayMessage":false,"stepsCount":0,"attachmentsCount":0,"hasContent":false,"attachmentStep":false},{"name":"clear_allure_result_folder","time":{"start":1738546620329,"stop":1738546620329,"duration":0},"status":"passed","steps":[],"attachments":[],"parameters":[],"shouldDisplayMessage":false,"stepsCount":0,"attachmentsCount":0,"hasContent":false,"attachmentStep":false},{"name":"driver","time":{"start":1738547388456,"stop":1738547389704,"duration":1248},"status":"passed","steps":[],"attachments":[],"parameters":[],"shouldDisplayMessage":false,"stepsCount":0,"attachmentsCount":0,"hasContent":false,"attachmentStep":false}],"testStage":{"description":"This test checks if info block in section 2 block 5 'home-eco' is displayed\n            in the Promo Block under header on the Main Page","status":"broken","statusMessage":"selenium.common.exceptions.TimeoutException: Message: \nStacktrace:\n#0 0x55fa17465dca <unknown>\n#1 0x55fa16f5c3f0 <unknown>\n#2 0x55fa16fac10c <unknown>\n#3 0x55fa16fac331 <unknown>\n#4 0x55fa16ff2154 <unknown>\n#5 0x55fa16fd0abd <unknown>\n#6 0x55fa16fef4b3 <unknown>\n#7 0x55fa16fd0833 <unknown>\n#8 0x55fa16f9d5a0 <unknown>\n#9 0x55fa16f9eece <unknown>\n#10 0x55fa1742fbdb <unknown>\n#11 0x55fa17433b67 <unknown>\n#12 0x55fa1741b3bc <unknown>\n#13 0x55fa17434727 <unknown>\n#14 0x55fa173ff74f <unknown>\n#15 0x55fa17454938 <unknown>\n#16 0x55fa17454b00 <unknown>\n#17 0x55fa17464c46 <unknown>\n#18 0x7f855fc9ca94 <unknown>\n#19 0x7f855fd29c3c <unknown>","statusTrace":"self = <test_main_page.TestMainPage.TestPromoBlock object at 0x7f5f3d1610d0>\ndriver = <selenium.webdriver.chrome.webdriver.WebDriver (session=\"af8d89fd685b1a8aa3f14ef13b5346a2\")>\n\n    @allure.title(\"TC 13.01.37 - Check the display of the info block in block 5 'home-eco' in the Promo Block\")\n    def test_tc_13_01_37_check_info_block_in_section2_block5(self, driver):\n        \"\"\"This test checks if info block in section 2 block 5 'home-eco' is displayed\n        in the Promo Block under header on the Main Page\"\"\"\n        page = PromoBlock(driver, MAIN_PAGE_URL)\n        page.open()\n>       assert page.element_is_visible(self.locators.SECTION_2_BLOCK_5_INFO_BLOCK), \\\n            \"The info block in section 2 block 5 is invisible\"\n\ntests/test_main_page.py:514: \n_ _ _ _ _ _ _ _ _ _ _ _ _ _ _ _ _ _ _ _ _ _ _ _ _ _ _ _ _ _ _ _ _ _ _ _ _ _ _ _ \npages/base_page.py:29: in element_is_visible\n    self.go_to_element(self.element_is_present(locator))\npages/base_page.py:50: in element_is_present\n    return wait(self.driver, timeout).until(EC.presence_of_element_located(locator))\n_ _ _ _ _ _ _ _ _ _ _ _ _ _ _ _ _ _ _ _ _ _ _ _ _ _ _ _ _ _ _ _ _ _ _ _ _ _ _ _ \n\nself = <selenium.webdriver.support.wait.WebDriverWait (session=\"af8d89fd685b1a8aa3f14ef13b5346a2\")>\nmethod = <function presence_of_element_located.<locals>._predicate at 0x7f5f3ed92160>\nmessage = ''\n\n    def until(self, method, message: str = \"\"):\n        \"\"\"Calls the method provided with the driver as an argument until the \\\n        return value does not evaluate to ``False``.\n    \n        :param method: callable(WebDriver)\n        :param message: optional message for :exc:`TimeoutException`\n        :returns: the result of the last call to `method`\n        :raises: :exc:`selenium.common.exceptions.TimeoutException` if timeout occurs\n        \"\"\"\n        screen = None\n        stacktrace = None\n    \n        end_time = time.monotonic() + self._timeout\n        while True:\n            try:\n                value = method(self._driver)\n                if value:\n                    return value\n            except self._ignored_exceptions as exc:\n                screen = getattr(exc, \"screen\", None)\n                stacktrace = getattr(exc, \"stacktrace\", None)\n            time.sleep(self._poll)\n            if time.monotonic() > end_time:\n                break\n>       raise TimeoutException(message, screen, stacktrace)\nE       selenium.common.exceptions.TimeoutException: Message: \nE       Stacktrace:\nE       #0 0x55fa17465dca <unknown>\nE       #1 0x55fa16f5c3f0 <unknown>\nE       #2 0x55fa16fac10c <unknown>\nE       #3 0x55fa16fac331 <unknown>\nE       #4 0x55fa16ff2154 <unknown>\nE       #5 0x55fa16fd0abd <unknown>\nE       #6 0x55fa16fef4b3 <unknown>\nE       #7 0x55fa16fd0833 <unknown>\nE       #8 0x55fa16f9d5a0 <unknown>\nE       #9 0x55fa16f9eece <unknown>\nE       #10 0x55fa1742fbdb <unknown>\nE       #11 0x55fa17433b67 <unknown>\nE       #12 0x55fa1741b3bc <unknown>\nE       #13 0x55fa17434727 <unknown>\nE       #14 0x55fa173ff74f <unknown>\nE       #15 0x55fa17454938 <unknown>\nE       #16 0x55fa17454b00 <unknown>\nE       #17 0x55fa17464c46 <unknown>\nE       #18 0x7f855fc9ca94 <unknown>\nE       #19 0x7f855fd29c3c <unknown>\n\n/opt/hostedtoolcache/Python/3.11.11/x64/lib/python3.11/site-packages/selenium/webdriver/support/wait.py:95: TimeoutException","steps":[{"name":"Open a browser","time":{"start":1738547389705,"stop":1738547390933,"duration":1228},"status":"passed","steps":[],"attachments":[],"parameters":[],"shouldDisplayMessage":false,"stepsCount":0,"attachmentsCount":0,"hasContent":false,"attachmentStep":false},{"name":"Find a visible element","time":{"start":1738547390933,"stop":1738547396172,"duration":5239},"status":"broken","statusMessage":"selenium.common.exceptions.TimeoutException: Message: \nStacktrace:\n#0 0x55fa17465dca <unknown>\n#1 0x55fa16f5c3f0 <unknown>\n#2 0x55fa16fac10c <unknown>\n#3 0x55fa16fac331 <unknown>\n#4 0x55fa16ff2154 <unknown>\n#5 0x55fa16fd0abd <unknown>\n#6 0x55fa16fef4b3 <unknown>\n#7 0x55fa16fd0833 <unknown>\n#8 0x55fa16f9d5a0 <unknown>\n#9 0x55fa16f9eece <unknown>\n#10 0x55fa1742fbdb <unknown>\n#11 0x55fa17433b67 <unknown>\n#12 0x55fa1741b3bc <unknown>\n#13 0x55fa17434727 <unknown>\n#14 0x55fa173ff74f <unknown>\n#15 0x55fa17454938 <unknown>\n#16 0x55fa17454b00 <unknown>\n#17 0x55fa17464c46 <unknown>\n#18 0x7f855fc9ca94 <unknown>\n#19 0x7f855fd29c3c <unknown>\n\n","statusTrace":"  File \"/opt/hostedtoolcache/Python/3.11.11/x64/lib/python3.11/site-packages/allure_commons/_allure.py\", line 192, in impl\n    return func(*a, **kw)\n           ^^^^^^^^^^^^^^\n  File \"/home/runner/work/luma_project/luma_project/pages/base_page.py\", line 29, in element_is_visible\n    self.go_to_element(self.element_is_present(locator))\n                       ^^^^^^^^^^^^^^^^^^^^^^^^^^^^^^^^\n  File \"/opt/hostedtoolcache/Python/3.11.11/x64/lib/python3.11/site-packages/allure_commons/_allure.py\", line 192, in impl\n    return func(*a, **kw)\n           ^^^^^^^^^^^^^^\n  File \"/home/runner/work/luma_project/luma_project/pages/base_page.py\", line 50, in element_is_present\n    return wait(self.driver, timeout).until(EC.presence_of_element_located(locator))\n           ^^^^^^^^^^^^^^^^^^^^^^^^^^^^^^^^^^^^^^^^^^^^^^^^^^^^^^^^^^^^^^^^^^^^^^^^^\n  File \"/opt/hostedtoolcache/Python/3.11.11/x64/lib/python3.11/site-packages/selenium/webdriver/support/wait.py\", line 95, in until\n    raise TimeoutException(message, screen, stacktrace)\n","steps":[{"name":"Find a present element","time":{"start":1738547390933,"stop":1738547396171,"duration":5238},"status":"broken","statusMessage":"selenium.common.exceptions.TimeoutException: Message: \nStacktrace:\n#0 0x55fa17465dca <unknown>\n#1 0x55fa16f5c3f0 <unknown>\n#2 0x55fa16fac10c <unknown>\n#3 0x55fa16fac331 <unknown>\n#4 0x55fa16ff2154 <unknown>\n#5 0x55fa16fd0abd <unknown>\n#6 0x55fa16fef4b3 <unknown>\n#7 0x55fa16fd0833 <unknown>\n#8 0x55fa16f9d5a0 <unknown>\n#9 0x55fa16f9eece <unknown>\n#10 0x55fa1742fbdb <unknown>\n#11 0x55fa17433b67 <unknown>\n#12 0x55fa1741b3bc <unknown>\n#13 0x55fa17434727 <unknown>\n#14 0x55fa173ff74f <unknown>\n#15 0x55fa17454938 <unknown>\n#16 0x55fa17454b00 <unknown>\n#17 0x55fa17464c46 <unknown>\n#18 0x7f855fc9ca94 <unknown>\n#19 0x7f855fd29c3c <unknown>\n\n","statusTrace":"  File \"/opt/hostedtoolcache/Python/3.11.11/x64/lib/python3.11/site-packages/allure_commons/_allure.py\", line 192, in impl\n    return func(*a, **kw)\n           ^^^^^^^^^^^^^^\n  File \"/home/runner/work/luma_project/luma_project/pages/base_page.py\", line 50, in element_is_present\n    return wait(self.driver, timeout).until(EC.presence_of_element_located(locator))\n           ^^^^^^^^^^^^^^^^^^^^^^^^^^^^^^^^^^^^^^^^^^^^^^^^^^^^^^^^^^^^^^^^^^^^^^^^^\n  File \"/opt/hostedtoolcache/Python/3.11.11/x64/lib/python3.11/site-packages/selenium/webdriver/support/wait.py\", line 95, in until\n    raise TimeoutException(message, screen, stacktrace)\n","steps":[],"attachments":[],"parameters":[{"name":"locator","value":"('css selector', '.home-eco .content')"},{"name":"timeout","value":"5"}],"shouldDisplayMessage":true,"stepsCount":0,"attachmentsCount":0,"hasContent":true,"attachmentStep":false}],"attachments":[],"parameters":[{"name":"locator","value":"('css selector', '.home-eco .content')"},{"name":"timeout","value":"10"}],"shouldDisplayMessage":false,"stepsCount":1,"attachmentsCount":0,"hasContent":true,"attachmentStep":false}],"attachments":[{"uid":"1321162a0c2d276c","name":"Screenshot","source":"1321162a0c2d276c.png","type":"image/png","size":548028},{"uid":"dcf14e4683754de6","name":"HTML source","source":"dcf14e4683754de6.html","type":"text/html","size":144672}],"parameters":[],"shouldDisplayMessage":true,"stepsCount":3,"attachmentsCount":2,"hasContent":true,"attachmentStep":false},"afterStages":[{"name":"driver::0","time":{"start":1738547397273,"stop":1738547397395,"duration":122},"status":"passed","steps":[],"attachments":[],"parameters":[],"shouldDisplayMessage":false,"stepsCount":0,"attachmentsCount":0,"hasContent":false,"attachmentStep":false},{"name":"clear_allure_result_folder::0","time":{"start":1738548138554,"stop":1738548138554,"duration":0},"status":"passed","steps":[],"attachments":[],"parameters":[],"shouldDisplayMessage":false,"stepsCount":0,"attachmentsCount":0,"hasContent":false,"attachmentStep":false}],"labels":[{"name":"epic","value":"Main Page"},{"name":"feature","value":"Promo Block Testing"},{"name":"parentSuite","value":"tests"},{"name":"suite","value":"test_main_page"},{"name":"subSuite","value":"TestMainPage"},{"name":"host","value":"fv-az1721-166"},{"name":"thread","value":"2775-MainThread"},{"name":"framework","value":"pytest"},{"name":"language","value":"cpython3"},{"name":"package","value":"tests.test_main_page"},{"name":"resultFormat","value":"allure2"}],"parameters":[],"links":[],"hidden":false,"retry":false,"extra":{"severity":"normal","retries":[],"categories":[{"name":"Test defects","matchedStatuses":[],"flaky":false}],"history":{"statistic":{"failed":0,"broken":2,"skipped":0,"passed":0,"unknown":0,"total":2},"items":[{"uid":"53d70a5344e82aca","reportUrl":"https://verafes.github.io/luma_project/574//#testresult/53d70a5344e82aca","status":"broken","statusDetails":"selenium.common.exceptions.TimeoutException: Message: \nStacktrace:\n#0 0x56205b826dca <unknown>\n#1 0x56205b31d3f0 <unknown>\n#2 0x56205b36d10c <unknown>\n#3 0x56205b36d331 <unknown>\n#4 0x56205b3b3154 <unknown>\n#5 0x56205b391abd <unknown>\n#6 0x56205b3b04b3 <unknown>\n#7 0x56205b391833 <unknown>\n#8 0x56205b35e5a0 <unknown>\n#9 0x56205b35fece <unknown>\n#10 0x56205b7f0bdb <unknown>\n#11 0x56205b7f4b67 <unknown>\n#12 0x56205b7dc3bc <unknown>\n#13 0x56205b7f5727 <unknown>\n#14 0x56205b7c074f <unknown>\n#15 0x56205b815938 <unknown>\n#16 0x56205b815b00 <unknown>\n#17 0x56205b825c46 <unknown>\n#18 0x7f072029ca94 <unknown>\n#19 0x7f0720329c3c <unknown>","time":{"start":1738461114644,"stop":1738461121279,"duration":6635}}]},"tags":[]},"source":"471d658f0f4a4c26.json","parameterValues":[]}