{"uid":"faa360d9f5f36ce","name":"TC 13.01.30 - Check the display of the sign in block 3 'home-erin' in the Promo Block","fullName":"tests.test_main_page.TestPromoBlock#test_tc_13_01_30_check_info_block_sign_in_section2_block3","historyId":"0efce4a477f1e38b0c648cda3ab656c8","time":{"start":1738547351225,"stop":1738547352330,"duration":1105},"description":"This test checks if the sign in info block in section 2 block 3 'home-erin' is correct\n            in the Promo Block under header on the main page","descriptionHtml":"<p>This test checks if the sign in info block in section 2 block 3 'home-erin' is correct<br />\nin the Promo Block under header on the main page</p>\n","status":"broken","statusMessage":"selenium.common.exceptions.NoSuchElementException: Message: no such element: Unable to locate element: {\"method\":\"css selector\",\"selector\":\".home-erin .content .icon\"}\n  (Session info: chrome=132.0.6834.110); For documentation on this error, please visit: https://www.selenium.dev/documentation/webdriver/troubleshooting/errors#no-such-element-exception\nStacktrace:\n#0 0x558d1866edca <unknown>\n#1 0x558d181653f0 <unknown>\n#2 0x558d181b510c <unknown>\n#3 0x558d181b5331 <unknown>\n#4 0x558d181fb154 <unknown>\n#5 0x558d181d9abd <unknown>\n#6 0x558d181f84b3 <unknown>\n#7 0x558d181d9833 <unknown>\n#8 0x558d181a65a0 <unknown>\n#9 0x558d181a7ece <unknown>\n#10 0x558d18638bdb <unknown>\n#11 0x558d1863cb67 <unknown>\n#12 0x558d186243bc <unknown>\n#13 0x558d1863d727 <unknown>\n#14 0x558d1860874f <unknown>\n#15 0x558d1865d938 <unknown>\n#16 0x558d1865db00 <unknown>\n#17 0x558d1866dc46 <unknown>\n#18 0x7fd178a9ca94 <unknown>\n#19 0x7fd178b29c3c <unknown>","statusTrace":"self = <test_main_page.TestMainPage.TestPromoBlock object at 0x7f5f3d1845d0>\ndriver = <selenium.webdriver.chrome.webdriver.WebDriver (session=\"fcdca317abd4c6f7ee1d1b3de674ab21\")>\n\n    @allure.title(\"TC 13.01.30 - Check the display of the sign in block 3 'home-erin' in the Promo Block\")\n    def test_tc_13_01_30_check_info_block_sign_in_section2_block3(self, driver):\n        \"\"\"This test checks if the sign in info block in section 2 block 3 'home-erin' is correct\n        in the Promo Block under header on the main page\"\"\"\n        page = PromoBlock(driver, MAIN_PAGE_URL)\n        page.open()\n>       actual_text = page.check_info_block_sign_in_section2_block3()\n\ntests/test_main_page.py:414: \n_ _ _ _ _ _ _ _ _ _ _ _ _ _ _ _ _ _ _ _ _ _ _ _ _ _ _ _ _ _ _ _ _ _ _ _ _ _ _ _ \npages/main_page.py:304: in check_info_block_sign_in_section2_block3\n    info_block_sign = self.find_element(self.locators.SECTION_2_BLOCK_3_INFO_BLOCK_SIGN).text\npages/base_page.py:201: in find_element\n    return self.driver.find_element(*locator)\n/opt/hostedtoolcache/Python/3.11.11/x64/lib/python3.11/site-packages/selenium/webdriver/remote/webdriver.py:738: in find_element\n    return self.execute(Command.FIND_ELEMENT, {\"using\": by, \"value\": value})[\"value\"]\n/opt/hostedtoolcache/Python/3.11.11/x64/lib/python3.11/site-packages/selenium/webdriver/remote/webdriver.py:344: in execute\n    self.error_handler.check_response(response)\n_ _ _ _ _ _ _ _ _ _ _ _ _ _ _ _ _ _ _ _ _ _ _ _ _ _ _ _ _ _ _ _ _ _ _ _ _ _ _ _ \n\nself = <selenium.webdriver.remote.errorhandler.ErrorHandler object at 0x7f5f3ea2c0d0>\nresponse = {'status': 404, 'value': '{\"value\":{\"error\":\"no such element\",\"message\":\"no such element: Unable to locate element: {\\...\\\\n#17 0x558d1866dc46 \\\\u003Cunknown>\\\\n#18 0x7fd178a9ca94 \\\\u003Cunknown>\\\\n#19 0x7fd178b29c3c \\\\u003Cunknown>\\\\n\"}}'}\n\n    def check_response(self, response: Dict[str, Any]) -> None:\n        \"\"\"Checks that a JSON response from the WebDriver does not have an\n        error.\n    \n        :Args:\n         - response - The JSON response from the WebDriver server as a dictionary\n           object.\n    \n        :Raises: If the response contains an error message.\n        \"\"\"\n        status = response.get(\"status\", None)\n        if not status or status == ErrorCode.SUCCESS:\n            return\n        value = None\n        message = response.get(\"message\", \"\")\n        screen: str = response.get(\"screen\", \"\")\n        stacktrace = None\n        if isinstance(status, int):\n            value_json = response.get(\"value\", None)\n            if value_json and isinstance(value_json, str):\n                import json\n    \n                try:\n                    value = json.loads(value_json)\n                    if len(value) == 1:\n                        value = value[\"value\"]\n                    status = value.get(\"error\", None)\n                    if not status:\n                        status = value.get(\"status\", ErrorCode.UNKNOWN_ERROR)\n                        message = value.get(\"value\") or value.get(\"message\")\n                        if not isinstance(message, str):\n                            value = message\n                            message = message.get(\"message\")\n                    else:\n                        message = value.get(\"message\", None)\n                except ValueError:\n                    pass\n    \n        exception_class: Type[WebDriverException]\n        e = ErrorCode()\n        error_codes = [item for item in dir(e) if not item.startswith(\"__\")]\n        for error_code in error_codes:\n            error_info = getattr(ErrorCode, error_code)\n            if isinstance(error_info, list) and status in error_info:\n                exception_class = getattr(ExceptionMapping, error_code, WebDriverException)\n                break\n        else:\n            exception_class = WebDriverException\n    \n        if not value:\n            value = response[\"value\"]\n        if isinstance(value, str):\n            raise exception_class(value)\n        if message == \"\" and \"message\" in value:\n            message = value[\"message\"]\n    \n        screen = None  # type: ignore[assignment]\n        if \"screen\" in value:\n            screen = value[\"screen\"]\n    \n        stacktrace = None\n        st_value = value.get(\"stackTrace\") or value.get(\"stacktrace\")\n        if st_value:\n            if isinstance(st_value, str):\n                stacktrace = st_value.split(\"\\n\")\n            else:\n                stacktrace = []\n                try:\n                    for frame in st_value:\n                        line = frame.get(\"lineNumber\", \"\")\n                        file = frame.get(\"fileName\", \"<anonymous>\")\n                        if line:\n                            file = f\"{file}:{line}\"\n                        meth = frame.get(\"methodName\", \"<anonymous>\")\n                        if \"className\" in frame:\n                            meth = f\"{frame['className']}.{meth}\"\n                        msg = \"    at %s (%s)\"\n                        msg = msg % (meth, file)\n                        stacktrace.append(msg)\n                except TypeError:\n                    pass\n        if exception_class == UnexpectedAlertPresentException:\n            alert_text = None\n            if \"data\" in value:\n                alert_text = value[\"data\"].get(\"text\")\n            elif \"alert\" in value:\n                alert_text = value[\"alert\"].get(\"text\")\n            raise exception_class(message, screen, stacktrace, alert_text)  # type: ignore[call-arg]  # mypy is not smart enough here\n>       raise exception_class(message, screen, stacktrace)\nE       selenium.common.exceptions.NoSuchElementException: Message: no such element: Unable to locate element: {\"method\":\"css selector\",\"selector\":\".home-erin .content .icon\"}\nE         (Session info: chrome=132.0.6834.110); For documentation on this error, please visit: https://www.selenium.dev/documentation/webdriver/troubleshooting/errors#no-such-element-exception\nE       Stacktrace:\nE       #0 0x558d1866edca <unknown>\nE       #1 0x558d181653f0 <unknown>\nE       #2 0x558d181b510c <unknown>\nE       #3 0x558d181b5331 <unknown>\nE       #4 0x558d181fb154 <unknown>\nE       #5 0x558d181d9abd <unknown>\nE       #6 0x558d181f84b3 <unknown>\nE       #7 0x558d181d9833 <unknown>\nE       #8 0x558d181a65a0 <unknown>\nE       #9 0x558d181a7ece <unknown>\nE       #10 0x558d18638bdb <unknown>\nE       #11 0x558d1863cb67 <unknown>\nE       #12 0x558d186243bc <unknown>\nE       #13 0x558d1863d727 <unknown>\nE       #14 0x558d1860874f <unknown>\nE       #15 0x558d1865d938 <unknown>\nE       #16 0x558d1865db00 <unknown>\nE       #17 0x558d1866dc46 <unknown>\nE       #18 0x7fd178a9ca94 <unknown>\nE       #19 0x7fd178b29c3c <unknown>\n\n/opt/hostedtoolcache/Python/3.11.11/x64/lib/python3.11/site-packages/selenium/webdriver/remote/errorhandler.py:229: NoSuchElementException","flaky":false,"newFailed":false,"newBroken":false,"newPassed":false,"retriesCount":0,"retriesStatusChange":false,"beforeStages":[{"name":"_session_faker","time":{"start":1738546620268,"stop":1738546620329,"duration":61},"status":"passed","steps":[],"attachments":[],"parameters":[],"shouldDisplayMessage":false,"stepsCount":0,"attachmentsCount":0,"hasContent":false,"attachmentStep":false},{"name":"clear_allure_result_folder","time":{"start":1738546620329,"stop":1738546620329,"duration":0},"status":"passed","steps":[],"attachments":[],"parameters":[],"shouldDisplayMessage":false,"stepsCount":0,"attachmentsCount":0,"hasContent":false,"attachmentStep":false},{"name":"driver","time":{"start":1738547350048,"stop":1738547351224,"duration":1176},"status":"passed","steps":[],"attachments":[],"parameters":[],"shouldDisplayMessage":false,"stepsCount":0,"attachmentsCount":0,"hasContent":false,"attachmentStep":false}],"testStage":{"description":"This test checks if the sign in info block in section 2 block 3 'home-erin' is correct\n            in the Promo Block under header on the main page","status":"broken","statusMessage":"selenium.common.exceptions.NoSuchElementException: Message: no such element: Unable to locate element: {\"method\":\"css selector\",\"selector\":\".home-erin .content .icon\"}\n  (Session info: chrome=132.0.6834.110); For documentation on this error, please visit: https://www.selenium.dev/documentation/webdriver/troubleshooting/errors#no-such-element-exception\nStacktrace:\n#0 0x558d1866edca <unknown>\n#1 0x558d181653f0 <unknown>\n#2 0x558d181b510c <unknown>\n#3 0x558d181b5331 <unknown>\n#4 0x558d181fb154 <unknown>\n#5 0x558d181d9abd <unknown>\n#6 0x558d181f84b3 <unknown>\n#7 0x558d181d9833 <unknown>\n#8 0x558d181a65a0 <unknown>\n#9 0x558d181a7ece <unknown>\n#10 0x558d18638bdb <unknown>\n#11 0x558d1863cb67 <unknown>\n#12 0x558d186243bc <unknown>\n#13 0x558d1863d727 <unknown>\n#14 0x558d1860874f <unknown>\n#15 0x558d1865d938 <unknown>\n#16 0x558d1865db00 <unknown>\n#17 0x558d1866dc46 <unknown>\n#18 0x7fd178a9ca94 <unknown>\n#19 0x7fd178b29c3c <unknown>","statusTrace":"self = <test_main_page.TestMainPage.TestPromoBlock object at 0x7f5f3d1845d0>\ndriver = <selenium.webdriver.chrome.webdriver.WebDriver (session=\"fcdca317abd4c6f7ee1d1b3de674ab21\")>\n\n    @allure.title(\"TC 13.01.30 - Check the display of the sign in block 3 'home-erin' in the Promo Block\")\n    def test_tc_13_01_30_check_info_block_sign_in_section2_block3(self, driver):\n        \"\"\"This test checks if the sign in info block in section 2 block 3 'home-erin' is correct\n        in the Promo Block under header on the main page\"\"\"\n        page = PromoBlock(driver, MAIN_PAGE_URL)\n        page.open()\n>       actual_text = page.check_info_block_sign_in_section2_block3()\n\ntests/test_main_page.py:414: \n_ _ _ _ _ _ _ _ _ _ _ _ _ _ _ _ _ _ _ _ _ _ _ _ _ _ _ _ _ _ _ _ _ _ _ _ _ _ _ _ \npages/main_page.py:304: in check_info_block_sign_in_section2_block3\n    info_block_sign = self.find_element(self.locators.SECTION_2_BLOCK_3_INFO_BLOCK_SIGN).text\npages/base_page.py:201: in find_element\n    return self.driver.find_element(*locator)\n/opt/hostedtoolcache/Python/3.11.11/x64/lib/python3.11/site-packages/selenium/webdriver/remote/webdriver.py:738: in find_element\n    return self.execute(Command.FIND_ELEMENT, {\"using\": by, \"value\": value})[\"value\"]\n/opt/hostedtoolcache/Python/3.11.11/x64/lib/python3.11/site-packages/selenium/webdriver/remote/webdriver.py:344: in execute\n    self.error_handler.check_response(response)\n_ _ _ _ _ _ _ _ _ _ _ _ _ _ _ _ _ _ _ _ _ _ _ _ _ _ _ _ _ _ _ _ _ _ _ _ _ _ _ _ \n\nself = <selenium.webdriver.remote.errorhandler.ErrorHandler object at 0x7f5f3ea2c0d0>\nresponse = {'status': 404, 'value': '{\"value\":{\"error\":\"no such element\",\"message\":\"no such element: Unable to locate element: {\\...\\\\n#17 0x558d1866dc46 \\\\u003Cunknown>\\\\n#18 0x7fd178a9ca94 \\\\u003Cunknown>\\\\n#19 0x7fd178b29c3c \\\\u003Cunknown>\\\\n\"}}'}\n\n    def check_response(self, response: Dict[str, Any]) -> None:\n        \"\"\"Checks that a JSON response from the WebDriver does not have an\n        error.\n    \n        :Args:\n         - response - The JSON response from the WebDriver server as a dictionary\n           object.\n    \n        :Raises: If the response contains an error message.\n        \"\"\"\n        status = response.get(\"status\", None)\n        if not status or status == ErrorCode.SUCCESS:\n            return\n        value = None\n        message = response.get(\"message\", \"\")\n        screen: str = response.get(\"screen\", \"\")\n        stacktrace = None\n        if isinstance(status, int):\n            value_json = response.get(\"value\", None)\n            if value_json and isinstance(value_json, str):\n                import json\n    \n                try:\n                    value = json.loads(value_json)\n                    if len(value) == 1:\n                        value = value[\"value\"]\n                    status = value.get(\"error\", None)\n                    if not status:\n                        status = value.get(\"status\", ErrorCode.UNKNOWN_ERROR)\n                        message = value.get(\"value\") or value.get(\"message\")\n                        if not isinstance(message, str):\n                            value = message\n                            message = message.get(\"message\")\n                    else:\n                        message = value.get(\"message\", None)\n                except ValueError:\n                    pass\n    \n        exception_class: Type[WebDriverException]\n        e = ErrorCode()\n        error_codes = [item for item in dir(e) if not item.startswith(\"__\")]\n        for error_code in error_codes:\n            error_info = getattr(ErrorCode, error_code)\n            if isinstance(error_info, list) and status in error_info:\n                exception_class = getattr(ExceptionMapping, error_code, WebDriverException)\n                break\n        else:\n            exception_class = WebDriverException\n    \n        if not value:\n            value = response[\"value\"]\n        if isinstance(value, str):\n            raise exception_class(value)\n        if message == \"\" and \"message\" in value:\n            message = value[\"message\"]\n    \n        screen = None  # type: ignore[assignment]\n        if \"screen\" in value:\n            screen = value[\"screen\"]\n    \n        stacktrace = None\n        st_value = value.get(\"stackTrace\") or value.get(\"stacktrace\")\n        if st_value:\n            if isinstance(st_value, str):\n                stacktrace = st_value.split(\"\\n\")\n            else:\n                stacktrace = []\n                try:\n                    for frame in st_value:\n                        line = frame.get(\"lineNumber\", \"\")\n                        file = frame.get(\"fileName\", \"<anonymous>\")\n                        if line:\n                            file = f\"{file}:{line}\"\n                        meth = frame.get(\"methodName\", \"<anonymous>\")\n                        if \"className\" in frame:\n                            meth = f\"{frame['className']}.{meth}\"\n                        msg = \"    at %s (%s)\"\n                        msg = msg % (meth, file)\n                        stacktrace.append(msg)\n                except TypeError:\n                    pass\n        if exception_class == UnexpectedAlertPresentException:\n            alert_text = None\n            if \"data\" in value:\n                alert_text = value[\"data\"].get(\"text\")\n            elif \"alert\" in value:\n                alert_text = value[\"alert\"].get(\"text\")\n            raise exception_class(message, screen, stacktrace, alert_text)  # type: ignore[call-arg]  # mypy is not smart enough here\n>       raise exception_class(message, screen, stacktrace)\nE       selenium.common.exceptions.NoSuchElementException: Message: no such element: Unable to locate element: {\"method\":\"css selector\",\"selector\":\".home-erin .content .icon\"}\nE         (Session info: chrome=132.0.6834.110); For documentation on this error, please visit: https://www.selenium.dev/documentation/webdriver/troubleshooting/errors#no-such-element-exception\nE       Stacktrace:\nE       #0 0x558d1866edca <unknown>\nE       #1 0x558d181653f0 <unknown>\nE       #2 0x558d181b510c <unknown>\nE       #3 0x558d181b5331 <unknown>\nE       #4 0x558d181fb154 <unknown>\nE       #5 0x558d181d9abd <unknown>\nE       #6 0x558d181f84b3 <unknown>\nE       #7 0x558d181d9833 <unknown>\nE       #8 0x558d181a65a0 <unknown>\nE       #9 0x558d181a7ece <unknown>\nE       #10 0x558d18638bdb <unknown>\nE       #11 0x558d1863cb67 <unknown>\nE       #12 0x558d186243bc <unknown>\nE       #13 0x558d1863d727 <unknown>\nE       #14 0x558d1860874f <unknown>\nE       #15 0x558d1865d938 <unknown>\nE       #16 0x558d1865db00 <unknown>\nE       #17 0x558d1866dc46 <unknown>\nE       #18 0x7fd178a9ca94 <unknown>\nE       #19 0x7fd178b29c3c <unknown>\n\n/opt/hostedtoolcache/Python/3.11.11/x64/lib/python3.11/site-packages/selenium/webdriver/remote/errorhandler.py:229: NoSuchElementException","steps":[{"name":"Open a browser","time":{"start":1738547351225,"stop":1738547352314,"duration":1089},"status":"passed","steps":[],"attachments":[],"parameters":[],"shouldDisplayMessage":false,"stepsCount":0,"attachmentsCount":0,"hasContent":false,"attachmentStep":false},{"name":"Check the sign of info block in section 2 block 3 'home-erin' in the Promo Block is correct","time":{"start":1738547352314,"stop":1738547352330,"duration":16},"status":"broken","statusMessage":"selenium.common.exceptions.NoSuchElementException: Message: no such element: Unable to locate element: {\"method\":\"css selector\",\"selector\":\".home-erin .content .icon\"}\n  (Session info: chrome=132.0.6834.110); For documentation on this error, please visit: https://www.selenium.dev/documentation/webdriver/troubleshooting/errors#no-such-element-exception\nStacktrace:\n#0 0x558d1866edca <unknown>\n#1 0x558d181653f0 <unknown>\n#2 0x558d181b510c <unknown>\n#3 0x558d181b5331 <unknown>\n#4 0x558d181fb154 <unknown>\n#5 0x558d181d9abd <unknown>\n#6 0x558d181f84b3 <unknown>\n#7 0x558d181d9833 <unknown>\n#8 0x558d181a65a0 <unknown>\n#9 0x558d181a7ece <unknown>\n#10 0x558d18638bdb <unknown>\n#11 0x558d1863cb67 <unknown>\n#12 0x558d186243bc <unknown>\n#13 0x558d1863d727 <unknown>\n#14 0x558d1860874f <unknown>\n#15 0x558d1865d938 <unknown>\n#16 0x558d1865db00 <unknown>\n#17 0x558d1866dc46 <unknown>\n#18 0x7fd178a9ca94 <unknown>\n#19 0x7fd178b29c3c <unknown>\n\n","statusTrace":"  File \"/opt/hostedtoolcache/Python/3.11.11/x64/lib/python3.11/site-packages/allure_commons/_allure.py\", line 192, in impl\n    return func(*a, **kw)\n           ^^^^^^^^^^^^^^\n  File \"/home/runner/work/luma_project/luma_project/pages/main_page.py\", line 304, in check_info_block_sign_in_section2_block3\n    info_block_sign = self.find_element(self.locators.SECTION_2_BLOCK_3_INFO_BLOCK_SIGN).text\n                      ^^^^^^^^^^^^^^^^^^^^^^^^^^^^^^^^^^^^^^^^^^^^^^^^^^^^^^^^^^^^^^^^^^\n  File \"/opt/hostedtoolcache/Python/3.11.11/x64/lib/python3.11/site-packages/allure_commons/_allure.py\", line 192, in impl\n    return func(*a, **kw)\n           ^^^^^^^^^^^^^^\n  File \"/home/runner/work/luma_project/luma_project/pages/base_page.py\", line 201, in find_element\n    return self.driver.find_element(*locator)\n           ^^^^^^^^^^^^^^^^^^^^^^^^^^^^^^^^^^\n  File \"/opt/hostedtoolcache/Python/3.11.11/x64/lib/python3.11/site-packages/selenium/webdriver/remote/webdriver.py\", line 738, in find_element\n    return self.execute(Command.FIND_ELEMENT, {\"using\": by, \"value\": value})[\"value\"]\n           ^^^^^^^^^^^^^^^^^^^^^^^^^^^^^^^^^^^^^^^^^^^^^^^^^^^^^^^^^^^^^^^^^\n  File \"/opt/hostedtoolcache/Python/3.11.11/x64/lib/python3.11/site-packages/selenium/webdriver/remote/webdriver.py\", line 344, in execute\n    self.error_handler.check_response(response)\n  File \"/opt/hostedtoolcache/Python/3.11.11/x64/lib/python3.11/site-packages/selenium/webdriver/remote/errorhandler.py\", line 229, in check_response\n    raise exception_class(message, screen, stacktrace)\n","steps":[{"name":"Find element (unpacking)","time":{"start":1738547352314,"stop":1738547352329,"duration":15},"status":"broken","statusMessage":"selenium.common.exceptions.NoSuchElementException: Message: no such element: Unable to locate element: {\"method\":\"css selector\",\"selector\":\".home-erin .content .icon\"}\n  (Session info: chrome=132.0.6834.110); For documentation on this error, please visit: https://www.selenium.dev/documentation/webdriver/troubleshooting/errors#no-such-element-exception\nStacktrace:\n#0 0x558d1866edca <unknown>\n#1 0x558d181653f0 <unknown>\n#2 0x558d181b510c <unknown>\n#3 0x558d181b5331 <unknown>\n#4 0x558d181fb154 <unknown>\n#5 0x558d181d9abd <unknown>\n#6 0x558d181f84b3 <unknown>\n#7 0x558d181d9833 <unknown>\n#8 0x558d181a65a0 <unknown>\n#9 0x558d181a7ece <unknown>\n#10 0x558d18638bdb <unknown>\n#11 0x558d1863cb67 <unknown>\n#12 0x558d186243bc <unknown>\n#13 0x558d1863d727 <unknown>\n#14 0x558d1860874f <unknown>\n#15 0x558d1865d938 <unknown>\n#16 0x558d1865db00 <unknown>\n#17 0x558d1866dc46 <unknown>\n#18 0x7fd178a9ca94 <unknown>\n#19 0x7fd178b29c3c <unknown>\n\n","statusTrace":"  File \"/opt/hostedtoolcache/Python/3.11.11/x64/lib/python3.11/site-packages/allure_commons/_allure.py\", line 192, in impl\n    return func(*a, **kw)\n           ^^^^^^^^^^^^^^\n  File \"/home/runner/work/luma_project/luma_project/pages/base_page.py\", line 201, in find_element\n    return self.driver.find_element(*locator)\n           ^^^^^^^^^^^^^^^^^^^^^^^^^^^^^^^^^^\n  File \"/opt/hostedtoolcache/Python/3.11.11/x64/lib/python3.11/site-packages/selenium/webdriver/remote/webdriver.py\", line 738, in find_element\n    return self.execute(Command.FIND_ELEMENT, {\"using\": by, \"value\": value})[\"value\"]\n           ^^^^^^^^^^^^^^^^^^^^^^^^^^^^^^^^^^^^^^^^^^^^^^^^^^^^^^^^^^^^^^^^^\n  File \"/opt/hostedtoolcache/Python/3.11.11/x64/lib/python3.11/site-packages/selenium/webdriver/remote/webdriver.py\", line 344, in execute\n    self.error_handler.check_response(response)\n  File \"/opt/hostedtoolcache/Python/3.11.11/x64/lib/python3.11/site-packages/selenium/webdriver/remote/errorhandler.py\", line 229, in check_response\n    raise exception_class(message, screen, stacktrace)\n","steps":[],"attachments":[],"parameters":[{"name":"locator","value":"('css selector', '.home-erin .content .icon')"}],"shouldDisplayMessage":true,"stepsCount":0,"attachmentsCount":0,"hasContent":true,"attachmentStep":false}],"attachments":[],"parameters":[],"shouldDisplayMessage":false,"stepsCount":1,"attachmentsCount":0,"hasContent":true,"attachmentStep":false}],"attachments":[{"uid":"5b1f632e12be2a2d","name":"Screenshot","source":"5b1f632e12be2a2d.png","type":"image/png","size":548028},{"uid":"590679b4e8bb97d1","name":"HTML source","source":"590679b4e8bb97d1.html","type":"text/html","size":136697}],"parameters":[],"shouldDisplayMessage":true,"stepsCount":3,"attachmentsCount":2,"hasContent":true,"attachmentStep":false},"afterStages":[{"name":"driver::0","time":{"start":1738547352629,"stop":1738547352699,"duration":70},"status":"passed","steps":[],"attachments":[],"parameters":[],"shouldDisplayMessage":false,"stepsCount":0,"attachmentsCount":0,"hasContent":false,"attachmentStep":false},{"name":"clear_allure_result_folder::0","time":{"start":1738548138554,"stop":1738548138554,"duration":0},"status":"passed","steps":[],"attachments":[],"parameters":[],"shouldDisplayMessage":false,"stepsCount":0,"attachmentsCount":0,"hasContent":false,"attachmentStep":false}],"labels":[{"name":"epic","value":"Main Page"},{"name":"feature","value":"Promo Block Testing"},{"name":"parentSuite","value":"tests"},{"name":"suite","value":"test_main_page"},{"name":"subSuite","value":"TestMainPage"},{"name":"host","value":"fv-az1721-166"},{"name":"thread","value":"2775-MainThread"},{"name":"framework","value":"pytest"},{"name":"language","value":"cpython3"},{"name":"package","value":"tests.test_main_page"},{"name":"resultFormat","value":"allure2"}],"parameters":[],"links":[],"hidden":false,"retry":false,"extra":{"severity":"normal","retries":[],"categories":[{"name":"Test defects","matchedStatuses":[],"flaky":false}],"history":{"statistic":{"failed":0,"broken":2,"skipped":0,"passed":0,"unknown":0,"total":2},"items":[{"uid":"a319e0f2b75094cd","reportUrl":"https://verafes.github.io/luma_project/574//#testresult/a319e0f2b75094cd","status":"broken","statusDetails":"selenium.common.exceptions.NoSuchElementException: Message: no such element: Unable to locate element: {\"method\":\"css selector\",\"selector\":\".home-erin .content .icon\"}\n  (Session info: chrome=132.0.6834.110); For documentation on this error, please visit: https://www.selenium.dev/documentation/webdriver/troubleshooting/errors#no-such-element-exception\nStacktrace:\n#0 0x55b5a4e0cdca <unknown>\n#1 0x55b5a49033f0 <unknown>\n#2 0x55b5a495310c <unknown>\n#3 0x55b5a4953331 <unknown>\n#4 0x55b5a4999154 <unknown>\n#5 0x55b5a4977abd <unknown>\n#6 0x55b5a49964b3 <unknown>\n#7 0x55b5a4977833 <unknown>\n#8 0x55b5a49445a0 <unknown>\n#9 0x55b5a4945ece <unknown>\n#10 0x55b5a4dd6bdb <unknown>\n#11 0x55b5a4ddab67 <unknown>\n#12 0x55b5a4dc23bc <unknown>\n#13 0x55b5a4ddb727 <unknown>\n#14 0x55b5a4da674f <unknown>\n#15 0x55b5a4dfb938 <unknown>\n#16 0x55b5a4dfbb00 <unknown>\n#17 0x55b5a4e0bc46 <unknown>\n#18 0x7f74d9e9ca94 <unknown>\n#19 0x7f74d9f29c3c <unknown>","time":{"start":1738461075559,"stop":1738461076742,"duration":1183}}]},"tags":[]},"source":"faa360d9f5f36ce.json","parameterValues":[]}