{"uid":"96c28835b9fd480b","name":"TC 13.01.46 - Check block 3 'home-erin' in section 2 of the Promo Block is present in the DOM tree","fullName":"tests.test_main_page.TestPromoBlock#test_tc_13_01_46_check_block3_in_section2_is_present","historyId":"cd88cf9a8dd03f203bd9b7e5a8db7130","time":{"start":1738893133546,"stop":1738893140036,"duration":6490},"description":"This test checks if block 3 'home-erin' in section 2 in the Promo Block is present\n            in the DOM tree on the main page","descriptionHtml":"<p>This test checks if block 3 'home-erin' in section 2 in the Promo Block is present<br />\nin the DOM tree on the main page</p>\n","status":"broken","statusMessage":"selenium.common.exceptions.TimeoutException: Message: \nStacktrace:\n#0 0x563bb6aaf53a <unknown>\n#1 0x563bb65aaf00 <unknown>\n#2 0x563bb65fac0c <unknown>\n#3 0x563bb65fae31 <unknown>\n#4 0x563bb6640bd4 <unknown>\n#5 0x563bb661f5cd <unknown>\n#6 0x563bb663df84 <unknown>\n#7 0x563bb661f343 <unknown>\n#8 0x563bb65ec78a <unknown>\n#9 0x563bb65ed9de <unknown>\n#10 0x563bb6a792cb <unknown>\n#11 0x563bb6a7d242 <unknown>\n#12 0x563bb6a667ac <unknown>\n#13 0x563bb6a7ddf7 <unknown>\n#14 0x563bb6a4ab2f <unknown>\n#15 0x563bb6a9e1a8 <unknown>\n#16 0x563bb6a9e370 <unknown>\n#17 0x563bb6aae3b6 <unknown>\n#18 0x7fee7fe9ca94 <unknown>\n#19 0x7fee7ff29c3c <unknown>","statusTrace":"self = <test_main_page.TestMainPage.TestPromoBlock object at 0x7f46d9cebb50>\ndriver = <selenium.webdriver.chrome.webdriver.WebDriver (session=\"33050d3713a7f67385a6f1c0f9443c18\")>\n\n    @allure.title(\"TC 13.01.46 - Check block 3 'home-erin' in section 2 of the Promo Block is present \"\n                  \"in the DOM tree\")\n    def test_tc_13_01_46_check_block3_in_section2_is_present(self, driver):\n        \"\"\"This test checks if block 3 'home-erin' in section 2 in the Promo Block is present\n        in the DOM tree on the main page\"\"\"\n        page = PromoBlock(driver, MAIN_PAGE_URL)\n        page.open()\n>       block3_section2 = page.check_block3_section2_is_present()\n\ntests/test_main_page.py:605: \n_ _ _ _ _ _ _ _ _ _ _ _ _ _ _ _ _ _ _ _ _ _ _ _ _ _ _ _ _ _ _ _ _ _ _ _ _ _ _ _ \npages/main_page.py:216: in check_block3_section2_is_present\n    return self.element_is_present(self.locators.SECTION_2_BLOCK_3)\npages/base_page.py:50: in element_is_present\n    return wait(self.driver, timeout).until(EC.presence_of_element_located(locator))\n_ _ _ _ _ _ _ _ _ _ _ _ _ _ _ _ _ _ _ _ _ _ _ _ _ _ _ _ _ _ _ _ _ _ _ _ _ _ _ _ \n\nself = <selenium.webdriver.support.wait.WebDriverWait (session=\"33050d3713a7f67385a6f1c0f9443c18\")>\nmethod = <function presence_of_element_located.<locals>._predicate at 0x7f46d98334c0>\nmessage = ''\n\n    def until(self, method, message: str = \"\"):\n        \"\"\"Calls the method provided with the driver as an argument until the \\\n        return value does not evaluate to ``False``.\n    \n        :param method: callable(WebDriver)\n        :param message: optional message for :exc:`TimeoutException`\n        :returns: the result of the last call to `method`\n        :raises: :exc:`selenium.common.exceptions.TimeoutException` if timeout occurs\n        \"\"\"\n        screen = None\n        stacktrace = None\n    \n        end_time = time.monotonic() + self._timeout\n        while True:\n            try:\n                value = method(self._driver)\n                if value:\n                    return value\n            except self._ignored_exceptions as exc:\n                screen = getattr(exc, \"screen\", None)\n                stacktrace = getattr(exc, \"stacktrace\", None)\n            time.sleep(self._poll)\n            if time.monotonic() > end_time:\n                break\n>       raise TimeoutException(message, screen, stacktrace)\nE       selenium.common.exceptions.TimeoutException: Message: \nE       Stacktrace:\nE       #0 0x563bb6aaf53a <unknown>\nE       #1 0x563bb65aaf00 <unknown>\nE       #2 0x563bb65fac0c <unknown>\nE       #3 0x563bb65fae31 <unknown>\nE       #4 0x563bb6640bd4 <unknown>\nE       #5 0x563bb661f5cd <unknown>\nE       #6 0x563bb663df84 <unknown>\nE       #7 0x563bb661f343 <unknown>\nE       #8 0x563bb65ec78a <unknown>\nE       #9 0x563bb65ed9de <unknown>\nE       #10 0x563bb6a792cb <unknown>\nE       #11 0x563bb6a7d242 <unknown>\nE       #12 0x563bb6a667ac <unknown>\nE       #13 0x563bb6a7ddf7 <unknown>\nE       #14 0x563bb6a4ab2f <unknown>\nE       #15 0x563bb6a9e1a8 <unknown>\nE       #16 0x563bb6a9e370 <unknown>\nE       #17 0x563bb6aae3b6 <unknown>\nE       #18 0x7fee7fe9ca94 <unknown>\nE       #19 0x7fee7ff29c3c <unknown>\n\n/opt/hostedtoolcache/Python/3.11.11/x64/lib/python3.11/site-packages/selenium/webdriver/support/wait.py:95: TimeoutException","flaky":false,"newFailed":false,"newBroken":false,"newPassed":false,"retriesCount":0,"retriesStatusChange":false,"beforeStages":[{"name":"_session_faker","time":{"start":1738892263635,"stop":1738892263696,"duration":61},"status":"passed","steps":[],"attachments":[],"parameters":[],"shouldDisplayMessage":false,"stepsCount":0,"attachmentsCount":0,"hasContent":false,"attachmentStep":false},{"name":"clear_allure_result_folder","time":{"start":1738892263696,"stop":1738892263696,"duration":0},"status":"passed","steps":[],"attachments":[],"parameters":[],"shouldDisplayMessage":false,"stepsCount":0,"attachmentsCount":0,"hasContent":false,"attachmentStep":false},{"name":"driver","time":{"start":1738893132304,"stop":1738893133546,"duration":1242},"status":"passed","steps":[],"attachments":[],"parameters":[],"shouldDisplayMessage":false,"stepsCount":0,"attachmentsCount":0,"hasContent":false,"attachmentStep":false}],"testStage":{"description":"This test checks if block 3 'home-erin' in section 2 in the Promo Block is present\n            in the DOM tree on the main page","status":"broken","statusMessage":"selenium.common.exceptions.TimeoutException: Message: \nStacktrace:\n#0 0x563bb6aaf53a <unknown>\n#1 0x563bb65aaf00 <unknown>\n#2 0x563bb65fac0c <unknown>\n#3 0x563bb65fae31 <unknown>\n#4 0x563bb6640bd4 <unknown>\n#5 0x563bb661f5cd <unknown>\n#6 0x563bb663df84 <unknown>\n#7 0x563bb661f343 <unknown>\n#8 0x563bb65ec78a <unknown>\n#9 0x563bb65ed9de <unknown>\n#10 0x563bb6a792cb <unknown>\n#11 0x563bb6a7d242 <unknown>\n#12 0x563bb6a667ac <unknown>\n#13 0x563bb6a7ddf7 <unknown>\n#14 0x563bb6a4ab2f <unknown>\n#15 0x563bb6a9e1a8 <unknown>\n#16 0x563bb6a9e370 <unknown>\n#17 0x563bb6aae3b6 <unknown>\n#18 0x7fee7fe9ca94 <unknown>\n#19 0x7fee7ff29c3c <unknown>","statusTrace":"self = <test_main_page.TestMainPage.TestPromoBlock object at 0x7f46d9cebb50>\ndriver = <selenium.webdriver.chrome.webdriver.WebDriver (session=\"33050d3713a7f67385a6f1c0f9443c18\")>\n\n    @allure.title(\"TC 13.01.46 - Check block 3 'home-erin' in section 2 of the Promo Block is present \"\n                  \"in the DOM tree\")\n    def test_tc_13_01_46_check_block3_in_section2_is_present(self, driver):\n        \"\"\"This test checks if block 3 'home-erin' in section 2 in the Promo Block is present\n        in the DOM tree on the main page\"\"\"\n        page = PromoBlock(driver, MAIN_PAGE_URL)\n        page.open()\n>       block3_section2 = page.check_block3_section2_is_present()\n\ntests/test_main_page.py:605: \n_ _ _ _ _ _ _ _ _ _ _ _ _ _ _ _ _ _ _ _ _ _ _ _ _ _ _ _ _ _ _ _ _ _ _ _ _ _ _ _ \npages/main_page.py:216: in check_block3_section2_is_present\n    return self.element_is_present(self.locators.SECTION_2_BLOCK_3)\npages/base_page.py:50: in element_is_present\n    return wait(self.driver, timeout).until(EC.presence_of_element_located(locator))\n_ _ _ _ _ _ _ _ _ _ _ _ _ _ _ _ _ _ _ _ _ _ _ _ _ _ _ _ _ _ _ _ _ _ _ _ _ _ _ _ \n\nself = <selenium.webdriver.support.wait.WebDriverWait (session=\"33050d3713a7f67385a6f1c0f9443c18\")>\nmethod = <function presence_of_element_located.<locals>._predicate at 0x7f46d98334c0>\nmessage = ''\n\n    def until(self, method, message: str = \"\"):\n        \"\"\"Calls the method provided with the driver as an argument until the \\\n        return value does not evaluate to ``False``.\n    \n        :param method: callable(WebDriver)\n        :param message: optional message for :exc:`TimeoutException`\n        :returns: the result of the last call to `method`\n        :raises: :exc:`selenium.common.exceptions.TimeoutException` if timeout occurs\n        \"\"\"\n        screen = None\n        stacktrace = None\n    \n        end_time = time.monotonic() + self._timeout\n        while True:\n            try:\n                value = method(self._driver)\n                if value:\n                    return value\n            except self._ignored_exceptions as exc:\n                screen = getattr(exc, \"screen\", None)\n                stacktrace = getattr(exc, \"stacktrace\", None)\n            time.sleep(self._poll)\n            if time.monotonic() > end_time:\n                break\n>       raise TimeoutException(message, screen, stacktrace)\nE       selenium.common.exceptions.TimeoutException: Message: \nE       Stacktrace:\nE       #0 0x563bb6aaf53a <unknown>\nE       #1 0x563bb65aaf00 <unknown>\nE       #2 0x563bb65fac0c <unknown>\nE       #3 0x563bb65fae31 <unknown>\nE       #4 0x563bb6640bd4 <unknown>\nE       #5 0x563bb661f5cd <unknown>\nE       #6 0x563bb663df84 <unknown>\nE       #7 0x563bb661f343 <unknown>\nE       #8 0x563bb65ec78a <unknown>\nE       #9 0x563bb65ed9de <unknown>\nE       #10 0x563bb6a792cb <unknown>\nE       #11 0x563bb6a7d242 <unknown>\nE       #12 0x563bb6a667ac <unknown>\nE       #13 0x563bb6a7ddf7 <unknown>\nE       #14 0x563bb6a4ab2f <unknown>\nE       #15 0x563bb6a9e1a8 <unknown>\nE       #16 0x563bb6a9e370 <unknown>\nE       #17 0x563bb6aae3b6 <unknown>\nE       #18 0x7fee7fe9ca94 <unknown>\nE       #19 0x7fee7ff29c3c <unknown>\n\n/opt/hostedtoolcache/Python/3.11.11/x64/lib/python3.11/site-packages/selenium/webdriver/support/wait.py:95: TimeoutException","steps":[{"name":"Open a browser","time":{"start":1738893133546,"stop":1738893134876,"duration":1330},"status":"passed","steps":[],"attachments":[],"parameters":[],"shouldDisplayMessage":false,"stepsCount":0,"attachmentsCount":0,"hasContent":false,"attachmentStep":false},{"name":"Check block 3 'home-erin' in section 2 of the Promo Block is present in the DOM tree","time":{"start":1738893134876,"stop":1738893140036,"duration":5160},"status":"broken","statusMessage":"selenium.common.exceptions.TimeoutException: Message: \nStacktrace:\n#0 0x563bb6aaf53a <unknown>\n#1 0x563bb65aaf00 <unknown>\n#2 0x563bb65fac0c <unknown>\n#3 0x563bb65fae31 <unknown>\n#4 0x563bb6640bd4 <unknown>\n#5 0x563bb661f5cd <unknown>\n#6 0x563bb663df84 <unknown>\n#7 0x563bb661f343 <unknown>\n#8 0x563bb65ec78a <unknown>\n#9 0x563bb65ed9de <unknown>\n#10 0x563bb6a792cb <unknown>\n#11 0x563bb6a7d242 <unknown>\n#12 0x563bb6a667ac <unknown>\n#13 0x563bb6a7ddf7 <unknown>\n#14 0x563bb6a4ab2f <unknown>\n#15 0x563bb6a9e1a8 <unknown>\n#16 0x563bb6a9e370 <unknown>\n#17 0x563bb6aae3b6 <unknown>\n#18 0x7fee7fe9ca94 <unknown>\n#19 0x7fee7ff29c3c <unknown>\n\n","statusTrace":"  File \"/opt/hostedtoolcache/Python/3.11.11/x64/lib/python3.11/site-packages/allure_commons/_allure.py\", line 192, in impl\n    return func(*a, **kw)\n           ^^^^^^^^^^^^^^\n  File \"/home/runner/work/luma_project/luma_project/pages/main_page.py\", line 216, in check_block3_section2_is_present\n    return self.element_is_present(self.locators.SECTION_2_BLOCK_3)\n           ^^^^^^^^^^^^^^^^^^^^^^^^^^^^^^^^^^^^^^^^^^^^^^^^^^^^^^^^\n  File \"/opt/hostedtoolcache/Python/3.11.11/x64/lib/python3.11/site-packages/allure_commons/_allure.py\", line 192, in impl\n    return func(*a, **kw)\n           ^^^^^^^^^^^^^^\n  File \"/home/runner/work/luma_project/luma_project/pages/base_page.py\", line 50, in element_is_present\n    return wait(self.driver, timeout).until(EC.presence_of_element_located(locator))\n           ^^^^^^^^^^^^^^^^^^^^^^^^^^^^^^^^^^^^^^^^^^^^^^^^^^^^^^^^^^^^^^^^^^^^^^^^^\n  File \"/opt/hostedtoolcache/Python/3.11.11/x64/lib/python3.11/site-packages/selenium/webdriver/support/wait.py\", line 95, in until\n    raise TimeoutException(message, screen, stacktrace)\n","steps":[{"name":"Find a present element","time":{"start":1738893134876,"stop":1738893140035,"duration":5159},"status":"broken","statusMessage":"selenium.common.exceptions.TimeoutException: Message: \nStacktrace:\n#0 0x563bb6aaf53a <unknown>\n#1 0x563bb65aaf00 <unknown>\n#2 0x563bb65fac0c <unknown>\n#3 0x563bb65fae31 <unknown>\n#4 0x563bb6640bd4 <unknown>\n#5 0x563bb661f5cd <unknown>\n#6 0x563bb663df84 <unknown>\n#7 0x563bb661f343 <unknown>\n#8 0x563bb65ec78a <unknown>\n#9 0x563bb65ed9de <unknown>\n#10 0x563bb6a792cb <unknown>\n#11 0x563bb6a7d242 <unknown>\n#12 0x563bb6a667ac <unknown>\n#13 0x563bb6a7ddf7 <unknown>\n#14 0x563bb6a4ab2f <unknown>\n#15 0x563bb6a9e1a8 <unknown>\n#16 0x563bb6a9e370 <unknown>\n#17 0x563bb6aae3b6 <unknown>\n#18 0x7fee7fe9ca94 <unknown>\n#19 0x7fee7ff29c3c <unknown>\n\n","statusTrace":"  File \"/opt/hostedtoolcache/Python/3.11.11/x64/lib/python3.11/site-packages/allure_commons/_allure.py\", line 192, in impl\n    return func(*a, **kw)\n           ^^^^^^^^^^^^^^\n  File \"/home/runner/work/luma_project/luma_project/pages/base_page.py\", line 50, in element_is_present\n    return wait(self.driver, timeout).until(EC.presence_of_element_located(locator))\n           ^^^^^^^^^^^^^^^^^^^^^^^^^^^^^^^^^^^^^^^^^^^^^^^^^^^^^^^^^^^^^^^^^^^^^^^^^\n  File \"/opt/hostedtoolcache/Python/3.11.11/x64/lib/python3.11/site-packages/selenium/webdriver/support/wait.py\", line 95, in until\n    raise TimeoutException(message, screen, stacktrace)\n","steps":[],"attachments":[],"parameters":[{"name":"locator","value":"('css selector', '.home-erin')"},{"name":"timeout","value":"5"}],"shouldDisplayMessage":true,"stepsCount":0,"attachmentsCount":0,"hasContent":true,"attachmentStep":false}],"attachments":[],"parameters":[],"shouldDisplayMessage":false,"stepsCount":1,"attachmentsCount":0,"hasContent":true,"attachmentStep":false}],"attachments":[{"uid":"c68ab83302fd8c9","name":"Screenshot","source":"c68ab83302fd8c9.png","type":"image/png","size":548028},{"uid":"63035697eb0e237b","name":"HTML source","source":"63035697eb0e237b.html","type":"text/html","size":145527}],"parameters":[],"shouldDisplayMessage":true,"stepsCount":3,"attachmentsCount":2,"hasContent":true,"attachmentStep":false},"afterStages":[{"name":"driver::0","time":{"start":1738893140263,"stop":1738893140380,"duration":117},"status":"passed","steps":[],"attachments":[],"parameters":[],"shouldDisplayMessage":false,"stepsCount":0,"attachmentsCount":0,"hasContent":false,"attachmentStep":false},{"name":"clear_allure_result_folder::0","time":{"start":1738893892989,"stop":1738893892989,"duration":0},"status":"passed","steps":[],"attachments":[],"parameters":[],"shouldDisplayMessage":false,"stepsCount":0,"attachmentsCount":0,"hasContent":false,"attachmentStep":false}],"labels":[{"name":"epic","value":"Main Page"},{"name":"feature","value":"Promo Block Testing"},{"name":"parentSuite","value":"tests"},{"name":"suite","value":"test_main_page"},{"name":"subSuite","value":"TestMainPage"},{"name":"host","value":"fv-az1676-108"},{"name":"thread","value":"2775-MainThread"},{"name":"framework","value":"pytest"},{"name":"language","value":"cpython3"},{"name":"package","value":"tests.test_main_page"},{"name":"resultFormat","value":"allure2"}],"parameters":[],"links":[],"hidden":false,"retry":false,"extra":{"severity":"normal","retries":[],"categories":[{"name":"Test defects","matchedStatuses":[],"flaky":false}],"history":{"statistic":{"failed":0,"broken":6,"skipped":0,"passed":0,"unknown":0,"total":6},"items":[{"uid":"f045c6b051e925fd","reportUrl":"https://verafes.github.io/luma_project/578//#testresult/f045c6b051e925fd","status":"broken","statusDetails":"selenium.common.exceptions.TimeoutException: Message: \nStacktrace:\n#0 0x559245ce153a <unknown>\n#1 0x5592457dcf00 <unknown>\n#2 0x55924582cc0c <unknown>\n#3 0x55924582ce31 <unknown>\n#4 0x559245872bd4 <unknown>\n#5 0x5592458515cd <unknown>\n#6 0x55924586ff84 <unknown>\n#7 0x559245851343 <unknown>\n#8 0x55924581e78a <unknown>\n#9 0x55924581f9de <unknown>\n#10 0x559245cab2cb <unknown>\n#11 0x559245caf242 <unknown>\n#12 0x559245c987ac <unknown>\n#13 0x559245cafdf7 <unknown>\n#14 0x559245c7cb2f <unknown>\n#15 0x559245cd01a8 <unknown>\n#16 0x559245cd0370 <unknown>\n#17 0x559245ce03b6 <unknown>\n#18 0x7f741d69ca94 <unknown>\n#19 0x7f741d729c3c <unknown>","time":{"start":1738806645752,"stop":1738806652291,"duration":6539}},{"uid":"4f5a244899088be2","reportUrl":"https://verafes.github.io/luma_project/577//#testresult/4f5a244899088be2","status":"broken","statusDetails":"selenium.common.exceptions.TimeoutException: Message: \nStacktrace:\n#0 0x562d9d5f1dca <unknown>\n#1 0x562d9d0e83f0 <unknown>\n#2 0x562d9d13810c <unknown>\n#3 0x562d9d138331 <unknown>\n#4 0x562d9d17e154 <unknown>\n#5 0x562d9d15cabd <unknown>\n#6 0x562d9d17b4b3 <unknown>\n#7 0x562d9d15c833 <unknown>\n#8 0x562d9d1295a0 <unknown>\n#9 0x562d9d12aece <unknown>\n#10 0x562d9d5bbbdb <unknown>\n#11 0x562d9d5bfb67 <unknown>\n#12 0x562d9d5a73bc <unknown>\n#13 0x562d9d5c0727 <unknown>\n#14 0x562d9d58b74f <unknown>\n#15 0x562d9d5e0938 <unknown>\n#16 0x562d9d5e0b00 <unknown>\n#17 0x562d9d5f0c46 <unknown>\n#18 0x7f2189c9ca94 <unknown>\n#19 0x7f2189d29c3c <unknown>","time":{"start":1738720311912,"stop":1738720318791,"duration":6879}},{"uid":"a53a04ce29cf44b6","reportUrl":"https://verafes.github.io/luma_project/576//#testresult/a53a04ce29cf44b6","status":"broken","statusDetails":"selenium.common.exceptions.TimeoutException: Message: \nStacktrace:\n#0 0x5606ac0a4dca <unknown>\n#1 0x5606abb9b3f0 <unknown>\n#2 0x5606abbeb10c <unknown>\n#3 0x5606abbeb331 <unknown>\n#4 0x5606abc31154 <unknown>\n#5 0x5606abc0fabd <unknown>\n#6 0x5606abc2e4b3 <unknown>\n#7 0x5606abc0f833 <unknown>\n#8 0x5606abbdc5a0 <unknown>\n#9 0x5606abbddece <unknown>\n#10 0x5606ac06ebdb <unknown>\n#11 0x5606ac072b67 <unknown>\n#12 0x5606ac05a3bc <unknown>\n#13 0x5606ac073727 <unknown>\n#14 0x5606ac03e74f <unknown>\n#15 0x5606ac093938 <unknown>\n#16 0x5606ac093b00 <unknown>\n#17 0x5606ac0a3c46 <unknown>\n#18 0x7f7d5349ca94 <unknown>\n#19 0x7f7d53529c3c <unknown>","time":{"start":1738633750365,"stop":1738633756781,"duration":6416}},{"uid":"d2b01d46c0d99535","reportUrl":"https://verafes.github.io/luma_project/575//#testresult/d2b01d46c0d99535","status":"broken","statusDetails":"selenium.common.exceptions.TimeoutException: Message: \nStacktrace:\n#0 0x556e8b55edca <unknown>\n#1 0x556e8b0553f0 <unknown>\n#2 0x556e8b0a510c <unknown>\n#3 0x556e8b0a5331 <unknown>\n#4 0x556e8b0eb154 <unknown>\n#5 0x556e8b0c9abd <unknown>\n#6 0x556e8b0e84b3 <unknown>\n#7 0x556e8b0c9833 <unknown>\n#8 0x556e8b0965a0 <unknown>\n#9 0x556e8b097ece <unknown>\n#10 0x556e8b528bdb <unknown>\n#11 0x556e8b52cb67 <unknown>\n#12 0x556e8b5143bc <unknown>\n#13 0x556e8b52d727 <unknown>\n#14 0x556e8b4f874f <unknown>\n#15 0x556e8b54d938 <unknown>\n#16 0x556e8b54db00 <unknown>\n#17 0x556e8b55dc46 <unknown>\n#18 0x7f6ca789ca94 <unknown>\n#19 0x7f6ca7929c3c <unknown>","time":{"start":1738547437243,"stop":1738547443983,"duration":6740}},{"uid":"82cdaa23850d261e","reportUrl":"https://verafes.github.io/luma_project/574//#testresult/82cdaa23850d261e","status":"broken","statusDetails":"selenium.common.exceptions.TimeoutException: Message: \nStacktrace:\n#0 0x5643e8d83dca <unknown>\n#1 0x5643e887a3f0 <unknown>\n#2 0x5643e88ca10c <unknown>\n#3 0x5643e88ca331 <unknown>\n#4 0x5643e8910154 <unknown>\n#5 0x5643e88eeabd <unknown>\n#6 0x5643e890d4b3 <unknown>\n#7 0x5643e88ee833 <unknown>\n#8 0x5643e88bb5a0 <unknown>\n#9 0x5643e88bcece <unknown>\n#10 0x5643e8d4dbdb <unknown>\n#11 0x5643e8d51b67 <unknown>\n#12 0x5643e8d393bc <unknown>\n#13 0x5643e8d52727 <unknown>\n#14 0x5643e8d1d74f <unknown>\n#15 0x5643e8d72938 <unknown>\n#16 0x5643e8d72b00 <unknown>\n#17 0x5643e8d82c46 <unknown>\n#18 0x7fb9be69ca94 <unknown>\n#19 0x7fb9be729c3c <unknown>","time":{"start":1738461160394,"stop":1738461166793,"duration":6399}}]},"tags":[]},"source":"96c28835b9fd480b.json","parameterValues":[]}