{"uid":"a7734a64185ec825","name":"Check the display of the add to wish and add to compare buttons","fullName":"tests.test_main_page.TestHotSellerSection#test_tc_06_01_15_check_the_display_of_the_card_buttons","historyId":"d70dfd5ecc36ca529952457121aeed29","time":{"start":1700875231289,"stop":1700875242704,"duration":11415},"description":"\n            This test will check that the add to wishlist and add to compare buttons are visible on the screen\n            ","descriptionHtml":"<pre><code>        This test will check that the add to wishlist and add to compare buttons are visible on the screen\n</code></pre>\n","status":"skipped","statusMessage":"XFAIL In CI the test failed in PR#182\n\nselenium.common.exceptions.TimeoutException: Message:","statusTrace":"self = <test_main_page.TestMainPage.TestHotSellerSection object at 0x7ff1e8c286d0>\ndriver = <selenium.webdriver.chrome.webdriver.WebDriver (session=\"b50d4cc7dee1152ffa1cd7f3d7d49b8f\")>\nitem = 'add_to_compare'\n\n    @pytest.mark.xfail(reason=\"In CI the test failed in PR#182\")\n    @allure.title(\"Check the display of the add to wish and add to compare buttons\")\n    @pytest.mark.parametrize(\"item\", product_card_button)\n    def test_tc_06_01_15_check_the_display_of_the_card_buttons(self, driver, item):\n        \"\"\"\n        This test will check that the add to wishlist and add to compare buttons are visible on the screen\n        \"\"\"\n        page = MainPage(driver, MAIN_PAGE_URL)\n        page.open()\n>       check_display = page.check_element_display(item)\n\ntests/test_main_page.py:96: \n_ _ _ _ _ _ _ _ _ _ _ _ _ _ _ _ _ _ _ _ _ _ _ _ _ _ _ _ _ _ _ _ _ _ _ _ _ _ _ _ \npages/main_page.py:124: in check_element_display\n    element = self.element_is_visible(self.locators.PRODUCT_CARD_BUTTONS[item])\npages/base_page.py:30: in element_is_visible\n    return wait(self.driver, timeout).until(EC.visibility_of_element_located(locator))\n_ _ _ _ _ _ _ _ _ _ _ _ _ _ _ _ _ _ _ _ _ _ _ _ _ _ _ _ _ _ _ _ _ _ _ _ _ _ _ _ \n\nself = <selenium.webdriver.support.wait.WebDriverWait (session=\"b50d4cc7dee1152ffa1cd7f3d7d49b8f\")>\nmethod = <function visibility_of_element_located.<locals>._predicate at 0x7ff1e8b51c60>\nmessage = ''\n\n    def until(self, method, message: str = \"\"):\n        \"\"\"Calls the method provided with the driver as an argument until the \\\n        return value does not evaluate to ``False``.\n    \n        :param method: callable(WebDriver)\n        :param message: optional message for :exc:`TimeoutException`\n        :returns: the result of the last call to `method`\n        :raises: :exc:`selenium.common.exceptions.TimeoutException` if timeout occurs\n        \"\"\"\n        screen = None\n        stacktrace = None\n    \n        end_time = time.monotonic() + self._timeout\n        while True:\n            try:\n                value = method(self._driver)\n                if value:\n                    return value\n            except self._ignored_exceptions as exc:\n                screen = getattr(exc, \"screen\", None)\n                stacktrace = getattr(exc, \"stacktrace\", None)\n            time.sleep(self._poll)\n            if time.monotonic() > end_time:\n                break\n>       raise TimeoutException(message, screen, stacktrace)\nE       selenium.common.exceptions.TimeoutException: Message:\n\n/opt/hostedtoolcache/Python/3.11.6/x64/lib/python3.11/site-packages/selenium/webdriver/support/wait.py:95: TimeoutException","flaky":false,"newFailed":false,"newBroken":false,"newPassed":false,"retriesCount":0,"retriesStatusChange":false,"beforeStages":[{"name":"_session_faker","time":{"start":1700874585813,"stop":1700874585876,"duration":63},"status":"passed","steps":[],"attachments":[],"parameters":[],"shouldDisplayMessage":false,"stepsCount":0,"attachmentsCount":0,"hasContent":false},{"name":"clear_allure_result_folder","time":{"start":1700874585876,"stop":1700874585876,"duration":0},"status":"passed","steps":[],"attachments":[],"parameters":[],"shouldDisplayMessage":false,"stepsCount":0,"attachmentsCount":0,"hasContent":false},{"name":"driver","time":{"start":1700875230331,"stop":1700875231288,"duration":957},"status":"passed","steps":[],"attachments":[],"parameters":[],"shouldDisplayMessage":false,"stepsCount":0,"attachmentsCount":0,"hasContent":false}],"testStage":{"description":"\n            This test will check that the add to wishlist and add to compare buttons are visible on the screen\n            ","status":"skipped","statusMessage":"XFAIL In CI the test failed in PR#182\n\nselenium.common.exceptions.TimeoutException: Message:","statusTrace":"self = <test_main_page.TestMainPage.TestHotSellerSection object at 0x7ff1e8c286d0>\ndriver = <selenium.webdriver.chrome.webdriver.WebDriver (session=\"b50d4cc7dee1152ffa1cd7f3d7d49b8f\")>\nitem = 'add_to_compare'\n\n    @pytest.mark.xfail(reason=\"In CI the test failed in PR#182\")\n    @allure.title(\"Check the display of the add to wish and add to compare buttons\")\n    @pytest.mark.parametrize(\"item\", product_card_button)\n    def test_tc_06_01_15_check_the_display_of_the_card_buttons(self, driver, item):\n        \"\"\"\n        This test will check that the add to wishlist and add to compare buttons are visible on the screen\n        \"\"\"\n        page = MainPage(driver, MAIN_PAGE_URL)\n        page.open()\n>       check_display = page.check_element_display(item)\n\ntests/test_main_page.py:96: \n_ _ _ _ _ _ _ _ _ _ _ _ _ _ _ _ _ _ _ _ _ _ _ _ _ _ _ _ _ _ _ _ _ _ _ _ _ _ _ _ \npages/main_page.py:124: in check_element_display\n    element = self.element_is_visible(self.locators.PRODUCT_CARD_BUTTONS[item])\npages/base_page.py:30: in element_is_visible\n    return wait(self.driver, timeout).until(EC.visibility_of_element_located(locator))\n_ _ _ _ _ _ _ _ _ _ _ _ _ _ _ _ _ _ _ _ _ _ _ _ _ _ _ _ _ _ _ _ _ _ _ _ _ _ _ _ \n\nself = <selenium.webdriver.support.wait.WebDriverWait (session=\"b50d4cc7dee1152ffa1cd7f3d7d49b8f\")>\nmethod = <function visibility_of_element_located.<locals>._predicate at 0x7ff1e8b51c60>\nmessage = ''\n\n    def until(self, method, message: str = \"\"):\n        \"\"\"Calls the method provided with the driver as an argument until the \\\n        return value does not evaluate to ``False``.\n    \n        :param method: callable(WebDriver)\n        :param message: optional message for :exc:`TimeoutException`\n        :returns: the result of the last call to `method`\n        :raises: :exc:`selenium.common.exceptions.TimeoutException` if timeout occurs\n        \"\"\"\n        screen = None\n        stacktrace = None\n    \n        end_time = time.monotonic() + self._timeout\n        while True:\n            try:\n                value = method(self._driver)\n                if value:\n                    return value\n            except self._ignored_exceptions as exc:\n                screen = getattr(exc, \"screen\", None)\n                stacktrace = getattr(exc, \"stacktrace\", None)\n            time.sleep(self._poll)\n            if time.monotonic() > end_time:\n                break\n>       raise TimeoutException(message, screen, stacktrace)\nE       selenium.common.exceptions.TimeoutException: Message:\n\n/opt/hostedtoolcache/Python/3.11.6/x64/lib/python3.11/site-packages/selenium/webdriver/support/wait.py:95: TimeoutException","steps":[{"name":"Open a browser","time":{"start":1700875231289,"stop":1700875232082,"duration":793},"status":"passed","steps":[],"attachments":[],"parameters":[],"shouldDisplayMessage":false,"stepsCount":0,"attachmentsCount":0,"hasContent":false},{"name":"Checking the display of an element on the screen","time":{"start":1700875232082,"stop":1700875242703,"duration":10621},"status":"broken","statusMessage":"selenium.common.exceptions.TimeoutException: Message: \n\n","statusTrace":"  File \"/opt/hostedtoolcache/Python/3.11.6/x64/lib/python3.11/site-packages/allure_commons/_allure.py\", line 192, in impl\n    return func(*a, **kw)\n           ^^^^^^^^^^^^^^\n  File \"/home/runner/work/luma_project/luma_project/pages/main_page.py\", line 124, in check_element_display\n    element = self.element_is_visible(self.locators.PRODUCT_CARD_BUTTONS[item])\n              ^^^^^^^^^^^^^^^^^^^^^^^^^^^^^^^^^^^^^^^^^^^^^^^^^^^^^^^^^^^^^^^^^\n  File \"/opt/hostedtoolcache/Python/3.11.6/x64/lib/python3.11/site-packages/allure_commons/_allure.py\", line 192, in impl\n    return func(*a, **kw)\n           ^^^^^^^^^^^^^^\n  File \"/home/runner/work/luma_project/luma_project/pages/base_page.py\", line 30, in element_is_visible\n    return wait(self.driver, timeout).until(EC.visibility_of_element_located(locator))\n           ^^^^^^^^^^^^^^^^^^^^^^^^^^^^^^^^^^^^^^^^^^^^^^^^^^^^^^^^^^^^^^^^^^^^^^^^^^^\n  File \"/opt/hostedtoolcache/Python/3.11.6/x64/lib/python3.11/site-packages/selenium/webdriver/support/wait.py\", line 95, in until\n    raise TimeoutException(message, screen, stacktrace)\n","steps":[{"name":"Find a visible element","time":{"start":1700875232082,"stop":1700875232115,"duration":33},"status":"passed","steps":[{"name":"Find a present element","time":{"start":1700875232082,"stop":1700875232091,"duration":9},"status":"passed","steps":[],"attachments":[],"parameters":[{"name":"locator","value":"('css selector', \"li[class='product-item']:nth-child(5) div[class='product-item-info']\")"},{"name":"timeout","value":"5"}],"shouldDisplayMessage":false,"stepsCount":0,"attachmentsCount":0,"hasContent":true},{"name":"Go to specified element","time":{"start":1700875232091,"stop":1700875232096,"duration":5},"status":"passed","steps":[],"attachments":[],"parameters":[{"name":"element","value":"<selenium.webdriver.remote.webelement.WebElement (session=\"b50d4cc7dee1152ffa1cd7f3d7d49b8f\", element=\"C5271D904F175013167876EC1B853B13_element_7\")>"}],"shouldDisplayMessage":false,"stepsCount":0,"attachmentsCount":0,"hasContent":true}],"attachments":[],"parameters":[{"name":"locator","value":"('css selector', \"li[class='product-item']:nth-child(5) div[class='product-item-info']\")"},{"name":"timeout","value":"10"}],"shouldDisplayMessage":false,"stepsCount":2,"attachmentsCount":0,"hasContent":true},{"name":"Move cursor to element","time":{"start":1700875232115,"stop":1700875232389,"duration":274},"status":"passed","steps":[],"attachments":[],"parameters":[{"name":"element","value":"<selenium.webdriver.remote.webelement.WebElement (session=\"b50d4cc7dee1152ffa1cd7f3d7d49b8f\", element=\"C5271D904F175013167876EC1B853B13_element_7\")>"}],"shouldDisplayMessage":false,"stepsCount":0,"attachmentsCount":0,"hasContent":true},{"name":"Find a visible element","time":{"start":1700875232389,"stop":1700875242703,"duration":10314},"status":"broken","statusMessage":"selenium.common.exceptions.TimeoutException: Message: \n\n","statusTrace":"  File \"/opt/hostedtoolcache/Python/3.11.6/x64/lib/python3.11/site-packages/allure_commons/_allure.py\", line 192, in impl\n    return func(*a, **kw)\n           ^^^^^^^^^^^^^^\n  File \"/home/runner/work/luma_project/luma_project/pages/base_page.py\", line 30, in element_is_visible\n    return wait(self.driver, timeout).until(EC.visibility_of_element_located(locator))\n           ^^^^^^^^^^^^^^^^^^^^^^^^^^^^^^^^^^^^^^^^^^^^^^^^^^^^^^^^^^^^^^^^^^^^^^^^^^^\n  File \"/opt/hostedtoolcache/Python/3.11.6/x64/lib/python3.11/site-packages/selenium/webdriver/support/wait.py\", line 95, in until\n    raise TimeoutException(message, screen, stacktrace)\n","steps":[{"name":"Find a present element","time":{"start":1700875232390,"stop":1700875232421,"duration":31},"status":"passed","steps":[],"attachments":[],"parameters":[{"name":"locator","value":"('css selector', \"li[class='product-item']:nth-child(5) a[class='action tocompare']\")"},{"name":"timeout","value":"5"}],"shouldDisplayMessage":false,"stepsCount":0,"attachmentsCount":0,"hasContent":true},{"name":"Go to specified element","time":{"start":1700875232421,"stop":1700875232449,"duration":28},"status":"passed","steps":[],"attachments":[],"parameters":[{"name":"element","value":"<selenium.webdriver.remote.webelement.WebElement (session=\"b50d4cc7dee1152ffa1cd7f3d7d49b8f\", element=\"C5271D904F175013167876EC1B853B13_element_12\")>"}],"shouldDisplayMessage":false,"stepsCount":0,"attachmentsCount":0,"hasContent":true}],"attachments":[],"parameters":[{"name":"locator","value":"('css selector', \"li[class='product-item']:nth-child(5) a[class='action tocompare']\")"},{"name":"timeout","value":"10"}],"shouldDisplayMessage":true,"stepsCount":2,"attachmentsCount":0,"hasContent":true}],"attachments":[],"parameters":[{"name":"item","value":"'add_to_compare'"}],"shouldDisplayMessage":false,"stepsCount":7,"attachmentsCount":0,"hasContent":true}],"attachments":[{"uid":"bac86053ee5da765","name":"Screenshot","source":"bac86053ee5da765.png","type":"image/png","size":91666},{"uid":"d5eee6ca6db3f19d","name":"HTML source","source":"d5eee6ca6db3f19d.html","type":"text/html","size":116519}],"parameters":[],"shouldDisplayMessage":true,"stepsCount":9,"attachmentsCount":2,"hasContent":true},"afterStages":[{"name":"driver::0","time":{"start":1700875242844,"stop":1700875242914,"duration":70},"status":"passed","steps":[],"attachments":[],"parameters":[],"shouldDisplayMessage":false,"stepsCount":0,"attachmentsCount":0,"hasContent":false},{"name":"clear_allure_result_folder::0","time":{"start":1700875947135,"stop":1700875947135,"duration":0},"status":"passed","steps":[],"attachments":[],"parameters":[],"shouldDisplayMessage":false,"stepsCount":0,"attachmentsCount":0,"hasContent":false}],"labels":[{"name":"epic","value":"Main Page"},{"name":"feature","value":"Testing Hot Seller Section"},{"name":"tag","value":"@pytest.mark.xfail(reason='In CI the test failed in PR#182')"},{"name":"parentSuite","value":"tests"},{"name":"suite","value":"test_main_page"},{"name":"subSuite","value":"TestMainPage"},{"name":"host","value":"fv-az700-90"},{"name":"thread","value":"3218-MainThread"},{"name":"framework","value":"pytest"},{"name":"language","value":"cpython3"},{"name":"package","value":"tests.test_main_page"},{"name":"resultFormat","value":"allure2"}],"parameters":[{"name":"item","value":"'add_to_compare'"}],"links":[],"hidden":false,"retry":false,"extra":{"severity":"normal","retries":[],"categories":[],"history":{"statistic":{"failed":0,"broken":0,"skipped":4,"passed":3,"unknown":0,"total":7},"items":[{"uid":"f7e7fa20887db004","reportUrl":"https://verafes.github.io/luma_project/138//#testresult/f7e7fa20887db004","status":"skipped","statusDetails":"XFAIL In CI the test failed in PR#182\n\nselenium.common.exceptions.TimeoutException: Message:","time":{"start":1700788917308,"stop":1700788928808,"duration":11500}},{"uid":"64a4e1a6b4599404","reportUrl":"https://verafes.github.io/luma_project/137//#testresult/64a4e1a6b4599404","status":"skipped","statusDetails":"XFAIL In CI the test failed in PR#182\n\nselenium.common.exceptions.TimeoutException: Message:","time":{"start":1700702561928,"stop":1700702573375,"duration":11447}},{"uid":"5b60b571c2a5d768","reportUrl":"https://verafes.github.io/luma_project/136//#testresult/5b60b571c2a5d768","status":"skipped","statusDetails":"XFAIL In CI the test failed in PR#182\n\nselenium.common.exceptions.TimeoutException: Message:","time":{"start":1700616402531,"stop":1700616414065,"duration":11534}},{"uid":"88ac0aae3d2f4f32","reportUrl":"https://verafes.github.io/luma_project/135//#testresult/88ac0aae3d2f4f32","status":"passed","statusDetails":"XPASS In CI the test failed in PR#182","time":{"start":1700529968359,"stop":1700529969687,"duration":1328}},{"uid":"b177edc594210584","reportUrl":"https://verafes.github.io/luma_project/134//#testresult/b177edc594210584","status":"passed","statusDetails":"XPASS In CI the test failed in PR#182","time":{"start":1700443487119,"stop":1700443488450,"duration":1331}},{"uid":"ef4adbb64c2b9c88","reportUrl":"https://verafes.github.io/luma_project/133//#testresult/ef4adbb64c2b9c88","status":"passed","statusDetails":"XPASS In CI the test failed in PR#182","time":{"start":1700357294519,"stop":1700357295709,"duration":1190}}]},"tags":["@pytest.mark.xfail(reason='In CI the test failed in PR#182')"]},"source":"a7734a64185ec825.json","parameterValues":["'add_to_compare'"]}