{"uid":"a24f8d390244f5fd","name":"TC 04_02_09_13 Verify presence of strong password strength hint","fullName":"tests.test_create_an_account.TestCreateAnAccount#test_04_02_09_13_password_strength_hint","historyId":"ed9840125a9f44379362aeb23614e078","time":{"start":1735438091593,"stop":1735438096745,"duration":5152},"description":" Verify presence of Password Strength hint and warning color of weak password ","descriptionHtml":"<p>Verify presence of Password Strength hint and warning color of weak password</p>\n","status":"skipped","statusMessage":"XFAIL Flaky behavior on CI\n\nselenium.common.exceptions.TimeoutException: Message: \nStacktrace:\n#0 0x55fad5bb731a <unknown>\n#1 0x55fad56cd6e0 <unknown>\n#2 0x55fad571c3e6 <unknown>\n#3 0x55fad571c681 <unknown>\n#4 0x55fad5761b04 <unknown>\n#5 0x55fad574048d <unknown>\n#6 0x55fad575eed7 <unknown>\n#7 0x55fad5740203 <unknown>\n#8 0x55fad570ecc0 <unknown>\n#9 0x55fad570fc9e <unknown>\n#10 0x55fad5b84d0b <unknown>\n#11 0x55fad5b88c92 <unknown>\n#12 0x55fad5b71b3c <unknown>\n#13 0x55fad5b89807 <unknown>\n#14 0x55fad5b570df <unknown>\n#15 0x55fad5ba6578 <unknown>\n#16 0x55fad5ba6740 <unknown>\n#17 0x55fad5bb6196 <unknown>\n#18 0x7fbb1f09ca94 <unknown>\n#19 0x7fbb1f129c3c <unknown>","statusTrace":"self = <test_create_an_account.TestCreateAnAccount object at 0x7fb4384b6d90>\ncreate_account_page = <pages.create_an_account_page.CreateAccountPage object at 0x7fb438124110>\npassword_strength_msg = {'password': '1234qwere', 'strength_password': 'Weak', 'strength_password_hint': 'Password Strength: Weak', 'warning_color': '#ffafae', ...}\n\n    @pytest.mark.xfail(reason=\"Flaky behavior on CI\")\n    @allure.title('TC 04_02_09_13 Verify presence of strong password strength hint')\n    @pytest.mark.parametrize('password_strength_msg', password_strength_msg)\n    def test_04_02_09_13_password_strength_hint(self, create_account_page, password_strength_msg):\n        \"\"\" Verify presence of Password Strength hint and warning color of weak password \"\"\"\n        password_strength_hint_message, message_error, hex_color = \\\n>           create_account_page.check_password_strength_hint_with_different_passwords(password_strength_msg)\n\ntests/test_create_an_account.py:217: \n_ _ _ _ _ _ _ _ _ _ _ _ _ _ _ _ _ _ _ _ _ _ _ _ _ _ _ _ _ _ _ _ _ _ _ _ _ _ _ _ \npages/create_an_account_page.py:267: in check_password_strength_hint_with_different_passwords\n    password_input = self.check_password_input()\npages/create_an_account_page.py:55: in check_password_input\n    return self.element_is_visible(self.locators.PASSWORD)\npages/base_page.py:29: in element_is_visible\n    self.go_to_element(self.element_is_present(locator))\npages/base_page.py:50: in element_is_present\n    return wait(self.driver, timeout).until(EC.presence_of_element_located(locator))\n_ _ _ _ _ _ _ _ _ _ _ _ _ _ _ _ _ _ _ _ _ _ _ _ _ _ _ _ _ _ _ _ _ _ _ _ _ _ _ _ \n\nself = <selenium.webdriver.support.wait.WebDriverWait (session=\"68e35d2ef10ca860c4f341349570b663\")>\nmethod = <function presence_of_element_located.<locals>._predicate at 0x7fb436528900>\nmessage = ''\n\n    def until(self, method, message: str = \"\"):\n        \"\"\"Calls the method provided with the driver as an argument until the \\\n        return value does not evaluate to ``False``.\n    \n        :param method: callable(WebDriver)\n        :param message: optional message for :exc:`TimeoutException`\n        :returns: the result of the last call to `method`\n        :raises: :exc:`selenium.common.exceptions.TimeoutException` if timeout occurs\n        \"\"\"\n        screen = None\n        stacktrace = None\n    \n        end_time = time.monotonic() + self._timeout\n        while True:\n            try:\n                value = method(self._driver)\n                if value:\n                    return value\n            except self._ignored_exceptions as exc:\n                screen = getattr(exc, \"screen\", None)\n                stacktrace = getattr(exc, \"stacktrace\", None)\n            time.sleep(self._poll)\n            if time.monotonic() > end_time:\n                break\n>       raise TimeoutException(message, screen, stacktrace)\nE       selenium.common.exceptions.TimeoutException: Message: \nE       Stacktrace:\nE       #0 0x55fad5bb731a <unknown>\nE       #1 0x55fad56cd6e0 <unknown>\nE       #2 0x55fad571c3e6 <unknown>\nE       #3 0x55fad571c681 <unknown>\nE       #4 0x55fad5761b04 <unknown>\nE       #5 0x55fad574048d <unknown>\nE       #6 0x55fad575eed7 <unknown>\nE       #7 0x55fad5740203 <unknown>\nE       #8 0x55fad570ecc0 <unknown>\nE       #9 0x55fad570fc9e <unknown>\nE       #10 0x55fad5b84d0b <unknown>\nE       #11 0x55fad5b88c92 <unknown>\nE       #12 0x55fad5b71b3c <unknown>\nE       #13 0x55fad5b89807 <unknown>\nE       #14 0x55fad5b570df <unknown>\nE       #15 0x55fad5ba6578 <unknown>\nE       #16 0x55fad5ba6740 <unknown>\nE       #17 0x55fad5bb6196 <unknown>\nE       #18 0x7fbb1f09ca94 <unknown>\nE       #19 0x7fbb1f129c3c <unknown>\n\n/opt/hostedtoolcache/Python/3.11.11/x64/lib/python3.11/site-packages/selenium/webdriver/support/wait.py:95: TimeoutException","flaky":false,"newFailed":false,"newBroken":false,"newPassed":false,"retriesCount":0,"retriesStatusChange":false,"beforeStages":[{"name":"_session_faker","time":{"start":1735436722698,"stop":1735436722759,"duration":61},"status":"passed","steps":[],"attachments":[],"parameters":[],"shouldDisplayMessage":false,"stepsCount":0,"attachmentsCount":0,"hasContent":false,"attachmentStep":false},{"name":"clear_allure_result_folder","time":{"start":1735436722760,"stop":1735436722760,"duration":0},"status":"passed","steps":[],"attachments":[],"parameters":[],"shouldDisplayMessage":false,"stepsCount":0,"attachmentsCount":0,"hasContent":false,"attachmentStep":false},{"name":"driver","time":{"start":1735438090282,"stop":1735438091460,"duration":1178},"status":"passed","steps":[],"attachments":[],"parameters":[],"shouldDisplayMessage":false,"stepsCount":0,"attachmentsCount":0,"hasContent":false,"attachmentStep":false},{"name":"create_account_page","time":{"start":1735438091460,"stop":1735438091593,"duration":133},"status":"passed","steps":[{"name":"Open a browser","time":{"start":1735438091460,"stop":1735438091593,"duration":133},"status":"passed","steps":[],"attachments":[],"parameters":[],"shouldDisplayMessage":false,"stepsCount":0,"attachmentsCount":0,"hasContent":false,"attachmentStep":false}],"attachments":[],"parameters":[],"shouldDisplayMessage":false,"stepsCount":1,"attachmentsCount":0,"hasContent":true,"attachmentStep":false}],"testStage":{"description":" Verify presence of Password Strength hint and warning color of weak password ","status":"skipped","statusMessage":"XFAIL Flaky behavior on CI\n\nselenium.common.exceptions.TimeoutException: Message: \nStacktrace:\n#0 0x55fad5bb731a <unknown>\n#1 0x55fad56cd6e0 <unknown>\n#2 0x55fad571c3e6 <unknown>\n#3 0x55fad571c681 <unknown>\n#4 0x55fad5761b04 <unknown>\n#5 0x55fad574048d <unknown>\n#6 0x55fad575eed7 <unknown>\n#7 0x55fad5740203 <unknown>\n#8 0x55fad570ecc0 <unknown>\n#9 0x55fad570fc9e <unknown>\n#10 0x55fad5b84d0b <unknown>\n#11 0x55fad5b88c92 <unknown>\n#12 0x55fad5b71b3c <unknown>\n#13 0x55fad5b89807 <unknown>\n#14 0x55fad5b570df <unknown>\n#15 0x55fad5ba6578 <unknown>\n#16 0x55fad5ba6740 <unknown>\n#17 0x55fad5bb6196 <unknown>\n#18 0x7fbb1f09ca94 <unknown>\n#19 0x7fbb1f129c3c <unknown>","statusTrace":"self = <test_create_an_account.TestCreateAnAccount object at 0x7fb4384b6d90>\ncreate_account_page = <pages.create_an_account_page.CreateAccountPage object at 0x7fb438124110>\npassword_strength_msg = {'password': '1234qwere', 'strength_password': 'Weak', 'strength_password_hint': 'Password Strength: Weak', 'warning_color': '#ffafae', ...}\n\n    @pytest.mark.xfail(reason=\"Flaky behavior on CI\")\n    @allure.title('TC 04_02_09_13 Verify presence of strong password strength hint')\n    @pytest.mark.parametrize('password_strength_msg', password_strength_msg)\n    def test_04_02_09_13_password_strength_hint(self, create_account_page, password_strength_msg):\n        \"\"\" Verify presence of Password Strength hint and warning color of weak password \"\"\"\n        password_strength_hint_message, message_error, hex_color = \\\n>           create_account_page.check_password_strength_hint_with_different_passwords(password_strength_msg)\n\ntests/test_create_an_account.py:217: \n_ _ _ _ _ _ _ _ _ _ _ _ _ _ _ _ _ _ _ _ _ _ _ _ _ _ _ _ _ _ _ _ _ _ _ _ _ _ _ _ \npages/create_an_account_page.py:267: in check_password_strength_hint_with_different_passwords\n    password_input = self.check_password_input()\npages/create_an_account_page.py:55: in check_password_input\n    return self.element_is_visible(self.locators.PASSWORD)\npages/base_page.py:29: in element_is_visible\n    self.go_to_element(self.element_is_present(locator))\npages/base_page.py:50: in element_is_present\n    return wait(self.driver, timeout).until(EC.presence_of_element_located(locator))\n_ _ _ _ _ _ _ _ _ _ _ _ _ _ _ _ _ _ _ _ _ _ _ _ _ _ _ _ _ _ _ _ _ _ _ _ _ _ _ _ \n\nself = <selenium.webdriver.support.wait.WebDriverWait (session=\"68e35d2ef10ca860c4f341349570b663\")>\nmethod = <function presence_of_element_located.<locals>._predicate at 0x7fb436528900>\nmessage = ''\n\n    def until(self, method, message: str = \"\"):\n        \"\"\"Calls the method provided with the driver as an argument until the \\\n        return value does not evaluate to ``False``.\n    \n        :param method: callable(WebDriver)\n        :param message: optional message for :exc:`TimeoutException`\n        :returns: the result of the last call to `method`\n        :raises: :exc:`selenium.common.exceptions.TimeoutException` if timeout occurs\n        \"\"\"\n        screen = None\n        stacktrace = None\n    \n        end_time = time.monotonic() + self._timeout\n        while True:\n            try:\n                value = method(self._driver)\n                if value:\n                    return value\n            except self._ignored_exceptions as exc:\n                screen = getattr(exc, \"screen\", None)\n                stacktrace = getattr(exc, \"stacktrace\", None)\n            time.sleep(self._poll)\n            if time.monotonic() > end_time:\n                break\n>       raise TimeoutException(message, screen, stacktrace)\nE       selenium.common.exceptions.TimeoutException: Message: \nE       Stacktrace:\nE       #0 0x55fad5bb731a <unknown>\nE       #1 0x55fad56cd6e0 <unknown>\nE       #2 0x55fad571c3e6 <unknown>\nE       #3 0x55fad571c681 <unknown>\nE       #4 0x55fad5761b04 <unknown>\nE       #5 0x55fad574048d <unknown>\nE       #6 0x55fad575eed7 <unknown>\nE       #7 0x55fad5740203 <unknown>\nE       #8 0x55fad570ecc0 <unknown>\nE       #9 0x55fad570fc9e <unknown>\nE       #10 0x55fad5b84d0b <unknown>\nE       #11 0x55fad5b88c92 <unknown>\nE       #12 0x55fad5b71b3c <unknown>\nE       #13 0x55fad5b89807 <unknown>\nE       #14 0x55fad5b570df <unknown>\nE       #15 0x55fad5ba6578 <unknown>\nE       #16 0x55fad5ba6740 <unknown>\nE       #17 0x55fad5bb6196 <unknown>\nE       #18 0x7fbb1f09ca94 <unknown>\nE       #19 0x7fbb1f129c3c <unknown>\n\n/opt/hostedtoolcache/Python/3.11.11/x64/lib/python3.11/site-packages/selenium/webdriver/support/wait.py:95: TimeoutException","steps":[{"name":"Check password strength hint and color","time":{"start":1735438091594,"stop":1735438096744,"duration":5150},"status":"broken","statusMessage":"selenium.common.exceptions.TimeoutException: Message: \nStacktrace:\n#0 0x55fad5bb731a <unknown>\n#1 0x55fad56cd6e0 <unknown>\n#2 0x55fad571c3e6 <unknown>\n#3 0x55fad571c681 <unknown>\n#4 0x55fad5761b04 <unknown>\n#5 0x55fad574048d <unknown>\n#6 0x55fad575eed7 <unknown>\n#7 0x55fad5740203 <unknown>\n#8 0x55fad570ecc0 <unknown>\n#9 0x55fad570fc9e <unknown>\n#10 0x55fad5b84d0b <unknown>\n#11 0x55fad5b88c92 <unknown>\n#12 0x55fad5b71b3c <unknown>\n#13 0x55fad5b89807 <unknown>\n#14 0x55fad5b570df <unknown>\n#15 0x55fad5ba6578 <unknown>\n#16 0x55fad5ba6740 <unknown>\n#17 0x55fad5bb6196 <unknown>\n#18 0x7fbb1f09ca94 <unknown>\n#19 0x7fbb1f129c3c <unknown>\n\n","statusTrace":"  File \"/opt/hostedtoolcache/Python/3.11.11/x64/lib/python3.11/site-packages/allure_commons/_allure.py\", line 192, in impl\n    return func(*a, **kw)\n           ^^^^^^^^^^^^^^\n  File \"/home/runner/work/luma_project/luma_project/pages/create_an_account_page.py\", line 267, in check_password_strength_hint_with_different_passwords\n    password_input = self.check_password_input()\n                     ^^^^^^^^^^^^^^^^^^^^^^^^^^^\n  File \"/opt/hostedtoolcache/Python/3.11.11/x64/lib/python3.11/site-packages/allure_commons/_allure.py\", line 192, in impl\n    return func(*a, **kw)\n           ^^^^^^^^^^^^^^\n  File \"/home/runner/work/luma_project/luma_project/pages/create_an_account_page.py\", line 55, in check_password_input\n    return self.element_is_visible(self.locators.PASSWORD)\n           ^^^^^^^^^^^^^^^^^^^^^^^^^^^^^^^^^^^^^^^^^^^^^^^\n  File \"/opt/hostedtoolcache/Python/3.11.11/x64/lib/python3.11/site-packages/allure_commons/_allure.py\", line 192, in impl\n    return func(*a, **kw)\n           ^^^^^^^^^^^^^^\n  File \"/home/runner/work/luma_project/luma_project/pages/base_page.py\", line 29, in element_is_visible\n    self.go_to_element(self.element_is_present(locator))\n                       ^^^^^^^^^^^^^^^^^^^^^^^^^^^^^^^^\n  File \"/opt/hostedtoolcache/Python/3.11.11/x64/lib/python3.11/site-packages/allure_commons/_allure.py\", line 192, in impl\n    return func(*a, **kw)\n           ^^^^^^^^^^^^^^\n  File \"/home/runner/work/luma_project/luma_project/pages/base_page.py\", line 50, in element_is_present\n    return wait(self.driver, timeout).until(EC.presence_of_element_located(locator))\n           ^^^^^^^^^^^^^^^^^^^^^^^^^^^^^^^^^^^^^^^^^^^^^^^^^^^^^^^^^^^^^^^^^^^^^^^^^\n  File \"/opt/hostedtoolcache/Python/3.11.11/x64/lib/python3.11/site-packages/selenium/webdriver/support/wait.py\", line 95, in until\n    raise TimeoutException(message, screen, stacktrace)\n","steps":[{"name":"Check Password input field is visible","time":{"start":1735438091594,"stop":1735438096744,"duration":5150},"status":"broken","statusMessage":"selenium.common.exceptions.TimeoutException: Message: \nStacktrace:\n#0 0x55fad5bb731a <unknown>\n#1 0x55fad56cd6e0 <unknown>\n#2 0x55fad571c3e6 <unknown>\n#3 0x55fad571c681 <unknown>\n#4 0x55fad5761b04 <unknown>\n#5 0x55fad574048d <unknown>\n#6 0x55fad575eed7 <unknown>\n#7 0x55fad5740203 <unknown>\n#8 0x55fad570ecc0 <unknown>\n#9 0x55fad570fc9e <unknown>\n#10 0x55fad5b84d0b <unknown>\n#11 0x55fad5b88c92 <unknown>\n#12 0x55fad5b71b3c <unknown>\n#13 0x55fad5b89807 <unknown>\n#14 0x55fad5b570df <unknown>\n#15 0x55fad5ba6578 <unknown>\n#16 0x55fad5ba6740 <unknown>\n#17 0x55fad5bb6196 <unknown>\n#18 0x7fbb1f09ca94 <unknown>\n#19 0x7fbb1f129c3c <unknown>\n\n","statusTrace":"  File \"/opt/hostedtoolcache/Python/3.11.11/x64/lib/python3.11/site-packages/allure_commons/_allure.py\", line 192, in impl\n    return func(*a, **kw)\n           ^^^^^^^^^^^^^^\n  File \"/home/runner/work/luma_project/luma_project/pages/create_an_account_page.py\", line 55, in check_password_input\n    return self.element_is_visible(self.locators.PASSWORD)\n           ^^^^^^^^^^^^^^^^^^^^^^^^^^^^^^^^^^^^^^^^^^^^^^^\n  File \"/opt/hostedtoolcache/Python/3.11.11/x64/lib/python3.11/site-packages/allure_commons/_allure.py\", line 192, in impl\n    return func(*a, **kw)\n           ^^^^^^^^^^^^^^\n  File \"/home/runner/work/luma_project/luma_project/pages/base_page.py\", line 29, in element_is_visible\n    self.go_to_element(self.element_is_present(locator))\n                       ^^^^^^^^^^^^^^^^^^^^^^^^^^^^^^^^\n  File \"/opt/hostedtoolcache/Python/3.11.11/x64/lib/python3.11/site-packages/allure_commons/_allure.py\", line 192, in impl\n    return func(*a, **kw)\n           ^^^^^^^^^^^^^^\n  File \"/home/runner/work/luma_project/luma_project/pages/base_page.py\", line 50, in element_is_present\n    return wait(self.driver, timeout).until(EC.presence_of_element_located(locator))\n           ^^^^^^^^^^^^^^^^^^^^^^^^^^^^^^^^^^^^^^^^^^^^^^^^^^^^^^^^^^^^^^^^^^^^^^^^^\n  File \"/opt/hostedtoolcache/Python/3.11.11/x64/lib/python3.11/site-packages/selenium/webdriver/support/wait.py\", line 95, in until\n    raise TimeoutException(message, screen, stacktrace)\n","steps":[{"name":"Find a visible element","time":{"start":1735438091594,"stop":1735438096744,"duration":5150},"status":"broken","statusMessage":"selenium.common.exceptions.TimeoutException: Message: \nStacktrace:\n#0 0x55fad5bb731a <unknown>\n#1 0x55fad56cd6e0 <unknown>\n#2 0x55fad571c3e6 <unknown>\n#3 0x55fad571c681 <unknown>\n#4 0x55fad5761b04 <unknown>\n#5 0x55fad574048d <unknown>\n#6 0x55fad575eed7 <unknown>\n#7 0x55fad5740203 <unknown>\n#8 0x55fad570ecc0 <unknown>\n#9 0x55fad570fc9e <unknown>\n#10 0x55fad5b84d0b <unknown>\n#11 0x55fad5b88c92 <unknown>\n#12 0x55fad5b71b3c <unknown>\n#13 0x55fad5b89807 <unknown>\n#14 0x55fad5b570df <unknown>\n#15 0x55fad5ba6578 <unknown>\n#16 0x55fad5ba6740 <unknown>\n#17 0x55fad5bb6196 <unknown>\n#18 0x7fbb1f09ca94 <unknown>\n#19 0x7fbb1f129c3c <unknown>\n\n","statusTrace":"  File \"/opt/hostedtoolcache/Python/3.11.11/x64/lib/python3.11/site-packages/allure_commons/_allure.py\", line 192, in impl\n    return func(*a, **kw)\n           ^^^^^^^^^^^^^^\n  File \"/home/runner/work/luma_project/luma_project/pages/base_page.py\", line 29, in element_is_visible\n    self.go_to_element(self.element_is_present(locator))\n                       ^^^^^^^^^^^^^^^^^^^^^^^^^^^^^^^^\n  File \"/opt/hostedtoolcache/Python/3.11.11/x64/lib/python3.11/site-packages/allure_commons/_allure.py\", line 192, in impl\n    return func(*a, **kw)\n           ^^^^^^^^^^^^^^\n  File \"/home/runner/work/luma_project/luma_project/pages/base_page.py\", line 50, in element_is_present\n    return wait(self.driver, timeout).until(EC.presence_of_element_located(locator))\n           ^^^^^^^^^^^^^^^^^^^^^^^^^^^^^^^^^^^^^^^^^^^^^^^^^^^^^^^^^^^^^^^^^^^^^^^^^\n  File \"/opt/hostedtoolcache/Python/3.11.11/x64/lib/python3.11/site-packages/selenium/webdriver/support/wait.py\", line 95, in until\n    raise TimeoutException(message, screen, stacktrace)\n","steps":[{"name":"Find a present element","time":{"start":1735438091594,"stop":1735438096743,"duration":5149},"status":"broken","statusMessage":"selenium.common.exceptions.TimeoutException: Message: \nStacktrace:\n#0 0x55fad5bb731a <unknown>\n#1 0x55fad56cd6e0 <unknown>\n#2 0x55fad571c3e6 <unknown>\n#3 0x55fad571c681 <unknown>\n#4 0x55fad5761b04 <unknown>\n#5 0x55fad574048d <unknown>\n#6 0x55fad575eed7 <unknown>\n#7 0x55fad5740203 <unknown>\n#8 0x55fad570ecc0 <unknown>\n#9 0x55fad570fc9e <unknown>\n#10 0x55fad5b84d0b <unknown>\n#11 0x55fad5b88c92 <unknown>\n#12 0x55fad5b71b3c <unknown>\n#13 0x55fad5b89807 <unknown>\n#14 0x55fad5b570df <unknown>\n#15 0x55fad5ba6578 <unknown>\n#16 0x55fad5ba6740 <unknown>\n#17 0x55fad5bb6196 <unknown>\n#18 0x7fbb1f09ca94 <unknown>\n#19 0x7fbb1f129c3c <unknown>\n\n","statusTrace":"  File \"/opt/hostedtoolcache/Python/3.11.11/x64/lib/python3.11/site-packages/allure_commons/_allure.py\", line 192, in impl\n    return func(*a, **kw)\n           ^^^^^^^^^^^^^^\n  File \"/home/runner/work/luma_project/luma_project/pages/base_page.py\", line 50, in element_is_present\n    return wait(self.driver, timeout).until(EC.presence_of_element_located(locator))\n           ^^^^^^^^^^^^^^^^^^^^^^^^^^^^^^^^^^^^^^^^^^^^^^^^^^^^^^^^^^^^^^^^^^^^^^^^^\n  File \"/opt/hostedtoolcache/Python/3.11.11/x64/lib/python3.11/site-packages/selenium/webdriver/support/wait.py\", line 95, in until\n    raise TimeoutException(message, screen, stacktrace)\n","steps":[],"attachments":[],"parameters":[{"name":"locator","value":"('css selector', '[id=\"password\"]')"},{"name":"timeout","value":"5"}],"shouldDisplayMessage":true,"stepsCount":0,"attachmentsCount":0,"hasContent":true,"attachmentStep":false}],"attachments":[],"parameters":[{"name":"locator","value":"('css selector', '[id=\"password\"]')"},{"name":"timeout","value":"10"}],"shouldDisplayMessage":false,"stepsCount":1,"attachmentsCount":0,"hasContent":true,"attachmentStep":false}],"attachments":[],"parameters":[],"shouldDisplayMessage":false,"stepsCount":2,"attachmentsCount":0,"hasContent":true,"attachmentStep":false}],"attachments":[],"parameters":[{"name":"password_strength_msg","value":"{'strength_password': 'Weak', 'password': '1234qwere', 'warning_color': '#ffafae', 'strength_password_hint': 'Password Strength: Weak', 'warning_password_message': 'Minimum of different classes of characters in password is 3. Classes of characters: Lower Case, Upper Case, Digits, Special Characters.'}"}],"shouldDisplayMessage":false,"stepsCount":3,"attachmentsCount":0,"hasContent":true,"attachmentStep":false}],"attachments":[{"uid":"410211d3de070138","name":"Screenshot","source":"410211d3de070138.png","type":"image/png","size":87495},{"uid":"1f0ee04f31145eab","name":"HTML source","source":"1f0ee04f31145eab.html","type":"text/html","size":6660}],"parameters":[],"shouldDisplayMessage":true,"stepsCount":4,"attachmentsCount":2,"hasContent":true,"attachmentStep":false},"afterStages":[{"name":"driver::0","time":{"start":1735438096865,"stop":1735438096929,"duration":64},"status":"passed","steps":[],"attachments":[],"parameters":[],"shouldDisplayMessage":false,"stepsCount":0,"attachmentsCount":0,"hasContent":false,"attachmentStep":false},{"name":"clear_allure_result_folder::0","time":{"start":1735439455168,"stop":1735439455168,"duration":0},"status":"passed","steps":[],"attachments":[],"parameters":[],"shouldDisplayMessage":false,"stepsCount":0,"attachmentsCount":0,"hasContent":false,"attachmentStep":false}],"labels":[{"name":"epic","value":"Create An Account"},{"name":"tag","value":"@pytest.mark.xfail(reason='Flaky behavior on CI')"},{"name":"parentSuite","value":"tests"},{"name":"suite","value":"test_create_an_account"},{"name":"subSuite","value":"TestCreateAnAccount"},{"name":"host","value":"fv-az1314-353"},{"name":"thread","value":"2780-MainThread"},{"name":"framework","value":"pytest"},{"name":"language","value":"cpython3"},{"name":"package","value":"tests.test_create_an_account"},{"name":"resultFormat","value":"allure2"}],"parameters":[{"name":"password_strength_msg","value":"{'strength_password': 'Weak', 'password': '1234qwere', 'warning_color': '#ffafae', 'strength_password_hint': 'Password Strength: Weak', 'warning_password_message': 'Minimum of different classes of characters in password is 3. Classes of characters: Lower Case, Upper Case, Digits, Special Characters.'}"}],"links":[],"hidden":false,"retry":false,"extra":{"severity":"normal","retries":[],"categories":[],"tags":["@pytest.mark.xfail(reason='Flaky behavior on CI')"]},"source":"a24f8d390244f5fd.json","parameterValues":["{'strength_password': 'Weak', 'password': '1234qwere', 'warning_color': '#ffafae', 'strength_password_hint': 'Password Strength: Weak', 'warning_password_message': 'Minimum of different classes of characters in password is 3. Classes of characters: Lower Case, Upper Case, Digits, Special Characters.'}"]}