{"uid":"aa9790710657f9ea","name":"test 04.02.06 create an account with empty confirm password","fullName":"tests.test_create_an_account.TestCreateAnAccount#test_tc_04_02_06_create_account_with_empty_confirm_password","historyId":"bf44a5aa8f7078537d7289210fe2a54f","time":{"start":1735438071466,"stop":1735438076618,"duration":5152},"description":" Verify that customer can't Create An Account with empty confirm password","descriptionHtml":"<p>Verify that customer can't Create An Account with empty confirm password</p>\n","status":"broken","statusMessage":"selenium.common.exceptions.TimeoutException: Message: \nStacktrace:\n#0 0x560f2233531a <unknown>\n#1 0x560f21e4b6e0 <unknown>\n#2 0x560f21e9a3e6 <unknown>\n#3 0x560f21e9a681 <unknown>\n#4 0x560f21edfb04 <unknown>\n#5 0x560f21ebe48d <unknown>\n#6 0x560f21edced7 <unknown>\n#7 0x560f21ebe203 <unknown>\n#8 0x560f21e8ccc0 <unknown>\n#9 0x560f21e8dc9e <unknown>\n#10 0x560f22302d0b <unknown>\n#11 0x560f22306c92 <unknown>\n#12 0x560f222efb3c <unknown>\n#13 0x560f22307807 <unknown>\n#14 0x560f222d50df <unknown>\n#15 0x560f22324578 <unknown>\n#16 0x560f22324740 <unknown>\n#17 0x560f22334196 <unknown>\n#18 0x7fb546c9ca94 <unknown>\n#19 0x7fb546d29c3c <unknown>","statusTrace":"self = <test_create_an_account.TestCreateAnAccount object at 0x7fb437520810>\ncreate_account_page = <pages.create_an_account_page.CreateAccountPage object at 0x7fb437d73cd0>\n\n    @allure.title('test 04.02.06 create an account with empty confirm password')\n    def test_tc_04_02_06_create_account_with_empty_confirm_password(self, create_account_page):\n        \"\"\" Verify that customer can't Create An Account with empty confirm password\"\"\"\n>       message = create_account_page.create_with_empty_confirm_password()\n\ntests/test_create_an_account.py:202: \n_ _ _ _ _ _ _ _ _ _ _ _ _ _ _ _ _ _ _ _ _ _ _ _ _ _ _ _ _ _ _ _ _ _ _ _ _ _ _ _ \npages/create_an_account_page.py:354: in create_with_empty_confirm_password\n    self.element_is_visible(self.locators.FIRST_NAME).send_keys('test727')\npages/base_page.py:29: in element_is_visible\n    self.go_to_element(self.element_is_present(locator))\npages/base_page.py:50: in element_is_present\n    return wait(self.driver, timeout).until(EC.presence_of_element_located(locator))\n_ _ _ _ _ _ _ _ _ _ _ _ _ _ _ _ _ _ _ _ _ _ _ _ _ _ _ _ _ _ _ _ _ _ _ _ _ _ _ _ \n\nself = <selenium.webdriver.support.wait.WebDriverWait (session=\"a82ed5550f6a3c1d713997b80d0ca904\")>\nmethod = <function presence_of_element_located.<locals>._predicate at 0x7fb436529760>\nmessage = ''\n\n    def until(self, method, message: str = \"\"):\n        \"\"\"Calls the method provided with the driver as an argument until the \\\n        return value does not evaluate to ``False``.\n    \n        :param method: callable(WebDriver)\n        :param message: optional message for :exc:`TimeoutException`\n        :returns: the result of the last call to `method`\n        :raises: :exc:`selenium.common.exceptions.TimeoutException` if timeout occurs\n        \"\"\"\n        screen = None\n        stacktrace = None\n    \n        end_time = time.monotonic() + self._timeout\n        while True:\n            try:\n                value = method(self._driver)\n                if value:\n                    return value\n            except self._ignored_exceptions as exc:\n                screen = getattr(exc, \"screen\", None)\n                stacktrace = getattr(exc, \"stacktrace\", None)\n            time.sleep(self._poll)\n            if time.monotonic() > end_time:\n                break\n>       raise TimeoutException(message, screen, stacktrace)\nE       selenium.common.exceptions.TimeoutException: Message: \nE       Stacktrace:\nE       #0 0x560f2233531a <unknown>\nE       #1 0x560f21e4b6e0 <unknown>\nE       #2 0x560f21e9a3e6 <unknown>\nE       #3 0x560f21e9a681 <unknown>\nE       #4 0x560f21edfb04 <unknown>\nE       #5 0x560f21ebe48d <unknown>\nE       #6 0x560f21edced7 <unknown>\nE       #7 0x560f21ebe203 <unknown>\nE       #8 0x560f21e8ccc0 <unknown>\nE       #9 0x560f21e8dc9e <unknown>\nE       #10 0x560f22302d0b <unknown>\nE       #11 0x560f22306c92 <unknown>\nE       #12 0x560f222efb3c <unknown>\nE       #13 0x560f22307807 <unknown>\nE       #14 0x560f222d50df <unknown>\nE       #15 0x560f22324578 <unknown>\nE       #16 0x560f22324740 <unknown>\nE       #17 0x560f22334196 <unknown>\nE       #18 0x7fb546c9ca94 <unknown>\nE       #19 0x7fb546d29c3c <unknown>\n\n/opt/hostedtoolcache/Python/3.11.11/x64/lib/python3.11/site-packages/selenium/webdriver/support/wait.py:95: TimeoutException","flaky":false,"newFailed":false,"newBroken":false,"newPassed":false,"retriesCount":0,"retriesStatusChange":false,"beforeStages":[{"name":"_session_faker","time":{"start":1735436722698,"stop":1735436722759,"duration":61},"status":"passed","steps":[],"attachments":[],"parameters":[],"shouldDisplayMessage":false,"stepsCount":0,"attachmentsCount":0,"hasContent":false,"attachmentStep":false},{"name":"clear_allure_result_folder","time":{"start":1735436722760,"stop":1735436722760,"duration":0},"status":"passed","steps":[],"attachments":[],"parameters":[],"shouldDisplayMessage":false,"stepsCount":0,"attachmentsCount":0,"hasContent":false,"attachmentStep":false},{"name":"driver","time":{"start":1735438070045,"stop":1735438071304,"duration":1259},"status":"passed","steps":[],"attachments":[],"parameters":[],"shouldDisplayMessage":false,"stepsCount":0,"attachmentsCount":0,"hasContent":false,"attachmentStep":false},{"name":"create_account_page","time":{"start":1735438071304,"stop":1735438071465,"duration":161},"status":"passed","steps":[{"name":"Open a browser","time":{"start":1735438071304,"stop":1735438071465,"duration":161},"status":"passed","steps":[],"attachments":[],"parameters":[],"shouldDisplayMessage":false,"stepsCount":0,"attachmentsCount":0,"hasContent":false,"attachmentStep":false}],"attachments":[],"parameters":[],"shouldDisplayMessage":false,"stepsCount":1,"attachmentsCount":0,"hasContent":true,"attachmentStep":false}],"testStage":{"description":" Verify that customer can't Create An Account with empty confirm password","status":"broken","statusMessage":"selenium.common.exceptions.TimeoutException: Message: \nStacktrace:\n#0 0x560f2233531a <unknown>\n#1 0x560f21e4b6e0 <unknown>\n#2 0x560f21e9a3e6 <unknown>\n#3 0x560f21e9a681 <unknown>\n#4 0x560f21edfb04 <unknown>\n#5 0x560f21ebe48d <unknown>\n#6 0x560f21edced7 <unknown>\n#7 0x560f21ebe203 <unknown>\n#8 0x560f21e8ccc0 <unknown>\n#9 0x560f21e8dc9e <unknown>\n#10 0x560f22302d0b <unknown>\n#11 0x560f22306c92 <unknown>\n#12 0x560f222efb3c <unknown>\n#13 0x560f22307807 <unknown>\n#14 0x560f222d50df <unknown>\n#15 0x560f22324578 <unknown>\n#16 0x560f22324740 <unknown>\n#17 0x560f22334196 <unknown>\n#18 0x7fb546c9ca94 <unknown>\n#19 0x7fb546d29c3c <unknown>","statusTrace":"self = <test_create_an_account.TestCreateAnAccount object at 0x7fb437520810>\ncreate_account_page = <pages.create_an_account_page.CreateAccountPage object at 0x7fb437d73cd0>\n\n    @allure.title('test 04.02.06 create an account with empty confirm password')\n    def test_tc_04_02_06_create_account_with_empty_confirm_password(self, create_account_page):\n        \"\"\" Verify that customer can't Create An Account with empty confirm password\"\"\"\n>       message = create_account_page.create_with_empty_confirm_password()\n\ntests/test_create_an_account.py:202: \n_ _ _ _ _ _ _ _ _ _ _ _ _ _ _ _ _ _ _ _ _ _ _ _ _ _ _ _ _ _ _ _ _ _ _ _ _ _ _ _ \npages/create_an_account_page.py:354: in create_with_empty_confirm_password\n    self.element_is_visible(self.locators.FIRST_NAME).send_keys('test727')\npages/base_page.py:29: in element_is_visible\n    self.go_to_element(self.element_is_present(locator))\npages/base_page.py:50: in element_is_present\n    return wait(self.driver, timeout).until(EC.presence_of_element_located(locator))\n_ _ _ _ _ _ _ _ _ _ _ _ _ _ _ _ _ _ _ _ _ _ _ _ _ _ _ _ _ _ _ _ _ _ _ _ _ _ _ _ \n\nself = <selenium.webdriver.support.wait.WebDriverWait (session=\"a82ed5550f6a3c1d713997b80d0ca904\")>\nmethod = <function presence_of_element_located.<locals>._predicate at 0x7fb436529760>\nmessage = ''\n\n    def until(self, method, message: str = \"\"):\n        \"\"\"Calls the method provided with the driver as an argument until the \\\n        return value does not evaluate to ``False``.\n    \n        :param method: callable(WebDriver)\n        :param message: optional message for :exc:`TimeoutException`\n        :returns: the result of the last call to `method`\n        :raises: :exc:`selenium.common.exceptions.TimeoutException` if timeout occurs\n        \"\"\"\n        screen = None\n        stacktrace = None\n    \n        end_time = time.monotonic() + self._timeout\n        while True:\n            try:\n                value = method(self._driver)\n                if value:\n                    return value\n            except self._ignored_exceptions as exc:\n                screen = getattr(exc, \"screen\", None)\n                stacktrace = getattr(exc, \"stacktrace\", None)\n            time.sleep(self._poll)\n            if time.monotonic() > end_time:\n                break\n>       raise TimeoutException(message, screen, stacktrace)\nE       selenium.common.exceptions.TimeoutException: Message: \nE       Stacktrace:\nE       #0 0x560f2233531a <unknown>\nE       #1 0x560f21e4b6e0 <unknown>\nE       #2 0x560f21e9a3e6 <unknown>\nE       #3 0x560f21e9a681 <unknown>\nE       #4 0x560f21edfb04 <unknown>\nE       #5 0x560f21ebe48d <unknown>\nE       #6 0x560f21edced7 <unknown>\nE       #7 0x560f21ebe203 <unknown>\nE       #8 0x560f21e8ccc0 <unknown>\nE       #9 0x560f21e8dc9e <unknown>\nE       #10 0x560f22302d0b <unknown>\nE       #11 0x560f22306c92 <unknown>\nE       #12 0x560f222efb3c <unknown>\nE       #13 0x560f22307807 <unknown>\nE       #14 0x560f222d50df <unknown>\nE       #15 0x560f22324578 <unknown>\nE       #16 0x560f22324740 <unknown>\nE       #17 0x560f22334196 <unknown>\nE       #18 0x7fb546c9ca94 <unknown>\nE       #19 0x7fb546d29c3c <unknown>\n\n/opt/hostedtoolcache/Python/3.11.11/x64/lib/python3.11/site-packages/selenium/webdriver/support/wait.py:95: TimeoutException","steps":[{"name":"Create an account with empty confirm password","time":{"start":1735438071466,"stop":1735438076617,"duration":5151},"status":"broken","statusMessage":"selenium.common.exceptions.TimeoutException: Message: \nStacktrace:\n#0 0x560f2233531a <unknown>\n#1 0x560f21e4b6e0 <unknown>\n#2 0x560f21e9a3e6 <unknown>\n#3 0x560f21e9a681 <unknown>\n#4 0x560f21edfb04 <unknown>\n#5 0x560f21ebe48d <unknown>\n#6 0x560f21edced7 <unknown>\n#7 0x560f21ebe203 <unknown>\n#8 0x560f21e8ccc0 <unknown>\n#9 0x560f21e8dc9e <unknown>\n#10 0x560f22302d0b <unknown>\n#11 0x560f22306c92 <unknown>\n#12 0x560f222efb3c <unknown>\n#13 0x560f22307807 <unknown>\n#14 0x560f222d50df <unknown>\n#15 0x560f22324578 <unknown>\n#16 0x560f22324740 <unknown>\n#17 0x560f22334196 <unknown>\n#18 0x7fb546c9ca94 <unknown>\n#19 0x7fb546d29c3c <unknown>\n\n","statusTrace":"  File \"/opt/hostedtoolcache/Python/3.11.11/x64/lib/python3.11/site-packages/allure_commons/_allure.py\", line 192, in impl\n    return func(*a, **kw)\n           ^^^^^^^^^^^^^^\n  File \"/home/runner/work/luma_project/luma_project/pages/create_an_account_page.py\", line 354, in create_with_empty_confirm_password\n    self.element_is_visible(self.locators.FIRST_NAME).send_keys('test727')\n    ^^^^^^^^^^^^^^^^^^^^^^^^^^^^^^^^^^^^^^^^^^^^^^^^^\n  File \"/opt/hostedtoolcache/Python/3.11.11/x64/lib/python3.11/site-packages/allure_commons/_allure.py\", line 192, in impl\n    return func(*a, **kw)\n           ^^^^^^^^^^^^^^\n  File \"/home/runner/work/luma_project/luma_project/pages/base_page.py\", line 29, in element_is_visible\n    self.go_to_element(self.element_is_present(locator))\n                       ^^^^^^^^^^^^^^^^^^^^^^^^^^^^^^^^\n  File \"/opt/hostedtoolcache/Python/3.11.11/x64/lib/python3.11/site-packages/allure_commons/_allure.py\", line 192, in impl\n    return func(*a, **kw)\n           ^^^^^^^^^^^^^^\n  File \"/home/runner/work/luma_project/luma_project/pages/base_page.py\", line 50, in element_is_present\n    return wait(self.driver, timeout).until(EC.presence_of_element_located(locator))\n           ^^^^^^^^^^^^^^^^^^^^^^^^^^^^^^^^^^^^^^^^^^^^^^^^^^^^^^^^^^^^^^^^^^^^^^^^^\n  File \"/opt/hostedtoolcache/Python/3.11.11/x64/lib/python3.11/site-packages/selenium/webdriver/support/wait.py\", line 95, in until\n    raise TimeoutException(message, screen, stacktrace)\n","steps":[{"name":"Find a visible element","time":{"start":1735438071466,"stop":1735438076617,"duration":5151},"status":"broken","statusMessage":"selenium.common.exceptions.TimeoutException: Message: \nStacktrace:\n#0 0x560f2233531a <unknown>\n#1 0x560f21e4b6e0 <unknown>\n#2 0x560f21e9a3e6 <unknown>\n#3 0x560f21e9a681 <unknown>\n#4 0x560f21edfb04 <unknown>\n#5 0x560f21ebe48d <unknown>\n#6 0x560f21edced7 <unknown>\n#7 0x560f21ebe203 <unknown>\n#8 0x560f21e8ccc0 <unknown>\n#9 0x560f21e8dc9e <unknown>\n#10 0x560f22302d0b <unknown>\n#11 0x560f22306c92 <unknown>\n#12 0x560f222efb3c <unknown>\n#13 0x560f22307807 <unknown>\n#14 0x560f222d50df <unknown>\n#15 0x560f22324578 <unknown>\n#16 0x560f22324740 <unknown>\n#17 0x560f22334196 <unknown>\n#18 0x7fb546c9ca94 <unknown>\n#19 0x7fb546d29c3c <unknown>\n\n","statusTrace":"  File \"/opt/hostedtoolcache/Python/3.11.11/x64/lib/python3.11/site-packages/allure_commons/_allure.py\", line 192, in impl\n    return func(*a, **kw)\n           ^^^^^^^^^^^^^^\n  File \"/home/runner/work/luma_project/luma_project/pages/base_page.py\", line 29, in element_is_visible\n    self.go_to_element(self.element_is_present(locator))\n                       ^^^^^^^^^^^^^^^^^^^^^^^^^^^^^^^^\n  File \"/opt/hostedtoolcache/Python/3.11.11/x64/lib/python3.11/site-packages/allure_commons/_allure.py\", line 192, in impl\n    return func(*a, **kw)\n           ^^^^^^^^^^^^^^\n  File \"/home/runner/work/luma_project/luma_project/pages/base_page.py\", line 50, in element_is_present\n    return wait(self.driver, timeout).until(EC.presence_of_element_located(locator))\n           ^^^^^^^^^^^^^^^^^^^^^^^^^^^^^^^^^^^^^^^^^^^^^^^^^^^^^^^^^^^^^^^^^^^^^^^^^\n  File \"/opt/hostedtoolcache/Python/3.11.11/x64/lib/python3.11/site-packages/selenium/webdriver/support/wait.py\", line 95, in until\n    raise TimeoutException(message, screen, stacktrace)\n","steps":[{"name":"Find a present element","time":{"start":1735438071466,"stop":1735438076617,"duration":5151},"status":"broken","statusMessage":"selenium.common.exceptions.TimeoutException: Message: \nStacktrace:\n#0 0x560f2233531a <unknown>\n#1 0x560f21e4b6e0 <unknown>\n#2 0x560f21e9a3e6 <unknown>\n#3 0x560f21e9a681 <unknown>\n#4 0x560f21edfb04 <unknown>\n#5 0x560f21ebe48d <unknown>\n#6 0x560f21edced7 <unknown>\n#7 0x560f21ebe203 <unknown>\n#8 0x560f21e8ccc0 <unknown>\n#9 0x560f21e8dc9e <unknown>\n#10 0x560f22302d0b <unknown>\n#11 0x560f22306c92 <unknown>\n#12 0x560f222efb3c <unknown>\n#13 0x560f22307807 <unknown>\n#14 0x560f222d50df <unknown>\n#15 0x560f22324578 <unknown>\n#16 0x560f22324740 <unknown>\n#17 0x560f22334196 <unknown>\n#18 0x7fb546c9ca94 <unknown>\n#19 0x7fb546d29c3c <unknown>\n\n","statusTrace":"  File \"/opt/hostedtoolcache/Python/3.11.11/x64/lib/python3.11/site-packages/allure_commons/_allure.py\", line 192, in impl\n    return func(*a, **kw)\n           ^^^^^^^^^^^^^^\n  File \"/home/runner/work/luma_project/luma_project/pages/base_page.py\", line 50, in element_is_present\n    return wait(self.driver, timeout).until(EC.presence_of_element_located(locator))\n           ^^^^^^^^^^^^^^^^^^^^^^^^^^^^^^^^^^^^^^^^^^^^^^^^^^^^^^^^^^^^^^^^^^^^^^^^^\n  File \"/opt/hostedtoolcache/Python/3.11.11/x64/lib/python3.11/site-packages/selenium/webdriver/support/wait.py\", line 95, in until\n    raise TimeoutException(message, screen, stacktrace)\n","steps":[],"attachments":[],"parameters":[{"name":"locator","value":"('id', 'firstname')"},{"name":"timeout","value":"5"}],"shouldDisplayMessage":true,"stepsCount":0,"attachmentsCount":0,"hasContent":true,"attachmentStep":false}],"attachments":[],"parameters":[{"name":"locator","value":"('id', 'firstname')"},{"name":"timeout","value":"10"}],"shouldDisplayMessage":false,"stepsCount":1,"attachmentsCount":0,"hasContent":true,"attachmentStep":false}],"attachments":[],"parameters":[],"shouldDisplayMessage":false,"stepsCount":2,"attachmentsCount":0,"hasContent":true,"attachmentStep":false}],"attachments":[{"uid":"f9f8af12bdae48a9","name":"Screenshot","source":"f9f8af12bdae48a9.png","type":"image/png","size":87526},{"uid":"fb5969d6c9de6c11","name":"HTML source","source":"fb5969d6c9de6c11.html","type":"text/html","size":6660}],"parameters":[],"shouldDisplayMessage":true,"stepsCount":3,"attachmentsCount":2,"hasContent":true,"attachmentStep":false},"afterStages":[{"name":"driver::0","time":{"start":1735438076731,"stop":1735438076795,"duration":64},"status":"passed","steps":[],"attachments":[],"parameters":[],"shouldDisplayMessage":false,"stepsCount":0,"attachmentsCount":0,"hasContent":false,"attachmentStep":false},{"name":"clear_allure_result_folder::0","time":{"start":1735439455168,"stop":1735439455168,"duration":0},"status":"passed","steps":[],"attachments":[],"parameters":[],"shouldDisplayMessage":false,"stepsCount":0,"attachmentsCount":0,"hasContent":false,"attachmentStep":false}],"labels":[{"name":"epic","value":"Create An Account"},{"name":"parentSuite","value":"tests"},{"name":"suite","value":"test_create_an_account"},{"name":"subSuite","value":"TestCreateAnAccount"},{"name":"host","value":"fv-az1314-353"},{"name":"thread","value":"2780-MainThread"},{"name":"framework","value":"pytest"},{"name":"language","value":"cpython3"},{"name":"package","value":"tests.test_create_an_account"},{"name":"resultFormat","value":"allure2"}],"parameters":[],"links":[],"hidden":false,"retry":false,"extra":{"severity":"normal","retries":[],"categories":[{"name":"Test defects","matchedStatuses":[],"flaky":false}],"tags":[]},"source":"aa9790710657f9ea.json","parameterValues":[]}