{"uid":"f3c1f11291785f69","name":"test 04.02.08 create an account with registered email","fullName":"tests.test_create_an_account.TestCreateAnAccount#test_tc_04_02_08_create_account_with_registered_email","historyId":"c101ae59c3b0c9e670864106821cc3ef","time":{"start":1735437979436,"stop":1735437984576,"duration":5140},"description":" Verify that customer can't Create An Account with registered email before ","descriptionHtml":"<p>Verify that customer can't Create An Account with registered email before</p>\n","status":"broken","statusMessage":"selenium.common.exceptions.TimeoutException: Message: \nStacktrace:\n#0 0x55fe5544631a <unknown>\n#1 0x55fe54f5c6e0 <unknown>\n#2 0x55fe54fab3e6 <unknown>\n#3 0x55fe54fab681 <unknown>\n#4 0x55fe54ff0b04 <unknown>\n#5 0x55fe54fcf48d <unknown>\n#6 0x55fe54feded7 <unknown>\n#7 0x55fe54fcf203 <unknown>\n#8 0x55fe54f9dcc0 <unknown>\n#9 0x55fe54f9ec9e <unknown>\n#10 0x55fe55413d0b <unknown>\n#11 0x55fe55417c92 <unknown>\n#12 0x55fe55400b3c <unknown>\n#13 0x55fe55418807 <unknown>\n#14 0x55fe553e60df <unknown>\n#15 0x55fe55435578 <unknown>\n#16 0x55fe55435740 <unknown>\n#17 0x55fe55445196 <unknown>\n#18 0x7f716c89ca94 <unknown>\n#19 0x7f716c929c3c <unknown>","statusTrace":"self = <test_create_an_account.TestCreateAnAccount object at 0x7fb437522dd0>\ncreate_account_page = <pages.create_an_account_page.CreateAccountPage object at 0x7fb4380853d0>\n\n    @allure.title('test 04.02.08 create an account with registered email')\n    def test_tc_04_02_08_create_account_with_registered_email(self, create_account_page):\n        \"\"\" Verify that customer can't Create An Account with registered email before \"\"\"\n>       message = create_account_page.create_with_email()\n\ntests/test_create_an_account.py:164: \n_ _ _ _ _ _ _ _ _ _ _ _ _ _ _ _ _ _ _ _ _ _ _ _ _ _ _ _ _ _ _ _ _ _ _ _ _ _ _ _ \npages/create_an_account_page.py:285: in create_with_email\n    self.element_is_visible(self.locators.FIRST_NAME).send_keys('test')\npages/base_page.py:29: in element_is_visible\n    self.go_to_element(self.element_is_present(locator))\npages/base_page.py:50: in element_is_present\n    return wait(self.driver, timeout).until(EC.presence_of_element_located(locator))\n_ _ _ _ _ _ _ _ _ _ _ _ _ _ _ _ _ _ _ _ _ _ _ _ _ _ _ _ _ _ _ _ _ _ _ _ _ _ _ _ \n\nself = <selenium.webdriver.support.wait.WebDriverWait (session=\"c88b1eebc12d5d371dc1821ad6d191b1\")>\nmethod = <function presence_of_element_located.<locals>._predicate at 0x7fb4365d9b20>\nmessage = ''\n\n    def until(self, method, message: str = \"\"):\n        \"\"\"Calls the method provided with the driver as an argument until the \\\n        return value does not evaluate to ``False``.\n    \n        :param method: callable(WebDriver)\n        :param message: optional message for :exc:`TimeoutException`\n        :returns: the result of the last call to `method`\n        :raises: :exc:`selenium.common.exceptions.TimeoutException` if timeout occurs\n        \"\"\"\n        screen = None\n        stacktrace = None\n    \n        end_time = time.monotonic() + self._timeout\n        while True:\n            try:\n                value = method(self._driver)\n                if value:\n                    return value\n            except self._ignored_exceptions as exc:\n                screen = getattr(exc, \"screen\", None)\n                stacktrace = getattr(exc, \"stacktrace\", None)\n            time.sleep(self._poll)\n            if time.monotonic() > end_time:\n                break\n>       raise TimeoutException(message, screen, stacktrace)\nE       selenium.common.exceptions.TimeoutException: Message: \nE       Stacktrace:\nE       #0 0x55fe5544631a <unknown>\nE       #1 0x55fe54f5c6e0 <unknown>\nE       #2 0x55fe54fab3e6 <unknown>\nE       #3 0x55fe54fab681 <unknown>\nE       #4 0x55fe54ff0b04 <unknown>\nE       #5 0x55fe54fcf48d <unknown>\nE       #6 0x55fe54feded7 <unknown>\nE       #7 0x55fe54fcf203 <unknown>\nE       #8 0x55fe54f9dcc0 <unknown>\nE       #9 0x55fe54f9ec9e <unknown>\nE       #10 0x55fe55413d0b <unknown>\nE       #11 0x55fe55417c92 <unknown>\nE       #12 0x55fe55400b3c <unknown>\nE       #13 0x55fe55418807 <unknown>\nE       #14 0x55fe553e60df <unknown>\nE       #15 0x55fe55435578 <unknown>\nE       #16 0x55fe55435740 <unknown>\nE       #17 0x55fe55445196 <unknown>\nE       #18 0x7f716c89ca94 <unknown>\nE       #19 0x7f716c929c3c <unknown>\n\n/opt/hostedtoolcache/Python/3.11.11/x64/lib/python3.11/site-packages/selenium/webdriver/support/wait.py:95: TimeoutException","flaky":false,"newFailed":false,"newBroken":false,"newPassed":false,"retriesCount":0,"retriesStatusChange":false,"beforeStages":[{"name":"_session_faker","time":{"start":1735436722698,"stop":1735436722759,"duration":61},"status":"passed","steps":[],"attachments":[],"parameters":[],"shouldDisplayMessage":false,"stepsCount":0,"attachmentsCount":0,"hasContent":false,"attachmentStep":false},{"name":"clear_allure_result_folder","time":{"start":1735436722760,"stop":1735436722760,"duration":0},"status":"passed","steps":[],"attachments":[],"parameters":[],"shouldDisplayMessage":false,"stepsCount":0,"attachmentsCount":0,"hasContent":false,"attachmentStep":false},{"name":"driver","time":{"start":1735437939306,"stop":1735437940571,"duration":1265},"status":"passed","steps":[],"attachments":[],"parameters":[],"shouldDisplayMessage":false,"stepsCount":0,"attachmentsCount":0,"hasContent":false,"attachmentStep":false},{"name":"create_account_page","time":{"start":1735437940571,"stop":1735437979436,"duration":38865},"status":"passed","steps":[{"name":"Open a browser","time":{"start":1735437940571,"stop":1735437979436,"duration":38865},"status":"passed","steps":[],"attachments":[],"parameters":[],"shouldDisplayMessage":false,"stepsCount":0,"attachmentsCount":0,"hasContent":false,"attachmentStep":false}],"attachments":[],"parameters":[],"shouldDisplayMessage":false,"stepsCount":1,"attachmentsCount":0,"hasContent":true,"attachmentStep":false}],"testStage":{"description":" Verify that customer can't Create An Account with registered email before ","status":"broken","statusMessage":"selenium.common.exceptions.TimeoutException: Message: \nStacktrace:\n#0 0x55fe5544631a <unknown>\n#1 0x55fe54f5c6e0 <unknown>\n#2 0x55fe54fab3e6 <unknown>\n#3 0x55fe54fab681 <unknown>\n#4 0x55fe54ff0b04 <unknown>\n#5 0x55fe54fcf48d <unknown>\n#6 0x55fe54feded7 <unknown>\n#7 0x55fe54fcf203 <unknown>\n#8 0x55fe54f9dcc0 <unknown>\n#9 0x55fe54f9ec9e <unknown>\n#10 0x55fe55413d0b <unknown>\n#11 0x55fe55417c92 <unknown>\n#12 0x55fe55400b3c <unknown>\n#13 0x55fe55418807 <unknown>\n#14 0x55fe553e60df <unknown>\n#15 0x55fe55435578 <unknown>\n#16 0x55fe55435740 <unknown>\n#17 0x55fe55445196 <unknown>\n#18 0x7f716c89ca94 <unknown>\n#19 0x7f716c929c3c <unknown>","statusTrace":"self = <test_create_an_account.TestCreateAnAccount object at 0x7fb437522dd0>\ncreate_account_page = <pages.create_an_account_page.CreateAccountPage object at 0x7fb4380853d0>\n\n    @allure.title('test 04.02.08 create an account with registered email')\n    def test_tc_04_02_08_create_account_with_registered_email(self, create_account_page):\n        \"\"\" Verify that customer can't Create An Account with registered email before \"\"\"\n>       message = create_account_page.create_with_email()\n\ntests/test_create_an_account.py:164: \n_ _ _ _ _ _ _ _ _ _ _ _ _ _ _ _ _ _ _ _ _ _ _ _ _ _ _ _ _ _ _ _ _ _ _ _ _ _ _ _ \npages/create_an_account_page.py:285: in create_with_email\n    self.element_is_visible(self.locators.FIRST_NAME).send_keys('test')\npages/base_page.py:29: in element_is_visible\n    self.go_to_element(self.element_is_present(locator))\npages/base_page.py:50: in element_is_present\n    return wait(self.driver, timeout).until(EC.presence_of_element_located(locator))\n_ _ _ _ _ _ _ _ _ _ _ _ _ _ _ _ _ _ _ _ _ _ _ _ _ _ _ _ _ _ _ _ _ _ _ _ _ _ _ _ \n\nself = <selenium.webdriver.support.wait.WebDriverWait (session=\"c88b1eebc12d5d371dc1821ad6d191b1\")>\nmethod = <function presence_of_element_located.<locals>._predicate at 0x7fb4365d9b20>\nmessage = ''\n\n    def until(self, method, message: str = \"\"):\n        \"\"\"Calls the method provided with the driver as an argument until the \\\n        return value does not evaluate to ``False``.\n    \n        :param method: callable(WebDriver)\n        :param message: optional message for :exc:`TimeoutException`\n        :returns: the result of the last call to `method`\n        :raises: :exc:`selenium.common.exceptions.TimeoutException` if timeout occurs\n        \"\"\"\n        screen = None\n        stacktrace = None\n    \n        end_time = time.monotonic() + self._timeout\n        while True:\n            try:\n                value = method(self._driver)\n                if value:\n                    return value\n            except self._ignored_exceptions as exc:\n                screen = getattr(exc, \"screen\", None)\n                stacktrace = getattr(exc, \"stacktrace\", None)\n            time.sleep(self._poll)\n            if time.monotonic() > end_time:\n                break\n>       raise TimeoutException(message, screen, stacktrace)\nE       selenium.common.exceptions.TimeoutException: Message: \nE       Stacktrace:\nE       #0 0x55fe5544631a <unknown>\nE       #1 0x55fe54f5c6e0 <unknown>\nE       #2 0x55fe54fab3e6 <unknown>\nE       #3 0x55fe54fab681 <unknown>\nE       #4 0x55fe54ff0b04 <unknown>\nE       #5 0x55fe54fcf48d <unknown>\nE       #6 0x55fe54feded7 <unknown>\nE       #7 0x55fe54fcf203 <unknown>\nE       #8 0x55fe54f9dcc0 <unknown>\nE       #9 0x55fe54f9ec9e <unknown>\nE       #10 0x55fe55413d0b <unknown>\nE       #11 0x55fe55417c92 <unknown>\nE       #12 0x55fe55400b3c <unknown>\nE       #13 0x55fe55418807 <unknown>\nE       #14 0x55fe553e60df <unknown>\nE       #15 0x55fe55435578 <unknown>\nE       #16 0x55fe55435740 <unknown>\nE       #17 0x55fe55445196 <unknown>\nE       #18 0x7f716c89ca94 <unknown>\nE       #19 0x7f716c929c3c <unknown>\n\n/opt/hostedtoolcache/Python/3.11.11/x64/lib/python3.11/site-packages/selenium/webdriver/support/wait.py:95: TimeoutException","steps":[{"name":"Create an account with registered e-mail","time":{"start":1735437979436,"stop":1735437984575,"duration":5139},"status":"broken","statusMessage":"selenium.common.exceptions.TimeoutException: Message: \nStacktrace:\n#0 0x55fe5544631a <unknown>\n#1 0x55fe54f5c6e0 <unknown>\n#2 0x55fe54fab3e6 <unknown>\n#3 0x55fe54fab681 <unknown>\n#4 0x55fe54ff0b04 <unknown>\n#5 0x55fe54fcf48d <unknown>\n#6 0x55fe54feded7 <unknown>\n#7 0x55fe54fcf203 <unknown>\n#8 0x55fe54f9dcc0 <unknown>\n#9 0x55fe54f9ec9e <unknown>\n#10 0x55fe55413d0b <unknown>\n#11 0x55fe55417c92 <unknown>\n#12 0x55fe55400b3c <unknown>\n#13 0x55fe55418807 <unknown>\n#14 0x55fe553e60df <unknown>\n#15 0x55fe55435578 <unknown>\n#16 0x55fe55435740 <unknown>\n#17 0x55fe55445196 <unknown>\n#18 0x7f716c89ca94 <unknown>\n#19 0x7f716c929c3c <unknown>\n\n","statusTrace":"  File \"/opt/hostedtoolcache/Python/3.11.11/x64/lib/python3.11/site-packages/allure_commons/_allure.py\", line 192, in impl\n    return func(*a, **kw)\n           ^^^^^^^^^^^^^^\n  File \"/home/runner/work/luma_project/luma_project/pages/create_an_account_page.py\", line 285, in create_with_email\n    self.element_is_visible(self.locators.FIRST_NAME).send_keys('test')\n    ^^^^^^^^^^^^^^^^^^^^^^^^^^^^^^^^^^^^^^^^^^^^^^^^^\n  File \"/opt/hostedtoolcache/Python/3.11.11/x64/lib/python3.11/site-packages/allure_commons/_allure.py\", line 192, in impl\n    return func(*a, **kw)\n           ^^^^^^^^^^^^^^\n  File \"/home/runner/work/luma_project/luma_project/pages/base_page.py\", line 29, in element_is_visible\n    self.go_to_element(self.element_is_present(locator))\n                       ^^^^^^^^^^^^^^^^^^^^^^^^^^^^^^^^\n  File \"/opt/hostedtoolcache/Python/3.11.11/x64/lib/python3.11/site-packages/allure_commons/_allure.py\", line 192, in impl\n    return func(*a, **kw)\n           ^^^^^^^^^^^^^^\n  File \"/home/runner/work/luma_project/luma_project/pages/base_page.py\", line 50, in element_is_present\n    return wait(self.driver, timeout).until(EC.presence_of_element_located(locator))\n           ^^^^^^^^^^^^^^^^^^^^^^^^^^^^^^^^^^^^^^^^^^^^^^^^^^^^^^^^^^^^^^^^^^^^^^^^^\n  File \"/opt/hostedtoolcache/Python/3.11.11/x64/lib/python3.11/site-packages/selenium/webdriver/support/wait.py\", line 95, in until\n    raise TimeoutException(message, screen, stacktrace)\n","steps":[{"name":"Find a visible element","time":{"start":1735437979436,"stop":1735437984575,"duration":5139},"status":"broken","statusMessage":"selenium.common.exceptions.TimeoutException: Message: \nStacktrace:\n#0 0x55fe5544631a <unknown>\n#1 0x55fe54f5c6e0 <unknown>\n#2 0x55fe54fab3e6 <unknown>\n#3 0x55fe54fab681 <unknown>\n#4 0x55fe54ff0b04 <unknown>\n#5 0x55fe54fcf48d <unknown>\n#6 0x55fe54feded7 <unknown>\n#7 0x55fe54fcf203 <unknown>\n#8 0x55fe54f9dcc0 <unknown>\n#9 0x55fe54f9ec9e <unknown>\n#10 0x55fe55413d0b <unknown>\n#11 0x55fe55417c92 <unknown>\n#12 0x55fe55400b3c <unknown>\n#13 0x55fe55418807 <unknown>\n#14 0x55fe553e60df <unknown>\n#15 0x55fe55435578 <unknown>\n#16 0x55fe55435740 <unknown>\n#17 0x55fe55445196 <unknown>\n#18 0x7f716c89ca94 <unknown>\n#19 0x7f716c929c3c <unknown>\n\n","statusTrace":"  File \"/opt/hostedtoolcache/Python/3.11.11/x64/lib/python3.11/site-packages/allure_commons/_allure.py\", line 192, in impl\n    return func(*a, **kw)\n           ^^^^^^^^^^^^^^\n  File \"/home/runner/work/luma_project/luma_project/pages/base_page.py\", line 29, in element_is_visible\n    self.go_to_element(self.element_is_present(locator))\n                       ^^^^^^^^^^^^^^^^^^^^^^^^^^^^^^^^\n  File \"/opt/hostedtoolcache/Python/3.11.11/x64/lib/python3.11/site-packages/allure_commons/_allure.py\", line 192, in impl\n    return func(*a, **kw)\n           ^^^^^^^^^^^^^^\n  File \"/home/runner/work/luma_project/luma_project/pages/base_page.py\", line 50, in element_is_present\n    return wait(self.driver, timeout).until(EC.presence_of_element_located(locator))\n           ^^^^^^^^^^^^^^^^^^^^^^^^^^^^^^^^^^^^^^^^^^^^^^^^^^^^^^^^^^^^^^^^^^^^^^^^^\n  File \"/opt/hostedtoolcache/Python/3.11.11/x64/lib/python3.11/site-packages/selenium/webdriver/support/wait.py\", line 95, in until\n    raise TimeoutException(message, screen, stacktrace)\n","steps":[{"name":"Find a present element","time":{"start":1735437979436,"stop":1735437984575,"duration":5139},"status":"broken","statusMessage":"selenium.common.exceptions.TimeoutException: Message: \nStacktrace:\n#0 0x55fe5544631a <unknown>\n#1 0x55fe54f5c6e0 <unknown>\n#2 0x55fe54fab3e6 <unknown>\n#3 0x55fe54fab681 <unknown>\n#4 0x55fe54ff0b04 <unknown>\n#5 0x55fe54fcf48d <unknown>\n#6 0x55fe54feded7 <unknown>\n#7 0x55fe54fcf203 <unknown>\n#8 0x55fe54f9dcc0 <unknown>\n#9 0x55fe54f9ec9e <unknown>\n#10 0x55fe55413d0b <unknown>\n#11 0x55fe55417c92 <unknown>\n#12 0x55fe55400b3c <unknown>\n#13 0x55fe55418807 <unknown>\n#14 0x55fe553e60df <unknown>\n#15 0x55fe55435578 <unknown>\n#16 0x55fe55435740 <unknown>\n#17 0x55fe55445196 <unknown>\n#18 0x7f716c89ca94 <unknown>\n#19 0x7f716c929c3c <unknown>\n\n","statusTrace":"  File \"/opt/hostedtoolcache/Python/3.11.11/x64/lib/python3.11/site-packages/allure_commons/_allure.py\", line 192, in impl\n    return func(*a, **kw)\n           ^^^^^^^^^^^^^^\n  File \"/home/runner/work/luma_project/luma_project/pages/base_page.py\", line 50, in element_is_present\n    return wait(self.driver, timeout).until(EC.presence_of_element_located(locator))\n           ^^^^^^^^^^^^^^^^^^^^^^^^^^^^^^^^^^^^^^^^^^^^^^^^^^^^^^^^^^^^^^^^^^^^^^^^^\n  File \"/opt/hostedtoolcache/Python/3.11.11/x64/lib/python3.11/site-packages/selenium/webdriver/support/wait.py\", line 95, in until\n    raise TimeoutException(message, screen, stacktrace)\n","steps":[],"attachments":[],"parameters":[{"name":"locator","value":"('id', 'firstname')"},{"name":"timeout","value":"5"}],"shouldDisplayMessage":true,"stepsCount":0,"attachmentsCount":0,"hasContent":true,"attachmentStep":false}],"attachments":[],"parameters":[{"name":"locator","value":"('id', 'firstname')"},{"name":"timeout","value":"10"}],"shouldDisplayMessage":false,"stepsCount":1,"attachmentsCount":0,"hasContent":true,"attachmentStep":false}],"attachments":[],"parameters":[],"shouldDisplayMessage":false,"stepsCount":2,"attachmentsCount":0,"hasContent":true,"attachmentStep":false}],"attachments":[{"uid":"d127f3dbb900bd87","name":"Screenshot","source":"d127f3dbb900bd87.png","type":"image/png","size":102843},{"uid":"2731cbd50eb173be","name":"HTML source","source":"2731cbd50eb173be.html","type":"text/html","size":6911}],"parameters":[],"shouldDisplayMessage":true,"stepsCount":3,"attachmentsCount":2,"hasContent":true,"attachmentStep":false},"afterStages":[{"name":"driver::0","time":{"start":1735437984684,"stop":1735437984752,"duration":68},"status":"passed","steps":[],"attachments":[],"parameters":[],"shouldDisplayMessage":false,"stepsCount":0,"attachmentsCount":0,"hasContent":false,"attachmentStep":false},{"name":"clear_allure_result_folder::0","time":{"start":1735439455168,"stop":1735439455168,"duration":0},"status":"passed","steps":[],"attachments":[],"parameters":[],"shouldDisplayMessage":false,"stepsCount":0,"attachmentsCount":0,"hasContent":false,"attachmentStep":false}],"labels":[{"name":"epic","value":"Create An Account"},{"name":"parentSuite","value":"tests"},{"name":"suite","value":"test_create_an_account"},{"name":"subSuite","value":"TestCreateAnAccount"},{"name":"host","value":"fv-az1314-353"},{"name":"thread","value":"2780-MainThread"},{"name":"framework","value":"pytest"},{"name":"language","value":"cpython3"},{"name":"package","value":"tests.test_create_an_account"},{"name":"resultFormat","value":"allure2"}],"parameters":[],"links":[],"hidden":false,"retry":false,"extra":{"severity":"normal","retries":[],"categories":[{"name":"Test defects","matchedStatuses":[],"flaky":false}],"tags":[]},"source":"f3c1f11291785f69.json","parameterValues":[]}