{"uid":"95d05f9402835377","name":"TC 02.01.32 - Check text of Write for us link on each page specified in DATA_1","fullName":"tests.test_footer.TestFooter#test_tc_02_01_32_check_text_of_write_for_us_link_on_pages","historyId":"27d4644d484c5fead378278f7d4af6ee","time":{"start":1703034847589,"stop":1703034857555,"duration":9966},"description":"Checks if text of Write for us link is correct on each page in DATA_1","descriptionHtml":"<p>Checks if text of Write for us link is correct on each page in DATA_1</p>\n","status":"broken","statusMessage":"selenium.common.exceptions.NoSuchElementException: Message: no such element: Unable to locate element: {\"method\":\"css selector\",\"selector\":\".footer div ul :nth-child(1) a\"}\n  (Session info: chrome=120.0.6099.71); For documentation on this error, please visit: https://www.selenium.dev/documentation/webdriver/troubleshooting/errors#no-such-element-exception\nStacktrace:\n#0 0x55ae18d5fd33 <unknown>\n#1 0x55ae18a1cf87 <unknown>\n#2 0x55ae18a6cc0e <unknown>\n#3 0x55ae18a6cd11 <unknown>\n#4 0x55ae18ab8004 <unknown>\n#5 0x55ae18a9636d <unknown>\n#6 0x55ae18ab5297 <unknown>\n#7 0x55ae18a960e3 <unknown>\n#8 0x55ae18a5e044 <unknown>\n#9 0x55ae18a5f44e <unknown>\n#10 0x55ae18d24861 <unknown>\n#11 0x55ae18d28785 <unknown>\n#12 0x55ae18d12285 <unknown>\n#13 0x55ae18d2941f <unknown>\n#14 0x55ae18cf620f <unknown>\n#15 0x55ae18d4d028 <unknown>\n#16 0x55ae18d4d1f7 <unknown>\n#17 0x55ae18d5eed4 <unknown>\n#18 0x7fe375c94ac3 <unknown>","statusTrace":"self = <test_footer.TestFooter object at 0x7f3c08d5cbd0>\ndriver = <selenium.webdriver.chrome.webdriver.WebDriver (session=\"ee5c1d3e6fe6f40b6e7b857b39b1ce67\")>\nURL = 'https://magento.softwaretestingboard.com/'\n\n    @allure.title(\"TC 02.01.32 - Check text of Write for us link on each page specified in DATA_1\")\n    @pytest.mark.parametrize('URL', DATA_1)\n    def test_tc_02_01_32_check_text_of_write_for_us_link_on_pages(self, driver, URL):\n        \"\"\"Checks if text of Write for us link is correct on each page in DATA_1\"\"\"\n        page = FooterPage(driver, url=URL)\n        page.open()\n>       actual_text = page.check_text_of_write_for_us_link()\n\ntests/test_footer.py:266: \n_ _ _ _ _ _ _ _ _ _ _ _ _ _ _ _ _ _ _ _ _ _ _ _ _ _ _ _ _ _ _ _ _ _ _ _ _ _ _ _ \npages/footer_page.py:248: in check_text_of_write_for_us_link\n    link_text = self.driver.find_element(*self.footer_locators.WRITE_FOR_US_LINK).text\n/opt/hostedtoolcache/Python/3.11.7/x64/lib/python3.11/site-packages/selenium/webdriver/remote/webdriver.py:738: in find_element\n    return self.execute(Command.FIND_ELEMENT, {\"using\": by, \"value\": value})[\"value\"]\n/opt/hostedtoolcache/Python/3.11.7/x64/lib/python3.11/site-packages/selenium/webdriver/remote/webdriver.py:344: in execute\n    self.error_handler.check_response(response)\n_ _ _ _ _ _ _ _ _ _ _ _ _ _ _ _ _ _ _ _ _ _ _ _ _ _ _ _ _ _ _ _ _ _ _ _ _ _ _ _ \n\nself = <selenium.webdriver.remote.errorhandler.ErrorHandler object at 0x7f3c07f0d850>\nresponse = {'status': 404, 'value': '{\"value\":{\"error\":\"no such element\",\"message\":\"no such element: Unable to locate element: {\\...\\\\n#16 0x55ae18d4d1f7 \\\\u003Cunknown>\\\\n#17 0x55ae18d5eed4 \\\\u003Cunknown>\\\\n#18 0x7fe375c94ac3 \\\\u003Cunknown>\\\\n\"}}'}\n\n    def check_response(self, response: Dict[str, Any]) -> None:\n        \"\"\"Checks that a JSON response from the WebDriver does not have an\n        error.\n    \n        :Args:\n         - response - The JSON response from the WebDriver server as a dictionary\n           object.\n    \n        :Raises: If the response contains an error message.\n        \"\"\"\n        status = response.get(\"status\", None)\n        if not status or status == ErrorCode.SUCCESS:\n            return\n        value = None\n        message = response.get(\"message\", \"\")\n        screen: str = response.get(\"screen\", \"\")\n        stacktrace = None\n        if isinstance(status, int):\n            value_json = response.get(\"value\", None)\n            if value_json and isinstance(value_json, str):\n                import json\n    \n                try:\n                    value = json.loads(value_json)\n                    if len(value) == 1:\n                        value = value[\"value\"]\n                    status = value.get(\"error\", None)\n                    if not status:\n                        status = value.get(\"status\", ErrorCode.UNKNOWN_ERROR)\n                        message = value.get(\"value\") or value.get(\"message\")\n                        if not isinstance(message, str):\n                            value = message\n                            message = message.get(\"message\")\n                    else:\n                        message = value.get(\"message\", None)\n                except ValueError:\n                    pass\n    \n        exception_class: Type[WebDriverException]\n        e = ErrorCode()\n        error_codes = [item for item in dir(e) if not item.startswith(\"__\")]\n        for error_code in error_codes:\n            error_info = getattr(ErrorCode, error_code)\n            if isinstance(error_info, list) and status in error_info:\n                exception_class = getattr(ExceptionMapping, error_code, WebDriverException)\n                break\n        else:\n            exception_class = WebDriverException\n    \n        if not value:\n            value = response[\"value\"]\n        if isinstance(value, str):\n            raise exception_class(value)\n        if message == \"\" and \"message\" in value:\n            message = value[\"message\"]\n    \n        screen = None  # type: ignore[assignment]\n        if \"screen\" in value:\n            screen = value[\"screen\"]\n    \n        stacktrace = None\n        st_value = value.get(\"stackTrace\") or value.get(\"stacktrace\")\n        if st_value:\n            if isinstance(st_value, str):\n                stacktrace = st_value.split(\"\\n\")\n            else:\n                stacktrace = []\n                try:\n                    for frame in st_value:\n                        line = frame.get(\"lineNumber\", \"\")\n                        file = frame.get(\"fileName\", \"<anonymous>\")\n                        if line:\n                            file = f\"{file}:{line}\"\n                        meth = frame.get(\"methodName\", \"<anonymous>\")\n                        if \"className\" in frame:\n                            meth = f\"{frame['className']}.{meth}\"\n                        msg = \"    at %s (%s)\"\n                        msg = msg % (meth, file)\n                        stacktrace.append(msg)\n                except TypeError:\n                    pass\n        if exception_class == UnexpectedAlertPresentException:\n            alert_text = None\n            if \"data\" in value:\n                alert_text = value[\"data\"].get(\"text\")\n            elif \"alert\" in value:\n                alert_text = value[\"alert\"].get(\"text\")\n            raise exception_class(message, screen, stacktrace, alert_text)  # type: ignore[call-arg]  # mypy is not smart enough here\n>       raise exception_class(message, screen, stacktrace)\nE       selenium.common.exceptions.NoSuchElementException: Message: no such element: Unable to locate element: {\"method\":\"css selector\",\"selector\":\".footer div ul :nth-child(1) a\"}\nE         (Session info: chrome=120.0.6099.71); For documentation on this error, please visit: https://www.selenium.dev/documentation/webdriver/troubleshooting/errors#no-such-element-exception\nE       Stacktrace:\nE       #0 0x55ae18d5fd33 <unknown>\nE       #1 0x55ae18a1cf87 <unknown>\nE       #2 0x55ae18a6cc0e <unknown>\nE       #3 0x55ae18a6cd11 <unknown>\nE       #4 0x55ae18ab8004 <unknown>\nE       #5 0x55ae18a9636d <unknown>\nE       #6 0x55ae18ab5297 <unknown>\nE       #7 0x55ae18a960e3 <unknown>\nE       #8 0x55ae18a5e044 <unknown>\nE       #9 0x55ae18a5f44e <unknown>\nE       #10 0x55ae18d24861 <unknown>\nE       #11 0x55ae18d28785 <unknown>\nE       #12 0x55ae18d12285 <unknown>\nE       #13 0x55ae18d2941f <unknown>\nE       #14 0x55ae18cf620f <unknown>\nE       #15 0x55ae18d4d028 <unknown>\nE       #16 0x55ae18d4d1f7 <unknown>\nE       #17 0x55ae18d5eed4 <unknown>\nE       #18 0x7fe375c94ac3 <unknown>\n\n/opt/hostedtoolcache/Python/3.11.7/x64/lib/python3.11/site-packages/selenium/webdriver/remote/errorhandler.py:229: NoSuchElementException","flaky":false,"newFailed":false,"newBroken":true,"newPassed":false,"retriesCount":0,"retriesStatusChange":false,"beforeStages":[{"name":"_session_faker","time":{"start":1703034003307,"stop":1703034003370,"duration":63},"status":"passed","steps":[],"attachments":[],"parameters":[],"shouldDisplayMessage":false,"stepsCount":0,"attachmentsCount":0,"hasContent":false,"attachmentStep":false},{"name":"clear_allure_result_folder","time":{"start":1703034003370,"stop":1703034003370,"duration":0},"status":"passed","steps":[],"attachments":[],"parameters":[],"shouldDisplayMessage":false,"stepsCount":0,"attachmentsCount":0,"hasContent":false,"attachmentStep":false},{"name":"driver","time":{"start":1703034846621,"stop":1703034847588,"duration":967},"status":"passed","steps":[],"attachments":[],"parameters":[],"shouldDisplayMessage":false,"stepsCount":0,"attachmentsCount":0,"hasContent":false,"attachmentStep":false}],"testStage":{"description":"Checks if text of Write for us link is correct on each page in DATA_1","status":"broken","statusMessage":"selenium.common.exceptions.NoSuchElementException: Message: no such element: Unable to locate element: {\"method\":\"css selector\",\"selector\":\".footer div ul :nth-child(1) a\"}\n  (Session info: chrome=120.0.6099.71); For documentation on this error, please visit: https://www.selenium.dev/documentation/webdriver/troubleshooting/errors#no-such-element-exception\nStacktrace:\n#0 0x55ae18d5fd33 <unknown>\n#1 0x55ae18a1cf87 <unknown>\n#2 0x55ae18a6cc0e <unknown>\n#3 0x55ae18a6cd11 <unknown>\n#4 0x55ae18ab8004 <unknown>\n#5 0x55ae18a9636d <unknown>\n#6 0x55ae18ab5297 <unknown>\n#7 0x55ae18a960e3 <unknown>\n#8 0x55ae18a5e044 <unknown>\n#9 0x55ae18a5f44e <unknown>\n#10 0x55ae18d24861 <unknown>\n#11 0x55ae18d28785 <unknown>\n#12 0x55ae18d12285 <unknown>\n#13 0x55ae18d2941f <unknown>\n#14 0x55ae18cf620f <unknown>\n#15 0x55ae18d4d028 <unknown>\n#16 0x55ae18d4d1f7 <unknown>\n#17 0x55ae18d5eed4 <unknown>\n#18 0x7fe375c94ac3 <unknown>","statusTrace":"self = <test_footer.TestFooter object at 0x7f3c08d5cbd0>\ndriver = <selenium.webdriver.chrome.webdriver.WebDriver (session=\"ee5c1d3e6fe6f40b6e7b857b39b1ce67\")>\nURL = 'https://magento.softwaretestingboard.com/'\n\n    @allure.title(\"TC 02.01.32 - Check text of Write for us link on each page specified in DATA_1\")\n    @pytest.mark.parametrize('URL', DATA_1)\n    def test_tc_02_01_32_check_text_of_write_for_us_link_on_pages(self, driver, URL):\n        \"\"\"Checks if text of Write for us link is correct on each page in DATA_1\"\"\"\n        page = FooterPage(driver, url=URL)\n        page.open()\n>       actual_text = page.check_text_of_write_for_us_link()\n\ntests/test_footer.py:266: \n_ _ _ _ _ _ _ _ _ _ _ _ _ _ _ _ _ _ _ _ _ _ _ _ _ _ _ _ _ _ _ _ _ _ _ _ _ _ _ _ \npages/footer_page.py:248: in check_text_of_write_for_us_link\n    link_text = self.driver.find_element(*self.footer_locators.WRITE_FOR_US_LINK).text\n/opt/hostedtoolcache/Python/3.11.7/x64/lib/python3.11/site-packages/selenium/webdriver/remote/webdriver.py:738: in find_element\n    return self.execute(Command.FIND_ELEMENT, {\"using\": by, \"value\": value})[\"value\"]\n/opt/hostedtoolcache/Python/3.11.7/x64/lib/python3.11/site-packages/selenium/webdriver/remote/webdriver.py:344: in execute\n    self.error_handler.check_response(response)\n_ _ _ _ _ _ _ _ _ _ _ _ _ _ _ _ _ _ _ _ _ _ _ _ _ _ _ _ _ _ _ _ _ _ _ _ _ _ _ _ \n\nself = <selenium.webdriver.remote.errorhandler.ErrorHandler object at 0x7f3c07f0d850>\nresponse = {'status': 404, 'value': '{\"value\":{\"error\":\"no such element\",\"message\":\"no such element: Unable to locate element: {\\...\\\\n#16 0x55ae18d4d1f7 \\\\u003Cunknown>\\\\n#17 0x55ae18d5eed4 \\\\u003Cunknown>\\\\n#18 0x7fe375c94ac3 \\\\u003Cunknown>\\\\n\"}}'}\n\n    def check_response(self, response: Dict[str, Any]) -> None:\n        \"\"\"Checks that a JSON response from the WebDriver does not have an\n        error.\n    \n        :Args:\n         - response - The JSON response from the WebDriver server as a dictionary\n           object.\n    \n        :Raises: If the response contains an error message.\n        \"\"\"\n        status = response.get(\"status\", None)\n        if not status or status == ErrorCode.SUCCESS:\n            return\n        value = None\n        message = response.get(\"message\", \"\")\n        screen: str = response.get(\"screen\", \"\")\n        stacktrace = None\n        if isinstance(status, int):\n            value_json = response.get(\"value\", None)\n            if value_json and isinstance(value_json, str):\n                import json\n    \n                try:\n                    value = json.loads(value_json)\n                    if len(value) == 1:\n                        value = value[\"value\"]\n                    status = value.get(\"error\", None)\n                    if not status:\n                        status = value.get(\"status\", ErrorCode.UNKNOWN_ERROR)\n                        message = value.get(\"value\") or value.get(\"message\")\n                        if not isinstance(message, str):\n                            value = message\n                            message = message.get(\"message\")\n                    else:\n                        message = value.get(\"message\", None)\n                except ValueError:\n                    pass\n    \n        exception_class: Type[WebDriverException]\n        e = ErrorCode()\n        error_codes = [item for item in dir(e) if not item.startswith(\"__\")]\n        for error_code in error_codes:\n            error_info = getattr(ErrorCode, error_code)\n            if isinstance(error_info, list) and status in error_info:\n                exception_class = getattr(ExceptionMapping, error_code, WebDriverException)\n                break\n        else:\n            exception_class = WebDriverException\n    \n        if not value:\n            value = response[\"value\"]\n        if isinstance(value, str):\n            raise exception_class(value)\n        if message == \"\" and \"message\" in value:\n            message = value[\"message\"]\n    \n        screen = None  # type: ignore[assignment]\n        if \"screen\" in value:\n            screen = value[\"screen\"]\n    \n        stacktrace = None\n        st_value = value.get(\"stackTrace\") or value.get(\"stacktrace\")\n        if st_value:\n            if isinstance(st_value, str):\n                stacktrace = st_value.split(\"\\n\")\n            else:\n                stacktrace = []\n                try:\n                    for frame in st_value:\n                        line = frame.get(\"lineNumber\", \"\")\n                        file = frame.get(\"fileName\", \"<anonymous>\")\n                        if line:\n                            file = f\"{file}:{line}\"\n                        meth = frame.get(\"methodName\", \"<anonymous>\")\n                        if \"className\" in frame:\n                            meth = f\"{frame['className']}.{meth}\"\n                        msg = \"    at %s (%s)\"\n                        msg = msg % (meth, file)\n                        stacktrace.append(msg)\n                except TypeError:\n                    pass\n        if exception_class == UnexpectedAlertPresentException:\n            alert_text = None\n            if \"data\" in value:\n                alert_text = value[\"data\"].get(\"text\")\n            elif \"alert\" in value:\n                alert_text = value[\"alert\"].get(\"text\")\n            raise exception_class(message, screen, stacktrace, alert_text)  # type: ignore[call-arg]  # mypy is not smart enough here\n>       raise exception_class(message, screen, stacktrace)\nE       selenium.common.exceptions.NoSuchElementException: Message: no such element: Unable to locate element: {\"method\":\"css selector\",\"selector\":\".footer div ul :nth-child(1) a\"}\nE         (Session info: chrome=120.0.6099.71); For documentation on this error, please visit: https://www.selenium.dev/documentation/webdriver/troubleshooting/errors#no-such-element-exception\nE       Stacktrace:\nE       #0 0x55ae18d5fd33 <unknown>\nE       #1 0x55ae18a1cf87 <unknown>\nE       #2 0x55ae18a6cc0e <unknown>\nE       #3 0x55ae18a6cd11 <unknown>\nE       #4 0x55ae18ab8004 <unknown>\nE       #5 0x55ae18a9636d <unknown>\nE       #6 0x55ae18ab5297 <unknown>\nE       #7 0x55ae18a960e3 <unknown>\nE       #8 0x55ae18a5e044 <unknown>\nE       #9 0x55ae18a5f44e <unknown>\nE       #10 0x55ae18d24861 <unknown>\nE       #11 0x55ae18d28785 <unknown>\nE       #12 0x55ae18d12285 <unknown>\nE       #13 0x55ae18d2941f <unknown>\nE       #14 0x55ae18cf620f <unknown>\nE       #15 0x55ae18d4d028 <unknown>\nE       #16 0x55ae18d4d1f7 <unknown>\nE       #17 0x55ae18d5eed4 <unknown>\nE       #18 0x7fe375c94ac3 <unknown>\n\n/opt/hostedtoolcache/Python/3.11.7/x64/lib/python3.11/site-packages/selenium/webdriver/remote/errorhandler.py:229: NoSuchElementException","steps":[{"name":"Open a browser","time":{"start":1703034847589,"stop":1703034857540,"duration":9951},"status":"passed","steps":[],"attachments":[],"parameters":[],"shouldDisplayMessage":false,"stepsCount":0,"attachmentsCount":0,"hasContent":false,"attachmentStep":false},{"name":"Check the text of Write for us link","time":{"start":1703034857541,"stop":1703034857555,"duration":14},"status":"broken","statusMessage":"selenium.common.exceptions.NoSuchElementException: Message: no such element: Unable to locate element: {\"method\":\"css selector\",\"selector\":\".footer div ul :nth-child(1) a\"}\n  (Session info: chrome=120.0.6099.71); For documentation on this error, please visit: https://www.selenium.dev/documentation/webdriver/troubleshooting/errors#no-such-element-exception\nStacktrace:\n#0 0x55ae18d5fd33 <unknown>\n#1 0x55ae18a1cf87 <unknown>\n#2 0x55ae18a6cc0e <unknown>\n#3 0x55ae18a6cd11 <unknown>\n#4 0x55ae18ab8004 <unknown>\n#5 0x55ae18a9636d <unknown>\n#6 0x55ae18ab5297 <unknown>\n#7 0x55ae18a960e3 <unknown>\n#8 0x55ae18a5e044 <unknown>\n#9 0x55ae18a5f44e <unknown>\n#10 0x55ae18d24861 <unknown>\n#11 0x55ae18d28785 <unknown>\n#12 0x55ae18d12285 <unknown>\n#13 0x55ae18d2941f <unknown>\n#14 0x55ae18cf620f <unknown>\n#15 0x55ae18d4d028 <unknown>\n#16 0x55ae18d4d1f7 <unknown>\n#17 0x55ae18d5eed4 <unknown>\n#18 0x7fe375c94ac3 <unknown>\n\n","statusTrace":"  File \"/opt/hostedtoolcache/Python/3.11.7/x64/lib/python3.11/site-packages/allure_commons/_allure.py\", line 192, in impl\n    return func(*a, **kw)\n           ^^^^^^^^^^^^^^\n  File \"/home/runner/work/luma_project/luma_project/pages/footer_page.py\", line 248, in check_text_of_write_for_us_link\n    link_text = self.driver.find_element(*self.footer_locators.WRITE_FOR_US_LINK).text\n                ^^^^^^^^^^^^^^^^^^^^^^^^^^^^^^^^^^^^^^^^^^^^^^^^^^^^^^^^^^^^^^^^^\n  File \"/opt/hostedtoolcache/Python/3.11.7/x64/lib/python3.11/site-packages/selenium/webdriver/remote/webdriver.py\", line 738, in find_element\n    return self.execute(Command.FIND_ELEMENT, {\"using\": by, \"value\": value})[\"value\"]\n           ^^^^^^^^^^^^^^^^^^^^^^^^^^^^^^^^^^^^^^^^^^^^^^^^^^^^^^^^^^^^^^^^^\n  File \"/opt/hostedtoolcache/Python/3.11.7/x64/lib/python3.11/site-packages/selenium/webdriver/remote/webdriver.py\", line 344, in execute\n    self.error_handler.check_response(response)\n  File \"/opt/hostedtoolcache/Python/3.11.7/x64/lib/python3.11/site-packages/selenium/webdriver/remote/errorhandler.py\", line 229, in check_response\n    raise exception_class(message, screen, stacktrace)\n","steps":[],"attachments":[],"parameters":[],"shouldDisplayMessage":true,"stepsCount":0,"attachmentsCount":0,"hasContent":true,"attachmentStep":false}],"attachments":[{"uid":"c673c88aff9f7a42","name":"Screenshot","source":"c673c88aff9f7a42.png","type":"image/png","size":36622},{"uid":"513fdabdbf7ded2f","name":"HTML source","source":"513fdabdbf7ded2f.html","type":"text/html","size":786}],"parameters":[],"shouldDisplayMessage":true,"stepsCount":2,"attachmentsCount":2,"hasContent":true,"attachmentStep":false},"afterStages":[{"name":"driver::0","time":{"start":1703034857712,"stop":1703034857773,"duration":61},"status":"passed","steps":[],"attachments":[],"parameters":[],"shouldDisplayMessage":false,"stepsCount":0,"attachmentsCount":0,"hasContent":false,"attachmentStep":false},{"name":"clear_allure_result_folder::0","time":{"start":1703039826024,"stop":1703039826024,"duration":0},"status":"passed","steps":[],"attachments":[],"parameters":[],"shouldDisplayMessage":false,"stepsCount":0,"attachmentsCount":0,"hasContent":false,"attachmentStep":false}],"labels":[{"name":"epic","value":"Test Footer"},{"name":"parentSuite","value":"tests"},{"name":"suite","value":"test_footer"},{"name":"subSuite","value":"TestFooter"},{"name":"host","value":"fv-az1208-409"},{"name":"thread","value":"3175-MainThread"},{"name":"framework","value":"pytest"},{"name":"language","value":"cpython3"},{"name":"package","value":"tests.test_footer"},{"name":"resultFormat","value":"allure2"}],"parameters":[{"name":"URL","value":"'https://magento.softwaretestingboard.com/'"}],"links":[],"hidden":false,"retry":false,"extra":{"severity":"normal","retries":[],"categories":[{"name":"Test defects","matchedStatuses":[],"flaky":false}],"history":{"statistic":{"failed":0,"broken":1,"skipped":0,"passed":3,"unknown":0,"total":4},"items":[{"uid":"72f82792381b20f2","reportUrl":"https://verafes.github.io/luma_project/163//#testresult/72f82792381b20f2","status":"passed","time":{"start":1702948702057,"stop":1702948704062,"duration":2005}},{"uid":"ab5a31ce6f9413c1","reportUrl":"https://verafes.github.io/luma_project/162//#testresult/ab5a31ce6f9413c1","status":"passed","time":{"start":1702862430015,"stop":1702862433011,"duration":2996}},{"uid":"60417bf85c75cd29","reportUrl":"https://verafes.github.io/luma_project/161//#testresult/60417bf85c75cd29","status":"passed","time":{"start":1702776051011,"stop":1702776052028,"duration":1017}}]},"tags":[]},"source":"95d05f9402835377.json","parameterValues":["'https://magento.softwaretestingboard.com/'"]}