{"uid":"aa4741a70c684db2","name":"test_check_card_price","fullName":"tests.test_main_page.TestHotSellerSection#test_check_card_price","historyId":"f4026d9f96acc9996f781ecba7818e56","time":{"start":1697246397694,"stop":1697246399087,"duration":1393},"description":"This test checks that the card has a price and a price in USD","descriptionHtml":"<p>This test checks that the card has a price and a price in USD</p>\n","status":"skipped","statusMessage":"XFAIL In CI the test failed in PR#203\n\nselenium.common.exceptions.StaleElementReferenceException: Message: stale element reference: stale element not found\n  (Session info: chrome=117.0.5938.132); For documentation on this error, please visit: https://www.selenium.dev/documentation/webdriver/troubleshooting/errors#stale-element-reference-exception\nStacktrace:\n#0 0x563e875ab6b3 <unknown>\n#1 0x563e872811e7 <unknown>\n#2 0x563e8728613e <unknown>\n#3 0x563e872879c0 <unknown>\n#4 0x563e87287a7c <unknown>\n#5 0x563e872c2f32 <unknown>\n#6 0x563e872ea0c2 <unknown>\n#7 0x563e872bdf16 <unknown>\n#8 0x563e872ea28e <unknown>\n#9 0x563e87303322 <unknown>\n#10 0x563e872e9e93 <unknown>\n#11 0x563e872bc934 <unknown>\n#12 0x563e872bd71e <unknown>\n#13 0x563e87570cb8 <unknown>\n#14 0x563e87574bf0 <unknown>\n#15 0x563e8757f19c <unknown>\n#16 0x563e87575808 <unknown>\n#17 0x563e8754227f <unknown>\n#18 0x563e87599e88 <unknown>\n#19 0x563e8759a059 <unknown>\n#20 0x563e875aa843 <unknown>\n#21 0x7f7d8e894b43 <unknown>","statusTrace":"self = <test_main_page.TestMainPage.TestHotSellerSection object at 0x7f2bb5c11850>\ndriver = <selenium.webdriver.chrome.webdriver.WebDriver (session=\"511654afd5ab6b298498839360477d77\")>\n\n    @pytest.mark.xfail(reason=\"In CI the test failed in PR#203\")\n    def test_check_card_price(self, driver):\n        \"\"\"This test checks that the card has a price and a price in USD\"\"\"\n        page = MainPage(driver, MAIN_PAGE_URL)\n        page.open()\n>       text = page.check_card_price()\n\ntests/test_main_page.py:47: \n_ _ _ _ _ _ _ _ _ _ _ _ _ _ _ _ _ _ _ _ _ _ _ _ _ _ _ _ _ _ _ _ _ _ _ _ _ _ _ _ \npages/main_page.py:49: in check_card_price\n    text = self.get_text(self.locators.CARD_PRICE)\npages/base_page.py:145: in get_text\n    return text.text\n/opt/hostedtoolcache/Python/3.11.5/x64/lib/python3.11/site-packages/selenium/webdriver/remote/webelement.py:90: in text\n    return self._execute(Command.GET_ELEMENT_TEXT)[\"value\"]\n/opt/hostedtoolcache/Python/3.11.5/x64/lib/python3.11/site-packages/selenium/webdriver/remote/webelement.py:395: in _execute\n    return self._parent.execute(command, params)\n/opt/hostedtoolcache/Python/3.11.5/x64/lib/python3.11/site-packages/selenium/webdriver/remote/webdriver.py:346: in execute\n    self.error_handler.check_response(response)\n_ _ _ _ _ _ _ _ _ _ _ _ _ _ _ _ _ _ _ _ _ _ _ _ _ _ _ _ _ _ _ _ _ _ _ _ _ _ _ _ \n\nself = <selenium.webdriver.remote.errorhandler.ErrorHandler object at 0x7f2bb6678850>\nresponse = {'status': 404, 'value': '{\"value\":{\"error\":\"stale element reference\",\"message\":\"stale element reference: stale elemen...\\\\n#19 0x563e8759a059 \\\\u003Cunknown>\\\\n#20 0x563e875aa843 \\\\u003Cunknown>\\\\n#21 0x7f7d8e894b43 \\\\u003Cunknown>\\\\n\"}}'}\n\n    def check_response(self, response: Dict[str, Any]) -> None:\n        \"\"\"Checks that a JSON response from the WebDriver does not have an\n        error.\n    \n        :Args:\n         - response - The JSON response from the WebDriver server as a dictionary\n           object.\n    \n        :Raises: If the response contains an error message.\n        \"\"\"\n        status = response.get(\"status\", None)\n        if not status or status == ErrorCode.SUCCESS:\n            return\n        value = None\n        message = response.get(\"message\", \"\")\n        screen: str = response.get(\"screen\", \"\")\n        stacktrace = None\n        if isinstance(status, int):\n            value_json = response.get(\"value\", None)\n            if value_json and isinstance(value_json, str):\n                import json\n    \n                try:\n                    value = json.loads(value_json)\n                    if len(value) == 1:\n                        value = value[\"value\"]\n                    status = value.get(\"error\", None)\n                    if not status:\n                        status = value.get(\"status\", ErrorCode.UNKNOWN_ERROR)\n                        message = value.get(\"value\") or value.get(\"message\")\n                        if not isinstance(message, str):\n                            value = message\n                            message = message.get(\"message\")\n                    else:\n                        message = value.get(\"message\", None)\n                except ValueError:\n                    pass\n    \n        exception_class: Type[WebDriverException]\n        if status in ErrorCode.NO_SUCH_ELEMENT:\n            exception_class = NoSuchElementException\n        elif status in ErrorCode.NO_SUCH_FRAME:\n            exception_class = NoSuchFrameException\n        elif status in ErrorCode.NO_SUCH_SHADOW_ROOT:\n            exception_class = NoSuchShadowRootException\n        elif status in ErrorCode.NO_SUCH_WINDOW:\n            exception_class = NoSuchWindowException\n        elif status in ErrorCode.STALE_ELEMENT_REFERENCE:\n            exception_class = StaleElementReferenceException\n        elif status in ErrorCode.ELEMENT_NOT_VISIBLE:\n            exception_class = ElementNotVisibleException\n        elif status in ErrorCode.INVALID_ELEMENT_STATE:\n            exception_class = InvalidElementStateException\n        elif (\n            status in ErrorCode.INVALID_SELECTOR\n            or status in ErrorCode.INVALID_XPATH_SELECTOR\n            or status in ErrorCode.INVALID_XPATH_SELECTOR_RETURN_TYPER\n        ):\n            exception_class = InvalidSelectorException\n        elif status in ErrorCode.ELEMENT_IS_NOT_SELECTABLE:\n            exception_class = ElementNotSelectableException\n        elif status in ErrorCode.ELEMENT_NOT_INTERACTABLE:\n            exception_class = ElementNotInteractableException\n        elif status in ErrorCode.INVALID_COOKIE_DOMAIN:\n            exception_class = InvalidCookieDomainException\n        elif status in ErrorCode.UNABLE_TO_SET_COOKIE:\n            exception_class = UnableToSetCookieException\n        elif status in ErrorCode.TIMEOUT:\n            exception_class = TimeoutException\n        elif status in ErrorCode.SCRIPT_TIMEOUT:\n            exception_class = TimeoutException\n        elif status in ErrorCode.UNKNOWN_ERROR:\n            exception_class = WebDriverException\n        elif status in ErrorCode.UNEXPECTED_ALERT_OPEN:\n            exception_class = UnexpectedAlertPresentException\n        elif status in ErrorCode.NO_ALERT_OPEN:\n            exception_class = NoAlertPresentException\n        elif status in ErrorCode.IME_NOT_AVAILABLE:\n            exception_class = ImeNotAvailableException\n        elif status in ErrorCode.IME_ENGINE_ACTIVATION_FAILED:\n            exception_class = ImeActivationFailedException\n        elif status in ErrorCode.MOVE_TARGET_OUT_OF_BOUNDS:\n            exception_class = MoveTargetOutOfBoundsException\n        elif status in ErrorCode.JAVASCRIPT_ERROR:\n            exception_class = JavascriptException\n        elif status in ErrorCode.SESSION_NOT_CREATED:\n            exception_class = SessionNotCreatedException\n        elif status in ErrorCode.INVALID_ARGUMENT:\n            exception_class = InvalidArgumentException\n        elif status in ErrorCode.NO_SUCH_COOKIE:\n            exception_class = NoSuchCookieException\n        elif status in ErrorCode.UNABLE_TO_CAPTURE_SCREEN:\n            exception_class = ScreenshotException\n        elif status in ErrorCode.ELEMENT_CLICK_INTERCEPTED:\n            exception_class = ElementClickInterceptedException\n        elif status in ErrorCode.INSECURE_CERTIFICATE:\n            exception_class = InsecureCertificateException\n        elif status in ErrorCode.INVALID_COORDINATES:\n            exception_class = InvalidCoordinatesException\n        elif status in ErrorCode.INVALID_SESSION_ID:\n            exception_class = InvalidSessionIdException\n        elif status in ErrorCode.UNKNOWN_METHOD:\n            exception_class = UnknownMethodException\n        else:\n            exception_class = WebDriverException\n        if not value:\n            value = response[\"value\"]\n        if isinstance(value, str):\n            raise exception_class(value)\n        if message == \"\" and \"message\" in value:\n            message = value[\"message\"]\n    \n        screen = None  # type: ignore[assignment]\n        if \"screen\" in value:\n            screen = value[\"screen\"]\n    \n        stacktrace = None\n        st_value = value.get(\"stackTrace\") or value.get(\"stacktrace\")\n        if st_value:\n            if isinstance(st_value, str):\n                stacktrace = st_value.split(\"\\n\")\n            else:\n                stacktrace = []\n                try:\n                    for frame in st_value:\n                        line = frame.get(\"lineNumber\", \"\")\n                        file = frame.get(\"fileName\", \"<anonymous>\")\n                        if line:\n                            file = f\"{file}:{line}\"\n                        meth = frame.get(\"methodName\", \"<anonymous>\")\n                        if \"className\" in frame:\n                            meth = f\"{frame['className']}.{meth}\"\n                        msg = \"    at %s (%s)\"\n                        msg = msg % (meth, file)\n                        stacktrace.append(msg)\n                except TypeError:\n                    pass\n        if exception_class == UnexpectedAlertPresentException:\n            alert_text = None\n            if \"data\" in value:\n                alert_text = value[\"data\"].get(\"text\")\n            elif \"alert\" in value:\n                alert_text = value[\"alert\"].get(\"text\")\n            raise exception_class(message, screen, stacktrace, alert_text)  # type: ignore[call-arg]  # mypy is not smart enough here\n>       raise exception_class(message, screen, stacktrace)\nE       selenium.common.exceptions.StaleElementReferenceException: Message: stale element reference: stale element not found\nE         (Session info: chrome=117.0.5938.132); For documentation on this error, please visit: https://www.selenium.dev/documentation/webdriver/troubleshooting/errors#stale-element-reference-exception\nE       Stacktrace:\nE       #0 0x563e875ab6b3 <unknown>\nE       #1 0x563e872811e7 <unknown>\nE       #2 0x563e8728613e <unknown>\nE       #3 0x563e872879c0 <unknown>\nE       #4 0x563e87287a7c <unknown>\nE       #5 0x563e872c2f32 <unknown>\nE       #6 0x563e872ea0c2 <unknown>\nE       #7 0x563e872bdf16 <unknown>\nE       #8 0x563e872ea28e <unknown>\nE       #9 0x563e87303322 <unknown>\nE       #10 0x563e872e9e93 <unknown>\nE       #11 0x563e872bc934 <unknown>\nE       #12 0x563e872bd71e <unknown>\nE       #13 0x563e87570cb8 <unknown>\nE       #14 0x563e87574bf0 <unknown>\nE       #15 0x563e8757f19c <unknown>\nE       #16 0x563e87575808 <unknown>\nE       #17 0x563e8754227f <unknown>\nE       #18 0x563e87599e88 <unknown>\nE       #19 0x563e8759a059 <unknown>\nE       #20 0x563e875aa843 <unknown>\nE       #21 0x7f7d8e894b43 <unknown>\n\n/opt/hostedtoolcache/Python/3.11.5/x64/lib/python3.11/site-packages/selenium/webdriver/remote/errorhandler.py:245: StaleElementReferenceException","flaky":false,"newFailed":false,"newBroken":false,"newPassed":false,"retriesCount":0,"retriesStatusChange":false,"beforeStages":[{"name":"_session_faker","time":{"start":1697245656636,"stop":1697245656747,"duration":111},"status":"passed","steps":[],"attachments":[],"parameters":[],"shouldDisplayMessage":false,"stepsCount":0,"attachmentsCount":0,"hasContent":false},{"name":"clear_allure_result_folder","time":{"start":1697245656747,"stop":1697245656747,"duration":0},"status":"passed","steps":[],"attachments":[],"parameters":[],"shouldDisplayMessage":false,"stepsCount":0,"attachmentsCount":0,"hasContent":false},{"name":"driver","time":{"start":1697246396569,"stop":1697246397693,"duration":1124},"status":"passed","steps":[],"attachments":[],"parameters":[],"shouldDisplayMessage":false,"stepsCount":0,"attachmentsCount":0,"hasContent":false}],"testStage":{"description":"This test checks that the card has a price and a price in USD","status":"skipped","statusMessage":"XFAIL In CI the test failed in PR#203\n\nselenium.common.exceptions.StaleElementReferenceException: Message: stale element reference: stale element not found\n  (Session info: chrome=117.0.5938.132); For documentation on this error, please visit: https://www.selenium.dev/documentation/webdriver/troubleshooting/errors#stale-element-reference-exception\nStacktrace:\n#0 0x563e875ab6b3 <unknown>\n#1 0x563e872811e7 <unknown>\n#2 0x563e8728613e <unknown>\n#3 0x563e872879c0 <unknown>\n#4 0x563e87287a7c <unknown>\n#5 0x563e872c2f32 <unknown>\n#6 0x563e872ea0c2 <unknown>\n#7 0x563e872bdf16 <unknown>\n#8 0x563e872ea28e <unknown>\n#9 0x563e87303322 <unknown>\n#10 0x563e872e9e93 <unknown>\n#11 0x563e872bc934 <unknown>\n#12 0x563e872bd71e <unknown>\n#13 0x563e87570cb8 <unknown>\n#14 0x563e87574bf0 <unknown>\n#15 0x563e8757f19c <unknown>\n#16 0x563e87575808 <unknown>\n#17 0x563e8754227f <unknown>\n#18 0x563e87599e88 <unknown>\n#19 0x563e8759a059 <unknown>\n#20 0x563e875aa843 <unknown>\n#21 0x7f7d8e894b43 <unknown>","statusTrace":"self = <test_main_page.TestMainPage.TestHotSellerSection object at 0x7f2bb5c11850>\ndriver = <selenium.webdriver.chrome.webdriver.WebDriver (session=\"511654afd5ab6b298498839360477d77\")>\n\n    @pytest.mark.xfail(reason=\"In CI the test failed in PR#203\")\n    def test_check_card_price(self, driver):\n        \"\"\"This test checks that the card has a price and a price in USD\"\"\"\n        page = MainPage(driver, MAIN_PAGE_URL)\n        page.open()\n>       text = page.check_card_price()\n\ntests/test_main_page.py:47: \n_ _ _ _ _ _ _ _ _ _ _ _ _ _ _ _ _ _ _ _ _ _ _ _ _ _ _ _ _ _ _ _ _ _ _ _ _ _ _ _ \npages/main_page.py:49: in check_card_price\n    text = self.get_text(self.locators.CARD_PRICE)\npages/base_page.py:145: in get_text\n    return text.text\n/opt/hostedtoolcache/Python/3.11.5/x64/lib/python3.11/site-packages/selenium/webdriver/remote/webelement.py:90: in text\n    return self._execute(Command.GET_ELEMENT_TEXT)[\"value\"]\n/opt/hostedtoolcache/Python/3.11.5/x64/lib/python3.11/site-packages/selenium/webdriver/remote/webelement.py:395: in _execute\n    return self._parent.execute(command, params)\n/opt/hostedtoolcache/Python/3.11.5/x64/lib/python3.11/site-packages/selenium/webdriver/remote/webdriver.py:346: in execute\n    self.error_handler.check_response(response)\n_ _ _ _ _ _ _ _ _ _ _ _ _ _ _ _ _ _ _ _ _ _ _ _ _ _ _ _ _ _ _ _ _ _ _ _ _ _ _ _ \n\nself = <selenium.webdriver.remote.errorhandler.ErrorHandler object at 0x7f2bb6678850>\nresponse = {'status': 404, 'value': '{\"value\":{\"error\":\"stale element reference\",\"message\":\"stale element reference: stale elemen...\\\\n#19 0x563e8759a059 \\\\u003Cunknown>\\\\n#20 0x563e875aa843 \\\\u003Cunknown>\\\\n#21 0x7f7d8e894b43 \\\\u003Cunknown>\\\\n\"}}'}\n\n    def check_response(self, response: Dict[str, Any]) -> None:\n        \"\"\"Checks that a JSON response from the WebDriver does not have an\n        error.\n    \n        :Args:\n         - response - The JSON response from the WebDriver server as a dictionary\n           object.\n    \n        :Raises: If the response contains an error message.\n        \"\"\"\n        status = response.get(\"status\", None)\n        if not status or status == ErrorCode.SUCCESS:\n            return\n        value = None\n        message = response.get(\"message\", \"\")\n        screen: str = response.get(\"screen\", \"\")\n        stacktrace = None\n        if isinstance(status, int):\n            value_json = response.get(\"value\", None)\n            if value_json and isinstance(value_json, str):\n                import json\n    \n                try:\n                    value = json.loads(value_json)\n                    if len(value) == 1:\n                        value = value[\"value\"]\n                    status = value.get(\"error\", None)\n                    if not status:\n                        status = value.get(\"status\", ErrorCode.UNKNOWN_ERROR)\n                        message = value.get(\"value\") or value.get(\"message\")\n                        if not isinstance(message, str):\n                            value = message\n                            message = message.get(\"message\")\n                    else:\n                        message = value.get(\"message\", None)\n                except ValueError:\n                    pass\n    \n        exception_class: Type[WebDriverException]\n        if status in ErrorCode.NO_SUCH_ELEMENT:\n            exception_class = NoSuchElementException\n        elif status in ErrorCode.NO_SUCH_FRAME:\n            exception_class = NoSuchFrameException\n        elif status in ErrorCode.NO_SUCH_SHADOW_ROOT:\n            exception_class = NoSuchShadowRootException\n        elif status in ErrorCode.NO_SUCH_WINDOW:\n            exception_class = NoSuchWindowException\n        elif status in ErrorCode.STALE_ELEMENT_REFERENCE:\n            exception_class = StaleElementReferenceException\n        elif status in ErrorCode.ELEMENT_NOT_VISIBLE:\n            exception_class = ElementNotVisibleException\n        elif status in ErrorCode.INVALID_ELEMENT_STATE:\n            exception_class = InvalidElementStateException\n        elif (\n            status in ErrorCode.INVALID_SELECTOR\n            or status in ErrorCode.INVALID_XPATH_SELECTOR\n            or status in ErrorCode.INVALID_XPATH_SELECTOR_RETURN_TYPER\n        ):\n            exception_class = InvalidSelectorException\n        elif status in ErrorCode.ELEMENT_IS_NOT_SELECTABLE:\n            exception_class = ElementNotSelectableException\n        elif status in ErrorCode.ELEMENT_NOT_INTERACTABLE:\n            exception_class = ElementNotInteractableException\n        elif status in ErrorCode.INVALID_COOKIE_DOMAIN:\n            exception_class = InvalidCookieDomainException\n        elif status in ErrorCode.UNABLE_TO_SET_COOKIE:\n            exception_class = UnableToSetCookieException\n        elif status in ErrorCode.TIMEOUT:\n            exception_class = TimeoutException\n        elif status in ErrorCode.SCRIPT_TIMEOUT:\n            exception_class = TimeoutException\n        elif status in ErrorCode.UNKNOWN_ERROR:\n            exception_class = WebDriverException\n        elif status in ErrorCode.UNEXPECTED_ALERT_OPEN:\n            exception_class = UnexpectedAlertPresentException\n        elif status in ErrorCode.NO_ALERT_OPEN:\n            exception_class = NoAlertPresentException\n        elif status in ErrorCode.IME_NOT_AVAILABLE:\n            exception_class = ImeNotAvailableException\n        elif status in ErrorCode.IME_ENGINE_ACTIVATION_FAILED:\n            exception_class = ImeActivationFailedException\n        elif status in ErrorCode.MOVE_TARGET_OUT_OF_BOUNDS:\n            exception_class = MoveTargetOutOfBoundsException\n        elif status in ErrorCode.JAVASCRIPT_ERROR:\n            exception_class = JavascriptException\n        elif status in ErrorCode.SESSION_NOT_CREATED:\n            exception_class = SessionNotCreatedException\n        elif status in ErrorCode.INVALID_ARGUMENT:\n            exception_class = InvalidArgumentException\n        elif status in ErrorCode.NO_SUCH_COOKIE:\n            exception_class = NoSuchCookieException\n        elif status in ErrorCode.UNABLE_TO_CAPTURE_SCREEN:\n            exception_class = ScreenshotException\n        elif status in ErrorCode.ELEMENT_CLICK_INTERCEPTED:\n            exception_class = ElementClickInterceptedException\n        elif status in ErrorCode.INSECURE_CERTIFICATE:\n            exception_class = InsecureCertificateException\n        elif status in ErrorCode.INVALID_COORDINATES:\n            exception_class = InvalidCoordinatesException\n        elif status in ErrorCode.INVALID_SESSION_ID:\n            exception_class = InvalidSessionIdException\n        elif status in ErrorCode.UNKNOWN_METHOD:\n            exception_class = UnknownMethodException\n        else:\n            exception_class = WebDriverException\n        if not value:\n            value = response[\"value\"]\n        if isinstance(value, str):\n            raise exception_class(value)\n        if message == \"\" and \"message\" in value:\n            message = value[\"message\"]\n    \n        screen = None  # type: ignore[assignment]\n        if \"screen\" in value:\n            screen = value[\"screen\"]\n    \n        stacktrace = None\n        st_value = value.get(\"stackTrace\") or value.get(\"stacktrace\")\n        if st_value:\n            if isinstance(st_value, str):\n                stacktrace = st_value.split(\"\\n\")\n            else:\n                stacktrace = []\n                try:\n                    for frame in st_value:\n                        line = frame.get(\"lineNumber\", \"\")\n                        file = frame.get(\"fileName\", \"<anonymous>\")\n                        if line:\n                            file = f\"{file}:{line}\"\n                        meth = frame.get(\"methodName\", \"<anonymous>\")\n                        if \"className\" in frame:\n                            meth = f\"{frame['className']}.{meth}\"\n                        msg = \"    at %s (%s)\"\n                        msg = msg % (meth, file)\n                        stacktrace.append(msg)\n                except TypeError:\n                    pass\n        if exception_class == UnexpectedAlertPresentException:\n            alert_text = None\n            if \"data\" in value:\n                alert_text = value[\"data\"].get(\"text\")\n            elif \"alert\" in value:\n                alert_text = value[\"alert\"].get(\"text\")\n            raise exception_class(message, screen, stacktrace, alert_text)  # type: ignore[call-arg]  # mypy is not smart enough here\n>       raise exception_class(message, screen, stacktrace)\nE       selenium.common.exceptions.StaleElementReferenceException: Message: stale element reference: stale element not found\nE         (Session info: chrome=117.0.5938.132); For documentation on this error, please visit: https://www.selenium.dev/documentation/webdriver/troubleshooting/errors#stale-element-reference-exception\nE       Stacktrace:\nE       #0 0x563e875ab6b3 <unknown>\nE       #1 0x563e872811e7 <unknown>\nE       #2 0x563e8728613e <unknown>\nE       #3 0x563e872879c0 <unknown>\nE       #4 0x563e87287a7c <unknown>\nE       #5 0x563e872c2f32 <unknown>\nE       #6 0x563e872ea0c2 <unknown>\nE       #7 0x563e872bdf16 <unknown>\nE       #8 0x563e872ea28e <unknown>\nE       #9 0x563e87303322 <unknown>\nE       #10 0x563e872e9e93 <unknown>\nE       #11 0x563e872bc934 <unknown>\nE       #12 0x563e872bd71e <unknown>\nE       #13 0x563e87570cb8 <unknown>\nE       #14 0x563e87574bf0 <unknown>\nE       #15 0x563e8757f19c <unknown>\nE       #16 0x563e87575808 <unknown>\nE       #17 0x563e8754227f <unknown>\nE       #18 0x563e87599e88 <unknown>\nE       #19 0x563e8759a059 <unknown>\nE       #20 0x563e875aa843 <unknown>\nE       #21 0x7f7d8e894b43 <unknown>\n\n/opt/hostedtoolcache/Python/3.11.5/x64/lib/python3.11/site-packages/selenium/webdriver/remote/errorhandler.py:245: StaleElementReferenceException","steps":[{"name":"Open a browser","time":{"start":1697246397694,"stop":1697246398786,"duration":1092},"status":"passed","steps":[],"attachments":[],"parameters":[],"shouldDisplayMessage":false,"stepsCount":0,"attachmentsCount":0,"hasContent":false},{"name":"Get element text","time":{"start":1697246398786,"stop":1697246399086,"duration":300},"status":"broken","statusMessage":"selenium.common.exceptions.StaleElementReferenceException: Message: stale element reference: stale element not found\n  (Session info: chrome=117.0.5938.132); For documentation on this error, please visit: https://www.selenium.dev/documentation/webdriver/troubleshooting/errors#stale-element-reference-exception\nStacktrace:\n#0 0x563e875ab6b3 <unknown>\n#1 0x563e872811e7 <unknown>\n#2 0x563e8728613e <unknown>\n#3 0x563e872879c0 <unknown>\n#4 0x563e87287a7c <unknown>\n#5 0x563e872c2f32 <unknown>\n#6 0x563e872ea0c2 <unknown>\n#7 0x563e872bdf16 <unknown>\n#8 0x563e872ea28e <unknown>\n#9 0x563e87303322 <unknown>\n#10 0x563e872e9e93 <unknown>\n#11 0x563e872bc934 <unknown>\n#12 0x563e872bd71e <unknown>\n#13 0x563e87570cb8 <unknown>\n#14 0x563e87574bf0 <unknown>\n#15 0x563e8757f19c <unknown>\n#16 0x563e87575808 <unknown>\n#17 0x563e8754227f <unknown>\n#18 0x563e87599e88 <unknown>\n#19 0x563e8759a059 <unknown>\n#20 0x563e875aa843 <unknown>\n#21 0x7f7d8e894b43 <unknown>\n\n","statusTrace":"  File \"/opt/hostedtoolcache/Python/3.11.5/x64/lib/python3.11/site-packages/allure_commons/_allure.py\", line 192, in impl\n    return func(*a, **kw)\n           ^^^^^^^^^^^^^^\n  File \"/home/runner/work/luma_project/luma_project/pages/base_page.py\", line 145, in get_text\n    return text.text\n           ^^^^^^^^^\n  File \"/opt/hostedtoolcache/Python/3.11.5/x64/lib/python3.11/site-packages/selenium/webdriver/remote/webelement.py\", line 90, in text\n    return self._execute(Command.GET_ELEMENT_TEXT)[\"value\"]\n           ^^^^^^^^^^^^^^^^^^^^^^^^^^^^^^^^^^^^^^^\n  File \"/opt/hostedtoolcache/Python/3.11.5/x64/lib/python3.11/site-packages/selenium/webdriver/remote/webelement.py\", line 395, in _execute\n    return self._parent.execute(command, params)\n           ^^^^^^^^^^^^^^^^^^^^^^^^^^^^^^^^^^^^^\n  File \"/opt/hostedtoolcache/Python/3.11.5/x64/lib/python3.11/site-packages/selenium/webdriver/remote/webdriver.py\", line 346, in execute\n    self.error_handler.check_response(response)\n  File \"/opt/hostedtoolcache/Python/3.11.5/x64/lib/python3.11/site-packages/selenium/webdriver/remote/errorhandler.py\", line 245, in check_response\n    raise exception_class(message, screen, stacktrace)\n","steps":[{"name":"Find a visible element","time":{"start":1697246398786,"stop":1697246398970,"duration":184},"status":"passed","steps":[{"name":"Find a present element","time":{"start":1697246398786,"stop":1697246398808,"duration":22},"status":"passed","steps":[],"attachments":[],"parameters":[{"name":"locator","value":"('css selector', \"li[class='product-item']:nth-child(1) span[class='price']\")"},{"name":"timeout","value":"5"}],"shouldDisplayMessage":false,"stepsCount":0,"attachmentsCount":0,"hasContent":true},{"name":"Go to specified element","time":{"start":1697246398808,"stop":1697246398858,"duration":50},"status":"passed","steps":[],"attachments":[],"parameters":[{"name":"element","value":"<selenium.webdriver.remote.webelement.WebElement (session=\"511654afd5ab6b298498839360477d77\", element=\"5DDE4CB700E3A3334819FF6CBC77466D_element_10\")>"}],"shouldDisplayMessage":false,"stepsCount":0,"attachmentsCount":0,"hasContent":true}],"attachments":[],"parameters":[{"name":"locator","value":"('css selector', \"li[class='product-item']:nth-child(1) span[class='price']\")"},{"name":"timeout","value":"10"}],"shouldDisplayMessage":false,"stepsCount":2,"attachmentsCount":0,"hasContent":true}],"attachments":[],"parameters":[{"name":"locator","value":"('css selector', \"li[class='product-item']:nth-child(1) span[class='price']\")"}],"shouldDisplayMessage":true,"stepsCount":3,"attachmentsCount":0,"hasContent":true}],"attachments":[{"uid":"a3cb6b888e3d2a47","name":"Screenshot","source":"a3cb6b888e3d2a47.png","type":"image/png","size":134287},{"uid":"2cca73d237b159be","name":"HTML source","source":"2cca73d237b159be.html","type":"text/html","size":109430}],"parameters":[],"shouldDisplayMessage":true,"stepsCount":5,"attachmentsCount":2,"hasContent":true},"afterStages":[{"name":"driver::0","time":{"start":1697246399462,"stop":1697246399580,"duration":118},"status":"passed","steps":[],"attachments":[],"parameters":[],"shouldDisplayMessage":false,"stepsCount":0,"attachmentsCount":0,"hasContent":false},{"name":"clear_allure_result_folder::0","time":{"start":1697247254566,"stop":1697247254566,"duration":0},"status":"passed","steps":[],"attachments":[],"parameters":[],"shouldDisplayMessage":false,"stepsCount":0,"attachmentsCount":0,"hasContent":false}],"labels":[{"name":"feature","value":"Testing Hot Seller Section"},{"name":"epic","value":"Main Page"},{"name":"tag","value":"@pytest.mark.xfail(reason='In CI the test failed in PR#203')"},{"name":"parentSuite","value":"tests"},{"name":"suite","value":"test_main_page"},{"name":"subSuite","value":"TestMainPage"},{"name":"host","value":"fv-az437-34"},{"name":"thread","value":"3033-MainThread"},{"name":"framework","value":"pytest"},{"name":"language","value":"cpython3"},{"name":"package","value":"tests.test_main_page"},{"name":"resultFormat","value":"allure2"}],"parameters":[],"links":[],"hidden":false,"retry":false,"extra":{"severity":"normal","retries":[],"categories":[],"history":{"statistic":{"failed":0,"broken":0,"skipped":1,"passed":6,"unknown":0,"total":7},"items":[{"uid":"4c7a3778de302f62","reportUrl":"https://verafes.github.io/luma_project/96//#testresult/4c7a3778de302f62","status":"passed","statusDetails":"XPASS In CI the test failed in PR#203","time":{"start":1697160164125,"stop":1697160165227,"duration":1102}},{"uid":"797c47f6e036e3d7","reportUrl":"https://verafes.github.io/luma_project/95//#testresult/797c47f6e036e3d7","status":"passed","statusDetails":"XPASS In CI the test failed in PR#203","time":{"start":1697073513757,"stop":1697073514809,"duration":1052}},{"uid":"400f5b0ef6dd0b50","reportUrl":"https://verafes.github.io/luma_project/94//#testresult/400f5b0ef6dd0b50","status":"passed","statusDetails":"XPASS In CI the test failed in PR#203","time":{"start":1696987226544,"stop":1696987227562,"duration":1018}},{"uid":"c5a2619273b2778c","reportUrl":"https://verafes.github.io/luma_project/93//#testresult/c5a2619273b2778c","status":"passed","statusDetails":"XPASS In CI the test failed in PR#203","time":{"start":1696900808628,"stop":1696900809720,"duration":1092}},{"uid":"358605ea79df622d","reportUrl":"https://verafes.github.io/luma_project/92//#testresult/358605ea79df622d","status":"passed","statusDetails":"XPASS In CI the test failed in PR#203","time":{"start":1696814568542,"stop":1696814569815,"duration":1273}},{"uid":"4eba2c1e7d93551f","reportUrl":"https://verafes.github.io/luma_project/91//#testresult/4eba2c1e7d93551f","status":"passed","statusDetails":"XPASS In CI the test failed in PR#203","time":{"start":1696728311944,"stop":1696728313019,"duration":1075}}]},"tags":["@pytest.mark.xfail(reason='In CI the test failed in PR#203')"]},"source":"aa4741a70c684db2.json","parameterValues":[]}