{"uid":"1696aee5690d88c4","name":"TC 13.02.03 - Check the link in section 2 block 2 'home-t-shirts' in the Promo Block leads to the correct page","fullName":"tests.test_main_page.TestPromoBlock#test_tc_13_02_03_check_section2_block2_link","historyId":"8276abc4c28a076413326f9f418f9d74","time":{"start":1737251717395,"stop":1737251723544,"duration":6149},"description":"Check that link in section 2 block 2 'home-t-shirts' is correct","descriptionHtml":"<p>Check that link in section 2 block 2 'home-t-shirts' is correct</p>\n","status":"broken","statusMessage":"selenium.common.exceptions.TimeoutException: Message: \nStacktrace:\n#0 0x565026cd28fa <unknown>\n#1 0x5650267e3d20 <unknown>\n#2 0x565026832a66 <unknown>\n#3 0x565026832d01 <unknown>\n#4 0x565026878184 <unknown>\n#5 0x565026856b1d <unknown>\n#6 0x565026875560 <unknown>\n#7 0x565026856893 <unknown>\n#8 0x56502682530d <unknown>\n#9 0x56502682632e <unknown>\n#10 0x565026c9f00b <unknown>\n#11 0x565026ca2f97 <unknown>\n#12 0x565026c8b71c <unknown>\n#13 0x565026ca3b17 <unknown>\n#14 0x565026c706cf <unknown>\n#15 0x565026cc16b8 <unknown>\n#16 0x565026cc1880 <unknown>\n#17 0x565026cd1776 <unknown>\n#18 0x7fc98929ca94 <unknown>\n#19 0x7fc989329c3c <unknown>","statusTrace":"self = <test_main_page.TestMainPage.TestPromoBlock object at 0x7f0a1e474e50>\ndriver = <selenium.webdriver.chrome.webdriver.WebDriver (session=\"a0bbee3595af7785428789344a1fd6e3\")>\n\n    @allure.title(\"TC 13.02.03 - Check the link in section 2 block 2 'home-t-shirts' in the Promo Block \"\n                  \"leads to the correct page\")\n    def test_tc_13_02_03_check_section2_block2_link(self, driver):\n        \"\"\"Check that link in section 2 block 2 'home-t-shirts' is correct\"\"\"\n        page = PromoBlock(driver, MAIN_PAGE_URL)\n        page.open()\n>       page.check_section2_block2_link()\n\ntests/test_main_page.py:712: \n_ _ _ _ _ _ _ _ _ _ _ _ _ _ _ _ _ _ _ _ _ _ _ _ _ _ _ _ _ _ _ _ _ _ _ _ _ _ _ _ \npages/main_page.py:386: in check_section2_block2_link\n    section2_block2 = self.element_is_visible(self.locators.SECTION_2_BLOCK_2)\npages/base_page.py:29: in element_is_visible\n    self.go_to_element(self.element_is_present(locator))\npages/base_page.py:50: in element_is_present\n    return wait(self.driver, timeout).until(EC.presence_of_element_located(locator))\n_ _ _ _ _ _ _ _ _ _ _ _ _ _ _ _ _ _ _ _ _ _ _ _ _ _ _ _ _ _ _ _ _ _ _ _ _ _ _ _ \n\nself = <selenium.webdriver.support.wait.WebDriverWait (session=\"a0bbee3595af7785428789344a1fd6e3\")>\nmethod = <function presence_of_element_located.<locals>._predicate at 0x7f0a2025c400>\nmessage = ''\n\n    def until(self, method, message: str = \"\"):\n        \"\"\"Calls the method provided with the driver as an argument until the \\\n        return value does not evaluate to ``False``.\n    \n        :param method: callable(WebDriver)\n        :param message: optional message for :exc:`TimeoutException`\n        :returns: the result of the last call to `method`\n        :raises: :exc:`selenium.common.exceptions.TimeoutException` if timeout occurs\n        \"\"\"\n        screen = None\n        stacktrace = None\n    \n        end_time = time.monotonic() + self._timeout\n        while True:\n            try:\n                value = method(self._driver)\n                if value:\n                    return value\n            except self._ignored_exceptions as exc:\n                screen = getattr(exc, \"screen\", None)\n                stacktrace = getattr(exc, \"stacktrace\", None)\n            time.sleep(self._poll)\n            if time.monotonic() > end_time:\n                break\n>       raise TimeoutException(message, screen, stacktrace)\nE       selenium.common.exceptions.TimeoutException: Message: \nE       Stacktrace:\nE       #0 0x565026cd28fa <unknown>\nE       #1 0x5650267e3d20 <unknown>\nE       #2 0x565026832a66 <unknown>\nE       #3 0x565026832d01 <unknown>\nE       #4 0x565026878184 <unknown>\nE       #5 0x565026856b1d <unknown>\nE       #6 0x565026875560 <unknown>\nE       #7 0x565026856893 <unknown>\nE       #8 0x56502682530d <unknown>\nE       #9 0x56502682632e <unknown>\nE       #10 0x565026c9f00b <unknown>\nE       #11 0x565026ca2f97 <unknown>\nE       #12 0x565026c8b71c <unknown>\nE       #13 0x565026ca3b17 <unknown>\nE       #14 0x565026c706cf <unknown>\nE       #15 0x565026cc16b8 <unknown>\nE       #16 0x565026cc1880 <unknown>\nE       #17 0x565026cd1776 <unknown>\nE       #18 0x7fc98929ca94 <unknown>\nE       #19 0x7fc989329c3c <unknown>\n\n/opt/hostedtoolcache/Python/3.11.11/x64/lib/python3.11/site-packages/selenium/webdriver/support/wait.py:95: TimeoutException","flaky":false,"newFailed":false,"newBroken":false,"newPassed":false,"retriesCount":0,"retriesStatusChange":false,"beforeStages":[{"name":"_session_faker","time":{"start":1737250873292,"stop":1737250873356,"duration":64},"status":"passed","steps":[],"attachments":[],"parameters":[],"shouldDisplayMessage":false,"stepsCount":0,"attachmentsCount":0,"hasContent":false,"attachmentStep":false},{"name":"clear_allure_result_folder","time":{"start":1737250873356,"stop":1737250873356,"duration":0},"status":"passed","steps":[],"attachments":[],"parameters":[],"shouldDisplayMessage":false,"stepsCount":0,"attachmentsCount":0,"hasContent":false,"attachmentStep":false},{"name":"driver","time":{"start":1737251716124,"stop":1737251717395,"duration":1271},"status":"passed","steps":[],"attachments":[],"parameters":[],"shouldDisplayMessage":false,"stepsCount":0,"attachmentsCount":0,"hasContent":false,"attachmentStep":false}],"testStage":{"description":"Check that link in section 2 block 2 'home-t-shirts' is correct","status":"broken","statusMessage":"selenium.common.exceptions.TimeoutException: Message: \nStacktrace:\n#0 0x565026cd28fa <unknown>\n#1 0x5650267e3d20 <unknown>\n#2 0x565026832a66 <unknown>\n#3 0x565026832d01 <unknown>\n#4 0x565026878184 <unknown>\n#5 0x565026856b1d <unknown>\n#6 0x565026875560 <unknown>\n#7 0x565026856893 <unknown>\n#8 0x56502682530d <unknown>\n#9 0x56502682632e <unknown>\n#10 0x565026c9f00b <unknown>\n#11 0x565026ca2f97 <unknown>\n#12 0x565026c8b71c <unknown>\n#13 0x565026ca3b17 <unknown>\n#14 0x565026c706cf <unknown>\n#15 0x565026cc16b8 <unknown>\n#16 0x565026cc1880 <unknown>\n#17 0x565026cd1776 <unknown>\n#18 0x7fc98929ca94 <unknown>\n#19 0x7fc989329c3c <unknown>","statusTrace":"self = <test_main_page.TestMainPage.TestPromoBlock object at 0x7f0a1e474e50>\ndriver = <selenium.webdriver.chrome.webdriver.WebDriver (session=\"a0bbee3595af7785428789344a1fd6e3\")>\n\n    @allure.title(\"TC 13.02.03 - Check the link in section 2 block 2 'home-t-shirts' in the Promo Block \"\n                  \"leads to the correct page\")\n    def test_tc_13_02_03_check_section2_block2_link(self, driver):\n        \"\"\"Check that link in section 2 block 2 'home-t-shirts' is correct\"\"\"\n        page = PromoBlock(driver, MAIN_PAGE_URL)\n        page.open()\n>       page.check_section2_block2_link()\n\ntests/test_main_page.py:712: \n_ _ _ _ _ _ _ _ _ _ _ _ _ _ _ _ _ _ _ _ _ _ _ _ _ _ _ _ _ _ _ _ _ _ _ _ _ _ _ _ \npages/main_page.py:386: in check_section2_block2_link\n    section2_block2 = self.element_is_visible(self.locators.SECTION_2_BLOCK_2)\npages/base_page.py:29: in element_is_visible\n    self.go_to_element(self.element_is_present(locator))\npages/base_page.py:50: in element_is_present\n    return wait(self.driver, timeout).until(EC.presence_of_element_located(locator))\n_ _ _ _ _ _ _ _ _ _ _ _ _ _ _ _ _ _ _ _ _ _ _ _ _ _ _ _ _ _ _ _ _ _ _ _ _ _ _ _ \n\nself = <selenium.webdriver.support.wait.WebDriverWait (session=\"a0bbee3595af7785428789344a1fd6e3\")>\nmethod = <function presence_of_element_located.<locals>._predicate at 0x7f0a2025c400>\nmessage = ''\n\n    def until(self, method, message: str = \"\"):\n        \"\"\"Calls the method provided with the driver as an argument until the \\\n        return value does not evaluate to ``False``.\n    \n        :param method: callable(WebDriver)\n        :param message: optional message for :exc:`TimeoutException`\n        :returns: the result of the last call to `method`\n        :raises: :exc:`selenium.common.exceptions.TimeoutException` if timeout occurs\n        \"\"\"\n        screen = None\n        stacktrace = None\n    \n        end_time = time.monotonic() + self._timeout\n        while True:\n            try:\n                value = method(self._driver)\n                if value:\n                    return value\n            except self._ignored_exceptions as exc:\n                screen = getattr(exc, \"screen\", None)\n                stacktrace = getattr(exc, \"stacktrace\", None)\n            time.sleep(self._poll)\n            if time.monotonic() > end_time:\n                break\n>       raise TimeoutException(message, screen, stacktrace)\nE       selenium.common.exceptions.TimeoutException: Message: \nE       Stacktrace:\nE       #0 0x565026cd28fa <unknown>\nE       #1 0x5650267e3d20 <unknown>\nE       #2 0x565026832a66 <unknown>\nE       #3 0x565026832d01 <unknown>\nE       #4 0x565026878184 <unknown>\nE       #5 0x565026856b1d <unknown>\nE       #6 0x565026875560 <unknown>\nE       #7 0x565026856893 <unknown>\nE       #8 0x56502682530d <unknown>\nE       #9 0x56502682632e <unknown>\nE       #10 0x565026c9f00b <unknown>\nE       #11 0x565026ca2f97 <unknown>\nE       #12 0x565026c8b71c <unknown>\nE       #13 0x565026ca3b17 <unknown>\nE       #14 0x565026c706cf <unknown>\nE       #15 0x565026cc16b8 <unknown>\nE       #16 0x565026cc1880 <unknown>\nE       #17 0x565026cd1776 <unknown>\nE       #18 0x7fc98929ca94 <unknown>\nE       #19 0x7fc989329c3c <unknown>\n\n/opt/hostedtoolcache/Python/3.11.11/x64/lib/python3.11/site-packages/selenium/webdriver/support/wait.py:95: TimeoutException","steps":[{"name":"Open a browser","time":{"start":1737251717396,"stop":1737251718366,"duration":970},"status":"passed","steps":[],"attachments":[],"parameters":[],"shouldDisplayMessage":false,"stepsCount":0,"attachmentsCount":0,"hasContent":false,"attachmentStep":false},{"name":"Check the link in section 2 block 2 'home-t-shirts' in the Promo Block leads to the correct page","time":{"start":1737251718366,"stop":1737251723543,"duration":5177},"status":"broken","statusMessage":"selenium.common.exceptions.TimeoutException: Message: \nStacktrace:\n#0 0x565026cd28fa <unknown>\n#1 0x5650267e3d20 <unknown>\n#2 0x565026832a66 <unknown>\n#3 0x565026832d01 <unknown>\n#4 0x565026878184 <unknown>\n#5 0x565026856b1d <unknown>\n#6 0x565026875560 <unknown>\n#7 0x565026856893 <unknown>\n#8 0x56502682530d <unknown>\n#9 0x56502682632e <unknown>\n#10 0x565026c9f00b <unknown>\n#11 0x565026ca2f97 <unknown>\n#12 0x565026c8b71c <unknown>\n#13 0x565026ca3b17 <unknown>\n#14 0x565026c706cf <unknown>\n#15 0x565026cc16b8 <unknown>\n#16 0x565026cc1880 <unknown>\n#17 0x565026cd1776 <unknown>\n#18 0x7fc98929ca94 <unknown>\n#19 0x7fc989329c3c <unknown>\n\n","statusTrace":"  File \"/opt/hostedtoolcache/Python/3.11.11/x64/lib/python3.11/site-packages/allure_commons/_allure.py\", line 192, in impl\n    return func(*a, **kw)\n           ^^^^^^^^^^^^^^\n  File \"/home/runner/work/luma_project/luma_project/pages/main_page.py\", line 386, in check_section2_block2_link\n    section2_block2 = self.element_is_visible(self.locators.SECTION_2_BLOCK_2)\n                      ^^^^^^^^^^^^^^^^^^^^^^^^^^^^^^^^^^^^^^^^^^^^^^^^^^^^^^^^\n  File \"/opt/hostedtoolcache/Python/3.11.11/x64/lib/python3.11/site-packages/allure_commons/_allure.py\", line 192, in impl\n    return func(*a, **kw)\n           ^^^^^^^^^^^^^^\n  File \"/home/runner/work/luma_project/luma_project/pages/base_page.py\", line 29, in element_is_visible\n    self.go_to_element(self.element_is_present(locator))\n                       ^^^^^^^^^^^^^^^^^^^^^^^^^^^^^^^^\n  File \"/opt/hostedtoolcache/Python/3.11.11/x64/lib/python3.11/site-packages/allure_commons/_allure.py\", line 192, in impl\n    return func(*a, **kw)\n           ^^^^^^^^^^^^^^\n  File \"/home/runner/work/luma_project/luma_project/pages/base_page.py\", line 50, in element_is_present\n    return wait(self.driver, timeout).until(EC.presence_of_element_located(locator))\n           ^^^^^^^^^^^^^^^^^^^^^^^^^^^^^^^^^^^^^^^^^^^^^^^^^^^^^^^^^^^^^^^^^^^^^^^^^\n  File \"/opt/hostedtoolcache/Python/3.11.11/x64/lib/python3.11/site-packages/selenium/webdriver/support/wait.py\", line 95, in until\n    raise TimeoutException(message, screen, stacktrace)\n","steps":[{"name":"Find a visible element","time":{"start":1737251718367,"stop":1737251723543,"duration":5176},"status":"broken","statusMessage":"selenium.common.exceptions.TimeoutException: Message: \nStacktrace:\n#0 0x565026cd28fa <unknown>\n#1 0x5650267e3d20 <unknown>\n#2 0x565026832a66 <unknown>\n#3 0x565026832d01 <unknown>\n#4 0x565026878184 <unknown>\n#5 0x565026856b1d <unknown>\n#6 0x565026875560 <unknown>\n#7 0x565026856893 <unknown>\n#8 0x56502682530d <unknown>\n#9 0x56502682632e <unknown>\n#10 0x565026c9f00b <unknown>\n#11 0x565026ca2f97 <unknown>\n#12 0x565026c8b71c <unknown>\n#13 0x565026ca3b17 <unknown>\n#14 0x565026c706cf <unknown>\n#15 0x565026cc16b8 <unknown>\n#16 0x565026cc1880 <unknown>\n#17 0x565026cd1776 <unknown>\n#18 0x7fc98929ca94 <unknown>\n#19 0x7fc989329c3c <unknown>\n\n","statusTrace":"  File \"/opt/hostedtoolcache/Python/3.11.11/x64/lib/python3.11/site-packages/allure_commons/_allure.py\", line 192, in impl\n    return func(*a, **kw)\n           ^^^^^^^^^^^^^^\n  File \"/home/runner/work/luma_project/luma_project/pages/base_page.py\", line 29, in element_is_visible\n    self.go_to_element(self.element_is_present(locator))\n                       ^^^^^^^^^^^^^^^^^^^^^^^^^^^^^^^^\n  File \"/opt/hostedtoolcache/Python/3.11.11/x64/lib/python3.11/site-packages/allure_commons/_allure.py\", line 192, in impl\n    return func(*a, **kw)\n           ^^^^^^^^^^^^^^\n  File \"/home/runner/work/luma_project/luma_project/pages/base_page.py\", line 50, in element_is_present\n    return wait(self.driver, timeout).until(EC.presence_of_element_located(locator))\n           ^^^^^^^^^^^^^^^^^^^^^^^^^^^^^^^^^^^^^^^^^^^^^^^^^^^^^^^^^^^^^^^^^^^^^^^^^\n  File \"/opt/hostedtoolcache/Python/3.11.11/x64/lib/python3.11/site-packages/selenium/webdriver/support/wait.py\", line 95, in until\n    raise TimeoutException(message, screen, stacktrace)\n","steps":[{"name":"Find a present element","time":{"start":1737251718367,"stop":1737251723542,"duration":5175},"status":"broken","statusMessage":"selenium.common.exceptions.TimeoutException: Message: \nStacktrace:\n#0 0x565026cd28fa <unknown>\n#1 0x5650267e3d20 <unknown>\n#2 0x565026832a66 <unknown>\n#3 0x565026832d01 <unknown>\n#4 0x565026878184 <unknown>\n#5 0x565026856b1d <unknown>\n#6 0x565026875560 <unknown>\n#7 0x565026856893 <unknown>\n#8 0x56502682530d <unknown>\n#9 0x56502682632e <unknown>\n#10 0x565026c9f00b <unknown>\n#11 0x565026ca2f97 <unknown>\n#12 0x565026c8b71c <unknown>\n#13 0x565026ca3b17 <unknown>\n#14 0x565026c706cf <unknown>\n#15 0x565026cc16b8 <unknown>\n#16 0x565026cc1880 <unknown>\n#17 0x565026cd1776 <unknown>\n#18 0x7fc98929ca94 <unknown>\n#19 0x7fc989329c3c <unknown>\n\n","statusTrace":"  File \"/opt/hostedtoolcache/Python/3.11.11/x64/lib/python3.11/site-packages/allure_commons/_allure.py\", line 192, in impl\n    return func(*a, **kw)\n           ^^^^^^^^^^^^^^\n  File \"/home/runner/work/luma_project/luma_project/pages/base_page.py\", line 50, in element_is_present\n    return wait(self.driver, timeout).until(EC.presence_of_element_located(locator))\n           ^^^^^^^^^^^^^^^^^^^^^^^^^^^^^^^^^^^^^^^^^^^^^^^^^^^^^^^^^^^^^^^^^^^^^^^^^\n  File \"/opt/hostedtoolcache/Python/3.11.11/x64/lib/python3.11/site-packages/selenium/webdriver/support/wait.py\", line 95, in until\n    raise TimeoutException(message, screen, stacktrace)\n","steps":[],"attachments":[],"parameters":[{"name":"locator","value":"('css selector', '.home-t-shirts')"},{"name":"timeout","value":"5"}],"shouldDisplayMessage":true,"stepsCount":0,"attachmentsCount":0,"hasContent":true,"attachmentStep":false}],"attachments":[],"parameters":[{"name":"locator","value":"('css selector', '.home-t-shirts')"},{"name":"timeout","value":"10"}],"shouldDisplayMessage":false,"stepsCount":1,"attachmentsCount":0,"hasContent":true,"attachmentStep":false}],"attachments":[],"parameters":[],"shouldDisplayMessage":false,"stepsCount":2,"attachmentsCount":0,"hasContent":true,"attachmentStep":false}],"attachments":[{"uid":"79c1beff96467603","name":"Screenshot","source":"79c1beff96467603.png","type":"image/png","size":548028},{"uid":"1f70b5009979d503","name":"HTML source","source":"1f70b5009979d503.html","type":"text/html","size":140803}],"parameters":[],"shouldDisplayMessage":true,"stepsCount":4,"attachmentsCount":2,"hasContent":true,"attachmentStep":false},"afterStages":[{"name":"driver::0","time":{"start":1737251724541,"stop":1737251724677,"duration":136},"status":"passed","steps":[],"attachments":[],"parameters":[],"shouldDisplayMessage":false,"stepsCount":0,"attachmentsCount":0,"hasContent":false,"attachmentStep":false},{"name":"clear_allure_result_folder::0","time":{"start":1737252294951,"stop":1737252294951,"duration":0},"status":"passed","steps":[],"attachments":[],"parameters":[],"shouldDisplayMessage":false,"stepsCount":0,"attachmentsCount":0,"hasContent":false,"attachmentStep":false}],"labels":[{"name":"epic","value":"Main Page"},{"name":"feature","value":"Promo Block Testing"},{"name":"parentSuite","value":"tests"},{"name":"suite","value":"test_main_page"},{"name":"subSuite","value":"TestMainPage"},{"name":"host","value":"fv-az1940-768"},{"name":"thread","value":"2809-MainThread"},{"name":"framework","value":"pytest"},{"name":"language","value":"cpython3"},{"name":"package","value":"tests.test_main_page"},{"name":"resultFormat","value":"allure2"}],"parameters":[],"links":[],"hidden":false,"retry":false,"extra":{"severity":"normal","retries":[],"categories":[{"name":"Test defects","matchedStatuses":[],"flaky":false}],"tags":[]},"source":"1696aee5690d88c4.json","parameterValues":[]}