{"uid":"a76b1d895a6eefdb","name":"TC 13.01.26_01 - Check correctness of the image in block 3 'home-erin' in the Promo Block","fullName":"tests.test_main_page.TestPromoBlock#test_tc_13_01_26_01_check_image_correctness_in_section2_block3","historyId":"4e64f8a6ab4f35e53e65b14d7640bad8","time":{"start":1738028770839,"stop":1738028771933,"duration":1094},"description":"This test checks if the image in section 2 block 3 'home-erin' is correct","descriptionHtml":"<p>This test checks if the image in section 2 block 3 'home-erin' is correct</p>\n","status":"broken","statusMessage":"selenium.common.exceptions.NoSuchElementException: Message: no such element: Unable to locate element: {\"method\":\"css selector\",\"selector\":\".home-erin img\"}\n  (Session info: chrome=132.0.6834.83); For documentation on this error, please visit: https://www.selenium.dev/documentation/webdriver/troubleshooting/errors#no-such-element-exception\nStacktrace:\n#0 0x565093ff07ca <unknown>\n#1 0x565093ae82f0 <unknown>\n#2 0x565093b38035 <unknown>\n#3 0x565093b38251 <unknown>\n#4 0x565093b7e054 <unknown>\n#5 0x565093b5c9dd <unknown>\n#6 0x565093b7b3b3 <unknown>\n#7 0x565093b5c753 <unknown>\n#8 0x565093b29baa <unknown>\n#9 0x565093b2adfe <unknown>\n#10 0x565093fbb38b <unknown>\n#11 0x565093fbf307 <unknown>\n#12 0x565093fa7e7c <unknown>\n#13 0x565093fbfec7 <unknown>\n#14 0x565093f8c24f <unknown>\n#15 0x565093fdf2f8 <unknown>\n#16 0x565093fdf4c0 <unknown>\n#17 0x565093fef646 <unknown>\n#18 0x7f4b7a29ca94 <unknown>\n#19 0x7f4b7a329c3c <unknown>","statusTrace":"self = <test_main_page.TestMainPage.TestPromoBlock object at 0x7f04b66a5f10>\ndriver = <selenium.webdriver.chrome.webdriver.WebDriver (session=\"42e4ecff439724a08e4b6dc5aa3617a6\")>\n\n    @allure.title(\"TC 13.01.26_01 - Check correctness of the image in block 3 'home-erin' in the Promo Block\")\n    def test_tc_13_01_26_01_check_image_correctness_in_section2_block3(self, driver):\n        \"\"\"This test checks if the image in section 2 block 3 'home-erin' is correct\"\"\"\n        page = PromoBlock(driver, MAIN_PAGE_URL)\n        page.open()\n>       block3_image = page.find_element(self.locators.SECTION_2_BLOCK_3_IMAGE)\n\ntests/test_main_page.py:373: \n_ _ _ _ _ _ _ _ _ _ _ _ _ _ _ _ _ _ _ _ _ _ _ _ _ _ _ _ _ _ _ _ _ _ _ _ _ _ _ _ \npages/base_page.py:201: in find_element\n    return self.driver.find_element(*locator)\n/opt/hostedtoolcache/Python/3.11.11/x64/lib/python3.11/site-packages/selenium/webdriver/remote/webdriver.py:738: in find_element\n    return self.execute(Command.FIND_ELEMENT, {\"using\": by, \"value\": value})[\"value\"]\n/opt/hostedtoolcache/Python/3.11.11/x64/lib/python3.11/site-packages/selenium/webdriver/remote/webdriver.py:344: in execute\n    self.error_handler.check_response(response)\n_ _ _ _ _ _ _ _ _ _ _ _ _ _ _ _ _ _ _ _ _ _ _ _ _ _ _ _ _ _ _ _ _ _ _ _ _ _ _ _ \n\nself = <selenium.webdriver.remote.errorhandler.ErrorHandler object at 0x7f04b658b110>\nresponse = {'status': 404, 'value': '{\"value\":{\"error\":\"no such element\",\"message\":\"no such element: Unable to locate element: {\\...\\\\n#17 0x565093fef646 \\\\u003Cunknown>\\\\n#18 0x7f4b7a29ca94 \\\\u003Cunknown>\\\\n#19 0x7f4b7a329c3c \\\\u003Cunknown>\\\\n\"}}'}\n\n    def check_response(self, response: Dict[str, Any]) -> None:\n        \"\"\"Checks that a JSON response from the WebDriver does not have an\n        error.\n    \n        :Args:\n         - response - The JSON response from the WebDriver server as a dictionary\n           object.\n    \n        :Raises: If the response contains an error message.\n        \"\"\"\n        status = response.get(\"status\", None)\n        if not status or status == ErrorCode.SUCCESS:\n            return\n        value = None\n        message = response.get(\"message\", \"\")\n        screen: str = response.get(\"screen\", \"\")\n        stacktrace = None\n        if isinstance(status, int):\n            value_json = response.get(\"value\", None)\n            if value_json and isinstance(value_json, str):\n                import json\n    \n                try:\n                    value = json.loads(value_json)\n                    if len(value) == 1:\n                        value = value[\"value\"]\n                    status = value.get(\"error\", None)\n                    if not status:\n                        status = value.get(\"status\", ErrorCode.UNKNOWN_ERROR)\n                        message = value.get(\"value\") or value.get(\"message\")\n                        if not isinstance(message, str):\n                            value = message\n                            message = message.get(\"message\")\n                    else:\n                        message = value.get(\"message\", None)\n                except ValueError:\n                    pass\n    \n        exception_class: Type[WebDriverException]\n        e = ErrorCode()\n        error_codes = [item for item in dir(e) if not item.startswith(\"__\")]\n        for error_code in error_codes:\n            error_info = getattr(ErrorCode, error_code)\n            if isinstance(error_info, list) and status in error_info:\n                exception_class = getattr(ExceptionMapping, error_code, WebDriverException)\n                break\n        else:\n            exception_class = WebDriverException\n    \n        if not value:\n            value = response[\"value\"]\n        if isinstance(value, str):\n            raise exception_class(value)\n        if message == \"\" and \"message\" in value:\n            message = value[\"message\"]\n    \n        screen = None  # type: ignore[assignment]\n        if \"screen\" in value:\n            screen = value[\"screen\"]\n    \n        stacktrace = None\n        st_value = value.get(\"stackTrace\") or value.get(\"stacktrace\")\n        if st_value:\n            if isinstance(st_value, str):\n                stacktrace = st_value.split(\"\\n\")\n            else:\n                stacktrace = []\n                try:\n                    for frame in st_value:\n                        line = frame.get(\"lineNumber\", \"\")\n                        file = frame.get(\"fileName\", \"<anonymous>\")\n                        if line:\n                            file = f\"{file}:{line}\"\n                        meth = frame.get(\"methodName\", \"<anonymous>\")\n                        if \"className\" in frame:\n                            meth = f\"{frame['className']}.{meth}\"\n                        msg = \"    at %s (%s)\"\n                        msg = msg % (meth, file)\n                        stacktrace.append(msg)\n                except TypeError:\n                    pass\n        if exception_class == UnexpectedAlertPresentException:\n            alert_text = None\n            if \"data\" in value:\n                alert_text = value[\"data\"].get(\"text\")\n            elif \"alert\" in value:\n                alert_text = value[\"alert\"].get(\"text\")\n            raise exception_class(message, screen, stacktrace, alert_text)  # type: ignore[call-arg]  # mypy is not smart enough here\n>       raise exception_class(message, screen, stacktrace)\nE       selenium.common.exceptions.NoSuchElementException: Message: no such element: Unable to locate element: {\"method\":\"css selector\",\"selector\":\".home-erin img\"}\nE         (Session info: chrome=132.0.6834.83); For documentation on this error, please visit: https://www.selenium.dev/documentation/webdriver/troubleshooting/errors#no-such-element-exception\nE       Stacktrace:\nE       #0 0x565093ff07ca <unknown>\nE       #1 0x565093ae82f0 <unknown>\nE       #2 0x565093b38035 <unknown>\nE       #3 0x565093b38251 <unknown>\nE       #4 0x565093b7e054 <unknown>\nE       #5 0x565093b5c9dd <unknown>\nE       #6 0x565093b7b3b3 <unknown>\nE       #7 0x565093b5c753 <unknown>\nE       #8 0x565093b29baa <unknown>\nE       #9 0x565093b2adfe <unknown>\nE       #10 0x565093fbb38b <unknown>\nE       #11 0x565093fbf307 <unknown>\nE       #12 0x565093fa7e7c <unknown>\nE       #13 0x565093fbfec7 <unknown>\nE       #14 0x565093f8c24f <unknown>\nE       #15 0x565093fdf2f8 <unknown>\nE       #16 0x565093fdf4c0 <unknown>\nE       #17 0x565093fef646 <unknown>\nE       #18 0x7f4b7a29ca94 <unknown>\nE       #19 0x7f4b7a329c3c <unknown>\n\n/opt/hostedtoolcache/Python/3.11.11/x64/lib/python3.11/site-packages/selenium/webdriver/remote/errorhandler.py:229: NoSuchElementException","flaky":false,"newFailed":false,"newBroken":false,"newPassed":false,"retriesCount":0,"retriesStatusChange":false,"beforeStages":[{"name":"_session_faker","time":{"start":1738028111182,"stop":1738028111243,"duration":61},"status":"passed","steps":[],"attachments":[],"parameters":[],"shouldDisplayMessage":false,"stepsCount":0,"attachmentsCount":0,"hasContent":false,"attachmentStep":false},{"name":"clear_allure_result_folder","time":{"start":1738028111243,"stop":1738028111243,"duration":0},"status":"passed","steps":[],"attachments":[],"parameters":[],"shouldDisplayMessage":false,"stepsCount":0,"attachmentsCount":0,"hasContent":false,"attachmentStep":false},{"name":"driver","time":{"start":1738028769646,"stop":1738028770839,"duration":1193},"status":"passed","steps":[],"attachments":[],"parameters":[],"shouldDisplayMessage":false,"stepsCount":0,"attachmentsCount":0,"hasContent":false,"attachmentStep":false}],"testStage":{"description":"This test checks if the image in section 2 block 3 'home-erin' is correct","status":"broken","statusMessage":"selenium.common.exceptions.NoSuchElementException: Message: no such element: Unable to locate element: {\"method\":\"css selector\",\"selector\":\".home-erin img\"}\n  (Session info: chrome=132.0.6834.83); For documentation on this error, please visit: https://www.selenium.dev/documentation/webdriver/troubleshooting/errors#no-such-element-exception\nStacktrace:\n#0 0x565093ff07ca <unknown>\n#1 0x565093ae82f0 <unknown>\n#2 0x565093b38035 <unknown>\n#3 0x565093b38251 <unknown>\n#4 0x565093b7e054 <unknown>\n#5 0x565093b5c9dd <unknown>\n#6 0x565093b7b3b3 <unknown>\n#7 0x565093b5c753 <unknown>\n#8 0x565093b29baa <unknown>\n#9 0x565093b2adfe <unknown>\n#10 0x565093fbb38b <unknown>\n#11 0x565093fbf307 <unknown>\n#12 0x565093fa7e7c <unknown>\n#13 0x565093fbfec7 <unknown>\n#14 0x565093f8c24f <unknown>\n#15 0x565093fdf2f8 <unknown>\n#16 0x565093fdf4c0 <unknown>\n#17 0x565093fef646 <unknown>\n#18 0x7f4b7a29ca94 <unknown>\n#19 0x7f4b7a329c3c <unknown>","statusTrace":"self = <test_main_page.TestMainPage.TestPromoBlock object at 0x7f04b66a5f10>\ndriver = <selenium.webdriver.chrome.webdriver.WebDriver (session=\"42e4ecff439724a08e4b6dc5aa3617a6\")>\n\n    @allure.title(\"TC 13.01.26_01 - Check correctness of the image in block 3 'home-erin' in the Promo Block\")\n    def test_tc_13_01_26_01_check_image_correctness_in_section2_block3(self, driver):\n        \"\"\"This test checks if the image in section 2 block 3 'home-erin' is correct\"\"\"\n        page = PromoBlock(driver, MAIN_PAGE_URL)\n        page.open()\n>       block3_image = page.find_element(self.locators.SECTION_2_BLOCK_3_IMAGE)\n\ntests/test_main_page.py:373: \n_ _ _ _ _ _ _ _ _ _ _ _ _ _ _ _ _ _ _ _ _ _ _ _ _ _ _ _ _ _ _ _ _ _ _ _ _ _ _ _ \npages/base_page.py:201: in find_element\n    return self.driver.find_element(*locator)\n/opt/hostedtoolcache/Python/3.11.11/x64/lib/python3.11/site-packages/selenium/webdriver/remote/webdriver.py:738: in find_element\n    return self.execute(Command.FIND_ELEMENT, {\"using\": by, \"value\": value})[\"value\"]\n/opt/hostedtoolcache/Python/3.11.11/x64/lib/python3.11/site-packages/selenium/webdriver/remote/webdriver.py:344: in execute\n    self.error_handler.check_response(response)\n_ _ _ _ _ _ _ _ _ _ _ _ _ _ _ _ _ _ _ _ _ _ _ _ _ _ _ _ _ _ _ _ _ _ _ _ _ _ _ _ \n\nself = <selenium.webdriver.remote.errorhandler.ErrorHandler object at 0x7f04b658b110>\nresponse = {'status': 404, 'value': '{\"value\":{\"error\":\"no such element\",\"message\":\"no such element: Unable to locate element: {\\...\\\\n#17 0x565093fef646 \\\\u003Cunknown>\\\\n#18 0x7f4b7a29ca94 \\\\u003Cunknown>\\\\n#19 0x7f4b7a329c3c \\\\u003Cunknown>\\\\n\"}}'}\n\n    def check_response(self, response: Dict[str, Any]) -> None:\n        \"\"\"Checks that a JSON response from the WebDriver does not have an\n        error.\n    \n        :Args:\n         - response - The JSON response from the WebDriver server as a dictionary\n           object.\n    \n        :Raises: If the response contains an error message.\n        \"\"\"\n        status = response.get(\"status\", None)\n        if not status or status == ErrorCode.SUCCESS:\n            return\n        value = None\n        message = response.get(\"message\", \"\")\n        screen: str = response.get(\"screen\", \"\")\n        stacktrace = None\n        if isinstance(status, int):\n            value_json = response.get(\"value\", None)\n            if value_json and isinstance(value_json, str):\n                import json\n    \n                try:\n                    value = json.loads(value_json)\n                    if len(value) == 1:\n                        value = value[\"value\"]\n                    status = value.get(\"error\", None)\n                    if not status:\n                        status = value.get(\"status\", ErrorCode.UNKNOWN_ERROR)\n                        message = value.get(\"value\") or value.get(\"message\")\n                        if not isinstance(message, str):\n                            value = message\n                            message = message.get(\"message\")\n                    else:\n                        message = value.get(\"message\", None)\n                except ValueError:\n                    pass\n    \n        exception_class: Type[WebDriverException]\n        e = ErrorCode()\n        error_codes = [item for item in dir(e) if not item.startswith(\"__\")]\n        for error_code in error_codes:\n            error_info = getattr(ErrorCode, error_code)\n            if isinstance(error_info, list) and status in error_info:\n                exception_class = getattr(ExceptionMapping, error_code, WebDriverException)\n                break\n        else:\n            exception_class = WebDriverException\n    \n        if not value:\n            value = response[\"value\"]\n        if isinstance(value, str):\n            raise exception_class(value)\n        if message == \"\" and \"message\" in value:\n            message = value[\"message\"]\n    \n        screen = None  # type: ignore[assignment]\n        if \"screen\" in value:\n            screen = value[\"screen\"]\n    \n        stacktrace = None\n        st_value = value.get(\"stackTrace\") or value.get(\"stacktrace\")\n        if st_value:\n            if isinstance(st_value, str):\n                stacktrace = st_value.split(\"\\n\")\n            else:\n                stacktrace = []\n                try:\n                    for frame in st_value:\n                        line = frame.get(\"lineNumber\", \"\")\n                        file = frame.get(\"fileName\", \"<anonymous>\")\n                        if line:\n                            file = f\"{file}:{line}\"\n                        meth = frame.get(\"methodName\", \"<anonymous>\")\n                        if \"className\" in frame:\n                            meth = f\"{frame['className']}.{meth}\"\n                        msg = \"    at %s (%s)\"\n                        msg = msg % (meth, file)\n                        stacktrace.append(msg)\n                except TypeError:\n                    pass\n        if exception_class == UnexpectedAlertPresentException:\n            alert_text = None\n            if \"data\" in value:\n                alert_text = value[\"data\"].get(\"text\")\n            elif \"alert\" in value:\n                alert_text = value[\"alert\"].get(\"text\")\n            raise exception_class(message, screen, stacktrace, alert_text)  # type: ignore[call-arg]  # mypy is not smart enough here\n>       raise exception_class(message, screen, stacktrace)\nE       selenium.common.exceptions.NoSuchElementException: Message: no such element: Unable to locate element: {\"method\":\"css selector\",\"selector\":\".home-erin img\"}\nE         (Session info: chrome=132.0.6834.83); For documentation on this error, please visit: https://www.selenium.dev/documentation/webdriver/troubleshooting/errors#no-such-element-exception\nE       Stacktrace:\nE       #0 0x565093ff07ca <unknown>\nE       #1 0x565093ae82f0 <unknown>\nE       #2 0x565093b38035 <unknown>\nE       #3 0x565093b38251 <unknown>\nE       #4 0x565093b7e054 <unknown>\nE       #5 0x565093b5c9dd <unknown>\nE       #6 0x565093b7b3b3 <unknown>\nE       #7 0x565093b5c753 <unknown>\nE       #8 0x565093b29baa <unknown>\nE       #9 0x565093b2adfe <unknown>\nE       #10 0x565093fbb38b <unknown>\nE       #11 0x565093fbf307 <unknown>\nE       #12 0x565093fa7e7c <unknown>\nE       #13 0x565093fbfec7 <unknown>\nE       #14 0x565093f8c24f <unknown>\nE       #15 0x565093fdf2f8 <unknown>\nE       #16 0x565093fdf4c0 <unknown>\nE       #17 0x565093fef646 <unknown>\nE       #18 0x7f4b7a29ca94 <unknown>\nE       #19 0x7f4b7a329c3c <unknown>\n\n/opt/hostedtoolcache/Python/3.11.11/x64/lib/python3.11/site-packages/selenium/webdriver/remote/errorhandler.py:229: NoSuchElementException","steps":[{"name":"Open a browser","time":{"start":1738028770839,"stop":1738028771915,"duration":1076},"status":"passed","steps":[],"attachments":[],"parameters":[],"shouldDisplayMessage":false,"stepsCount":0,"attachmentsCount":0,"hasContent":false,"attachmentStep":false},{"name":"Find element (unpacking)","time":{"start":1738028771915,"stop":1738028771933,"duration":18},"status":"broken","statusMessage":"selenium.common.exceptions.NoSuchElementException: Message: no such element: Unable to locate element: {\"method\":\"css selector\",\"selector\":\".home-erin img\"}\n  (Session info: chrome=132.0.6834.83); For documentation on this error, please visit: https://www.selenium.dev/documentation/webdriver/troubleshooting/errors#no-such-element-exception\nStacktrace:\n#0 0x565093ff07ca <unknown>\n#1 0x565093ae82f0 <unknown>\n#2 0x565093b38035 <unknown>\n#3 0x565093b38251 <unknown>\n#4 0x565093b7e054 <unknown>\n#5 0x565093b5c9dd <unknown>\n#6 0x565093b7b3b3 <unknown>\n#7 0x565093b5c753 <unknown>\n#8 0x565093b29baa <unknown>\n#9 0x565093b2adfe <unknown>\n#10 0x565093fbb38b <unknown>\n#11 0x565093fbf307 <unknown>\n#12 0x565093fa7e7c <unknown>\n#13 0x565093fbfec7 <unknown>\n#14 0x565093f8c24f <unknown>\n#15 0x565093fdf2f8 <unknown>\n#16 0x565093fdf4c0 <unknown>\n#17 0x565093fef646 <unknown>\n#18 0x7f4b7a29ca94 <unknown>\n#19 0x7f4b7a329c3c <unknown>\n\n","statusTrace":"  File \"/opt/hostedtoolcache/Python/3.11.11/x64/lib/python3.11/site-packages/allure_commons/_allure.py\", line 192, in impl\n    return func(*a, **kw)\n           ^^^^^^^^^^^^^^\n  File \"/home/runner/work/luma_project/luma_project/pages/base_page.py\", line 201, in find_element\n    return self.driver.find_element(*locator)\n           ^^^^^^^^^^^^^^^^^^^^^^^^^^^^^^^^^^\n  File \"/opt/hostedtoolcache/Python/3.11.11/x64/lib/python3.11/site-packages/selenium/webdriver/remote/webdriver.py\", line 738, in find_element\n    return self.execute(Command.FIND_ELEMENT, {\"using\": by, \"value\": value})[\"value\"]\n           ^^^^^^^^^^^^^^^^^^^^^^^^^^^^^^^^^^^^^^^^^^^^^^^^^^^^^^^^^^^^^^^^^\n  File \"/opt/hostedtoolcache/Python/3.11.11/x64/lib/python3.11/site-packages/selenium/webdriver/remote/webdriver.py\", line 344, in execute\n    self.error_handler.check_response(response)\n  File \"/opt/hostedtoolcache/Python/3.11.11/x64/lib/python3.11/site-packages/selenium/webdriver/remote/errorhandler.py\", line 229, in check_response\n    raise exception_class(message, screen, stacktrace)\n","steps":[],"attachments":[],"parameters":[{"name":"locator","value":"('css selector', '.home-erin img')"}],"shouldDisplayMessage":true,"stepsCount":0,"attachmentsCount":0,"hasContent":true,"attachmentStep":false}],"attachments":[{"uid":"9561a75320889254","name":"Screenshot","source":"9561a75320889254.png","type":"image/png","size":548028},{"uid":"73e9792b5758fa73","name":"HTML source","source":"73e9792b5758fa73.html","type":"text/html","size":136654}],"parameters":[],"shouldDisplayMessage":true,"stepsCount":2,"attachmentsCount":2,"hasContent":true,"attachmentStep":false},"afterStages":[{"name":"driver::0","time":{"start":1738028772202,"stop":1738028772273,"duration":71},"status":"passed","steps":[],"attachments":[],"parameters":[],"shouldDisplayMessage":false,"stepsCount":0,"attachmentsCount":0,"hasContent":false,"attachmentStep":false},{"name":"clear_allure_result_folder::0","time":{"start":1738029562261,"stop":1738029562261,"duration":0},"status":"passed","steps":[],"attachments":[],"parameters":[],"shouldDisplayMessage":false,"stepsCount":0,"attachmentsCount":0,"hasContent":false,"attachmentStep":false}],"labels":[{"name":"epic","value":"Main Page"},{"name":"feature","value":"Promo Block Testing"},{"name":"parentSuite","value":"tests"},{"name":"suite","value":"test_main_page"},{"name":"subSuite","value":"TestMainPage"},{"name":"host","value":"fv-az1909-4"},{"name":"thread","value":"2819-MainThread"},{"name":"framework","value":"pytest"},{"name":"language","value":"cpython3"},{"name":"package","value":"tests.test_main_page"},{"name":"resultFormat","value":"allure2"}],"parameters":[],"links":[],"hidden":false,"retry":false,"extra":{"severity":"normal","retries":[],"categories":[{"name":"Test defects","matchedStatuses":[],"flaky":false}],"history":{"statistic":{"failed":0,"broken":3,"skipped":0,"passed":0,"unknown":0,"total":3},"items":[{"uid":"6c5afc9d80210fe2","reportUrl":"https://verafes.github.io/luma_project/568//#testresult/6c5afc9d80210fe2","status":"broken","statusDetails":"selenium.common.exceptions.NoSuchElementException: Message: no such element: Unable to locate element: {\"method\":\"css selector\",\"selector\":\".home-erin img\"}\n  (Session info: chrome=132.0.6834.83); For documentation on this error, please visit: https://www.selenium.dev/documentation/webdriver/troubleshooting/errors#no-such-element-exception\nStacktrace:\n#0 0x55f0280487ca <unknown>\n#1 0x55f027b402f0 <unknown>\n#2 0x55f027b90035 <unknown>\n#3 0x55f027b90251 <unknown>\n#4 0x55f027bd6054 <unknown>\n#5 0x55f027bb49dd <unknown>\n#6 0x55f027bd33b3 <unknown>\n#7 0x55f027bb4753 <unknown>\n#8 0x55f027b81baa <unknown>\n#9 0x55f027b82dfe <unknown>\n#10 0x55f02801338b <unknown>\n#11 0x55f028017307 <unknown>\n#12 0x55f027fffe7c <unknown>\n#13 0x55f028017ec7 <unknown>\n#14 0x55f027fe424f <unknown>\n#15 0x55f0280372f8 <unknown>\n#16 0x55f0280374c0 <unknown>\n#17 0x55f028047646 <unknown>\n#18 0x7f259a69ca94 <unknown>\n#19 0x7f259a729c3c <unknown>","time":{"start":1737943056567,"stop":1737943056963,"duration":396}},{"uid":"2d3c730926ed9e8d","reportUrl":"https://verafes.github.io/luma_project/567//#testresult/2d3c730926ed9e8d","status":"broken","statusDetails":"selenium.common.exceptions.NoSuchElementException: Message: no such element: Unable to locate element: {\"method\":\"css selector\",\"selector\":\".home-erin img\"}\n  (Session info: chrome=132.0.6834.83); For documentation on this error, please visit: https://www.selenium.dev/documentation/webdriver/troubleshooting/errors#no-such-element-exception\nStacktrace:\n#0 0x55c7ac8ad7ca <unknown>\n#1 0x55c7ac3a52f0 <unknown>\n#2 0x55c7ac3f5035 <unknown>\n#3 0x55c7ac3f5251 <unknown>\n#4 0x55c7ac43b054 <unknown>\n#5 0x55c7ac4199dd <unknown>\n#6 0x55c7ac4383b3 <unknown>\n#7 0x55c7ac419753 <unknown>\n#8 0x55c7ac3e6baa <unknown>\n#9 0x55c7ac3e7dfe <unknown>\n#10 0x55c7ac87838b <unknown>\n#11 0x55c7ac87c307 <unknown>\n#12 0x55c7ac864e7c <unknown>\n#13 0x55c7ac87cec7 <unknown>\n#14 0x55c7ac84924f <unknown>\n#15 0x55c7ac89c2f8 <unknown>\n#16 0x55c7ac89c4c0 <unknown>\n#17 0x55c7ac8ac646 <unknown>\n#18 0x7f11a2c9ca94 <unknown>\n#19 0x7f11a2d29c3c <unknown>","time":{"start":1737856694096,"stop":1737856694516,"duration":420}}]},"tags":[]},"source":"a76b1d895a6eefdb.json","parameterValues":[]}