{"uid":"3b35f0fc9989c8a3","name":"TC 17.01.06 Verify FYP Email field highlighting on click","fullName":"tests.test_forgot_your_password.TestForgotYourPassword#test_17_01_06_email_field_gets_highlighted_when_clicked","historyId":"6446b2fbc472e7d8490633fddd50392a","time":{"start":1737856015234,"stop":1737856020351,"duration":5117},"description":"\n        Check the Email field is activated with a cursor and gets highlighted when clicked\n        ","descriptionHtml":"<pre><code>    Check the Email field is activated with a cursor and gets highlighted when clicked\n</code></pre>\n","status":"broken","statusMessage":"selenium.common.exceptions.TimeoutException: Message: \nStacktrace:\n#0 0x55742fbf47ca <unknown>\n#1 0x55742f6ec2f0 <unknown>\n#2 0x55742f73c035 <unknown>\n#3 0x55742f73c251 <unknown>\n#4 0x55742f782054 <unknown>\n#5 0x55742f7609dd <unknown>\n#6 0x55742f77f3b3 <unknown>\n#7 0x55742f760753 <unknown>\n#8 0x55742f72dbaa <unknown>\n#9 0x55742f72edfe <unknown>\n#10 0x55742fbbf38b <unknown>\n#11 0x55742fbc3307 <unknown>\n#12 0x55742fbabe7c <unknown>\n#13 0x55742fbc3ec7 <unknown>\n#14 0x55742fb9024f <unknown>\n#15 0x55742fbe32f8 <unknown>\n#16 0x55742fbe34c0 <unknown>\n#17 0x55742fbf3646 <unknown>\n#18 0x7f23ec49ca94 <unknown>\n#19 0x7f23ec529c3c <unknown>","statusTrace":"self = <test_forgot_your_password.TestForgotYourPassword object at 0x7ff9a2532c50>\ndriver = <selenium.webdriver.chrome.webdriver.WebDriver (session=\"44500cd0f9c1228585336871785de8b6\")>\nforgot_psw_page = <pages.forgot_your_password_page.ForgotYourPasswordPage object at 0x7ff9a2c9b210>\n\n    @allure.title('TC 17.01.06 Verify FYP Email field highlighting on click')\n    def test_17_01_06_email_field_gets_highlighted_when_clicked(self, driver, forgot_psw_page):\n        \"\"\"\n        Check the Email field is activated with a cursor and gets highlighted when clicked\n        \"\"\"\n>       initial_box_shadow, active_box_shadow = forgot_psw_page.activate_forgot_psw_email_field_and_check_style()\n\ntests/test_forgot_your_password.py:62: \n_ _ _ _ _ _ _ _ _ _ _ _ _ _ _ _ _ _ _ _ _ _ _ _ _ _ _ _ _ _ _ _ _ _ _ _ _ _ _ _ \npages/forgot_your_password_page.py:44: in activate_forgot_psw_email_field_and_check_style\n    return self.activate_field_and_check_style(self.locators.EMAIL)\npages/base_page.py:310: in activate_field_and_check_style\n    initial_box_shadow = self.check_element_hover_style(locator, 'box-shadow', 5)\npages/base_page.py:120: in check_element_hover_style\n    element = self.element_is_visible(locator)  # Get the WebElement using locator\npages/base_page.py:29: in element_is_visible\n    self.go_to_element(self.element_is_present(locator))\npages/base_page.py:50: in element_is_present\n    return wait(self.driver, timeout).until(EC.presence_of_element_located(locator))\n_ _ _ _ _ _ _ _ _ _ _ _ _ _ _ _ _ _ _ _ _ _ _ _ _ _ _ _ _ _ _ _ _ _ _ _ _ _ _ _ \n\nself = <selenium.webdriver.support.wait.WebDriverWait (session=\"44500cd0f9c1228585336871785de8b6\")>\nmethod = <function presence_of_element_located.<locals>._predicate at 0x7ff9a333c900>\nmessage = ''\n\n    def until(self, method, message: str = \"\"):\n        \"\"\"Calls the method provided with the driver as an argument until the \\\n        return value does not evaluate to ``False``.\n    \n        :param method: callable(WebDriver)\n        :param message: optional message for :exc:`TimeoutException`\n        :returns: the result of the last call to `method`\n        :raises: :exc:`selenium.common.exceptions.TimeoutException` if timeout occurs\n        \"\"\"\n        screen = None\n        stacktrace = None\n    \n        end_time = time.monotonic() + self._timeout\n        while True:\n            try:\n                value = method(self._driver)\n                if value:\n                    return value\n            except self._ignored_exceptions as exc:\n                screen = getattr(exc, \"screen\", None)\n                stacktrace = getattr(exc, \"stacktrace\", None)\n            time.sleep(self._poll)\n            if time.monotonic() > end_time:\n                break\n>       raise TimeoutException(message, screen, stacktrace)\nE       selenium.common.exceptions.TimeoutException: Message: \nE       Stacktrace:\nE       #0 0x55742fbf47ca <unknown>\nE       #1 0x55742f6ec2f0 <unknown>\nE       #2 0x55742f73c035 <unknown>\nE       #3 0x55742f73c251 <unknown>\nE       #4 0x55742f782054 <unknown>\nE       #5 0x55742f7609dd <unknown>\nE       #6 0x55742f77f3b3 <unknown>\nE       #7 0x55742f760753 <unknown>\nE       #8 0x55742f72dbaa <unknown>\nE       #9 0x55742f72edfe <unknown>\nE       #10 0x55742fbbf38b <unknown>\nE       #11 0x55742fbc3307 <unknown>\nE       #12 0x55742fbabe7c <unknown>\nE       #13 0x55742fbc3ec7 <unknown>\nE       #14 0x55742fb9024f <unknown>\nE       #15 0x55742fbe32f8 <unknown>\nE       #16 0x55742fbe34c0 <unknown>\nE       #17 0x55742fbf3646 <unknown>\nE       #18 0x7f23ec49ca94 <unknown>\nE       #19 0x7f23ec529c3c <unknown>\n\n/opt/hostedtoolcache/Python/3.11.11/x64/lib/python3.11/site-packages/selenium/webdriver/support/wait.py:95: TimeoutException","flaky":false,"newFailed":false,"newBroken":false,"newPassed":false,"retriesCount":0,"retriesStatusChange":false,"beforeStages":[{"name":"_session_faker","time":{"start":1737855487853,"stop":1737855487915,"duration":62},"status":"passed","steps":[],"attachments":[],"parameters":[],"shouldDisplayMessage":false,"stepsCount":0,"attachmentsCount":0,"hasContent":false,"attachmentStep":false},{"name":"clear_allure_result_folder","time":{"start":1737855487916,"stop":1737855487916,"duration":0},"status":"passed","steps":[],"attachments":[],"parameters":[],"shouldDisplayMessage":false,"stepsCount":0,"attachmentsCount":0,"hasContent":false,"attachmentStep":false},{"name":"driver","time":{"start":1737856013639,"stop":1737856014822,"duration":1183},"status":"passed","steps":[],"attachments":[],"parameters":[],"shouldDisplayMessage":false,"stepsCount":0,"attachmentsCount":0,"hasContent":false,"attachmentStep":false},{"name":"forgot_psw_page","time":{"start":1737856014822,"stop":1737856015233,"duration":411},"status":"passed","steps":[{"name":"Open a browser","time":{"start":1737856014822,"stop":1737856015233,"duration":411},"status":"passed","steps":[],"attachments":[],"parameters":[],"shouldDisplayMessage":false,"stepsCount":0,"attachmentsCount":0,"hasContent":false,"attachmentStep":false}],"attachments":[],"parameters":[],"shouldDisplayMessage":false,"stepsCount":1,"attachmentsCount":0,"hasContent":true,"attachmentStep":false}],"testStage":{"description":"\n        Check the Email field is activated with a cursor and gets highlighted when clicked\n        ","status":"broken","statusMessage":"selenium.common.exceptions.TimeoutException: Message: \nStacktrace:\n#0 0x55742fbf47ca <unknown>\n#1 0x55742f6ec2f0 <unknown>\n#2 0x55742f73c035 <unknown>\n#3 0x55742f73c251 <unknown>\n#4 0x55742f782054 <unknown>\n#5 0x55742f7609dd <unknown>\n#6 0x55742f77f3b3 <unknown>\n#7 0x55742f760753 <unknown>\n#8 0x55742f72dbaa <unknown>\n#9 0x55742f72edfe <unknown>\n#10 0x55742fbbf38b <unknown>\n#11 0x55742fbc3307 <unknown>\n#12 0x55742fbabe7c <unknown>\n#13 0x55742fbc3ec7 <unknown>\n#14 0x55742fb9024f <unknown>\n#15 0x55742fbe32f8 <unknown>\n#16 0x55742fbe34c0 <unknown>\n#17 0x55742fbf3646 <unknown>\n#18 0x7f23ec49ca94 <unknown>\n#19 0x7f23ec529c3c <unknown>","statusTrace":"self = <test_forgot_your_password.TestForgotYourPassword object at 0x7ff9a2532c50>\ndriver = <selenium.webdriver.chrome.webdriver.WebDriver (session=\"44500cd0f9c1228585336871785de8b6\")>\nforgot_psw_page = <pages.forgot_your_password_page.ForgotYourPasswordPage object at 0x7ff9a2c9b210>\n\n    @allure.title('TC 17.01.06 Verify FYP Email field highlighting on click')\n    def test_17_01_06_email_field_gets_highlighted_when_clicked(self, driver, forgot_psw_page):\n        \"\"\"\n        Check the Email field is activated with a cursor and gets highlighted when clicked\n        \"\"\"\n>       initial_box_shadow, active_box_shadow = forgot_psw_page.activate_forgot_psw_email_field_and_check_style()\n\ntests/test_forgot_your_password.py:62: \n_ _ _ _ _ _ _ _ _ _ _ _ _ _ _ _ _ _ _ _ _ _ _ _ _ _ _ _ _ _ _ _ _ _ _ _ _ _ _ _ \npages/forgot_your_password_page.py:44: in activate_forgot_psw_email_field_and_check_style\n    return self.activate_field_and_check_style(self.locators.EMAIL)\npages/base_page.py:310: in activate_field_and_check_style\n    initial_box_shadow = self.check_element_hover_style(locator, 'box-shadow', 5)\npages/base_page.py:120: in check_element_hover_style\n    element = self.element_is_visible(locator)  # Get the WebElement using locator\npages/base_page.py:29: in element_is_visible\n    self.go_to_element(self.element_is_present(locator))\npages/base_page.py:50: in element_is_present\n    return wait(self.driver, timeout).until(EC.presence_of_element_located(locator))\n_ _ _ _ _ _ _ _ _ _ _ _ _ _ _ _ _ _ _ _ _ _ _ _ _ _ _ _ _ _ _ _ _ _ _ _ _ _ _ _ \n\nself = <selenium.webdriver.support.wait.WebDriverWait (session=\"44500cd0f9c1228585336871785de8b6\")>\nmethod = <function presence_of_element_located.<locals>._predicate at 0x7ff9a333c900>\nmessage = ''\n\n    def until(self, method, message: str = \"\"):\n        \"\"\"Calls the method provided with the driver as an argument until the \\\n        return value does not evaluate to ``False``.\n    \n        :param method: callable(WebDriver)\n        :param message: optional message for :exc:`TimeoutException`\n        :returns: the result of the last call to `method`\n        :raises: :exc:`selenium.common.exceptions.TimeoutException` if timeout occurs\n        \"\"\"\n        screen = None\n        stacktrace = None\n    \n        end_time = time.monotonic() + self._timeout\n        while True:\n            try:\n                value = method(self._driver)\n                if value:\n                    return value\n            except self._ignored_exceptions as exc:\n                screen = getattr(exc, \"screen\", None)\n                stacktrace = getattr(exc, \"stacktrace\", None)\n            time.sleep(self._poll)\n            if time.monotonic() > end_time:\n                break\n>       raise TimeoutException(message, screen, stacktrace)\nE       selenium.common.exceptions.TimeoutException: Message: \nE       Stacktrace:\nE       #0 0x55742fbf47ca <unknown>\nE       #1 0x55742f6ec2f0 <unknown>\nE       #2 0x55742f73c035 <unknown>\nE       #3 0x55742f73c251 <unknown>\nE       #4 0x55742f782054 <unknown>\nE       #5 0x55742f7609dd <unknown>\nE       #6 0x55742f77f3b3 <unknown>\nE       #7 0x55742f760753 <unknown>\nE       #8 0x55742f72dbaa <unknown>\nE       #9 0x55742f72edfe <unknown>\nE       #10 0x55742fbbf38b <unknown>\nE       #11 0x55742fbc3307 <unknown>\nE       #12 0x55742fbabe7c <unknown>\nE       #13 0x55742fbc3ec7 <unknown>\nE       #14 0x55742fb9024f <unknown>\nE       #15 0x55742fbe32f8 <unknown>\nE       #16 0x55742fbe34c0 <unknown>\nE       #17 0x55742fbf3646 <unknown>\nE       #18 0x7f23ec49ca94 <unknown>\nE       #19 0x7f23ec529c3c <unknown>\n\n/opt/hostedtoolcache/Python/3.11.11/x64/lib/python3.11/site-packages/selenium/webdriver/support/wait.py:95: TimeoutException","steps":[{"name":"Activate FYP Email field and check style","time":{"start":1737856015234,"stop":1737856020351,"duration":5117},"status":"broken","statusMessage":"selenium.common.exceptions.TimeoutException: Message: \nStacktrace:\n#0 0x55742fbf47ca <unknown>\n#1 0x55742f6ec2f0 <unknown>\n#2 0x55742f73c035 <unknown>\n#3 0x55742f73c251 <unknown>\n#4 0x55742f782054 <unknown>\n#5 0x55742f7609dd <unknown>\n#6 0x55742f77f3b3 <unknown>\n#7 0x55742f760753 <unknown>\n#8 0x55742f72dbaa <unknown>\n#9 0x55742f72edfe <unknown>\n#10 0x55742fbbf38b <unknown>\n#11 0x55742fbc3307 <unknown>\n#12 0x55742fbabe7c <unknown>\n#13 0x55742fbc3ec7 <unknown>\n#14 0x55742fb9024f <unknown>\n#15 0x55742fbe32f8 <unknown>\n#16 0x55742fbe34c0 <unknown>\n#17 0x55742fbf3646 <unknown>\n#18 0x7f23ec49ca94 <unknown>\n#19 0x7f23ec529c3c <unknown>\n\n","statusTrace":"  File \"/opt/hostedtoolcache/Python/3.11.11/x64/lib/python3.11/site-packages/allure_commons/_allure.py\", line 192, in impl\n    return func(*a, **kw)\n           ^^^^^^^^^^^^^^\n  File \"/home/runner/work/luma_project/luma_project/pages/forgot_your_password_page.py\", line 44, in activate_forgot_psw_email_field_and_check_style\n    return self.activate_field_and_check_style(self.locators.EMAIL)\n           ^^^^^^^^^^^^^^^^^^^^^^^^^^^^^^^^^^^^^^^^^^^^^^^^^^^^^^^^\n  File \"/opt/hostedtoolcache/Python/3.11.11/x64/lib/python3.11/site-packages/allure_commons/_allure.py\", line 192, in impl\n    return func(*a, **kw)\n           ^^^^^^^^^^^^^^\n  File \"/home/runner/work/luma_project/luma_project/pages/base_page.py\", line 310, in activate_field_and_check_style\n    initial_box_shadow = self.check_element_hover_style(locator, 'box-shadow', 5)\n                         ^^^^^^^^^^^^^^^^^^^^^^^^^^^^^^^^^^^^^^^^^^^^^^^^^^^^^^^^\n  File \"/opt/hostedtoolcache/Python/3.11.11/x64/lib/python3.11/site-packages/allure_commons/_allure.py\", line 192, in impl\n    return func(*a, **kw)\n           ^^^^^^^^^^^^^^\n  File \"/home/runner/work/luma_project/luma_project/pages/base_page.py\", line 120, in check_element_hover_style\n    element = self.element_is_visible(locator)  # Get the WebElement using locator\n              ^^^^^^^^^^^^^^^^^^^^^^^^^^^^^^^^\n  File \"/opt/hostedtoolcache/Python/3.11.11/x64/lib/python3.11/site-packages/allure_commons/_allure.py\", line 192, in impl\n    return func(*a, **kw)\n           ^^^^^^^^^^^^^^\n  File \"/home/runner/work/luma_project/luma_project/pages/base_page.py\", line 29, in element_is_visible\n    self.go_to_element(self.element_is_present(locator))\n                       ^^^^^^^^^^^^^^^^^^^^^^^^^^^^^^^^\n  File \"/opt/hostedtoolcache/Python/3.11.11/x64/lib/python3.11/site-packages/allure_commons/_allure.py\", line 192, in impl\n    return func(*a, **kw)\n           ^^^^^^^^^^^^^^\n  File \"/home/runner/work/luma_project/luma_project/pages/base_page.py\", line 50, in element_is_present\n    return wait(self.driver, timeout).until(EC.presence_of_element_located(locator))\n           ^^^^^^^^^^^^^^^^^^^^^^^^^^^^^^^^^^^^^^^^^^^^^^^^^^^^^^^^^^^^^^^^^^^^^^^^^\n  File \"/opt/hostedtoolcache/Python/3.11.11/x64/lib/python3.11/site-packages/selenium/webdriver/support/wait.py\", line 95, in until\n    raise TimeoutException(message, screen, stacktrace)\n","steps":[{"name":"Activate the field and get the styles before and after activation","time":{"start":1737856015234,"stop":1737856020351,"duration":5117},"status":"broken","statusMessage":"selenium.common.exceptions.TimeoutException: Message: \nStacktrace:\n#0 0x55742fbf47ca <unknown>\n#1 0x55742f6ec2f0 <unknown>\n#2 0x55742f73c035 <unknown>\n#3 0x55742f73c251 <unknown>\n#4 0x55742f782054 <unknown>\n#5 0x55742f7609dd <unknown>\n#6 0x55742f77f3b3 <unknown>\n#7 0x55742f760753 <unknown>\n#8 0x55742f72dbaa <unknown>\n#9 0x55742f72edfe <unknown>\n#10 0x55742fbbf38b <unknown>\n#11 0x55742fbc3307 <unknown>\n#12 0x55742fbabe7c <unknown>\n#13 0x55742fbc3ec7 <unknown>\n#14 0x55742fb9024f <unknown>\n#15 0x55742fbe32f8 <unknown>\n#16 0x55742fbe34c0 <unknown>\n#17 0x55742fbf3646 <unknown>\n#18 0x7f23ec49ca94 <unknown>\n#19 0x7f23ec529c3c <unknown>\n\n","statusTrace":"  File \"/opt/hostedtoolcache/Python/3.11.11/x64/lib/python3.11/site-packages/allure_commons/_allure.py\", line 192, in impl\n    return func(*a, **kw)\n           ^^^^^^^^^^^^^^\n  File \"/home/runner/work/luma_project/luma_project/pages/base_page.py\", line 310, in activate_field_and_check_style\n    initial_box_shadow = self.check_element_hover_style(locator, 'box-shadow', 5)\n                         ^^^^^^^^^^^^^^^^^^^^^^^^^^^^^^^^^^^^^^^^^^^^^^^^^^^^^^^^\n  File \"/opt/hostedtoolcache/Python/3.11.11/x64/lib/python3.11/site-packages/allure_commons/_allure.py\", line 192, in impl\n    return func(*a, **kw)\n           ^^^^^^^^^^^^^^\n  File \"/home/runner/work/luma_project/luma_project/pages/base_page.py\", line 120, in check_element_hover_style\n    element = self.element_is_visible(locator)  # Get the WebElement using locator\n              ^^^^^^^^^^^^^^^^^^^^^^^^^^^^^^^^\n  File \"/opt/hostedtoolcache/Python/3.11.11/x64/lib/python3.11/site-packages/allure_commons/_allure.py\", line 192, in impl\n    return func(*a, **kw)\n           ^^^^^^^^^^^^^^\n  File \"/home/runner/work/luma_project/luma_project/pages/base_page.py\", line 29, in element_is_visible\n    self.go_to_element(self.element_is_present(locator))\n                       ^^^^^^^^^^^^^^^^^^^^^^^^^^^^^^^^\n  File \"/opt/hostedtoolcache/Python/3.11.11/x64/lib/python3.11/site-packages/allure_commons/_allure.py\", line 192, in impl\n    return func(*a, **kw)\n           ^^^^^^^^^^^^^^\n  File \"/home/runner/work/luma_project/luma_project/pages/base_page.py\", line 50, in element_is_present\n    return wait(self.driver, timeout).until(EC.presence_of_element_located(locator))\n           ^^^^^^^^^^^^^^^^^^^^^^^^^^^^^^^^^^^^^^^^^^^^^^^^^^^^^^^^^^^^^^^^^^^^^^^^^\n  File \"/opt/hostedtoolcache/Python/3.11.11/x64/lib/python3.11/site-packages/selenium/webdriver/support/wait.py\", line 95, in until\n    raise TimeoutException(message, screen, stacktrace)\n","steps":[{"name":"Check element hover style","time":{"start":1737856015234,"stop":1737856020350,"duration":5116},"status":"broken","statusMessage":"selenium.common.exceptions.TimeoutException: Message: \nStacktrace:\n#0 0x55742fbf47ca <unknown>\n#1 0x55742f6ec2f0 <unknown>\n#2 0x55742f73c035 <unknown>\n#3 0x55742f73c251 <unknown>\n#4 0x55742f782054 <unknown>\n#5 0x55742f7609dd <unknown>\n#6 0x55742f77f3b3 <unknown>\n#7 0x55742f760753 <unknown>\n#8 0x55742f72dbaa <unknown>\n#9 0x55742f72edfe <unknown>\n#10 0x55742fbbf38b <unknown>\n#11 0x55742fbc3307 <unknown>\n#12 0x55742fbabe7c <unknown>\n#13 0x55742fbc3ec7 <unknown>\n#14 0x55742fb9024f <unknown>\n#15 0x55742fbe32f8 <unknown>\n#16 0x55742fbe34c0 <unknown>\n#17 0x55742fbf3646 <unknown>\n#18 0x7f23ec49ca94 <unknown>\n#19 0x7f23ec529c3c <unknown>\n\n","statusTrace":"  File \"/opt/hostedtoolcache/Python/3.11.11/x64/lib/python3.11/site-packages/allure_commons/_allure.py\", line 192, in impl\n    return func(*a, **kw)\n           ^^^^^^^^^^^^^^\n  File \"/home/runner/work/luma_project/luma_project/pages/base_page.py\", line 120, in check_element_hover_style\n    element = self.element_is_visible(locator)  # Get the WebElement using locator\n              ^^^^^^^^^^^^^^^^^^^^^^^^^^^^^^^^\n  File \"/opt/hostedtoolcache/Python/3.11.11/x64/lib/python3.11/site-packages/allure_commons/_allure.py\", line 192, in impl\n    return func(*a, **kw)\n           ^^^^^^^^^^^^^^\n  File \"/home/runner/work/luma_project/luma_project/pages/base_page.py\", line 29, in element_is_visible\n    self.go_to_element(self.element_is_present(locator))\n                       ^^^^^^^^^^^^^^^^^^^^^^^^^^^^^^^^\n  File \"/opt/hostedtoolcache/Python/3.11.11/x64/lib/python3.11/site-packages/allure_commons/_allure.py\", line 192, in impl\n    return func(*a, **kw)\n           ^^^^^^^^^^^^^^\n  File \"/home/runner/work/luma_project/luma_project/pages/base_page.py\", line 50, in element_is_present\n    return wait(self.driver, timeout).until(EC.presence_of_element_located(locator))\n           ^^^^^^^^^^^^^^^^^^^^^^^^^^^^^^^^^^^^^^^^^^^^^^^^^^^^^^^^^^^^^^^^^^^^^^^^^\n  File \"/opt/hostedtoolcache/Python/3.11.11/x64/lib/python3.11/site-packages/selenium/webdriver/support/wait.py\", line 95, in until\n    raise TimeoutException(message, screen, stacktrace)\n","steps":[{"name":"Find a visible element","time":{"start":1737856015234,"stop":1737856020350,"duration":5116},"status":"broken","statusMessage":"selenium.common.exceptions.TimeoutException: Message: \nStacktrace:\n#0 0x55742fbf47ca <unknown>\n#1 0x55742f6ec2f0 <unknown>\n#2 0x55742f73c035 <unknown>\n#3 0x55742f73c251 <unknown>\n#4 0x55742f782054 <unknown>\n#5 0x55742f7609dd <unknown>\n#6 0x55742f77f3b3 <unknown>\n#7 0x55742f760753 <unknown>\n#8 0x55742f72dbaa <unknown>\n#9 0x55742f72edfe <unknown>\n#10 0x55742fbbf38b <unknown>\n#11 0x55742fbc3307 <unknown>\n#12 0x55742fbabe7c <unknown>\n#13 0x55742fbc3ec7 <unknown>\n#14 0x55742fb9024f <unknown>\n#15 0x55742fbe32f8 <unknown>\n#16 0x55742fbe34c0 <unknown>\n#17 0x55742fbf3646 <unknown>\n#18 0x7f23ec49ca94 <unknown>\n#19 0x7f23ec529c3c <unknown>\n\n","statusTrace":"  File \"/opt/hostedtoolcache/Python/3.11.11/x64/lib/python3.11/site-packages/allure_commons/_allure.py\", line 192, in impl\n    return func(*a, **kw)\n           ^^^^^^^^^^^^^^\n  File \"/home/runner/work/luma_project/luma_project/pages/base_page.py\", line 29, in element_is_visible\n    self.go_to_element(self.element_is_present(locator))\n                       ^^^^^^^^^^^^^^^^^^^^^^^^^^^^^^^^\n  File \"/opt/hostedtoolcache/Python/3.11.11/x64/lib/python3.11/site-packages/allure_commons/_allure.py\", line 192, in impl\n    return func(*a, **kw)\n           ^^^^^^^^^^^^^^\n  File \"/home/runner/work/luma_project/luma_project/pages/base_page.py\", line 50, in element_is_present\n    return wait(self.driver, timeout).until(EC.presence_of_element_located(locator))\n           ^^^^^^^^^^^^^^^^^^^^^^^^^^^^^^^^^^^^^^^^^^^^^^^^^^^^^^^^^^^^^^^^^^^^^^^^^\n  File \"/opt/hostedtoolcache/Python/3.11.11/x64/lib/python3.11/site-packages/selenium/webdriver/support/wait.py\", line 95, in until\n    raise TimeoutException(message, screen, stacktrace)\n","steps":[{"name":"Find a present element","time":{"start":1737856015234,"stop":1737856020350,"duration":5116},"status":"broken","statusMessage":"selenium.common.exceptions.TimeoutException: Message: \nStacktrace:\n#0 0x55742fbf47ca <unknown>\n#1 0x55742f6ec2f0 <unknown>\n#2 0x55742f73c035 <unknown>\n#3 0x55742f73c251 <unknown>\n#4 0x55742f782054 <unknown>\n#5 0x55742f7609dd <unknown>\n#6 0x55742f77f3b3 <unknown>\n#7 0x55742f760753 <unknown>\n#8 0x55742f72dbaa <unknown>\n#9 0x55742f72edfe <unknown>\n#10 0x55742fbbf38b <unknown>\n#11 0x55742fbc3307 <unknown>\n#12 0x55742fbabe7c <unknown>\n#13 0x55742fbc3ec7 <unknown>\n#14 0x55742fb9024f <unknown>\n#15 0x55742fbe32f8 <unknown>\n#16 0x55742fbe34c0 <unknown>\n#17 0x55742fbf3646 <unknown>\n#18 0x7f23ec49ca94 <unknown>\n#19 0x7f23ec529c3c <unknown>\n\n","statusTrace":"  File \"/opt/hostedtoolcache/Python/3.11.11/x64/lib/python3.11/site-packages/allure_commons/_allure.py\", line 192, in impl\n    return func(*a, **kw)\n           ^^^^^^^^^^^^^^\n  File \"/home/runner/work/luma_project/luma_project/pages/base_page.py\", line 50, in element_is_present\n    return wait(self.driver, timeout).until(EC.presence_of_element_located(locator))\n           ^^^^^^^^^^^^^^^^^^^^^^^^^^^^^^^^^^^^^^^^^^^^^^^^^^^^^^^^^^^^^^^^^^^^^^^^^\n  File \"/opt/hostedtoolcache/Python/3.11.11/x64/lib/python3.11/site-packages/selenium/webdriver/support/wait.py\", line 95, in until\n    raise TimeoutException(message, screen, stacktrace)\n","steps":[],"attachments":[],"parameters":[{"name":"locator","value":"('css selector', '#email_address')"},{"name":"timeout","value":"5"}],"shouldDisplayMessage":true,"stepsCount":0,"attachmentsCount":0,"hasContent":true,"attachmentStep":false}],"attachments":[],"parameters":[{"name":"locator","value":"('css selector', '#email_address')"},{"name":"timeout","value":"10"}],"shouldDisplayMessage":false,"stepsCount":1,"attachmentsCount":0,"hasContent":true,"attachmentStep":false}],"attachments":[],"parameters":[{"name":"locator","value":"('css selector', '#email_address')"},{"name":"css_property","value":"'box-shadow'"},{"name":"seconds","value":"5"}],"shouldDisplayMessage":false,"stepsCount":2,"attachmentsCount":0,"hasContent":true,"attachmentStep":false}],"attachments":[],"parameters":[{"name":"locator","value":"('css selector', '#email_address')"}],"shouldDisplayMessage":false,"stepsCount":3,"attachmentsCount":0,"hasContent":true,"attachmentStep":false}],"attachments":[],"parameters":[],"shouldDisplayMessage":false,"stepsCount":4,"attachmentsCount":0,"hasContent":true,"attachmentStep":false}],"attachments":[{"uid":"bcca173c1e93c59c","name":"Screenshot","source":"bcca173c1e93c59c.png","type":"image/png","size":25650},{"uid":"9a48a12e9578945","name":"HTML source","source":"9a48a12e9578945.html","type":"text/html","size":258809}],"parameters":[],"shouldDisplayMessage":true,"stepsCount":5,"attachmentsCount":2,"hasContent":true,"attachmentStep":false},"afterStages":[{"name":"driver::0","time":{"start":1737856020466,"stop":1737856020530,"duration":64},"status":"passed","steps":[],"attachments":[],"parameters":[],"shouldDisplayMessage":false,"stepsCount":0,"attachmentsCount":0,"hasContent":false,"attachmentStep":false},{"name":"clear_allure_result_folder::0","time":{"start":1737857973906,"stop":1737857973906,"duration":0},"status":"passed","steps":[],"attachments":[],"parameters":[],"shouldDisplayMessage":false,"stepsCount":0,"attachmentsCount":0,"hasContent":false,"attachmentStep":false}],"labels":[{"name":"epic","value":"Forgot Your Password Page"},{"name":"parentSuite","value":"tests"},{"name":"suite","value":"test_forgot_your_password"},{"name":"subSuite","value":"TestForgotYourPassword"},{"name":"host","value":"fv-az1314-617"},{"name":"thread","value":"2774-MainThread"},{"name":"framework","value":"pytest"},{"name":"language","value":"cpython3"},{"name":"package","value":"tests.test_forgot_your_password"},{"name":"resultFormat","value":"allure2"}],"parameters":[],"links":[],"hidden":false,"retry":false,"extra":{"severity":"normal","retries":[],"categories":[{"name":"Test defects","matchedStatuses":[],"flaky":false}],"tags":[]},"source":"3b35f0fc9989c8a3.json","parameterValues":[]}