{"uid":"504757c7ab9859a8","name":"TC 03.02.05 Verify error on attempting to log in with empty email - Negative","fullName":"tests.test_sign_in.TestLogin#test_03_02_05_error_if_login_with_empty_password","historyId":"1671eade30fea13ce3a08a7945e43e0d","time":{"start":1737857719374,"stop":1737857724484,"duration":5110},"description":"Check error message on attempt to log in with empty password","descriptionHtml":"<p>Check error message on attempt to log in with empty password</p>\n","status":"broken","statusMessage":"selenium.common.exceptions.TimeoutException: Message: \nStacktrace:\n#0 0x55cac04ec7ca <unknown>\n#1 0x55cabffe42f0 <unknown>\n#2 0x55cac0034035 <unknown>\n#3 0x55cac0034251 <unknown>\n#4 0x55cac007a054 <unknown>\n#5 0x55cac00589dd <unknown>\n#6 0x55cac00773b3 <unknown>\n#7 0x55cac0058753 <unknown>\n#8 0x55cac0025baa <unknown>\n#9 0x55cac0026dfe <unknown>\n#10 0x55cac04b738b <unknown>\n#11 0x55cac04bb307 <unknown>\n#12 0x55cac04a3e7c <unknown>\n#13 0x55cac04bbec7 <unknown>\n#14 0x55cac048824f <unknown>\n#15 0x55cac04db2f8 <unknown>\n#16 0x55cac04db4c0 <unknown>\n#17 0x55cac04eb646 <unknown>\n#18 0x7f3b9949ca94 <unknown>\n#19 0x7f3b99529c3c <unknown>","statusTrace":"self = <test_sign_in.TestLogin object at 0x7ff9a15dc490>\ndriver = <selenium.webdriver.chrome.webdriver.WebDriver (session=\"9019ba8bd5504f7e7aa9559130f3bc9c\")>\nsign_in_page = <pages.sign_in_page.SignInPage object at 0x7ff9a3349110>\n\n    @allure.title('TC 03.02.05 Verify error on attempting to log in with empty email - Negative')\n    def test_03_02_05_error_if_login_with_empty_password(self, driver, sign_in_page):\n        \"\"\"Check error message on attempt to log in with empty password\"\"\"\n>       sign_in_page.fill_in_email_field(credentials['email'])\n\ntests/test_sign_in.py:222: \n_ _ _ _ _ _ _ _ _ _ _ _ _ _ _ _ _ _ _ _ _ _ _ _ _ _ _ _ _ _ _ _ _ _ _ _ _ _ _ _ \npages/sign_in_page.py:54: in fill_in_email_field\n    self.fill_in_field(self.check_customer_email_field_is_clickable(), email)\npages/sign_in_page.py:41: in check_customer_email_field_is_clickable\n    return self.element_is_clickable(self.locators.CUSTOMER_EMAIL)\npages/base_page.py:80: in element_is_clickable\n    return wait(self.driver, timeout).until(EC.element_to_be_clickable(locator))\n_ _ _ _ _ _ _ _ _ _ _ _ _ _ _ _ _ _ _ _ _ _ _ _ _ _ _ _ _ _ _ _ _ _ _ _ _ _ _ _ \n\nself = <selenium.webdriver.support.wait.WebDriverWait (session=\"9019ba8bd5504f7e7aa9559130f3bc9c\")>\nmethod = <function element_to_be_clickable.<locals>._predicate at 0x7ff9a2bbcae0>\nmessage = ''\n\n    def until(self, method, message: str = \"\"):\n        \"\"\"Calls the method provided with the driver as an argument until the \\\n        return value does not evaluate to ``False``.\n    \n        :param method: callable(WebDriver)\n        :param message: optional message for :exc:`TimeoutException`\n        :returns: the result of the last call to `method`\n        :raises: :exc:`selenium.common.exceptions.TimeoutException` if timeout occurs\n        \"\"\"\n        screen = None\n        stacktrace = None\n    \n        end_time = time.monotonic() + self._timeout\n        while True:\n            try:\n                value = method(self._driver)\n                if value:\n                    return value\n            except self._ignored_exceptions as exc:\n                screen = getattr(exc, \"screen\", None)\n                stacktrace = getattr(exc, \"stacktrace\", None)\n            time.sleep(self._poll)\n            if time.monotonic() > end_time:\n                break\n>       raise TimeoutException(message, screen, stacktrace)\nE       selenium.common.exceptions.TimeoutException: Message: \nE       Stacktrace:\nE       #0 0x55cac04ec7ca <unknown>\nE       #1 0x55cabffe42f0 <unknown>\nE       #2 0x55cac0034035 <unknown>\nE       #3 0x55cac0034251 <unknown>\nE       #4 0x55cac007a054 <unknown>\nE       #5 0x55cac00589dd <unknown>\nE       #6 0x55cac00773b3 <unknown>\nE       #7 0x55cac0058753 <unknown>\nE       #8 0x55cac0025baa <unknown>\nE       #9 0x55cac0026dfe <unknown>\nE       #10 0x55cac04b738b <unknown>\nE       #11 0x55cac04bb307 <unknown>\nE       #12 0x55cac04a3e7c <unknown>\nE       #13 0x55cac04bbec7 <unknown>\nE       #14 0x55cac048824f <unknown>\nE       #15 0x55cac04db2f8 <unknown>\nE       #16 0x55cac04db4c0 <unknown>\nE       #17 0x55cac04eb646 <unknown>\nE       #18 0x7f3b9949ca94 <unknown>\nE       #19 0x7f3b99529c3c <unknown>\n\n/opt/hostedtoolcache/Python/3.11.11/x64/lib/python3.11/site-packages/selenium/webdriver/support/wait.py:95: TimeoutException","flaky":false,"newFailed":false,"newBroken":false,"newPassed":false,"retriesCount":0,"retriesStatusChange":false,"beforeStages":[{"name":"_session_faker","time":{"start":1737855487853,"stop":1737855487915,"duration":62},"status":"passed","steps":[],"attachments":[],"parameters":[],"shouldDisplayMessage":false,"stepsCount":0,"attachmentsCount":0,"hasContent":false,"attachmentStep":false},{"name":"clear_allure_result_folder","time":{"start":1737855487916,"stop":1737855487916,"duration":0},"status":"passed","steps":[],"attachments":[],"parameters":[],"shouldDisplayMessage":false,"stepsCount":0,"attachmentsCount":0,"hasContent":false,"attachmentStep":false},{"name":"driver","time":{"start":1737857717722,"stop":1737857718973,"duration":1251},"status":"passed","steps":[],"attachments":[],"parameters":[],"shouldDisplayMessage":false,"stepsCount":0,"attachmentsCount":0,"hasContent":false,"attachmentStep":false},{"name":"sign_in_page","time":{"start":1737857718973,"stop":1737857719374,"duration":401},"status":"passed","steps":[{"name":"Open a browser","time":{"start":1737857718973,"stop":1737857719374,"duration":401},"status":"passed","steps":[],"attachments":[],"parameters":[],"shouldDisplayMessage":false,"stepsCount":0,"attachmentsCount":0,"hasContent":false,"attachmentStep":false}],"attachments":[],"parameters":[],"shouldDisplayMessage":false,"stepsCount":1,"attachmentsCount":0,"hasContent":true,"attachmentStep":false}],"testStage":{"description":"Check error message on attempt to log in with empty password","status":"broken","statusMessage":"selenium.common.exceptions.TimeoutException: Message: \nStacktrace:\n#0 0x55cac04ec7ca <unknown>\n#1 0x55cabffe42f0 <unknown>\n#2 0x55cac0034035 <unknown>\n#3 0x55cac0034251 <unknown>\n#4 0x55cac007a054 <unknown>\n#5 0x55cac00589dd <unknown>\n#6 0x55cac00773b3 <unknown>\n#7 0x55cac0058753 <unknown>\n#8 0x55cac0025baa <unknown>\n#9 0x55cac0026dfe <unknown>\n#10 0x55cac04b738b <unknown>\n#11 0x55cac04bb307 <unknown>\n#12 0x55cac04a3e7c <unknown>\n#13 0x55cac04bbec7 <unknown>\n#14 0x55cac048824f <unknown>\n#15 0x55cac04db2f8 <unknown>\n#16 0x55cac04db4c0 <unknown>\n#17 0x55cac04eb646 <unknown>\n#18 0x7f3b9949ca94 <unknown>\n#19 0x7f3b99529c3c <unknown>","statusTrace":"self = <test_sign_in.TestLogin object at 0x7ff9a15dc490>\ndriver = <selenium.webdriver.chrome.webdriver.WebDriver (session=\"9019ba8bd5504f7e7aa9559130f3bc9c\")>\nsign_in_page = <pages.sign_in_page.SignInPage object at 0x7ff9a3349110>\n\n    @allure.title('TC 03.02.05 Verify error on attempting to log in with empty email - Negative')\n    def test_03_02_05_error_if_login_with_empty_password(self, driver, sign_in_page):\n        \"\"\"Check error message on attempt to log in with empty password\"\"\"\n>       sign_in_page.fill_in_email_field(credentials['email'])\n\ntests/test_sign_in.py:222: \n_ _ _ _ _ _ _ _ _ _ _ _ _ _ _ _ _ _ _ _ _ _ _ _ _ _ _ _ _ _ _ _ _ _ _ _ _ _ _ _ \npages/sign_in_page.py:54: in fill_in_email_field\n    self.fill_in_field(self.check_customer_email_field_is_clickable(), email)\npages/sign_in_page.py:41: in check_customer_email_field_is_clickable\n    return self.element_is_clickable(self.locators.CUSTOMER_EMAIL)\npages/base_page.py:80: in element_is_clickable\n    return wait(self.driver, timeout).until(EC.element_to_be_clickable(locator))\n_ _ _ _ _ _ _ _ _ _ _ _ _ _ _ _ _ _ _ _ _ _ _ _ _ _ _ _ _ _ _ _ _ _ _ _ _ _ _ _ \n\nself = <selenium.webdriver.support.wait.WebDriverWait (session=\"9019ba8bd5504f7e7aa9559130f3bc9c\")>\nmethod = <function element_to_be_clickable.<locals>._predicate at 0x7ff9a2bbcae0>\nmessage = ''\n\n    def until(self, method, message: str = \"\"):\n        \"\"\"Calls the method provided with the driver as an argument until the \\\n        return value does not evaluate to ``False``.\n    \n        :param method: callable(WebDriver)\n        :param message: optional message for :exc:`TimeoutException`\n        :returns: the result of the last call to `method`\n        :raises: :exc:`selenium.common.exceptions.TimeoutException` if timeout occurs\n        \"\"\"\n        screen = None\n        stacktrace = None\n    \n        end_time = time.monotonic() + self._timeout\n        while True:\n            try:\n                value = method(self._driver)\n                if value:\n                    return value\n            except self._ignored_exceptions as exc:\n                screen = getattr(exc, \"screen\", None)\n                stacktrace = getattr(exc, \"stacktrace\", None)\n            time.sleep(self._poll)\n            if time.monotonic() > end_time:\n                break\n>       raise TimeoutException(message, screen, stacktrace)\nE       selenium.common.exceptions.TimeoutException: Message: \nE       Stacktrace:\nE       #0 0x55cac04ec7ca <unknown>\nE       #1 0x55cabffe42f0 <unknown>\nE       #2 0x55cac0034035 <unknown>\nE       #3 0x55cac0034251 <unknown>\nE       #4 0x55cac007a054 <unknown>\nE       #5 0x55cac00589dd <unknown>\nE       #6 0x55cac00773b3 <unknown>\nE       #7 0x55cac0058753 <unknown>\nE       #8 0x55cac0025baa <unknown>\nE       #9 0x55cac0026dfe <unknown>\nE       #10 0x55cac04b738b <unknown>\nE       #11 0x55cac04bb307 <unknown>\nE       #12 0x55cac04a3e7c <unknown>\nE       #13 0x55cac04bbec7 <unknown>\nE       #14 0x55cac048824f <unknown>\nE       #15 0x55cac04db2f8 <unknown>\nE       #16 0x55cac04db4c0 <unknown>\nE       #17 0x55cac04eb646 <unknown>\nE       #18 0x7f3b9949ca94 <unknown>\nE       #19 0x7f3b99529c3c <unknown>\n\n/opt/hostedtoolcache/Python/3.11.11/x64/lib/python3.11/site-packages/selenium/webdriver/support/wait.py:95: TimeoutException","steps":[{"name":"Fill in Email field","time":{"start":1737857719375,"stop":1737857724484,"duration":5109},"status":"broken","statusMessage":"selenium.common.exceptions.TimeoutException: Message: \nStacktrace:\n#0 0x55cac04ec7ca <unknown>\n#1 0x55cabffe42f0 <unknown>\n#2 0x55cac0034035 <unknown>\n#3 0x55cac0034251 <unknown>\n#4 0x55cac007a054 <unknown>\n#5 0x55cac00589dd <unknown>\n#6 0x55cac00773b3 <unknown>\n#7 0x55cac0058753 <unknown>\n#8 0x55cac0025baa <unknown>\n#9 0x55cac0026dfe <unknown>\n#10 0x55cac04b738b <unknown>\n#11 0x55cac04bb307 <unknown>\n#12 0x55cac04a3e7c <unknown>\n#13 0x55cac04bbec7 <unknown>\n#14 0x55cac048824f <unknown>\n#15 0x55cac04db2f8 <unknown>\n#16 0x55cac04db4c0 <unknown>\n#17 0x55cac04eb646 <unknown>\n#18 0x7f3b9949ca94 <unknown>\n#19 0x7f3b99529c3c <unknown>\n\n","statusTrace":"  File \"/opt/hostedtoolcache/Python/3.11.11/x64/lib/python3.11/site-packages/allure_commons/_allure.py\", line 192, in impl\n    return func(*a, **kw)\n           ^^^^^^^^^^^^^^\n  File \"/home/runner/work/luma_project/luma_project/pages/sign_in_page.py\", line 54, in fill_in_email_field\n    self.fill_in_field(self.check_customer_email_field_is_clickable(), email)\n                       ^^^^^^^^^^^^^^^^^^^^^^^^^^^^^^^^^^^^^^^^^^^^^^\n  File \"/opt/hostedtoolcache/Python/3.11.11/x64/lib/python3.11/site-packages/allure_commons/_allure.py\", line 192, in impl\n    return func(*a, **kw)\n           ^^^^^^^^^^^^^^\n  File \"/home/runner/work/luma_project/luma_project/pages/sign_in_page.py\", line 41, in check_customer_email_field_is_clickable\n    return self.element_is_clickable(self.locators.CUSTOMER_EMAIL)\n           ^^^^^^^^^^^^^^^^^^^^^^^^^^^^^^^^^^^^^^^^^^^^^^^^^^^^^^^\n  File \"/opt/hostedtoolcache/Python/3.11.11/x64/lib/python3.11/site-packages/allure_commons/_allure.py\", line 192, in impl\n    return func(*a, **kw)\n           ^^^^^^^^^^^^^^\n  File \"/home/runner/work/luma_project/luma_project/pages/base_page.py\", line 80, in element_is_clickable\n    return wait(self.driver, timeout).until(EC.element_to_be_clickable(locator))\n           ^^^^^^^^^^^^^^^^^^^^^^^^^^^^^^^^^^^^^^^^^^^^^^^^^^^^^^^^^^^^^^^^^^^^^\n  File \"/opt/hostedtoolcache/Python/3.11.11/x64/lib/python3.11/site-packages/selenium/webdriver/support/wait.py\", line 95, in until\n    raise TimeoutException(message, screen, stacktrace)\n","steps":[{"name":"Check Email field is clickable","time":{"start":1737857719375,"stop":1737857724484,"duration":5109},"status":"broken","statusMessage":"selenium.common.exceptions.TimeoutException: Message: \nStacktrace:\n#0 0x55cac04ec7ca <unknown>\n#1 0x55cabffe42f0 <unknown>\n#2 0x55cac0034035 <unknown>\n#3 0x55cac0034251 <unknown>\n#4 0x55cac007a054 <unknown>\n#5 0x55cac00589dd <unknown>\n#6 0x55cac00773b3 <unknown>\n#7 0x55cac0058753 <unknown>\n#8 0x55cac0025baa <unknown>\n#9 0x55cac0026dfe <unknown>\n#10 0x55cac04b738b <unknown>\n#11 0x55cac04bb307 <unknown>\n#12 0x55cac04a3e7c <unknown>\n#13 0x55cac04bbec7 <unknown>\n#14 0x55cac048824f <unknown>\n#15 0x55cac04db2f8 <unknown>\n#16 0x55cac04db4c0 <unknown>\n#17 0x55cac04eb646 <unknown>\n#18 0x7f3b9949ca94 <unknown>\n#19 0x7f3b99529c3c <unknown>\n\n","statusTrace":"  File \"/opt/hostedtoolcache/Python/3.11.11/x64/lib/python3.11/site-packages/allure_commons/_allure.py\", line 192, in impl\n    return func(*a, **kw)\n           ^^^^^^^^^^^^^^\n  File \"/home/runner/work/luma_project/luma_project/pages/sign_in_page.py\", line 41, in check_customer_email_field_is_clickable\n    return self.element_is_clickable(self.locators.CUSTOMER_EMAIL)\n           ^^^^^^^^^^^^^^^^^^^^^^^^^^^^^^^^^^^^^^^^^^^^^^^^^^^^^^^\n  File \"/opt/hostedtoolcache/Python/3.11.11/x64/lib/python3.11/site-packages/allure_commons/_allure.py\", line 192, in impl\n    return func(*a, **kw)\n           ^^^^^^^^^^^^^^\n  File \"/home/runner/work/luma_project/luma_project/pages/base_page.py\", line 80, in element_is_clickable\n    return wait(self.driver, timeout).until(EC.element_to_be_clickable(locator))\n           ^^^^^^^^^^^^^^^^^^^^^^^^^^^^^^^^^^^^^^^^^^^^^^^^^^^^^^^^^^^^^^^^^^^^^\n  File \"/opt/hostedtoolcache/Python/3.11.11/x64/lib/python3.11/site-packages/selenium/webdriver/support/wait.py\", line 95, in until\n    raise TimeoutException(message, screen, stacktrace)\n","steps":[{"name":"Find clickable elements","time":{"start":1737857719375,"stop":1737857724483,"duration":5108},"status":"broken","statusMessage":"selenium.common.exceptions.TimeoutException: Message: \nStacktrace:\n#0 0x55cac04ec7ca <unknown>\n#1 0x55cabffe42f0 <unknown>\n#2 0x55cac0034035 <unknown>\n#3 0x55cac0034251 <unknown>\n#4 0x55cac007a054 <unknown>\n#5 0x55cac00589dd <unknown>\n#6 0x55cac00773b3 <unknown>\n#7 0x55cac0058753 <unknown>\n#8 0x55cac0025baa <unknown>\n#9 0x55cac0026dfe <unknown>\n#10 0x55cac04b738b <unknown>\n#11 0x55cac04bb307 <unknown>\n#12 0x55cac04a3e7c <unknown>\n#13 0x55cac04bbec7 <unknown>\n#14 0x55cac048824f <unknown>\n#15 0x55cac04db2f8 <unknown>\n#16 0x55cac04db4c0 <unknown>\n#17 0x55cac04eb646 <unknown>\n#18 0x7f3b9949ca94 <unknown>\n#19 0x7f3b99529c3c <unknown>\n\n","statusTrace":"  File \"/opt/hostedtoolcache/Python/3.11.11/x64/lib/python3.11/site-packages/allure_commons/_allure.py\", line 192, in impl\n    return func(*a, **kw)\n           ^^^^^^^^^^^^^^\n  File \"/home/runner/work/luma_project/luma_project/pages/base_page.py\", line 80, in element_is_clickable\n    return wait(self.driver, timeout).until(EC.element_to_be_clickable(locator))\n           ^^^^^^^^^^^^^^^^^^^^^^^^^^^^^^^^^^^^^^^^^^^^^^^^^^^^^^^^^^^^^^^^^^^^^\n  File \"/opt/hostedtoolcache/Python/3.11.11/x64/lib/python3.11/site-packages/selenium/webdriver/support/wait.py\", line 95, in until\n    raise TimeoutException(message, screen, stacktrace)\n","steps":[],"attachments":[],"parameters":[{"name":"locator","value":"('css selector', '#email')"},{"name":"timeout","value":"5"}],"shouldDisplayMessage":true,"stepsCount":0,"attachmentsCount":0,"hasContent":true,"attachmentStep":false}],"attachments":[],"parameters":[],"shouldDisplayMessage":false,"stepsCount":1,"attachmentsCount":0,"hasContent":true,"attachmentStep":false}],"attachments":[],"parameters":[{"name":"email","value":"'teston120@mailinator.com'"}],"shouldDisplayMessage":false,"stepsCount":2,"attachmentsCount":0,"hasContent":true,"attachmentStep":false}],"attachments":[{"uid":"b8a9a9e085c56105","name":"Screenshot","source":"b8a9a9e085c56105.png","type":"image/png","size":25649},{"uid":"d0d6efc362694aab","name":"HTML source","source":"d0d6efc362694aab.html","type":"text/html","size":258925}],"parameters":[],"shouldDisplayMessage":true,"stepsCount":3,"attachmentsCount":2,"hasContent":true,"attachmentStep":false},"afterStages":[{"name":"driver::0","time":{"start":1737857724593,"stop":1737857724656,"duration":63},"status":"passed","steps":[],"attachments":[],"parameters":[],"shouldDisplayMessage":false,"stepsCount":0,"attachmentsCount":0,"hasContent":false,"attachmentStep":false},{"name":"clear_allure_result_folder::0","time":{"start":1737857973906,"stop":1737857973906,"duration":0},"status":"passed","steps":[],"attachments":[],"parameters":[],"shouldDisplayMessage":false,"stepsCount":0,"attachmentsCount":0,"hasContent":false,"attachmentStep":false}],"labels":[{"name":"feature","value":"Login Functionality"},{"name":"parentSuite","value":"tests"},{"name":"suite","value":"test_sign_in"},{"name":"subSuite","value":"TestLogin"},{"name":"host","value":"fv-az1314-617"},{"name":"thread","value":"2774-MainThread"},{"name":"framework","value":"pytest"},{"name":"language","value":"cpython3"},{"name":"package","value":"tests.test_sign_in"},{"name":"resultFormat","value":"allure2"}],"parameters":[],"links":[],"hidden":false,"retry":false,"extra":{"severity":"normal","retries":[],"categories":[{"name":"Test defects","matchedStatuses":[],"flaky":false}],"tags":[]},"source":"504757c7ab9859a8.json","parameterValues":[]}