{"uid":"9c2319952ab9e8cc","name":"TC 04_01_13 Verify presence of Password label and the required asterisk","fullName":"tests.test_create_an_account.TestCreateAnAccount#test_04_01_13_password_labeled","historyId":"1c14faafe94a7bcaca434978117500c8","time":{"start":1737855570550,"stop":1737855575666,"duration":5116},"description":" Verify presence of Password label and the required asterisk ","descriptionHtml":"<p>Verify presence of Password label and the required asterisk</p>\n","status":"broken","statusMessage":"selenium.common.exceptions.TimeoutException: Message: \nStacktrace:\n#0 0x555f91b197ca <unknown>\n#1 0x555f916112f0 <unknown>\n#2 0x555f91661035 <unknown>\n#3 0x555f91661251 <unknown>\n#4 0x555f916a7054 <unknown>\n#5 0x555f916859dd <unknown>\n#6 0x555f916a43b3 <unknown>\n#7 0x555f91685753 <unknown>\n#8 0x555f91652baa <unknown>\n#9 0x555f91653dfe <unknown>\n#10 0x555f91ae438b <unknown>\n#11 0x555f91ae8307 <unknown>\n#12 0x555f91ad0e7c <unknown>\n#13 0x555f91ae8ec7 <unknown>\n#14 0x555f91ab524f <unknown>\n#15 0x555f91b082f8 <unknown>\n#16 0x555f91b084c0 <unknown>\n#17 0x555f91b18646 <unknown>\n#18 0x7f8c24e9ca94 <unknown>\n#19 0x7f8c24f29c3c <unknown>","statusTrace":"self = <test_create_an_account.TestCreateAnAccount object at 0x7ff9a25c1290>\ncreate_account_page = <pages.create_an_account_page.CreateAccountPage object at 0x7ff9a3567c90>\n\n    @allure.title('TC 04_01_13 Verify presence of Password label and the required asterisk')\n    def test_04_01_13_password_labeled(self, create_account_page):\n        \"\"\" Verify presence of Password label and the required asterisk \"\"\"\n>       password_label = create_account_page.check_password_label()\n\ntests/test_create_an_account.py:116: \n_ _ _ _ _ _ _ _ _ _ _ _ _ _ _ _ _ _ _ _ _ _ _ _ _ _ _ _ _ _ _ _ _ _ _ _ _ _ _ _ \npages/create_an_account_page.py:45: in check_password_label\n    return self.element_is_visible(self.locators.PASSWORD_LABEL)\npages/base_page.py:29: in element_is_visible\n    self.go_to_element(self.element_is_present(locator))\npages/base_page.py:50: in element_is_present\n    return wait(self.driver, timeout).until(EC.presence_of_element_located(locator))\n_ _ _ _ _ _ _ _ _ _ _ _ _ _ _ _ _ _ _ _ _ _ _ _ _ _ _ _ _ _ _ _ _ _ _ _ _ _ _ _ \n\nself = <selenium.webdriver.support.wait.WebDriverWait (session=\"85209e6a6e673d5d6e853617a3f16f30\")>\nmethod = <function presence_of_element_located.<locals>._predicate at 0x7ff9a14116c0>\nmessage = ''\n\n    def until(self, method, message: str = \"\"):\n        \"\"\"Calls the method provided with the driver as an argument until the \\\n        return value does not evaluate to ``False``.\n    \n        :param method: callable(WebDriver)\n        :param message: optional message for :exc:`TimeoutException`\n        :returns: the result of the last call to `method`\n        :raises: :exc:`selenium.common.exceptions.TimeoutException` if timeout occurs\n        \"\"\"\n        screen = None\n        stacktrace = None\n    \n        end_time = time.monotonic() + self._timeout\n        while True:\n            try:\n                value = method(self._driver)\n                if value:\n                    return value\n            except self._ignored_exceptions as exc:\n                screen = getattr(exc, \"screen\", None)\n                stacktrace = getattr(exc, \"stacktrace\", None)\n            time.sleep(self._poll)\n            if time.monotonic() > end_time:\n                break\n>       raise TimeoutException(message, screen, stacktrace)\nE       selenium.common.exceptions.TimeoutException: Message: \nE       Stacktrace:\nE       #0 0x555f91b197ca <unknown>\nE       #1 0x555f916112f0 <unknown>\nE       #2 0x555f91661035 <unknown>\nE       #3 0x555f91661251 <unknown>\nE       #4 0x555f916a7054 <unknown>\nE       #5 0x555f916859dd <unknown>\nE       #6 0x555f916a43b3 <unknown>\nE       #7 0x555f91685753 <unknown>\nE       #8 0x555f91652baa <unknown>\nE       #9 0x555f91653dfe <unknown>\nE       #10 0x555f91ae438b <unknown>\nE       #11 0x555f91ae8307 <unknown>\nE       #12 0x555f91ad0e7c <unknown>\nE       #13 0x555f91ae8ec7 <unknown>\nE       #14 0x555f91ab524f <unknown>\nE       #15 0x555f91b082f8 <unknown>\nE       #16 0x555f91b084c0 <unknown>\nE       #17 0x555f91b18646 <unknown>\nE       #18 0x7f8c24e9ca94 <unknown>\nE       #19 0x7f8c24f29c3c <unknown>\n\n/opt/hostedtoolcache/Python/3.11.11/x64/lib/python3.11/site-packages/selenium/webdriver/support/wait.py:95: TimeoutException","flaky":false,"newFailed":false,"newBroken":false,"newPassed":false,"retriesCount":0,"retriesStatusChange":false,"beforeStages":[{"name":"_session_faker","time":{"start":1737855487853,"stop":1737855487915,"duration":62},"status":"passed","steps":[],"attachments":[],"parameters":[],"shouldDisplayMessage":false,"stepsCount":0,"attachmentsCount":0,"hasContent":false,"attachmentStep":false},{"name":"clear_allure_result_folder","time":{"start":1737855487916,"stop":1737855487916,"duration":0},"status":"passed","steps":[],"attachments":[],"parameters":[],"shouldDisplayMessage":false,"stepsCount":0,"attachmentsCount":0,"hasContent":false,"attachmentStep":false},{"name":"driver","time":{"start":1737855568964,"stop":1737855570152,"duration":1188},"status":"passed","steps":[],"attachments":[],"parameters":[],"shouldDisplayMessage":false,"stepsCount":0,"attachmentsCount":0,"hasContent":false,"attachmentStep":false},{"name":"create_account_page","time":{"start":1737855570153,"stop":1737855570550,"duration":397},"status":"passed","steps":[{"name":"Open a browser","time":{"start":1737855570153,"stop":1737855570550,"duration":397},"status":"passed","steps":[],"attachments":[],"parameters":[],"shouldDisplayMessage":false,"stepsCount":0,"attachmentsCount":0,"hasContent":false,"attachmentStep":false}],"attachments":[],"parameters":[],"shouldDisplayMessage":false,"stepsCount":1,"attachmentsCount":0,"hasContent":true,"attachmentStep":false}],"testStage":{"description":" Verify presence of Password label and the required asterisk ","status":"broken","statusMessage":"selenium.common.exceptions.TimeoutException: Message: \nStacktrace:\n#0 0x555f91b197ca <unknown>\n#1 0x555f916112f0 <unknown>\n#2 0x555f91661035 <unknown>\n#3 0x555f91661251 <unknown>\n#4 0x555f916a7054 <unknown>\n#5 0x555f916859dd <unknown>\n#6 0x555f916a43b3 <unknown>\n#7 0x555f91685753 <unknown>\n#8 0x555f91652baa <unknown>\n#9 0x555f91653dfe <unknown>\n#10 0x555f91ae438b <unknown>\n#11 0x555f91ae8307 <unknown>\n#12 0x555f91ad0e7c <unknown>\n#13 0x555f91ae8ec7 <unknown>\n#14 0x555f91ab524f <unknown>\n#15 0x555f91b082f8 <unknown>\n#16 0x555f91b084c0 <unknown>\n#17 0x555f91b18646 <unknown>\n#18 0x7f8c24e9ca94 <unknown>\n#19 0x7f8c24f29c3c <unknown>","statusTrace":"self = <test_create_an_account.TestCreateAnAccount object at 0x7ff9a25c1290>\ncreate_account_page = <pages.create_an_account_page.CreateAccountPage object at 0x7ff9a3567c90>\n\n    @allure.title('TC 04_01_13 Verify presence of Password label and the required asterisk')\n    def test_04_01_13_password_labeled(self, create_account_page):\n        \"\"\" Verify presence of Password label and the required asterisk \"\"\"\n>       password_label = create_account_page.check_password_label()\n\ntests/test_create_an_account.py:116: \n_ _ _ _ _ _ _ _ _ _ _ _ _ _ _ _ _ _ _ _ _ _ _ _ _ _ _ _ _ _ _ _ _ _ _ _ _ _ _ _ \npages/create_an_account_page.py:45: in check_password_label\n    return self.element_is_visible(self.locators.PASSWORD_LABEL)\npages/base_page.py:29: in element_is_visible\n    self.go_to_element(self.element_is_present(locator))\npages/base_page.py:50: in element_is_present\n    return wait(self.driver, timeout).until(EC.presence_of_element_located(locator))\n_ _ _ _ _ _ _ _ _ _ _ _ _ _ _ _ _ _ _ _ _ _ _ _ _ _ _ _ _ _ _ _ _ _ _ _ _ _ _ _ \n\nself = <selenium.webdriver.support.wait.WebDriverWait (session=\"85209e6a6e673d5d6e853617a3f16f30\")>\nmethod = <function presence_of_element_located.<locals>._predicate at 0x7ff9a14116c0>\nmessage = ''\n\n    def until(self, method, message: str = \"\"):\n        \"\"\"Calls the method provided with the driver as an argument until the \\\n        return value does not evaluate to ``False``.\n    \n        :param method: callable(WebDriver)\n        :param message: optional message for :exc:`TimeoutException`\n        :returns: the result of the last call to `method`\n        :raises: :exc:`selenium.common.exceptions.TimeoutException` if timeout occurs\n        \"\"\"\n        screen = None\n        stacktrace = None\n    \n        end_time = time.monotonic() + self._timeout\n        while True:\n            try:\n                value = method(self._driver)\n                if value:\n                    return value\n            except self._ignored_exceptions as exc:\n                screen = getattr(exc, \"screen\", None)\n                stacktrace = getattr(exc, \"stacktrace\", None)\n            time.sleep(self._poll)\n            if time.monotonic() > end_time:\n                break\n>       raise TimeoutException(message, screen, stacktrace)\nE       selenium.common.exceptions.TimeoutException: Message: \nE       Stacktrace:\nE       #0 0x555f91b197ca <unknown>\nE       #1 0x555f916112f0 <unknown>\nE       #2 0x555f91661035 <unknown>\nE       #3 0x555f91661251 <unknown>\nE       #4 0x555f916a7054 <unknown>\nE       #5 0x555f916859dd <unknown>\nE       #6 0x555f916a43b3 <unknown>\nE       #7 0x555f91685753 <unknown>\nE       #8 0x555f91652baa <unknown>\nE       #9 0x555f91653dfe <unknown>\nE       #10 0x555f91ae438b <unknown>\nE       #11 0x555f91ae8307 <unknown>\nE       #12 0x555f91ad0e7c <unknown>\nE       #13 0x555f91ae8ec7 <unknown>\nE       #14 0x555f91ab524f <unknown>\nE       #15 0x555f91b082f8 <unknown>\nE       #16 0x555f91b084c0 <unknown>\nE       #17 0x555f91b18646 <unknown>\nE       #18 0x7f8c24e9ca94 <unknown>\nE       #19 0x7f8c24f29c3c <unknown>\n\n/opt/hostedtoolcache/Python/3.11.11/x64/lib/python3.11/site-packages/selenium/webdriver/support/wait.py:95: TimeoutException","steps":[{"name":"Check Password label is visible","time":{"start":1737855570550,"stop":1737855575666,"duration":5116},"status":"broken","statusMessage":"selenium.common.exceptions.TimeoutException: Message: \nStacktrace:\n#0 0x555f91b197ca <unknown>\n#1 0x555f916112f0 <unknown>\n#2 0x555f91661035 <unknown>\n#3 0x555f91661251 <unknown>\n#4 0x555f916a7054 <unknown>\n#5 0x555f916859dd <unknown>\n#6 0x555f916a43b3 <unknown>\n#7 0x555f91685753 <unknown>\n#8 0x555f91652baa <unknown>\n#9 0x555f91653dfe <unknown>\n#10 0x555f91ae438b <unknown>\n#11 0x555f91ae8307 <unknown>\n#12 0x555f91ad0e7c <unknown>\n#13 0x555f91ae8ec7 <unknown>\n#14 0x555f91ab524f <unknown>\n#15 0x555f91b082f8 <unknown>\n#16 0x555f91b084c0 <unknown>\n#17 0x555f91b18646 <unknown>\n#18 0x7f8c24e9ca94 <unknown>\n#19 0x7f8c24f29c3c <unknown>\n\n","statusTrace":"  File \"/opt/hostedtoolcache/Python/3.11.11/x64/lib/python3.11/site-packages/allure_commons/_allure.py\", line 192, in impl\n    return func(*a, **kw)\n           ^^^^^^^^^^^^^^\n  File \"/home/runner/work/luma_project/luma_project/pages/create_an_account_page.py\", line 45, in check_password_label\n    return self.element_is_visible(self.locators.PASSWORD_LABEL)\n           ^^^^^^^^^^^^^^^^^^^^^^^^^^^^^^^^^^^^^^^^^^^^^^^^^^^^^\n  File \"/opt/hostedtoolcache/Python/3.11.11/x64/lib/python3.11/site-packages/allure_commons/_allure.py\", line 192, in impl\n    return func(*a, **kw)\n           ^^^^^^^^^^^^^^\n  File \"/home/runner/work/luma_project/luma_project/pages/base_page.py\", line 29, in element_is_visible\n    self.go_to_element(self.element_is_present(locator))\n                       ^^^^^^^^^^^^^^^^^^^^^^^^^^^^^^^^\n  File \"/opt/hostedtoolcache/Python/3.11.11/x64/lib/python3.11/site-packages/allure_commons/_allure.py\", line 192, in impl\n    return func(*a, **kw)\n           ^^^^^^^^^^^^^^\n  File \"/home/runner/work/luma_project/luma_project/pages/base_page.py\", line 50, in element_is_present\n    return wait(self.driver, timeout).until(EC.presence_of_element_located(locator))\n           ^^^^^^^^^^^^^^^^^^^^^^^^^^^^^^^^^^^^^^^^^^^^^^^^^^^^^^^^^^^^^^^^^^^^^^^^^\n  File \"/opt/hostedtoolcache/Python/3.11.11/x64/lib/python3.11/site-packages/selenium/webdriver/support/wait.py\", line 95, in until\n    raise TimeoutException(message, screen, stacktrace)\n","steps":[{"name":"Find a visible element","time":{"start":1737855570550,"stop":1737855575665,"duration":5115},"status":"broken","statusMessage":"selenium.common.exceptions.TimeoutException: Message: \nStacktrace:\n#0 0x555f91b197ca <unknown>\n#1 0x555f916112f0 <unknown>\n#2 0x555f91661035 <unknown>\n#3 0x555f91661251 <unknown>\n#4 0x555f916a7054 <unknown>\n#5 0x555f916859dd <unknown>\n#6 0x555f916a43b3 <unknown>\n#7 0x555f91685753 <unknown>\n#8 0x555f91652baa <unknown>\n#9 0x555f91653dfe <unknown>\n#10 0x555f91ae438b <unknown>\n#11 0x555f91ae8307 <unknown>\n#12 0x555f91ad0e7c <unknown>\n#13 0x555f91ae8ec7 <unknown>\n#14 0x555f91ab524f <unknown>\n#15 0x555f91b082f8 <unknown>\n#16 0x555f91b084c0 <unknown>\n#17 0x555f91b18646 <unknown>\n#18 0x7f8c24e9ca94 <unknown>\n#19 0x7f8c24f29c3c <unknown>\n\n","statusTrace":"  File \"/opt/hostedtoolcache/Python/3.11.11/x64/lib/python3.11/site-packages/allure_commons/_allure.py\", line 192, in impl\n    return func(*a, **kw)\n           ^^^^^^^^^^^^^^\n  File \"/home/runner/work/luma_project/luma_project/pages/base_page.py\", line 29, in element_is_visible\n    self.go_to_element(self.element_is_present(locator))\n                       ^^^^^^^^^^^^^^^^^^^^^^^^^^^^^^^^\n  File \"/opt/hostedtoolcache/Python/3.11.11/x64/lib/python3.11/site-packages/allure_commons/_allure.py\", line 192, in impl\n    return func(*a, **kw)\n           ^^^^^^^^^^^^^^\n  File \"/home/runner/work/luma_project/luma_project/pages/base_page.py\", line 50, in element_is_present\n    return wait(self.driver, timeout).until(EC.presence_of_element_located(locator))\n           ^^^^^^^^^^^^^^^^^^^^^^^^^^^^^^^^^^^^^^^^^^^^^^^^^^^^^^^^^^^^^^^^^^^^^^^^^\n  File \"/opt/hostedtoolcache/Python/3.11.11/x64/lib/python3.11/site-packages/selenium/webdriver/support/wait.py\", line 95, in until\n    raise TimeoutException(message, screen, stacktrace)\n","steps":[{"name":"Find a present element","time":{"start":1737855570550,"stop":1737855575665,"duration":5115},"status":"broken","statusMessage":"selenium.common.exceptions.TimeoutException: Message: \nStacktrace:\n#0 0x555f91b197ca <unknown>\n#1 0x555f916112f0 <unknown>\n#2 0x555f91661035 <unknown>\n#3 0x555f91661251 <unknown>\n#4 0x555f916a7054 <unknown>\n#5 0x555f916859dd <unknown>\n#6 0x555f916a43b3 <unknown>\n#7 0x555f91685753 <unknown>\n#8 0x555f91652baa <unknown>\n#9 0x555f91653dfe <unknown>\n#10 0x555f91ae438b <unknown>\n#11 0x555f91ae8307 <unknown>\n#12 0x555f91ad0e7c <unknown>\n#13 0x555f91ae8ec7 <unknown>\n#14 0x555f91ab524f <unknown>\n#15 0x555f91b082f8 <unknown>\n#16 0x555f91b084c0 <unknown>\n#17 0x555f91b18646 <unknown>\n#18 0x7f8c24e9ca94 <unknown>\n#19 0x7f8c24f29c3c <unknown>\n\n","statusTrace":"  File \"/opt/hostedtoolcache/Python/3.11.11/x64/lib/python3.11/site-packages/allure_commons/_allure.py\", line 192, in impl\n    return func(*a, **kw)\n           ^^^^^^^^^^^^^^\n  File \"/home/runner/work/luma_project/luma_project/pages/base_page.py\", line 50, in element_is_present\n    return wait(self.driver, timeout).until(EC.presence_of_element_located(locator))\n           ^^^^^^^^^^^^^^^^^^^^^^^^^^^^^^^^^^^^^^^^^^^^^^^^^^^^^^^^^^^^^^^^^^^^^^^^^\n  File \"/opt/hostedtoolcache/Python/3.11.11/x64/lib/python3.11/site-packages/selenium/webdriver/support/wait.py\", line 95, in until\n    raise TimeoutException(message, screen, stacktrace)\n","steps":[],"attachments":[],"parameters":[{"name":"locator","value":"('css selector', 'label[for=\"password\"]')"},{"name":"timeout","value":"5"}],"shouldDisplayMessage":true,"stepsCount":0,"attachmentsCount":0,"hasContent":true,"attachmentStep":false}],"attachments":[],"parameters":[{"name":"locator","value":"('css selector', 'label[for=\"password\"]')"},{"name":"timeout","value":"10"}],"shouldDisplayMessage":false,"stepsCount":1,"attachmentsCount":0,"hasContent":true,"attachmentStep":false}],"attachments":[],"parameters":[],"shouldDisplayMessage":false,"stepsCount":2,"attachmentsCount":0,"hasContent":true,"attachmentStep":false}],"attachments":[{"uid":"94cc13879d36f37f","name":"Screenshot","source":"94cc13879d36f37f.png","type":"image/png","size":25650},{"uid":"7e06389f15cdfe3c","name":"HTML source","source":"7e06389f15cdfe3c.html","type":"text/html","size":258793}],"parameters":[],"shouldDisplayMessage":true,"stepsCount":3,"attachmentsCount":2,"hasContent":true,"attachmentStep":false},"afterStages":[{"name":"driver::0","time":{"start":1737855575780,"stop":1737855575844,"duration":64},"status":"passed","steps":[],"attachments":[],"parameters":[],"shouldDisplayMessage":false,"stepsCount":0,"attachmentsCount":0,"hasContent":false,"attachmentStep":false},{"name":"clear_allure_result_folder::0","time":{"start":1737857973906,"stop":1737857973906,"duration":0},"status":"passed","steps":[],"attachments":[],"parameters":[],"shouldDisplayMessage":false,"stepsCount":0,"attachmentsCount":0,"hasContent":false,"attachmentStep":false}],"labels":[{"name":"epic","value":"Create An Account"},{"name":"parentSuite","value":"tests"},{"name":"suite","value":"test_create_an_account"},{"name":"subSuite","value":"TestCreateAnAccount"},{"name":"host","value":"fv-az1314-617"},{"name":"thread","value":"2774-MainThread"},{"name":"framework","value":"pytest"},{"name":"language","value":"cpython3"},{"name":"package","value":"tests.test_create_an_account"},{"name":"resultFormat","value":"allure2"}],"parameters":[],"links":[],"hidden":false,"retry":false,"extra":{"severity":"normal","retries":[],"categories":[{"name":"Test defects","matchedStatuses":[],"flaky":false}],"tags":[]},"source":"9c2319952ab9e8cc.json","parameterValues":[]}