{"uid":"9c50c0e26b955c4b","name":"TC 14.03.07 Verify the link 'Tees' redirects to a correct page.","fullName":"tests.test_men.TestMenPage#test_tc_14_03_07","historyId":"75034f23be486f12913dca1c098c5f17","time":{"start":1737856968451,"stop":1737856973959,"duration":5508},"description":"Verify that the link 'Tees' correctly opens and redirects to a new webpage, the header 'Tees' is\n        displayed","descriptionHtml":"<p>Verify that the link 'Tees' correctly opens and redirects to a new webpage, the header 'Tees' is<br />\ndisplayed</p>\n","status":"broken","statusMessage":"selenium.common.exceptions.TimeoutException: Message: \nStacktrace:\n#0 0x556d4b7107ca <unknown>\n#1 0x556d4b2082f0 <unknown>\n#2 0x556d4b258035 <unknown>\n#3 0x556d4b258251 <unknown>\n#4 0x556d4b29e054 <unknown>\n#5 0x556d4b27c9dd <unknown>\n#6 0x556d4b29b3b3 <unknown>\n#7 0x556d4b27c753 <unknown>\n#8 0x556d4b249baa <unknown>\n#9 0x556d4b24adfe <unknown>\n#10 0x556d4b6db38b <unknown>\n#11 0x556d4b6df307 <unknown>\n#12 0x556d4b6c7e7c <unknown>\n#13 0x556d4b6dfec7 <unknown>\n#14 0x556d4b6ac24f <unknown>\n#15 0x556d4b6ff2f8 <unknown>\n#16 0x556d4b6ff4c0 <unknown>\n#17 0x556d4b70f646 <unknown>\n#18 0x7fa7f269ca94 <unknown>\n#19 0x7fa7f2729c3c <unknown>","statusTrace":"self = <test_men.TestMenPage object at 0x7ff9a1510050>\ndriver = <selenium.webdriver.chrome.webdriver.WebDriver (session=\"16b6ca0743a3ab9c98020581606f2ad1\")>\n\n    @allure.title(\"TC 14.03.07 Verify the link 'Tees' redirects to a correct page.\")\n    def test_tc_14_03_07(self, driver):\n        \"\"\"Verify that the link 'Tees' correctly opens and redirects to a new webpage, the header 'Tees' is\n        displayed\"\"\"\n        page = MenPage(driver, MEN_PAGE_URL)\n        page.open()\n>       current_page = page.verify_tees_redirects_to_a_correct_page()\n\ntests/test_men.py:97: \n_ _ _ _ _ _ _ _ _ _ _ _ _ _ _ _ _ _ _ _ _ _ _ _ _ _ _ _ _ _ _ _ _ _ _ _ _ _ _ _ \npages/men_page.py:95: in verify_tees_redirects_to_a_correct_page\n    element = self.element_is_visible(self.side_bar_locators.SIDE_BAR_TEES)\npages/base_page.py:29: in element_is_visible\n    self.go_to_element(self.element_is_present(locator))\npages/base_page.py:50: in element_is_present\n    return wait(self.driver, timeout).until(EC.presence_of_element_located(locator))\n_ _ _ _ _ _ _ _ _ _ _ _ _ _ _ _ _ _ _ _ _ _ _ _ _ _ _ _ _ _ _ _ _ _ _ _ _ _ _ _ \n\nself = <selenium.webdriver.support.wait.WebDriverWait (session=\"16b6ca0743a3ab9c98020581606f2ad1\")>\nmethod = <function presence_of_element_located.<locals>._predicate at 0x7ff9a2c03a60>\nmessage = ''\n\n    def until(self, method, message: str = \"\"):\n        \"\"\"Calls the method provided with the driver as an argument until the \\\n        return value does not evaluate to ``False``.\n    \n        :param method: callable(WebDriver)\n        :param message: optional message for :exc:`TimeoutException`\n        :returns: the result of the last call to `method`\n        :raises: :exc:`selenium.common.exceptions.TimeoutException` if timeout occurs\n        \"\"\"\n        screen = None\n        stacktrace = None\n    \n        end_time = time.monotonic() + self._timeout\n        while True:\n            try:\n                value = method(self._driver)\n                if value:\n                    return value\n            except self._ignored_exceptions as exc:\n                screen = getattr(exc, \"screen\", None)\n                stacktrace = getattr(exc, \"stacktrace\", None)\n            time.sleep(self._poll)\n            if time.monotonic() > end_time:\n                break\n>       raise TimeoutException(message, screen, stacktrace)\nE       selenium.common.exceptions.TimeoutException: Message: \nE       Stacktrace:\nE       #0 0x556d4b7107ca <unknown>\nE       #1 0x556d4b2082f0 <unknown>\nE       #2 0x556d4b258035 <unknown>\nE       #3 0x556d4b258251 <unknown>\nE       #4 0x556d4b29e054 <unknown>\nE       #5 0x556d4b27c9dd <unknown>\nE       #6 0x556d4b29b3b3 <unknown>\nE       #7 0x556d4b27c753 <unknown>\nE       #8 0x556d4b249baa <unknown>\nE       #9 0x556d4b24adfe <unknown>\nE       #10 0x556d4b6db38b <unknown>\nE       #11 0x556d4b6df307 <unknown>\nE       #12 0x556d4b6c7e7c <unknown>\nE       #13 0x556d4b6dfec7 <unknown>\nE       #14 0x556d4b6ac24f <unknown>\nE       #15 0x556d4b6ff2f8 <unknown>\nE       #16 0x556d4b6ff4c0 <unknown>\nE       #17 0x556d4b70f646 <unknown>\nE       #18 0x7fa7f269ca94 <unknown>\nE       #19 0x7fa7f2729c3c <unknown>\n\n/opt/hostedtoolcache/Python/3.11.11/x64/lib/python3.11/site-packages/selenium/webdriver/support/wait.py:95: TimeoutException","flaky":false,"newFailed":false,"newBroken":false,"newPassed":false,"retriesCount":0,"retriesStatusChange":false,"beforeStages":[{"name":"_session_faker","time":{"start":1737855487853,"stop":1737855487915,"duration":62},"status":"passed","steps":[],"attachments":[],"parameters":[],"shouldDisplayMessage":false,"stepsCount":0,"attachmentsCount":0,"hasContent":false,"attachmentStep":false},{"name":"clear_allure_result_folder","time":{"start":1737855487916,"stop":1737855487916,"duration":0},"status":"passed","steps":[],"attachments":[],"parameters":[],"shouldDisplayMessage":false,"stepsCount":0,"attachmentsCount":0,"hasContent":false,"attachmentStep":false},{"name":"driver","time":{"start":1737856967275,"stop":1737856968451,"duration":1176},"status":"passed","steps":[],"attachments":[],"parameters":[],"shouldDisplayMessage":false,"stepsCount":0,"attachmentsCount":0,"hasContent":false,"attachmentStep":false}],"testStage":{"description":"Verify that the link 'Tees' correctly opens and redirects to a new webpage, the header 'Tees' is\n        displayed","status":"broken","statusMessage":"selenium.common.exceptions.TimeoutException: Message: \nStacktrace:\n#0 0x556d4b7107ca <unknown>\n#1 0x556d4b2082f0 <unknown>\n#2 0x556d4b258035 <unknown>\n#3 0x556d4b258251 <unknown>\n#4 0x556d4b29e054 <unknown>\n#5 0x556d4b27c9dd <unknown>\n#6 0x556d4b29b3b3 <unknown>\n#7 0x556d4b27c753 <unknown>\n#8 0x556d4b249baa <unknown>\n#9 0x556d4b24adfe <unknown>\n#10 0x556d4b6db38b <unknown>\n#11 0x556d4b6df307 <unknown>\n#12 0x556d4b6c7e7c <unknown>\n#13 0x556d4b6dfec7 <unknown>\n#14 0x556d4b6ac24f <unknown>\n#15 0x556d4b6ff2f8 <unknown>\n#16 0x556d4b6ff4c0 <unknown>\n#17 0x556d4b70f646 <unknown>\n#18 0x7fa7f269ca94 <unknown>\n#19 0x7fa7f2729c3c <unknown>","statusTrace":"self = <test_men.TestMenPage object at 0x7ff9a1510050>\ndriver = <selenium.webdriver.chrome.webdriver.WebDriver (session=\"16b6ca0743a3ab9c98020581606f2ad1\")>\n\n    @allure.title(\"TC 14.03.07 Verify the link 'Tees' redirects to a correct page.\")\n    def test_tc_14_03_07(self, driver):\n        \"\"\"Verify that the link 'Tees' correctly opens and redirects to a new webpage, the header 'Tees' is\n        displayed\"\"\"\n        page = MenPage(driver, MEN_PAGE_URL)\n        page.open()\n>       current_page = page.verify_tees_redirects_to_a_correct_page()\n\ntests/test_men.py:97: \n_ _ _ _ _ _ _ _ _ _ _ _ _ _ _ _ _ _ _ _ _ _ _ _ _ _ _ _ _ _ _ _ _ _ _ _ _ _ _ _ \npages/men_page.py:95: in verify_tees_redirects_to_a_correct_page\n    element = self.element_is_visible(self.side_bar_locators.SIDE_BAR_TEES)\npages/base_page.py:29: in element_is_visible\n    self.go_to_element(self.element_is_present(locator))\npages/base_page.py:50: in element_is_present\n    return wait(self.driver, timeout).until(EC.presence_of_element_located(locator))\n_ _ _ _ _ _ _ _ _ _ _ _ _ _ _ _ _ _ _ _ _ _ _ _ _ _ _ _ _ _ _ _ _ _ _ _ _ _ _ _ \n\nself = <selenium.webdriver.support.wait.WebDriverWait (session=\"16b6ca0743a3ab9c98020581606f2ad1\")>\nmethod = <function presence_of_element_located.<locals>._predicate at 0x7ff9a2c03a60>\nmessage = ''\n\n    def until(self, method, message: str = \"\"):\n        \"\"\"Calls the method provided with the driver as an argument until the \\\n        return value does not evaluate to ``False``.\n    \n        :param method: callable(WebDriver)\n        :param message: optional message for :exc:`TimeoutException`\n        :returns: the result of the last call to `method`\n        :raises: :exc:`selenium.common.exceptions.TimeoutException` if timeout occurs\n        \"\"\"\n        screen = None\n        stacktrace = None\n    \n        end_time = time.monotonic() + self._timeout\n        while True:\n            try:\n                value = method(self._driver)\n                if value:\n                    return value\n            except self._ignored_exceptions as exc:\n                screen = getattr(exc, \"screen\", None)\n                stacktrace = getattr(exc, \"stacktrace\", None)\n            time.sleep(self._poll)\n            if time.monotonic() > end_time:\n                break\n>       raise TimeoutException(message, screen, stacktrace)\nE       selenium.common.exceptions.TimeoutException: Message: \nE       Stacktrace:\nE       #0 0x556d4b7107ca <unknown>\nE       #1 0x556d4b2082f0 <unknown>\nE       #2 0x556d4b258035 <unknown>\nE       #3 0x556d4b258251 <unknown>\nE       #4 0x556d4b29e054 <unknown>\nE       #5 0x556d4b27c9dd <unknown>\nE       #6 0x556d4b29b3b3 <unknown>\nE       #7 0x556d4b27c753 <unknown>\nE       #8 0x556d4b249baa <unknown>\nE       #9 0x556d4b24adfe <unknown>\nE       #10 0x556d4b6db38b <unknown>\nE       #11 0x556d4b6df307 <unknown>\nE       #12 0x556d4b6c7e7c <unknown>\nE       #13 0x556d4b6dfec7 <unknown>\nE       #14 0x556d4b6ac24f <unknown>\nE       #15 0x556d4b6ff2f8 <unknown>\nE       #16 0x556d4b6ff4c0 <unknown>\nE       #17 0x556d4b70f646 <unknown>\nE       #18 0x7fa7f269ca94 <unknown>\nE       #19 0x7fa7f2729c3c <unknown>\n\n/opt/hostedtoolcache/Python/3.11.11/x64/lib/python3.11/site-packages/selenium/webdriver/support/wait.py:95: TimeoutException","steps":[{"name":"Open a browser","time":{"start":1737856968451,"stop":1737856968842,"duration":391},"status":"passed","steps":[],"attachments":[],"parameters":[],"shouldDisplayMessage":false,"stepsCount":0,"attachmentsCount":0,"hasContent":false,"attachmentStep":false},{"name":"Correct redirection of the link \"Tees\" on Men page","time":{"start":1737856968842,"stop":1737856973959,"duration":5117},"status":"broken","statusMessage":"selenium.common.exceptions.TimeoutException: Message: \nStacktrace:\n#0 0x556d4b7107ca <unknown>\n#1 0x556d4b2082f0 <unknown>\n#2 0x556d4b258035 <unknown>\n#3 0x556d4b258251 <unknown>\n#4 0x556d4b29e054 <unknown>\n#5 0x556d4b27c9dd <unknown>\n#6 0x556d4b29b3b3 <unknown>\n#7 0x556d4b27c753 <unknown>\n#8 0x556d4b249baa <unknown>\n#9 0x556d4b24adfe <unknown>\n#10 0x556d4b6db38b <unknown>\n#11 0x556d4b6df307 <unknown>\n#12 0x556d4b6c7e7c <unknown>\n#13 0x556d4b6dfec7 <unknown>\n#14 0x556d4b6ac24f <unknown>\n#15 0x556d4b6ff2f8 <unknown>\n#16 0x556d4b6ff4c0 <unknown>\n#17 0x556d4b70f646 <unknown>\n#18 0x7fa7f269ca94 <unknown>\n#19 0x7fa7f2729c3c <unknown>\n\n","statusTrace":"  File \"/opt/hostedtoolcache/Python/3.11.11/x64/lib/python3.11/site-packages/allure_commons/_allure.py\", line 192, in impl\n    return func(*a, **kw)\n           ^^^^^^^^^^^^^^\n  File \"/home/runner/work/luma_project/luma_project/pages/men_page.py\", line 95, in verify_tees_redirects_to_a_correct_page\n    element = self.element_is_visible(self.side_bar_locators.SIDE_BAR_TEES)\n              ^^^^^^^^^^^^^^^^^^^^^^^^^^^^^^^^^^^^^^^^^^^^^^^^^^^^^^^^^^^^^\n  File \"/opt/hostedtoolcache/Python/3.11.11/x64/lib/python3.11/site-packages/allure_commons/_allure.py\", line 192, in impl\n    return func(*a, **kw)\n           ^^^^^^^^^^^^^^\n  File \"/home/runner/work/luma_project/luma_project/pages/base_page.py\", line 29, in element_is_visible\n    self.go_to_element(self.element_is_present(locator))\n                       ^^^^^^^^^^^^^^^^^^^^^^^^^^^^^^^^\n  File \"/opt/hostedtoolcache/Python/3.11.11/x64/lib/python3.11/site-packages/allure_commons/_allure.py\", line 192, in impl\n    return func(*a, **kw)\n           ^^^^^^^^^^^^^^\n  File \"/home/runner/work/luma_project/luma_project/pages/base_page.py\", line 50, in element_is_present\n    return wait(self.driver, timeout).until(EC.presence_of_element_located(locator))\n           ^^^^^^^^^^^^^^^^^^^^^^^^^^^^^^^^^^^^^^^^^^^^^^^^^^^^^^^^^^^^^^^^^^^^^^^^^\n  File \"/opt/hostedtoolcache/Python/3.11.11/x64/lib/python3.11/site-packages/selenium/webdriver/support/wait.py\", line 95, in until\n    raise TimeoutException(message, screen, stacktrace)\n","steps":[{"name":"Find a visible element","time":{"start":1737856968842,"stop":1737856973959,"duration":5117},"status":"broken","statusMessage":"selenium.common.exceptions.TimeoutException: Message: \nStacktrace:\n#0 0x556d4b7107ca <unknown>\n#1 0x556d4b2082f0 <unknown>\n#2 0x556d4b258035 <unknown>\n#3 0x556d4b258251 <unknown>\n#4 0x556d4b29e054 <unknown>\n#5 0x556d4b27c9dd <unknown>\n#6 0x556d4b29b3b3 <unknown>\n#7 0x556d4b27c753 <unknown>\n#8 0x556d4b249baa <unknown>\n#9 0x556d4b24adfe <unknown>\n#10 0x556d4b6db38b <unknown>\n#11 0x556d4b6df307 <unknown>\n#12 0x556d4b6c7e7c <unknown>\n#13 0x556d4b6dfec7 <unknown>\n#14 0x556d4b6ac24f <unknown>\n#15 0x556d4b6ff2f8 <unknown>\n#16 0x556d4b6ff4c0 <unknown>\n#17 0x556d4b70f646 <unknown>\n#18 0x7fa7f269ca94 <unknown>\n#19 0x7fa7f2729c3c <unknown>\n\n","statusTrace":"  File \"/opt/hostedtoolcache/Python/3.11.11/x64/lib/python3.11/site-packages/allure_commons/_allure.py\", line 192, in impl\n    return func(*a, **kw)\n           ^^^^^^^^^^^^^^\n  File \"/home/runner/work/luma_project/luma_project/pages/base_page.py\", line 29, in element_is_visible\n    self.go_to_element(self.element_is_present(locator))\n                       ^^^^^^^^^^^^^^^^^^^^^^^^^^^^^^^^\n  File \"/opt/hostedtoolcache/Python/3.11.11/x64/lib/python3.11/site-packages/allure_commons/_allure.py\", line 192, in impl\n    return func(*a, **kw)\n           ^^^^^^^^^^^^^^\n  File \"/home/runner/work/luma_project/luma_project/pages/base_page.py\", line 50, in element_is_present\n    return wait(self.driver, timeout).until(EC.presence_of_element_located(locator))\n           ^^^^^^^^^^^^^^^^^^^^^^^^^^^^^^^^^^^^^^^^^^^^^^^^^^^^^^^^^^^^^^^^^^^^^^^^^\n  File \"/opt/hostedtoolcache/Python/3.11.11/x64/lib/python3.11/site-packages/selenium/webdriver/support/wait.py\", line 95, in until\n    raise TimeoutException(message, screen, stacktrace)\n","steps":[{"name":"Find a present element","time":{"start":1737856968842,"stop":1737856973958,"duration":5116},"status":"broken","statusMessage":"selenium.common.exceptions.TimeoutException: Message: \nStacktrace:\n#0 0x556d4b7107ca <unknown>\n#1 0x556d4b2082f0 <unknown>\n#2 0x556d4b258035 <unknown>\n#3 0x556d4b258251 <unknown>\n#4 0x556d4b29e054 <unknown>\n#5 0x556d4b27c9dd <unknown>\n#6 0x556d4b29b3b3 <unknown>\n#7 0x556d4b27c753 <unknown>\n#8 0x556d4b249baa <unknown>\n#9 0x556d4b24adfe <unknown>\n#10 0x556d4b6db38b <unknown>\n#11 0x556d4b6df307 <unknown>\n#12 0x556d4b6c7e7c <unknown>\n#13 0x556d4b6dfec7 <unknown>\n#14 0x556d4b6ac24f <unknown>\n#15 0x556d4b6ff2f8 <unknown>\n#16 0x556d4b6ff4c0 <unknown>\n#17 0x556d4b70f646 <unknown>\n#18 0x7fa7f269ca94 <unknown>\n#19 0x7fa7f2729c3c <unknown>\n\n","statusTrace":"  File \"/opt/hostedtoolcache/Python/3.11.11/x64/lib/python3.11/site-packages/allure_commons/_allure.py\", line 192, in impl\n    return func(*a, **kw)\n           ^^^^^^^^^^^^^^\n  File \"/home/runner/work/luma_project/luma_project/pages/base_page.py\", line 50, in element_is_present\n    return wait(self.driver, timeout).until(EC.presence_of_element_located(locator))\n           ^^^^^^^^^^^^^^^^^^^^^^^^^^^^^^^^^^^^^^^^^^^^^^^^^^^^^^^^^^^^^^^^^^^^^^^^^\n  File \"/opt/hostedtoolcache/Python/3.11.11/x64/lib/python3.11/site-packages/selenium/webdriver/support/wait.py\", line 95, in until\n    raise TimeoutException(message, screen, stacktrace)\n","steps":[],"attachments":[],"parameters":[{"name":"locator","value":"('xpath', '//*[@id=\"maincontent\"]/div[4]/div[2]/div[2]/div/ul[1]/li[3]/a')"},{"name":"timeout","value":"5"}],"shouldDisplayMessage":true,"stepsCount":0,"attachmentsCount":0,"hasContent":true,"attachmentStep":false}],"attachments":[],"parameters":[{"name":"locator","value":"('xpath', '//*[@id=\"maincontent\"]/div[4]/div[2]/div[2]/div/ul[1]/li[3]/a')"},{"name":"timeout","value":"10"}],"shouldDisplayMessage":false,"stepsCount":1,"attachmentsCount":0,"hasContent":true,"attachmentStep":false}],"attachments":[],"parameters":[],"shouldDisplayMessage":false,"stepsCount":2,"attachmentsCount":0,"hasContent":true,"attachmentStep":false}],"attachments":[{"uid":"aa98be97695bc89f","name":"Screenshot","source":"aa98be97695bc89f.png","type":"image/png","size":25650},{"uid":"41620cf919a48648","name":"HTML source","source":"41620cf919a48648.html","type":"text/html","size":258761}],"parameters":[],"shouldDisplayMessage":true,"stepsCount":4,"attachmentsCount":2,"hasContent":true,"attachmentStep":false},"afterStages":[{"name":"driver::0","time":{"start":1737856974074,"stop":1737856974138,"duration":64},"status":"passed","steps":[],"attachments":[],"parameters":[],"shouldDisplayMessage":false,"stepsCount":0,"attachmentsCount":0,"hasContent":false,"attachmentStep":false},{"name":"clear_allure_result_folder::0","time":{"start":1737857973906,"stop":1737857973906,"duration":0},"status":"passed","steps":[],"attachments":[],"parameters":[],"shouldDisplayMessage":false,"stepsCount":0,"attachmentsCount":0,"hasContent":false,"attachmentStep":false}],"labels":[{"name":"epic","value":"MenPage"},{"name":"parentSuite","value":"tests"},{"name":"suite","value":"test_men"},{"name":"subSuite","value":"TestMenPage"},{"name":"host","value":"fv-az1314-617"},{"name":"thread","value":"2774-MainThread"},{"name":"framework","value":"pytest"},{"name":"language","value":"cpython3"},{"name":"package","value":"tests.test_men"},{"name":"resultFormat","value":"allure2"}],"parameters":[],"links":[],"hidden":false,"retry":false,"extra":{"severity":"normal","retries":[],"categories":[{"name":"Test defects","matchedStatuses":[],"flaky":false}],"tags":[]},"source":"9c50c0e26b955c4b.json","parameterValues":[]}