{"uid":"d68eaa053633112a","name":"TC 03.01.12 Verify Password field highlighting on click","fullName":"tests.test_sign_in.TestRegisteredCustomers#test_03_01_12_password_field_gets_highlighted_when_clicked","historyId":"7069a6b826d83e694d0af88855470aab","time":{"start":1737857622697,"stop":1737857627813,"duration":5116},"description":"\n        Check the Password field is activated with a cursor and gets highlighted when clicked\n        ","descriptionHtml":"<pre><code>    Check the Password field is activated with a cursor and gets highlighted when clicked\n</code></pre>\n","status":"broken","statusMessage":"selenium.common.exceptions.TimeoutException: Message: \nStacktrace:\n#0 0x55ddf85f57ca <unknown>\n#1 0x55ddf80ed2f0 <unknown>\n#2 0x55ddf813d035 <unknown>\n#3 0x55ddf813d251 <unknown>\n#4 0x55ddf8183054 <unknown>\n#5 0x55ddf81619dd <unknown>\n#6 0x55ddf81803b3 <unknown>\n#7 0x55ddf8161753 <unknown>\n#8 0x55ddf812ebaa <unknown>\n#9 0x55ddf812fdfe <unknown>\n#10 0x55ddf85c038b <unknown>\n#11 0x55ddf85c4307 <unknown>\n#12 0x55ddf85ace7c <unknown>\n#13 0x55ddf85c4ec7 <unknown>\n#14 0x55ddf859124f <unknown>\n#15 0x55ddf85e42f8 <unknown>\n#16 0x55ddf85e44c0 <unknown>\n#17 0x55ddf85f4646 <unknown>\n#18 0x7fbee3c9ca94 <unknown>\n#19 0x7fbee3d29c3c <unknown>","statusTrace":"self = <test_sign_in.TestRegisteredCustomers object at 0x7ff9a1461f90>\ndriver = <selenium.webdriver.chrome.webdriver.WebDriver (session=\"4eb115e0f5f5b6d740d3ea235d82b111\")>\nsign_in_page = <pages.sign_in_page.SignInPage object at 0x7ff9a2b2fcd0>\n\n    @allure.title('TC 03.01.12 Verify Password field highlighting on click')\n    def test_03_01_12_password_field_gets_highlighted_when_clicked(self, driver, sign_in_page):\n        \"\"\"\n        Check the Password field is activated with a cursor and gets highlighted when clicked\n        \"\"\"\n>       initial_psw_box_shadow, active_psw_box_shadow = sign_in_page.activate_password_field_and_check_style()\n\ntests/test_sign_in.py:109: \n_ _ _ _ _ _ _ _ _ _ _ _ _ _ _ _ _ _ _ _ _ _ _ _ _ _ _ _ _ _ _ _ _ _ _ _ _ _ _ _ \npages/sign_in_page.py:84: in activate_password_field_and_check_style\n    return self.activate_field_and_check_style(self.locators.CUSTOMER_PASSWORD)\npages/base_page.py:310: in activate_field_and_check_style\n    initial_box_shadow = self.check_element_hover_style(locator, 'box-shadow', 5)\npages/base_page.py:120: in check_element_hover_style\n    element = self.element_is_visible(locator)  # Get the WebElement using locator\npages/base_page.py:29: in element_is_visible\n    self.go_to_element(self.element_is_present(locator))\npages/base_page.py:50: in element_is_present\n    return wait(self.driver, timeout).until(EC.presence_of_element_located(locator))\n_ _ _ _ _ _ _ _ _ _ _ _ _ _ _ _ _ _ _ _ _ _ _ _ _ _ _ _ _ _ _ _ _ _ _ _ _ _ _ _ \n\nself = <selenium.webdriver.support.wait.WebDriverWait (session=\"4eb115e0f5f5b6d740d3ea235d82b111\")>\nmethod = <function presence_of_element_located.<locals>._predicate at 0x7ff9a2977e20>\nmessage = ''\n\n    def until(self, method, message: str = \"\"):\n        \"\"\"Calls the method provided with the driver as an argument until the \\\n        return value does not evaluate to ``False``.\n    \n        :param method: callable(WebDriver)\n        :param message: optional message for :exc:`TimeoutException`\n        :returns: the result of the last call to `method`\n        :raises: :exc:`selenium.common.exceptions.TimeoutException` if timeout occurs\n        \"\"\"\n        screen = None\n        stacktrace = None\n    \n        end_time = time.monotonic() + self._timeout\n        while True:\n            try:\n                value = method(self._driver)\n                if value:\n                    return value\n            except self._ignored_exceptions as exc:\n                screen = getattr(exc, \"screen\", None)\n                stacktrace = getattr(exc, \"stacktrace\", None)\n            time.sleep(self._poll)\n            if time.monotonic() > end_time:\n                break\n>       raise TimeoutException(message, screen, stacktrace)\nE       selenium.common.exceptions.TimeoutException: Message: \nE       Stacktrace:\nE       #0 0x55ddf85f57ca <unknown>\nE       #1 0x55ddf80ed2f0 <unknown>\nE       #2 0x55ddf813d035 <unknown>\nE       #3 0x55ddf813d251 <unknown>\nE       #4 0x55ddf8183054 <unknown>\nE       #5 0x55ddf81619dd <unknown>\nE       #6 0x55ddf81803b3 <unknown>\nE       #7 0x55ddf8161753 <unknown>\nE       #8 0x55ddf812ebaa <unknown>\nE       #9 0x55ddf812fdfe <unknown>\nE       #10 0x55ddf85c038b <unknown>\nE       #11 0x55ddf85c4307 <unknown>\nE       #12 0x55ddf85ace7c <unknown>\nE       #13 0x55ddf85c4ec7 <unknown>\nE       #14 0x55ddf859124f <unknown>\nE       #15 0x55ddf85e42f8 <unknown>\nE       #16 0x55ddf85e44c0 <unknown>\nE       #17 0x55ddf85f4646 <unknown>\nE       #18 0x7fbee3c9ca94 <unknown>\nE       #19 0x7fbee3d29c3c <unknown>\n\n/opt/hostedtoolcache/Python/3.11.11/x64/lib/python3.11/site-packages/selenium/webdriver/support/wait.py:95: TimeoutException","flaky":false,"newFailed":false,"newBroken":false,"newPassed":false,"retriesCount":0,"retriesStatusChange":false,"beforeStages":[{"name":"_session_faker","time":{"start":1737855487853,"stop":1737855487915,"duration":62},"status":"passed","steps":[],"attachments":[],"parameters":[],"shouldDisplayMessage":false,"stepsCount":0,"attachmentsCount":0,"hasContent":false,"attachmentStep":false},{"name":"clear_allure_result_folder","time":{"start":1737855487916,"stop":1737855487916,"duration":0},"status":"passed","steps":[],"attachments":[],"parameters":[],"shouldDisplayMessage":false,"stepsCount":0,"attachmentsCount":0,"hasContent":false,"attachmentStep":false},{"name":"driver","time":{"start":1737857621242,"stop":1737857622437,"duration":1195},"status":"passed","steps":[],"attachments":[],"parameters":[],"shouldDisplayMessage":false,"stepsCount":0,"attachmentsCount":0,"hasContent":false,"attachmentStep":false},{"name":"sign_in_page","time":{"start":1737857622437,"stop":1737857622696,"duration":259},"status":"passed","steps":[{"name":"Open a browser","time":{"start":1737857622437,"stop":1737857622696,"duration":259},"status":"passed","steps":[],"attachments":[],"parameters":[],"shouldDisplayMessage":false,"stepsCount":0,"attachmentsCount":0,"hasContent":false,"attachmentStep":false}],"attachments":[],"parameters":[],"shouldDisplayMessage":false,"stepsCount":1,"attachmentsCount":0,"hasContent":true,"attachmentStep":false}],"testStage":{"description":"\n        Check the Password field is activated with a cursor and gets highlighted when clicked\n        ","status":"broken","statusMessage":"selenium.common.exceptions.TimeoutException: Message: \nStacktrace:\n#0 0x55ddf85f57ca <unknown>\n#1 0x55ddf80ed2f0 <unknown>\n#2 0x55ddf813d035 <unknown>\n#3 0x55ddf813d251 <unknown>\n#4 0x55ddf8183054 <unknown>\n#5 0x55ddf81619dd <unknown>\n#6 0x55ddf81803b3 <unknown>\n#7 0x55ddf8161753 <unknown>\n#8 0x55ddf812ebaa <unknown>\n#9 0x55ddf812fdfe <unknown>\n#10 0x55ddf85c038b <unknown>\n#11 0x55ddf85c4307 <unknown>\n#12 0x55ddf85ace7c <unknown>\n#13 0x55ddf85c4ec7 <unknown>\n#14 0x55ddf859124f <unknown>\n#15 0x55ddf85e42f8 <unknown>\n#16 0x55ddf85e44c0 <unknown>\n#17 0x55ddf85f4646 <unknown>\n#18 0x7fbee3c9ca94 <unknown>\n#19 0x7fbee3d29c3c <unknown>","statusTrace":"self = <test_sign_in.TestRegisteredCustomers object at 0x7ff9a1461f90>\ndriver = <selenium.webdriver.chrome.webdriver.WebDriver (session=\"4eb115e0f5f5b6d740d3ea235d82b111\")>\nsign_in_page = <pages.sign_in_page.SignInPage object at 0x7ff9a2b2fcd0>\n\n    @allure.title('TC 03.01.12 Verify Password field highlighting on click')\n    def test_03_01_12_password_field_gets_highlighted_when_clicked(self, driver, sign_in_page):\n        \"\"\"\n        Check the Password field is activated with a cursor and gets highlighted when clicked\n        \"\"\"\n>       initial_psw_box_shadow, active_psw_box_shadow = sign_in_page.activate_password_field_and_check_style()\n\ntests/test_sign_in.py:109: \n_ _ _ _ _ _ _ _ _ _ _ _ _ _ _ _ _ _ _ _ _ _ _ _ _ _ _ _ _ _ _ _ _ _ _ _ _ _ _ _ \npages/sign_in_page.py:84: in activate_password_field_and_check_style\n    return self.activate_field_and_check_style(self.locators.CUSTOMER_PASSWORD)\npages/base_page.py:310: in activate_field_and_check_style\n    initial_box_shadow = self.check_element_hover_style(locator, 'box-shadow', 5)\npages/base_page.py:120: in check_element_hover_style\n    element = self.element_is_visible(locator)  # Get the WebElement using locator\npages/base_page.py:29: in element_is_visible\n    self.go_to_element(self.element_is_present(locator))\npages/base_page.py:50: in element_is_present\n    return wait(self.driver, timeout).until(EC.presence_of_element_located(locator))\n_ _ _ _ _ _ _ _ _ _ _ _ _ _ _ _ _ _ _ _ _ _ _ _ _ _ _ _ _ _ _ _ _ _ _ _ _ _ _ _ \n\nself = <selenium.webdriver.support.wait.WebDriverWait (session=\"4eb115e0f5f5b6d740d3ea235d82b111\")>\nmethod = <function presence_of_element_located.<locals>._predicate at 0x7ff9a2977e20>\nmessage = ''\n\n    def until(self, method, message: str = \"\"):\n        \"\"\"Calls the method provided with the driver as an argument until the \\\n        return value does not evaluate to ``False``.\n    \n        :param method: callable(WebDriver)\n        :param message: optional message for :exc:`TimeoutException`\n        :returns: the result of the last call to `method`\n        :raises: :exc:`selenium.common.exceptions.TimeoutException` if timeout occurs\n        \"\"\"\n        screen = None\n        stacktrace = None\n    \n        end_time = time.monotonic() + self._timeout\n        while True:\n            try:\n                value = method(self._driver)\n                if value:\n                    return value\n            except self._ignored_exceptions as exc:\n                screen = getattr(exc, \"screen\", None)\n                stacktrace = getattr(exc, \"stacktrace\", None)\n            time.sleep(self._poll)\n            if time.monotonic() > end_time:\n                break\n>       raise TimeoutException(message, screen, stacktrace)\nE       selenium.common.exceptions.TimeoutException: Message: \nE       Stacktrace:\nE       #0 0x55ddf85f57ca <unknown>\nE       #1 0x55ddf80ed2f0 <unknown>\nE       #2 0x55ddf813d035 <unknown>\nE       #3 0x55ddf813d251 <unknown>\nE       #4 0x55ddf8183054 <unknown>\nE       #5 0x55ddf81619dd <unknown>\nE       #6 0x55ddf81803b3 <unknown>\nE       #7 0x55ddf8161753 <unknown>\nE       #8 0x55ddf812ebaa <unknown>\nE       #9 0x55ddf812fdfe <unknown>\nE       #10 0x55ddf85c038b <unknown>\nE       #11 0x55ddf85c4307 <unknown>\nE       #12 0x55ddf85ace7c <unknown>\nE       #13 0x55ddf85c4ec7 <unknown>\nE       #14 0x55ddf859124f <unknown>\nE       #15 0x55ddf85e42f8 <unknown>\nE       #16 0x55ddf85e44c0 <unknown>\nE       #17 0x55ddf85f4646 <unknown>\nE       #18 0x7fbee3c9ca94 <unknown>\nE       #19 0x7fbee3d29c3c <unknown>\n\n/opt/hostedtoolcache/Python/3.11.11/x64/lib/python3.11/site-packages/selenium/webdriver/support/wait.py:95: TimeoutException","steps":[{"name":"Activate Password field and check style","time":{"start":1737857622697,"stop":1737857627812,"duration":5115},"status":"broken","statusMessage":"selenium.common.exceptions.TimeoutException: Message: \nStacktrace:\n#0 0x55ddf85f57ca <unknown>\n#1 0x55ddf80ed2f0 <unknown>\n#2 0x55ddf813d035 <unknown>\n#3 0x55ddf813d251 <unknown>\n#4 0x55ddf8183054 <unknown>\n#5 0x55ddf81619dd <unknown>\n#6 0x55ddf81803b3 <unknown>\n#7 0x55ddf8161753 <unknown>\n#8 0x55ddf812ebaa <unknown>\n#9 0x55ddf812fdfe <unknown>\n#10 0x55ddf85c038b <unknown>\n#11 0x55ddf85c4307 <unknown>\n#12 0x55ddf85ace7c <unknown>\n#13 0x55ddf85c4ec7 <unknown>\n#14 0x55ddf859124f <unknown>\n#15 0x55ddf85e42f8 <unknown>\n#16 0x55ddf85e44c0 <unknown>\n#17 0x55ddf85f4646 <unknown>\n#18 0x7fbee3c9ca94 <unknown>\n#19 0x7fbee3d29c3c <unknown>\n\n","statusTrace":"  File \"/opt/hostedtoolcache/Python/3.11.11/x64/lib/python3.11/site-packages/allure_commons/_allure.py\", line 192, in impl\n    return func(*a, **kw)\n           ^^^^^^^^^^^^^^\n  File \"/home/runner/work/luma_project/luma_project/pages/sign_in_page.py\", line 84, in activate_password_field_and_check_style\n    return self.activate_field_and_check_style(self.locators.CUSTOMER_PASSWORD)\n           ^^^^^^^^^^^^^^^^^^^^^^^^^^^^^^^^^^^^^^^^^^^^^^^^^^^^^^^^^^^^^^^^^^^^\n  File \"/opt/hostedtoolcache/Python/3.11.11/x64/lib/python3.11/site-packages/allure_commons/_allure.py\", line 192, in impl\n    return func(*a, **kw)\n           ^^^^^^^^^^^^^^\n  File \"/home/runner/work/luma_project/luma_project/pages/base_page.py\", line 310, in activate_field_and_check_style\n    initial_box_shadow = self.check_element_hover_style(locator, 'box-shadow', 5)\n                         ^^^^^^^^^^^^^^^^^^^^^^^^^^^^^^^^^^^^^^^^^^^^^^^^^^^^^^^^\n  File \"/opt/hostedtoolcache/Python/3.11.11/x64/lib/python3.11/site-packages/allure_commons/_allure.py\", line 192, in impl\n    return func(*a, **kw)\n           ^^^^^^^^^^^^^^\n  File \"/home/runner/work/luma_project/luma_project/pages/base_page.py\", line 120, in check_element_hover_style\n    element = self.element_is_visible(locator)  # Get the WebElement using locator\n              ^^^^^^^^^^^^^^^^^^^^^^^^^^^^^^^^\n  File \"/opt/hostedtoolcache/Python/3.11.11/x64/lib/python3.11/site-packages/allure_commons/_allure.py\", line 192, in impl\n    return func(*a, **kw)\n           ^^^^^^^^^^^^^^\n  File \"/home/runner/work/luma_project/luma_project/pages/base_page.py\", line 29, in element_is_visible\n    self.go_to_element(self.element_is_present(locator))\n                       ^^^^^^^^^^^^^^^^^^^^^^^^^^^^^^^^\n  File \"/opt/hostedtoolcache/Python/3.11.11/x64/lib/python3.11/site-packages/allure_commons/_allure.py\", line 192, in impl\n    return func(*a, **kw)\n           ^^^^^^^^^^^^^^\n  File \"/home/runner/work/luma_project/luma_project/pages/base_page.py\", line 50, in element_is_present\n    return wait(self.driver, timeout).until(EC.presence_of_element_located(locator))\n           ^^^^^^^^^^^^^^^^^^^^^^^^^^^^^^^^^^^^^^^^^^^^^^^^^^^^^^^^^^^^^^^^^^^^^^^^^\n  File \"/opt/hostedtoolcache/Python/3.11.11/x64/lib/python3.11/site-packages/selenium/webdriver/support/wait.py\", line 95, in until\n    raise TimeoutException(message, screen, stacktrace)\n","steps":[{"name":"Activate the field and get the styles before and after activation","time":{"start":1737857622697,"stop":1737857627812,"duration":5115},"status":"broken","statusMessage":"selenium.common.exceptions.TimeoutException: Message: \nStacktrace:\n#0 0x55ddf85f57ca <unknown>\n#1 0x55ddf80ed2f0 <unknown>\n#2 0x55ddf813d035 <unknown>\n#3 0x55ddf813d251 <unknown>\n#4 0x55ddf8183054 <unknown>\n#5 0x55ddf81619dd <unknown>\n#6 0x55ddf81803b3 <unknown>\n#7 0x55ddf8161753 <unknown>\n#8 0x55ddf812ebaa <unknown>\n#9 0x55ddf812fdfe <unknown>\n#10 0x55ddf85c038b <unknown>\n#11 0x55ddf85c4307 <unknown>\n#12 0x55ddf85ace7c <unknown>\n#13 0x55ddf85c4ec7 <unknown>\n#14 0x55ddf859124f <unknown>\n#15 0x55ddf85e42f8 <unknown>\n#16 0x55ddf85e44c0 <unknown>\n#17 0x55ddf85f4646 <unknown>\n#18 0x7fbee3c9ca94 <unknown>\n#19 0x7fbee3d29c3c <unknown>\n\n","statusTrace":"  File \"/opt/hostedtoolcache/Python/3.11.11/x64/lib/python3.11/site-packages/allure_commons/_allure.py\", line 192, in impl\n    return func(*a, **kw)\n           ^^^^^^^^^^^^^^\n  File \"/home/runner/work/luma_project/luma_project/pages/base_page.py\", line 310, in activate_field_and_check_style\n    initial_box_shadow = self.check_element_hover_style(locator, 'box-shadow', 5)\n                         ^^^^^^^^^^^^^^^^^^^^^^^^^^^^^^^^^^^^^^^^^^^^^^^^^^^^^^^^\n  File \"/opt/hostedtoolcache/Python/3.11.11/x64/lib/python3.11/site-packages/allure_commons/_allure.py\", line 192, in impl\n    return func(*a, **kw)\n           ^^^^^^^^^^^^^^\n  File \"/home/runner/work/luma_project/luma_project/pages/base_page.py\", line 120, in check_element_hover_style\n    element = self.element_is_visible(locator)  # Get the WebElement using locator\n              ^^^^^^^^^^^^^^^^^^^^^^^^^^^^^^^^\n  File \"/opt/hostedtoolcache/Python/3.11.11/x64/lib/python3.11/site-packages/allure_commons/_allure.py\", line 192, in impl\n    return func(*a, **kw)\n           ^^^^^^^^^^^^^^\n  File \"/home/runner/work/luma_project/luma_project/pages/base_page.py\", line 29, in element_is_visible\n    self.go_to_element(self.element_is_present(locator))\n                       ^^^^^^^^^^^^^^^^^^^^^^^^^^^^^^^^\n  File \"/opt/hostedtoolcache/Python/3.11.11/x64/lib/python3.11/site-packages/allure_commons/_allure.py\", line 192, in impl\n    return func(*a, **kw)\n           ^^^^^^^^^^^^^^\n  File \"/home/runner/work/luma_project/luma_project/pages/base_page.py\", line 50, in element_is_present\n    return wait(self.driver, timeout).until(EC.presence_of_element_located(locator))\n           ^^^^^^^^^^^^^^^^^^^^^^^^^^^^^^^^^^^^^^^^^^^^^^^^^^^^^^^^^^^^^^^^^^^^^^^^^\n  File \"/opt/hostedtoolcache/Python/3.11.11/x64/lib/python3.11/site-packages/selenium/webdriver/support/wait.py\", line 95, in until\n    raise TimeoutException(message, screen, stacktrace)\n","steps":[{"name":"Check element hover style","time":{"start":1737857622697,"stop":1737857627811,"duration":5114},"status":"broken","statusMessage":"selenium.common.exceptions.TimeoutException: Message: \nStacktrace:\n#0 0x55ddf85f57ca <unknown>\n#1 0x55ddf80ed2f0 <unknown>\n#2 0x55ddf813d035 <unknown>\n#3 0x55ddf813d251 <unknown>\n#4 0x55ddf8183054 <unknown>\n#5 0x55ddf81619dd <unknown>\n#6 0x55ddf81803b3 <unknown>\n#7 0x55ddf8161753 <unknown>\n#8 0x55ddf812ebaa <unknown>\n#9 0x55ddf812fdfe <unknown>\n#10 0x55ddf85c038b <unknown>\n#11 0x55ddf85c4307 <unknown>\n#12 0x55ddf85ace7c <unknown>\n#13 0x55ddf85c4ec7 <unknown>\n#14 0x55ddf859124f <unknown>\n#15 0x55ddf85e42f8 <unknown>\n#16 0x55ddf85e44c0 <unknown>\n#17 0x55ddf85f4646 <unknown>\n#18 0x7fbee3c9ca94 <unknown>\n#19 0x7fbee3d29c3c <unknown>\n\n","statusTrace":"  File \"/opt/hostedtoolcache/Python/3.11.11/x64/lib/python3.11/site-packages/allure_commons/_allure.py\", line 192, in impl\n    return func(*a, **kw)\n           ^^^^^^^^^^^^^^\n  File \"/home/runner/work/luma_project/luma_project/pages/base_page.py\", line 120, in check_element_hover_style\n    element = self.element_is_visible(locator)  # Get the WebElement using locator\n              ^^^^^^^^^^^^^^^^^^^^^^^^^^^^^^^^\n  File \"/opt/hostedtoolcache/Python/3.11.11/x64/lib/python3.11/site-packages/allure_commons/_allure.py\", line 192, in impl\n    return func(*a, **kw)\n           ^^^^^^^^^^^^^^\n  File \"/home/runner/work/luma_project/luma_project/pages/base_page.py\", line 29, in element_is_visible\n    self.go_to_element(self.element_is_present(locator))\n                       ^^^^^^^^^^^^^^^^^^^^^^^^^^^^^^^^\n  File \"/opt/hostedtoolcache/Python/3.11.11/x64/lib/python3.11/site-packages/allure_commons/_allure.py\", line 192, in impl\n    return func(*a, **kw)\n           ^^^^^^^^^^^^^^\n  File \"/home/runner/work/luma_project/luma_project/pages/base_page.py\", line 50, in element_is_present\n    return wait(self.driver, timeout).until(EC.presence_of_element_located(locator))\n           ^^^^^^^^^^^^^^^^^^^^^^^^^^^^^^^^^^^^^^^^^^^^^^^^^^^^^^^^^^^^^^^^^^^^^^^^^\n  File \"/opt/hostedtoolcache/Python/3.11.11/x64/lib/python3.11/site-packages/selenium/webdriver/support/wait.py\", line 95, in until\n    raise TimeoutException(message, screen, stacktrace)\n","steps":[{"name":"Find a visible element","time":{"start":1737857622697,"stop":1737857627811,"duration":5114},"status":"broken","statusMessage":"selenium.common.exceptions.TimeoutException: Message: \nStacktrace:\n#0 0x55ddf85f57ca <unknown>\n#1 0x55ddf80ed2f0 <unknown>\n#2 0x55ddf813d035 <unknown>\n#3 0x55ddf813d251 <unknown>\n#4 0x55ddf8183054 <unknown>\n#5 0x55ddf81619dd <unknown>\n#6 0x55ddf81803b3 <unknown>\n#7 0x55ddf8161753 <unknown>\n#8 0x55ddf812ebaa <unknown>\n#9 0x55ddf812fdfe <unknown>\n#10 0x55ddf85c038b <unknown>\n#11 0x55ddf85c4307 <unknown>\n#12 0x55ddf85ace7c <unknown>\n#13 0x55ddf85c4ec7 <unknown>\n#14 0x55ddf859124f <unknown>\n#15 0x55ddf85e42f8 <unknown>\n#16 0x55ddf85e44c0 <unknown>\n#17 0x55ddf85f4646 <unknown>\n#18 0x7fbee3c9ca94 <unknown>\n#19 0x7fbee3d29c3c <unknown>\n\n","statusTrace":"  File \"/opt/hostedtoolcache/Python/3.11.11/x64/lib/python3.11/site-packages/allure_commons/_allure.py\", line 192, in impl\n    return func(*a, **kw)\n           ^^^^^^^^^^^^^^\n  File \"/home/runner/work/luma_project/luma_project/pages/base_page.py\", line 29, in element_is_visible\n    self.go_to_element(self.element_is_present(locator))\n                       ^^^^^^^^^^^^^^^^^^^^^^^^^^^^^^^^\n  File \"/opt/hostedtoolcache/Python/3.11.11/x64/lib/python3.11/site-packages/allure_commons/_allure.py\", line 192, in impl\n    return func(*a, **kw)\n           ^^^^^^^^^^^^^^\n  File \"/home/runner/work/luma_project/luma_project/pages/base_page.py\", line 50, in element_is_present\n    return wait(self.driver, timeout).until(EC.presence_of_element_located(locator))\n           ^^^^^^^^^^^^^^^^^^^^^^^^^^^^^^^^^^^^^^^^^^^^^^^^^^^^^^^^^^^^^^^^^^^^^^^^^\n  File \"/opt/hostedtoolcache/Python/3.11.11/x64/lib/python3.11/site-packages/selenium/webdriver/support/wait.py\", line 95, in until\n    raise TimeoutException(message, screen, stacktrace)\n","steps":[{"name":"Find a present element","time":{"start":1737857622697,"stop":1737857627811,"duration":5114},"status":"broken","statusMessage":"selenium.common.exceptions.TimeoutException: Message: \nStacktrace:\n#0 0x55ddf85f57ca <unknown>\n#1 0x55ddf80ed2f0 <unknown>\n#2 0x55ddf813d035 <unknown>\n#3 0x55ddf813d251 <unknown>\n#4 0x55ddf8183054 <unknown>\n#5 0x55ddf81619dd <unknown>\n#6 0x55ddf81803b3 <unknown>\n#7 0x55ddf8161753 <unknown>\n#8 0x55ddf812ebaa <unknown>\n#9 0x55ddf812fdfe <unknown>\n#10 0x55ddf85c038b <unknown>\n#11 0x55ddf85c4307 <unknown>\n#12 0x55ddf85ace7c <unknown>\n#13 0x55ddf85c4ec7 <unknown>\n#14 0x55ddf859124f <unknown>\n#15 0x55ddf85e42f8 <unknown>\n#16 0x55ddf85e44c0 <unknown>\n#17 0x55ddf85f4646 <unknown>\n#18 0x7fbee3c9ca94 <unknown>\n#19 0x7fbee3d29c3c <unknown>\n\n","statusTrace":"  File \"/opt/hostedtoolcache/Python/3.11.11/x64/lib/python3.11/site-packages/allure_commons/_allure.py\", line 192, in impl\n    return func(*a, **kw)\n           ^^^^^^^^^^^^^^\n  File \"/home/runner/work/luma_project/luma_project/pages/base_page.py\", line 50, in element_is_present\n    return wait(self.driver, timeout).until(EC.presence_of_element_located(locator))\n           ^^^^^^^^^^^^^^^^^^^^^^^^^^^^^^^^^^^^^^^^^^^^^^^^^^^^^^^^^^^^^^^^^^^^^^^^^\n  File \"/opt/hostedtoolcache/Python/3.11.11/x64/lib/python3.11/site-packages/selenium/webdriver/support/wait.py\", line 95, in until\n    raise TimeoutException(message, screen, stacktrace)\n","steps":[],"attachments":[],"parameters":[{"name":"locator","value":"('css selector', '#pass')"},{"name":"timeout","value":"5"}],"shouldDisplayMessage":true,"stepsCount":0,"attachmentsCount":0,"hasContent":true,"attachmentStep":false}],"attachments":[],"parameters":[{"name":"locator","value":"('css selector', '#pass')"},{"name":"timeout","value":"10"}],"shouldDisplayMessage":false,"stepsCount":1,"attachmentsCount":0,"hasContent":true,"attachmentStep":false}],"attachments":[],"parameters":[{"name":"locator","value":"('css selector', '#pass')"},{"name":"css_property","value":"'box-shadow'"},{"name":"seconds","value":"5"}],"shouldDisplayMessage":false,"stepsCount":2,"attachmentsCount":0,"hasContent":true,"attachmentStep":false}],"attachments":[],"parameters":[{"name":"locator","value":"('css selector', '#pass')"}],"shouldDisplayMessage":false,"stepsCount":3,"attachmentsCount":0,"hasContent":true,"attachmentStep":false}],"attachments":[],"parameters":[],"shouldDisplayMessage":false,"stepsCount":4,"attachmentsCount":0,"hasContent":true,"attachmentStep":false}],"attachments":[{"uid":"8608401d04268416","name":"Screenshot","source":"8608401d04268416.png","type":"image/png","size":25650},{"uid":"62143ece8fad5134","name":"HTML source","source":"62143ece8fad5134.html","type":"text/html","size":258925}],"parameters":[],"shouldDisplayMessage":true,"stepsCount":5,"attachmentsCount":2,"hasContent":true,"attachmentStep":false},"afterStages":[{"name":"driver::0","time":{"start":1737857627932,"stop":1737857627995,"duration":63},"status":"passed","steps":[],"attachments":[],"parameters":[],"shouldDisplayMessage":false,"stepsCount":0,"attachmentsCount":0,"hasContent":false,"attachmentStep":false},{"name":"clear_allure_result_folder::0","time":{"start":1737857973906,"stop":1737857973906,"duration":0},"status":"passed","steps":[],"attachments":[],"parameters":[],"shouldDisplayMessage":false,"stepsCount":0,"attachmentsCount":0,"hasContent":false,"attachmentStep":false}],"labels":[{"name":"epic","value":"Sign In Page"},{"name":"feature","value":"Registered Customers"},{"name":"parentSuite","value":"tests"},{"name":"suite","value":"test_sign_in"},{"name":"subSuite","value":"TestRegisteredCustomers"},{"name":"host","value":"fv-az1314-617"},{"name":"thread","value":"2774-MainThread"},{"name":"framework","value":"pytest"},{"name":"language","value":"cpython3"},{"name":"package","value":"tests.test_sign_in"},{"name":"resultFormat","value":"allure2"}],"parameters":[],"links":[],"hidden":false,"retry":false,"extra":{"severity":"normal","retries":[],"categories":[{"name":"Test defects","matchedStatuses":[],"flaky":false}],"tags":[]},"source":"d68eaa053633112a.json","parameterValues":[]}