{"uid":"ebe2b56d4c6a5ac3","name":"TC 13.01.24 - Check the display of the text in block 2 'home-t-shirts' in the Promo Block","fullName":"tests.test_main_page.TestPromoBlock#test_tc_13_01_24_check_info_block_text_in_section2_block2","historyId":"d4286a69977649431bc38a599a922042","time":{"start":1739065911443,"stop":1739065912806,"duration":1363},"description":"This test checks if the info block text in section 2 block 2 'home-t-shirts' is correct\n            in the Promo Block under header on the main page","descriptionHtml":"<p>This test checks if the info block text in section 2 block 2 'home-t-shirts' is correct<br />\nin the Promo Block under header on the main page</p>\n","status":"broken","statusMessage":"selenium.common.exceptions.NoSuchElementException: Message: no such element: Unable to locate element: {\"method\":\"css selector\",\"selector\":\".home-t-shirts .content .info\"}\n  (Session info: chrome=132.0.6834.159); For documentation on this error, please visit: https://www.selenium.dev/documentation/webdriver/troubleshooting/errors#no-such-element-exception\nStacktrace:\n#0 0x560d46b0a53a <unknown>\n#1 0x560d46605f00 <unknown>\n#2 0x560d46655c0c <unknown>\n#3 0x560d46655e31 <unknown>\n#4 0x560d4669bbd4 <unknown>\n#5 0x560d4667a5cd <unknown>\n#6 0x560d46698f84 <unknown>\n#7 0x560d4667a343 <unknown>\n#8 0x560d4664778a <unknown>\n#9 0x560d466489de <unknown>\n#10 0x560d46ad42cb <unknown>\n#11 0x560d46ad8242 <unknown>\n#12 0x560d46ac17ac <unknown>\n#13 0x560d46ad8df7 <unknown>\n#14 0x560d46aa5b2f <unknown>\n#15 0x560d46af91a8 <unknown>\n#16 0x560d46af9370 <unknown>\n#17 0x560d46b093b6 <unknown>\n#18 0x7f2adf89ca94 <unknown>\n#19 0x7f2adf929c3c <unknown>","statusTrace":"self = <test_main_page.TestMainPage.TestPromoBlock object at 0x7f2c151a56d0>\ndriver = <selenium.webdriver.chrome.webdriver.WebDriver (session=\"3ec757984579b6ab66f49691bfa8e6fc\")>\n\n    @allure.title(\"TC 13.01.24 - Check the display of the text in block 2 'home-t-shirts' in the Promo Block\")\n    def test_tc_13_01_24_check_info_block_text_in_section2_block2(self, driver):\n        \"\"\"This test checks if the info block text in section 2 block 2 'home-t-shirts' is correct\n        in the Promo Block under header on the main page\"\"\"\n        page = PromoBlock(driver, MAIN_PAGE_URL)\n        page.open()\n>       actual_text = page.check_info_block_text_in_section2_block2()\n\ntests/test_main_page.py:342: \n_ _ _ _ _ _ _ _ _ _ _ _ _ _ _ _ _ _ _ _ _ _ _ _ _ _ _ _ _ _ _ _ _ _ _ _ _ _ _ _ \npages/main_page.py:274: in check_info_block_text_in_section2_block2\n    info_block_text = self.find_element(self.locators.SECTION_2_BLOCK_2_INFO_BLOCK_TEXT).text\npages/base_page.py:201: in find_element\n    return self.driver.find_element(*locator)\n/opt/hostedtoolcache/Python/3.11.11/x64/lib/python3.11/site-packages/selenium/webdriver/remote/webdriver.py:738: in find_element\n    return self.execute(Command.FIND_ELEMENT, {\"using\": by, \"value\": value})[\"value\"]\n/opt/hostedtoolcache/Python/3.11.11/x64/lib/python3.11/site-packages/selenium/webdriver/remote/webdriver.py:344: in execute\n    self.error_handler.check_response(response)\n_ _ _ _ _ _ _ _ _ _ _ _ _ _ _ _ _ _ _ _ _ _ _ _ _ _ _ _ _ _ _ _ _ _ _ _ _ _ _ _ \n\nself = <selenium.webdriver.remote.errorhandler.ErrorHandler object at 0x7f2c168f5b10>\nresponse = {'status': 404, 'value': '{\"value\":{\"error\":\"no such element\",\"message\":\"no such element: Unable to locate element: {\\...\\\\n#17 0x560d46b093b6 \\\\u003Cunknown>\\\\n#18 0x7f2adf89ca94 \\\\u003Cunknown>\\\\n#19 0x7f2adf929c3c \\\\u003Cunknown>\\\\n\"}}'}\n\n    def check_response(self, response: Dict[str, Any]) -> None:\n        \"\"\"Checks that a JSON response from the WebDriver does not have an\n        error.\n    \n        :Args:\n         - response - The JSON response from the WebDriver server as a dictionary\n           object.\n    \n        :Raises: If the response contains an error message.\n        \"\"\"\n        status = response.get(\"status\", None)\n        if not status or status == ErrorCode.SUCCESS:\n            return\n        value = None\n        message = response.get(\"message\", \"\")\n        screen: str = response.get(\"screen\", \"\")\n        stacktrace = None\n        if isinstance(status, int):\n            value_json = response.get(\"value\", None)\n            if value_json and isinstance(value_json, str):\n                import json\n    \n                try:\n                    value = json.loads(value_json)\n                    if len(value) == 1:\n                        value = value[\"value\"]\n                    status = value.get(\"error\", None)\n                    if not status:\n                        status = value.get(\"status\", ErrorCode.UNKNOWN_ERROR)\n                        message = value.get(\"value\") or value.get(\"message\")\n                        if not isinstance(message, str):\n                            value = message\n                            message = message.get(\"message\")\n                    else:\n                        message = value.get(\"message\", None)\n                except ValueError:\n                    pass\n    \n        exception_class: Type[WebDriverException]\n        e = ErrorCode()\n        error_codes = [item for item in dir(e) if not item.startswith(\"__\")]\n        for error_code in error_codes:\n            error_info = getattr(ErrorCode, error_code)\n            if isinstance(error_info, list) and status in error_info:\n                exception_class = getattr(ExceptionMapping, error_code, WebDriverException)\n                break\n        else:\n            exception_class = WebDriverException\n    \n        if not value:\n            value = response[\"value\"]\n        if isinstance(value, str):\n            raise exception_class(value)\n        if message == \"\" and \"message\" in value:\n            message = value[\"message\"]\n    \n        screen = None  # type: ignore[assignment]\n        if \"screen\" in value:\n            screen = value[\"screen\"]\n    \n        stacktrace = None\n        st_value = value.get(\"stackTrace\") or value.get(\"stacktrace\")\n        if st_value:\n            if isinstance(st_value, str):\n                stacktrace = st_value.split(\"\\n\")\n            else:\n                stacktrace = []\n                try:\n                    for frame in st_value:\n                        line = frame.get(\"lineNumber\", \"\")\n                        file = frame.get(\"fileName\", \"<anonymous>\")\n                        if line:\n                            file = f\"{file}:{line}\"\n                        meth = frame.get(\"methodName\", \"<anonymous>\")\n                        if \"className\" in frame:\n                            meth = f\"{frame['className']}.{meth}\"\n                        msg = \"    at %s (%s)\"\n                        msg = msg % (meth, file)\n                        stacktrace.append(msg)\n                except TypeError:\n                    pass\n        if exception_class == UnexpectedAlertPresentException:\n            alert_text = None\n            if \"data\" in value:\n                alert_text = value[\"data\"].get(\"text\")\n            elif \"alert\" in value:\n                alert_text = value[\"alert\"].get(\"text\")\n            raise exception_class(message, screen, stacktrace, alert_text)  # type: ignore[call-arg]  # mypy is not smart enough here\n>       raise exception_class(message, screen, stacktrace)\nE       selenium.common.exceptions.NoSuchElementException: Message: no such element: Unable to locate element: {\"method\":\"css selector\",\"selector\":\".home-t-shirts .content .info\"}\nE         (Session info: chrome=132.0.6834.159); For documentation on this error, please visit: https://www.selenium.dev/documentation/webdriver/troubleshooting/errors#no-such-element-exception\nE       Stacktrace:\nE       #0 0x560d46b0a53a <unknown>\nE       #1 0x560d46605f00 <unknown>\nE       #2 0x560d46655c0c <unknown>\nE       #3 0x560d46655e31 <unknown>\nE       #4 0x560d4669bbd4 <unknown>\nE       #5 0x560d4667a5cd <unknown>\nE       #6 0x560d46698f84 <unknown>\nE       #7 0x560d4667a343 <unknown>\nE       #8 0x560d4664778a <unknown>\nE       #9 0x560d466489de <unknown>\nE       #10 0x560d46ad42cb <unknown>\nE       #11 0x560d46ad8242 <unknown>\nE       #12 0x560d46ac17ac <unknown>\nE       #13 0x560d46ad8df7 <unknown>\nE       #14 0x560d46aa5b2f <unknown>\nE       #15 0x560d46af91a8 <unknown>\nE       #16 0x560d46af9370 <unknown>\nE       #17 0x560d46b093b6 <unknown>\nE       #18 0x7f2adf89ca94 <unknown>\nE       #19 0x7f2adf929c3c <unknown>\n\n/opt/hostedtoolcache/Python/3.11.11/x64/lib/python3.11/site-packages/selenium/webdriver/remote/errorhandler.py:229: NoSuchElementException","flaky":false,"newFailed":false,"newBroken":false,"newPassed":false,"retriesCount":0,"retriesStatusChange":false,"beforeStages":[{"name":"_session_faker","time":{"start":1739065257144,"stop":1739065257207,"duration":63},"status":"passed","steps":[],"attachments":[],"parameters":[],"shouldDisplayMessage":false,"stepsCount":0,"attachmentsCount":0,"hasContent":false,"attachmentStep":false},{"name":"clear_allure_result_folder","time":{"start":1739065257207,"stop":1739065257207,"duration":0},"status":"passed","steps":[],"attachments":[],"parameters":[],"shouldDisplayMessage":false,"stepsCount":0,"attachmentsCount":0,"hasContent":false,"attachmentStep":false},{"name":"driver","time":{"start":1739065910187,"stop":1739065911443,"duration":1256},"status":"passed","steps":[],"attachments":[],"parameters":[],"shouldDisplayMessage":false,"stepsCount":0,"attachmentsCount":0,"hasContent":false,"attachmentStep":false}],"testStage":{"description":"This test checks if the info block text in section 2 block 2 'home-t-shirts' is correct\n            in the Promo Block under header on the main page","status":"broken","statusMessage":"selenium.common.exceptions.NoSuchElementException: Message: no such element: Unable to locate element: {\"method\":\"css selector\",\"selector\":\".home-t-shirts .content .info\"}\n  (Session info: chrome=132.0.6834.159); For documentation on this error, please visit: https://www.selenium.dev/documentation/webdriver/troubleshooting/errors#no-such-element-exception\nStacktrace:\n#0 0x560d46b0a53a <unknown>\n#1 0x560d46605f00 <unknown>\n#2 0x560d46655c0c <unknown>\n#3 0x560d46655e31 <unknown>\n#4 0x560d4669bbd4 <unknown>\n#5 0x560d4667a5cd <unknown>\n#6 0x560d46698f84 <unknown>\n#7 0x560d4667a343 <unknown>\n#8 0x560d4664778a <unknown>\n#9 0x560d466489de <unknown>\n#10 0x560d46ad42cb <unknown>\n#11 0x560d46ad8242 <unknown>\n#12 0x560d46ac17ac <unknown>\n#13 0x560d46ad8df7 <unknown>\n#14 0x560d46aa5b2f <unknown>\n#15 0x560d46af91a8 <unknown>\n#16 0x560d46af9370 <unknown>\n#17 0x560d46b093b6 <unknown>\n#18 0x7f2adf89ca94 <unknown>\n#19 0x7f2adf929c3c <unknown>","statusTrace":"self = <test_main_page.TestMainPage.TestPromoBlock object at 0x7f2c151a56d0>\ndriver = <selenium.webdriver.chrome.webdriver.WebDriver (session=\"3ec757984579b6ab66f49691bfa8e6fc\")>\n\n    @allure.title(\"TC 13.01.24 - Check the display of the text in block 2 'home-t-shirts' in the Promo Block\")\n    def test_tc_13_01_24_check_info_block_text_in_section2_block2(self, driver):\n        \"\"\"This test checks if the info block text in section 2 block 2 'home-t-shirts' is correct\n        in the Promo Block under header on the main page\"\"\"\n        page = PromoBlock(driver, MAIN_PAGE_URL)\n        page.open()\n>       actual_text = page.check_info_block_text_in_section2_block2()\n\ntests/test_main_page.py:342: \n_ _ _ _ _ _ _ _ _ _ _ _ _ _ _ _ _ _ _ _ _ _ _ _ _ _ _ _ _ _ _ _ _ _ _ _ _ _ _ _ \npages/main_page.py:274: in check_info_block_text_in_section2_block2\n    info_block_text = self.find_element(self.locators.SECTION_2_BLOCK_2_INFO_BLOCK_TEXT).text\npages/base_page.py:201: in find_element\n    return self.driver.find_element(*locator)\n/opt/hostedtoolcache/Python/3.11.11/x64/lib/python3.11/site-packages/selenium/webdriver/remote/webdriver.py:738: in find_element\n    return self.execute(Command.FIND_ELEMENT, {\"using\": by, \"value\": value})[\"value\"]\n/opt/hostedtoolcache/Python/3.11.11/x64/lib/python3.11/site-packages/selenium/webdriver/remote/webdriver.py:344: in execute\n    self.error_handler.check_response(response)\n_ _ _ _ _ _ _ _ _ _ _ _ _ _ _ _ _ _ _ _ _ _ _ _ _ _ _ _ _ _ _ _ _ _ _ _ _ _ _ _ \n\nself = <selenium.webdriver.remote.errorhandler.ErrorHandler object at 0x7f2c168f5b10>\nresponse = {'status': 404, 'value': '{\"value\":{\"error\":\"no such element\",\"message\":\"no such element: Unable to locate element: {\\...\\\\n#17 0x560d46b093b6 \\\\u003Cunknown>\\\\n#18 0x7f2adf89ca94 \\\\u003Cunknown>\\\\n#19 0x7f2adf929c3c \\\\u003Cunknown>\\\\n\"}}'}\n\n    def check_response(self, response: Dict[str, Any]) -> None:\n        \"\"\"Checks that a JSON response from the WebDriver does not have an\n        error.\n    \n        :Args:\n         - response - The JSON response from the WebDriver server as a dictionary\n           object.\n    \n        :Raises: If the response contains an error message.\n        \"\"\"\n        status = response.get(\"status\", None)\n        if not status or status == ErrorCode.SUCCESS:\n            return\n        value = None\n        message = response.get(\"message\", \"\")\n        screen: str = response.get(\"screen\", \"\")\n        stacktrace = None\n        if isinstance(status, int):\n            value_json = response.get(\"value\", None)\n            if value_json and isinstance(value_json, str):\n                import json\n    \n                try:\n                    value = json.loads(value_json)\n                    if len(value) == 1:\n                        value = value[\"value\"]\n                    status = value.get(\"error\", None)\n                    if not status:\n                        status = value.get(\"status\", ErrorCode.UNKNOWN_ERROR)\n                        message = value.get(\"value\") or value.get(\"message\")\n                        if not isinstance(message, str):\n                            value = message\n                            message = message.get(\"message\")\n                    else:\n                        message = value.get(\"message\", None)\n                except ValueError:\n                    pass\n    \n        exception_class: Type[WebDriverException]\n        e = ErrorCode()\n        error_codes = [item for item in dir(e) if not item.startswith(\"__\")]\n        for error_code in error_codes:\n            error_info = getattr(ErrorCode, error_code)\n            if isinstance(error_info, list) and status in error_info:\n                exception_class = getattr(ExceptionMapping, error_code, WebDriverException)\n                break\n        else:\n            exception_class = WebDriverException\n    \n        if not value:\n            value = response[\"value\"]\n        if isinstance(value, str):\n            raise exception_class(value)\n        if message == \"\" and \"message\" in value:\n            message = value[\"message\"]\n    \n        screen = None  # type: ignore[assignment]\n        if \"screen\" in value:\n            screen = value[\"screen\"]\n    \n        stacktrace = None\n        st_value = value.get(\"stackTrace\") or value.get(\"stacktrace\")\n        if st_value:\n            if isinstance(st_value, str):\n                stacktrace = st_value.split(\"\\n\")\n            else:\n                stacktrace = []\n                try:\n                    for frame in st_value:\n                        line = frame.get(\"lineNumber\", \"\")\n                        file = frame.get(\"fileName\", \"<anonymous>\")\n                        if line:\n                            file = f\"{file}:{line}\"\n                        meth = frame.get(\"methodName\", \"<anonymous>\")\n                        if \"className\" in frame:\n                            meth = f\"{frame['className']}.{meth}\"\n                        msg = \"    at %s (%s)\"\n                        msg = msg % (meth, file)\n                        stacktrace.append(msg)\n                except TypeError:\n                    pass\n        if exception_class == UnexpectedAlertPresentException:\n            alert_text = None\n            if \"data\" in value:\n                alert_text = value[\"data\"].get(\"text\")\n            elif \"alert\" in value:\n                alert_text = value[\"alert\"].get(\"text\")\n            raise exception_class(message, screen, stacktrace, alert_text)  # type: ignore[call-arg]  # mypy is not smart enough here\n>       raise exception_class(message, screen, stacktrace)\nE       selenium.common.exceptions.NoSuchElementException: Message: no such element: Unable to locate element: {\"method\":\"css selector\",\"selector\":\".home-t-shirts .content .info\"}\nE         (Session info: chrome=132.0.6834.159); For documentation on this error, please visit: https://www.selenium.dev/documentation/webdriver/troubleshooting/errors#no-such-element-exception\nE       Stacktrace:\nE       #0 0x560d46b0a53a <unknown>\nE       #1 0x560d46605f00 <unknown>\nE       #2 0x560d46655c0c <unknown>\nE       #3 0x560d46655e31 <unknown>\nE       #4 0x560d4669bbd4 <unknown>\nE       #5 0x560d4667a5cd <unknown>\nE       #6 0x560d46698f84 <unknown>\nE       #7 0x560d4667a343 <unknown>\nE       #8 0x560d4664778a <unknown>\nE       #9 0x560d466489de <unknown>\nE       #10 0x560d46ad42cb <unknown>\nE       #11 0x560d46ad8242 <unknown>\nE       #12 0x560d46ac17ac <unknown>\nE       #13 0x560d46ad8df7 <unknown>\nE       #14 0x560d46aa5b2f <unknown>\nE       #15 0x560d46af91a8 <unknown>\nE       #16 0x560d46af9370 <unknown>\nE       #17 0x560d46b093b6 <unknown>\nE       #18 0x7f2adf89ca94 <unknown>\nE       #19 0x7f2adf929c3c <unknown>\n\n/opt/hostedtoolcache/Python/3.11.11/x64/lib/python3.11/site-packages/selenium/webdriver/remote/errorhandler.py:229: NoSuchElementException","steps":[{"name":"Open a browser","time":{"start":1739065911443,"stop":1739065912790,"duration":1347},"status":"passed","steps":[],"attachments":[],"parameters":[],"shouldDisplayMessage":false,"stepsCount":0,"attachmentsCount":0,"hasContent":false,"attachmentStep":false},{"name":"Check the text of info block in section 2 block 2 'home-t-shirts' in the Promo Block is correct","time":{"start":1739065912790,"stop":1739065912805,"duration":15},"status":"broken","statusMessage":"selenium.common.exceptions.NoSuchElementException: Message: no such element: Unable to locate element: {\"method\":\"css selector\",\"selector\":\".home-t-shirts .content .info\"}\n  (Session info: chrome=132.0.6834.159); For documentation on this error, please visit: https://www.selenium.dev/documentation/webdriver/troubleshooting/errors#no-such-element-exception\nStacktrace:\n#0 0x560d46b0a53a <unknown>\n#1 0x560d46605f00 <unknown>\n#2 0x560d46655c0c <unknown>\n#3 0x560d46655e31 <unknown>\n#4 0x560d4669bbd4 <unknown>\n#5 0x560d4667a5cd <unknown>\n#6 0x560d46698f84 <unknown>\n#7 0x560d4667a343 <unknown>\n#8 0x560d4664778a <unknown>\n#9 0x560d466489de <unknown>\n#10 0x560d46ad42cb <unknown>\n#11 0x560d46ad8242 <unknown>\n#12 0x560d46ac17ac <unknown>\n#13 0x560d46ad8df7 <unknown>\n#14 0x560d46aa5b2f <unknown>\n#15 0x560d46af91a8 <unknown>\n#16 0x560d46af9370 <unknown>\n#17 0x560d46b093b6 <unknown>\n#18 0x7f2adf89ca94 <unknown>\n#19 0x7f2adf929c3c <unknown>\n\n","statusTrace":"  File \"/opt/hostedtoolcache/Python/3.11.11/x64/lib/python3.11/site-packages/allure_commons/_allure.py\", line 192, in impl\n    return func(*a, **kw)\n           ^^^^^^^^^^^^^^\n  File \"/home/runner/work/luma_project/luma_project/pages/main_page.py\", line 274, in check_info_block_text_in_section2_block2\n    info_block_text = self.find_element(self.locators.SECTION_2_BLOCK_2_INFO_BLOCK_TEXT).text\n                      ^^^^^^^^^^^^^^^^^^^^^^^^^^^^^^^^^^^^^^^^^^^^^^^^^^^^^^^^^^^^^^^^^^\n  File \"/opt/hostedtoolcache/Python/3.11.11/x64/lib/python3.11/site-packages/allure_commons/_allure.py\", line 192, in impl\n    return func(*a, **kw)\n           ^^^^^^^^^^^^^^\n  File \"/home/runner/work/luma_project/luma_project/pages/base_page.py\", line 201, in find_element\n    return self.driver.find_element(*locator)\n           ^^^^^^^^^^^^^^^^^^^^^^^^^^^^^^^^^^\n  File \"/opt/hostedtoolcache/Python/3.11.11/x64/lib/python3.11/site-packages/selenium/webdriver/remote/webdriver.py\", line 738, in find_element\n    return self.execute(Command.FIND_ELEMENT, {\"using\": by, \"value\": value})[\"value\"]\n           ^^^^^^^^^^^^^^^^^^^^^^^^^^^^^^^^^^^^^^^^^^^^^^^^^^^^^^^^^^^^^^^^^\n  File \"/opt/hostedtoolcache/Python/3.11.11/x64/lib/python3.11/site-packages/selenium/webdriver/remote/webdriver.py\", line 344, in execute\n    self.error_handler.check_response(response)\n  File \"/opt/hostedtoolcache/Python/3.11.11/x64/lib/python3.11/site-packages/selenium/webdriver/remote/errorhandler.py\", line 229, in check_response\n    raise exception_class(message, screen, stacktrace)\n","steps":[{"name":"Find element (unpacking)","time":{"start":1739065912790,"stop":1739065912805,"duration":15},"status":"broken","statusMessage":"selenium.common.exceptions.NoSuchElementException: Message: no such element: Unable to locate element: {\"method\":\"css selector\",\"selector\":\".home-t-shirts .content .info\"}\n  (Session info: chrome=132.0.6834.159); For documentation on this error, please visit: https://www.selenium.dev/documentation/webdriver/troubleshooting/errors#no-such-element-exception\nStacktrace:\n#0 0x560d46b0a53a <unknown>\n#1 0x560d46605f00 <unknown>\n#2 0x560d46655c0c <unknown>\n#3 0x560d46655e31 <unknown>\n#4 0x560d4669bbd4 <unknown>\n#5 0x560d4667a5cd <unknown>\n#6 0x560d46698f84 <unknown>\n#7 0x560d4667a343 <unknown>\n#8 0x560d4664778a <unknown>\n#9 0x560d466489de <unknown>\n#10 0x560d46ad42cb <unknown>\n#11 0x560d46ad8242 <unknown>\n#12 0x560d46ac17ac <unknown>\n#13 0x560d46ad8df7 <unknown>\n#14 0x560d46aa5b2f <unknown>\n#15 0x560d46af91a8 <unknown>\n#16 0x560d46af9370 <unknown>\n#17 0x560d46b093b6 <unknown>\n#18 0x7f2adf89ca94 <unknown>\n#19 0x7f2adf929c3c <unknown>\n\n","statusTrace":"  File \"/opt/hostedtoolcache/Python/3.11.11/x64/lib/python3.11/site-packages/allure_commons/_allure.py\", line 192, in impl\n    return func(*a, **kw)\n           ^^^^^^^^^^^^^^\n  File \"/home/runner/work/luma_project/luma_project/pages/base_page.py\", line 201, in find_element\n    return self.driver.find_element(*locator)\n           ^^^^^^^^^^^^^^^^^^^^^^^^^^^^^^^^^^\n  File \"/opt/hostedtoolcache/Python/3.11.11/x64/lib/python3.11/site-packages/selenium/webdriver/remote/webdriver.py\", line 738, in find_element\n    return self.execute(Command.FIND_ELEMENT, {\"using\": by, \"value\": value})[\"value\"]\n           ^^^^^^^^^^^^^^^^^^^^^^^^^^^^^^^^^^^^^^^^^^^^^^^^^^^^^^^^^^^^^^^^^\n  File \"/opt/hostedtoolcache/Python/3.11.11/x64/lib/python3.11/site-packages/selenium/webdriver/remote/webdriver.py\", line 344, in execute\n    self.error_handler.check_response(response)\n  File \"/opt/hostedtoolcache/Python/3.11.11/x64/lib/python3.11/site-packages/selenium/webdriver/remote/errorhandler.py\", line 229, in check_response\n    raise exception_class(message, screen, stacktrace)\n","steps":[],"attachments":[],"parameters":[{"name":"locator","value":"('css selector', '.home-t-shirts .content .info')"}],"shouldDisplayMessage":true,"stepsCount":0,"attachmentsCount":0,"hasContent":true,"attachmentStep":false}],"attachments":[],"parameters":[],"shouldDisplayMessage":false,"stepsCount":1,"attachmentsCount":0,"hasContent":true,"attachmentStep":false}],"attachments":[{"uid":"7e80eb5d1767a1de","name":"Screenshot","source":"7e80eb5d1767a1de.png","type":"image/png","size":548028},{"uid":"67454792b1d00850","name":"HTML source","source":"67454792b1d00850.html","type":"text/html","size":136707}],"parameters":[],"shouldDisplayMessage":true,"stepsCount":3,"attachmentsCount":2,"hasContent":true,"attachmentStep":false},"afterStages":[{"name":"driver::0","time":{"start":1739065913064,"stop":1739065913135,"duration":71},"status":"passed","steps":[],"attachments":[],"parameters":[],"shouldDisplayMessage":false,"stepsCount":0,"attachmentsCount":0,"hasContent":false,"attachmentStep":false},{"name":"clear_allure_result_folder::0","time":{"start":1739066674739,"stop":1739066674739,"duration":0},"status":"passed","steps":[],"attachments":[],"parameters":[],"shouldDisplayMessage":false,"stepsCount":0,"attachmentsCount":0,"hasContent":false,"attachmentStep":false}],"labels":[{"name":"feature","value":"Promo Block Testing"},{"name":"epic","value":"Main Page"},{"name":"parentSuite","value":"tests"},{"name":"suite","value":"test_main_page"},{"name":"subSuite","value":"TestMainPage"},{"name":"host","value":"fv-az1377-749"},{"name":"thread","value":"2788-MainThread"},{"name":"framework","value":"pytest"},{"name":"language","value":"cpython3"},{"name":"package","value":"tests.test_main_page"},{"name":"resultFormat","value":"allure2"}],"parameters":[],"links":[],"hidden":false,"retry":false,"extra":{"severity":"normal","retries":[],"categories":[{"name":"Test defects","matchedStatuses":[],"flaky":false}],"tags":[]},"source":"ebe2b56d4c6a5ac3.json","parameterValues":[]}