{"uid":"4c107b7a5bff2507","name":"TC 13.01.44 - Check block 1 'home-pants' in section 2 of the Promo Block is present in the DOM tree","fullName":"tests.test_main_page.TestPromoBlock#test_tc_13_01_44_check_block1_in_section2_is_present","historyId":"b749be5c65ee671833c26435322ffa3a","time":{"start":1735177774432,"stop":1735177780902,"duration":6470},"description":"This test checks if block 1 'home-pants' in section 2 in the Promo Block is present\n            in the DOM tree on the main page","descriptionHtml":"<p>This test checks if block 1 'home-pants' in section 2 in the Promo Block is present<br />\nin the DOM tree on the main page</p>\n","status":"broken","statusMessage":"selenium.common.exceptions.TimeoutException: Message: \nStacktrace:\n#0 0x5655285a531a <unknown>\n#1 0x5655280bb6e0 <unknown>\n#2 0x56552810a3e6 <unknown>\n#3 0x56552810a681 <unknown>\n#4 0x56552814fb04 <unknown>\n#5 0x56552812e48d <unknown>\n#6 0x56552814ced7 <unknown>\n#7 0x56552812e203 <unknown>\n#8 0x5655280fccc0 <unknown>\n#9 0x5655280fdc9e <unknown>\n#10 0x565528572d0b <unknown>\n#11 0x565528576c92 <unknown>\n#12 0x56552855fb3c <unknown>\n#13 0x565528577807 <unknown>\n#14 0x5655285450df <unknown>\n#15 0x565528594578 <unknown>\n#16 0x565528594740 <unknown>\n#17 0x5655285a4196 <unknown>\n#18 0x7fb53389ca94 <unknown>\n#19 0x7fb533929c3c <unknown>","statusTrace":"self = <test_main_page.TestMainPage.TestPromoBlock object at 0x7f8d1f0b4990>\ndriver = <selenium.webdriver.chrome.webdriver.WebDriver (session=\"5257584effc90b3342d1cd8d8551392e\")>\n\n    @allure.title(\"TC 13.01.44 - Check block 1 'home-pants' in section 2 of the Promo Block is present \"\n                  \"in the DOM tree\")\n    def test_tc_13_01_44_check_block1_in_section2_is_present(self, driver):\n        \"\"\"This test checks if block 1 'home-pants' in section 2 in the Promo Block is present\n        in the DOM tree on the main page\"\"\"\n        page = PromoBlock(driver, MAIN_PAGE_URL)\n        page.open()\n>       block1_section2 = page.check_block1_section2_is_present()\n\ntests/test_main_page.py:583: \n_ _ _ _ _ _ _ _ _ _ _ _ _ _ _ _ _ _ _ _ _ _ _ _ _ _ _ _ _ _ _ _ _ _ _ _ _ _ _ _ \npages/main_page.py:206: in check_block1_section2_is_present\n    return self.element_is_present(self.locators.SECTION_2_BLOCK_1)\npages/base_page.py:50: in element_is_present\n    return wait(self.driver, timeout).until(EC.presence_of_element_located(locator))\n_ _ _ _ _ _ _ _ _ _ _ _ _ _ _ _ _ _ _ _ _ _ _ _ _ _ _ _ _ _ _ _ _ _ _ _ _ _ _ _ \n\nself = <selenium.webdriver.support.wait.WebDriverWait (session=\"5257584effc90b3342d1cd8d8551392e\")>\nmethod = <function presence_of_element_located.<locals>._predicate at 0x7f8d20f24ea0>\nmessage = ''\n\n    def until(self, method, message: str = \"\"):\n        \"\"\"Calls the method provided with the driver as an argument until the \\\n        return value does not evaluate to ``False``.\n    \n        :param method: callable(WebDriver)\n        :param message: optional message for :exc:`TimeoutException`\n        :returns: the result of the last call to `method`\n        :raises: :exc:`selenium.common.exceptions.TimeoutException` if timeout occurs\n        \"\"\"\n        screen = None\n        stacktrace = None\n    \n        end_time = time.monotonic() + self._timeout\n        while True:\n            try:\n                value = method(self._driver)\n                if value:\n                    return value\n            except self._ignored_exceptions as exc:\n                screen = getattr(exc, \"screen\", None)\n                stacktrace = getattr(exc, \"stacktrace\", None)\n            time.sleep(self._poll)\n            if time.monotonic() > end_time:\n                break\n>       raise TimeoutException(message, screen, stacktrace)\nE       selenium.common.exceptions.TimeoutException: Message: \nE       Stacktrace:\nE       #0 0x5655285a531a <unknown>\nE       #1 0x5655280bb6e0 <unknown>\nE       #2 0x56552810a3e6 <unknown>\nE       #3 0x56552810a681 <unknown>\nE       #4 0x56552814fb04 <unknown>\nE       #5 0x56552812e48d <unknown>\nE       #6 0x56552814ced7 <unknown>\nE       #7 0x56552812e203 <unknown>\nE       #8 0x5655280fccc0 <unknown>\nE       #9 0x5655280fdc9e <unknown>\nE       #10 0x565528572d0b <unknown>\nE       #11 0x565528576c92 <unknown>\nE       #12 0x56552855fb3c <unknown>\nE       #13 0x565528577807 <unknown>\nE       #14 0x5655285450df <unknown>\nE       #15 0x565528594578 <unknown>\nE       #16 0x565528594740 <unknown>\nE       #17 0x5655285a4196 <unknown>\nE       #18 0x7fb53389ca94 <unknown>\nE       #19 0x7fb533929c3c <unknown>\n\n/opt/hostedtoolcache/Python/3.11.11/x64/lib/python3.11/site-packages/selenium/webdriver/support/wait.py:95: TimeoutException","flaky":false,"newFailed":false,"newBroken":false,"newPassed":false,"retriesCount":0,"retriesStatusChange":false,"beforeStages":[{"name":"_session_faker","time":{"start":1735177026614,"stop":1735177026675,"duration":61},"status":"passed","steps":[],"attachments":[],"parameters":[],"shouldDisplayMessage":false,"stepsCount":0,"attachmentsCount":0,"hasContent":false,"attachmentStep":false},{"name":"clear_allure_result_folder","time":{"start":1735177026675,"stop":1735177026675,"duration":0},"status":"passed","steps":[],"attachments":[],"parameters":[],"shouldDisplayMessage":false,"stepsCount":0,"attachmentsCount":0,"hasContent":false,"attachmentStep":false},{"name":"driver","time":{"start":1735177773137,"stop":1735177774432,"duration":1295},"status":"passed","steps":[],"attachments":[],"parameters":[],"shouldDisplayMessage":false,"stepsCount":0,"attachmentsCount":0,"hasContent":false,"attachmentStep":false}],"testStage":{"description":"This test checks if block 1 'home-pants' in section 2 in the Promo Block is present\n            in the DOM tree on the main page","status":"broken","statusMessage":"selenium.common.exceptions.TimeoutException: Message: \nStacktrace:\n#0 0x5655285a531a <unknown>\n#1 0x5655280bb6e0 <unknown>\n#2 0x56552810a3e6 <unknown>\n#3 0x56552810a681 <unknown>\n#4 0x56552814fb04 <unknown>\n#5 0x56552812e48d <unknown>\n#6 0x56552814ced7 <unknown>\n#7 0x56552812e203 <unknown>\n#8 0x5655280fccc0 <unknown>\n#9 0x5655280fdc9e <unknown>\n#10 0x565528572d0b <unknown>\n#11 0x565528576c92 <unknown>\n#12 0x56552855fb3c <unknown>\n#13 0x565528577807 <unknown>\n#14 0x5655285450df <unknown>\n#15 0x565528594578 <unknown>\n#16 0x565528594740 <unknown>\n#17 0x5655285a4196 <unknown>\n#18 0x7fb53389ca94 <unknown>\n#19 0x7fb533929c3c <unknown>","statusTrace":"self = <test_main_page.TestMainPage.TestPromoBlock object at 0x7f8d1f0b4990>\ndriver = <selenium.webdriver.chrome.webdriver.WebDriver (session=\"5257584effc90b3342d1cd8d8551392e\")>\n\n    @allure.title(\"TC 13.01.44 - Check block 1 'home-pants' in section 2 of the Promo Block is present \"\n                  \"in the DOM tree\")\n    def test_tc_13_01_44_check_block1_in_section2_is_present(self, driver):\n        \"\"\"This test checks if block 1 'home-pants' in section 2 in the Promo Block is present\n        in the DOM tree on the main page\"\"\"\n        page = PromoBlock(driver, MAIN_PAGE_URL)\n        page.open()\n>       block1_section2 = page.check_block1_section2_is_present()\n\ntests/test_main_page.py:583: \n_ _ _ _ _ _ _ _ _ _ _ _ _ _ _ _ _ _ _ _ _ _ _ _ _ _ _ _ _ _ _ _ _ _ _ _ _ _ _ _ \npages/main_page.py:206: in check_block1_section2_is_present\n    return self.element_is_present(self.locators.SECTION_2_BLOCK_1)\npages/base_page.py:50: in element_is_present\n    return wait(self.driver, timeout).until(EC.presence_of_element_located(locator))\n_ _ _ _ _ _ _ _ _ _ _ _ _ _ _ _ _ _ _ _ _ _ _ _ _ _ _ _ _ _ _ _ _ _ _ _ _ _ _ _ \n\nself = <selenium.webdriver.support.wait.WebDriverWait (session=\"5257584effc90b3342d1cd8d8551392e\")>\nmethod = <function presence_of_element_located.<locals>._predicate at 0x7f8d20f24ea0>\nmessage = ''\n\n    def until(self, method, message: str = \"\"):\n        \"\"\"Calls the method provided with the driver as an argument until the \\\n        return value does not evaluate to ``False``.\n    \n        :param method: callable(WebDriver)\n        :param message: optional message for :exc:`TimeoutException`\n        :returns: the result of the last call to `method`\n        :raises: :exc:`selenium.common.exceptions.TimeoutException` if timeout occurs\n        \"\"\"\n        screen = None\n        stacktrace = None\n    \n        end_time = time.monotonic() + self._timeout\n        while True:\n            try:\n                value = method(self._driver)\n                if value:\n                    return value\n            except self._ignored_exceptions as exc:\n                screen = getattr(exc, \"screen\", None)\n                stacktrace = getattr(exc, \"stacktrace\", None)\n            time.sleep(self._poll)\n            if time.monotonic() > end_time:\n                break\n>       raise TimeoutException(message, screen, stacktrace)\nE       selenium.common.exceptions.TimeoutException: Message: \nE       Stacktrace:\nE       #0 0x5655285a531a <unknown>\nE       #1 0x5655280bb6e0 <unknown>\nE       #2 0x56552810a3e6 <unknown>\nE       #3 0x56552810a681 <unknown>\nE       #4 0x56552814fb04 <unknown>\nE       #5 0x56552812e48d <unknown>\nE       #6 0x56552814ced7 <unknown>\nE       #7 0x56552812e203 <unknown>\nE       #8 0x5655280fccc0 <unknown>\nE       #9 0x5655280fdc9e <unknown>\nE       #10 0x565528572d0b <unknown>\nE       #11 0x565528576c92 <unknown>\nE       #12 0x56552855fb3c <unknown>\nE       #13 0x565528577807 <unknown>\nE       #14 0x5655285450df <unknown>\nE       #15 0x565528594578 <unknown>\nE       #16 0x565528594740 <unknown>\nE       #17 0x5655285a4196 <unknown>\nE       #18 0x7fb53389ca94 <unknown>\nE       #19 0x7fb533929c3c <unknown>\n\n/opt/hostedtoolcache/Python/3.11.11/x64/lib/python3.11/site-packages/selenium/webdriver/support/wait.py:95: TimeoutException","steps":[{"name":"Open a browser","time":{"start":1735177774432,"stop":1735177775533,"duration":1101},"status":"passed","steps":[],"attachments":[],"parameters":[],"shouldDisplayMessage":false,"stepsCount":0,"attachmentsCount":0,"hasContent":false,"attachmentStep":false},{"name":"Check block 1 'home-pants' in section 2 of the Promo Block is present in the DOM tree","time":{"start":1735177775533,"stop":1735177780902,"duration":5369},"status":"broken","statusMessage":"selenium.common.exceptions.TimeoutException: Message: \nStacktrace:\n#0 0x5655285a531a <unknown>\n#1 0x5655280bb6e0 <unknown>\n#2 0x56552810a3e6 <unknown>\n#3 0x56552810a681 <unknown>\n#4 0x56552814fb04 <unknown>\n#5 0x56552812e48d <unknown>\n#6 0x56552814ced7 <unknown>\n#7 0x56552812e203 <unknown>\n#8 0x5655280fccc0 <unknown>\n#9 0x5655280fdc9e <unknown>\n#10 0x565528572d0b <unknown>\n#11 0x565528576c92 <unknown>\n#12 0x56552855fb3c <unknown>\n#13 0x565528577807 <unknown>\n#14 0x5655285450df <unknown>\n#15 0x565528594578 <unknown>\n#16 0x565528594740 <unknown>\n#17 0x5655285a4196 <unknown>\n#18 0x7fb53389ca94 <unknown>\n#19 0x7fb533929c3c <unknown>\n\n","statusTrace":"  File \"/opt/hostedtoolcache/Python/3.11.11/x64/lib/python3.11/site-packages/allure_commons/_allure.py\", line 192, in impl\n    return func(*a, **kw)\n           ^^^^^^^^^^^^^^\n  File \"/home/runner/work/luma_project/luma_project/pages/main_page.py\", line 206, in check_block1_section2_is_present\n    return self.element_is_present(self.locators.SECTION_2_BLOCK_1)\n           ^^^^^^^^^^^^^^^^^^^^^^^^^^^^^^^^^^^^^^^^^^^^^^^^^^^^^^^^\n  File \"/opt/hostedtoolcache/Python/3.11.11/x64/lib/python3.11/site-packages/allure_commons/_allure.py\", line 192, in impl\n    return func(*a, **kw)\n           ^^^^^^^^^^^^^^\n  File \"/home/runner/work/luma_project/luma_project/pages/base_page.py\", line 50, in element_is_present\n    return wait(self.driver, timeout).until(EC.presence_of_element_located(locator))\n           ^^^^^^^^^^^^^^^^^^^^^^^^^^^^^^^^^^^^^^^^^^^^^^^^^^^^^^^^^^^^^^^^^^^^^^^^^\n  File \"/opt/hostedtoolcache/Python/3.11.11/x64/lib/python3.11/site-packages/selenium/webdriver/support/wait.py\", line 95, in until\n    raise TimeoutException(message, screen, stacktrace)\n","steps":[{"name":"Find a present element","time":{"start":1735177775533,"stop":1735177780901,"duration":5368},"status":"broken","statusMessage":"selenium.common.exceptions.TimeoutException: Message: \nStacktrace:\n#0 0x5655285a531a <unknown>\n#1 0x5655280bb6e0 <unknown>\n#2 0x56552810a3e6 <unknown>\n#3 0x56552810a681 <unknown>\n#4 0x56552814fb04 <unknown>\n#5 0x56552812e48d <unknown>\n#6 0x56552814ced7 <unknown>\n#7 0x56552812e203 <unknown>\n#8 0x5655280fccc0 <unknown>\n#9 0x5655280fdc9e <unknown>\n#10 0x565528572d0b <unknown>\n#11 0x565528576c92 <unknown>\n#12 0x56552855fb3c <unknown>\n#13 0x565528577807 <unknown>\n#14 0x5655285450df <unknown>\n#15 0x565528594578 <unknown>\n#16 0x565528594740 <unknown>\n#17 0x5655285a4196 <unknown>\n#18 0x7fb53389ca94 <unknown>\n#19 0x7fb533929c3c <unknown>\n\n","statusTrace":"  File \"/opt/hostedtoolcache/Python/3.11.11/x64/lib/python3.11/site-packages/allure_commons/_allure.py\", line 192, in impl\n    return func(*a, **kw)\n           ^^^^^^^^^^^^^^\n  File \"/home/runner/work/luma_project/luma_project/pages/base_page.py\", line 50, in element_is_present\n    return wait(self.driver, timeout).until(EC.presence_of_element_located(locator))\n           ^^^^^^^^^^^^^^^^^^^^^^^^^^^^^^^^^^^^^^^^^^^^^^^^^^^^^^^^^^^^^^^^^^^^^^^^^\n  File \"/opt/hostedtoolcache/Python/3.11.11/x64/lib/python3.11/site-packages/selenium/webdriver/support/wait.py\", line 95, in until\n    raise TimeoutException(message, screen, stacktrace)\n","steps":[],"attachments":[],"parameters":[{"name":"locator","value":"('css selector', '.home-pants')"},{"name":"timeout","value":"5"}],"shouldDisplayMessage":true,"stepsCount":0,"attachmentsCount":0,"hasContent":true,"attachmentStep":false}],"attachments":[],"parameters":[],"shouldDisplayMessage":false,"stepsCount":1,"attachmentsCount":0,"hasContent":true,"attachmentStep":false}],"attachments":[{"uid":"9434b89c6c812962","name":"Screenshot","source":"9434b89c6c812962.png","type":"image/png","size":548028},{"uid":"bf8b8f791ad65ff5","name":"HTML source","source":"bf8b8f791ad65ff5.html","type":"text/html","size":144949}],"parameters":[],"shouldDisplayMessage":true,"stepsCount":3,"attachmentsCount":2,"hasContent":true,"attachmentStep":false},"afterStages":[{"name":"driver::0","time":{"start":1735177781140,"stop":1735177781266,"duration":126},"status":"passed","steps":[],"attachments":[],"parameters":[],"shouldDisplayMessage":false,"stepsCount":0,"attachmentsCount":0,"hasContent":false,"attachmentStep":false},{"name":"clear_allure_result_folder::0","time":{"start":1735178465018,"stop":1735178465018,"duration":0},"status":"passed","steps":[],"attachments":[],"parameters":[],"shouldDisplayMessage":false,"stepsCount":0,"attachmentsCount":0,"hasContent":false,"attachmentStep":false}],"labels":[{"name":"epic","value":"Main Page"},{"name":"feature","value":"Promo Block Testing"},{"name":"parentSuite","value":"tests"},{"name":"suite","value":"test_main_page"},{"name":"subSuite","value":"TestMainPage"},{"name":"host","value":"fv-az1042-809"},{"name":"thread","value":"2788-MainThread"},{"name":"framework","value":"pytest"},{"name":"language","value":"cpython3"},{"name":"package","value":"tests.test_main_page"},{"name":"resultFormat","value":"allure2"}],"parameters":[],"links":[],"hidden":false,"retry":false,"extra":{"severity":"normal","retries":[],"categories":[{"name":"Test defects","matchedStatuses":[],"flaky":false}],"history":{"statistic":{"failed":0,"broken":5,"skipped":0,"passed":0,"unknown":0,"total":5},"items":[{"uid":"abdaf0692530a014","reportUrl":"https://verafes.github.io/luma_project/535//#testresult/abdaf0692530a014","status":"broken","statusDetails":"selenium.common.exceptions.TimeoutException: Message: \nStacktrace:\n#0 0x55e417c7f31a <unknown>\n#1 0x55e4177956e0 <unknown>\n#2 0x55e4177e43e6 <unknown>\n#3 0x55e4177e4681 <unknown>\n#4 0x55e417829b04 <unknown>\n#5 0x55e41780848d <unknown>\n#6 0x55e417826ed7 <unknown>\n#7 0x55e417808203 <unknown>\n#8 0x55e4177d6cc0 <unknown>\n#9 0x55e4177d7c9e <unknown>\n#10 0x55e417c4cd0b <unknown>\n#11 0x55e417c50c92 <unknown>\n#12 0x55e417c39b3c <unknown>\n#13 0x55e417c51807 <unknown>\n#14 0x55e417c1f0df <unknown>\n#15 0x55e417c6e578 <unknown>\n#16 0x55e417c6e740 <unknown>\n#17 0x55e417c7e196 <unknown>\n#18 0x7f8890a9ca94 <unknown>\n#19 0x7f8890b29c3c <unknown>","time":{"start":1735091394874,"stop":1735091401142,"duration":6268}},{"uid":"37ff15e7da268336","reportUrl":"https://verafes.github.io/luma_project/534//#testresult/37ff15e7da268336","status":"broken","statusDetails":"selenium.common.exceptions.TimeoutException: Message: \nStacktrace:\n#0 0x55573131031a <unknown>\n#1 0x555730e266e0 <unknown>\n#2 0x555730e753e6 <unknown>\n#3 0x555730e75681 <unknown>\n#4 0x555730ebab04 <unknown>\n#5 0x555730e9948d <unknown>\n#6 0x555730eb7ed7 <unknown>\n#7 0x555730e99203 <unknown>\n#8 0x555730e67cc0 <unknown>\n#9 0x555730e68c9e <unknown>\n#10 0x5557312ddd0b <unknown>\n#11 0x5557312e1c92 <unknown>\n#12 0x5557312cab3c <unknown>\n#13 0x5557312e2807 <unknown>\n#14 0x5557312b00df <unknown>\n#15 0x5557312ff578 <unknown>\n#16 0x5557312ff740 <unknown>\n#17 0x55573130f196 <unknown>\n#18 0x7eff3849ca94 <unknown>\n#19 0x7eff38529c3c <unknown>","time":{"start":1735024900393,"stop":1735024908179,"duration":7786}},{"uid":"ffd08b8f808a9a22","reportUrl":"https://verafes.github.io/luma_project/533//#testresult/ffd08b8f808a9a22","status":"broken","statusDetails":"selenium.common.exceptions.TimeoutException: Message: \nStacktrace:\n#0 0x55dd538e431a <unknown>\n#1 0x55dd533fa6e0 <unknown>\n#2 0x55dd534493e6 <unknown>\n#3 0x55dd53449681 <unknown>\n#4 0x55dd5348eb04 <unknown>\n#5 0x55dd5346d48d <unknown>\n#6 0x55dd5348bed7 <unknown>\n#7 0x55dd5346d203 <unknown>\n#8 0x55dd5343bcc0 <unknown>\n#9 0x55dd5343cc9e <unknown>\n#10 0x55dd538b1d0b <unknown>\n#11 0x55dd538b5c92 <unknown>\n#12 0x55dd5389eb3c <unknown>\n#13 0x55dd538b6807 <unknown>\n#14 0x55dd538840df <unknown>\n#15 0x55dd538d3578 <unknown>\n#16 0x55dd538d3740 <unknown>\n#17 0x55dd538e3196 <unknown>\n#18 0x7f7dc849ca94 <unknown>\n#19 0x7f7dc8529c3c <unknown>","time":{"start":1734918771554,"stop":1734918778278,"duration":6724}},{"uid":"9f258ea08395094d","reportUrl":"https://verafes.github.io/luma_project/532//#testresult/9f258ea08395094d","status":"broken","statusDetails":"selenium.common.exceptions.TimeoutException: Message: \nStacktrace:\n#0 0x55a4eb5ab31a <unknown>\n#1 0x55a4eb0c16e0 <unknown>\n#2 0x55a4eb1103e6 <unknown>\n#3 0x55a4eb110681 <unknown>\n#4 0x55a4eb155b04 <unknown>\n#5 0x55a4eb13448d <unknown>\n#6 0x55a4eb152ed7 <unknown>\n#7 0x55a4eb134203 <unknown>\n#8 0x55a4eb102cc0 <unknown>\n#9 0x55a4eb103c9e <unknown>\n#10 0x55a4eb578d0b <unknown>\n#11 0x55a4eb57cc92 <unknown>\n#12 0x55a4eb565b3c <unknown>\n#13 0x55a4eb57d807 <unknown>\n#14 0x55a4eb54b0df <unknown>\n#15 0x55a4eb59a578 <unknown>\n#16 0x55a4eb59a740 <unknown>\n#17 0x55a4eb5aa196 <unknown>\n#18 0x7f3960c9ca94 <unknown>\n#19 0x7f3960d29c3c <unknown>","time":{"start":1734832617105,"stop":1734832623470,"duration":6365}}]},"tags":[]},"source":"4c107b7a5bff2507.json","parameterValues":[]}