{"uid":"d7651c65873898ed","name":"TC 13.01.19 - Check the display of the text in block 1 'home-pants' in the Promo Block","fullName":"tests.test_main_page.TestPromoBlock#test_tc_13_01_19_check_info_block_text_in_section2_block1","historyId":"268a5e587fbf7503e6be39e394bd3e64","time":{"start":1735177652092,"stop":1735177658373,"duration":6281},"description":"This test checks if the info block text in section 2 block 1 'home-pants' is correct\n            in the Promo Block under header on the Main Page","descriptionHtml":"<p>This test checks if the info block text in section 2 block 1 'home-pants' is correct<br />\nin the Promo Block under header on the Main Page</p>\n","status":"broken","statusMessage":"selenium.common.exceptions.TimeoutException: Message: \nStacktrace:\n#0 0x56469ec2431a <unknown>\n#1 0x56469e73a6e0 <unknown>\n#2 0x56469e7893e6 <unknown>\n#3 0x56469e789681 <unknown>\n#4 0x56469e7ceb04 <unknown>\n#5 0x56469e7ad48d <unknown>\n#6 0x56469e7cbed7 <unknown>\n#7 0x56469e7ad203 <unknown>\n#8 0x56469e77bcc0 <unknown>\n#9 0x56469e77cc9e <unknown>\n#10 0x56469ebf1d0b <unknown>\n#11 0x56469ebf5c92 <unknown>\n#12 0x56469ebdeb3c <unknown>\n#13 0x56469ebf6807 <unknown>\n#14 0x56469ebc40df <unknown>\n#15 0x56469ec13578 <unknown>\n#16 0x56469ec13740 <unknown>\n#17 0x56469ec23196 <unknown>\n#18 0x7f8a6149ca94 <unknown>\n#19 0x7f8a61529c3c <unknown>","statusTrace":"self = <test_main_page.TestMainPage.TestPromoBlock object at 0x7f8d1f187f90>\ndriver = <selenium.webdriver.chrome.webdriver.WebDriver (session=\"22003765ff77f69c95133aa7b04320d9\")>\n\n    @allure.title(\"TC 13.01.19 - Check the display of the text in block 1 'home-pants' in the Promo Block\")\n    def test_tc_13_01_19_check_info_block_text_in_section2_block1(self, driver):\n        \"\"\"This test checks if the info block text in section 2 block 1 'home-pants' is correct\n        in the Promo Block under header on the Main Page\"\"\"\n        page = PromoBlock(driver, MAIN_PAGE_URL)\n        page.open()\n>       actual_text = page.get_text(self.locators.SECTION_2_BLOCK_1_INFO_BLOCK_TEXT)\n\ntests/test_main_page.py:282: \n_ _ _ _ _ _ _ _ _ _ _ _ _ _ _ _ _ _ _ _ _ _ _ _ _ _ _ _ _ _ _ _ _ _ _ _ _ _ _ _ \npages/base_page.py:144: in get_text\n    text = self.element_is_visible(locator)\npages/base_page.py:29: in element_is_visible\n    self.go_to_element(self.element_is_present(locator))\npages/base_page.py:50: in element_is_present\n    return wait(self.driver, timeout).until(EC.presence_of_element_located(locator))\n_ _ _ _ _ _ _ _ _ _ _ _ _ _ _ _ _ _ _ _ _ _ _ _ _ _ _ _ _ _ _ _ _ _ _ _ _ _ _ _ \n\nself = <selenium.webdriver.support.wait.WebDriverWait (session=\"22003765ff77f69c95133aa7b04320d9\")>\nmethod = <function presence_of_element_located.<locals>._predicate at 0x7f8d20dd4680>\nmessage = ''\n\n    def until(self, method, message: str = \"\"):\n        \"\"\"Calls the method provided with the driver as an argument until the \\\n        return value does not evaluate to ``False``.\n    \n        :param method: callable(WebDriver)\n        :param message: optional message for :exc:`TimeoutException`\n        :returns: the result of the last call to `method`\n        :raises: :exc:`selenium.common.exceptions.TimeoutException` if timeout occurs\n        \"\"\"\n        screen = None\n        stacktrace = None\n    \n        end_time = time.monotonic() + self._timeout\n        while True:\n            try:\n                value = method(self._driver)\n                if value:\n                    return value\n            except self._ignored_exceptions as exc:\n                screen = getattr(exc, \"screen\", None)\n                stacktrace = getattr(exc, \"stacktrace\", None)\n            time.sleep(self._poll)\n            if time.monotonic() > end_time:\n                break\n>       raise TimeoutException(message, screen, stacktrace)\nE       selenium.common.exceptions.TimeoutException: Message: \nE       Stacktrace:\nE       #0 0x56469ec2431a <unknown>\nE       #1 0x56469e73a6e0 <unknown>\nE       #2 0x56469e7893e6 <unknown>\nE       #3 0x56469e789681 <unknown>\nE       #4 0x56469e7ceb04 <unknown>\nE       #5 0x56469e7ad48d <unknown>\nE       #6 0x56469e7cbed7 <unknown>\nE       #7 0x56469e7ad203 <unknown>\nE       #8 0x56469e77bcc0 <unknown>\nE       #9 0x56469e77cc9e <unknown>\nE       #10 0x56469ebf1d0b <unknown>\nE       #11 0x56469ebf5c92 <unknown>\nE       #12 0x56469ebdeb3c <unknown>\nE       #13 0x56469ebf6807 <unknown>\nE       #14 0x56469ebc40df <unknown>\nE       #15 0x56469ec13578 <unknown>\nE       #16 0x56469ec13740 <unknown>\nE       #17 0x56469ec23196 <unknown>\nE       #18 0x7f8a6149ca94 <unknown>\nE       #19 0x7f8a61529c3c <unknown>\n\n/opt/hostedtoolcache/Python/3.11.11/x64/lib/python3.11/site-packages/selenium/webdriver/support/wait.py:95: TimeoutException","flaky":false,"newFailed":false,"newBroken":false,"newPassed":false,"retriesCount":0,"retriesStatusChange":false,"beforeStages":[{"name":"_session_faker","time":{"start":1735177026614,"stop":1735177026675,"duration":61},"status":"passed","steps":[],"attachments":[],"parameters":[],"shouldDisplayMessage":false,"stepsCount":0,"attachmentsCount":0,"hasContent":false,"attachmentStep":false},{"name":"clear_allure_result_folder","time":{"start":1735177026675,"stop":1735177026675,"duration":0},"status":"passed","steps":[],"attachments":[],"parameters":[],"shouldDisplayMessage":false,"stepsCount":0,"attachmentsCount":0,"hasContent":false,"attachmentStep":false},{"name":"driver","time":{"start":1735177650901,"stop":1735177652092,"duration":1191},"status":"passed","steps":[],"attachments":[],"parameters":[],"shouldDisplayMessage":false,"stepsCount":0,"attachmentsCount":0,"hasContent":false,"attachmentStep":false}],"testStage":{"description":"This test checks if the info block text in section 2 block 1 'home-pants' is correct\n            in the Promo Block under header on the Main Page","status":"broken","statusMessage":"selenium.common.exceptions.TimeoutException: Message: \nStacktrace:\n#0 0x56469ec2431a <unknown>\n#1 0x56469e73a6e0 <unknown>\n#2 0x56469e7893e6 <unknown>\n#3 0x56469e789681 <unknown>\n#4 0x56469e7ceb04 <unknown>\n#5 0x56469e7ad48d <unknown>\n#6 0x56469e7cbed7 <unknown>\n#7 0x56469e7ad203 <unknown>\n#8 0x56469e77bcc0 <unknown>\n#9 0x56469e77cc9e <unknown>\n#10 0x56469ebf1d0b <unknown>\n#11 0x56469ebf5c92 <unknown>\n#12 0x56469ebdeb3c <unknown>\n#13 0x56469ebf6807 <unknown>\n#14 0x56469ebc40df <unknown>\n#15 0x56469ec13578 <unknown>\n#16 0x56469ec13740 <unknown>\n#17 0x56469ec23196 <unknown>\n#18 0x7f8a6149ca94 <unknown>\n#19 0x7f8a61529c3c <unknown>","statusTrace":"self = <test_main_page.TestMainPage.TestPromoBlock object at 0x7f8d1f187f90>\ndriver = <selenium.webdriver.chrome.webdriver.WebDriver (session=\"22003765ff77f69c95133aa7b04320d9\")>\n\n    @allure.title(\"TC 13.01.19 - Check the display of the text in block 1 'home-pants' in the Promo Block\")\n    def test_tc_13_01_19_check_info_block_text_in_section2_block1(self, driver):\n        \"\"\"This test checks if the info block text in section 2 block 1 'home-pants' is correct\n        in the Promo Block under header on the Main Page\"\"\"\n        page = PromoBlock(driver, MAIN_PAGE_URL)\n        page.open()\n>       actual_text = page.get_text(self.locators.SECTION_2_BLOCK_1_INFO_BLOCK_TEXT)\n\ntests/test_main_page.py:282: \n_ _ _ _ _ _ _ _ _ _ _ _ _ _ _ _ _ _ _ _ _ _ _ _ _ _ _ _ _ _ _ _ _ _ _ _ _ _ _ _ \npages/base_page.py:144: in get_text\n    text = self.element_is_visible(locator)\npages/base_page.py:29: in element_is_visible\n    self.go_to_element(self.element_is_present(locator))\npages/base_page.py:50: in element_is_present\n    return wait(self.driver, timeout).until(EC.presence_of_element_located(locator))\n_ _ _ _ _ _ _ _ _ _ _ _ _ _ _ _ _ _ _ _ _ _ _ _ _ _ _ _ _ _ _ _ _ _ _ _ _ _ _ _ \n\nself = <selenium.webdriver.support.wait.WebDriverWait (session=\"22003765ff77f69c95133aa7b04320d9\")>\nmethod = <function presence_of_element_located.<locals>._predicate at 0x7f8d20dd4680>\nmessage = ''\n\n    def until(self, method, message: str = \"\"):\n        \"\"\"Calls the method provided with the driver as an argument until the \\\n        return value does not evaluate to ``False``.\n    \n        :param method: callable(WebDriver)\n        :param message: optional message for :exc:`TimeoutException`\n        :returns: the result of the last call to `method`\n        :raises: :exc:`selenium.common.exceptions.TimeoutException` if timeout occurs\n        \"\"\"\n        screen = None\n        stacktrace = None\n    \n        end_time = time.monotonic() + self._timeout\n        while True:\n            try:\n                value = method(self._driver)\n                if value:\n                    return value\n            except self._ignored_exceptions as exc:\n                screen = getattr(exc, \"screen\", None)\n                stacktrace = getattr(exc, \"stacktrace\", None)\n            time.sleep(self._poll)\n            if time.monotonic() > end_time:\n                break\n>       raise TimeoutException(message, screen, stacktrace)\nE       selenium.common.exceptions.TimeoutException: Message: \nE       Stacktrace:\nE       #0 0x56469ec2431a <unknown>\nE       #1 0x56469e73a6e0 <unknown>\nE       #2 0x56469e7893e6 <unknown>\nE       #3 0x56469e789681 <unknown>\nE       #4 0x56469e7ceb04 <unknown>\nE       #5 0x56469e7ad48d <unknown>\nE       #6 0x56469e7cbed7 <unknown>\nE       #7 0x56469e7ad203 <unknown>\nE       #8 0x56469e77bcc0 <unknown>\nE       #9 0x56469e77cc9e <unknown>\nE       #10 0x56469ebf1d0b <unknown>\nE       #11 0x56469ebf5c92 <unknown>\nE       #12 0x56469ebdeb3c <unknown>\nE       #13 0x56469ebf6807 <unknown>\nE       #14 0x56469ebc40df <unknown>\nE       #15 0x56469ec13578 <unknown>\nE       #16 0x56469ec13740 <unknown>\nE       #17 0x56469ec23196 <unknown>\nE       #18 0x7f8a6149ca94 <unknown>\nE       #19 0x7f8a61529c3c <unknown>\n\n/opt/hostedtoolcache/Python/3.11.11/x64/lib/python3.11/site-packages/selenium/webdriver/support/wait.py:95: TimeoutException","steps":[{"name":"Open a browser","time":{"start":1735177652092,"stop":1735177653166,"duration":1074},"status":"passed","steps":[],"attachments":[],"parameters":[],"shouldDisplayMessage":false,"stepsCount":0,"attachmentsCount":0,"hasContent":false,"attachmentStep":false},{"name":"Get element text","time":{"start":1735177653166,"stop":1735177658372,"duration":5206},"status":"broken","statusMessage":"selenium.common.exceptions.TimeoutException: Message: \nStacktrace:\n#0 0x56469ec2431a <unknown>\n#1 0x56469e73a6e0 <unknown>\n#2 0x56469e7893e6 <unknown>\n#3 0x56469e789681 <unknown>\n#4 0x56469e7ceb04 <unknown>\n#5 0x56469e7ad48d <unknown>\n#6 0x56469e7cbed7 <unknown>\n#7 0x56469e7ad203 <unknown>\n#8 0x56469e77bcc0 <unknown>\n#9 0x56469e77cc9e <unknown>\n#10 0x56469ebf1d0b <unknown>\n#11 0x56469ebf5c92 <unknown>\n#12 0x56469ebdeb3c <unknown>\n#13 0x56469ebf6807 <unknown>\n#14 0x56469ebc40df <unknown>\n#15 0x56469ec13578 <unknown>\n#16 0x56469ec13740 <unknown>\n#17 0x56469ec23196 <unknown>\n#18 0x7f8a6149ca94 <unknown>\n#19 0x7f8a61529c3c <unknown>\n\n","statusTrace":"  File \"/opt/hostedtoolcache/Python/3.11.11/x64/lib/python3.11/site-packages/allure_commons/_allure.py\", line 192, in impl\n    return func(*a, **kw)\n           ^^^^^^^^^^^^^^\n  File \"/home/runner/work/luma_project/luma_project/pages/base_page.py\", line 144, in get_text\n    text = self.element_is_visible(locator)\n           ^^^^^^^^^^^^^^^^^^^^^^^^^^^^^^^^\n  File \"/opt/hostedtoolcache/Python/3.11.11/x64/lib/python3.11/site-packages/allure_commons/_allure.py\", line 192, in impl\n    return func(*a, **kw)\n           ^^^^^^^^^^^^^^\n  File \"/home/runner/work/luma_project/luma_project/pages/base_page.py\", line 29, in element_is_visible\n    self.go_to_element(self.element_is_present(locator))\n                       ^^^^^^^^^^^^^^^^^^^^^^^^^^^^^^^^\n  File \"/opt/hostedtoolcache/Python/3.11.11/x64/lib/python3.11/site-packages/allure_commons/_allure.py\", line 192, in impl\n    return func(*a, **kw)\n           ^^^^^^^^^^^^^^\n  File \"/home/runner/work/luma_project/luma_project/pages/base_page.py\", line 50, in element_is_present\n    return wait(self.driver, timeout).until(EC.presence_of_element_located(locator))\n           ^^^^^^^^^^^^^^^^^^^^^^^^^^^^^^^^^^^^^^^^^^^^^^^^^^^^^^^^^^^^^^^^^^^^^^^^^\n  File \"/opt/hostedtoolcache/Python/3.11.11/x64/lib/python3.11/site-packages/selenium/webdriver/support/wait.py\", line 95, in until\n    raise TimeoutException(message, screen, stacktrace)\n","steps":[{"name":"Find a visible element","time":{"start":1735177653166,"stop":1735177658372,"duration":5206},"status":"broken","statusMessage":"selenium.common.exceptions.TimeoutException: Message: \nStacktrace:\n#0 0x56469ec2431a <unknown>\n#1 0x56469e73a6e0 <unknown>\n#2 0x56469e7893e6 <unknown>\n#3 0x56469e789681 <unknown>\n#4 0x56469e7ceb04 <unknown>\n#5 0x56469e7ad48d <unknown>\n#6 0x56469e7cbed7 <unknown>\n#7 0x56469e7ad203 <unknown>\n#8 0x56469e77bcc0 <unknown>\n#9 0x56469e77cc9e <unknown>\n#10 0x56469ebf1d0b <unknown>\n#11 0x56469ebf5c92 <unknown>\n#12 0x56469ebdeb3c <unknown>\n#13 0x56469ebf6807 <unknown>\n#14 0x56469ebc40df <unknown>\n#15 0x56469ec13578 <unknown>\n#16 0x56469ec13740 <unknown>\n#17 0x56469ec23196 <unknown>\n#18 0x7f8a6149ca94 <unknown>\n#19 0x7f8a61529c3c <unknown>\n\n","statusTrace":"  File \"/opt/hostedtoolcache/Python/3.11.11/x64/lib/python3.11/site-packages/allure_commons/_allure.py\", line 192, in impl\n    return func(*a, **kw)\n           ^^^^^^^^^^^^^^\n  File \"/home/runner/work/luma_project/luma_project/pages/base_page.py\", line 29, in element_is_visible\n    self.go_to_element(self.element_is_present(locator))\n                       ^^^^^^^^^^^^^^^^^^^^^^^^^^^^^^^^\n  File \"/opt/hostedtoolcache/Python/3.11.11/x64/lib/python3.11/site-packages/allure_commons/_allure.py\", line 192, in impl\n    return func(*a, **kw)\n           ^^^^^^^^^^^^^^\n  File \"/home/runner/work/luma_project/luma_project/pages/base_page.py\", line 50, in element_is_present\n    return wait(self.driver, timeout).until(EC.presence_of_element_located(locator))\n           ^^^^^^^^^^^^^^^^^^^^^^^^^^^^^^^^^^^^^^^^^^^^^^^^^^^^^^^^^^^^^^^^^^^^^^^^^\n  File \"/opt/hostedtoolcache/Python/3.11.11/x64/lib/python3.11/site-packages/selenium/webdriver/support/wait.py\", line 95, in until\n    raise TimeoutException(message, screen, stacktrace)\n","steps":[{"name":"Find a present element","time":{"start":1735177653166,"stop":1735177658371,"duration":5205},"status":"broken","statusMessage":"selenium.common.exceptions.TimeoutException: Message: \nStacktrace:\n#0 0x56469ec2431a <unknown>\n#1 0x56469e73a6e0 <unknown>\n#2 0x56469e7893e6 <unknown>\n#3 0x56469e789681 <unknown>\n#4 0x56469e7ceb04 <unknown>\n#5 0x56469e7ad48d <unknown>\n#6 0x56469e7cbed7 <unknown>\n#7 0x56469e7ad203 <unknown>\n#8 0x56469e77bcc0 <unknown>\n#9 0x56469e77cc9e <unknown>\n#10 0x56469ebf1d0b <unknown>\n#11 0x56469ebf5c92 <unknown>\n#12 0x56469ebdeb3c <unknown>\n#13 0x56469ebf6807 <unknown>\n#14 0x56469ebc40df <unknown>\n#15 0x56469ec13578 <unknown>\n#16 0x56469ec13740 <unknown>\n#17 0x56469ec23196 <unknown>\n#18 0x7f8a6149ca94 <unknown>\n#19 0x7f8a61529c3c <unknown>\n\n","statusTrace":"  File \"/opt/hostedtoolcache/Python/3.11.11/x64/lib/python3.11/site-packages/allure_commons/_allure.py\", line 192, in impl\n    return func(*a, **kw)\n           ^^^^^^^^^^^^^^\n  File \"/home/runner/work/luma_project/luma_project/pages/base_page.py\", line 50, in element_is_present\n    return wait(self.driver, timeout).until(EC.presence_of_element_located(locator))\n           ^^^^^^^^^^^^^^^^^^^^^^^^^^^^^^^^^^^^^^^^^^^^^^^^^^^^^^^^^^^^^^^^^^^^^^^^^\n  File \"/opt/hostedtoolcache/Python/3.11.11/x64/lib/python3.11/site-packages/selenium/webdriver/support/wait.py\", line 95, in until\n    raise TimeoutException(message, screen, stacktrace)\n","steps":[],"attachments":[],"parameters":[{"name":"locator","value":"('css selector', '.home-pants .content .info')"},{"name":"timeout","value":"5"}],"shouldDisplayMessage":true,"stepsCount":0,"attachmentsCount":0,"hasContent":true,"attachmentStep":false}],"attachments":[],"parameters":[{"name":"locator","value":"('css selector', '.home-pants .content .info')"},{"name":"timeout","value":"10"}],"shouldDisplayMessage":false,"stepsCount":1,"attachmentsCount":0,"hasContent":true,"attachmentStep":false}],"attachments":[],"parameters":[{"name":"locator","value":"('css selector', '.home-pants .content .info')"}],"shouldDisplayMessage":false,"stepsCount":2,"attachmentsCount":0,"hasContent":true,"attachmentStep":false}],"attachments":[{"uid":"8132ca42634304c1","name":"Screenshot","source":"8132ca42634304c1.png","type":"image/png","size":548028},{"uid":"cc7a1bdb75be98c7","name":"HTML source","source":"cc7a1bdb75be98c7.html","type":"text/html","size":144119}],"parameters":[],"shouldDisplayMessage":true,"stepsCount":4,"attachmentsCount":2,"hasContent":true,"attachmentStep":false},"afterStages":[{"name":"driver::0","time":{"start":1735177659103,"stop":1735177659219,"duration":116},"status":"passed","steps":[],"attachments":[],"parameters":[],"shouldDisplayMessage":false,"stepsCount":0,"attachmentsCount":0,"hasContent":false,"attachmentStep":false},{"name":"clear_allure_result_folder::0","time":{"start":1735178465018,"stop":1735178465018,"duration":0},"status":"passed","steps":[],"attachments":[],"parameters":[],"shouldDisplayMessage":false,"stepsCount":0,"attachmentsCount":0,"hasContent":false,"attachmentStep":false}],"labels":[{"name":"epic","value":"Main Page"},{"name":"feature","value":"Promo Block Testing"},{"name":"parentSuite","value":"tests"},{"name":"suite","value":"test_main_page"},{"name":"subSuite","value":"TestMainPage"},{"name":"host","value":"fv-az1042-809"},{"name":"thread","value":"2788-MainThread"},{"name":"framework","value":"pytest"},{"name":"language","value":"cpython3"},{"name":"package","value":"tests.test_main_page"},{"name":"resultFormat","value":"allure2"}],"parameters":[],"links":[],"hidden":false,"retry":false,"extra":{"severity":"normal","retries":[],"categories":[{"name":"Test defects","matchedStatuses":[],"flaky":false}],"history":{"statistic":{"failed":0,"broken":5,"skipped":0,"passed":0,"unknown":0,"total":5},"items":[{"uid":"ddfe83bb2b01f77f","reportUrl":"https://verafes.github.io/luma_project/535//#testresult/ddfe83bb2b01f77f","status":"broken","statusDetails":"selenium.common.exceptions.TimeoutException: Message: \nStacktrace:\n#0 0x5559dd7cd31a <unknown>\n#1 0x5559dd2e36e0 <unknown>\n#2 0x5559dd3323e6 <unknown>\n#3 0x5559dd332681 <unknown>\n#4 0x5559dd377b04 <unknown>\n#5 0x5559dd35648d <unknown>\n#6 0x5559dd374ed7 <unknown>\n#7 0x5559dd356203 <unknown>\n#8 0x5559dd324cc0 <unknown>\n#9 0x5559dd325c9e <unknown>\n#10 0x5559dd79ad0b <unknown>\n#11 0x5559dd79ec92 <unknown>\n#12 0x5559dd787b3c <unknown>\n#13 0x5559dd79f807 <unknown>\n#14 0x5559dd76d0df <unknown>\n#15 0x5559dd7bc578 <unknown>\n#16 0x5559dd7bc740 <unknown>\n#17 0x5559dd7cc196 <unknown>\n#18 0x7f2dbc29ca94 <unknown>\n#19 0x7f2dbc329c3c <unknown>","time":{"start":1735091270195,"stop":1735091277385,"duration":7190}},{"uid":"de847dd762e63231","reportUrl":"https://verafes.github.io/luma_project/534//#testresult/de847dd762e63231","status":"broken","statusDetails":"selenium.common.exceptions.TimeoutException: Message: \nStacktrace:\n#0 0x5642d757831a <unknown>\n#1 0x5642d708e6e0 <unknown>\n#2 0x5642d70dd3e6 <unknown>\n#3 0x5642d70dd681 <unknown>\n#4 0x5642d7122b04 <unknown>\n#5 0x5642d710148d <unknown>\n#6 0x5642d711fed7 <unknown>\n#7 0x5642d7101203 <unknown>\n#8 0x5642d70cfcc0 <unknown>\n#9 0x5642d70d0c9e <unknown>\n#10 0x5642d7545d0b <unknown>\n#11 0x5642d7549c92 <unknown>\n#12 0x5642d7532b3c <unknown>\n#13 0x5642d754a807 <unknown>\n#14 0x5642d75180df <unknown>\n#15 0x5642d7567578 <unknown>\n#16 0x5642d7567740 <unknown>\n#17 0x5642d7577196 <unknown>\n#18 0x7f51f8e9ca94 <unknown>\n#19 0x7f51f8f29c3c <unknown>","time":{"start":1735024774665,"stop":1735024781185,"duration":6520}},{"uid":"256492b81e028bf7","reportUrl":"https://verafes.github.io/luma_project/533//#testresult/256492b81e028bf7","status":"broken","statusDetails":"selenium.common.exceptions.TimeoutException: Message: \nStacktrace:\n#0 0x55842fde631a <unknown>\n#1 0x55842f8fc6e0 <unknown>\n#2 0x55842f94b3e6 <unknown>\n#3 0x55842f94b681 <unknown>\n#4 0x55842f990b04 <unknown>\n#5 0x55842f96f48d <unknown>\n#6 0x55842f98ded7 <unknown>\n#7 0x55842f96f203 <unknown>\n#8 0x55842f93dcc0 <unknown>\n#9 0x55842f93ec9e <unknown>\n#10 0x55842fdb3d0b <unknown>\n#11 0x55842fdb7c92 <unknown>\n#12 0x55842fda0b3c <unknown>\n#13 0x55842fdb8807 <unknown>\n#14 0x55842fd860df <unknown>\n#15 0x55842fdd5578 <unknown>\n#16 0x55842fdd5740 <unknown>\n#17 0x55842fde5196 <unknown>\n#18 0x7f2bda09ca94 <unknown>\n#19 0x7f2bda129c3c <unknown>","time":{"start":1734918648234,"stop":1734918654647,"duration":6413}},{"uid":"11abc55801829c8a","reportUrl":"https://verafes.github.io/luma_project/532//#testresult/11abc55801829c8a","status":"broken","statusDetails":"selenium.common.exceptions.TimeoutException: Message: \nStacktrace:\n#0 0x55da4ffd631a <unknown>\n#1 0x55da4faec6e0 <unknown>\n#2 0x55da4fb3b3e6 <unknown>\n#3 0x55da4fb3b681 <unknown>\n#4 0x55da4fb80b04 <unknown>\n#5 0x55da4fb5f48d <unknown>\n#6 0x55da4fb7ded7 <unknown>\n#7 0x55da4fb5f203 <unknown>\n#8 0x55da4fb2dcc0 <unknown>\n#9 0x55da4fb2ec9e <unknown>\n#10 0x55da4ffa3d0b <unknown>\n#11 0x55da4ffa7c92 <unknown>\n#12 0x55da4ff90b3c <unknown>\n#13 0x55da4ffa8807 <unknown>\n#14 0x55da4ff760df <unknown>\n#15 0x55da4ffc5578 <unknown>\n#16 0x55da4ffc5740 <unknown>\n#17 0x55da4ffd5196 <unknown>\n#18 0x7f35d049ca94 <unknown>\n#19 0x7f35d0529c3c <unknown>","time":{"start":1734832493183,"stop":1734832499665,"duration":6482}}]},"tags":[]},"source":"d7651c65873898ed.json","parameterValues":[]}