{"uid":"84798892da1bde91","name":"tc 07.02.01 Verify that title Shopping Cart is displayed correctly when it is full","fullName":"tests.test_shopping_cart.TestShoppingCartFull#test_tc_07_02_01_verify_title_shopping_cart_is_displayed_correctly","historyId":"226c4fe880888a87cde1c21124cc7609","time":{"start":1706059914730,"stop":1706059914730,"duration":0},"description":"Check Shopping Cart title is displayed correctly","descriptionHtml":"<p>Check Shopping Cart title is displayed correctly</p>\n","status":"broken","statusMessage":"selenium.common.exceptions.TimeoutException: Message: \nStacktrace:\n#0 0x5642983a2f83 <unknown>\n#1 0x56429805bcf7 <unknown>\n#2 0x5642980ab99e <unknown>\n#3 0x5642980abaa1 <unknown>\n#4 0x5642980f6d64 <unknown>\n#5 0x5642980d50dd <unknown>\n#6 0x5642980f4006 <unknown>\n#7 0x5642980d4e53 <unknown>\n#8 0x56429809cdd4 <unknown>\n#9 0x56429809e1de <unknown>\n#10 0x564298367531 <unknown>\n#11 0x56429836b455 <unknown>\n#12 0x564298353f55 <unknown>\n#13 0x56429836c0ef <unknown>\n#14 0x56429833799f <unknown>\n#15 0x564298390008 <unknown>\n#16 0x5642983901d7 <unknown>\n#17 0x5642983a2124 <unknown>\n#18 0x7f97fb694ac3 <unknown>","statusTrace":"driver = <selenium.webdriver.chrome.webdriver.WebDriver (session=\"0984c69920f710163d6cecdf4646000b\")>\n\n    @pytest.fixture(scope=\"function\")\n    def full_cart_page(driver):\n        driver.get(ITEM_CART_URL)\n        size_button = wait(driver, 5).until(EC.presence_of_element_located(shopping_locators.SIZE_BUTTON))\n        size_button.click()\n        color_button = wait(driver, 3).until(EC.presence_of_element_located(shopping_locators.COLOR_BUTTON))\n        color_button.click()\n        add_to_cart_button = wait(driver, 3).until(EC.presence_of_element_located(shopping_locators.ADD_TO_CART_BUTTON))\n        add_to_cart_button.click()\n>       wait(driver, 5).until(EC.presence_of_element_located(shopping_locators.SHOPPING_CART_LINK))\n\ntests/test_shopping_cart.py:19: \n_ _ _ _ _ _ _ _ _ _ _ _ _ _ _ _ _ _ _ _ _ _ _ _ _ _ _ _ _ _ _ _ _ _ _ _ _ _ _ _ \n\nself = <selenium.webdriver.support.wait.WebDriverWait (session=\"0984c69920f710163d6cecdf4646000b\")>\nmethod = <function presence_of_element_located.<locals>._predicate at 0x7f6bd899c720>\nmessage = ''\n\n    def until(self, method, message: str = \"\"):\n        \"\"\"Calls the method provided with the driver as an argument until the \\\n        return value does not evaluate to ``False``.\n    \n        :param method: callable(WebDriver)\n        :param message: optional message for :exc:`TimeoutException`\n        :returns: the result of the last call to `method`\n        :raises: :exc:`selenium.common.exceptions.TimeoutException` if timeout occurs\n        \"\"\"\n        screen = None\n        stacktrace = None\n    \n        end_time = time.monotonic() + self._timeout\n        while True:\n            try:\n                value = method(self._driver)\n                if value:\n                    return value\n            except self._ignored_exceptions as exc:\n                screen = getattr(exc, \"screen\", None)\n                stacktrace = getattr(exc, \"stacktrace\", None)\n            time.sleep(self._poll)\n            if time.monotonic() > end_time:\n                break\n>       raise TimeoutException(message, screen, stacktrace)\nE       selenium.common.exceptions.TimeoutException: Message: \nE       Stacktrace:\nE       #0 0x5642983a2f83 <unknown>\nE       #1 0x56429805bcf7 <unknown>\nE       #2 0x5642980ab99e <unknown>\nE       #3 0x5642980abaa1 <unknown>\nE       #4 0x5642980f6d64 <unknown>\nE       #5 0x5642980d50dd <unknown>\nE       #6 0x5642980f4006 <unknown>\nE       #7 0x5642980d4e53 <unknown>\nE       #8 0x56429809cdd4 <unknown>\nE       #9 0x56429809e1de <unknown>\nE       #10 0x564298367531 <unknown>\nE       #11 0x56429836b455 <unknown>\nE       #12 0x564298353f55 <unknown>\nE       #13 0x56429836c0ef <unknown>\nE       #14 0x56429833799f <unknown>\nE       #15 0x564298390008 <unknown>\nE       #16 0x5642983901d7 <unknown>\nE       #17 0x5642983a2124 <unknown>\nE       #18 0x7f97fb694ac3 <unknown>\n\n/opt/hostedtoolcache/Python/3.11.7/x64/lib/python3.11/site-packages/selenium/webdriver/support/wait.py:95: TimeoutException","flaky":false,"newFailed":false,"newBroken":true,"newPassed":false,"retriesCount":0,"retriesStatusChange":false,"beforeStages":[{"name":"_session_faker","time":{"start":1706058937030,"stop":1706058937097,"duration":67},"status":"passed","steps":[],"attachments":[],"parameters":[],"shouldDisplayMessage":false,"stepsCount":0,"attachmentsCount":0,"hasContent":false,"attachmentStep":false},{"name":"clear_allure_result_folder","time":{"start":1706058937097,"stop":1706058937097,"duration":0},"status":"passed","steps":[],"attachments":[],"parameters":[],"shouldDisplayMessage":false,"stepsCount":0,"attachmentsCount":0,"hasContent":false,"attachmentStep":false},{"name":"driver","time":{"start":1706059914730,"stop":1706059915776,"duration":1046},"status":"passed","steps":[],"attachments":[],"parameters":[],"shouldDisplayMessage":false,"stepsCount":0,"attachmentsCount":0,"hasContent":false,"attachmentStep":false},{"name":"full_cart_page","time":{"start":1706059915777,"stop":1706059922386,"duration":6609},"status":"broken","statusMessage":"selenium.common.exceptions.TimeoutException: Message: \nStacktrace:\n#0 0x5642983a2f83 <unknown>\n#1 0x56429805bcf7 <unknown>\n#2 0x5642980ab99e <unknown>\n#3 0x5642980abaa1 <unknown>\n#4 0x5642980f6d64 <unknown>\n#5 0x5642980d50dd <unknown>\n#6 0x5642980f4006 <unknown>\n#7 0x5642980d4e53 <unknown>\n#8 0x56429809cdd4 <unknown>\n#9 0x56429809e1de <unknown>\n#10 0x564298367531 <unknown>\n#11 0x56429836b455 <unknown>\n#12 0x564298353f55 <unknown>\n#13 0x56429836c0ef <unknown>\n#14 0x56429833799f <unknown>\n#15 0x564298390008 <unknown>\n#16 0x5642983901d7 <unknown>\n#17 0x5642983a2124 <unknown>\n#18 0x7f97fb694ac3 <unknown>\n\n","statusTrace":"  File \"/opt/hostedtoolcache/Python/3.11.7/x64/lib/python3.11/site-packages/pluggy/_callers.py\", line 77, in _multicall\n    res = hook_impl.function(*args)\n          ^^^^^^^^^^^^^^^^^^^^^^^^^\n  File \"/opt/hostedtoolcache/Python/3.11.7/x64/lib/python3.11/site-packages/_pytest/fixtures.py\", line 1123, in pytest_fixture_setup\n    result = call_fixture_func(fixturefunc, request, kwargs)\n             ^^^^^^^^^^^^^^^^^^^^^^^^^^^^^^^^^^^^^^^^^^^^^^^\n  File \"/opt/hostedtoolcache/Python/3.11.7/x64/lib/python3.11/site-packages/_pytest/fixtures.py\", line 902, in call_fixture_func\n    fixture_result = fixturefunc(**kwargs)\n                     ^^^^^^^^^^^^^^^^^^^^^\n  File \"/home/runner/work/luma_project/luma_project/tests/test_shopping_cart.py\", line 19, in full_cart_page\n    wait(driver, 5).until(EC.presence_of_element_located(shopping_locators.SHOPPING_CART_LINK))\n  File \"/opt/hostedtoolcache/Python/3.11.7/x64/lib/python3.11/site-packages/selenium/webdriver/support/wait.py\", line 95, in until\n    raise TimeoutException(message, screen, stacktrace)\n","steps":[],"attachments":[],"parameters":[],"shouldDisplayMessage":true,"stepsCount":0,"attachmentsCount":0,"hasContent":true,"attachmentStep":false}],"afterStages":[{"name":"driver::0","time":{"start":1706059922393,"stop":1706059922462,"duration":69},"status":"passed","steps":[],"attachments":[],"parameters":[],"shouldDisplayMessage":false,"stepsCount":0,"attachmentsCount":0,"hasContent":false,"attachmentStep":false},{"name":"clear_allure_result_folder::0","time":{"start":1706060226761,"stop":1706060226761,"duration":0},"status":"passed","steps":[],"attachments":[],"parameters":[],"shouldDisplayMessage":false,"stepsCount":0,"attachmentsCount":0,"hasContent":false,"attachmentStep":false}],"labels":[{"name":"feature","value":"Shopping Cart is full"},{"name":"parentSuite","value":"tests"},{"name":"suite","value":"test_shopping_cart"},{"name":"subSuite","value":"TestShoppingCartFull"},{"name":"host","value":"fv-az1391-533"},{"name":"thread","value":"3147-MainThread"},{"name":"framework","value":"pytest"},{"name":"language","value":"cpython3"},{"name":"package","value":"tests.test_shopping_cart"},{"name":"resultFormat","value":"allure2"}],"parameters":[],"links":[],"hidden":false,"retry":false,"extra":{"severity":"normal","retries":[],"categories":[{"name":"Test defects","matchedStatuses":[],"flaky":false}],"history":{"statistic":{"failed":0,"broken":1,"skipped":0,"passed":3,"unknown":0,"total":4},"items":[{"uid":"84abf1a2fce2e9f1","reportUrl":"https://verafes.github.io/luma_project/198//#testresult/84abf1a2fce2e9f1","status":"passed","time":{"start":1705973498116,"stop":1705973499649,"duration":1533}},{"uid":"61430a5735238344","reportUrl":"https://verafes.github.io/luma_project/197//#testresult/61430a5735238344","status":"passed","time":{"start":1705887218389,"stop":1705887219953,"duration":1564}},{"uid":"d93fd7f1cbb21121","reportUrl":"https://verafes.github.io/luma_project/196//#testresult/d93fd7f1cbb21121","status":"passed","time":{"start":1705801144576,"stop":1705801146653,"duration":2077}}]},"tags":[]},"source":"84798892da1bde91.json","parameterValues":[]}