{"uid":"c2f736a9a61edcc6","name":"TC 01.01.06 absence of the \"Create an account\" link display","fullName":"tests.test_header.TestHeader#test_tc_01_01_06_the_absence_of_the_create_an_account_link_display","historyId":"27db40328474e2728ceec869438fa091","time":{"start":1724030918758,"stop":1724030926728,"duration":7970},"description":"Check the 'Create an account' link is not displayed if the user is authorized","descriptionHtml":"<p>Check the 'Create an account' link is not displayed if the user is authorized</p>\n","status":"broken","statusMessage":"selenium.common.exceptions.TimeoutException: Message:","statusTrace":"self = <test_header.TestHeader object at 0x7f2eee9f6350>\ndriver = <selenium.webdriver.chrome.webdriver.WebDriver (session=\"285968e21efdde7c9d72e99396416611\")>\n\n    @allure.title('TC 01.01.06 absence of the \"Create an account\" link display')\n    def test_tc_01_01_06_the_absence_of_the_create_an_account_link_display(self, driver):\n        \"\"\"Check the 'Create an account' link is not displayed if the user is authorized\"\"\"\n        page = HeaderPage(driver, MAIN_PAGE_URL)\n        page.open()\n>       page.user_authorization()\n\ntests/test_header.py:301: \n_ _ _ _ _ _ _ _ _ _ _ _ _ _ _ _ _ _ _ _ _ _ _ _ _ _ _ _ _ _ _ _ _ _ _ _ _ _ _ _ \npages/header_page.py:249: in user_authorization\n    return self.element_is_not_visible(self.header_locators.SIGN_IN)\npages/base_page.py:70: in element_is_not_visible\n    return wait(self.driver, timeout).until(EC.invisibility_of_element_located(locator))\n_ _ _ _ _ _ _ _ _ _ _ _ _ _ _ _ _ _ _ _ _ _ _ _ _ _ _ _ _ _ _ _ _ _ _ _ _ _ _ _ \n\nself = <selenium.webdriver.support.wait.WebDriverWait (session=\"285968e21efdde7c9d72e99396416611\")>\nmethod = <function invisibility_of_element_located.<locals>._predicate at 0x7f2eee951260>\nmessage = ''\n\n    def until(self, method, message: str = \"\"):\n        \"\"\"Calls the method provided with the driver as an argument until the \\\n        return value does not evaluate to ``False``.\n    \n        :param method: callable(WebDriver)\n        :param message: optional message for :exc:`TimeoutException`\n        :returns: the result of the last call to `method`\n        :raises: :exc:`selenium.common.exceptions.TimeoutException` if timeout occurs\n        \"\"\"\n        screen = None\n        stacktrace = None\n    \n        end_time = time.monotonic() + self._timeout\n        while True:\n            try:\n                value = method(self._driver)\n                if value:\n                    return value\n            except self._ignored_exceptions as exc:\n                screen = getattr(exc, \"screen\", None)\n                stacktrace = getattr(exc, \"stacktrace\", None)\n            time.sleep(self._poll)\n            if time.monotonic() > end_time:\n                break\n>       raise TimeoutException(message, screen, stacktrace)\nE       selenium.common.exceptions.TimeoutException: Message:\n\n/opt/hostedtoolcache/Python/3.11.9/x64/lib/python3.11/site-packages/selenium/webdriver/support/wait.py:95: TimeoutException","flaky":false,"newFailed":false,"newBroken":false,"newPassed":false,"retriesCount":0,"retriesStatusChange":false,"beforeStages":[{"name":"_session_faker","time":{"start":1724030566215,"stop":1724030566278,"duration":63},"status":"passed","steps":[],"attachments":[],"parameters":[],"shouldDisplayMessage":false,"stepsCount":0,"attachmentsCount":0,"hasContent":false,"attachmentStep":false},{"name":"clear_allure_result_folder","time":{"start":1724030566278,"stop":1724030566278,"duration":0},"status":"passed","steps":[],"attachments":[],"parameters":[],"shouldDisplayMessage":false,"stepsCount":0,"attachmentsCount":0,"hasContent":false,"attachmentStep":false},{"name":"driver","time":{"start":1724030917506,"stop":1724030918758,"duration":1252},"status":"passed","steps":[],"attachments":[],"parameters":[],"shouldDisplayMessage":false,"stepsCount":0,"attachmentsCount":0,"hasContent":false,"attachmentStep":false}],"testStage":{"description":"Check the 'Create an account' link is not displayed if the user is authorized","status":"broken","statusMessage":"selenium.common.exceptions.TimeoutException: Message:","statusTrace":"self = <test_header.TestHeader object at 0x7f2eee9f6350>\ndriver = <selenium.webdriver.chrome.webdriver.WebDriver (session=\"285968e21efdde7c9d72e99396416611\")>\n\n    @allure.title('TC 01.01.06 absence of the \"Create an account\" link display')\n    def test_tc_01_01_06_the_absence_of_the_create_an_account_link_display(self, driver):\n        \"\"\"Check the 'Create an account' link is not displayed if the user is authorized\"\"\"\n        page = HeaderPage(driver, MAIN_PAGE_URL)\n        page.open()\n>       page.user_authorization()\n\ntests/test_header.py:301: \n_ _ _ _ _ _ _ _ _ _ _ _ _ _ _ _ _ _ _ _ _ _ _ _ _ _ _ _ _ _ _ _ _ _ _ _ _ _ _ _ \npages/header_page.py:249: in user_authorization\n    return self.element_is_not_visible(self.header_locators.SIGN_IN)\npages/base_page.py:70: in element_is_not_visible\n    return wait(self.driver, timeout).until(EC.invisibility_of_element_located(locator))\n_ _ _ _ _ _ _ _ _ _ _ _ _ _ _ _ _ _ _ _ _ _ _ _ _ _ _ _ _ _ _ _ _ _ _ _ _ _ _ _ \n\nself = <selenium.webdriver.support.wait.WebDriverWait (session=\"285968e21efdde7c9d72e99396416611\")>\nmethod = <function invisibility_of_element_located.<locals>._predicate at 0x7f2eee951260>\nmessage = ''\n\n    def until(self, method, message: str = \"\"):\n        \"\"\"Calls the method provided with the driver as an argument until the \\\n        return value does not evaluate to ``False``.\n    \n        :param method: callable(WebDriver)\n        :param message: optional message for :exc:`TimeoutException`\n        :returns: the result of the last call to `method`\n        :raises: :exc:`selenium.common.exceptions.TimeoutException` if timeout occurs\n        \"\"\"\n        screen = None\n        stacktrace = None\n    \n        end_time = time.monotonic() + self._timeout\n        while True:\n            try:\n                value = method(self._driver)\n                if value:\n                    return value\n            except self._ignored_exceptions as exc:\n                screen = getattr(exc, \"screen\", None)\n                stacktrace = getattr(exc, \"stacktrace\", None)\n            time.sleep(self._poll)\n            if time.monotonic() > end_time:\n                break\n>       raise TimeoutException(message, screen, stacktrace)\nE       selenium.common.exceptions.TimeoutException: Message:\n\n/opt/hostedtoolcache/Python/3.11.9/x64/lib/python3.11/site-packages/selenium/webdriver/support/wait.py:95: TimeoutException","steps":[{"name":"Open a browser","time":{"start":1724030918759,"stop":1724030919780,"duration":1021},"status":"passed","steps":[],"attachments":[],"parameters":[],"shouldDisplayMessage":false,"stepsCount":0,"attachmentsCount":0,"hasContent":false,"attachmentStep":false},{"name":"User authorization","time":{"start":1724030919780,"stop":1724030926727,"duration":6947},"status":"broken","statusMessage":"selenium.common.exceptions.TimeoutException: Message: \n\n","statusTrace":"  File \"/opt/hostedtoolcache/Python/3.11.9/x64/lib/python3.11/site-packages/allure_commons/_allure.py\", line 192, in impl\n    return func(*a, **kw)\n           ^^^^^^^^^^^^^^\n  File \"/home/runner/work/luma_project/luma_project/pages/header_page.py\", line 249, in user_authorization\n    return self.element_is_not_visible(self.header_locators.SIGN_IN)\n           ^^^^^^^^^^^^^^^^^^^^^^^^^^^^^^^^^^^^^^^^^^^^^^^^^^^^^^^^^\n  File \"/opt/hostedtoolcache/Python/3.11.9/x64/lib/python3.11/site-packages/allure_commons/_allure.py\", line 192, in impl\n    return func(*a, **kw)\n           ^^^^^^^^^^^^^^\n  File \"/home/runner/work/luma_project/luma_project/pages/base_page.py\", line 70, in element_is_not_visible\n    return wait(self.driver, timeout).until(EC.invisibility_of_element_located(locator))\n           ^^^^^^^^^^^^^^^^^^^^^^^^^^^^^^^^^^^^^^^^^^^^^^^^^^^^^^^^^^^^^^^^^^^^^^^^^^^^^\n  File \"/opt/hostedtoolcache/Python/3.11.9/x64/lib/python3.11/site-packages/selenium/webdriver/support/wait.py\", line 95, in until\n    raise TimeoutException(message, screen, stacktrace)\n","steps":[{"name":"Find a visible element","time":{"start":1724030919780,"stop":1724030919817,"duration":37},"status":"passed","steps":[{"name":"Find a present element","time":{"start":1724030919780,"stop":1724030919790,"duration":10},"status":"passed","steps":[],"attachments":[],"parameters":[{"name":"locator","value":"('xpath', \"(//a[contains(text(),'Sign In')])[1]\")"},{"name":"timeout","value":"5"}],"shouldDisplayMessage":false,"stepsCount":0,"attachmentsCount":0,"hasContent":true,"attachmentStep":false},{"name":"Go to specified element","time":{"start":1724030919790,"stop":1724030919795,"duration":5},"status":"passed","steps":[],"attachments":[],"parameters":[{"name":"element","value":"<selenium.webdriver.remote.webelement.WebElement (session=\"285968e21efdde7c9d72e99396416611\", element=\"f.49250C8E7443CBA9B61B7A5CAA296F0D.d.11FF20BAB5F5CE56706AC3A48143C19A.e.30\")>"}],"shouldDisplayMessage":false,"stepsCount":0,"attachmentsCount":0,"hasContent":true,"attachmentStep":false}],"attachments":[],"parameters":[{"name":"locator","value":"('xpath', \"(//a[contains(text(),'Sign In')])[1]\")"},{"name":"timeout","value":"10"}],"shouldDisplayMessage":false,"stepsCount":2,"attachmentsCount":0,"hasContent":true,"attachmentStep":false},{"name":"Find a visible element","time":{"start":1724030920416,"stop":1724030920463,"duration":47},"status":"passed","steps":[{"name":"Find a present element","time":{"start":1724030920416,"stop":1724030920429,"duration":13},"status":"passed","steps":[],"attachments":[],"parameters":[{"name":"locator","value":"('css selector', '#email')"},{"name":"timeout","value":"5"}],"shouldDisplayMessage":false,"stepsCount":0,"attachmentsCount":0,"hasContent":true,"attachmentStep":false},{"name":"Go to specified element","time":{"start":1724030920429,"stop":1724030920445,"duration":16},"status":"passed","steps":[],"attachments":[],"parameters":[{"name":"element","value":"<selenium.webdriver.remote.webelement.WebElement (session=\"285968e21efdde7c9d72e99396416611\", element=\"f.49250C8E7443CBA9B61B7A5CAA296F0D.d.1CC599134D5BA0B05A366315E48AF1AA.e.62\")>"}],"shouldDisplayMessage":false,"stepsCount":0,"attachmentsCount":0,"hasContent":true,"attachmentStep":false}],"attachments":[],"parameters":[{"name":"locator","value":"('css selector', '#email')"},{"name":"timeout","value":"10"}],"shouldDisplayMessage":false,"stepsCount":2,"attachmentsCount":0,"hasContent":true,"attachmentStep":false},{"name":"Find a visible element","time":{"start":1724030920508,"stop":1724030920532,"duration":24},"status":"passed","steps":[{"name":"Find a present element","time":{"start":1724030920508,"stop":1724030920517,"duration":9},"status":"passed","steps":[],"attachments":[],"parameters":[{"name":"locator","value":"('css selector', '#pass')"},{"name":"timeout","value":"5"}],"shouldDisplayMessage":false,"stepsCount":0,"attachmentsCount":0,"hasContent":true,"attachmentStep":false},{"name":"Go to specified element","time":{"start":1724030920517,"stop":1724030920520,"duration":3},"status":"passed","steps":[],"attachments":[],"parameters":[{"name":"element","value":"<selenium.webdriver.remote.webelement.WebElement (session=\"285968e21efdde7c9d72e99396416611\", element=\"f.49250C8E7443CBA9B61B7A5CAA296F0D.d.1CC599134D5BA0B05A366315E48AF1AA.e.63\")>"}],"shouldDisplayMessage":false,"stepsCount":0,"attachmentsCount":0,"hasContent":true,"attachmentStep":false}],"attachments":[],"parameters":[{"name":"locator","value":"('css selector', '#pass')"},{"name":"timeout","value":"10"}],"shouldDisplayMessage":false,"stepsCount":2,"attachmentsCount":0,"hasContent":true,"attachmentStep":false},{"name":"Find a visible element","time":{"start":1724030920566,"stop":1724030920589,"duration":23},"status":"passed","steps":[{"name":"Find a present element","time":{"start":1724030920566,"stop":1724030920575,"duration":9},"status":"passed","steps":[],"attachments":[],"parameters":[{"name":"locator","value":"('xpath', '//button[@id=\"send2\"]')"},{"name":"timeout","value":"5"}],"shouldDisplayMessage":false,"stepsCount":0,"attachmentsCount":0,"hasContent":true,"attachmentStep":false},{"name":"Go to specified element","time":{"start":1724030920575,"stop":1724030920578,"duration":3},"status":"passed","steps":[],"attachments":[],"parameters":[{"name":"element","value":"<selenium.webdriver.remote.webelement.WebElement (session=\"285968e21efdde7c9d72e99396416611\", element=\"f.49250C8E7443CBA9B61B7A5CAA296F0D.d.1CC599134D5BA0B05A366315E48AF1AA.e.68\")>"}],"shouldDisplayMessage":false,"stepsCount":0,"attachmentsCount":0,"hasContent":true,"attachmentStep":false}],"attachments":[],"parameters":[{"name":"locator","value":"('xpath', '//button[@id=\"send2\"]')"},{"name":"timeout","value":"10"}],"shouldDisplayMessage":false,"stepsCount":2,"attachmentsCount":0,"hasContent":true,"attachmentStep":false},{"name":"Find a not visible element","time":{"start":1724030921594,"stop":1724030926727,"duration":5133},"status":"broken","statusMessage":"selenium.common.exceptions.TimeoutException: Message: \n\n","statusTrace":"  File \"/opt/hostedtoolcache/Python/3.11.9/x64/lib/python3.11/site-packages/allure_commons/_allure.py\", line 192, in impl\n    return func(*a, **kw)\n           ^^^^^^^^^^^^^^\n  File \"/home/runner/work/luma_project/luma_project/pages/base_page.py\", line 70, in element_is_not_visible\n    return wait(self.driver, timeout).until(EC.invisibility_of_element_located(locator))\n           ^^^^^^^^^^^^^^^^^^^^^^^^^^^^^^^^^^^^^^^^^^^^^^^^^^^^^^^^^^^^^^^^^^^^^^^^^^^^^\n  File \"/opt/hostedtoolcache/Python/3.11.9/x64/lib/python3.11/site-packages/selenium/webdriver/support/wait.py\", line 95, in until\n    raise TimeoutException(message, screen, stacktrace)\n","steps":[],"attachments":[],"parameters":[{"name":"locator","value":"('xpath', \"(//a[contains(text(),'Sign In')])[1]\")"},{"name":"timeout","value":"5"}],"shouldDisplayMessage":true,"stepsCount":0,"attachmentsCount":0,"hasContent":true,"attachmentStep":false}],"attachments":[],"parameters":[],"shouldDisplayMessage":false,"stepsCount":13,"attachmentsCount":0,"hasContent":true,"attachmentStep":false}],"attachments":[{"uid":"f4c617ada857e082","name":"Screenshot","source":"f4c617ada857e082.png","type":"image/png","size":98689},{"uid":"c6777e8209cf703","name":"HTML source","source":"c6777e8209cf703.html","type":"text/html","size":94658}],"parameters":[],"shouldDisplayMessage":true,"stepsCount":15,"attachmentsCount":2,"hasContent":true,"attachmentStep":false},"afterStages":[{"name":"driver::0","time":{"start":1724030926913,"stop":1724030926987,"duration":74},"status":"passed","steps":[],"attachments":[],"parameters":[],"shouldDisplayMessage":false,"stepsCount":0,"attachmentsCount":0,"hasContent":false,"attachmentStep":false},{"name":"clear_allure_result_folder::0","time":{"start":1724031883335,"stop":1724031883335,"duration":0},"status":"passed","steps":[],"attachments":[],"parameters":[],"shouldDisplayMessage":false,"stepsCount":0,"attachmentsCount":0,"hasContent":false,"attachmentStep":false}],"labels":[{"name":"epic","value":"Test Header"},{"name":"parentSuite","value":"tests"},{"name":"suite","value":"test_header"},{"name":"subSuite","value":"TestHeader"},{"name":"host","value":"fv-az883-85"},{"name":"thread","value":"2860-MainThread"},{"name":"framework","value":"pytest"},{"name":"language","value":"cpython3"},{"name":"package","value":"tests.test_header"},{"name":"resultFormat","value":"allure2"}],"parameters":[],"links":[],"hidden":false,"retry":false,"extra":{"severity":"normal","retries":[],"categories":[{"name":"Test defects","matchedStatuses":[],"flaky":false}],"history":{"statistic":{"failed":0,"broken":2,"skipped":0,"passed":0,"unknown":0,"total":2},"items":[{"uid":"165ccf4bbaf5298","reportUrl":"https://verafes.github.io/luma_project/406//#testresult/165ccf4bbaf5298","status":"broken","statusDetails":"selenium.common.exceptions.TimeoutException: Message:","time":{"start":1723944686667,"stop":1723944694737,"duration":8070}}]},"tags":[]},"source":"c2f736a9a61edcc6.json","parameterValues":[]}