{"uid":"b593ea090f485e11","name":"TC 03.01.08 Verify displayed email matches the entered email in Email field","fullName":"tests.test_sign_in.TestRegisteredCustomers#test_03_01_08_value_in_email_matches","historyId":"0527a5aa90b8948774702f21c0b679c3","time":{"start":1731549919054,"stop":1731549924177,"duration":5123},"description":"Check if the displayed email matches the entered email in Email field","descriptionHtml":"<p>Check if the displayed email matches the entered email in Email field</p>\n","status":"broken","statusMessage":"selenium.common.exceptions.TimeoutException: Message: \nStacktrace:\n#0 0x5629768a913a <unknown>\n#1 0x5629763c4460 <unknown>\n#2 0x562976410f96 <unknown>\n#3 0x562976411221 <unknown>\n#4 0x5629764565d4 <unknown>\n#5 0x56297643503d <unknown>\n#6 0x562976453af6 <unknown>\n#7 0x562976434db3 <unknown>\n#8 0x562976403c10 <unknown>\n#9 0x562976404bee <unknown>\n#10 0x5629768753cb <unknown>\n#11 0x562976879368 <unknown>\n#12 0x562976862eec <unknown>\n#13 0x562976879ee7 <unknown>\n#14 0x56297684813f <unknown>\n#15 0x562976897858 <unknown>\n#16 0x562976897a20 <unknown>\n#17 0x5629768a7fb6 <unknown>\n#18 0x7fd30a494ac3 <unknown>","statusTrace":"self = <test_sign_in.TestRegisteredCustomers object at 0x7fcd089d2810>\ndriver = <selenium.webdriver.chrome.webdriver.WebDriver (session=\"d45443e02fdfe87345c1d5ec60c0cb3c\")>\nsign_in_page = <pages.sign_in_page.SignInPage object at 0x7fcd09fa1850>\n\n    @allure.title('TC 03.01.08 Verify displayed email matches the entered email in Email field')\n    def test_03_01_08_value_in_email_matches(self, driver, sign_in_page):\n        \"\"\"Check if the displayed email matches the entered email in Email field\"\"\"\n>       sign_in_page.fill_in_email_field(credentials['email'])\n\ntests/test_sign_in.py:78: \n_ _ _ _ _ _ _ _ _ _ _ _ _ _ _ _ _ _ _ _ _ _ _ _ _ _ _ _ _ _ _ _ _ _ _ _ _ _ _ _ \npages/sign_in_page.py:54: in fill_in_email_field\n    self.fill_in_field(self.check_customer_email_field_is_clickable(), email)\npages/sign_in_page.py:41: in check_customer_email_field_is_clickable\n    return self.element_is_clickable(self.locators.CUSTOMER_EMAIL)\npages/base_page.py:80: in element_is_clickable\n    return wait(self.driver, timeout).until(EC.element_to_be_clickable(locator))\n_ _ _ _ _ _ _ _ _ _ _ _ _ _ _ _ _ _ _ _ _ _ _ _ _ _ _ _ _ _ _ _ _ _ _ _ _ _ _ _ \n\nself = <selenium.webdriver.support.wait.WebDriverWait (session=\"d45443e02fdfe87345c1d5ec60c0cb3c\")>\nmethod = <function element_to_be_clickable.<locals>._predicate at 0x7fcd0a549a80>\nmessage = ''\n\n    def until(self, method, message: str = \"\"):\n        \"\"\"Calls the method provided with the driver as an argument until the \\\n        return value does not evaluate to ``False``.\n    \n        :param method: callable(WebDriver)\n        :param message: optional message for :exc:`TimeoutException`\n        :returns: the result of the last call to `method`\n        :raises: :exc:`selenium.common.exceptions.TimeoutException` if timeout occurs\n        \"\"\"\n        screen = None\n        stacktrace = None\n    \n        end_time = time.monotonic() + self._timeout\n        while True:\n            try:\n                value = method(self._driver)\n                if value:\n                    return value\n            except self._ignored_exceptions as exc:\n                screen = getattr(exc, \"screen\", None)\n                stacktrace = getattr(exc, \"stacktrace\", None)\n            time.sleep(self._poll)\n            if time.monotonic() > end_time:\n                break\n>       raise TimeoutException(message, screen, stacktrace)\nE       selenium.common.exceptions.TimeoutException: Message: \nE       Stacktrace:\nE       #0 0x5629768a913a <unknown>\nE       #1 0x5629763c4460 <unknown>\nE       #2 0x562976410f96 <unknown>\nE       #3 0x562976411221 <unknown>\nE       #4 0x5629764565d4 <unknown>\nE       #5 0x56297643503d <unknown>\nE       #6 0x562976453af6 <unknown>\nE       #7 0x562976434db3 <unknown>\nE       #8 0x562976403c10 <unknown>\nE       #9 0x562976404bee <unknown>\nE       #10 0x5629768753cb <unknown>\nE       #11 0x562976879368 <unknown>\nE       #12 0x562976862eec <unknown>\nE       #13 0x562976879ee7 <unknown>\nE       #14 0x56297684813f <unknown>\nE       #15 0x562976897858 <unknown>\nE       #16 0x562976897a20 <unknown>\nE       #17 0x5629768a7fb6 <unknown>\nE       #18 0x7fd30a494ac3 <unknown>\n\n/opt/hostedtoolcache/Python/3.11.10/x64/lib/python3.11/site-packages/selenium/webdriver/support/wait.py:95: TimeoutException","flaky":false,"newFailed":false,"newBroken":true,"newPassed":false,"retriesCount":0,"retriesStatusChange":false,"beforeStages":[{"name":"_session_faker","time":{"start":1731548248339,"stop":1731548248408,"duration":69},"status":"passed","steps":[],"attachments":[],"parameters":[],"shouldDisplayMessage":false,"stepsCount":0,"attachmentsCount":0,"hasContent":false,"attachmentStep":false},{"name":"clear_allure_result_folder","time":{"start":1731548248408,"stop":1731548248408,"duration":0},"status":"passed","steps":[],"attachments":[],"parameters":[],"shouldDisplayMessage":false,"stepsCount":0,"attachmentsCount":0,"hasContent":false,"attachmentStep":false},{"name":"driver","time":{"start":1731549878743,"stop":1731549880004,"duration":1261},"status":"passed","steps":[],"attachments":[],"parameters":[],"shouldDisplayMessage":false,"stepsCount":0,"attachmentsCount":0,"hasContent":false,"attachmentStep":false},{"name":"sign_in_page","time":{"start":1731549880004,"stop":1731549919053,"duration":39049},"status":"passed","steps":[{"name":"Open a browser","time":{"start":1731549880004,"stop":1731549919053,"duration":39049},"status":"passed","steps":[],"attachments":[],"parameters":[],"shouldDisplayMessage":false,"stepsCount":0,"attachmentsCount":0,"hasContent":false,"attachmentStep":false}],"attachments":[],"parameters":[],"shouldDisplayMessage":false,"stepsCount":1,"attachmentsCount":0,"hasContent":true,"attachmentStep":false}],"testStage":{"description":"Check if the displayed email matches the entered email in Email field","status":"broken","statusMessage":"selenium.common.exceptions.TimeoutException: Message: \nStacktrace:\n#0 0x5629768a913a <unknown>\n#1 0x5629763c4460 <unknown>\n#2 0x562976410f96 <unknown>\n#3 0x562976411221 <unknown>\n#4 0x5629764565d4 <unknown>\n#5 0x56297643503d <unknown>\n#6 0x562976453af6 <unknown>\n#7 0x562976434db3 <unknown>\n#8 0x562976403c10 <unknown>\n#9 0x562976404bee <unknown>\n#10 0x5629768753cb <unknown>\n#11 0x562976879368 <unknown>\n#12 0x562976862eec <unknown>\n#13 0x562976879ee7 <unknown>\n#14 0x56297684813f <unknown>\n#15 0x562976897858 <unknown>\n#16 0x562976897a20 <unknown>\n#17 0x5629768a7fb6 <unknown>\n#18 0x7fd30a494ac3 <unknown>","statusTrace":"self = <test_sign_in.TestRegisteredCustomers object at 0x7fcd089d2810>\ndriver = <selenium.webdriver.chrome.webdriver.WebDriver (session=\"d45443e02fdfe87345c1d5ec60c0cb3c\")>\nsign_in_page = <pages.sign_in_page.SignInPage object at 0x7fcd09fa1850>\n\n    @allure.title('TC 03.01.08 Verify displayed email matches the entered email in Email field')\n    def test_03_01_08_value_in_email_matches(self, driver, sign_in_page):\n        \"\"\"Check if the displayed email matches the entered email in Email field\"\"\"\n>       sign_in_page.fill_in_email_field(credentials['email'])\n\ntests/test_sign_in.py:78: \n_ _ _ _ _ _ _ _ _ _ _ _ _ _ _ _ _ _ _ _ _ _ _ _ _ _ _ _ _ _ _ _ _ _ _ _ _ _ _ _ \npages/sign_in_page.py:54: in fill_in_email_field\n    self.fill_in_field(self.check_customer_email_field_is_clickable(), email)\npages/sign_in_page.py:41: in check_customer_email_field_is_clickable\n    return self.element_is_clickable(self.locators.CUSTOMER_EMAIL)\npages/base_page.py:80: in element_is_clickable\n    return wait(self.driver, timeout).until(EC.element_to_be_clickable(locator))\n_ _ _ _ _ _ _ _ _ _ _ _ _ _ _ _ _ _ _ _ _ _ _ _ _ _ _ _ _ _ _ _ _ _ _ _ _ _ _ _ \n\nself = <selenium.webdriver.support.wait.WebDriverWait (session=\"d45443e02fdfe87345c1d5ec60c0cb3c\")>\nmethod = <function element_to_be_clickable.<locals>._predicate at 0x7fcd0a549a80>\nmessage = ''\n\n    def until(self, method, message: str = \"\"):\n        \"\"\"Calls the method provided with the driver as an argument until the \\\n        return value does not evaluate to ``False``.\n    \n        :param method: callable(WebDriver)\n        :param message: optional message for :exc:`TimeoutException`\n        :returns: the result of the last call to `method`\n        :raises: :exc:`selenium.common.exceptions.TimeoutException` if timeout occurs\n        \"\"\"\n        screen = None\n        stacktrace = None\n    \n        end_time = time.monotonic() + self._timeout\n        while True:\n            try:\n                value = method(self._driver)\n                if value:\n                    return value\n            except self._ignored_exceptions as exc:\n                screen = getattr(exc, \"screen\", None)\n                stacktrace = getattr(exc, \"stacktrace\", None)\n            time.sleep(self._poll)\n            if time.monotonic() > end_time:\n                break\n>       raise TimeoutException(message, screen, stacktrace)\nE       selenium.common.exceptions.TimeoutException: Message: \nE       Stacktrace:\nE       #0 0x5629768a913a <unknown>\nE       #1 0x5629763c4460 <unknown>\nE       #2 0x562976410f96 <unknown>\nE       #3 0x562976411221 <unknown>\nE       #4 0x5629764565d4 <unknown>\nE       #5 0x56297643503d <unknown>\nE       #6 0x562976453af6 <unknown>\nE       #7 0x562976434db3 <unknown>\nE       #8 0x562976403c10 <unknown>\nE       #9 0x562976404bee <unknown>\nE       #10 0x5629768753cb <unknown>\nE       #11 0x562976879368 <unknown>\nE       #12 0x562976862eec <unknown>\nE       #13 0x562976879ee7 <unknown>\nE       #14 0x56297684813f <unknown>\nE       #15 0x562976897858 <unknown>\nE       #16 0x562976897a20 <unknown>\nE       #17 0x5629768a7fb6 <unknown>\nE       #18 0x7fd30a494ac3 <unknown>\n\n/opt/hostedtoolcache/Python/3.11.10/x64/lib/python3.11/site-packages/selenium/webdriver/support/wait.py:95: TimeoutException","steps":[{"name":"Fill in Email field","time":{"start":1731549919054,"stop":1731549924177,"duration":5123},"status":"broken","statusMessage":"selenium.common.exceptions.TimeoutException: Message: \nStacktrace:\n#0 0x5629768a913a <unknown>\n#1 0x5629763c4460 <unknown>\n#2 0x562976410f96 <unknown>\n#3 0x562976411221 <unknown>\n#4 0x5629764565d4 <unknown>\n#5 0x56297643503d <unknown>\n#6 0x562976453af6 <unknown>\n#7 0x562976434db3 <unknown>\n#8 0x562976403c10 <unknown>\n#9 0x562976404bee <unknown>\n#10 0x5629768753cb <unknown>\n#11 0x562976879368 <unknown>\n#12 0x562976862eec <unknown>\n#13 0x562976879ee7 <unknown>\n#14 0x56297684813f <unknown>\n#15 0x562976897858 <unknown>\n#16 0x562976897a20 <unknown>\n#17 0x5629768a7fb6 <unknown>\n#18 0x7fd30a494ac3 <unknown>\n\n","statusTrace":"  File \"/opt/hostedtoolcache/Python/3.11.10/x64/lib/python3.11/site-packages/allure_commons/_allure.py\", line 192, in impl\n    return func(*a, **kw)\n           ^^^^^^^^^^^^^^\n  File \"/home/runner/work/luma_project/luma_project/pages/sign_in_page.py\", line 54, in fill_in_email_field\n    self.fill_in_field(self.check_customer_email_field_is_clickable(), email)\n                       ^^^^^^^^^^^^^^^^^^^^^^^^^^^^^^^^^^^^^^^^^^^^^^\n  File \"/opt/hostedtoolcache/Python/3.11.10/x64/lib/python3.11/site-packages/allure_commons/_allure.py\", line 192, in impl\n    return func(*a, **kw)\n           ^^^^^^^^^^^^^^\n  File \"/home/runner/work/luma_project/luma_project/pages/sign_in_page.py\", line 41, in check_customer_email_field_is_clickable\n    return self.element_is_clickable(self.locators.CUSTOMER_EMAIL)\n           ^^^^^^^^^^^^^^^^^^^^^^^^^^^^^^^^^^^^^^^^^^^^^^^^^^^^^^^\n  File \"/opt/hostedtoolcache/Python/3.11.10/x64/lib/python3.11/site-packages/allure_commons/_allure.py\", line 192, in impl\n    return func(*a, **kw)\n           ^^^^^^^^^^^^^^\n  File \"/home/runner/work/luma_project/luma_project/pages/base_page.py\", line 80, in element_is_clickable\n    return wait(self.driver, timeout).until(EC.element_to_be_clickable(locator))\n           ^^^^^^^^^^^^^^^^^^^^^^^^^^^^^^^^^^^^^^^^^^^^^^^^^^^^^^^^^^^^^^^^^^^^^\n  File \"/opt/hostedtoolcache/Python/3.11.10/x64/lib/python3.11/site-packages/selenium/webdriver/support/wait.py\", line 95, in until\n    raise TimeoutException(message, screen, stacktrace)\n","steps":[{"name":"Check Email field is clickable","time":{"start":1731549919054,"stop":1731549924176,"duration":5122},"status":"broken","statusMessage":"selenium.common.exceptions.TimeoutException: Message: \nStacktrace:\n#0 0x5629768a913a <unknown>\n#1 0x5629763c4460 <unknown>\n#2 0x562976410f96 <unknown>\n#3 0x562976411221 <unknown>\n#4 0x5629764565d4 <unknown>\n#5 0x56297643503d <unknown>\n#6 0x562976453af6 <unknown>\n#7 0x562976434db3 <unknown>\n#8 0x562976403c10 <unknown>\n#9 0x562976404bee <unknown>\n#10 0x5629768753cb <unknown>\n#11 0x562976879368 <unknown>\n#12 0x562976862eec <unknown>\n#13 0x562976879ee7 <unknown>\n#14 0x56297684813f <unknown>\n#15 0x562976897858 <unknown>\n#16 0x562976897a20 <unknown>\n#17 0x5629768a7fb6 <unknown>\n#18 0x7fd30a494ac3 <unknown>\n\n","statusTrace":"  File \"/opt/hostedtoolcache/Python/3.11.10/x64/lib/python3.11/site-packages/allure_commons/_allure.py\", line 192, in impl\n    return func(*a, **kw)\n           ^^^^^^^^^^^^^^\n  File \"/home/runner/work/luma_project/luma_project/pages/sign_in_page.py\", line 41, in check_customer_email_field_is_clickable\n    return self.element_is_clickable(self.locators.CUSTOMER_EMAIL)\n           ^^^^^^^^^^^^^^^^^^^^^^^^^^^^^^^^^^^^^^^^^^^^^^^^^^^^^^^\n  File \"/opt/hostedtoolcache/Python/3.11.10/x64/lib/python3.11/site-packages/allure_commons/_allure.py\", line 192, in impl\n    return func(*a, **kw)\n           ^^^^^^^^^^^^^^\n  File \"/home/runner/work/luma_project/luma_project/pages/base_page.py\", line 80, in element_is_clickable\n    return wait(self.driver, timeout).until(EC.element_to_be_clickable(locator))\n           ^^^^^^^^^^^^^^^^^^^^^^^^^^^^^^^^^^^^^^^^^^^^^^^^^^^^^^^^^^^^^^^^^^^^^\n  File \"/opt/hostedtoolcache/Python/3.11.10/x64/lib/python3.11/site-packages/selenium/webdriver/support/wait.py\", line 95, in until\n    raise TimeoutException(message, screen, stacktrace)\n","steps":[{"name":"Find clickable elements","time":{"start":1731549919054,"stop":1731549924176,"duration":5122},"status":"broken","statusMessage":"selenium.common.exceptions.TimeoutException: Message: \nStacktrace:\n#0 0x5629768a913a <unknown>\n#1 0x5629763c4460 <unknown>\n#2 0x562976410f96 <unknown>\n#3 0x562976411221 <unknown>\n#4 0x5629764565d4 <unknown>\n#5 0x56297643503d <unknown>\n#6 0x562976453af6 <unknown>\n#7 0x562976434db3 <unknown>\n#8 0x562976403c10 <unknown>\n#9 0x562976404bee <unknown>\n#10 0x5629768753cb <unknown>\n#11 0x562976879368 <unknown>\n#12 0x562976862eec <unknown>\n#13 0x562976879ee7 <unknown>\n#14 0x56297684813f <unknown>\n#15 0x562976897858 <unknown>\n#16 0x562976897a20 <unknown>\n#17 0x5629768a7fb6 <unknown>\n#18 0x7fd30a494ac3 <unknown>\n\n","statusTrace":"  File \"/opt/hostedtoolcache/Python/3.11.10/x64/lib/python3.11/site-packages/allure_commons/_allure.py\", line 192, in impl\n    return func(*a, **kw)\n           ^^^^^^^^^^^^^^\n  File \"/home/runner/work/luma_project/luma_project/pages/base_page.py\", line 80, in element_is_clickable\n    return wait(self.driver, timeout).until(EC.element_to_be_clickable(locator))\n           ^^^^^^^^^^^^^^^^^^^^^^^^^^^^^^^^^^^^^^^^^^^^^^^^^^^^^^^^^^^^^^^^^^^^^\n  File \"/opt/hostedtoolcache/Python/3.11.10/x64/lib/python3.11/site-packages/selenium/webdriver/support/wait.py\", line 95, in until\n    raise TimeoutException(message, screen, stacktrace)\n","steps":[],"attachments":[],"parameters":[{"name":"locator","value":"('css selector', '#email')"},{"name":"timeout","value":"5"}],"shouldDisplayMessage":true,"stepsCount":0,"attachmentsCount":0,"hasContent":true,"attachmentStep":false}],"attachments":[],"parameters":[],"shouldDisplayMessage":false,"stepsCount":1,"attachmentsCount":0,"hasContent":true,"attachmentStep":false}],"attachments":[],"parameters":[{"name":"email","value":"'teston120@mailinator.com'"}],"shouldDisplayMessage":false,"stepsCount":2,"attachmentsCount":0,"hasContent":true,"attachmentStep":false}],"attachments":[{"uid":"619f21a1fdae5323","name":"Screenshot","source":"619f21a1fdae5323.png","type":"image/png","size":108850},{"uid":"8f39ebc78dfee461","name":"HTML source","source":"8f39ebc78dfee461.html","type":"text/html","size":6910}],"parameters":[],"shouldDisplayMessage":true,"stepsCount":3,"attachmentsCount":2,"hasContent":true,"attachmentStep":false},"afterStages":[{"name":"driver::0","time":{"start":1731549924305,"stop":1731549924385,"duration":80},"status":"passed","steps":[],"attachments":[],"parameters":[],"shouldDisplayMessage":false,"stepsCount":0,"attachmentsCount":0,"hasContent":false,"attachmentStep":false},{"name":"clear_allure_result_folder::0","time":{"start":1731550377939,"stop":1731550377939,"duration":0},"status":"passed","steps":[],"attachments":[],"parameters":[],"shouldDisplayMessage":false,"stepsCount":0,"attachmentsCount":0,"hasContent":false,"attachmentStep":false}],"labels":[{"name":"epic","value":"Sign In Page"},{"name":"feature","value":"Registered Customers"},{"name":"parentSuite","value":"tests"},{"name":"suite","value":"test_sign_in"},{"name":"subSuite","value":"TestRegisteredCustomers"},{"name":"host","value":"fv-az1245-597"},{"name":"thread","value":"2845-MainThread"},{"name":"framework","value":"pytest"},{"name":"language","value":"cpython3"},{"name":"package","value":"tests.test_sign_in"},{"name":"resultFormat","value":"allure2"}],"parameters":[],"links":[],"hidden":false,"retry":false,"extra":{"severity":"normal","retries":[],"categories":[{"name":"Test defects","matchedStatuses":[],"flaky":false}],"history":{"statistic":{"failed":0,"broken":1,"skipped":0,"passed":4,"unknown":0,"total":5},"items":[{"uid":"b6a114c3841df41","reportUrl":"https://verafes.github.io/luma_project/493//#testresult/b6a114c3841df41","status":"passed","time":{"start":1731463258301,"stop":1731463258584,"duration":283}},{"uid":"44cb574ebcb943fc","reportUrl":"https://verafes.github.io/luma_project/492//#testresult/44cb574ebcb943fc","status":"passed","time":{"start":1731376886785,"stop":1731376887053,"duration":268}},{"uid":"73587f4d676db9c3","reportUrl":"https://verafes.github.io/luma_project/491//#testresult/73587f4d676db9c3","status":"passed","time":{"start":1731290387344,"stop":1731290387615,"duration":271}},{"uid":"2da9815d7a8f93de","reportUrl":"https://verafes.github.io/luma_project/490//#testresult/2da9815d7a8f93de","status":"passed","time":{"start":1731204227970,"stop":1731204228314,"duration":344}}]},"tags":[]},"source":"b593ea090f485e11.json","parameterValues":[]}