{
  "uid" : "10f4661a535bc9da",
  "name" : "TC 02.01.07 - Check text of Search Terms link on each page specified in DATA_1",
  "fullName" : "tests.test_footer.TestFooter#test_tc_02_01_07_check_text_of_search_terms_link_on_pages",
  "historyId" : "8ef4bddf9d2a7611b75929166d935014",
  "time" : {
    "start" : 1707613877825,
    "stop" : 1707613878647,
    "duration" : 822
  },
  "description" : "Checks if text of Search Terms link is correct on each page in DATA_1",
  "descriptionHtml" : "<p>Checks if text of Search Terms link is correct on each page in DATA_1</p>\n",
  "status" : "failed",
  "statusMessage" : "AssertionError: Actual text '' of Search Terms link does not match expected 'Search Terms'\nassert '' == 'Search Terms'\n  - Search Terms",
  "statusTrace" : "self = <test_footer.TestFooter object at 0x7f4e5fed7a50>\ndriver = <selenium.webdriver.chrome.webdriver.WebDriver (session=\"36abbef4ce04bf09091dd0888529a7d7\")>\nURL = 'https://magento.softwaretestingboard.com/what-is-new.html'\n\n    @allure.title(\"TC 02.01.07 - Check text of Search Terms link on each page specified in DATA_1\")\n    @pytest.mark.parametrize('URL', DATA_1)\n    def test_tc_02_01_07_check_text_of_search_terms_link_on_pages(self, driver, URL):\n        \"\"\"Checks if text of Search Terms link is correct on each page in DATA_1\"\"\"\n        page = FooterPage(driver, url=URL)\n        page.open()\n        actual_text = page.check_text_of_search_terms_link()\n        expected_text = FooterElementsText.SEARCH_TERMS_LINK_TEXT\n>       assert actual_text == expected_text, \\\n            f\"Actual text '{actual_text}' of Search Terms link does not match expected '{expected_text}'\"\nE       AssertionError: Actual text '' of Search Terms link does not match expected 'Search Terms'\nE       assert '' == 'Search Terms'\nE         - Search Terms\n\ntests/test_footer.py:75: AssertionError",
  "flaky" : false,
  "newFailed" : false,
  "beforeStages" : [ {
    "name" : "_session_faker",
    "time" : {
      "start" : 1707613764728,
      "stop" : 1707613764790,
      "duration" : 62
    },
    "status" : "passed",
    "steps" : [ ],
    "attachments" : [ ],
    "parameters" : [ ],
    "stepsCount" : 0,
    "attachmentsCount" : 0,
    "shouldDisplayMessage" : false,
    "hasContent" : false
  }, {
    "name" : "clear_allure_result_folder",
    "time" : {
      "start" : 1707613764790,
      "stop" : 1707613764791,
      "duration" : 1
    },
    "status" : "passed",
    "steps" : [ ],
    "attachments" : [ ],
    "parameters" : [ ],
    "stepsCount" : 0,
    "attachmentsCount" : 0,
    "shouldDisplayMessage" : false,
    "hasContent" : false
  }, {
    "name" : "driver",
    "time" : {
      "start" : 1707613876874,
      "stop" : 1707613877825,
      "duration" : 951
    },
    "status" : "passed",
    "steps" : [ ],
    "attachments" : [ ],
    "parameters" : [ ],
    "stepsCount" : 0,
    "attachmentsCount" : 0,
    "shouldDisplayMessage" : false,
    "hasContent" : false
  } ],
  "testStage" : {
    "description" : "Checks if text of Search Terms link is correct on each page in DATA_1",
    "status" : "failed",
    "statusMessage" : "AssertionError: Actual text '' of Search Terms link does not match expected 'Search Terms'\nassert '' == 'Search Terms'\n  - Search Terms",
    "statusTrace" : "self = <test_footer.TestFooter object at 0x7f4e5fed7a50>\ndriver = <selenium.webdriver.chrome.webdriver.WebDriver (session=\"36abbef4ce04bf09091dd0888529a7d7\")>\nURL = 'https://magento.softwaretestingboard.com/what-is-new.html'\n\n    @allure.title(\"TC 02.01.07 - Check text of Search Terms link on each page specified in DATA_1\")\n    @pytest.mark.parametrize('URL', DATA_1)\n    def test_tc_02_01_07_check_text_of_search_terms_link_on_pages(self, driver, URL):\n        \"\"\"Checks if text of Search Terms link is correct on each page in DATA_1\"\"\"\n        page = FooterPage(driver, url=URL)\n        page.open()\n        actual_text = page.check_text_of_search_terms_link()\n        expected_text = FooterElementsText.SEARCH_TERMS_LINK_TEXT\n>       assert actual_text == expected_text, \\\n            f\"Actual text '{actual_text}' of Search Terms link does not match expected '{expected_text}'\"\nE       AssertionError: Actual text '' of Search Terms link does not match expected 'Search Terms'\nE       assert '' == 'Search Terms'\nE         - Search Terms\n\ntests/test_footer.py:75: AssertionError",
    "steps" : [ {
      "name" : "Open a browser",
      "time" : {
        "start" : 1707613877825,
        "stop" : 1707613878617,
        "duration" : 792
      },
      "status" : "passed",
      "steps" : [ ],
      "attachments" : [ ],
      "parameters" : [ ],
      "stepsCount" : 0,
      "attachmentsCount" : 0,
      "shouldDisplayMessage" : false,
      "hasContent" : false
    }, {
      "name" : "Check the text of Search Terms link",
      "time" : {
        "start" : 1707613878618,
        "stop" : 1707613878647,
        "duration" : 29
      },
      "status" : "passed",
      "steps" : [ ],
      "attachments" : [ ],
      "parameters" : [ ],
      "stepsCount" : 0,
      "attachmentsCount" : 0,
      "shouldDisplayMessage" : false,
      "hasContent" : false
    } ],
    "attachments" : [ {
      "uid" : "41265b71d7bba679",
      "name" : "Screenshot",
      "source" : "41265b71d7bba679.png",
      "type" : "image/png",
      "size" : 540960
    }, {
      "uid" : "79607ea4bb7dc14d",
      "name" : "HTML source",
      "source" : "79607ea4bb7dc14d.html",
      "type" : "text/html",
      "size" : 107804
    } ],
    "parameters" : [ ],
    "stepsCount" : 2,
    "attachmentsCount" : 2,
    "shouldDisplayMessage" : true,
    "hasContent" : true
  },
  "afterStages" : [ {
    "name" : "clear_allure_result_folder::0",
    "time" : {
      "start" : 1707615033978,
      "stop" : 1707615033978,
      "duration" : 0
    },
    "status" : "passed",
    "steps" : [ ],
    "attachments" : [ ],
    "parameters" : [ ],
    "stepsCount" : 0,
    "attachmentsCount" : 0,
    "shouldDisplayMessage" : false,
    "hasContent" : false
  }, {
    "name" : "driver::0",
    "time" : {
      "start" : 1707613878896,
      "stop" : 1707613878963,
      "duration" : 67
    },
    "status" : "passed",
    "steps" : [ ],
    "attachments" : [ ],
    "parameters" : [ ],
    "stepsCount" : 0,
    "attachmentsCount" : 0,
    "shouldDisplayMessage" : false,
    "hasContent" : false
  } ],
  "labels" : [ {
    "name" : "epic",
    "value" : "Test Footer"
  }, {
    "name" : "parentSuite",
    "value" : "tests"
  }, {
    "name" : "suite",
    "value" : "test_footer"
  }, {
    "name" : "subSuite",
    "value" : "TestFooter"
  }, {
    "name" : "host",
    "value" : "fv-az1118-65"
  }, {
    "name" : "thread",
    "value" : "3041-MainThread"
  }, {
    "name" : "framework",
    "value" : "pytest"
  }, {
    "name" : "language",
    "value" : "cpython3"
  }, {
    "name" : "package",
    "value" : "tests.test_footer"
  }, {
    "name" : "resultFormat",
    "value" : "allure2"
  } ],
  "parameters" : [ {
    "name" : "URL",
    "value" : "'https://magento.softwaretestingboard.com/what-is-new.html'"
  } ],
  "links" : [ ],
  "hidden" : false,
  "retry" : false,
  "extra" : {
    "severity" : "normal",
    "retries" : [ ],
    "categories" : [ {
      "name" : "Product defects",
      "matchedStatuses" : [ ],
      "flaky" : false
    } ],
    "tags" : [ ]
  },
  "source" : "10f4661a535bc9da.json",
  "parameterValues" : [ "'https://magento.softwaretestingboard.com/what-is-new.html'" ]
}