{
  "uid" : "14cd26b7a663401d",
  "name" : "TC 17.01.20 Verify Reset My Password button is clickable",
  "fullName" : "tests.test_forgot_your_password.TestForgotYourPassword#test_17_01_20_reset_my_password_button_is_clickable",
  "historyId" : "b1c1a3818d9d0853a19f023cc67ba21e",
  "time" : {
    "start" : 1697333226477,
    "stop" : 1697333231607,
    "duration" : 5130
  },
  "description" : "Check that the 'Reset My Password' button is clickable",
  "descriptionHtml" : "<p>Check that the 'Reset My Password' button is clickable</p>\n",
  "status" : "broken",
  "statusMessage" : "selenium.common.exceptions.TimeoutException: Message: \nStacktrace:\n#0 0x559f1cfbd6b3 <unknown>\n#1 0x559f1cc931e7 <unknown>\n#2 0x559f1ccda566 <unknown>\n#3 0x559f1ccda651 <unknown>\n#4 0x559f1cd17a74 <unknown>\n#5 0x559f1ccfc0ed <unknown>\n#6 0x559f1cd15322 <unknown>\n#7 0x559f1ccfbe93 <unknown>\n#8 0x559f1ccce934 <unknown>\n#9 0x559f1cccf71e <unknown>\n#10 0x559f1cf82cb8 <unknown>\n#11 0x559f1cf86bf0 <unknown>\n#12 0x559f1cf9119c <unknown>\n#13 0x559f1cf87808 <unknown>\n#14 0x559f1cf5427f <unknown>\n#15 0x559f1cfabe88 <unknown>\n#16 0x559f1cfac059 <unknown>\n#17 0x559f1cfbc843 <unknown>\n#18 0x7fe846094b43 <unknown>",
  "statusTrace" : "self = <test_forgot_your_password.TestForgotYourPassword object at 0x7fe0b137d510>\ndriver = <selenium.webdriver.chrome.webdriver.WebDriver (session=\"78b0419dbcd64ae370fb867f5b3a24c5\")>\nforgot_psw_page = <pages.forgot_your_password_page.ForgotYourPasswordPage object at 0x7fe0b09e6710>\n\n    @allure.title('TC 17.01.20 Verify Reset My Password button is clickable')\n    def test_17_01_20_reset_my_password_button_is_clickable(self, driver, forgot_psw_page):\n        \"\"\"Check that the 'Reset My Password' button is clickable\"\"\"\n>       reset_my_psw_button = forgot_psw_page.check_reset_my_password_button_is_clickable()\n\ntests/test_forgot_your_password.py:177: \n_ _ _ _ _ _ _ _ _ _ _ _ _ _ _ _ _ _ _ _ _ _ _ _ _ _ _ _ _ _ _ _ _ _ _ _ _ _ _ _ \npages/forgot_your_password_page.py:119: in check_reset_my_password_button_is_clickable\n    return self.element_is_clickable(self.locators.RESET_MY_PASSWORD_BUTTON)\npages/base_page.py:80: in element_is_clickable\n    return wait(self.driver, timeout).until(EC.element_to_be_clickable(locator))\n_ _ _ _ _ _ _ _ _ _ _ _ _ _ _ _ _ _ _ _ _ _ _ _ _ _ _ _ _ _ _ _ _ _ _ _ _ _ _ _ \n\nself = <selenium.webdriver.support.wait.WebDriverWait (session=\"78b0419dbcd64ae370fb867f5b3a24c5\")>\nmethod = <function element_to_be_clickable.<locals>._predicate at 0x7fe0b09b07c0>\nmessage = ''\n\n    def until(self, method, message: str = \"\"):\n        \"\"\"Calls the method provided with the driver as an argument until the \\\n        return value does not evaluate to ``False``.\n    \n        :param method: callable(WebDriver)\n        :param message: optional message for :exc:`TimeoutException`\n        :returns: the result of the last call to `method`\n        :raises: :exc:`selenium.common.exceptions.TimeoutException` if timeout occurs\n        \"\"\"\n        screen = None\n        stacktrace = None\n    \n        end_time = time.monotonic() + self._timeout\n        while True:\n            try:\n                value = method(self._driver)\n                if value:\n                    return value\n            except self._ignored_exceptions as exc:\n                screen = getattr(exc, \"screen\", None)\n                stacktrace = getattr(exc, \"stacktrace\", None)\n            time.sleep(self._poll)\n            if time.monotonic() > end_time:\n                break\n>       raise TimeoutException(message, screen, stacktrace)\nE       selenium.common.exceptions.TimeoutException: Message: \nE       Stacktrace:\nE       #0 0x559f1cfbd6b3 <unknown>\nE       #1 0x559f1cc931e7 <unknown>\nE       #2 0x559f1ccda566 <unknown>\nE       #3 0x559f1ccda651 <unknown>\nE       #4 0x559f1cd17a74 <unknown>\nE       #5 0x559f1ccfc0ed <unknown>\nE       #6 0x559f1cd15322 <unknown>\nE       #7 0x559f1ccfbe93 <unknown>\nE       #8 0x559f1ccce934 <unknown>\nE       #9 0x559f1cccf71e <unknown>\nE       #10 0x559f1cf82cb8 <unknown>\nE       #11 0x559f1cf86bf0 <unknown>\nE       #12 0x559f1cf9119c <unknown>\nE       #13 0x559f1cf87808 <unknown>\nE       #14 0x559f1cf5427f <unknown>\nE       #15 0x559f1cfabe88 <unknown>\nE       #16 0x559f1cfac059 <unknown>\nE       #17 0x559f1cfbc843 <unknown>\nE       #18 0x7fe846094b43 <unknown>\n\n/opt/hostedtoolcache/Python/3.11.5/x64/lib/python3.11/site-packages/selenium/webdriver/support/wait.py:95: TimeoutException",
  "flaky" : false,
  "newFailed" : false,
  "beforeStages" : [ {
    "name" : "_session_faker",
    "time" : {
      "start" : 1697332188525,
      "stop" : 1697332188634,
      "duration" : 109
    },
    "status" : "passed",
    "steps" : [ ],
    "attachments" : [ ],
    "parameters" : [ ],
    "stepsCount" : 0,
    "attachmentsCount" : 0,
    "shouldDisplayMessage" : false,
    "hasContent" : false
  }, {
    "name" : "driver",
    "time" : {
      "start" : 1697333225259,
      "stop" : 1697333226314,
      "duration" : 1055
    },
    "status" : "passed",
    "steps" : [ ],
    "attachments" : [ ],
    "parameters" : [ ],
    "stepsCount" : 0,
    "attachmentsCount" : 0,
    "shouldDisplayMessage" : false,
    "hasContent" : false
  }, {
    "name" : "forgot_psw_page",
    "time" : {
      "start" : 1697333226314,
      "stop" : 1697333226476,
      "duration" : 162
    },
    "status" : "passed",
    "steps" : [ {
      "name" : "Open a browser",
      "time" : {
        "start" : 1697333226314,
        "stop" : 1697333226476,
        "duration" : 162
      },
      "status" : "passed",
      "steps" : [ ],
      "attachments" : [ ],
      "parameters" : [ ],
      "stepsCount" : 0,
      "attachmentsCount" : 0,
      "shouldDisplayMessage" : false,
      "hasContent" : false
    } ],
    "attachments" : [ ],
    "parameters" : [ ],
    "stepsCount" : 1,
    "attachmentsCount" : 0,
    "shouldDisplayMessage" : false,
    "hasContent" : true
  }, {
    "name" : "clear_allure_result_folder",
    "time" : {
      "start" : 1697332188634,
      "stop" : 1697332188634,
      "duration" : 0
    },
    "status" : "passed",
    "steps" : [ ],
    "attachments" : [ ],
    "parameters" : [ ],
    "stepsCount" : 0,
    "attachmentsCount" : 0,
    "shouldDisplayMessage" : false,
    "hasContent" : false
  } ],
  "testStage" : {
    "description" : "Check that the 'Reset My Password' button is clickable",
    "status" : "broken",
    "statusMessage" : "selenium.common.exceptions.TimeoutException: Message: \nStacktrace:\n#0 0x559f1cfbd6b3 <unknown>\n#1 0x559f1cc931e7 <unknown>\n#2 0x559f1ccda566 <unknown>\n#3 0x559f1ccda651 <unknown>\n#4 0x559f1cd17a74 <unknown>\n#5 0x559f1ccfc0ed <unknown>\n#6 0x559f1cd15322 <unknown>\n#7 0x559f1ccfbe93 <unknown>\n#8 0x559f1ccce934 <unknown>\n#9 0x559f1cccf71e <unknown>\n#10 0x559f1cf82cb8 <unknown>\n#11 0x559f1cf86bf0 <unknown>\n#12 0x559f1cf9119c <unknown>\n#13 0x559f1cf87808 <unknown>\n#14 0x559f1cf5427f <unknown>\n#15 0x559f1cfabe88 <unknown>\n#16 0x559f1cfac059 <unknown>\n#17 0x559f1cfbc843 <unknown>\n#18 0x7fe846094b43 <unknown>",
    "statusTrace" : "self = <test_forgot_your_password.TestForgotYourPassword object at 0x7fe0b137d510>\ndriver = <selenium.webdriver.chrome.webdriver.WebDriver (session=\"78b0419dbcd64ae370fb867f5b3a24c5\")>\nforgot_psw_page = <pages.forgot_your_password_page.ForgotYourPasswordPage object at 0x7fe0b09e6710>\n\n    @allure.title('TC 17.01.20 Verify Reset My Password button is clickable')\n    def test_17_01_20_reset_my_password_button_is_clickable(self, driver, forgot_psw_page):\n        \"\"\"Check that the 'Reset My Password' button is clickable\"\"\"\n>       reset_my_psw_button = forgot_psw_page.check_reset_my_password_button_is_clickable()\n\ntests/test_forgot_your_password.py:177: \n_ _ _ _ _ _ _ _ _ _ _ _ _ _ _ _ _ _ _ _ _ _ _ _ _ _ _ _ _ _ _ _ _ _ _ _ _ _ _ _ \npages/forgot_your_password_page.py:119: in check_reset_my_password_button_is_clickable\n    return self.element_is_clickable(self.locators.RESET_MY_PASSWORD_BUTTON)\npages/base_page.py:80: in element_is_clickable\n    return wait(self.driver, timeout).until(EC.element_to_be_clickable(locator))\n_ _ _ _ _ _ _ _ _ _ _ _ _ _ _ _ _ _ _ _ _ _ _ _ _ _ _ _ _ _ _ _ _ _ _ _ _ _ _ _ \n\nself = <selenium.webdriver.support.wait.WebDriverWait (session=\"78b0419dbcd64ae370fb867f5b3a24c5\")>\nmethod = <function element_to_be_clickable.<locals>._predicate at 0x7fe0b09b07c0>\nmessage = ''\n\n    def until(self, method, message: str = \"\"):\n        \"\"\"Calls the method provided with the driver as an argument until the \\\n        return value does not evaluate to ``False``.\n    \n        :param method: callable(WebDriver)\n        :param message: optional message for :exc:`TimeoutException`\n        :returns: the result of the last call to `method`\n        :raises: :exc:`selenium.common.exceptions.TimeoutException` if timeout occurs\n        \"\"\"\n        screen = None\n        stacktrace = None\n    \n        end_time = time.monotonic() + self._timeout\n        while True:\n            try:\n                value = method(self._driver)\n                if value:\n                    return value\n            except self._ignored_exceptions as exc:\n                screen = getattr(exc, \"screen\", None)\n                stacktrace = getattr(exc, \"stacktrace\", None)\n            time.sleep(self._poll)\n            if time.monotonic() > end_time:\n                break\n>       raise TimeoutException(message, screen, stacktrace)\nE       selenium.common.exceptions.TimeoutException: Message: \nE       Stacktrace:\nE       #0 0x559f1cfbd6b3 <unknown>\nE       #1 0x559f1cc931e7 <unknown>\nE       #2 0x559f1ccda566 <unknown>\nE       #3 0x559f1ccda651 <unknown>\nE       #4 0x559f1cd17a74 <unknown>\nE       #5 0x559f1ccfc0ed <unknown>\nE       #6 0x559f1cd15322 <unknown>\nE       #7 0x559f1ccfbe93 <unknown>\nE       #8 0x559f1ccce934 <unknown>\nE       #9 0x559f1cccf71e <unknown>\nE       #10 0x559f1cf82cb8 <unknown>\nE       #11 0x559f1cf86bf0 <unknown>\nE       #12 0x559f1cf9119c <unknown>\nE       #13 0x559f1cf87808 <unknown>\nE       #14 0x559f1cf5427f <unknown>\nE       #15 0x559f1cfabe88 <unknown>\nE       #16 0x559f1cfac059 <unknown>\nE       #17 0x559f1cfbc843 <unknown>\nE       #18 0x7fe846094b43 <unknown>\n\n/opt/hostedtoolcache/Python/3.11.5/x64/lib/python3.11/site-packages/selenium/webdriver/support/wait.py:95: TimeoutException",
    "steps" : [ {
      "name" : "Check Reset My Password button is clickable",
      "time" : {
        "start" : 1697333226477,
        "stop" : 1697333231606,
        "duration" : 5129
      },
      "status" : "broken",
      "statusMessage" : "selenium.common.exceptions.TimeoutException: Message: \nStacktrace:\n#0 0x559f1cfbd6b3 <unknown>\n#1 0x559f1cc931e7 <unknown>\n#2 0x559f1ccda566 <unknown>\n#3 0x559f1ccda651 <unknown>\n#4 0x559f1cd17a74 <unknown>\n#5 0x559f1ccfc0ed <unknown>\n#6 0x559f1cd15322 <unknown>\n#7 0x559f1ccfbe93 <unknown>\n#8 0x559f1ccce934 <unknown>\n#9 0x559f1cccf71e <unknown>\n#10 0x559f1cf82cb8 <unknown>\n#11 0x559f1cf86bf0 <unknown>\n#12 0x559f1cf9119c <unknown>\n#13 0x559f1cf87808 <unknown>\n#14 0x559f1cf5427f <unknown>\n#15 0x559f1cfabe88 <unknown>\n#16 0x559f1cfac059 <unknown>\n#17 0x559f1cfbc843 <unknown>\n#18 0x7fe846094b43 <unknown>\n\n",
      "statusTrace" : "  File \"/opt/hostedtoolcache/Python/3.11.5/x64/lib/python3.11/site-packages/allure_commons/_allure.py\", line 192, in impl\n    return func(*a, **kw)\n           ^^^^^^^^^^^^^^\n  File \"/home/runner/work/luma_project/luma_project/pages/forgot_your_password_page.py\", line 119, in check_reset_my_password_button_is_clickable\n    return self.element_is_clickable(self.locators.RESET_MY_PASSWORD_BUTTON)\n           ^^^^^^^^^^^^^^^^^^^^^^^^^^^^^^^^^^^^^^^^^^^^^^^^^^^^^^^^^^^^^^^^^\n  File \"/opt/hostedtoolcache/Python/3.11.5/x64/lib/python3.11/site-packages/allure_commons/_allure.py\", line 192, in impl\n    return func(*a, **kw)\n           ^^^^^^^^^^^^^^\n  File \"/home/runner/work/luma_project/luma_project/pages/base_page.py\", line 80, in element_is_clickable\n    return wait(self.driver, timeout).until(EC.element_to_be_clickable(locator))\n           ^^^^^^^^^^^^^^^^^^^^^^^^^^^^^^^^^^^^^^^^^^^^^^^^^^^^^^^^^^^^^^^^^^^^^\n  File \"/opt/hostedtoolcache/Python/3.11.5/x64/lib/python3.11/site-packages/selenium/webdriver/support/wait.py\", line 95, in until\n    raise TimeoutException(message, screen, stacktrace)\n",
      "steps" : [ {
        "name" : "Find clickable elements",
        "time" : {
          "start" : 1697333226477,
          "stop" : 1697333231606,
          "duration" : 5129
        },
        "status" : "broken",
        "statusMessage" : "selenium.common.exceptions.TimeoutException: Message: \nStacktrace:\n#0 0x559f1cfbd6b3 <unknown>\n#1 0x559f1cc931e7 <unknown>\n#2 0x559f1ccda566 <unknown>\n#3 0x559f1ccda651 <unknown>\n#4 0x559f1cd17a74 <unknown>\n#5 0x559f1ccfc0ed <unknown>\n#6 0x559f1cd15322 <unknown>\n#7 0x559f1ccfbe93 <unknown>\n#8 0x559f1ccce934 <unknown>\n#9 0x559f1cccf71e <unknown>\n#10 0x559f1cf82cb8 <unknown>\n#11 0x559f1cf86bf0 <unknown>\n#12 0x559f1cf9119c <unknown>\n#13 0x559f1cf87808 <unknown>\n#14 0x559f1cf5427f <unknown>\n#15 0x559f1cfabe88 <unknown>\n#16 0x559f1cfac059 <unknown>\n#17 0x559f1cfbc843 <unknown>\n#18 0x7fe846094b43 <unknown>\n\n",
        "statusTrace" : "  File \"/opt/hostedtoolcache/Python/3.11.5/x64/lib/python3.11/site-packages/allure_commons/_allure.py\", line 192, in impl\n    return func(*a, **kw)\n           ^^^^^^^^^^^^^^\n  File \"/home/runner/work/luma_project/luma_project/pages/base_page.py\", line 80, in element_is_clickable\n    return wait(self.driver, timeout).until(EC.element_to_be_clickable(locator))\n           ^^^^^^^^^^^^^^^^^^^^^^^^^^^^^^^^^^^^^^^^^^^^^^^^^^^^^^^^^^^^^^^^^^^^^\n  File \"/opt/hostedtoolcache/Python/3.11.5/x64/lib/python3.11/site-packages/selenium/webdriver/support/wait.py\", line 95, in until\n    raise TimeoutException(message, screen, stacktrace)\n",
        "steps" : [ ],
        "attachments" : [ ],
        "parameters" : [ {
          "name" : "locator",
          "value" : "('css selector', 'button[class=\"action submit primary\"]')"
        }, {
          "name" : "timeout",
          "value" : "5"
        } ],
        "stepsCount" : 0,
        "attachmentsCount" : 0,
        "shouldDisplayMessage" : true,
        "hasContent" : true
      } ],
      "attachments" : [ ],
      "parameters" : [ ],
      "stepsCount" : 1,
      "attachmentsCount" : 0,
      "shouldDisplayMessage" : false,
      "hasContent" : true
    } ],
    "attachments" : [ {
      "uid" : "e0eb143cd4aede74",
      "name" : "Screenshot",
      "source" : "e0eb143cd4aede74.png",
      "type" : "image/png",
      "size" : 14907
    }, {
      "uid" : "848b91a507f97acd",
      "name" : "HTML source",
      "source" : "848b91a507f97acd.html",
      "type" : "text/html",
      "size" : 571
    } ],
    "parameters" : [ ],
    "stepsCount" : 2,
    "attachmentsCount" : 2,
    "shouldDisplayMessage" : true,
    "hasContent" : true
  },
  "afterStages" : [ {
    "name" : "driver::0",
    "time" : {
      "start" : 1697333231789,
      "stop" : 1697333231848,
      "duration" : 59
    },
    "status" : "passed",
    "steps" : [ ],
    "attachments" : [ ],
    "parameters" : [ ],
    "stepsCount" : 0,
    "attachmentsCount" : 0,
    "shouldDisplayMessage" : false,
    "hasContent" : false
  }, {
    "name" : "clear_allure_result_folder::0",
    "time" : {
      "start" : 1697335158583,
      "stop" : 1697335158584,
      "duration" : 1
    },
    "status" : "passed",
    "steps" : [ ],
    "attachments" : [ ],
    "parameters" : [ ],
    "stepsCount" : 0,
    "attachmentsCount" : 0,
    "shouldDisplayMessage" : false,
    "hasContent" : false
  } ],
  "labels" : [ {
    "name" : "epic",
    "value" : "Forgot Your Password Page"
  }, {
    "name" : "parentSuite",
    "value" : "tests"
  }, {
    "name" : "suite",
    "value" : "test_forgot_your_password"
  }, {
    "name" : "subSuite",
    "value" : "TestForgotYourPassword"
  }, {
    "name" : "host",
    "value" : "fv-az163-423"
  }, {
    "name" : "thread",
    "value" : "3041-MainThread"
  }, {
    "name" : "framework",
    "value" : "pytest"
  }, {
    "name" : "language",
    "value" : "cpython3"
  }, {
    "name" : "package",
    "value" : "tests.test_forgot_your_password"
  }, {
    "name" : "resultFormat",
    "value" : "allure2"
  } ],
  "parameters" : [ ],
  "links" : [ ],
  "hidden" : false,
  "retry" : false,
  "extra" : {
    "severity" : "normal",
    "retries" : [ ],
    "categories" : [ {
      "name" : "Test defects",
      "matchedStatuses" : [ ],
      "flaky" : false
    } ],
    "tags" : [ ]
  },
  "source" : "14cd26b7a663401d.json",
  "parameterValues" : [ ]
}