{
  "uid" : "157e517e2a1c2050",
  "name" : "TC 04_01_01 Verify Create An Account Page h1 Header",
  "fullName" : "tests.test_create_an_account.TestCreateAnAccount#test_04_01_01_h1_heading",
  "historyId" : "9b3a6a9fb86471708b3d4920c794cf69",
  "time" : {
    "start" : 1735436479122,
    "stop" : 1735436484254,
    "duration" : 5132
  },
  "description" : " Verify that the Create An Account page heading is present. ",
  "descriptionHtml" : "<p>Verify that the Create An Account page heading is present.</p>\n",
  "status" : "broken",
  "statusMessage" : "selenium.common.exceptions.TimeoutException: Message: \nStacktrace:\n#0 0x560a55e4631a <unknown>\n#1 0x560a5595c6e0 <unknown>\n#2 0x560a559ab3e6 <unknown>\n#3 0x560a559ab681 <unknown>\n#4 0x560a559f0b04 <unknown>\n#5 0x560a559cf48d <unknown>\n#6 0x560a559eded7 <unknown>\n#7 0x560a559cf203 <unknown>\n#8 0x560a5599dcc0 <unknown>\n#9 0x560a5599ec9e <unknown>\n#10 0x560a55e13d0b <unknown>\n#11 0x560a55e17c92 <unknown>\n#12 0x560a55e00b3c <unknown>\n#13 0x560a55e18807 <unknown>\n#14 0x560a55de60df <unknown>\n#15 0x560a55e35578 <unknown>\n#16 0x560a55e35740 <unknown>\n#17 0x560a55e45196 <unknown>\n#18 0x7f1e3589ca94 <unknown>\n#19 0x7f1e35929c3c <unknown>",
  "statusTrace" : "self = <test_create_an_account.TestCreateAnAccount object at 0x7fcc69d4fb90>\ncreate_account_page = <pages.create_an_account_page.CreateAccountPage object at 0x7fcc68413350>\n\n    @allure.title('TC 04_01_01 Verify Create An Account Page h1 Header')\n    def test_04_01_01_h1_heading(self, create_account_page):\n        \"\"\" Verify that the Create An Account page heading is present. \"\"\"\n>       h1_heading = create_account_page.check_h1_header()\n\ntests/test_create_an_account.py:21: \n_ _ _ _ _ _ _ _ _ _ _ _ _ _ _ _ _ _ _ _ _ _ _ _ _ _ _ _ _ _ _ _ _ _ _ _ _ _ _ _ \npages/create_an_account_page.py:20: in check_h1_header\n    return self.element_is_visible(self.common_locators.HEADER_PAGE)\npages/base_page.py:29: in element_is_visible\n    self.go_to_element(self.element_is_present(locator))\npages/base_page.py:50: in element_is_present\n    return wait(self.driver, timeout).until(EC.presence_of_element_located(locator))\n_ _ _ _ _ _ _ _ _ _ _ _ _ _ _ _ _ _ _ _ _ _ _ _ _ _ _ _ _ _ _ _ _ _ _ _ _ _ _ _ \n\nself = <selenium.webdriver.support.wait.WebDriverWait (session=\"acb0c819691de58a062d14c6334345c2\")>\nmethod = <function presence_of_element_located.<locals>._predicate at 0x7fcc691fee80>\nmessage = ''\n\n    def until(self, method, message: str = \"\"):\n        \"\"\"Calls the method provided with the driver as an argument until the \\\n        return value does not evaluate to ``False``.\n    \n        :param method: callable(WebDriver)\n        :param message: optional message for :exc:`TimeoutException`\n        :returns: the result of the last call to `method`\n        :raises: :exc:`selenium.common.exceptions.TimeoutException` if timeout occurs\n        \"\"\"\n        screen = None\n        stacktrace = None\n    \n        end_time = time.monotonic() + self._timeout\n        while True:\n            try:\n                value = method(self._driver)\n                if value:\n                    return value\n            except self._ignored_exceptions as exc:\n                screen = getattr(exc, \"screen\", None)\n                stacktrace = getattr(exc, \"stacktrace\", None)\n            time.sleep(self._poll)\n            if time.monotonic() > end_time:\n                break\n>       raise TimeoutException(message, screen, stacktrace)\nE       selenium.common.exceptions.TimeoutException: Message: \nE       Stacktrace:\nE       #0 0x560a55e4631a <unknown>\nE       #1 0x560a5595c6e0 <unknown>\nE       #2 0x560a559ab3e6 <unknown>\nE       #3 0x560a559ab681 <unknown>\nE       #4 0x560a559f0b04 <unknown>\nE       #5 0x560a559cf48d <unknown>\nE       #6 0x560a559eded7 <unknown>\nE       #7 0x560a559cf203 <unknown>\nE       #8 0x560a5599dcc0 <unknown>\nE       #9 0x560a5599ec9e <unknown>\nE       #10 0x560a55e13d0b <unknown>\nE       #11 0x560a55e17c92 <unknown>\nE       #12 0x560a55e00b3c <unknown>\nE       #13 0x560a55e18807 <unknown>\nE       #14 0x560a55de60df <unknown>\nE       #15 0x560a55e35578 <unknown>\nE       #16 0x560a55e35740 <unknown>\nE       #17 0x560a55e45196 <unknown>\nE       #18 0x7f1e3589ca94 <unknown>\nE       #19 0x7f1e35929c3c <unknown>\n\n/opt/hostedtoolcache/Python/3.11.11/x64/lib/python3.11/site-packages/selenium/webdriver/support/wait.py:95: TimeoutException",
  "flaky" : false,
  "newFailed" : false,
  "beforeStages" : [ {
    "name" : "_session_faker",
    "time" : {
      "start" : 1735436375854,
      "stop" : 1735436375914,
      "duration" : 60
    },
    "status" : "passed",
    "steps" : [ ],
    "attachments" : [ ],
    "parameters" : [ ],
    "stepsCount" : 0,
    "attachmentsCount" : 0,
    "shouldDisplayMessage" : false,
    "hasContent" : false
  }, {
    "name" : "clear_allure_result_folder",
    "time" : {
      "start" : 1735436375915,
      "stop" : 1735436375915,
      "duration" : 0
    },
    "status" : "passed",
    "steps" : [ ],
    "attachments" : [ ],
    "parameters" : [ ],
    "stepsCount" : 0,
    "attachmentsCount" : 0,
    "shouldDisplayMessage" : false,
    "hasContent" : false
  }, {
    "name" : "create_account_page",
    "time" : {
      "start" : 1735436377939,
      "stop" : 1735436479122,
      "duration" : 101183
    },
    "status" : "passed",
    "steps" : [ {
      "name" : "Open a browser",
      "time" : {
        "start" : 1735436377939,
        "stop" : 1735436479122,
        "duration" : 101183
      },
      "status" : "passed",
      "steps" : [ ],
      "attachments" : [ ],
      "parameters" : [ ],
      "stepsCount" : 0,
      "attachmentsCount" : 0,
      "shouldDisplayMessage" : false,
      "hasContent" : false
    } ],
    "attachments" : [ ],
    "parameters" : [ ],
    "stepsCount" : 1,
    "attachmentsCount" : 0,
    "shouldDisplayMessage" : false,
    "hasContent" : true
  }, {
    "name" : "driver",
    "time" : {
      "start" : 1735436375915,
      "stop" : 1735436377939,
      "duration" : 2024
    },
    "status" : "passed",
    "steps" : [ ],
    "attachments" : [ ],
    "parameters" : [ ],
    "stepsCount" : 0,
    "attachmentsCount" : 0,
    "shouldDisplayMessage" : false,
    "hasContent" : false
  } ],
  "testStage" : {
    "description" : " Verify that the Create An Account page heading is present. ",
    "status" : "broken",
    "statusMessage" : "selenium.common.exceptions.TimeoutException: Message: \nStacktrace:\n#0 0x560a55e4631a <unknown>\n#1 0x560a5595c6e0 <unknown>\n#2 0x560a559ab3e6 <unknown>\n#3 0x560a559ab681 <unknown>\n#4 0x560a559f0b04 <unknown>\n#5 0x560a559cf48d <unknown>\n#6 0x560a559eded7 <unknown>\n#7 0x560a559cf203 <unknown>\n#8 0x560a5599dcc0 <unknown>\n#9 0x560a5599ec9e <unknown>\n#10 0x560a55e13d0b <unknown>\n#11 0x560a55e17c92 <unknown>\n#12 0x560a55e00b3c <unknown>\n#13 0x560a55e18807 <unknown>\n#14 0x560a55de60df <unknown>\n#15 0x560a55e35578 <unknown>\n#16 0x560a55e35740 <unknown>\n#17 0x560a55e45196 <unknown>\n#18 0x7f1e3589ca94 <unknown>\n#19 0x7f1e35929c3c <unknown>",
    "statusTrace" : "self = <test_create_an_account.TestCreateAnAccount object at 0x7fcc69d4fb90>\ncreate_account_page = <pages.create_an_account_page.CreateAccountPage object at 0x7fcc68413350>\n\n    @allure.title('TC 04_01_01 Verify Create An Account Page h1 Header')\n    def test_04_01_01_h1_heading(self, create_account_page):\n        \"\"\" Verify that the Create An Account page heading is present. \"\"\"\n>       h1_heading = create_account_page.check_h1_header()\n\ntests/test_create_an_account.py:21: \n_ _ _ _ _ _ _ _ _ _ _ _ _ _ _ _ _ _ _ _ _ _ _ _ _ _ _ _ _ _ _ _ _ _ _ _ _ _ _ _ \npages/create_an_account_page.py:20: in check_h1_header\n    return self.element_is_visible(self.common_locators.HEADER_PAGE)\npages/base_page.py:29: in element_is_visible\n    self.go_to_element(self.element_is_present(locator))\npages/base_page.py:50: in element_is_present\n    return wait(self.driver, timeout).until(EC.presence_of_element_located(locator))\n_ _ _ _ _ _ _ _ _ _ _ _ _ _ _ _ _ _ _ _ _ _ _ _ _ _ _ _ _ _ _ _ _ _ _ _ _ _ _ _ \n\nself = <selenium.webdriver.support.wait.WebDriverWait (session=\"acb0c819691de58a062d14c6334345c2\")>\nmethod = <function presence_of_element_located.<locals>._predicate at 0x7fcc691fee80>\nmessage = ''\n\n    def until(self, method, message: str = \"\"):\n        \"\"\"Calls the method provided with the driver as an argument until the \\\n        return value does not evaluate to ``False``.\n    \n        :param method: callable(WebDriver)\n        :param message: optional message for :exc:`TimeoutException`\n        :returns: the result of the last call to `method`\n        :raises: :exc:`selenium.common.exceptions.TimeoutException` if timeout occurs\n        \"\"\"\n        screen = None\n        stacktrace = None\n    \n        end_time = time.monotonic() + self._timeout\n        while True:\n            try:\n                value = method(self._driver)\n                if value:\n                    return value\n            except self._ignored_exceptions as exc:\n                screen = getattr(exc, \"screen\", None)\n                stacktrace = getattr(exc, \"stacktrace\", None)\n            time.sleep(self._poll)\n            if time.monotonic() > end_time:\n                break\n>       raise TimeoutException(message, screen, stacktrace)\nE       selenium.common.exceptions.TimeoutException: Message: \nE       Stacktrace:\nE       #0 0x560a55e4631a <unknown>\nE       #1 0x560a5595c6e0 <unknown>\nE       #2 0x560a559ab3e6 <unknown>\nE       #3 0x560a559ab681 <unknown>\nE       #4 0x560a559f0b04 <unknown>\nE       #5 0x560a559cf48d <unknown>\nE       #6 0x560a559eded7 <unknown>\nE       #7 0x560a559cf203 <unknown>\nE       #8 0x560a5599dcc0 <unknown>\nE       #9 0x560a5599ec9e <unknown>\nE       #10 0x560a55e13d0b <unknown>\nE       #11 0x560a55e17c92 <unknown>\nE       #12 0x560a55e00b3c <unknown>\nE       #13 0x560a55e18807 <unknown>\nE       #14 0x560a55de60df <unknown>\nE       #15 0x560a55e35578 <unknown>\nE       #16 0x560a55e35740 <unknown>\nE       #17 0x560a55e45196 <unknown>\nE       #18 0x7f1e3589ca94 <unknown>\nE       #19 0x7f1e35929c3c <unknown>\n\n/opt/hostedtoolcache/Python/3.11.11/x64/lib/python3.11/site-packages/selenium/webdriver/support/wait.py:95: TimeoutException",
    "steps" : [ {
      "name" : "Check Create An Account h1 header is visible",
      "time" : {
        "start" : 1735436479123,
        "stop" : 1735436484253,
        "duration" : 5130
      },
      "status" : "broken",
      "statusMessage" : "selenium.common.exceptions.TimeoutException: Message: \nStacktrace:\n#0 0x560a55e4631a <unknown>\n#1 0x560a5595c6e0 <unknown>\n#2 0x560a559ab3e6 <unknown>\n#3 0x560a559ab681 <unknown>\n#4 0x560a559f0b04 <unknown>\n#5 0x560a559cf48d <unknown>\n#6 0x560a559eded7 <unknown>\n#7 0x560a559cf203 <unknown>\n#8 0x560a5599dcc0 <unknown>\n#9 0x560a5599ec9e <unknown>\n#10 0x560a55e13d0b <unknown>\n#11 0x560a55e17c92 <unknown>\n#12 0x560a55e00b3c <unknown>\n#13 0x560a55e18807 <unknown>\n#14 0x560a55de60df <unknown>\n#15 0x560a55e35578 <unknown>\n#16 0x560a55e35740 <unknown>\n#17 0x560a55e45196 <unknown>\n#18 0x7f1e3589ca94 <unknown>\n#19 0x7f1e35929c3c <unknown>\n\n",
      "statusTrace" : "  File \"/opt/hostedtoolcache/Python/3.11.11/x64/lib/python3.11/site-packages/allure_commons/_allure.py\", line 192, in impl\n    return func(*a, **kw)\n           ^^^^^^^^^^^^^^\n  File \"/home/runner/work/luma_project/luma_project/pages/create_an_account_page.py\", line 20, in check_h1_header\n    return self.element_is_visible(self.common_locators.HEADER_PAGE)\n           ^^^^^^^^^^^^^^^^^^^^^^^^^^^^^^^^^^^^^^^^^^^^^^^^^^^^^^^^^\n  File \"/opt/hostedtoolcache/Python/3.11.11/x64/lib/python3.11/site-packages/allure_commons/_allure.py\", line 192, in impl\n    return func(*a, **kw)\n           ^^^^^^^^^^^^^^\n  File \"/home/runner/work/luma_project/luma_project/pages/base_page.py\", line 29, in element_is_visible\n    self.go_to_element(self.element_is_present(locator))\n                       ^^^^^^^^^^^^^^^^^^^^^^^^^^^^^^^^\n  File \"/opt/hostedtoolcache/Python/3.11.11/x64/lib/python3.11/site-packages/allure_commons/_allure.py\", line 192, in impl\n    return func(*a, **kw)\n           ^^^^^^^^^^^^^^\n  File \"/home/runner/work/luma_project/luma_project/pages/base_page.py\", line 50, in element_is_present\n    return wait(self.driver, timeout).until(EC.presence_of_element_located(locator))\n           ^^^^^^^^^^^^^^^^^^^^^^^^^^^^^^^^^^^^^^^^^^^^^^^^^^^^^^^^^^^^^^^^^^^^^^^^^\n  File \"/opt/hostedtoolcache/Python/3.11.11/x64/lib/python3.11/site-packages/selenium/webdriver/support/wait.py\", line 95, in until\n    raise TimeoutException(message, screen, stacktrace)\n",
      "steps" : [ {
        "name" : "Find a visible element",
        "time" : {
          "start" : 1735436479123,
          "stop" : 1735436484253,
          "duration" : 5130
        },
        "status" : "broken",
        "statusMessage" : "selenium.common.exceptions.TimeoutException: Message: \nStacktrace:\n#0 0x560a55e4631a <unknown>\n#1 0x560a5595c6e0 <unknown>\n#2 0x560a559ab3e6 <unknown>\n#3 0x560a559ab681 <unknown>\n#4 0x560a559f0b04 <unknown>\n#5 0x560a559cf48d <unknown>\n#6 0x560a559eded7 <unknown>\n#7 0x560a559cf203 <unknown>\n#8 0x560a5599dcc0 <unknown>\n#9 0x560a5599ec9e <unknown>\n#10 0x560a55e13d0b <unknown>\n#11 0x560a55e17c92 <unknown>\n#12 0x560a55e00b3c <unknown>\n#13 0x560a55e18807 <unknown>\n#14 0x560a55de60df <unknown>\n#15 0x560a55e35578 <unknown>\n#16 0x560a55e35740 <unknown>\n#17 0x560a55e45196 <unknown>\n#18 0x7f1e3589ca94 <unknown>\n#19 0x7f1e35929c3c <unknown>\n\n",
        "statusTrace" : "  File \"/opt/hostedtoolcache/Python/3.11.11/x64/lib/python3.11/site-packages/allure_commons/_allure.py\", line 192, in impl\n    return func(*a, **kw)\n           ^^^^^^^^^^^^^^\n  File \"/home/runner/work/luma_project/luma_project/pages/base_page.py\", line 29, in element_is_visible\n    self.go_to_element(self.element_is_present(locator))\n                       ^^^^^^^^^^^^^^^^^^^^^^^^^^^^^^^^\n  File \"/opt/hostedtoolcache/Python/3.11.11/x64/lib/python3.11/site-packages/allure_commons/_allure.py\", line 192, in impl\n    return func(*a, **kw)\n           ^^^^^^^^^^^^^^\n  File \"/home/runner/work/luma_project/luma_project/pages/base_page.py\", line 50, in element_is_present\n    return wait(self.driver, timeout).until(EC.presence_of_element_located(locator))\n           ^^^^^^^^^^^^^^^^^^^^^^^^^^^^^^^^^^^^^^^^^^^^^^^^^^^^^^^^^^^^^^^^^^^^^^^^^\n  File \"/opt/hostedtoolcache/Python/3.11.11/x64/lib/python3.11/site-packages/selenium/webdriver/support/wait.py\", line 95, in until\n    raise TimeoutException(message, screen, stacktrace)\n",
        "steps" : [ {
          "name" : "Find a present element",
          "time" : {
            "start" : 1735436479123,
            "stop" : 1735436484252,
            "duration" : 5129
          },
          "status" : "broken",
          "statusMessage" : "selenium.common.exceptions.TimeoutException: Message: \nStacktrace:\n#0 0x560a55e4631a <unknown>\n#1 0x560a5595c6e0 <unknown>\n#2 0x560a559ab3e6 <unknown>\n#3 0x560a559ab681 <unknown>\n#4 0x560a559f0b04 <unknown>\n#5 0x560a559cf48d <unknown>\n#6 0x560a559eded7 <unknown>\n#7 0x560a559cf203 <unknown>\n#8 0x560a5599dcc0 <unknown>\n#9 0x560a5599ec9e <unknown>\n#10 0x560a55e13d0b <unknown>\n#11 0x560a55e17c92 <unknown>\n#12 0x560a55e00b3c <unknown>\n#13 0x560a55e18807 <unknown>\n#14 0x560a55de60df <unknown>\n#15 0x560a55e35578 <unknown>\n#16 0x560a55e35740 <unknown>\n#17 0x560a55e45196 <unknown>\n#18 0x7f1e3589ca94 <unknown>\n#19 0x7f1e35929c3c <unknown>\n\n",
          "statusTrace" : "  File \"/opt/hostedtoolcache/Python/3.11.11/x64/lib/python3.11/site-packages/allure_commons/_allure.py\", line 192, in impl\n    return func(*a, **kw)\n           ^^^^^^^^^^^^^^\n  File \"/home/runner/work/luma_project/luma_project/pages/base_page.py\", line 50, in element_is_present\n    return wait(self.driver, timeout).until(EC.presence_of_element_located(locator))\n           ^^^^^^^^^^^^^^^^^^^^^^^^^^^^^^^^^^^^^^^^^^^^^^^^^^^^^^^^^^^^^^^^^^^^^^^^^\n  File \"/opt/hostedtoolcache/Python/3.11.11/x64/lib/python3.11/site-packages/selenium/webdriver/support/wait.py\", line 95, in until\n    raise TimeoutException(message, screen, stacktrace)\n",
          "steps" : [ ],
          "attachments" : [ ],
          "parameters" : [ {
            "name" : "locator",
            "value" : "('css selector', 'h1')"
          }, {
            "name" : "timeout",
            "value" : "5"
          } ],
          "stepsCount" : 0,
          "attachmentsCount" : 0,
          "shouldDisplayMessage" : true,
          "hasContent" : true
        } ],
        "attachments" : [ ],
        "parameters" : [ {
          "name" : "locator",
          "value" : "('css selector', 'h1')"
        }, {
          "name" : "timeout",
          "value" : "10"
        } ],
        "stepsCount" : 1,
        "attachmentsCount" : 0,
        "shouldDisplayMessage" : false,
        "hasContent" : true
      } ],
      "attachments" : [ ],
      "parameters" : [ ],
      "stepsCount" : 2,
      "attachmentsCount" : 0,
      "shouldDisplayMessage" : false,
      "hasContent" : true
    } ],
    "attachments" : [ ],
    "parameters" : [ ],
    "stepsCount" : 3,
    "attachmentsCount" : 0,
    "shouldDisplayMessage" : true,
    "hasContent" : true
  },
  "afterStages" : [ {
    "name" : "clear_allure_result_folder::0",
    "time" : {
      "start" : 1735439409300,
      "stop" : 1735439409300,
      "duration" : 0
    },
    "status" : "passed",
    "steps" : [ ],
    "attachments" : [ ],
    "parameters" : [ ],
    "stepsCount" : 0,
    "attachmentsCount" : 0,
    "shouldDisplayMessage" : false,
    "hasContent" : false
  }, {
    "name" : "driver::0",
    "time" : {
      "start" : 1735436544353,
      "stop" : 1735436544422,
      "duration" : 69
    },
    "status" : "passed",
    "steps" : [ ],
    "attachments" : [ ],
    "parameters" : [ ],
    "stepsCount" : 0,
    "attachmentsCount" : 0,
    "shouldDisplayMessage" : false,
    "hasContent" : false
  } ],
  "labels" : [ {
    "name" : "epic",
    "value" : "Create An Account"
  }, {
    "name" : "parentSuite",
    "value" : "tests"
  }, {
    "name" : "suite",
    "value" : "test_create_an_account"
  }, {
    "name" : "subSuite",
    "value" : "TestCreateAnAccount"
  }, {
    "name" : "host",
    "value" : "fv-az1110-580"
  }, {
    "name" : "thread",
    "value" : "2884-MainThread"
  }, {
    "name" : "framework",
    "value" : "pytest"
  }, {
    "name" : "language",
    "value" : "cpython3"
  }, {
    "name" : "package",
    "value" : "tests.test_create_an_account"
  }, {
    "name" : "resultFormat",
    "value" : "allure2"
  } ],
  "parameters" : [ ],
  "links" : [ ],
  "hidden" : false,
  "retry" : false,
  "extra" : {
    "severity" : "normal",
    "retries" : [ ],
    "categories" : [ {
      "name" : "Test defects",
      "matchedStatuses" : [ ],
      "flaky" : false
    } ],
    "tags" : [ ]
  },
  "source" : "157e517e2a1c2050.json",
  "parameterValues" : [ ]
}