{
  "uid" : "195837cf80a343b4",
  "name" : "TC 03.01.17 Verify Forgot Your Password link is functional",
  "fullName" : "tests.test_sign_in.TestRegisteredCustomers#test_03_01_17_verify_forgot_your_password_link_is_present",
  "historyId" : "39675e2f260d1a24c0e629756e9d5367",
  "time" : {
    "start" : 1737856872120,
    "stop" : 1737856877245,
    "duration" : 5125
  },
  "description" : "Verify that click 'Forgot your password?' link opens correct page",
  "descriptionHtml" : "<p>Verify that click 'Forgot your password?' link opens correct page</p>\n",
  "status" : "broken",
  "statusMessage" : "selenium.common.exceptions.TimeoutException: Message: \nStacktrace:\n#0 0x557998ea37ca <unknown>\n#1 0x55799899b2f0 <unknown>\n#2 0x5579989eb035 <unknown>\n#3 0x5579989eb251 <unknown>\n#4 0x557998a31054 <unknown>\n#5 0x557998a0f9dd <unknown>\n#6 0x557998a2e3b3 <unknown>\n#7 0x557998a0f753 <unknown>\n#8 0x5579989dcbaa <unknown>\n#9 0x5579989dddfe <unknown>\n#10 0x557998e6e38b <unknown>\n#11 0x557998e72307 <unknown>\n#12 0x557998e5ae7c <unknown>\n#13 0x557998e72ec7 <unknown>\n#14 0x557998e3f24f <unknown>\n#15 0x557998e922f8 <unknown>\n#16 0x557998e924c0 <unknown>\n#17 0x557998ea2646 <unknown>\n#18 0x7f2c96e9ca94 <unknown>\n#19 0x7f2c96f29c3c <unknown>",
  "statusTrace" : "self = <test_sign_in.TestRegisteredCustomers object at 0x7fc2e8356210>\ndriver = <selenium.webdriver.chrome.webdriver.WebDriver (session=\"bb0cfef77b6dec73c4baf6443ae96ee6\")>\nsign_in_page = <pages.sign_in_page.SignInPage object at 0x7fc2e7bc7950>\n\n    @allure.title('TC 03.01.17 Verify Forgot Your Password link is functional')\n    def test_03_01_17_verify_forgot_your_password_link_is_present(self, driver, sign_in_page):\n        \"\"\"Verify that click 'Forgot your password?' link opens correct page\"\"\"\n>       sign_in_page.click_forgot_your_password_link()\n\ntests/test_sign_in.py:141: \n_ _ _ _ _ _ _ _ _ _ _ _ _ _ _ _ _ _ _ _ _ _ _ _ _ _ _ _ _ _ _ _ _ _ _ _ _ _ _ _ \npages/sign_in_page.py:122: in click_forgot_your_password_link\n    forgot_your_password = self.check_forgot_your_password_link()\npages/sign_in_page.py:117: in check_forgot_your_password_link\n    return self.element_is_visible(self.locators.FORGOT_PASSWORD_LINK)\npages/base_page.py:29: in element_is_visible\n    self.go_to_element(self.element_is_present(locator))\npages/base_page.py:50: in element_is_present\n    return wait(self.driver, timeout).until(EC.presence_of_element_located(locator))\n_ _ _ _ _ _ _ _ _ _ _ _ _ _ _ _ _ _ _ _ _ _ _ _ _ _ _ _ _ _ _ _ _ _ _ _ _ _ _ _ \n\nself = <selenium.webdriver.support.wait.WebDriverWait (session=\"bb0cfef77b6dec73c4baf6443ae96ee6\")>\nmethod = <function presence_of_element_located.<locals>._predicate at 0x7fc2e7284540>\nmessage = ''\n\n    def until(self, method, message: str = \"\"):\n        \"\"\"Calls the method provided with the driver as an argument until the \\\n        return value does not evaluate to ``False``.\n    \n        :param method: callable(WebDriver)\n        :param message: optional message for :exc:`TimeoutException`\n        :returns: the result of the last call to `method`\n        :raises: :exc:`selenium.common.exceptions.TimeoutException` if timeout occurs\n        \"\"\"\n        screen = None\n        stacktrace = None\n    \n        end_time = time.monotonic() + self._timeout\n        while True:\n            try:\n                value = method(self._driver)\n                if value:\n                    return value\n            except self._ignored_exceptions as exc:\n                screen = getattr(exc, \"screen\", None)\n                stacktrace = getattr(exc, \"stacktrace\", None)\n            time.sleep(self._poll)\n            if time.monotonic() > end_time:\n                break\n>       raise TimeoutException(message, screen, stacktrace)\nE       selenium.common.exceptions.TimeoutException: Message: \nE       Stacktrace:\nE       #0 0x557998ea37ca <unknown>\nE       #1 0x55799899b2f0 <unknown>\nE       #2 0x5579989eb035 <unknown>\nE       #3 0x5579989eb251 <unknown>\nE       #4 0x557998a31054 <unknown>\nE       #5 0x557998a0f9dd <unknown>\nE       #6 0x557998a2e3b3 <unknown>\nE       #7 0x557998a0f753 <unknown>\nE       #8 0x5579989dcbaa <unknown>\nE       #9 0x5579989dddfe <unknown>\nE       #10 0x557998e6e38b <unknown>\nE       #11 0x557998e72307 <unknown>\nE       #12 0x557998e5ae7c <unknown>\nE       #13 0x557998e72ec7 <unknown>\nE       #14 0x557998e3f24f <unknown>\nE       #15 0x557998e922f8 <unknown>\nE       #16 0x557998e924c0 <unknown>\nE       #17 0x557998ea2646 <unknown>\nE       #18 0x7f2c96e9ca94 <unknown>\nE       #19 0x7f2c96f29c3c <unknown>\n\n/opt/hostedtoolcache/Python/3.11.11/x64/lib/python3.11/site-packages/selenium/webdriver/support/wait.py:95: TimeoutException",
  "flaky" : false,
  "newFailed" : false,
  "beforeStages" : [ {
    "name" : "clear_allure_result_folder",
    "time" : {
      "start" : 1737854757354,
      "stop" : 1737854757354,
      "duration" : 0
    },
    "status" : "passed",
    "steps" : [ ],
    "attachments" : [ ],
    "parameters" : [ ],
    "stepsCount" : 0,
    "attachmentsCount" : 0,
    "shouldDisplayMessage" : false,
    "hasContent" : false
  }, {
    "name" : "driver",
    "time" : {
      "start" : 1737856870738,
      "stop" : 1737856871921,
      "duration" : 1183
    },
    "status" : "passed",
    "steps" : [ ],
    "attachments" : [ ],
    "parameters" : [ ],
    "stepsCount" : 0,
    "attachmentsCount" : 0,
    "shouldDisplayMessage" : false,
    "hasContent" : false
  }, {
    "name" : "sign_in_page",
    "time" : {
      "start" : 1737856871921,
      "stop" : 1737856872119,
      "duration" : 198
    },
    "status" : "passed",
    "steps" : [ {
      "name" : "Open a browser",
      "time" : {
        "start" : 1737856871921,
        "stop" : 1737856872119,
        "duration" : 198
      },
      "status" : "passed",
      "steps" : [ ],
      "attachments" : [ ],
      "parameters" : [ ],
      "stepsCount" : 0,
      "attachmentsCount" : 0,
      "shouldDisplayMessage" : false,
      "hasContent" : false
    } ],
    "attachments" : [ ],
    "parameters" : [ ],
    "stepsCount" : 1,
    "attachmentsCount" : 0,
    "shouldDisplayMessage" : false,
    "hasContent" : true
  }, {
    "name" : "_session_faker",
    "time" : {
      "start" : 1737854757290,
      "stop" : 1737854757353,
      "duration" : 63
    },
    "status" : "passed",
    "steps" : [ ],
    "attachments" : [ ],
    "parameters" : [ ],
    "stepsCount" : 0,
    "attachmentsCount" : 0,
    "shouldDisplayMessage" : false,
    "hasContent" : false
  } ],
  "testStage" : {
    "description" : "Verify that click 'Forgot your password?' link opens correct page",
    "status" : "broken",
    "statusMessage" : "selenium.common.exceptions.TimeoutException: Message: \nStacktrace:\n#0 0x557998ea37ca <unknown>\n#1 0x55799899b2f0 <unknown>\n#2 0x5579989eb035 <unknown>\n#3 0x5579989eb251 <unknown>\n#4 0x557998a31054 <unknown>\n#5 0x557998a0f9dd <unknown>\n#6 0x557998a2e3b3 <unknown>\n#7 0x557998a0f753 <unknown>\n#8 0x5579989dcbaa <unknown>\n#9 0x5579989dddfe <unknown>\n#10 0x557998e6e38b <unknown>\n#11 0x557998e72307 <unknown>\n#12 0x557998e5ae7c <unknown>\n#13 0x557998e72ec7 <unknown>\n#14 0x557998e3f24f <unknown>\n#15 0x557998e922f8 <unknown>\n#16 0x557998e924c0 <unknown>\n#17 0x557998ea2646 <unknown>\n#18 0x7f2c96e9ca94 <unknown>\n#19 0x7f2c96f29c3c <unknown>",
    "statusTrace" : "self = <test_sign_in.TestRegisteredCustomers object at 0x7fc2e8356210>\ndriver = <selenium.webdriver.chrome.webdriver.WebDriver (session=\"bb0cfef77b6dec73c4baf6443ae96ee6\")>\nsign_in_page = <pages.sign_in_page.SignInPage object at 0x7fc2e7bc7950>\n\n    @allure.title('TC 03.01.17 Verify Forgot Your Password link is functional')\n    def test_03_01_17_verify_forgot_your_password_link_is_present(self, driver, sign_in_page):\n        \"\"\"Verify that click 'Forgot your password?' link opens correct page\"\"\"\n>       sign_in_page.click_forgot_your_password_link()\n\ntests/test_sign_in.py:141: \n_ _ _ _ _ _ _ _ _ _ _ _ _ _ _ _ _ _ _ _ _ _ _ _ _ _ _ _ _ _ _ _ _ _ _ _ _ _ _ _ \npages/sign_in_page.py:122: in click_forgot_your_password_link\n    forgot_your_password = self.check_forgot_your_password_link()\npages/sign_in_page.py:117: in check_forgot_your_password_link\n    return self.element_is_visible(self.locators.FORGOT_PASSWORD_LINK)\npages/base_page.py:29: in element_is_visible\n    self.go_to_element(self.element_is_present(locator))\npages/base_page.py:50: in element_is_present\n    return wait(self.driver, timeout).until(EC.presence_of_element_located(locator))\n_ _ _ _ _ _ _ _ _ _ _ _ _ _ _ _ _ _ _ _ _ _ _ _ _ _ _ _ _ _ _ _ _ _ _ _ _ _ _ _ \n\nself = <selenium.webdriver.support.wait.WebDriverWait (session=\"bb0cfef77b6dec73c4baf6443ae96ee6\")>\nmethod = <function presence_of_element_located.<locals>._predicate at 0x7fc2e7284540>\nmessage = ''\n\n    def until(self, method, message: str = \"\"):\n        \"\"\"Calls the method provided with the driver as an argument until the \\\n        return value does not evaluate to ``False``.\n    \n        :param method: callable(WebDriver)\n        :param message: optional message for :exc:`TimeoutException`\n        :returns: the result of the last call to `method`\n        :raises: :exc:`selenium.common.exceptions.TimeoutException` if timeout occurs\n        \"\"\"\n        screen = None\n        stacktrace = None\n    \n        end_time = time.monotonic() + self._timeout\n        while True:\n            try:\n                value = method(self._driver)\n                if value:\n                    return value\n            except self._ignored_exceptions as exc:\n                screen = getattr(exc, \"screen\", None)\n                stacktrace = getattr(exc, \"stacktrace\", None)\n            time.sleep(self._poll)\n            if time.monotonic() > end_time:\n                break\n>       raise TimeoutException(message, screen, stacktrace)\nE       selenium.common.exceptions.TimeoutException: Message: \nE       Stacktrace:\nE       #0 0x557998ea37ca <unknown>\nE       #1 0x55799899b2f0 <unknown>\nE       #2 0x5579989eb035 <unknown>\nE       #3 0x5579989eb251 <unknown>\nE       #4 0x557998a31054 <unknown>\nE       #5 0x557998a0f9dd <unknown>\nE       #6 0x557998a2e3b3 <unknown>\nE       #7 0x557998a0f753 <unknown>\nE       #8 0x5579989dcbaa <unknown>\nE       #9 0x5579989dddfe <unknown>\nE       #10 0x557998e6e38b <unknown>\nE       #11 0x557998e72307 <unknown>\nE       #12 0x557998e5ae7c <unknown>\nE       #13 0x557998e72ec7 <unknown>\nE       #14 0x557998e3f24f <unknown>\nE       #15 0x557998e922f8 <unknown>\nE       #16 0x557998e924c0 <unknown>\nE       #17 0x557998ea2646 <unknown>\nE       #18 0x7f2c96e9ca94 <unknown>\nE       #19 0x7f2c96f29c3c <unknown>\n\n/opt/hostedtoolcache/Python/3.11.11/x64/lib/python3.11/site-packages/selenium/webdriver/support/wait.py:95: TimeoutException",
    "steps" : [ {
      "name" : "Click Forgot Your Password_link",
      "time" : {
        "start" : 1737856872120,
        "stop" : 1737856877245,
        "duration" : 5125
      },
      "status" : "broken",
      "statusMessage" : "selenium.common.exceptions.TimeoutException: Message: \nStacktrace:\n#0 0x557998ea37ca <unknown>\n#1 0x55799899b2f0 <unknown>\n#2 0x5579989eb035 <unknown>\n#3 0x5579989eb251 <unknown>\n#4 0x557998a31054 <unknown>\n#5 0x557998a0f9dd <unknown>\n#6 0x557998a2e3b3 <unknown>\n#7 0x557998a0f753 <unknown>\n#8 0x5579989dcbaa <unknown>\n#9 0x5579989dddfe <unknown>\n#10 0x557998e6e38b <unknown>\n#11 0x557998e72307 <unknown>\n#12 0x557998e5ae7c <unknown>\n#13 0x557998e72ec7 <unknown>\n#14 0x557998e3f24f <unknown>\n#15 0x557998e922f8 <unknown>\n#16 0x557998e924c0 <unknown>\n#17 0x557998ea2646 <unknown>\n#18 0x7f2c96e9ca94 <unknown>\n#19 0x7f2c96f29c3c <unknown>\n\n",
      "statusTrace" : "  File \"/opt/hostedtoolcache/Python/3.11.11/x64/lib/python3.11/site-packages/allure_commons/_allure.py\", line 192, in impl\n    return func(*a, **kw)\n           ^^^^^^^^^^^^^^\n  File \"/home/runner/work/luma_project/luma_project/pages/sign_in_page.py\", line 122, in click_forgot_your_password_link\n    forgot_your_password = self.check_forgot_your_password_link()\n                           ^^^^^^^^^^^^^^^^^^^^^^^^^^^^^^^^^^^^^^\n  File \"/opt/hostedtoolcache/Python/3.11.11/x64/lib/python3.11/site-packages/allure_commons/_allure.py\", line 192, in impl\n    return func(*a, **kw)\n           ^^^^^^^^^^^^^^\n  File \"/home/runner/work/luma_project/luma_project/pages/sign_in_page.py\", line 117, in check_forgot_your_password_link\n    return self.element_is_visible(self.locators.FORGOT_PASSWORD_LINK)\n           ^^^^^^^^^^^^^^^^^^^^^^^^^^^^^^^^^^^^^^^^^^^^^^^^^^^^^^^^^^^\n  File \"/opt/hostedtoolcache/Python/3.11.11/x64/lib/python3.11/site-packages/allure_commons/_allure.py\", line 192, in impl\n    return func(*a, **kw)\n           ^^^^^^^^^^^^^^\n  File \"/home/runner/work/luma_project/luma_project/pages/base_page.py\", line 29, in element_is_visible\n    self.go_to_element(self.element_is_present(locator))\n                       ^^^^^^^^^^^^^^^^^^^^^^^^^^^^^^^^\n  File \"/opt/hostedtoolcache/Python/3.11.11/x64/lib/python3.11/site-packages/allure_commons/_allure.py\", line 192, in impl\n    return func(*a, **kw)\n           ^^^^^^^^^^^^^^\n  File \"/home/runner/work/luma_project/luma_project/pages/base_page.py\", line 50, in element_is_present\n    return wait(self.driver, timeout).until(EC.presence_of_element_located(locator))\n           ^^^^^^^^^^^^^^^^^^^^^^^^^^^^^^^^^^^^^^^^^^^^^^^^^^^^^^^^^^^^^^^^^^^^^^^^^\n  File \"/opt/hostedtoolcache/Python/3.11.11/x64/lib/python3.11/site-packages/selenium/webdriver/support/wait.py\", line 95, in until\n    raise TimeoutException(message, screen, stacktrace)\n",
      "steps" : [ {
        "name" : "Check Forgot Your Password_link",
        "time" : {
          "start" : 1737856872120,
          "stop" : 1737856877245,
          "duration" : 5125
        },
        "status" : "broken",
        "statusMessage" : "selenium.common.exceptions.TimeoutException: Message: \nStacktrace:\n#0 0x557998ea37ca <unknown>\n#1 0x55799899b2f0 <unknown>\n#2 0x5579989eb035 <unknown>\n#3 0x5579989eb251 <unknown>\n#4 0x557998a31054 <unknown>\n#5 0x557998a0f9dd <unknown>\n#6 0x557998a2e3b3 <unknown>\n#7 0x557998a0f753 <unknown>\n#8 0x5579989dcbaa <unknown>\n#9 0x5579989dddfe <unknown>\n#10 0x557998e6e38b <unknown>\n#11 0x557998e72307 <unknown>\n#12 0x557998e5ae7c <unknown>\n#13 0x557998e72ec7 <unknown>\n#14 0x557998e3f24f <unknown>\n#15 0x557998e922f8 <unknown>\n#16 0x557998e924c0 <unknown>\n#17 0x557998ea2646 <unknown>\n#18 0x7f2c96e9ca94 <unknown>\n#19 0x7f2c96f29c3c <unknown>\n\n",
        "statusTrace" : "  File \"/opt/hostedtoolcache/Python/3.11.11/x64/lib/python3.11/site-packages/allure_commons/_allure.py\", line 192, in impl\n    return func(*a, **kw)\n           ^^^^^^^^^^^^^^\n  File \"/home/runner/work/luma_project/luma_project/pages/sign_in_page.py\", line 117, in check_forgot_your_password_link\n    return self.element_is_visible(self.locators.FORGOT_PASSWORD_LINK)\n           ^^^^^^^^^^^^^^^^^^^^^^^^^^^^^^^^^^^^^^^^^^^^^^^^^^^^^^^^^^^\n  File \"/opt/hostedtoolcache/Python/3.11.11/x64/lib/python3.11/site-packages/allure_commons/_allure.py\", line 192, in impl\n    return func(*a, **kw)\n           ^^^^^^^^^^^^^^\n  File \"/home/runner/work/luma_project/luma_project/pages/base_page.py\", line 29, in element_is_visible\n    self.go_to_element(self.element_is_present(locator))\n                       ^^^^^^^^^^^^^^^^^^^^^^^^^^^^^^^^\n  File \"/opt/hostedtoolcache/Python/3.11.11/x64/lib/python3.11/site-packages/allure_commons/_allure.py\", line 192, in impl\n    return func(*a, **kw)\n           ^^^^^^^^^^^^^^\n  File \"/home/runner/work/luma_project/luma_project/pages/base_page.py\", line 50, in element_is_present\n    return wait(self.driver, timeout).until(EC.presence_of_element_located(locator))\n           ^^^^^^^^^^^^^^^^^^^^^^^^^^^^^^^^^^^^^^^^^^^^^^^^^^^^^^^^^^^^^^^^^^^^^^^^^\n  File \"/opt/hostedtoolcache/Python/3.11.11/x64/lib/python3.11/site-packages/selenium/webdriver/support/wait.py\", line 95, in until\n    raise TimeoutException(message, screen, stacktrace)\n",
        "steps" : [ {
          "name" : "Find a visible element",
          "time" : {
            "start" : 1737856872120,
            "stop" : 1737856877244,
            "duration" : 5124
          },
          "status" : "broken",
          "statusMessage" : "selenium.common.exceptions.TimeoutException: Message: \nStacktrace:\n#0 0x557998ea37ca <unknown>\n#1 0x55799899b2f0 <unknown>\n#2 0x5579989eb035 <unknown>\n#3 0x5579989eb251 <unknown>\n#4 0x557998a31054 <unknown>\n#5 0x557998a0f9dd <unknown>\n#6 0x557998a2e3b3 <unknown>\n#7 0x557998a0f753 <unknown>\n#8 0x5579989dcbaa <unknown>\n#9 0x5579989dddfe <unknown>\n#10 0x557998e6e38b <unknown>\n#11 0x557998e72307 <unknown>\n#12 0x557998e5ae7c <unknown>\n#13 0x557998e72ec7 <unknown>\n#14 0x557998e3f24f <unknown>\n#15 0x557998e922f8 <unknown>\n#16 0x557998e924c0 <unknown>\n#17 0x557998ea2646 <unknown>\n#18 0x7f2c96e9ca94 <unknown>\n#19 0x7f2c96f29c3c <unknown>\n\n",
          "statusTrace" : "  File \"/opt/hostedtoolcache/Python/3.11.11/x64/lib/python3.11/site-packages/allure_commons/_allure.py\", line 192, in impl\n    return func(*a, **kw)\n           ^^^^^^^^^^^^^^\n  File \"/home/runner/work/luma_project/luma_project/pages/base_page.py\", line 29, in element_is_visible\n    self.go_to_element(self.element_is_present(locator))\n                       ^^^^^^^^^^^^^^^^^^^^^^^^^^^^^^^^\n  File \"/opt/hostedtoolcache/Python/3.11.11/x64/lib/python3.11/site-packages/allure_commons/_allure.py\", line 192, in impl\n    return func(*a, **kw)\n           ^^^^^^^^^^^^^^\n  File \"/home/runner/work/luma_project/luma_project/pages/base_page.py\", line 50, in element_is_present\n    return wait(self.driver, timeout).until(EC.presence_of_element_located(locator))\n           ^^^^^^^^^^^^^^^^^^^^^^^^^^^^^^^^^^^^^^^^^^^^^^^^^^^^^^^^^^^^^^^^^^^^^^^^^\n  File \"/opt/hostedtoolcache/Python/3.11.11/x64/lib/python3.11/site-packages/selenium/webdriver/support/wait.py\", line 95, in until\n    raise TimeoutException(message, screen, stacktrace)\n",
          "steps" : [ {
            "name" : "Find a present element",
            "time" : {
              "start" : 1737856872120,
              "stop" : 1737856877244,
              "duration" : 5124
            },
            "status" : "broken",
            "statusMessage" : "selenium.common.exceptions.TimeoutException: Message: \nStacktrace:\n#0 0x557998ea37ca <unknown>\n#1 0x55799899b2f0 <unknown>\n#2 0x5579989eb035 <unknown>\n#3 0x5579989eb251 <unknown>\n#4 0x557998a31054 <unknown>\n#5 0x557998a0f9dd <unknown>\n#6 0x557998a2e3b3 <unknown>\n#7 0x557998a0f753 <unknown>\n#8 0x5579989dcbaa <unknown>\n#9 0x5579989dddfe <unknown>\n#10 0x557998e6e38b <unknown>\n#11 0x557998e72307 <unknown>\n#12 0x557998e5ae7c <unknown>\n#13 0x557998e72ec7 <unknown>\n#14 0x557998e3f24f <unknown>\n#15 0x557998e922f8 <unknown>\n#16 0x557998e924c0 <unknown>\n#17 0x557998ea2646 <unknown>\n#18 0x7f2c96e9ca94 <unknown>\n#19 0x7f2c96f29c3c <unknown>\n\n",
            "statusTrace" : "  File \"/opt/hostedtoolcache/Python/3.11.11/x64/lib/python3.11/site-packages/allure_commons/_allure.py\", line 192, in impl\n    return func(*a, **kw)\n           ^^^^^^^^^^^^^^\n  File \"/home/runner/work/luma_project/luma_project/pages/base_page.py\", line 50, in element_is_present\n    return wait(self.driver, timeout).until(EC.presence_of_element_located(locator))\n           ^^^^^^^^^^^^^^^^^^^^^^^^^^^^^^^^^^^^^^^^^^^^^^^^^^^^^^^^^^^^^^^^^^^^^^^^^\n  File \"/opt/hostedtoolcache/Python/3.11.11/x64/lib/python3.11/site-packages/selenium/webdriver/support/wait.py\", line 95, in until\n    raise TimeoutException(message, screen, stacktrace)\n",
            "steps" : [ ],
            "attachments" : [ ],
            "parameters" : [ {
              "name" : "locator",
              "value" : "('xpath', '//*[@id=\"login-form\"]//a')"
            }, {
              "name" : "timeout",
              "value" : "5"
            } ],
            "stepsCount" : 0,
            "attachmentsCount" : 0,
            "shouldDisplayMessage" : true,
            "hasContent" : true
          } ],
          "attachments" : [ ],
          "parameters" : [ {
            "name" : "locator",
            "value" : "('xpath', '//*[@id=\"login-form\"]//a')"
          }, {
            "name" : "timeout",
            "value" : "10"
          } ],
          "stepsCount" : 1,
          "attachmentsCount" : 0,
          "shouldDisplayMessage" : false,
          "hasContent" : true
        } ],
        "attachments" : [ ],
        "parameters" : [ ],
        "stepsCount" : 2,
        "attachmentsCount" : 0,
        "shouldDisplayMessage" : false,
        "hasContent" : true
      } ],
      "attachments" : [ ],
      "parameters" : [ ],
      "stepsCount" : 3,
      "attachmentsCount" : 0,
      "shouldDisplayMessage" : false,
      "hasContent" : true
    } ],
    "attachments" : [ {
      "uid" : "ed827a87feffa0c8",
      "name" : "Screenshot",
      "source" : "ed827a87feffa0c8.png",
      "type" : "image/png",
      "size" : 25650
    }, {
      "uid" : "bfeba2fbb750d6b8",
      "name" : "HTML source",
      "source" : "bfeba2fbb750d6b8.html",
      "type" : "text/html",
      "size" : 258925
    } ],
    "parameters" : [ ],
    "stepsCount" : 4,
    "attachmentsCount" : 2,
    "shouldDisplayMessage" : true,
    "hasContent" : true
  },
  "afterStages" : [ {
    "name" : "clear_allure_result_folder::0",
    "time" : {
      "start" : 1737857182853,
      "stop" : 1737857182853,
      "duration" : 0
    },
    "status" : "passed",
    "steps" : [ ],
    "attachments" : [ ],
    "parameters" : [ ],
    "stepsCount" : 0,
    "attachmentsCount" : 0,
    "shouldDisplayMessage" : false,
    "hasContent" : false
  }, {
    "name" : "driver::0",
    "time" : {
      "start" : 1737856877358,
      "stop" : 1737856877422,
      "duration" : 64
    },
    "status" : "passed",
    "steps" : [ ],
    "attachments" : [ ],
    "parameters" : [ ],
    "stepsCount" : 0,
    "attachmentsCount" : 0,
    "shouldDisplayMessage" : false,
    "hasContent" : false
  } ],
  "labels" : [ {
    "name" : "feature",
    "value" : "Registered Customers"
  }, {
    "name" : "epic",
    "value" : "Sign In Page"
  }, {
    "name" : "parentSuite",
    "value" : "tests"
  }, {
    "name" : "suite",
    "value" : "test_sign_in"
  }, {
    "name" : "subSuite",
    "value" : "TestRegisteredCustomers"
  }, {
    "name" : "host",
    "value" : "fv-az1922-652"
  }, {
    "name" : "thread",
    "value" : "2797-MainThread"
  }, {
    "name" : "framework",
    "value" : "pytest"
  }, {
    "name" : "language",
    "value" : "cpython3"
  }, {
    "name" : "package",
    "value" : "tests.test_sign_in"
  }, {
    "name" : "resultFormat",
    "value" : "allure2"
  } ],
  "parameters" : [ ],
  "links" : [ ],
  "hidden" : false,
  "retry" : false,
  "extra" : {
    "severity" : "normal",
    "retries" : [ ],
    "categories" : [ {
      "name" : "Test defects",
      "matchedStatuses" : [ ],
      "flaky" : false
    } ],
    "tags" : [ ]
  },
  "source" : "195837cf80a343b4.json",
  "parameterValues" : [ ]
}