{
  "uid" : "19a7a54824c326d",
  "name" : "TC 13.01.53 - Check if block 4 'home-performance' in section 2 is clickablein the Promo Block on the main page",
  "fullName" : "tests.test_main_page.TestPromoBlock#test_tc_13_01_53_check_section2_block4_clickability",
  "historyId" : "b050a9ed05762877bd26dc4acb15ac18",
  "time" : {
    "start" : 1737251349173,
    "stop" : 1737251355882,
    "duration" : 6709
  },
  "description" : "This test checks if block 4 'home-performance' in section 2 in Promo Block under header is clickable",
  "descriptionHtml" : "<p>This test checks if block 4 'home-performance' in section 2 in Promo Block under header is clickable</p>\n",
  "status" : "broken",
  "statusMessage" : "selenium.common.exceptions.TimeoutException: Message: \nStacktrace:\n#0 0x56131c3768fa <unknown>\n#1 0x56131be87d20 <unknown>\n#2 0x56131bed6a66 <unknown>\n#3 0x56131bed6d01 <unknown>\n#4 0x56131bf1c184 <unknown>\n#5 0x56131befab1d <unknown>\n#6 0x56131bf19560 <unknown>\n#7 0x56131befa893 <unknown>\n#8 0x56131bec930d <unknown>\n#9 0x56131beca32e <unknown>\n#10 0x56131c34300b <unknown>\n#11 0x56131c346f97 <unknown>\n#12 0x56131c32f71c <unknown>\n#13 0x56131c347b17 <unknown>\n#14 0x56131c3146cf <unknown>\n#15 0x56131c3656b8 <unknown>\n#16 0x56131c365880 <unknown>\n#17 0x56131c375776 <unknown>\n#18 0x7f5e22e9ca94 <unknown>\n#19 0x7f5e22f29c3c <unknown>",
  "statusTrace" : "self = <test_main_page.TestMainPage.TestPromoBlock object at 0x7f3ebe06f010>\ndriver = <selenium.webdriver.chrome.webdriver.WebDriver (session=\"42a063b124e1c5dc108086e26de04e44\")>\n\n    @allure.title(\"TC 13.01.53 - Check if block 4 'home-performance' in section 2 is clickable\"\n                  \"in the Promo Block on the main page\")\n    def test_tc_13_01_53_check_section2_block4_clickability(self, driver):\n        \"\"\"This test checks if block 4 'home-performance' in section 2 in Promo Block under header is clickable\"\"\"\n        page = PromoBlock(driver, MAIN_PAGE_URL)\n        page.open()\n>       section2_block4 = page.check_section2_block4_clickability()\n\ntests/test_main_page.py:672: \n_ _ _ _ _ _ _ _ _ _ _ _ _ _ _ _ _ _ _ _ _ _ _ _ _ _ _ _ _ _ _ _ _ _ _ _ _ _ _ _ \npages/main_page.py:346: in check_section2_block4_clickability\n    section2_block4 = self.element_is_clickable(self.locators.SECTION_2_BLOCK_4)\npages/base_page.py:80: in element_is_clickable\n    return wait(self.driver, timeout).until(EC.element_to_be_clickable(locator))\n_ _ _ _ _ _ _ _ _ _ _ _ _ _ _ _ _ _ _ _ _ _ _ _ _ _ _ _ _ _ _ _ _ _ _ _ _ _ _ _ \n\nself = <selenium.webdriver.support.wait.WebDriverWait (session=\"42a063b124e1c5dc108086e26de04e44\")>\nmethod = <function element_to_be_clickable.<locals>._predicate at 0x7f3ebf75eca0>\nmessage = ''\n\n    def until(self, method, message: str = \"\"):\n        \"\"\"Calls the method provided with the driver as an argument until the \\\n        return value does not evaluate to ``False``.\n    \n        :param method: callable(WebDriver)\n        :param message: optional message for :exc:`TimeoutException`\n        :returns: the result of the last call to `method`\n        :raises: :exc:`selenium.common.exceptions.TimeoutException` if timeout occurs\n        \"\"\"\n        screen = None\n        stacktrace = None\n    \n        end_time = time.monotonic() + self._timeout\n        while True:\n            try:\n                value = method(self._driver)\n                if value:\n                    return value\n            except self._ignored_exceptions as exc:\n                screen = getattr(exc, \"screen\", None)\n                stacktrace = getattr(exc, \"stacktrace\", None)\n            time.sleep(self._poll)\n            if time.monotonic() > end_time:\n                break\n>       raise TimeoutException(message, screen, stacktrace)\nE       selenium.common.exceptions.TimeoutException: Message: \nE       Stacktrace:\nE       #0 0x56131c3768fa <unknown>\nE       #1 0x56131be87d20 <unknown>\nE       #2 0x56131bed6a66 <unknown>\nE       #3 0x56131bed6d01 <unknown>\nE       #4 0x56131bf1c184 <unknown>\nE       #5 0x56131befab1d <unknown>\nE       #6 0x56131bf19560 <unknown>\nE       #7 0x56131befa893 <unknown>\nE       #8 0x56131bec930d <unknown>\nE       #9 0x56131beca32e <unknown>\nE       #10 0x56131c34300b <unknown>\nE       #11 0x56131c346f97 <unknown>\nE       #12 0x56131c32f71c <unknown>\nE       #13 0x56131c347b17 <unknown>\nE       #14 0x56131c3146cf <unknown>\nE       #15 0x56131c3656b8 <unknown>\nE       #16 0x56131c365880 <unknown>\nE       #17 0x56131c375776 <unknown>\nE       #18 0x7f5e22e9ca94 <unknown>\nE       #19 0x7f5e22f29c3c <unknown>\n\n/opt/hostedtoolcache/Python/3.11.11/x64/lib/python3.11/site-packages/selenium/webdriver/support/wait.py:95: TimeoutException",
  "flaky" : false,
  "newFailed" : false,
  "beforeStages" : [ {
    "name" : "_session_faker",
    "time" : {
      "start" : 1737250538752,
      "stop" : 1737250538819,
      "duration" : 67
    },
    "status" : "passed",
    "steps" : [ ],
    "attachments" : [ ],
    "parameters" : [ ],
    "stepsCount" : 0,
    "attachmentsCount" : 0,
    "shouldDisplayMessage" : false,
    "hasContent" : false
  }, {
    "name" : "clear_allure_result_folder",
    "time" : {
      "start" : 1737250538819,
      "stop" : 1737250538819,
      "duration" : 0
    },
    "status" : "passed",
    "steps" : [ ],
    "attachments" : [ ],
    "parameters" : [ ],
    "stepsCount" : 0,
    "attachmentsCount" : 0,
    "shouldDisplayMessage" : false,
    "hasContent" : false
  }, {
    "name" : "driver",
    "time" : {
      "start" : 1737251347965,
      "stop" : 1737251349173,
      "duration" : 1208
    },
    "status" : "passed",
    "steps" : [ ],
    "attachments" : [ ],
    "parameters" : [ ],
    "stepsCount" : 0,
    "attachmentsCount" : 0,
    "shouldDisplayMessage" : false,
    "hasContent" : false
  } ],
  "testStage" : {
    "description" : "This test checks if block 4 'home-performance' in section 2 in Promo Block under header is clickable",
    "status" : "broken",
    "statusMessage" : "selenium.common.exceptions.TimeoutException: Message: \nStacktrace:\n#0 0x56131c3768fa <unknown>\n#1 0x56131be87d20 <unknown>\n#2 0x56131bed6a66 <unknown>\n#3 0x56131bed6d01 <unknown>\n#4 0x56131bf1c184 <unknown>\n#5 0x56131befab1d <unknown>\n#6 0x56131bf19560 <unknown>\n#7 0x56131befa893 <unknown>\n#8 0x56131bec930d <unknown>\n#9 0x56131beca32e <unknown>\n#10 0x56131c34300b <unknown>\n#11 0x56131c346f97 <unknown>\n#12 0x56131c32f71c <unknown>\n#13 0x56131c347b17 <unknown>\n#14 0x56131c3146cf <unknown>\n#15 0x56131c3656b8 <unknown>\n#16 0x56131c365880 <unknown>\n#17 0x56131c375776 <unknown>\n#18 0x7f5e22e9ca94 <unknown>\n#19 0x7f5e22f29c3c <unknown>",
    "statusTrace" : "self = <test_main_page.TestMainPage.TestPromoBlock object at 0x7f3ebe06f010>\ndriver = <selenium.webdriver.chrome.webdriver.WebDriver (session=\"42a063b124e1c5dc108086e26de04e44\")>\n\n    @allure.title(\"TC 13.01.53 - Check if block 4 'home-performance' in section 2 is clickable\"\n                  \"in the Promo Block on the main page\")\n    def test_tc_13_01_53_check_section2_block4_clickability(self, driver):\n        \"\"\"This test checks if block 4 'home-performance' in section 2 in Promo Block under header is clickable\"\"\"\n        page = PromoBlock(driver, MAIN_PAGE_URL)\n        page.open()\n>       section2_block4 = page.check_section2_block4_clickability()\n\ntests/test_main_page.py:672: \n_ _ _ _ _ _ _ _ _ _ _ _ _ _ _ _ _ _ _ _ _ _ _ _ _ _ _ _ _ _ _ _ _ _ _ _ _ _ _ _ \npages/main_page.py:346: in check_section2_block4_clickability\n    section2_block4 = self.element_is_clickable(self.locators.SECTION_2_BLOCK_4)\npages/base_page.py:80: in element_is_clickable\n    return wait(self.driver, timeout).until(EC.element_to_be_clickable(locator))\n_ _ _ _ _ _ _ _ _ _ _ _ _ _ _ _ _ _ _ _ _ _ _ _ _ _ _ _ _ _ _ _ _ _ _ _ _ _ _ _ \n\nself = <selenium.webdriver.support.wait.WebDriverWait (session=\"42a063b124e1c5dc108086e26de04e44\")>\nmethod = <function element_to_be_clickable.<locals>._predicate at 0x7f3ebf75eca0>\nmessage = ''\n\n    def until(self, method, message: str = \"\"):\n        \"\"\"Calls the method provided with the driver as an argument until the \\\n        return value does not evaluate to ``False``.\n    \n        :param method: callable(WebDriver)\n        :param message: optional message for :exc:`TimeoutException`\n        :returns: the result of the last call to `method`\n        :raises: :exc:`selenium.common.exceptions.TimeoutException` if timeout occurs\n        \"\"\"\n        screen = None\n        stacktrace = None\n    \n        end_time = time.monotonic() + self._timeout\n        while True:\n            try:\n                value = method(self._driver)\n                if value:\n                    return value\n            except self._ignored_exceptions as exc:\n                screen = getattr(exc, \"screen\", None)\n                stacktrace = getattr(exc, \"stacktrace\", None)\n            time.sleep(self._poll)\n            if time.monotonic() > end_time:\n                break\n>       raise TimeoutException(message, screen, stacktrace)\nE       selenium.common.exceptions.TimeoutException: Message: \nE       Stacktrace:\nE       #0 0x56131c3768fa <unknown>\nE       #1 0x56131be87d20 <unknown>\nE       #2 0x56131bed6a66 <unknown>\nE       #3 0x56131bed6d01 <unknown>\nE       #4 0x56131bf1c184 <unknown>\nE       #5 0x56131befab1d <unknown>\nE       #6 0x56131bf19560 <unknown>\nE       #7 0x56131befa893 <unknown>\nE       #8 0x56131bec930d <unknown>\nE       #9 0x56131beca32e <unknown>\nE       #10 0x56131c34300b <unknown>\nE       #11 0x56131c346f97 <unknown>\nE       #12 0x56131c32f71c <unknown>\nE       #13 0x56131c347b17 <unknown>\nE       #14 0x56131c3146cf <unknown>\nE       #15 0x56131c3656b8 <unknown>\nE       #16 0x56131c365880 <unknown>\nE       #17 0x56131c375776 <unknown>\nE       #18 0x7f5e22e9ca94 <unknown>\nE       #19 0x7f5e22f29c3c <unknown>\n\n/opt/hostedtoolcache/Python/3.11.11/x64/lib/python3.11/site-packages/selenium/webdriver/support/wait.py:95: TimeoutException",
    "steps" : [ {
      "name" : "Open a browser",
      "time" : {
        "start" : 1737251349173,
        "stop" : 1737251350414,
        "duration" : 1241
      },
      "status" : "passed",
      "steps" : [ ],
      "attachments" : [ ],
      "parameters" : [ ],
      "stepsCount" : 0,
      "attachmentsCount" : 0,
      "shouldDisplayMessage" : false,
      "hasContent" : false
    }, {
      "name" : "Check clickability of the block 4 'home-performance' in the section 2 in the Promo Block",
      "time" : {
        "start" : 1737251350414,
        "stop" : 1737251355881,
        "duration" : 5467
      },
      "status" : "broken",
      "statusMessage" : "selenium.common.exceptions.TimeoutException: Message: \nStacktrace:\n#0 0x56131c3768fa <unknown>\n#1 0x56131be87d20 <unknown>\n#2 0x56131bed6a66 <unknown>\n#3 0x56131bed6d01 <unknown>\n#4 0x56131bf1c184 <unknown>\n#5 0x56131befab1d <unknown>\n#6 0x56131bf19560 <unknown>\n#7 0x56131befa893 <unknown>\n#8 0x56131bec930d <unknown>\n#9 0x56131beca32e <unknown>\n#10 0x56131c34300b <unknown>\n#11 0x56131c346f97 <unknown>\n#12 0x56131c32f71c <unknown>\n#13 0x56131c347b17 <unknown>\n#14 0x56131c3146cf <unknown>\n#15 0x56131c3656b8 <unknown>\n#16 0x56131c365880 <unknown>\n#17 0x56131c375776 <unknown>\n#18 0x7f5e22e9ca94 <unknown>\n#19 0x7f5e22f29c3c <unknown>\n\n",
      "statusTrace" : "  File \"/opt/hostedtoolcache/Python/3.11.11/x64/lib/python3.11/site-packages/allure_commons/_allure.py\", line 192, in impl\n    return func(*a, **kw)\n           ^^^^^^^^^^^^^^\n  File \"/home/runner/work/luma_project/luma_project/pages/main_page.py\", line 346, in check_section2_block4_clickability\n    section2_block4 = self.element_is_clickable(self.locators.SECTION_2_BLOCK_4)\n                      ^^^^^^^^^^^^^^^^^^^^^^^^^^^^^^^^^^^^^^^^^^^^^^^^^^^^^^^^^^\n  File \"/opt/hostedtoolcache/Python/3.11.11/x64/lib/python3.11/site-packages/allure_commons/_allure.py\", line 192, in impl\n    return func(*a, **kw)\n           ^^^^^^^^^^^^^^\n  File \"/home/runner/work/luma_project/luma_project/pages/base_page.py\", line 80, in element_is_clickable\n    return wait(self.driver, timeout).until(EC.element_to_be_clickable(locator))\n           ^^^^^^^^^^^^^^^^^^^^^^^^^^^^^^^^^^^^^^^^^^^^^^^^^^^^^^^^^^^^^^^^^^^^^\n  File \"/opt/hostedtoolcache/Python/3.11.11/x64/lib/python3.11/site-packages/selenium/webdriver/support/wait.py\", line 95, in until\n    raise TimeoutException(message, screen, stacktrace)\n",
      "steps" : [ {
        "name" : "Find clickable elements",
        "time" : {
          "start" : 1737251350414,
          "stop" : 1737251355881,
          "duration" : 5467
        },
        "status" : "broken",
        "statusMessage" : "selenium.common.exceptions.TimeoutException: Message: \nStacktrace:\n#0 0x56131c3768fa <unknown>\n#1 0x56131be87d20 <unknown>\n#2 0x56131bed6a66 <unknown>\n#3 0x56131bed6d01 <unknown>\n#4 0x56131bf1c184 <unknown>\n#5 0x56131befab1d <unknown>\n#6 0x56131bf19560 <unknown>\n#7 0x56131befa893 <unknown>\n#8 0x56131bec930d <unknown>\n#9 0x56131beca32e <unknown>\n#10 0x56131c34300b <unknown>\n#11 0x56131c346f97 <unknown>\n#12 0x56131c32f71c <unknown>\n#13 0x56131c347b17 <unknown>\n#14 0x56131c3146cf <unknown>\n#15 0x56131c3656b8 <unknown>\n#16 0x56131c365880 <unknown>\n#17 0x56131c375776 <unknown>\n#18 0x7f5e22e9ca94 <unknown>\n#19 0x7f5e22f29c3c <unknown>\n\n",
        "statusTrace" : "  File \"/opt/hostedtoolcache/Python/3.11.11/x64/lib/python3.11/site-packages/allure_commons/_allure.py\", line 192, in impl\n    return func(*a, **kw)\n           ^^^^^^^^^^^^^^\n  File \"/home/runner/work/luma_project/luma_project/pages/base_page.py\", line 80, in element_is_clickable\n    return wait(self.driver, timeout).until(EC.element_to_be_clickable(locator))\n           ^^^^^^^^^^^^^^^^^^^^^^^^^^^^^^^^^^^^^^^^^^^^^^^^^^^^^^^^^^^^^^^^^^^^^\n  File \"/opt/hostedtoolcache/Python/3.11.11/x64/lib/python3.11/site-packages/selenium/webdriver/support/wait.py\", line 95, in until\n    raise TimeoutException(message, screen, stacktrace)\n",
        "steps" : [ ],
        "attachments" : [ ],
        "parameters" : [ {
          "name" : "locator",
          "value" : "('css selector', '.home-performance')"
        }, {
          "name" : "timeout",
          "value" : "5"
        } ],
        "stepsCount" : 0,
        "attachmentsCount" : 0,
        "shouldDisplayMessage" : true,
        "hasContent" : true
      } ],
      "attachments" : [ ],
      "parameters" : [ ],
      "stepsCount" : 1,
      "attachmentsCount" : 0,
      "shouldDisplayMessage" : false,
      "hasContent" : true
    } ],
    "attachments" : [ {
      "uid" : "fb8022a0656a10b7",
      "name" : "Screenshot",
      "source" : "fb8022a0656a10b7.png",
      "type" : "image/png",
      "size" : 547971
    }, {
      "uid" : "b355061cf9ac7d16",
      "name" : "HTML source",
      "source" : "b355061cf9ac7d16.html",
      "type" : "text/html",
      "size" : 145194
    } ],
    "parameters" : [ ],
    "stepsCount" : 3,
    "attachmentsCount" : 2,
    "shouldDisplayMessage" : true,
    "hasContent" : true
  },
  "afterStages" : [ {
    "name" : "clear_allure_result_folder::0",
    "time" : {
      "start" : 1737251969857,
      "stop" : 1737251969857,
      "duration" : 0
    },
    "status" : "passed",
    "steps" : [ ],
    "attachments" : [ ],
    "parameters" : [ ],
    "stepsCount" : 0,
    "attachmentsCount" : 0,
    "shouldDisplayMessage" : false,
    "hasContent" : false
  }, {
    "name" : "driver::0",
    "time" : {
      "start" : 1737251356133,
      "stop" : 1737251356250,
      "duration" : 117
    },
    "status" : "passed",
    "steps" : [ ],
    "attachments" : [ ],
    "parameters" : [ ],
    "stepsCount" : 0,
    "attachmentsCount" : 0,
    "shouldDisplayMessage" : false,
    "hasContent" : false
  } ],
  "labels" : [ {
    "name" : "epic",
    "value" : "Main Page"
  }, {
    "name" : "feature",
    "value" : "Promo Block Testing"
  }, {
    "name" : "parentSuite",
    "value" : "tests"
  }, {
    "name" : "suite",
    "value" : "test_main_page"
  }, {
    "name" : "subSuite",
    "value" : "TestMainPage"
  }, {
    "name" : "host",
    "value" : "fv-az1959-184"
  }, {
    "name" : "thread",
    "value" : "2788-MainThread"
  }, {
    "name" : "framework",
    "value" : "pytest"
  }, {
    "name" : "language",
    "value" : "cpython3"
  }, {
    "name" : "package",
    "value" : "tests.test_main_page"
  }, {
    "name" : "resultFormat",
    "value" : "allure2"
  } ],
  "parameters" : [ ],
  "links" : [ ],
  "hidden" : false,
  "retry" : false,
  "extra" : {
    "severity" : "normal",
    "retries" : [ ],
    "categories" : [ {
      "name" : "Test defects",
      "matchedStatuses" : [ ],
      "flaky" : false
    } ],
    "tags" : [ ]
  },
  "source" : "19a7a54824c326d.json",
  "parameterValues" : [ ]
}