{
  "uid" : "39dd2aa57715aba3",
  "name" : "TC 01.03.31 correctly redirected the link \"Gear - Watches\"",
  "fullName" : "tests.test_header.TestHeader#test_tc_01_03_31_correctly_redirected_the_link_gear_watches",
  "historyId" : "7c1fdd75bd46ee31e771e4a38c26ebcd",
  "time" : {
    "start" : 1697334005655,
    "stop" : 1697334010953,
    "duration" : 5298
  },
  "description" : "Verify the link 'Fitness Equipment' redirected to the page and the 'Fitness Equipment' header is displayed",
  "descriptionHtml" : "<p>Verify the link 'Fitness Equipment' redirected to the page and the 'Fitness Equipment' header is displayed</p>\n",
  "status" : "broken",
  "statusMessage" : "selenium.common.exceptions.TimeoutException: Message: \nStacktrace:\n#0 0x5562827326b3 <unknown>\n#1 0x5562824081e7 <unknown>\n#2 0x55628244f566 <unknown>\n#3 0x55628244f651 <unknown>\n#4 0x55628248ca74 <unknown>\n#5 0x5562824710ed <unknown>\n#6 0x55628248a322 <unknown>\n#7 0x556282470e93 <unknown>\n#8 0x556282443934 <unknown>\n#9 0x55628244471e <unknown>\n#10 0x5562826f7cb8 <unknown>\n#11 0x5562826fbbf0 <unknown>\n#12 0x55628270619c <unknown>\n#13 0x5562826fc808 <unknown>\n#14 0x5562826c927f <unknown>\n#15 0x556282720e88 <unknown>\n#16 0x556282721059 <unknown>\n#17 0x556282731843 <unknown>\n#18 0x7f6cd5694b43 <unknown>",
  "statusTrace" : "self = <test_header.TestHeader object at 0x7fe0b0520590>\ndriver = <selenium.webdriver.chrome.webdriver.WebDriver (session=\"05b14a13da4dccdd5ea6d1edf02e843b\")>\n\n    @allure.title('TC 01.03.31 correctly redirected the link \"Gear - Watches\"')\n    def test_tc_01_03_31_correctly_redirected_the_link_gear_watches(self, driver):\n        \"\"\"Verify the link 'Fitness Equipment' redirected to the page and the 'Fitness Equipment' header is displayed\"\"\"\n        page = HeaderPage(driver, MAIN_PAGE_URL)\n        page.open()\n>       current_page = page.redirected_the_link_gear_watches()\n\ntests/test_header.py:272: \n_ _ _ _ _ _ _ _ _ _ _ _ _ _ _ _ _ _ _ _ _ _ _ _ _ _ _ _ _ _ _ _ _ _ _ _ _ _ _ _ \npages/header_page.py:220: in redirected_the_link_gear_watches\n    self.element_is_visible(self.header_locators.GEAR)\npages/base_page.py:29: in element_is_visible\n    self.go_to_element(self.element_is_present(locator))\npages/base_page.py:50: in element_is_present\n    return wait(self.driver, timeout).until(EC.presence_of_element_located(locator))\n_ _ _ _ _ _ _ _ _ _ _ _ _ _ _ _ _ _ _ _ _ _ _ _ _ _ _ _ _ _ _ _ _ _ _ _ _ _ _ _ \n\nself = <selenium.webdriver.support.wait.WebDriverWait (session=\"05b14a13da4dccdd5ea6d1edf02e843b\")>\nmethod = <function presence_of_element_located.<locals>._predicate at 0x7fe0b0a03b00>\nmessage = ''\n\n    def until(self, method, message: str = \"\"):\n        \"\"\"Calls the method provided with the driver as an argument until the \\\n        return value does not evaluate to ``False``.\n    \n        :param method: callable(WebDriver)\n        :param message: optional message for :exc:`TimeoutException`\n        :returns: the result of the last call to `method`\n        :raises: :exc:`selenium.common.exceptions.TimeoutException` if timeout occurs\n        \"\"\"\n        screen = None\n        stacktrace = None\n    \n        end_time = time.monotonic() + self._timeout\n        while True:\n            try:\n                value = method(self._driver)\n                if value:\n                    return value\n            except self._ignored_exceptions as exc:\n                screen = getattr(exc, \"screen\", None)\n                stacktrace = getattr(exc, \"stacktrace\", None)\n            time.sleep(self._poll)\n            if time.monotonic() > end_time:\n                break\n>       raise TimeoutException(message, screen, stacktrace)\nE       selenium.common.exceptions.TimeoutException: Message: \nE       Stacktrace:\nE       #0 0x5562827326b3 <unknown>\nE       #1 0x5562824081e7 <unknown>\nE       #2 0x55628244f566 <unknown>\nE       #3 0x55628244f651 <unknown>\nE       #4 0x55628248ca74 <unknown>\nE       #5 0x5562824710ed <unknown>\nE       #6 0x55628248a322 <unknown>\nE       #7 0x556282470e93 <unknown>\nE       #8 0x556282443934 <unknown>\nE       #9 0x55628244471e <unknown>\nE       #10 0x5562826f7cb8 <unknown>\nE       #11 0x5562826fbbf0 <unknown>\nE       #12 0x55628270619c <unknown>\nE       #13 0x5562826fc808 <unknown>\nE       #14 0x5562826c927f <unknown>\nE       #15 0x556282720e88 <unknown>\nE       #16 0x556282721059 <unknown>\nE       #17 0x556282731843 <unknown>\nE       #18 0x7f6cd5694b43 <unknown>\n\n/opt/hostedtoolcache/Python/3.11.5/x64/lib/python3.11/site-packages/selenium/webdriver/support/wait.py:95: TimeoutException",
  "flaky" : false,
  "newFailed" : false,
  "beforeStages" : [ {
    "name" : "_session_faker",
    "time" : {
      "start" : 1697332188525,
      "stop" : 1697332188634,
      "duration" : 109
    },
    "status" : "passed",
    "steps" : [ ],
    "attachments" : [ ],
    "parameters" : [ ],
    "stepsCount" : 0,
    "attachmentsCount" : 0,
    "shouldDisplayMessage" : false,
    "hasContent" : false
  }, {
    "name" : "driver",
    "time" : {
      "start" : 1697334004607,
      "stop" : 1697334005654,
      "duration" : 1047
    },
    "status" : "passed",
    "steps" : [ ],
    "attachments" : [ ],
    "parameters" : [ ],
    "stepsCount" : 0,
    "attachmentsCount" : 0,
    "shouldDisplayMessage" : false,
    "hasContent" : false
  }, {
    "name" : "clear_allure_result_folder",
    "time" : {
      "start" : 1697332188634,
      "stop" : 1697332188634,
      "duration" : 0
    },
    "status" : "passed",
    "steps" : [ ],
    "attachments" : [ ],
    "parameters" : [ ],
    "stepsCount" : 0,
    "attachmentsCount" : 0,
    "shouldDisplayMessage" : false,
    "hasContent" : false
  } ],
  "testStage" : {
    "description" : "Verify the link 'Fitness Equipment' redirected to the page and the 'Fitness Equipment' header is displayed",
    "status" : "broken",
    "statusMessage" : "selenium.common.exceptions.TimeoutException: Message: \nStacktrace:\n#0 0x5562827326b3 <unknown>\n#1 0x5562824081e7 <unknown>\n#2 0x55628244f566 <unknown>\n#3 0x55628244f651 <unknown>\n#4 0x55628248ca74 <unknown>\n#5 0x5562824710ed <unknown>\n#6 0x55628248a322 <unknown>\n#7 0x556282470e93 <unknown>\n#8 0x556282443934 <unknown>\n#9 0x55628244471e <unknown>\n#10 0x5562826f7cb8 <unknown>\n#11 0x5562826fbbf0 <unknown>\n#12 0x55628270619c <unknown>\n#13 0x5562826fc808 <unknown>\n#14 0x5562826c927f <unknown>\n#15 0x556282720e88 <unknown>\n#16 0x556282721059 <unknown>\n#17 0x556282731843 <unknown>\n#18 0x7f6cd5694b43 <unknown>",
    "statusTrace" : "self = <test_header.TestHeader object at 0x7fe0b0520590>\ndriver = <selenium.webdriver.chrome.webdriver.WebDriver (session=\"05b14a13da4dccdd5ea6d1edf02e843b\")>\n\n    @allure.title('TC 01.03.31 correctly redirected the link \"Gear - Watches\"')\n    def test_tc_01_03_31_correctly_redirected_the_link_gear_watches(self, driver):\n        \"\"\"Verify the link 'Fitness Equipment' redirected to the page and the 'Fitness Equipment' header is displayed\"\"\"\n        page = HeaderPage(driver, MAIN_PAGE_URL)\n        page.open()\n>       current_page = page.redirected_the_link_gear_watches()\n\ntests/test_header.py:272: \n_ _ _ _ _ _ _ _ _ _ _ _ _ _ _ _ _ _ _ _ _ _ _ _ _ _ _ _ _ _ _ _ _ _ _ _ _ _ _ _ \npages/header_page.py:220: in redirected_the_link_gear_watches\n    self.element_is_visible(self.header_locators.GEAR)\npages/base_page.py:29: in element_is_visible\n    self.go_to_element(self.element_is_present(locator))\npages/base_page.py:50: in element_is_present\n    return wait(self.driver, timeout).until(EC.presence_of_element_located(locator))\n_ _ _ _ _ _ _ _ _ _ _ _ _ _ _ _ _ _ _ _ _ _ _ _ _ _ _ _ _ _ _ _ _ _ _ _ _ _ _ _ \n\nself = <selenium.webdriver.support.wait.WebDriverWait (session=\"05b14a13da4dccdd5ea6d1edf02e843b\")>\nmethod = <function presence_of_element_located.<locals>._predicate at 0x7fe0b0a03b00>\nmessage = ''\n\n    def until(self, method, message: str = \"\"):\n        \"\"\"Calls the method provided with the driver as an argument until the \\\n        return value does not evaluate to ``False``.\n    \n        :param method: callable(WebDriver)\n        :param message: optional message for :exc:`TimeoutException`\n        :returns: the result of the last call to `method`\n        :raises: :exc:`selenium.common.exceptions.TimeoutException` if timeout occurs\n        \"\"\"\n        screen = None\n        stacktrace = None\n    \n        end_time = time.monotonic() + self._timeout\n        while True:\n            try:\n                value = method(self._driver)\n                if value:\n                    return value\n            except self._ignored_exceptions as exc:\n                screen = getattr(exc, \"screen\", None)\n                stacktrace = getattr(exc, \"stacktrace\", None)\n            time.sleep(self._poll)\n            if time.monotonic() > end_time:\n                break\n>       raise TimeoutException(message, screen, stacktrace)\nE       selenium.common.exceptions.TimeoutException: Message: \nE       Stacktrace:\nE       #0 0x5562827326b3 <unknown>\nE       #1 0x5562824081e7 <unknown>\nE       #2 0x55628244f566 <unknown>\nE       #3 0x55628244f651 <unknown>\nE       #4 0x55628248ca74 <unknown>\nE       #5 0x5562824710ed <unknown>\nE       #6 0x55628248a322 <unknown>\nE       #7 0x556282470e93 <unknown>\nE       #8 0x556282443934 <unknown>\nE       #9 0x55628244471e <unknown>\nE       #10 0x5562826f7cb8 <unknown>\nE       #11 0x5562826fbbf0 <unknown>\nE       #12 0x55628270619c <unknown>\nE       #13 0x5562826fc808 <unknown>\nE       #14 0x5562826c927f <unknown>\nE       #15 0x556282720e88 <unknown>\nE       #16 0x556282721059 <unknown>\nE       #17 0x556282731843 <unknown>\nE       #18 0x7f6cd5694b43 <unknown>\n\n/opt/hostedtoolcache/Python/3.11.5/x64/lib/python3.11/site-packages/selenium/webdriver/support/wait.py:95: TimeoutException",
    "steps" : [ {
      "name" : "Open a browser",
      "time" : {
        "start" : 1697334005655,
        "stop" : 1697334005835,
        "duration" : 180
      },
      "status" : "passed",
      "steps" : [ ],
      "attachments" : [ ],
      "parameters" : [ ],
      "stepsCount" : 0,
      "attachmentsCount" : 0,
      "shouldDisplayMessage" : false,
      "hasContent" : false
    }, {
      "name" : "Redirected the link \"Gear - Watches\"",
      "time" : {
        "start" : 1697334005835,
        "stop" : 1697334010953,
        "duration" : 5118
      },
      "status" : "broken",
      "statusMessage" : "selenium.common.exceptions.TimeoutException: Message: \nStacktrace:\n#0 0x5562827326b3 <unknown>\n#1 0x5562824081e7 <unknown>\n#2 0x55628244f566 <unknown>\n#3 0x55628244f651 <unknown>\n#4 0x55628248ca74 <unknown>\n#5 0x5562824710ed <unknown>\n#6 0x55628248a322 <unknown>\n#7 0x556282470e93 <unknown>\n#8 0x556282443934 <unknown>\n#9 0x55628244471e <unknown>\n#10 0x5562826f7cb8 <unknown>\n#11 0x5562826fbbf0 <unknown>\n#12 0x55628270619c <unknown>\n#13 0x5562826fc808 <unknown>\n#14 0x5562826c927f <unknown>\n#15 0x556282720e88 <unknown>\n#16 0x556282721059 <unknown>\n#17 0x556282731843 <unknown>\n#18 0x7f6cd5694b43 <unknown>\n\n",
      "statusTrace" : "  File \"/opt/hostedtoolcache/Python/3.11.5/x64/lib/python3.11/site-packages/allure_commons/_allure.py\", line 192, in impl\n    return func(*a, **kw)\n           ^^^^^^^^^^^^^^\n  File \"/home/runner/work/luma_project/luma_project/pages/header_page.py\", line 220, in redirected_the_link_gear_watches\n    self.element_is_visible(self.header_locators.GEAR)\n  File \"/opt/hostedtoolcache/Python/3.11.5/x64/lib/python3.11/site-packages/allure_commons/_allure.py\", line 192, in impl\n    return func(*a, **kw)\n           ^^^^^^^^^^^^^^\n  File \"/home/runner/work/luma_project/luma_project/pages/base_page.py\", line 29, in element_is_visible\n    self.go_to_element(self.element_is_present(locator))\n                       ^^^^^^^^^^^^^^^^^^^^^^^^^^^^^^^^\n  File \"/opt/hostedtoolcache/Python/3.11.5/x64/lib/python3.11/site-packages/allure_commons/_allure.py\", line 192, in impl\n    return func(*a, **kw)\n           ^^^^^^^^^^^^^^\n  File \"/home/runner/work/luma_project/luma_project/pages/base_page.py\", line 50, in element_is_present\n    return wait(self.driver, timeout).until(EC.presence_of_element_located(locator))\n           ^^^^^^^^^^^^^^^^^^^^^^^^^^^^^^^^^^^^^^^^^^^^^^^^^^^^^^^^^^^^^^^^^^^^^^^^^\n  File \"/opt/hostedtoolcache/Python/3.11.5/x64/lib/python3.11/site-packages/selenium/webdriver/support/wait.py\", line 95, in until\n    raise TimeoutException(message, screen, stacktrace)\n",
      "steps" : [ {
        "name" : "Find a visible element",
        "time" : {
          "start" : 1697334005835,
          "stop" : 1697334010952,
          "duration" : 5117
        },
        "status" : "broken",
        "statusMessage" : "selenium.common.exceptions.TimeoutException: Message: \nStacktrace:\n#0 0x5562827326b3 <unknown>\n#1 0x5562824081e7 <unknown>\n#2 0x55628244f566 <unknown>\n#3 0x55628244f651 <unknown>\n#4 0x55628248ca74 <unknown>\n#5 0x5562824710ed <unknown>\n#6 0x55628248a322 <unknown>\n#7 0x556282470e93 <unknown>\n#8 0x556282443934 <unknown>\n#9 0x55628244471e <unknown>\n#10 0x5562826f7cb8 <unknown>\n#11 0x5562826fbbf0 <unknown>\n#12 0x55628270619c <unknown>\n#13 0x5562826fc808 <unknown>\n#14 0x5562826c927f <unknown>\n#15 0x556282720e88 <unknown>\n#16 0x556282721059 <unknown>\n#17 0x556282731843 <unknown>\n#18 0x7f6cd5694b43 <unknown>\n\n",
        "statusTrace" : "  File \"/opt/hostedtoolcache/Python/3.11.5/x64/lib/python3.11/site-packages/allure_commons/_allure.py\", line 192, in impl\n    return func(*a, **kw)\n           ^^^^^^^^^^^^^^\n  File \"/home/runner/work/luma_project/luma_project/pages/base_page.py\", line 29, in element_is_visible\n    self.go_to_element(self.element_is_present(locator))\n                       ^^^^^^^^^^^^^^^^^^^^^^^^^^^^^^^^\n  File \"/opt/hostedtoolcache/Python/3.11.5/x64/lib/python3.11/site-packages/allure_commons/_allure.py\", line 192, in impl\n    return func(*a, **kw)\n           ^^^^^^^^^^^^^^\n  File \"/home/runner/work/luma_project/luma_project/pages/base_page.py\", line 50, in element_is_present\n    return wait(self.driver, timeout).until(EC.presence_of_element_located(locator))\n           ^^^^^^^^^^^^^^^^^^^^^^^^^^^^^^^^^^^^^^^^^^^^^^^^^^^^^^^^^^^^^^^^^^^^^^^^^\n  File \"/opt/hostedtoolcache/Python/3.11.5/x64/lib/python3.11/site-packages/selenium/webdriver/support/wait.py\", line 95, in until\n    raise TimeoutException(message, screen, stacktrace)\n",
        "steps" : [ {
          "name" : "Find a present element",
          "time" : {
            "start" : 1697334005835,
            "stop" : 1697334010952,
            "duration" : 5117
          },
          "status" : "broken",
          "statusMessage" : "selenium.common.exceptions.TimeoutException: Message: \nStacktrace:\n#0 0x5562827326b3 <unknown>\n#1 0x5562824081e7 <unknown>\n#2 0x55628244f566 <unknown>\n#3 0x55628244f651 <unknown>\n#4 0x55628248ca74 <unknown>\n#5 0x5562824710ed <unknown>\n#6 0x55628248a322 <unknown>\n#7 0x556282470e93 <unknown>\n#8 0x556282443934 <unknown>\n#9 0x55628244471e <unknown>\n#10 0x5562826f7cb8 <unknown>\n#11 0x5562826fbbf0 <unknown>\n#12 0x55628270619c <unknown>\n#13 0x5562826fc808 <unknown>\n#14 0x5562826c927f <unknown>\n#15 0x556282720e88 <unknown>\n#16 0x556282721059 <unknown>\n#17 0x556282731843 <unknown>\n#18 0x7f6cd5694b43 <unknown>\n\n",
          "statusTrace" : "  File \"/opt/hostedtoolcache/Python/3.11.5/x64/lib/python3.11/site-packages/allure_commons/_allure.py\", line 192, in impl\n    return func(*a, **kw)\n           ^^^^^^^^^^^^^^\n  File \"/home/runner/work/luma_project/luma_project/pages/base_page.py\", line 50, in element_is_present\n    return wait(self.driver, timeout).until(EC.presence_of_element_located(locator))\n           ^^^^^^^^^^^^^^^^^^^^^^^^^^^^^^^^^^^^^^^^^^^^^^^^^^^^^^^^^^^^^^^^^^^^^^^^^\n  File \"/opt/hostedtoolcache/Python/3.11.5/x64/lib/python3.11/site-packages/selenium/webdriver/support/wait.py\", line 95, in until\n    raise TimeoutException(message, screen, stacktrace)\n",
          "steps" : [ ],
          "attachments" : [ ],
          "parameters" : [ {
            "name" : "locator",
            "value" : "('id', 'ui-id-6')"
          }, {
            "name" : "timeout",
            "value" : "5"
          } ],
          "stepsCount" : 0,
          "attachmentsCount" : 0,
          "shouldDisplayMessage" : true,
          "hasContent" : true
        } ],
        "attachments" : [ ],
        "parameters" : [ {
          "name" : "locator",
          "value" : "('id', 'ui-id-6')"
        }, {
          "name" : "timeout",
          "value" : "10"
        } ],
        "stepsCount" : 1,
        "attachmentsCount" : 0,
        "shouldDisplayMessage" : false,
        "hasContent" : true
      } ],
      "attachments" : [ ],
      "parameters" : [ ],
      "stepsCount" : 2,
      "attachmentsCount" : 0,
      "shouldDisplayMessage" : false,
      "hasContent" : true
    } ],
    "attachments" : [ {
      "uid" : "e04dc8991c493b41",
      "name" : "Screenshot",
      "source" : "e04dc8991c493b41.png",
      "type" : "image/png",
      "size" : 14924
    }, {
      "uid" : "3baed4fbaa75dd4d",
      "name" : "HTML source",
      "source" : "3baed4fbaa75dd4d.html",
      "type" : "text/html",
      "size" : 571
    } ],
    "parameters" : [ ],
    "stepsCount" : 4,
    "attachmentsCount" : 2,
    "shouldDisplayMessage" : true,
    "hasContent" : true
  },
  "afterStages" : [ {
    "name" : "driver::0",
    "time" : {
      "start" : 1697334011149,
      "stop" : 1697334011210,
      "duration" : 61
    },
    "status" : "passed",
    "steps" : [ ],
    "attachments" : [ ],
    "parameters" : [ ],
    "stepsCount" : 0,
    "attachmentsCount" : 0,
    "shouldDisplayMessage" : false,
    "hasContent" : false
  }, {
    "name" : "clear_allure_result_folder::0",
    "time" : {
      "start" : 1697335158583,
      "stop" : 1697335158584,
      "duration" : 1
    },
    "status" : "passed",
    "steps" : [ ],
    "attachments" : [ ],
    "parameters" : [ ],
    "stepsCount" : 0,
    "attachmentsCount" : 0,
    "shouldDisplayMessage" : false,
    "hasContent" : false
  } ],
  "labels" : [ {
    "name" : "epic",
    "value" : "Test Header"
  }, {
    "name" : "parentSuite",
    "value" : "tests"
  }, {
    "name" : "suite",
    "value" : "test_header"
  }, {
    "name" : "subSuite",
    "value" : "TestHeader"
  }, {
    "name" : "host",
    "value" : "fv-az163-423"
  }, {
    "name" : "thread",
    "value" : "3041-MainThread"
  }, {
    "name" : "framework",
    "value" : "pytest"
  }, {
    "name" : "language",
    "value" : "cpython3"
  }, {
    "name" : "package",
    "value" : "tests.test_header"
  }, {
    "name" : "resultFormat",
    "value" : "allure2"
  } ],
  "parameters" : [ ],
  "links" : [ ],
  "hidden" : false,
  "retry" : false,
  "extra" : {
    "severity" : "normal",
    "retries" : [ ],
    "categories" : [ {
      "name" : "Test defects",
      "matchedStatuses" : [ ],
      "flaky" : false
    } ],
    "tags" : [ ]
  },
  "source" : "39dd2aa57715aba3.json",
  "parameterValues" : [ ]
}