{
  "uid" : "3ddb75ea04024288",
  "name" : "tc 07.02.25 Verify the message coupon code is not valid is displayed correct",
  "fullName" : "tests.test_shopping_cart.TestShoppingCartFull#test_tc_07_02_25_verify_msg_coupon_code_is_not_valid_is_displayed",
  "historyId" : "492343fa43b6d6d286e390bbb49df7ba",
  "time" : {
    "start" : 1737251774754,
    "stop" : 1737251778666,
    "duration" : 3912
  },
  "description" : "Check that message coupon code is not valid is displayed correct",
  "descriptionHtml" : "<p>Check that message coupon code is not valid is displayed correct</p>\n",
  "status" : "broken",
  "statusMessage" : "selenium.common.exceptions.StaleElementReferenceException: Message: stale element reference: stale element not found in the current frame\n  (Session info: chrome=131.0.6778.204); For documentation on this error, please visit: https://www.selenium.dev/documentation/webdriver/troubleshooting/errors#stale-element-reference-exception\nStacktrace:\n#0 0x55cce07b38fa <unknown>\n#1 0x55cce02c4d20 <unknown>\n#2 0x55cce02caae3 <unknown>\n#3 0x55cce02cd27e <unknown>\n#4 0x55cce03575ec <unknown>\n#5 0x55cce0337af2 <unknown>\n#6 0x55cce0356560 <unknown>\n#7 0x55cce0337893 <unknown>\n#8 0x55cce030630d <unknown>\n#9 0x55cce030732e <unknown>\n#10 0x55cce078000b <unknown>\n#11 0x55cce0783f97 <unknown>\n#12 0x55cce076c71c <unknown>\n#13 0x55cce0784b17 <unknown>\n#14 0x55cce07516cf <unknown>\n#15 0x55cce07a26b8 <unknown>\n#16 0x55cce07a2880 <unknown>\n#17 0x55cce07b2776 <unknown>\n#18 0x7ffb3929ca94 <unknown>\n#19 0x7ffb39329c3c <unknown>",
  "statusTrace" : "self = <test_shopping_cart.TestShoppingCartFull object at 0x7f3ebf89d910>\ndriver = <selenium.webdriver.chrome.webdriver.WebDriver (session=\"604071f8afd1ccae1e1b924b701de476\")>\nfull_cart_page = None\n\n    @allure.title(\"tc 07.02.25 Verify the message coupon code is not valid is displayed correct\")\n    def test_tc_07_02_25_verify_msg_coupon_code_is_not_valid_is_displayed(self, driver, full_cart_page):\n        \"\"\"Check that message coupon code is not valid is displayed correct\"\"\"\n        page = ShoppingCartPage(driver, SHOPPING_CART_PAGE)\n        page.open()\n        page.click_apply_discount_code()\n        page.send_discount_code(page.code)\n        page.click_btn_apply_discount()\n>       msg = page.get_msg_discount_code_is_not_valid()\n\ntests/test_shopping_cart.py:166: \n_ _ _ _ _ _ _ _ _ _ _ _ _ _ _ _ _ _ _ _ _ _ _ _ _ _ _ _ _ _ _ _ _ _ _ _ _ _ _ _ \npages/shopping_cart_page.py:219: in get_msg_discount_code_is_not_valid\n    msg = self.element_is_visible(self.shopping_locators.MSG_CODE_IS_NOT_VALID).text\npages/base_page.py:29: in element_is_visible\n    self.go_to_element(self.element_is_present(locator))\npages/base_page.py:87: in go_to_element\n    self.driver.execute_script(\"arguments[0].scrollIntoView();\", element)\n/opt/hostedtoolcache/Python/3.11.11/x64/lib/python3.11/site-packages/selenium/webdriver/remote/webdriver.py:404: in execute_script\n    return self.execute(command, {\"script\": script, \"args\": converted_args})[\"value\"]\n/opt/hostedtoolcache/Python/3.11.11/x64/lib/python3.11/site-packages/selenium/webdriver/remote/webdriver.py:344: in execute\n    self.error_handler.check_response(response)\n_ _ _ _ _ _ _ _ _ _ _ _ _ _ _ _ _ _ _ _ _ _ _ _ _ _ _ _ _ _ _ _ _ _ _ _ _ _ _ _ \n\nself = <selenium.webdriver.remote.errorhandler.ErrorHandler object at 0x7f3ebf6dcc90>\nresponse = {'status': 404, 'value': '{\"value\":{\"error\":\"stale element reference\",\"message\":\"stale element reference: stale elemen...\\\\n#17 0x55cce07b2776 \\\\u003Cunknown>\\\\n#18 0x7ffb3929ca94 \\\\u003Cunknown>\\\\n#19 0x7ffb39329c3c \\\\u003Cunknown>\\\\n\"}}'}\n\n    def check_response(self, response: Dict[str, Any]) -> None:\n        \"\"\"Checks that a JSON response from the WebDriver does not have an\n        error.\n    \n        :Args:\n         - response - The JSON response from the WebDriver server as a dictionary\n           object.\n    \n        :Raises: If the response contains an error message.\n        \"\"\"\n        status = response.get(\"status\", None)\n        if not status or status == ErrorCode.SUCCESS:\n            return\n        value = None\n        message = response.get(\"message\", \"\")\n        screen: str = response.get(\"screen\", \"\")\n        stacktrace = None\n        if isinstance(status, int):\n            value_json = response.get(\"value\", None)\n            if value_json and isinstance(value_json, str):\n                import json\n    \n                try:\n                    value = json.loads(value_json)\n                    if len(value) == 1:\n                        value = value[\"value\"]\n                    status = value.get(\"error\", None)\n                    if not status:\n                        status = value.get(\"status\", ErrorCode.UNKNOWN_ERROR)\n                        message = value.get(\"value\") or value.get(\"message\")\n                        if not isinstance(message, str):\n                            value = message\n                            message = message.get(\"message\")\n                    else:\n                        message = value.get(\"message\", None)\n                except ValueError:\n                    pass\n    \n        exception_class: Type[WebDriverException]\n        e = ErrorCode()\n        error_codes = [item for item in dir(e) if not item.startswith(\"__\")]\n        for error_code in error_codes:\n            error_info = getattr(ErrorCode, error_code)\n            if isinstance(error_info, list) and status in error_info:\n                exception_class = getattr(ExceptionMapping, error_code, WebDriverException)\n                break\n        else:\n            exception_class = WebDriverException\n    \n        if not value:\n            value = response[\"value\"]\n        if isinstance(value, str):\n            raise exception_class(value)\n        if message == \"\" and \"message\" in value:\n            message = value[\"message\"]\n    \n        screen = None  # type: ignore[assignment]\n        if \"screen\" in value:\n            screen = value[\"screen\"]\n    \n        stacktrace = None\n        st_value = value.get(\"stackTrace\") or value.get(\"stacktrace\")\n        if st_value:\n            if isinstance(st_value, str):\n                stacktrace = st_value.split(\"\\n\")\n            else:\n                stacktrace = []\n                try:\n                    for frame in st_value:\n                        line = frame.get(\"lineNumber\", \"\")\n                        file = frame.get(\"fileName\", \"<anonymous>\")\n                        if line:\n                            file = f\"{file}:{line}\"\n                        meth = frame.get(\"methodName\", \"<anonymous>\")\n                        if \"className\" in frame:\n                            meth = f\"{frame['className']}.{meth}\"\n                        msg = \"    at %s (%s)\"\n                        msg = msg % (meth, file)\n                        stacktrace.append(msg)\n                except TypeError:\n                    pass\n        if exception_class == UnexpectedAlertPresentException:\n            alert_text = None\n            if \"data\" in value:\n                alert_text = value[\"data\"].get(\"text\")\n            elif \"alert\" in value:\n                alert_text = value[\"alert\"].get(\"text\")\n            raise exception_class(message, screen, stacktrace, alert_text)  # type: ignore[call-arg]  # mypy is not smart enough here\n>       raise exception_class(message, screen, stacktrace)\nE       selenium.common.exceptions.StaleElementReferenceException: Message: stale element reference: stale element not found in the current frame\nE         (Session info: chrome=131.0.6778.204); For documentation on this error, please visit: https://www.selenium.dev/documentation/webdriver/troubleshooting/errors#stale-element-reference-exception\nE       Stacktrace:\nE       #0 0x55cce07b38fa <unknown>\nE       #1 0x55cce02c4d20 <unknown>\nE       #2 0x55cce02caae3 <unknown>\nE       #3 0x55cce02cd27e <unknown>\nE       #4 0x55cce03575ec <unknown>\nE       #5 0x55cce0337af2 <unknown>\nE       #6 0x55cce0356560 <unknown>\nE       #7 0x55cce0337893 <unknown>\nE       #8 0x55cce030630d <unknown>\nE       #9 0x55cce030732e <unknown>\nE       #10 0x55cce078000b <unknown>\nE       #11 0x55cce0783f97 <unknown>\nE       #12 0x55cce076c71c <unknown>\nE       #13 0x55cce0784b17 <unknown>\nE       #14 0x55cce07516cf <unknown>\nE       #15 0x55cce07a26b8 <unknown>\nE       #16 0x55cce07a2880 <unknown>\nE       #17 0x55cce07b2776 <unknown>\nE       #18 0x7ffb3929ca94 <unknown>\nE       #19 0x7ffb39329c3c <unknown>\n\n/opt/hostedtoolcache/Python/3.11.11/x64/lib/python3.11/site-packages/selenium/webdriver/remote/errorhandler.py:229: StaleElementReferenceException",
  "flaky" : false,
  "newFailed" : false,
  "beforeStages" : [ {
    "name" : "driver",
    "time" : {
      "start" : 1737251768973,
      "stop" : 1737251770174,
      "duration" : 1201
    },
    "status" : "passed",
    "steps" : [ ],
    "attachments" : [ ],
    "parameters" : [ ],
    "stepsCount" : 0,
    "attachmentsCount" : 0,
    "shouldDisplayMessage" : false,
    "hasContent" : false
  }, {
    "name" : "_session_faker",
    "time" : {
      "start" : 1737250538752,
      "stop" : 1737250538819,
      "duration" : 67
    },
    "status" : "passed",
    "steps" : [ ],
    "attachments" : [ ],
    "parameters" : [ ],
    "stepsCount" : 0,
    "attachmentsCount" : 0,
    "shouldDisplayMessage" : false,
    "hasContent" : false
  }, {
    "name" : "clear_allure_result_folder",
    "time" : {
      "start" : 1737250538819,
      "stop" : 1737250538819,
      "duration" : 0
    },
    "status" : "passed",
    "steps" : [ ],
    "attachments" : [ ],
    "parameters" : [ ],
    "stepsCount" : 0,
    "attachmentsCount" : 0,
    "shouldDisplayMessage" : false,
    "hasContent" : false
  }, {
    "name" : "full_cart_page",
    "time" : {
      "start" : 1737251770174,
      "stop" : 1737251774754,
      "duration" : 4580
    },
    "status" : "passed",
    "steps" : [ ],
    "attachments" : [ ],
    "parameters" : [ ],
    "stepsCount" : 0,
    "attachmentsCount" : 0,
    "shouldDisplayMessage" : false,
    "hasContent" : false
  } ],
  "testStage" : {
    "description" : "Check that message coupon code is not valid is displayed correct",
    "status" : "broken",
    "statusMessage" : "selenium.common.exceptions.StaleElementReferenceException: Message: stale element reference: stale element not found in the current frame\n  (Session info: chrome=131.0.6778.204); For documentation on this error, please visit: https://www.selenium.dev/documentation/webdriver/troubleshooting/errors#stale-element-reference-exception\nStacktrace:\n#0 0x55cce07b38fa <unknown>\n#1 0x55cce02c4d20 <unknown>\n#2 0x55cce02caae3 <unknown>\n#3 0x55cce02cd27e <unknown>\n#4 0x55cce03575ec <unknown>\n#5 0x55cce0337af2 <unknown>\n#6 0x55cce0356560 <unknown>\n#7 0x55cce0337893 <unknown>\n#8 0x55cce030630d <unknown>\n#9 0x55cce030732e <unknown>\n#10 0x55cce078000b <unknown>\n#11 0x55cce0783f97 <unknown>\n#12 0x55cce076c71c <unknown>\n#13 0x55cce0784b17 <unknown>\n#14 0x55cce07516cf <unknown>\n#15 0x55cce07a26b8 <unknown>\n#16 0x55cce07a2880 <unknown>\n#17 0x55cce07b2776 <unknown>\n#18 0x7ffb3929ca94 <unknown>\n#19 0x7ffb39329c3c <unknown>",
    "statusTrace" : "self = <test_shopping_cart.TestShoppingCartFull object at 0x7f3ebf89d910>\ndriver = <selenium.webdriver.chrome.webdriver.WebDriver (session=\"604071f8afd1ccae1e1b924b701de476\")>\nfull_cart_page = None\n\n    @allure.title(\"tc 07.02.25 Verify the message coupon code is not valid is displayed correct\")\n    def test_tc_07_02_25_verify_msg_coupon_code_is_not_valid_is_displayed(self, driver, full_cart_page):\n        \"\"\"Check that message coupon code is not valid is displayed correct\"\"\"\n        page = ShoppingCartPage(driver, SHOPPING_CART_PAGE)\n        page.open()\n        page.click_apply_discount_code()\n        page.send_discount_code(page.code)\n        page.click_btn_apply_discount()\n>       msg = page.get_msg_discount_code_is_not_valid()\n\ntests/test_shopping_cart.py:166: \n_ _ _ _ _ _ _ _ _ _ _ _ _ _ _ _ _ _ _ _ _ _ _ _ _ _ _ _ _ _ _ _ _ _ _ _ _ _ _ _ \npages/shopping_cart_page.py:219: in get_msg_discount_code_is_not_valid\n    msg = self.element_is_visible(self.shopping_locators.MSG_CODE_IS_NOT_VALID).text\npages/base_page.py:29: in element_is_visible\n    self.go_to_element(self.element_is_present(locator))\npages/base_page.py:87: in go_to_element\n    self.driver.execute_script(\"arguments[0].scrollIntoView();\", element)\n/opt/hostedtoolcache/Python/3.11.11/x64/lib/python3.11/site-packages/selenium/webdriver/remote/webdriver.py:404: in execute_script\n    return self.execute(command, {\"script\": script, \"args\": converted_args})[\"value\"]\n/opt/hostedtoolcache/Python/3.11.11/x64/lib/python3.11/site-packages/selenium/webdriver/remote/webdriver.py:344: in execute\n    self.error_handler.check_response(response)\n_ _ _ _ _ _ _ _ _ _ _ _ _ _ _ _ _ _ _ _ _ _ _ _ _ _ _ _ _ _ _ _ _ _ _ _ _ _ _ _ \n\nself = <selenium.webdriver.remote.errorhandler.ErrorHandler object at 0x7f3ebf6dcc90>\nresponse = {'status': 404, 'value': '{\"value\":{\"error\":\"stale element reference\",\"message\":\"stale element reference: stale elemen...\\\\n#17 0x55cce07b2776 \\\\u003Cunknown>\\\\n#18 0x7ffb3929ca94 \\\\u003Cunknown>\\\\n#19 0x7ffb39329c3c \\\\u003Cunknown>\\\\n\"}}'}\n\n    def check_response(self, response: Dict[str, Any]) -> None:\n        \"\"\"Checks that a JSON response from the WebDriver does not have an\n        error.\n    \n        :Args:\n         - response - The JSON response from the WebDriver server as a dictionary\n           object.\n    \n        :Raises: If the response contains an error message.\n        \"\"\"\n        status = response.get(\"status\", None)\n        if not status or status == ErrorCode.SUCCESS:\n            return\n        value = None\n        message = response.get(\"message\", \"\")\n        screen: str = response.get(\"screen\", \"\")\n        stacktrace = None\n        if isinstance(status, int):\n            value_json = response.get(\"value\", None)\n            if value_json and isinstance(value_json, str):\n                import json\n    \n                try:\n                    value = json.loads(value_json)\n                    if len(value) == 1:\n                        value = value[\"value\"]\n                    status = value.get(\"error\", None)\n                    if not status:\n                        status = value.get(\"status\", ErrorCode.UNKNOWN_ERROR)\n                        message = value.get(\"value\") or value.get(\"message\")\n                        if not isinstance(message, str):\n                            value = message\n                            message = message.get(\"message\")\n                    else:\n                        message = value.get(\"message\", None)\n                except ValueError:\n                    pass\n    \n        exception_class: Type[WebDriverException]\n        e = ErrorCode()\n        error_codes = [item for item in dir(e) if not item.startswith(\"__\")]\n        for error_code in error_codes:\n            error_info = getattr(ErrorCode, error_code)\n            if isinstance(error_info, list) and status in error_info:\n                exception_class = getattr(ExceptionMapping, error_code, WebDriverException)\n                break\n        else:\n            exception_class = WebDriverException\n    \n        if not value:\n            value = response[\"value\"]\n        if isinstance(value, str):\n            raise exception_class(value)\n        if message == \"\" and \"message\" in value:\n            message = value[\"message\"]\n    \n        screen = None  # type: ignore[assignment]\n        if \"screen\" in value:\n            screen = value[\"screen\"]\n    \n        stacktrace = None\n        st_value = value.get(\"stackTrace\") or value.get(\"stacktrace\")\n        if st_value:\n            if isinstance(st_value, str):\n                stacktrace = st_value.split(\"\\n\")\n            else:\n                stacktrace = []\n                try:\n                    for frame in st_value:\n                        line = frame.get(\"lineNumber\", \"\")\n                        file = frame.get(\"fileName\", \"<anonymous>\")\n                        if line:\n                            file = f\"{file}:{line}\"\n                        meth = frame.get(\"methodName\", \"<anonymous>\")\n                        if \"className\" in frame:\n                            meth = f\"{frame['className']}.{meth}\"\n                        msg = \"    at %s (%s)\"\n                        msg = msg % (meth, file)\n                        stacktrace.append(msg)\n                except TypeError:\n                    pass\n        if exception_class == UnexpectedAlertPresentException:\n            alert_text = None\n            if \"data\" in value:\n                alert_text = value[\"data\"].get(\"text\")\n            elif \"alert\" in value:\n                alert_text = value[\"alert\"].get(\"text\")\n            raise exception_class(message, screen, stacktrace, alert_text)  # type: ignore[call-arg]  # mypy is not smart enough here\n>       raise exception_class(message, screen, stacktrace)\nE       selenium.common.exceptions.StaleElementReferenceException: Message: stale element reference: stale element not found in the current frame\nE         (Session info: chrome=131.0.6778.204); For documentation on this error, please visit: https://www.selenium.dev/documentation/webdriver/troubleshooting/errors#stale-element-reference-exception\nE       Stacktrace:\nE       #0 0x55cce07b38fa <unknown>\nE       #1 0x55cce02c4d20 <unknown>\nE       #2 0x55cce02caae3 <unknown>\nE       #3 0x55cce02cd27e <unknown>\nE       #4 0x55cce03575ec <unknown>\nE       #5 0x55cce0337af2 <unknown>\nE       #6 0x55cce0356560 <unknown>\nE       #7 0x55cce0337893 <unknown>\nE       #8 0x55cce030630d <unknown>\nE       #9 0x55cce030732e <unknown>\nE       #10 0x55cce078000b <unknown>\nE       #11 0x55cce0783f97 <unknown>\nE       #12 0x55cce076c71c <unknown>\nE       #13 0x55cce0784b17 <unknown>\nE       #14 0x55cce07516cf <unknown>\nE       #15 0x55cce07a26b8 <unknown>\nE       #16 0x55cce07a2880 <unknown>\nE       #17 0x55cce07b2776 <unknown>\nE       #18 0x7ffb3929ca94 <unknown>\nE       #19 0x7ffb39329c3c <unknown>\n\n/opt/hostedtoolcache/Python/3.11.11/x64/lib/python3.11/site-packages/selenium/webdriver/remote/errorhandler.py:229: StaleElementReferenceException",
    "steps" : [ {
      "name" : "Open a browser",
      "time" : {
        "start" : 1737251774754,
        "stop" : 1737251776333,
        "duration" : 1579
      },
      "status" : "passed",
      "steps" : [ ],
      "attachments" : [ ],
      "parameters" : [ ],
      "stepsCount" : 0,
      "attachmentsCount" : 0,
      "shouldDisplayMessage" : false,
      "hasContent" : false
    }, {
      "name" : "Apply Discount Code on click",
      "time" : {
        "start" : 1737251776333,
        "stop" : 1737251776499,
        "duration" : 166
      },
      "status" : "passed",
      "steps" : [ {
        "name" : "Find clickable elements",
        "time" : {
          "start" : 1737251776333,
          "stop" : 1737251776426,
          "duration" : 93
        },
        "status" : "passed",
        "steps" : [ ],
        "attachments" : [ ],
        "parameters" : [ {
          "name" : "locator",
          "value" : "('css selector', '#block-discount-heading')"
        }, {
          "name" : "timeout",
          "value" : "5"
        } ],
        "stepsCount" : 0,
        "attachmentsCount" : 0,
        "shouldDisplayMessage" : false,
        "hasContent" : true
      } ],
      "attachments" : [ ],
      "parameters" : [ ],
      "stepsCount" : 1,
      "attachmentsCount" : 0,
      "shouldDisplayMessage" : false,
      "hasContent" : true
    }, {
      "name" : "Send discount code",
      "time" : {
        "start" : 1737251776499,
        "stop" : 1737251776629,
        "duration" : 130
      },
      "status" : "passed",
      "steps" : [ {
        "name" : "Fill in a field",
        "time" : {
          "start" : 1737251776500,
          "stop" : 1737251776629,
          "duration" : 129
        },
        "status" : "passed",
        "steps" : [ {
          "name" : "Find clickable elements",
          "time" : {
            "start" : 1737251776500,
            "stop" : 1737251776531,
            "duration" : 31
          },
          "status" : "passed",
          "steps" : [ ],
          "attachments" : [ ],
          "parameters" : [ {
            "name" : "locator",
            "value" : "('css selector', '#coupon_code')"
          }, {
            "name" : "timeout",
            "value" : "5"
          } ],
          "stepsCount" : 0,
          "attachmentsCount" : 0,
          "shouldDisplayMessage" : false,
          "hasContent" : true
        } ],
        "attachments" : [ ],
        "parameters" : [ {
          "name" : "locator",
          "value" : "('css selector', '#coupon_code')"
        }, {
          "name" : "value",
          "value" : "'xqrlbiou'"
        } ],
        "stepsCount" : 1,
        "attachmentsCount" : 0,
        "shouldDisplayMessage" : false,
        "hasContent" : true
      } ],
      "attachments" : [ ],
      "parameters" : [ {
        "name" : "code",
        "value" : "'xqrlbiou'"
      } ],
      "stepsCount" : 2,
      "attachmentsCount" : 0,
      "shouldDisplayMessage" : false,
      "hasContent" : true
    }, {
      "name" : "Click button Apply Discount",
      "time" : {
        "start" : 1737251776629,
        "stop" : 1737251778603,
        "duration" : 1974
      },
      "status" : "passed",
      "steps" : [ {
        "name" : "Find clickable elements",
        "time" : {
          "start" : 1737251776629,
          "stop" : 1737251776649,
          "duration" : 20
        },
        "status" : "passed",
        "steps" : [ ],
        "attachments" : [ ],
        "parameters" : [ {
          "name" : "locator",
          "value" : "('css selector', '#discount-coupon-form > div > div.actions-toolbar > div > button')"
        }, {
          "name" : "timeout",
          "value" : "5"
        } ],
        "stepsCount" : 0,
        "attachmentsCount" : 0,
        "shouldDisplayMessage" : false,
        "hasContent" : true
      } ],
      "attachments" : [ ],
      "parameters" : [ ],
      "stepsCount" : 1,
      "attachmentsCount" : 0,
      "shouldDisplayMessage" : false,
      "hasContent" : true
    }, {
      "name" : "Get message discount code is not valid by page",
      "time" : {
        "start" : 1737251778603,
        "stop" : 1737251778666,
        "duration" : 63
      },
      "status" : "broken",
      "statusMessage" : "selenium.common.exceptions.StaleElementReferenceException: Message: stale element reference: stale element not found in the current frame\n  (Session info: chrome=131.0.6778.204); For documentation on this error, please visit: https://www.selenium.dev/documentation/webdriver/troubleshooting/errors#stale-element-reference-exception\nStacktrace:\n#0 0x55cce07b38fa <unknown>\n#1 0x55cce02c4d20 <unknown>\n#2 0x55cce02caae3 <unknown>\n#3 0x55cce02cd27e <unknown>\n#4 0x55cce03575ec <unknown>\n#5 0x55cce0337af2 <unknown>\n#6 0x55cce0356560 <unknown>\n#7 0x55cce0337893 <unknown>\n#8 0x55cce030630d <unknown>\n#9 0x55cce030732e <unknown>\n#10 0x55cce078000b <unknown>\n#11 0x55cce0783f97 <unknown>\n#12 0x55cce076c71c <unknown>\n#13 0x55cce0784b17 <unknown>\n#14 0x55cce07516cf <unknown>\n#15 0x55cce07a26b8 <unknown>\n#16 0x55cce07a2880 <unknown>\n#17 0x55cce07b2776 <unknown>\n#18 0x7ffb3929ca94 <unknown>\n#19 0x7ffb39329c3c <unknown>\n\n",
      "statusTrace" : "  File \"/opt/hostedtoolcache/Python/3.11.11/x64/lib/python3.11/site-packages/allure_commons/_allure.py\", line 192, in impl\n    return func(*a, **kw)\n           ^^^^^^^^^^^^^^\n  File \"/home/runner/work/luma_project/luma_project/pages/shopping_cart_page.py\", line 219, in get_msg_discount_code_is_not_valid\n    msg = self.element_is_visible(self.shopping_locators.MSG_CODE_IS_NOT_VALID).text\n          ^^^^^^^^^^^^^^^^^^^^^^^^^^^^^^^^^^^^^^^^^^^^^^^^^^^^^^^^^^^^^^^^^^^^^\n  File \"/opt/hostedtoolcache/Python/3.11.11/x64/lib/python3.11/site-packages/allure_commons/_allure.py\", line 192, in impl\n    return func(*a, **kw)\n           ^^^^^^^^^^^^^^\n  File \"/home/runner/work/luma_project/luma_project/pages/base_page.py\", line 29, in element_is_visible\n    self.go_to_element(self.element_is_present(locator))\n  File \"/opt/hostedtoolcache/Python/3.11.11/x64/lib/python3.11/site-packages/allure_commons/_allure.py\", line 192, in impl\n    return func(*a, **kw)\n           ^^^^^^^^^^^^^^\n  File \"/home/runner/work/luma_project/luma_project/pages/base_page.py\", line 87, in go_to_element\n    self.driver.execute_script(\"arguments[0].scrollIntoView();\", element)\n  File \"/opt/hostedtoolcache/Python/3.11.11/x64/lib/python3.11/site-packages/selenium/webdriver/remote/webdriver.py\", line 404, in execute_script\n    return self.execute(command, {\"script\": script, \"args\": converted_args})[\"value\"]\n           ^^^^^^^^^^^^^^^^^^^^^^^^^^^^^^^^^^^^^^^^^^^^^^^^^^^^^^^^^^^^^^^^^\n  File \"/opt/hostedtoolcache/Python/3.11.11/x64/lib/python3.11/site-packages/selenium/webdriver/remote/webdriver.py\", line 344, in execute\n    self.error_handler.check_response(response)\n  File \"/opt/hostedtoolcache/Python/3.11.11/x64/lib/python3.11/site-packages/selenium/webdriver/remote/errorhandler.py\", line 229, in check_response\n    raise exception_class(message, screen, stacktrace)\n",
      "steps" : [ {
        "name" : "Find a visible element",
        "time" : {
          "start" : 1737251778603,
          "stop" : 1737251778665,
          "duration" : 62
        },
        "status" : "broken",
        "statusMessage" : "selenium.common.exceptions.StaleElementReferenceException: Message: stale element reference: stale element not found in the current frame\n  (Session info: chrome=131.0.6778.204); For documentation on this error, please visit: https://www.selenium.dev/documentation/webdriver/troubleshooting/errors#stale-element-reference-exception\nStacktrace:\n#0 0x55cce07b38fa <unknown>\n#1 0x55cce02c4d20 <unknown>\n#2 0x55cce02caae3 <unknown>\n#3 0x55cce02cd27e <unknown>\n#4 0x55cce03575ec <unknown>\n#5 0x55cce0337af2 <unknown>\n#6 0x55cce0356560 <unknown>\n#7 0x55cce0337893 <unknown>\n#8 0x55cce030630d <unknown>\n#9 0x55cce030732e <unknown>\n#10 0x55cce078000b <unknown>\n#11 0x55cce0783f97 <unknown>\n#12 0x55cce076c71c <unknown>\n#13 0x55cce0784b17 <unknown>\n#14 0x55cce07516cf <unknown>\n#15 0x55cce07a26b8 <unknown>\n#16 0x55cce07a2880 <unknown>\n#17 0x55cce07b2776 <unknown>\n#18 0x7ffb3929ca94 <unknown>\n#19 0x7ffb39329c3c <unknown>\n\n",
        "statusTrace" : "  File \"/opt/hostedtoolcache/Python/3.11.11/x64/lib/python3.11/site-packages/allure_commons/_allure.py\", line 192, in impl\n    return func(*a, **kw)\n           ^^^^^^^^^^^^^^\n  File \"/home/runner/work/luma_project/luma_project/pages/base_page.py\", line 29, in element_is_visible\n    self.go_to_element(self.element_is_present(locator))\n  File \"/opt/hostedtoolcache/Python/3.11.11/x64/lib/python3.11/site-packages/allure_commons/_allure.py\", line 192, in impl\n    return func(*a, **kw)\n           ^^^^^^^^^^^^^^\n  File \"/home/runner/work/luma_project/luma_project/pages/base_page.py\", line 87, in go_to_element\n    self.driver.execute_script(\"arguments[0].scrollIntoView();\", element)\n  File \"/opt/hostedtoolcache/Python/3.11.11/x64/lib/python3.11/site-packages/selenium/webdriver/remote/webdriver.py\", line 404, in execute_script\n    return self.execute(command, {\"script\": script, \"args\": converted_args})[\"value\"]\n           ^^^^^^^^^^^^^^^^^^^^^^^^^^^^^^^^^^^^^^^^^^^^^^^^^^^^^^^^^^^^^^^^^\n  File \"/opt/hostedtoolcache/Python/3.11.11/x64/lib/python3.11/site-packages/selenium/webdriver/remote/webdriver.py\", line 344, in execute\n    self.error_handler.check_response(response)\n  File \"/opt/hostedtoolcache/Python/3.11.11/x64/lib/python3.11/site-packages/selenium/webdriver/remote/errorhandler.py\", line 229, in check_response\n    raise exception_class(message, screen, stacktrace)\n",
        "steps" : [ {
          "name" : "Find a present element",
          "time" : {
            "start" : 1737251778603,
            "stop" : 1737251778612,
            "duration" : 9
          },
          "status" : "passed",
          "steps" : [ ],
          "attachments" : [ ],
          "parameters" : [ {
            "name" : "locator",
            "value" : "('css selector', '#maincontent > div.page.messages > div:nth-child(2) > div > div > div')"
          }, {
            "name" : "timeout",
            "value" : "5"
          } ],
          "stepsCount" : 0,
          "attachmentsCount" : 0,
          "shouldDisplayMessage" : false,
          "hasContent" : true
        }, {
          "name" : "Go to specified element",
          "time" : {
            "start" : 1737251778612,
            "stop" : 1737251778665,
            "duration" : 53
          },
          "status" : "broken",
          "statusMessage" : "selenium.common.exceptions.StaleElementReferenceException: Message: stale element reference: stale element not found in the current frame\n  (Session info: chrome=131.0.6778.204); For documentation on this error, please visit: https://www.selenium.dev/documentation/webdriver/troubleshooting/errors#stale-element-reference-exception\nStacktrace:\n#0 0x55cce07b38fa <unknown>\n#1 0x55cce02c4d20 <unknown>\n#2 0x55cce02caae3 <unknown>\n#3 0x55cce02cd27e <unknown>\n#4 0x55cce03575ec <unknown>\n#5 0x55cce0337af2 <unknown>\n#6 0x55cce0356560 <unknown>\n#7 0x55cce0337893 <unknown>\n#8 0x55cce030630d <unknown>\n#9 0x55cce030732e <unknown>\n#10 0x55cce078000b <unknown>\n#11 0x55cce0783f97 <unknown>\n#12 0x55cce076c71c <unknown>\n#13 0x55cce0784b17 <unknown>\n#14 0x55cce07516cf <unknown>\n#15 0x55cce07a26b8 <unknown>\n#16 0x55cce07a2880 <unknown>\n#17 0x55cce07b2776 <unknown>\n#18 0x7ffb3929ca94 <unknown>\n#19 0x7ffb39329c3c <unknown>\n\n",
          "statusTrace" : "  File \"/opt/hostedtoolcache/Python/3.11.11/x64/lib/python3.11/site-packages/allure_commons/_allure.py\", line 192, in impl\n    return func(*a, **kw)\n           ^^^^^^^^^^^^^^\n  File \"/home/runner/work/luma_project/luma_project/pages/base_page.py\", line 87, in go_to_element\n    self.driver.execute_script(\"arguments[0].scrollIntoView();\", element)\n  File \"/opt/hostedtoolcache/Python/3.11.11/x64/lib/python3.11/site-packages/selenium/webdriver/remote/webdriver.py\", line 404, in execute_script\n    return self.execute(command, {\"script\": script, \"args\": converted_args})[\"value\"]\n           ^^^^^^^^^^^^^^^^^^^^^^^^^^^^^^^^^^^^^^^^^^^^^^^^^^^^^^^^^^^^^^^^^\n  File \"/opt/hostedtoolcache/Python/3.11.11/x64/lib/python3.11/site-packages/selenium/webdriver/remote/webdriver.py\", line 344, in execute\n    self.error_handler.check_response(response)\n  File \"/opt/hostedtoolcache/Python/3.11.11/x64/lib/python3.11/site-packages/selenium/webdriver/remote/errorhandler.py\", line 229, in check_response\n    raise exception_class(message, screen, stacktrace)\n",
          "steps" : [ ],
          "attachments" : [ ],
          "parameters" : [ {
            "name" : "element",
            "value" : "<selenium.webdriver.remote.webelement.WebElement (session=\"604071f8afd1ccae1e1b924b701de476\", element=\"f.1302970FE6F8F93229908FD4C3FBB974.d.5776D1B52F5AE8561FB3332480EAF2BB.e.249\")>"
          } ],
          "stepsCount" : 0,
          "attachmentsCount" : 0,
          "shouldDisplayMessage" : true,
          "hasContent" : true
        } ],
        "attachments" : [ ],
        "parameters" : [ {
          "name" : "locator",
          "value" : "('css selector', '#maincontent > div.page.messages > div:nth-child(2) > div > div > div')"
        }, {
          "name" : "timeout",
          "value" : "10"
        } ],
        "stepsCount" : 2,
        "attachmentsCount" : 0,
        "shouldDisplayMessage" : false,
        "hasContent" : true
      } ],
      "attachments" : [ ],
      "parameters" : [ ],
      "stepsCount" : 3,
      "attachmentsCount" : 0,
      "shouldDisplayMessage" : false,
      "hasContent" : true
    } ],
    "attachments" : [ {
      "uid" : "3d620fe45fd4447c",
      "name" : "Screenshot",
      "source" : "3d620fe45fd4447c.png",
      "type" : "image/png",
      "size" : 92052
    }, {
      "uid" : "98e00591f22c3749",
      "name" : "HTML source",
      "source" : "98e00591f22c3749.html",
      "type" : "text/html",
      "size" : 200500
    } ],
    "parameters" : [ ],
    "stepsCount" : 12,
    "attachmentsCount" : 2,
    "shouldDisplayMessage" : true,
    "hasContent" : true
  },
  "afterStages" : [ {
    "name" : "driver::0",
    "time" : {
      "start" : 1737251778840,
      "stop" : 1737251778920,
      "duration" : 80
    },
    "status" : "passed",
    "steps" : [ ],
    "attachments" : [ ],
    "parameters" : [ ],
    "stepsCount" : 0,
    "attachmentsCount" : 0,
    "shouldDisplayMessage" : false,
    "hasContent" : false
  }, {
    "name" : "clear_allure_result_folder::0",
    "time" : {
      "start" : 1737251969857,
      "stop" : 1737251969857,
      "duration" : 0
    },
    "status" : "passed",
    "steps" : [ ],
    "attachments" : [ ],
    "parameters" : [ ],
    "stepsCount" : 0,
    "attachmentsCount" : 0,
    "shouldDisplayMessage" : false,
    "hasContent" : false
  } ],
  "labels" : [ {
    "name" : "feature",
    "value" : "Shopping Cart is full"
  }, {
    "name" : "parentSuite",
    "value" : "tests"
  }, {
    "name" : "suite",
    "value" : "test_shopping_cart"
  }, {
    "name" : "subSuite",
    "value" : "TestShoppingCartFull"
  }, {
    "name" : "host",
    "value" : "fv-az1959-184"
  }, {
    "name" : "thread",
    "value" : "2788-MainThread"
  }, {
    "name" : "framework",
    "value" : "pytest"
  }, {
    "name" : "language",
    "value" : "cpython3"
  }, {
    "name" : "package",
    "value" : "tests.test_shopping_cart"
  }, {
    "name" : "resultFormat",
    "value" : "allure2"
  } ],
  "parameters" : [ ],
  "links" : [ ],
  "hidden" : false,
  "retry" : false,
  "extra" : {
    "severity" : "normal",
    "retries" : [ ],
    "categories" : [ {
      "name" : "Test defects",
      "matchedStatuses" : [ ],
      "flaky" : false
    } ],
    "tags" : [ ]
  },
  "source" : "3ddb75ea04024288.json",
  "parameterValues" : [ ]
}