{
  "uid" : "4450bf9cc2af6084",
  "name" : "TC 13.01.32 - Check the display of the info block in block 4 'home-performance' in the Promo Block",
  "fullName" : "tests.test_main_page.TestPromoBlock#test_tc_13_01_32_check_info_block_in_section2_block4",
  "historyId" : "e26dbc4a6a4b409af744f5f4e00097fd",
  "time" : {
    "start" : 1736041809541,
    "stop" : 1736041815561,
    "duration" : 6020
  },
  "description" : "This test checks if info block in section 2 block 4 'home-performance' is displayed in the Promo Block\n            under header on the Main Page",
  "descriptionHtml" : "<p>This test checks if info block in section 2 block 4 'home-performance' is displayed in the Promo Block\nunder header on the Main Page</p>\n",
  "status" : "broken",
  "statusMessage" : "selenium.common.exceptions.TimeoutException: Message: \nStacktrace:\n#0 0x558df361a31a <unknown>\n#1 0x558df31306e0 <unknown>\n#2 0x558df317f3e6 <unknown>\n#3 0x558df317f681 <unknown>\n#4 0x558df31c4b04 <unknown>\n#5 0x558df31a348d <unknown>\n#6 0x558df31c1ed7 <unknown>\n#7 0x558df31a3203 <unknown>\n#8 0x558df3171cc0 <unknown>\n#9 0x558df3172c9e <unknown>\n#10 0x558df35e7d0b <unknown>\n#11 0x558df35ebc92 <unknown>\n#12 0x558df35d4b3c <unknown>\n#13 0x558df35ec807 <unknown>\n#14 0x558df35ba0df <unknown>\n#15 0x558df3609578 <unknown>\n#16 0x558df3609740 <unknown>\n#17 0x558df3619196 <unknown>\n#18 0x7ffb2949ca94 <unknown>\n#19 0x7ffb29529c3c <unknown>",
  "statusTrace" : "self = <test_main_page.TestMainPage.TestPromoBlock object at 0x7f3fbb7813d0>\ndriver = <selenium.webdriver.chrome.webdriver.WebDriver (session=\"fe691df7ee6292a2fb61543bbb6c1e96\")>\n\n    @allure.title(\"TC 13.01.32 - Check the display of the info block in block 4 'home-performance' in the Promo \"\n                  \"Block\")\n    def test_tc_13_01_32_check_info_block_in_section2_block4(self, driver):\n        \"\"\"This test checks if info block in section 2 block 4 'home-performance' is displayed in the Promo Block\n        under header on the Main Page\"\"\"\n        page = PromoBlock(driver, MAIN_PAGE_URL)\n        page.open()\n>       assert page.element_is_visible(self.locators.SECTION_2_BLOCK_4_INFO_BLOCK), \\\n            \"The info block in section 2 block 4 under header is invisible on the Main Page\"\n\ntests/test_main_page.py:443: \n_ _ _ _ _ _ _ _ _ _ _ _ _ _ _ _ _ _ _ _ _ _ _ _ _ _ _ _ _ _ _ _ _ _ _ _ _ _ _ _ \npages/base_page.py:29: in element_is_visible\n    self.go_to_element(self.element_is_present(locator))\npages/base_page.py:50: in element_is_present\n    return wait(self.driver, timeout).until(EC.presence_of_element_located(locator))\n_ _ _ _ _ _ _ _ _ _ _ _ _ _ _ _ _ _ _ _ _ _ _ _ _ _ _ _ _ _ _ _ _ _ _ _ _ _ _ _ \n\nself = <selenium.webdriver.support.wait.WebDriverWait (session=\"fe691df7ee6292a2fb61543bbb6c1e96\")>\nmethod = <function presence_of_element_located.<locals>._predicate at 0x7f3fbb5479c0>\nmessage = ''\n\n    def until(self, method, message: str = \"\"):\n        \"\"\"Calls the method provided with the driver as an argument until the \\\n        return value does not evaluate to ``False``.\n    \n        :param method: callable(WebDriver)\n        :param message: optional message for :exc:`TimeoutException`\n        :returns: the result of the last call to `method`\n        :raises: :exc:`selenium.common.exceptions.TimeoutException` if timeout occurs\n        \"\"\"\n        screen = None\n        stacktrace = None\n    \n        end_time = time.monotonic() + self._timeout\n        while True:\n            try:\n                value = method(self._driver)\n                if value:\n                    return value\n            except self._ignored_exceptions as exc:\n                screen = getattr(exc, \"screen\", None)\n                stacktrace = getattr(exc, \"stacktrace\", None)\n            time.sleep(self._poll)\n            if time.monotonic() > end_time:\n                break\n>       raise TimeoutException(message, screen, stacktrace)\nE       selenium.common.exceptions.TimeoutException: Message: \nE       Stacktrace:\nE       #0 0x558df361a31a <unknown>\nE       #1 0x558df31306e0 <unknown>\nE       #2 0x558df317f3e6 <unknown>\nE       #3 0x558df317f681 <unknown>\nE       #4 0x558df31c4b04 <unknown>\nE       #5 0x558df31a348d <unknown>\nE       #6 0x558df31c1ed7 <unknown>\nE       #7 0x558df31a3203 <unknown>\nE       #8 0x558df3171cc0 <unknown>\nE       #9 0x558df3172c9e <unknown>\nE       #10 0x558df35e7d0b <unknown>\nE       #11 0x558df35ebc92 <unknown>\nE       #12 0x558df35d4b3c <unknown>\nE       #13 0x558df35ec807 <unknown>\nE       #14 0x558df35ba0df <unknown>\nE       #15 0x558df3609578 <unknown>\nE       #16 0x558df3609740 <unknown>\nE       #17 0x558df3619196 <unknown>\nE       #18 0x7ffb2949ca94 <unknown>\nE       #19 0x7ffb29529c3c <unknown>\n\n/opt/hostedtoolcache/Python/3.11.11/x64/lib/python3.11/site-packages/selenium/webdriver/support/wait.py:95: TimeoutException",
  "flaky" : false,
  "newFailed" : false,
  "beforeStages" : [ {
    "name" : "_session_faker",
    "time" : {
      "start" : 1736041142901,
      "stop" : 1736041142966,
      "duration" : 65
    },
    "status" : "passed",
    "steps" : [ ],
    "attachments" : [ ],
    "parameters" : [ ],
    "stepsCount" : 0,
    "attachmentsCount" : 0,
    "shouldDisplayMessage" : false,
    "hasContent" : false
  }, {
    "name" : "clear_allure_result_folder",
    "time" : {
      "start" : 1736041142967,
      "stop" : 1736041142967,
      "duration" : 0
    },
    "status" : "passed",
    "steps" : [ ],
    "attachments" : [ ],
    "parameters" : [ ],
    "stepsCount" : 0,
    "attachmentsCount" : 0,
    "shouldDisplayMessage" : false,
    "hasContent" : false
  }, {
    "name" : "driver",
    "time" : {
      "start" : 1736041808339,
      "stop" : 1736041809541,
      "duration" : 1202
    },
    "status" : "passed",
    "steps" : [ ],
    "attachments" : [ ],
    "parameters" : [ ],
    "stepsCount" : 0,
    "attachmentsCount" : 0,
    "shouldDisplayMessage" : false,
    "hasContent" : false
  } ],
  "testStage" : {
    "description" : "This test checks if info block in section 2 block 4 'home-performance' is displayed in the Promo Block\n            under header on the Main Page",
    "status" : "broken",
    "statusMessage" : "selenium.common.exceptions.TimeoutException: Message: \nStacktrace:\n#0 0x558df361a31a <unknown>\n#1 0x558df31306e0 <unknown>\n#2 0x558df317f3e6 <unknown>\n#3 0x558df317f681 <unknown>\n#4 0x558df31c4b04 <unknown>\n#5 0x558df31a348d <unknown>\n#6 0x558df31c1ed7 <unknown>\n#7 0x558df31a3203 <unknown>\n#8 0x558df3171cc0 <unknown>\n#9 0x558df3172c9e <unknown>\n#10 0x558df35e7d0b <unknown>\n#11 0x558df35ebc92 <unknown>\n#12 0x558df35d4b3c <unknown>\n#13 0x558df35ec807 <unknown>\n#14 0x558df35ba0df <unknown>\n#15 0x558df3609578 <unknown>\n#16 0x558df3609740 <unknown>\n#17 0x558df3619196 <unknown>\n#18 0x7ffb2949ca94 <unknown>\n#19 0x7ffb29529c3c <unknown>",
    "statusTrace" : "self = <test_main_page.TestMainPage.TestPromoBlock object at 0x7f3fbb7813d0>\ndriver = <selenium.webdriver.chrome.webdriver.WebDriver (session=\"fe691df7ee6292a2fb61543bbb6c1e96\")>\n\n    @allure.title(\"TC 13.01.32 - Check the display of the info block in block 4 'home-performance' in the Promo \"\n                  \"Block\")\n    def test_tc_13_01_32_check_info_block_in_section2_block4(self, driver):\n        \"\"\"This test checks if info block in section 2 block 4 'home-performance' is displayed in the Promo Block\n        under header on the Main Page\"\"\"\n        page = PromoBlock(driver, MAIN_PAGE_URL)\n        page.open()\n>       assert page.element_is_visible(self.locators.SECTION_2_BLOCK_4_INFO_BLOCK), \\\n            \"The info block in section 2 block 4 under header is invisible on the Main Page\"\n\ntests/test_main_page.py:443: \n_ _ _ _ _ _ _ _ _ _ _ _ _ _ _ _ _ _ _ _ _ _ _ _ _ _ _ _ _ _ _ _ _ _ _ _ _ _ _ _ \npages/base_page.py:29: in element_is_visible\n    self.go_to_element(self.element_is_present(locator))\npages/base_page.py:50: in element_is_present\n    return wait(self.driver, timeout).until(EC.presence_of_element_located(locator))\n_ _ _ _ _ _ _ _ _ _ _ _ _ _ _ _ _ _ _ _ _ _ _ _ _ _ _ _ _ _ _ _ _ _ _ _ _ _ _ _ \n\nself = <selenium.webdriver.support.wait.WebDriverWait (session=\"fe691df7ee6292a2fb61543bbb6c1e96\")>\nmethod = <function presence_of_element_located.<locals>._predicate at 0x7f3fbb5479c0>\nmessage = ''\n\n    def until(self, method, message: str = \"\"):\n        \"\"\"Calls the method provided with the driver as an argument until the \\\n        return value does not evaluate to ``False``.\n    \n        :param method: callable(WebDriver)\n        :param message: optional message for :exc:`TimeoutException`\n        :returns: the result of the last call to `method`\n        :raises: :exc:`selenium.common.exceptions.TimeoutException` if timeout occurs\n        \"\"\"\n        screen = None\n        stacktrace = None\n    \n        end_time = time.monotonic() + self._timeout\n        while True:\n            try:\n                value = method(self._driver)\n                if value:\n                    return value\n            except self._ignored_exceptions as exc:\n                screen = getattr(exc, \"screen\", None)\n                stacktrace = getattr(exc, \"stacktrace\", None)\n            time.sleep(self._poll)\n            if time.monotonic() > end_time:\n                break\n>       raise TimeoutException(message, screen, stacktrace)\nE       selenium.common.exceptions.TimeoutException: Message: \nE       Stacktrace:\nE       #0 0x558df361a31a <unknown>\nE       #1 0x558df31306e0 <unknown>\nE       #2 0x558df317f3e6 <unknown>\nE       #3 0x558df317f681 <unknown>\nE       #4 0x558df31c4b04 <unknown>\nE       #5 0x558df31a348d <unknown>\nE       #6 0x558df31c1ed7 <unknown>\nE       #7 0x558df31a3203 <unknown>\nE       #8 0x558df3171cc0 <unknown>\nE       #9 0x558df3172c9e <unknown>\nE       #10 0x558df35e7d0b <unknown>\nE       #11 0x558df35ebc92 <unknown>\nE       #12 0x558df35d4b3c <unknown>\nE       #13 0x558df35ec807 <unknown>\nE       #14 0x558df35ba0df <unknown>\nE       #15 0x558df3609578 <unknown>\nE       #16 0x558df3609740 <unknown>\nE       #17 0x558df3619196 <unknown>\nE       #18 0x7ffb2949ca94 <unknown>\nE       #19 0x7ffb29529c3c <unknown>\n\n/opt/hostedtoolcache/Python/3.11.11/x64/lib/python3.11/site-packages/selenium/webdriver/support/wait.py:95: TimeoutException",
    "steps" : [ {
      "name" : "Open a browser",
      "time" : {
        "start" : 1736041809541,
        "stop" : 1736041810482,
        "duration" : 941
      },
      "status" : "passed",
      "steps" : [ ],
      "attachments" : [ ],
      "parameters" : [ ],
      "stepsCount" : 0,
      "attachmentsCount" : 0,
      "shouldDisplayMessage" : false,
      "hasContent" : false
    }, {
      "name" : "Find a visible element",
      "time" : {
        "start" : 1736041810482,
        "stop" : 1736041815561,
        "duration" : 5079
      },
      "status" : "broken",
      "statusMessage" : "selenium.common.exceptions.TimeoutException: Message: \nStacktrace:\n#0 0x558df361a31a <unknown>\n#1 0x558df31306e0 <unknown>\n#2 0x558df317f3e6 <unknown>\n#3 0x558df317f681 <unknown>\n#4 0x558df31c4b04 <unknown>\n#5 0x558df31a348d <unknown>\n#6 0x558df31c1ed7 <unknown>\n#7 0x558df31a3203 <unknown>\n#8 0x558df3171cc0 <unknown>\n#9 0x558df3172c9e <unknown>\n#10 0x558df35e7d0b <unknown>\n#11 0x558df35ebc92 <unknown>\n#12 0x558df35d4b3c <unknown>\n#13 0x558df35ec807 <unknown>\n#14 0x558df35ba0df <unknown>\n#15 0x558df3609578 <unknown>\n#16 0x558df3609740 <unknown>\n#17 0x558df3619196 <unknown>\n#18 0x7ffb2949ca94 <unknown>\n#19 0x7ffb29529c3c <unknown>\n\n",
      "statusTrace" : "  File \"/opt/hostedtoolcache/Python/3.11.11/x64/lib/python3.11/site-packages/allure_commons/_allure.py\", line 192, in impl\n    return func(*a, **kw)\n           ^^^^^^^^^^^^^^\n  File \"/home/runner/work/luma_project/luma_project/pages/base_page.py\", line 29, in element_is_visible\n    self.go_to_element(self.element_is_present(locator))\n                       ^^^^^^^^^^^^^^^^^^^^^^^^^^^^^^^^\n  File \"/opt/hostedtoolcache/Python/3.11.11/x64/lib/python3.11/site-packages/allure_commons/_allure.py\", line 192, in impl\n    return func(*a, **kw)\n           ^^^^^^^^^^^^^^\n  File \"/home/runner/work/luma_project/luma_project/pages/base_page.py\", line 50, in element_is_present\n    return wait(self.driver, timeout).until(EC.presence_of_element_located(locator))\n           ^^^^^^^^^^^^^^^^^^^^^^^^^^^^^^^^^^^^^^^^^^^^^^^^^^^^^^^^^^^^^^^^^^^^^^^^^\n  File \"/opt/hostedtoolcache/Python/3.11.11/x64/lib/python3.11/site-packages/selenium/webdriver/support/wait.py\", line 95, in until\n    raise TimeoutException(message, screen, stacktrace)\n",
      "steps" : [ {
        "name" : "Find a present element",
        "time" : {
          "start" : 1736041810482,
          "stop" : 1736041815561,
          "duration" : 5079
        },
        "status" : "broken",
        "statusMessage" : "selenium.common.exceptions.TimeoutException: Message: \nStacktrace:\n#0 0x558df361a31a <unknown>\n#1 0x558df31306e0 <unknown>\n#2 0x558df317f3e6 <unknown>\n#3 0x558df317f681 <unknown>\n#4 0x558df31c4b04 <unknown>\n#5 0x558df31a348d <unknown>\n#6 0x558df31c1ed7 <unknown>\n#7 0x558df31a3203 <unknown>\n#8 0x558df3171cc0 <unknown>\n#9 0x558df3172c9e <unknown>\n#10 0x558df35e7d0b <unknown>\n#11 0x558df35ebc92 <unknown>\n#12 0x558df35d4b3c <unknown>\n#13 0x558df35ec807 <unknown>\n#14 0x558df35ba0df <unknown>\n#15 0x558df3609578 <unknown>\n#16 0x558df3609740 <unknown>\n#17 0x558df3619196 <unknown>\n#18 0x7ffb2949ca94 <unknown>\n#19 0x7ffb29529c3c <unknown>\n\n",
        "statusTrace" : "  File \"/opt/hostedtoolcache/Python/3.11.11/x64/lib/python3.11/site-packages/allure_commons/_allure.py\", line 192, in impl\n    return func(*a, **kw)\n           ^^^^^^^^^^^^^^\n  File \"/home/runner/work/luma_project/luma_project/pages/base_page.py\", line 50, in element_is_present\n    return wait(self.driver, timeout).until(EC.presence_of_element_located(locator))\n           ^^^^^^^^^^^^^^^^^^^^^^^^^^^^^^^^^^^^^^^^^^^^^^^^^^^^^^^^^^^^^^^^^^^^^^^^^\n  File \"/opt/hostedtoolcache/Python/3.11.11/x64/lib/python3.11/site-packages/selenium/webdriver/support/wait.py\", line 95, in until\n    raise TimeoutException(message, screen, stacktrace)\n",
        "steps" : [ ],
        "attachments" : [ ],
        "parameters" : [ {
          "name" : "locator",
          "value" : "('css selector', '.home-performance .content')"
        }, {
          "name" : "timeout",
          "value" : "5"
        } ],
        "stepsCount" : 0,
        "attachmentsCount" : 0,
        "shouldDisplayMessage" : true,
        "hasContent" : true
      } ],
      "attachments" : [ ],
      "parameters" : [ {
        "name" : "locator",
        "value" : "('css selector', '.home-performance .content')"
      }, {
        "name" : "timeout",
        "value" : "10"
      } ],
      "stepsCount" : 1,
      "attachmentsCount" : 0,
      "shouldDisplayMessage" : false,
      "hasContent" : true
    } ],
    "attachments" : [ {
      "uid" : "3ae574b3694d9642",
      "name" : "Screenshot",
      "source" : "3ae574b3694d9642.png",
      "type" : "image/png",
      "size" : 548028
    }, {
      "uid" : "d9dbb2b0ed48d56e",
      "name" : "HTML source",
      "source" : "d9dbb2b0ed48d56e.html",
      "type" : "text/html",
      "size" : 144961
    } ],
    "parameters" : [ ],
    "stepsCount" : 3,
    "attachmentsCount" : 2,
    "shouldDisplayMessage" : true,
    "hasContent" : true
  },
  "afterStages" : [ {
    "name" : "clear_allure_result_folder::0",
    "time" : {
      "start" : 1736042541017,
      "stop" : 1736042541017,
      "duration" : 0
    },
    "status" : "passed",
    "steps" : [ ],
    "attachments" : [ ],
    "parameters" : [ ],
    "stepsCount" : 0,
    "attachmentsCount" : 0,
    "shouldDisplayMessage" : false,
    "hasContent" : false
  }, {
    "name" : "driver::0",
    "time" : {
      "start" : 1736041815794,
      "stop" : 1736041815930,
      "duration" : 136
    },
    "status" : "passed",
    "steps" : [ ],
    "attachments" : [ ],
    "parameters" : [ ],
    "stepsCount" : 0,
    "attachmentsCount" : 0,
    "shouldDisplayMessage" : false,
    "hasContent" : false
  } ],
  "labels" : [ {
    "name" : "feature",
    "value" : "Promo Block Testing"
  }, {
    "name" : "epic",
    "value" : "Main Page"
  }, {
    "name" : "parentSuite",
    "value" : "tests"
  }, {
    "name" : "suite",
    "value" : "test_main_page"
  }, {
    "name" : "subSuite",
    "value" : "TestMainPage"
  }, {
    "name" : "host",
    "value" : "fv-az1047-656"
  }, {
    "name" : "thread",
    "value" : "2794-MainThread"
  }, {
    "name" : "framework",
    "value" : "pytest"
  }, {
    "name" : "language",
    "value" : "cpython3"
  }, {
    "name" : "package",
    "value" : "tests.test_main_page"
  }, {
    "name" : "resultFormat",
    "value" : "allure2"
  } ],
  "parameters" : [ ],
  "links" : [ ],
  "hidden" : false,
  "retry" : false,
  "extra" : {
    "severity" : "normal",
    "retries" : [ ],
    "categories" : [ {
      "name" : "Test defects",
      "matchedStatuses" : [ ],
      "flaky" : false
    } ],
    "tags" : [ ]
  },
  "source" : "4450bf9cc2af6084.json",
  "parameterValues" : [ ]
}