{
  "uid" : "49797a30cc1bd0a4",
  "name" : "TC 13.01.21 - Check the display of an image in block 2 'home-t-shirts' in the Promo Block",
  "fullName" : "tests.test_main_page.TestPromoBlock#test_tc_13_01_21_check_image_visibility_in_section2_block2",
  "historyId" : "679657df395550a9dbaa7d0ae6e75566",
  "time" : {
    "start" : 1738460280695,
    "stop" : 1738460281844,
    "duration" : 1149
  },
  "description" : "This test checks if the image in section 2 block 2 'home-t-shirts' is visible",
  "descriptionHtml" : "<p>This test checks if the image in section 2 block 2 'home-t-shirts' is visible</p>\n",
  "status" : "broken",
  "statusMessage" : "selenium.common.exceptions.NoSuchElementException: Message: no such element: Unable to locate element: {\"method\":\"css selector\",\"selector\":\".home-t-shirts img\"}\n  (Session info: chrome=132.0.6834.110); For documentation on this error, please visit: https://www.selenium.dev/documentation/webdriver/troubleshooting/errors#no-such-element-exception\nStacktrace:\n#0 0x559ac555cdca <unknown>\n#1 0x559ac50533f0 <unknown>\n#2 0x559ac50a310c <unknown>\n#3 0x559ac50a3331 <unknown>\n#4 0x559ac50e9154 <unknown>\n#5 0x559ac50c7abd <unknown>\n#6 0x559ac50e64b3 <unknown>\n#7 0x559ac50c7833 <unknown>\n#8 0x559ac50945a0 <unknown>\n#9 0x559ac5095ece <unknown>\n#10 0x559ac5526bdb <unknown>\n#11 0x559ac552ab67 <unknown>\n#12 0x559ac55123bc <unknown>\n#13 0x559ac552b727 <unknown>\n#14 0x559ac54f674f <unknown>\n#15 0x559ac554b938 <unknown>\n#16 0x559ac554bb00 <unknown>\n#17 0x559ac555bc46 <unknown>\n#18 0x7f419a49ca94 <unknown>\n#19 0x7f419a529c3c <unknown>",
  "statusTrace" : "self = <test_main_page.TestMainPage.TestPromoBlock object at 0x7f0013babd10>\ndriver = <selenium.webdriver.chrome.webdriver.WebDriver (session=\"fbc6759b2a402e6029cf6a2bee3f4e64\")>\n\n    @allure.title(\"TC 13.01.21 - Check the display of an image in block 2 'home-t-shirts' in the Promo Block\")\n    def test_tc_13_01_21_check_image_visibility_in_section2_block2(self, driver):\n        \"\"\"This test checks if the image in section 2 block 2 'home-t-shirts' is visible\"\"\"\n        page = PromoBlock(driver, MAIN_PAGE_URL)\n        page.open()\n>       block2_image = page.find_element(self.locators.SECTION_2_BLOCK_2_IMAGE)\n\ntests/test_main_page.py:303: \n_ _ _ _ _ _ _ _ _ _ _ _ _ _ _ _ _ _ _ _ _ _ _ _ _ _ _ _ _ _ _ _ _ _ _ _ _ _ _ _ \npages/base_page.py:201: in find_element\n    return self.driver.find_element(*locator)\n/opt/hostedtoolcache/Python/3.11.11/x64/lib/python3.11/site-packages/selenium/webdriver/remote/webdriver.py:738: in find_element\n    return self.execute(Command.FIND_ELEMENT, {\"using\": by, \"value\": value})[\"value\"]\n/opt/hostedtoolcache/Python/3.11.11/x64/lib/python3.11/site-packages/selenium/webdriver/remote/webdriver.py:344: in execute\n    self.error_handler.check_response(response)\n_ _ _ _ _ _ _ _ _ _ _ _ _ _ _ _ _ _ _ _ _ _ _ _ _ _ _ _ _ _ _ _ _ _ _ _ _ _ _ _ \n\nself = <selenium.webdriver.remote.errorhandler.ErrorHandler object at 0x7f0015957cd0>\nresponse = {'status': 404, 'value': '{\"value\":{\"error\":\"no such element\",\"message\":\"no such element: Unable to locate element: {\\...\\\\n#17 0x559ac555bc46 \\\\u003Cunknown>\\\\n#18 0x7f419a49ca94 \\\\u003Cunknown>\\\\n#19 0x7f419a529c3c \\\\u003Cunknown>\\\\n\"}}'}\n\n    def check_response(self, response: Dict[str, Any]) -> None:\n        \"\"\"Checks that a JSON response from the WebDriver does not have an\n        error.\n    \n        :Args:\n         - response - The JSON response from the WebDriver server as a dictionary\n           object.\n    \n        :Raises: If the response contains an error message.\n        \"\"\"\n        status = response.get(\"status\", None)\n        if not status or status == ErrorCode.SUCCESS:\n            return\n        value = None\n        message = response.get(\"message\", \"\")\n        screen: str = response.get(\"screen\", \"\")\n        stacktrace = None\n        if isinstance(status, int):\n            value_json = response.get(\"value\", None)\n            if value_json and isinstance(value_json, str):\n                import json\n    \n                try:\n                    value = json.loads(value_json)\n                    if len(value) == 1:\n                        value = value[\"value\"]\n                    status = value.get(\"error\", None)\n                    if not status:\n                        status = value.get(\"status\", ErrorCode.UNKNOWN_ERROR)\n                        message = value.get(\"value\") or value.get(\"message\")\n                        if not isinstance(message, str):\n                            value = message\n                            message = message.get(\"message\")\n                    else:\n                        message = value.get(\"message\", None)\n                except ValueError:\n                    pass\n    \n        exception_class: Type[WebDriverException]\n        e = ErrorCode()\n        error_codes = [item for item in dir(e) if not item.startswith(\"__\")]\n        for error_code in error_codes:\n            error_info = getattr(ErrorCode, error_code)\n            if isinstance(error_info, list) and status in error_info:\n                exception_class = getattr(ExceptionMapping, error_code, WebDriverException)\n                break\n        else:\n            exception_class = WebDriverException\n    \n        if not value:\n            value = response[\"value\"]\n        if isinstance(value, str):\n            raise exception_class(value)\n        if message == \"\" and \"message\" in value:\n            message = value[\"message\"]\n    \n        screen = None  # type: ignore[assignment]\n        if \"screen\" in value:\n            screen = value[\"screen\"]\n    \n        stacktrace = None\n        st_value = value.get(\"stackTrace\") or value.get(\"stacktrace\")\n        if st_value:\n            if isinstance(st_value, str):\n                stacktrace = st_value.split(\"\\n\")\n            else:\n                stacktrace = []\n                try:\n                    for frame in st_value:\n                        line = frame.get(\"lineNumber\", \"\")\n                        file = frame.get(\"fileName\", \"<anonymous>\")\n                        if line:\n                            file = f\"{file}:{line}\"\n                        meth = frame.get(\"methodName\", \"<anonymous>\")\n                        if \"className\" in frame:\n                            meth = f\"{frame['className']}.{meth}\"\n                        msg = \"    at %s (%s)\"\n                        msg = msg % (meth, file)\n                        stacktrace.append(msg)\n                except TypeError:\n                    pass\n        if exception_class == UnexpectedAlertPresentException:\n            alert_text = None\n            if \"data\" in value:\n                alert_text = value[\"data\"].get(\"text\")\n            elif \"alert\" in value:\n                alert_text = value[\"alert\"].get(\"text\")\n            raise exception_class(message, screen, stacktrace, alert_text)  # type: ignore[call-arg]  # mypy is not smart enough here\n>       raise exception_class(message, screen, stacktrace)\nE       selenium.common.exceptions.NoSuchElementException: Message: no such element: Unable to locate element: {\"method\":\"css selector\",\"selector\":\".home-t-shirts img\"}\nE         (Session info: chrome=132.0.6834.110); For documentation on this error, please visit: https://www.selenium.dev/documentation/webdriver/troubleshooting/errors#no-such-element-exception\nE       Stacktrace:\nE       #0 0x559ac555cdca <unknown>\nE       #1 0x559ac50533f0 <unknown>\nE       #2 0x559ac50a310c <unknown>\nE       #3 0x559ac50a3331 <unknown>\nE       #4 0x559ac50e9154 <unknown>\nE       #5 0x559ac50c7abd <unknown>\nE       #6 0x559ac50e64b3 <unknown>\nE       #7 0x559ac50c7833 <unknown>\nE       #8 0x559ac50945a0 <unknown>\nE       #9 0x559ac5095ece <unknown>\nE       #10 0x559ac5526bdb <unknown>\nE       #11 0x559ac552ab67 <unknown>\nE       #12 0x559ac55123bc <unknown>\nE       #13 0x559ac552b727 <unknown>\nE       #14 0x559ac54f674f <unknown>\nE       #15 0x559ac554b938 <unknown>\nE       #16 0x559ac554bb00 <unknown>\nE       #17 0x559ac555bc46 <unknown>\nE       #18 0x7f419a49ca94 <unknown>\nE       #19 0x7f419a529c3c <unknown>\n\n/opt/hostedtoolcache/Python/3.11.11/x64/lib/python3.11/site-packages/selenium/webdriver/remote/errorhandler.py:229: NoSuchElementException",
  "flaky" : false,
  "newFailed" : false,
  "beforeStages" : [ {
    "name" : "driver",
    "time" : {
      "start" : 1738460279432,
      "stop" : 1738460280695,
      "duration" : 1263
    },
    "status" : "passed",
    "steps" : [ ],
    "attachments" : [ ],
    "parameters" : [ ],
    "stepsCount" : 0,
    "attachmentsCount" : 0,
    "shouldDisplayMessage" : false,
    "hasContent" : false
  }, {
    "name" : "clear_allure_result_folder",
    "time" : {
      "start" : 1738459644146,
      "stop" : 1738459644146,
      "duration" : 0
    },
    "status" : "passed",
    "steps" : [ ],
    "attachments" : [ ],
    "parameters" : [ ],
    "stepsCount" : 0,
    "attachmentsCount" : 0,
    "shouldDisplayMessage" : false,
    "hasContent" : false
  }, {
    "name" : "_session_faker",
    "time" : {
      "start" : 1738459644084,
      "stop" : 1738459644146,
      "duration" : 62
    },
    "status" : "passed",
    "steps" : [ ],
    "attachments" : [ ],
    "parameters" : [ ],
    "stepsCount" : 0,
    "attachmentsCount" : 0,
    "shouldDisplayMessage" : false,
    "hasContent" : false
  } ],
  "testStage" : {
    "description" : "This test checks if the image in section 2 block 2 'home-t-shirts' is visible",
    "status" : "broken",
    "statusMessage" : "selenium.common.exceptions.NoSuchElementException: Message: no such element: Unable to locate element: {\"method\":\"css selector\",\"selector\":\".home-t-shirts img\"}\n  (Session info: chrome=132.0.6834.110); For documentation on this error, please visit: https://www.selenium.dev/documentation/webdriver/troubleshooting/errors#no-such-element-exception\nStacktrace:\n#0 0x559ac555cdca <unknown>\n#1 0x559ac50533f0 <unknown>\n#2 0x559ac50a310c <unknown>\n#3 0x559ac50a3331 <unknown>\n#4 0x559ac50e9154 <unknown>\n#5 0x559ac50c7abd <unknown>\n#6 0x559ac50e64b3 <unknown>\n#7 0x559ac50c7833 <unknown>\n#8 0x559ac50945a0 <unknown>\n#9 0x559ac5095ece <unknown>\n#10 0x559ac5526bdb <unknown>\n#11 0x559ac552ab67 <unknown>\n#12 0x559ac55123bc <unknown>\n#13 0x559ac552b727 <unknown>\n#14 0x559ac54f674f <unknown>\n#15 0x559ac554b938 <unknown>\n#16 0x559ac554bb00 <unknown>\n#17 0x559ac555bc46 <unknown>\n#18 0x7f419a49ca94 <unknown>\n#19 0x7f419a529c3c <unknown>",
    "statusTrace" : "self = <test_main_page.TestMainPage.TestPromoBlock object at 0x7f0013babd10>\ndriver = <selenium.webdriver.chrome.webdriver.WebDriver (session=\"fbc6759b2a402e6029cf6a2bee3f4e64\")>\n\n    @allure.title(\"TC 13.01.21 - Check the display of an image in block 2 'home-t-shirts' in the Promo Block\")\n    def test_tc_13_01_21_check_image_visibility_in_section2_block2(self, driver):\n        \"\"\"This test checks if the image in section 2 block 2 'home-t-shirts' is visible\"\"\"\n        page = PromoBlock(driver, MAIN_PAGE_URL)\n        page.open()\n>       block2_image = page.find_element(self.locators.SECTION_2_BLOCK_2_IMAGE)\n\ntests/test_main_page.py:303: \n_ _ _ _ _ _ _ _ _ _ _ _ _ _ _ _ _ _ _ _ _ _ _ _ _ _ _ _ _ _ _ _ _ _ _ _ _ _ _ _ \npages/base_page.py:201: in find_element\n    return self.driver.find_element(*locator)\n/opt/hostedtoolcache/Python/3.11.11/x64/lib/python3.11/site-packages/selenium/webdriver/remote/webdriver.py:738: in find_element\n    return self.execute(Command.FIND_ELEMENT, {\"using\": by, \"value\": value})[\"value\"]\n/opt/hostedtoolcache/Python/3.11.11/x64/lib/python3.11/site-packages/selenium/webdriver/remote/webdriver.py:344: in execute\n    self.error_handler.check_response(response)\n_ _ _ _ _ _ _ _ _ _ _ _ _ _ _ _ _ _ _ _ _ _ _ _ _ _ _ _ _ _ _ _ _ _ _ _ _ _ _ _ \n\nself = <selenium.webdriver.remote.errorhandler.ErrorHandler object at 0x7f0015957cd0>\nresponse = {'status': 404, 'value': '{\"value\":{\"error\":\"no such element\",\"message\":\"no such element: Unable to locate element: {\\...\\\\n#17 0x559ac555bc46 \\\\u003Cunknown>\\\\n#18 0x7f419a49ca94 \\\\u003Cunknown>\\\\n#19 0x7f419a529c3c \\\\u003Cunknown>\\\\n\"}}'}\n\n    def check_response(self, response: Dict[str, Any]) -> None:\n        \"\"\"Checks that a JSON response from the WebDriver does not have an\n        error.\n    \n        :Args:\n         - response - The JSON response from the WebDriver server as a dictionary\n           object.\n    \n        :Raises: If the response contains an error message.\n        \"\"\"\n        status = response.get(\"status\", None)\n        if not status or status == ErrorCode.SUCCESS:\n            return\n        value = None\n        message = response.get(\"message\", \"\")\n        screen: str = response.get(\"screen\", \"\")\n        stacktrace = None\n        if isinstance(status, int):\n            value_json = response.get(\"value\", None)\n            if value_json and isinstance(value_json, str):\n                import json\n    \n                try:\n                    value = json.loads(value_json)\n                    if len(value) == 1:\n                        value = value[\"value\"]\n                    status = value.get(\"error\", None)\n                    if not status:\n                        status = value.get(\"status\", ErrorCode.UNKNOWN_ERROR)\n                        message = value.get(\"value\") or value.get(\"message\")\n                        if not isinstance(message, str):\n                            value = message\n                            message = message.get(\"message\")\n                    else:\n                        message = value.get(\"message\", None)\n                except ValueError:\n                    pass\n    \n        exception_class: Type[WebDriverException]\n        e = ErrorCode()\n        error_codes = [item for item in dir(e) if not item.startswith(\"__\")]\n        for error_code in error_codes:\n            error_info = getattr(ErrorCode, error_code)\n            if isinstance(error_info, list) and status in error_info:\n                exception_class = getattr(ExceptionMapping, error_code, WebDriverException)\n                break\n        else:\n            exception_class = WebDriverException\n    \n        if not value:\n            value = response[\"value\"]\n        if isinstance(value, str):\n            raise exception_class(value)\n        if message == \"\" and \"message\" in value:\n            message = value[\"message\"]\n    \n        screen = None  # type: ignore[assignment]\n        if \"screen\" in value:\n            screen = value[\"screen\"]\n    \n        stacktrace = None\n        st_value = value.get(\"stackTrace\") or value.get(\"stacktrace\")\n        if st_value:\n            if isinstance(st_value, str):\n                stacktrace = st_value.split(\"\\n\")\n            else:\n                stacktrace = []\n                try:\n                    for frame in st_value:\n                        line = frame.get(\"lineNumber\", \"\")\n                        file = frame.get(\"fileName\", \"<anonymous>\")\n                        if line:\n                            file = f\"{file}:{line}\"\n                        meth = frame.get(\"methodName\", \"<anonymous>\")\n                        if \"className\" in frame:\n                            meth = f\"{frame['className']}.{meth}\"\n                        msg = \"    at %s (%s)\"\n                        msg = msg % (meth, file)\n                        stacktrace.append(msg)\n                except TypeError:\n                    pass\n        if exception_class == UnexpectedAlertPresentException:\n            alert_text = None\n            if \"data\" in value:\n                alert_text = value[\"data\"].get(\"text\")\n            elif \"alert\" in value:\n                alert_text = value[\"alert\"].get(\"text\")\n            raise exception_class(message, screen, stacktrace, alert_text)  # type: ignore[call-arg]  # mypy is not smart enough here\n>       raise exception_class(message, screen, stacktrace)\nE       selenium.common.exceptions.NoSuchElementException: Message: no such element: Unable to locate element: {\"method\":\"css selector\",\"selector\":\".home-t-shirts img\"}\nE         (Session info: chrome=132.0.6834.110); For documentation on this error, please visit: https://www.selenium.dev/documentation/webdriver/troubleshooting/errors#no-such-element-exception\nE       Stacktrace:\nE       #0 0x559ac555cdca <unknown>\nE       #1 0x559ac50533f0 <unknown>\nE       #2 0x559ac50a310c <unknown>\nE       #3 0x559ac50a3331 <unknown>\nE       #4 0x559ac50e9154 <unknown>\nE       #5 0x559ac50c7abd <unknown>\nE       #6 0x559ac50e64b3 <unknown>\nE       #7 0x559ac50c7833 <unknown>\nE       #8 0x559ac50945a0 <unknown>\nE       #9 0x559ac5095ece <unknown>\nE       #10 0x559ac5526bdb <unknown>\nE       #11 0x559ac552ab67 <unknown>\nE       #12 0x559ac55123bc <unknown>\nE       #13 0x559ac552b727 <unknown>\nE       #14 0x559ac54f674f <unknown>\nE       #15 0x559ac554b938 <unknown>\nE       #16 0x559ac554bb00 <unknown>\nE       #17 0x559ac555bc46 <unknown>\nE       #18 0x7f419a49ca94 <unknown>\nE       #19 0x7f419a529c3c <unknown>\n\n/opt/hostedtoolcache/Python/3.11.11/x64/lib/python3.11/site-packages/selenium/webdriver/remote/errorhandler.py:229: NoSuchElementException",
    "steps" : [ {
      "name" : "Open a browser",
      "time" : {
        "start" : 1738460280696,
        "stop" : 1738460281828,
        "duration" : 1132
      },
      "status" : "passed",
      "steps" : [ ],
      "attachments" : [ ],
      "parameters" : [ ],
      "stepsCount" : 0,
      "attachmentsCount" : 0,
      "shouldDisplayMessage" : false,
      "hasContent" : false
    }, {
      "name" : "Find element (unpacking)",
      "time" : {
        "start" : 1738460281828,
        "stop" : 1738460281843,
        "duration" : 15
      },
      "status" : "broken",
      "statusMessage" : "selenium.common.exceptions.NoSuchElementException: Message: no such element: Unable to locate element: {\"method\":\"css selector\",\"selector\":\".home-t-shirts img\"}\n  (Session info: chrome=132.0.6834.110); For documentation on this error, please visit: https://www.selenium.dev/documentation/webdriver/troubleshooting/errors#no-such-element-exception\nStacktrace:\n#0 0x559ac555cdca <unknown>\n#1 0x559ac50533f0 <unknown>\n#2 0x559ac50a310c <unknown>\n#3 0x559ac50a3331 <unknown>\n#4 0x559ac50e9154 <unknown>\n#5 0x559ac50c7abd <unknown>\n#6 0x559ac50e64b3 <unknown>\n#7 0x559ac50c7833 <unknown>\n#8 0x559ac50945a0 <unknown>\n#9 0x559ac5095ece <unknown>\n#10 0x559ac5526bdb <unknown>\n#11 0x559ac552ab67 <unknown>\n#12 0x559ac55123bc <unknown>\n#13 0x559ac552b727 <unknown>\n#14 0x559ac54f674f <unknown>\n#15 0x559ac554b938 <unknown>\n#16 0x559ac554bb00 <unknown>\n#17 0x559ac555bc46 <unknown>\n#18 0x7f419a49ca94 <unknown>\n#19 0x7f419a529c3c <unknown>\n\n",
      "statusTrace" : "  File \"/opt/hostedtoolcache/Python/3.11.11/x64/lib/python3.11/site-packages/allure_commons/_allure.py\", line 192, in impl\n    return func(*a, **kw)\n           ^^^^^^^^^^^^^^\n  File \"/home/runner/work/luma_project/luma_project/pages/base_page.py\", line 201, in find_element\n    return self.driver.find_element(*locator)\n           ^^^^^^^^^^^^^^^^^^^^^^^^^^^^^^^^^^\n  File \"/opt/hostedtoolcache/Python/3.11.11/x64/lib/python3.11/site-packages/selenium/webdriver/remote/webdriver.py\", line 738, in find_element\n    return self.execute(Command.FIND_ELEMENT, {\"using\": by, \"value\": value})[\"value\"]\n           ^^^^^^^^^^^^^^^^^^^^^^^^^^^^^^^^^^^^^^^^^^^^^^^^^^^^^^^^^^^^^^^^^\n  File \"/opt/hostedtoolcache/Python/3.11.11/x64/lib/python3.11/site-packages/selenium/webdriver/remote/webdriver.py\", line 344, in execute\n    self.error_handler.check_response(response)\n  File \"/opt/hostedtoolcache/Python/3.11.11/x64/lib/python3.11/site-packages/selenium/webdriver/remote/errorhandler.py\", line 229, in check_response\n    raise exception_class(message, screen, stacktrace)\n",
      "steps" : [ ],
      "attachments" : [ ],
      "parameters" : [ {
        "name" : "locator",
        "value" : "('css selector', '.home-t-shirts img')"
      } ],
      "stepsCount" : 0,
      "attachmentsCount" : 0,
      "shouldDisplayMessage" : true,
      "hasContent" : true
    } ],
    "attachments" : [ {
      "uid" : "9f80f659142d2d5a",
      "name" : "Screenshot",
      "source" : "9f80f659142d2d5a.png",
      "type" : "image/png",
      "size" : 548028
    }, {
      "uid" : "59b788356c998dfe",
      "name" : "HTML source",
      "source" : "59b788356c998dfe.html",
      "type" : "text/html",
      "size" : 136699
    } ],
    "parameters" : [ ],
    "stepsCount" : 2,
    "attachmentsCount" : 2,
    "shouldDisplayMessage" : true,
    "hasContent" : true
  },
  "afterStages" : [ {
    "name" : "driver::0",
    "time" : {
      "start" : 1738460282094,
      "stop" : 1738460282166,
      "duration" : 72
    },
    "status" : "passed",
    "steps" : [ ],
    "attachments" : [ ],
    "parameters" : [ ],
    "stepsCount" : 0,
    "attachmentsCount" : 0,
    "shouldDisplayMessage" : false,
    "hasContent" : false
  }, {
    "name" : "clear_allure_result_folder::0",
    "time" : {
      "start" : 1738461058899,
      "stop" : 1738461058899,
      "duration" : 0
    },
    "status" : "passed",
    "steps" : [ ],
    "attachments" : [ ],
    "parameters" : [ ],
    "stepsCount" : 0,
    "attachmentsCount" : 0,
    "shouldDisplayMessage" : false,
    "hasContent" : false
  } ],
  "labels" : [ {
    "name" : "epic",
    "value" : "Main Page"
  }, {
    "name" : "feature",
    "value" : "Promo Block Testing"
  }, {
    "name" : "parentSuite",
    "value" : "tests"
  }, {
    "name" : "suite",
    "value" : "test_main_page"
  }, {
    "name" : "subSuite",
    "value" : "TestMainPage"
  }, {
    "name" : "host",
    "value" : "fv-az1334-115"
  }, {
    "name" : "thread",
    "value" : "2807-MainThread"
  }, {
    "name" : "framework",
    "value" : "pytest"
  }, {
    "name" : "language",
    "value" : "cpython3"
  }, {
    "name" : "package",
    "value" : "tests.test_main_page"
  }, {
    "name" : "resultFormat",
    "value" : "allure2"
  } ],
  "parameters" : [ ],
  "links" : [ ],
  "hidden" : false,
  "retry" : false,
  "extra" : {
    "severity" : "normal",
    "retries" : [ ],
    "categories" : [ {
      "name" : "Test defects",
      "matchedStatuses" : [ ],
      "flaky" : false
    } ],
    "tags" : [ ]
  },
  "source" : "49797a30cc1bd0a4.json",
  "parameterValues" : [ ]
}