{
  "uid" : "4b27e9dc43d7c7c4",
  "name" : "TC 04_01_09 Verify checkbox is present and unchecked",
  "fullName" : "tests.test_create_an_account.TestCreateAnAccount#test_04_01_09_sign_up_for_letters_checkbox",
  "historyId" : "642467d3c5da0c3e31a9a245e10a30c4",
  "time" : {
    "start" : 1699751476626,
    "stop" : 1699751481713,
    "duration" : 5087
  },
  "description" : " Verify that checkbox is present and unchecked",
  "descriptionHtml" : "<p>Verify that checkbox is present and unchecked</p>\n",
  "status" : "broken",
  "statusMessage" : "selenium.common.exceptions.TimeoutException: Message: \nStacktrace:\n#0 0x55be33df8fb3 <unknown>\n#1 0x55be33acc4a7 <unknown>\n#2 0x55be33b13dd6 <unknown>\n#3 0x55be33b13ec1 <unknown>\n#4 0x55be33b51354 <unknown>\n#5 0x55be33b3596d <unknown>\n#6 0x55be33b4ec02 <unknown>\n#7 0x55be33b35713 <unknown>\n#8 0x55be33b0818b <unknown>\n#9 0x55be33b08f7e <unknown>\n#10 0x55be33dbe8d8 <unknown>\n#11 0x55be33dc2800 <unknown>\n#12 0x55be33dcccfc <unknown>\n#13 0x55be33dc3418 <unknown>\n#14 0x55be33d9042f <unknown>\n#15 0x55be33de74e8 <unknown>\n#16 0x55be33de76b4 <unknown>\n#17 0x55be33df8143 <unknown>\n#18 0x7f1551a94ac3 <unknown>",
  "statusTrace" : "self = <test_create_an_account.TestCreateAnAccount object at 0x7fd24b508250>\ncreate_account_page = <pages.create_an_account_page.CreateAccountPage object at 0x7fd24b315190>\n\n    @allure.title('TC 04_01_09 Verify checkbox is present and unchecked')\n    def test_04_01_09_sign_up_for_letters_checkbox(self, create_account_page):\n        \"\"\" Verify that checkbox is present and unchecked\"\"\"\n>       sign_up_checkbox = create_account_page.check_sign_up_checkbox_label()\n\ntests/test_create_an_account.py:79: \n_ _ _ _ _ _ _ _ _ _ _ _ _ _ _ _ _ _ _ _ _ _ _ _ _ _ _ _ _ _ _ _ _ _ _ _ _ _ _ _ \npages/create_an_account_page.py:224: in check_sign_up_checkbox_label\n    return self.element_is_visible(self.locators.SIGN_UP_CHECKBOX_LABEL)\npages/base_page.py:29: in element_is_visible\n    self.go_to_element(self.element_is_present(locator))\npages/base_page.py:50: in element_is_present\n    return wait(self.driver, timeout).until(EC.presence_of_element_located(locator))\n_ _ _ _ _ _ _ _ _ _ _ _ _ _ _ _ _ _ _ _ _ _ _ _ _ _ _ _ _ _ _ _ _ _ _ _ _ _ _ _ \n\nself = <selenium.webdriver.support.wait.WebDriverWait (session=\"15f598e8b8a5abb6019b1da752b18f50\")>\nmethod = <function presence_of_element_located.<locals>._predicate at 0x7fd24a366700>\nmessage = ''\n\n    def until(self, method, message: str = \"\"):\n        \"\"\"Calls the method provided with the driver as an argument until the \\\n        return value does not evaluate to ``False``.\n    \n        :param method: callable(WebDriver)\n        :param message: optional message for :exc:`TimeoutException`\n        :returns: the result of the last call to `method`\n        :raises: :exc:`selenium.common.exceptions.TimeoutException` if timeout occurs\n        \"\"\"\n        screen = None\n        stacktrace = None\n    \n        end_time = time.monotonic() + self._timeout\n        while True:\n            try:\n                value = method(self._driver)\n                if value:\n                    return value\n            except self._ignored_exceptions as exc:\n                screen = getattr(exc, \"screen\", None)\n                stacktrace = getattr(exc, \"stacktrace\", None)\n            time.sleep(self._poll)\n            if time.monotonic() > end_time:\n                break\n>       raise TimeoutException(message, screen, stacktrace)\nE       selenium.common.exceptions.TimeoutException: Message: \nE       Stacktrace:\nE       #0 0x55be33df8fb3 <unknown>\nE       #1 0x55be33acc4a7 <unknown>\nE       #2 0x55be33b13dd6 <unknown>\nE       #3 0x55be33b13ec1 <unknown>\nE       #4 0x55be33b51354 <unknown>\nE       #5 0x55be33b3596d <unknown>\nE       #6 0x55be33b4ec02 <unknown>\nE       #7 0x55be33b35713 <unknown>\nE       #8 0x55be33b0818b <unknown>\nE       #9 0x55be33b08f7e <unknown>\nE       #10 0x55be33dbe8d8 <unknown>\nE       #11 0x55be33dc2800 <unknown>\nE       #12 0x55be33dcccfc <unknown>\nE       #13 0x55be33dc3418 <unknown>\nE       #14 0x55be33d9042f <unknown>\nE       #15 0x55be33de74e8 <unknown>\nE       #16 0x55be33de76b4 <unknown>\nE       #17 0x55be33df8143 <unknown>\nE       #18 0x7f1551a94ac3 <unknown>\n\n/opt/hostedtoolcache/Python/3.11.6/x64/lib/python3.11/site-packages/selenium/webdriver/support/wait.py:95: TimeoutException",
  "flaky" : false,
  "newFailed" : false,
  "beforeStages" : [ {
    "name" : "_session_faker",
    "time" : {
      "start" : 1699751444979,
      "stop" : 1699751445049,
      "duration" : 70
    },
    "status" : "passed",
    "steps" : [ ],
    "attachments" : [ ],
    "parameters" : [ ],
    "stepsCount" : 0,
    "attachmentsCount" : 0,
    "shouldDisplayMessage" : false,
    "hasContent" : false
  }, {
    "name" : "create_account_page",
    "time" : {
      "start" : 1699751474881,
      "stop" : 1699751476626,
      "duration" : 1745
    },
    "status" : "passed",
    "steps" : [ {
      "name" : "Open a browser",
      "time" : {
        "start" : 1699751474881,
        "stop" : 1699751476626,
        "duration" : 1745
      },
      "status" : "passed",
      "steps" : [ ],
      "attachments" : [ ],
      "parameters" : [ ],
      "stepsCount" : 0,
      "attachmentsCount" : 0,
      "shouldDisplayMessage" : false,
      "hasContent" : false
    } ],
    "attachments" : [ ],
    "parameters" : [ ],
    "stepsCount" : 1,
    "attachmentsCount" : 0,
    "shouldDisplayMessage" : false,
    "hasContent" : true
  }, {
    "name" : "clear_allure_result_folder",
    "time" : {
      "start" : 1699751445050,
      "stop" : 1699751445050,
      "duration" : 0
    },
    "status" : "passed",
    "steps" : [ ],
    "attachments" : [ ],
    "parameters" : [ ],
    "stepsCount" : 0,
    "attachmentsCount" : 0,
    "shouldDisplayMessage" : false,
    "hasContent" : false
  }, {
    "name" : "driver",
    "time" : {
      "start" : 1699751473923,
      "stop" : 1699751474881,
      "duration" : 958
    },
    "status" : "passed",
    "steps" : [ ],
    "attachments" : [ ],
    "parameters" : [ ],
    "stepsCount" : 0,
    "attachmentsCount" : 0,
    "shouldDisplayMessage" : false,
    "hasContent" : false
  } ],
  "testStage" : {
    "description" : " Verify that checkbox is present and unchecked",
    "status" : "broken",
    "statusMessage" : "selenium.common.exceptions.TimeoutException: Message: \nStacktrace:\n#0 0x55be33df8fb3 <unknown>\n#1 0x55be33acc4a7 <unknown>\n#2 0x55be33b13dd6 <unknown>\n#3 0x55be33b13ec1 <unknown>\n#4 0x55be33b51354 <unknown>\n#5 0x55be33b3596d <unknown>\n#6 0x55be33b4ec02 <unknown>\n#7 0x55be33b35713 <unknown>\n#8 0x55be33b0818b <unknown>\n#9 0x55be33b08f7e <unknown>\n#10 0x55be33dbe8d8 <unknown>\n#11 0x55be33dc2800 <unknown>\n#12 0x55be33dcccfc <unknown>\n#13 0x55be33dc3418 <unknown>\n#14 0x55be33d9042f <unknown>\n#15 0x55be33de74e8 <unknown>\n#16 0x55be33de76b4 <unknown>\n#17 0x55be33df8143 <unknown>\n#18 0x7f1551a94ac3 <unknown>",
    "statusTrace" : "self = <test_create_an_account.TestCreateAnAccount object at 0x7fd24b508250>\ncreate_account_page = <pages.create_an_account_page.CreateAccountPage object at 0x7fd24b315190>\n\n    @allure.title('TC 04_01_09 Verify checkbox is present and unchecked')\n    def test_04_01_09_sign_up_for_letters_checkbox(self, create_account_page):\n        \"\"\" Verify that checkbox is present and unchecked\"\"\"\n>       sign_up_checkbox = create_account_page.check_sign_up_checkbox_label()\n\ntests/test_create_an_account.py:79: \n_ _ _ _ _ _ _ _ _ _ _ _ _ _ _ _ _ _ _ _ _ _ _ _ _ _ _ _ _ _ _ _ _ _ _ _ _ _ _ _ \npages/create_an_account_page.py:224: in check_sign_up_checkbox_label\n    return self.element_is_visible(self.locators.SIGN_UP_CHECKBOX_LABEL)\npages/base_page.py:29: in element_is_visible\n    self.go_to_element(self.element_is_present(locator))\npages/base_page.py:50: in element_is_present\n    return wait(self.driver, timeout).until(EC.presence_of_element_located(locator))\n_ _ _ _ _ _ _ _ _ _ _ _ _ _ _ _ _ _ _ _ _ _ _ _ _ _ _ _ _ _ _ _ _ _ _ _ _ _ _ _ \n\nself = <selenium.webdriver.support.wait.WebDriverWait (session=\"15f598e8b8a5abb6019b1da752b18f50\")>\nmethod = <function presence_of_element_located.<locals>._predicate at 0x7fd24a366700>\nmessage = ''\n\n    def until(self, method, message: str = \"\"):\n        \"\"\"Calls the method provided with the driver as an argument until the \\\n        return value does not evaluate to ``False``.\n    \n        :param method: callable(WebDriver)\n        :param message: optional message for :exc:`TimeoutException`\n        :returns: the result of the last call to `method`\n        :raises: :exc:`selenium.common.exceptions.TimeoutException` if timeout occurs\n        \"\"\"\n        screen = None\n        stacktrace = None\n    \n        end_time = time.monotonic() + self._timeout\n        while True:\n            try:\n                value = method(self._driver)\n                if value:\n                    return value\n            except self._ignored_exceptions as exc:\n                screen = getattr(exc, \"screen\", None)\n                stacktrace = getattr(exc, \"stacktrace\", None)\n            time.sleep(self._poll)\n            if time.monotonic() > end_time:\n                break\n>       raise TimeoutException(message, screen, stacktrace)\nE       selenium.common.exceptions.TimeoutException: Message: \nE       Stacktrace:\nE       #0 0x55be33df8fb3 <unknown>\nE       #1 0x55be33acc4a7 <unknown>\nE       #2 0x55be33b13dd6 <unknown>\nE       #3 0x55be33b13ec1 <unknown>\nE       #4 0x55be33b51354 <unknown>\nE       #5 0x55be33b3596d <unknown>\nE       #6 0x55be33b4ec02 <unknown>\nE       #7 0x55be33b35713 <unknown>\nE       #8 0x55be33b0818b <unknown>\nE       #9 0x55be33b08f7e <unknown>\nE       #10 0x55be33dbe8d8 <unknown>\nE       #11 0x55be33dc2800 <unknown>\nE       #12 0x55be33dcccfc <unknown>\nE       #13 0x55be33dc3418 <unknown>\nE       #14 0x55be33d9042f <unknown>\nE       #15 0x55be33de74e8 <unknown>\nE       #16 0x55be33de76b4 <unknown>\nE       #17 0x55be33df8143 <unknown>\nE       #18 0x7f1551a94ac3 <unknown>\n\n/opt/hostedtoolcache/Python/3.11.6/x64/lib/python3.11/site-packages/selenium/webdriver/support/wait.py:95: TimeoutException",
    "steps" : [ {
      "name" : "Check Sign Up checkbox label is visible",
      "time" : {
        "start" : 1699751476626,
        "stop" : 1699751481712,
        "duration" : 5086
      },
      "status" : "broken",
      "statusMessage" : "selenium.common.exceptions.TimeoutException: Message: \nStacktrace:\n#0 0x55be33df8fb3 <unknown>\n#1 0x55be33acc4a7 <unknown>\n#2 0x55be33b13dd6 <unknown>\n#3 0x55be33b13ec1 <unknown>\n#4 0x55be33b51354 <unknown>\n#5 0x55be33b3596d <unknown>\n#6 0x55be33b4ec02 <unknown>\n#7 0x55be33b35713 <unknown>\n#8 0x55be33b0818b <unknown>\n#9 0x55be33b08f7e <unknown>\n#10 0x55be33dbe8d8 <unknown>\n#11 0x55be33dc2800 <unknown>\n#12 0x55be33dcccfc <unknown>\n#13 0x55be33dc3418 <unknown>\n#14 0x55be33d9042f <unknown>\n#15 0x55be33de74e8 <unknown>\n#16 0x55be33de76b4 <unknown>\n#17 0x55be33df8143 <unknown>\n#18 0x7f1551a94ac3 <unknown>\n\n",
      "statusTrace" : "  File \"/opt/hostedtoolcache/Python/3.11.6/x64/lib/python3.11/site-packages/allure_commons/_allure.py\", line 192, in impl\n    return func(*a, **kw)\n           ^^^^^^^^^^^^^^\n  File \"/home/runner/work/luma_project/luma_project/pages/create_an_account_page.py\", line 224, in check_sign_up_checkbox_label\n    return self.element_is_visible(self.locators.SIGN_UP_CHECKBOX_LABEL)\n           ^^^^^^^^^^^^^^^^^^^^^^^^^^^^^^^^^^^^^^^^^^^^^^^^^^^^^^^^^^^^^\n  File \"/opt/hostedtoolcache/Python/3.11.6/x64/lib/python3.11/site-packages/allure_commons/_allure.py\", line 192, in impl\n    return func(*a, **kw)\n           ^^^^^^^^^^^^^^\n  File \"/home/runner/work/luma_project/luma_project/pages/base_page.py\", line 29, in element_is_visible\n    self.go_to_element(self.element_is_present(locator))\n                       ^^^^^^^^^^^^^^^^^^^^^^^^^^^^^^^^\n  File \"/opt/hostedtoolcache/Python/3.11.6/x64/lib/python3.11/site-packages/allure_commons/_allure.py\", line 192, in impl\n    return func(*a, **kw)\n           ^^^^^^^^^^^^^^\n  File \"/home/runner/work/luma_project/luma_project/pages/base_page.py\", line 50, in element_is_present\n    return wait(self.driver, timeout).until(EC.presence_of_element_located(locator))\n           ^^^^^^^^^^^^^^^^^^^^^^^^^^^^^^^^^^^^^^^^^^^^^^^^^^^^^^^^^^^^^^^^^^^^^^^^^\n  File \"/opt/hostedtoolcache/Python/3.11.6/x64/lib/python3.11/site-packages/selenium/webdriver/support/wait.py\", line 95, in until\n    raise TimeoutException(message, screen, stacktrace)\n",
      "steps" : [ {
        "name" : "Find a visible element",
        "time" : {
          "start" : 1699751476626,
          "stop" : 1699751481712,
          "duration" : 5086
        },
        "status" : "broken",
        "statusMessage" : "selenium.common.exceptions.TimeoutException: Message: \nStacktrace:\n#0 0x55be33df8fb3 <unknown>\n#1 0x55be33acc4a7 <unknown>\n#2 0x55be33b13dd6 <unknown>\n#3 0x55be33b13ec1 <unknown>\n#4 0x55be33b51354 <unknown>\n#5 0x55be33b3596d <unknown>\n#6 0x55be33b4ec02 <unknown>\n#7 0x55be33b35713 <unknown>\n#8 0x55be33b0818b <unknown>\n#9 0x55be33b08f7e <unknown>\n#10 0x55be33dbe8d8 <unknown>\n#11 0x55be33dc2800 <unknown>\n#12 0x55be33dcccfc <unknown>\n#13 0x55be33dc3418 <unknown>\n#14 0x55be33d9042f <unknown>\n#15 0x55be33de74e8 <unknown>\n#16 0x55be33de76b4 <unknown>\n#17 0x55be33df8143 <unknown>\n#18 0x7f1551a94ac3 <unknown>\n\n",
        "statusTrace" : "  File \"/opt/hostedtoolcache/Python/3.11.6/x64/lib/python3.11/site-packages/allure_commons/_allure.py\", line 192, in impl\n    return func(*a, **kw)\n           ^^^^^^^^^^^^^^\n  File \"/home/runner/work/luma_project/luma_project/pages/base_page.py\", line 29, in element_is_visible\n    self.go_to_element(self.element_is_present(locator))\n                       ^^^^^^^^^^^^^^^^^^^^^^^^^^^^^^^^\n  File \"/opt/hostedtoolcache/Python/3.11.6/x64/lib/python3.11/site-packages/allure_commons/_allure.py\", line 192, in impl\n    return func(*a, **kw)\n           ^^^^^^^^^^^^^^\n  File \"/home/runner/work/luma_project/luma_project/pages/base_page.py\", line 50, in element_is_present\n    return wait(self.driver, timeout).until(EC.presence_of_element_located(locator))\n           ^^^^^^^^^^^^^^^^^^^^^^^^^^^^^^^^^^^^^^^^^^^^^^^^^^^^^^^^^^^^^^^^^^^^^^^^^\n  File \"/opt/hostedtoolcache/Python/3.11.6/x64/lib/python3.11/site-packages/selenium/webdriver/support/wait.py\", line 95, in until\n    raise TimeoutException(message, screen, stacktrace)\n",
        "steps" : [ {
          "name" : "Find a present element",
          "time" : {
            "start" : 1699751476626,
            "stop" : 1699751481711,
            "duration" : 5085
          },
          "status" : "broken",
          "statusMessage" : "selenium.common.exceptions.TimeoutException: Message: \nStacktrace:\n#0 0x55be33df8fb3 <unknown>\n#1 0x55be33acc4a7 <unknown>\n#2 0x55be33b13dd6 <unknown>\n#3 0x55be33b13ec1 <unknown>\n#4 0x55be33b51354 <unknown>\n#5 0x55be33b3596d <unknown>\n#6 0x55be33b4ec02 <unknown>\n#7 0x55be33b35713 <unknown>\n#8 0x55be33b0818b <unknown>\n#9 0x55be33b08f7e <unknown>\n#10 0x55be33dbe8d8 <unknown>\n#11 0x55be33dc2800 <unknown>\n#12 0x55be33dcccfc <unknown>\n#13 0x55be33dc3418 <unknown>\n#14 0x55be33d9042f <unknown>\n#15 0x55be33de74e8 <unknown>\n#16 0x55be33de76b4 <unknown>\n#17 0x55be33df8143 <unknown>\n#18 0x7f1551a94ac3 <unknown>\n\n",
          "statusTrace" : "  File \"/opt/hostedtoolcache/Python/3.11.6/x64/lib/python3.11/site-packages/allure_commons/_allure.py\", line 192, in impl\n    return func(*a, **kw)\n           ^^^^^^^^^^^^^^\n  File \"/home/runner/work/luma_project/luma_project/pages/base_page.py\", line 50, in element_is_present\n    return wait(self.driver, timeout).until(EC.presence_of_element_located(locator))\n           ^^^^^^^^^^^^^^^^^^^^^^^^^^^^^^^^^^^^^^^^^^^^^^^^^^^^^^^^^^^^^^^^^^^^^^^^^\n  File \"/opt/hostedtoolcache/Python/3.11.6/x64/lib/python3.11/site-packages/selenium/webdriver/support/wait.py\", line 95, in until\n    raise TimeoutException(message, screen, stacktrace)\n",
          "steps" : [ ],
          "attachments" : [ ],
          "parameters" : [ {
            "name" : "locator",
            "value" : "('css selector', \"label[for='is_subscribed']\")"
          }, {
            "name" : "timeout",
            "value" : "5"
          } ],
          "stepsCount" : 0,
          "attachmentsCount" : 0,
          "shouldDisplayMessage" : true,
          "hasContent" : true
        } ],
        "attachments" : [ ],
        "parameters" : [ {
          "name" : "locator",
          "value" : "('css selector', \"label[for='is_subscribed']\")"
        }, {
          "name" : "timeout",
          "value" : "10"
        } ],
        "stepsCount" : 1,
        "attachmentsCount" : 0,
        "shouldDisplayMessage" : false,
        "hasContent" : true
      } ],
      "attachments" : [ ],
      "parameters" : [ ],
      "stepsCount" : 2,
      "attachmentsCount" : 0,
      "shouldDisplayMessage" : false,
      "hasContent" : true
    } ],
    "attachments" : [ {
      "uid" : "69400c58da9853d0",
      "name" : "Screenshot",
      "source" : "69400c58da9853d0.png",
      "type" : "image/png",
      "size" : 68017
    }, {
      "uid" : "31dfc9417038c734",
      "name" : "HTML source",
      "source" : "31dfc9417038c734.html",
      "type" : "text/html",
      "size" : 82011
    } ],
    "parameters" : [ ],
    "stepsCount" : 3,
    "attachmentsCount" : 2,
    "shouldDisplayMessage" : true,
    "hasContent" : true
  },
  "afterStages" : [ {
    "name" : "clear_allure_result_folder::0",
    "time" : {
      "start" : 1699752819384,
      "stop" : 1699752819384,
      "duration" : 0
    },
    "status" : "passed",
    "steps" : [ ],
    "attachments" : [ ],
    "parameters" : [ ],
    "stepsCount" : 0,
    "attachmentsCount" : 0,
    "shouldDisplayMessage" : false,
    "hasContent" : false
  }, {
    "name" : "driver::0",
    "time" : {
      "start" : 1699751481899,
      "stop" : 1699751481965,
      "duration" : 66
    },
    "status" : "passed",
    "steps" : [ ],
    "attachments" : [ ],
    "parameters" : [ ],
    "stepsCount" : 0,
    "attachmentsCount" : 0,
    "shouldDisplayMessage" : false,
    "hasContent" : false
  } ],
  "labels" : [ {
    "name" : "epic",
    "value" : "Create An Account"
  }, {
    "name" : "parentSuite",
    "value" : "tests"
  }, {
    "name" : "suite",
    "value" : "test_create_an_account"
  }, {
    "name" : "subSuite",
    "value" : "TestCreateAnAccount"
  }, {
    "name" : "host",
    "value" : "fv-az777-389"
  }, {
    "name" : "thread",
    "value" : "3201-MainThread"
  }, {
    "name" : "framework",
    "value" : "pytest"
  }, {
    "name" : "language",
    "value" : "cpython3"
  }, {
    "name" : "package",
    "value" : "tests.test_create_an_account"
  }, {
    "name" : "resultFormat",
    "value" : "allure2"
  } ],
  "parameters" : [ ],
  "links" : [ ],
  "hidden" : false,
  "retry" : false,
  "extra" : {
    "severity" : "normal",
    "retries" : [ ],
    "categories" : [ {
      "name" : "Test defects",
      "matchedStatuses" : [ ],
      "flaky" : false
    } ],
    "tags" : [ ]
  },
  "source" : "4b27e9dc43d7c7c4.json",
  "parameterValues" : [ ]
}