{
  "uid" : "4eee48c1f3d3333d",
  "name" : "TC 13.01.47 - Check block 4 'home-performance' in section 2 of the Promo Block is present in the DOM tree",
  "fullName" : "tests.test_main_page.TestPromoBlock#test_tc_13_01_47_check_block4_in_section2_is_present",
  "historyId" : "85bcf003b4dd7cde75369e78794015b3",
  "time" : {
    "start" : 1737856019719,
    "stop" : 1737856025078,
    "duration" : 5359
  },
  "description" : "This test checks if block 4 'home-performance' in section 2 in the Promo Block is present\n            in the DOM tree on the main page",
  "descriptionHtml" : "<p>This test checks if block 4 'home-performance' in section 2 in the Promo Block is present\nin the DOM tree on the main page</p>\n",
  "status" : "broken",
  "statusMessage" : "selenium.common.exceptions.TimeoutException: Message: \nStacktrace:\n#0 0x55c01cf9c7ca <unknown>\n#1 0x55c01ca942f0 <unknown>\n#2 0x55c01cae4035 <unknown>\n#3 0x55c01cae4251 <unknown>\n#4 0x55c01cb2a054 <unknown>\n#5 0x55c01cb089dd <unknown>\n#6 0x55c01cb273b3 <unknown>\n#7 0x55c01cb08753 <unknown>\n#8 0x55c01cad5baa <unknown>\n#9 0x55c01cad6dfe <unknown>\n#10 0x55c01cf6738b <unknown>\n#11 0x55c01cf6b307 <unknown>\n#12 0x55c01cf53e7c <unknown>\n#13 0x55c01cf6bec7 <unknown>\n#14 0x55c01cf3824f <unknown>\n#15 0x55c01cf8b2f8 <unknown>\n#16 0x55c01cf8b4c0 <unknown>\n#17 0x55c01cf9b646 <unknown>\n#18 0x7fb5a8e9ca94 <unknown>\n#19 0x7fb5a8f29c3c <unknown>",
  "statusTrace" : "self = <test_main_page.TestMainPage.TestPromoBlock object at 0x7fc2e82b5010>\ndriver = <selenium.webdriver.chrome.webdriver.WebDriver (session=\"c43dc53d03fb3bd8b38154255aadd0b8\")>\n\n    @allure.title(\"TC 13.01.47 - Check block 4 'home-performance' in section 2 of the Promo Block is present \"\n                  \"in the DOM tree\")\n    def test_tc_13_01_47_check_block4_in_section2_is_present(self, driver):\n        \"\"\"This test checks if block 4 'home-performance' in section 2 in the Promo Block is present\n        in the DOM tree on the main page\"\"\"\n        page = PromoBlock(driver, MAIN_PAGE_URL)\n        page.open()\n>       block4_section2 = page.check_block4_section2_is_present()\n\ntests/test_main_page.py:616: \n_ _ _ _ _ _ _ _ _ _ _ _ _ _ _ _ _ _ _ _ _ _ _ _ _ _ _ _ _ _ _ _ _ _ _ _ _ _ _ _ \npages/main_page.py:221: in check_block4_section2_is_present\n    return self.element_is_present(self.locators.SECTION_2_BLOCK_4)\npages/base_page.py:50: in element_is_present\n    return wait(self.driver, timeout).until(EC.presence_of_element_located(locator))\n_ _ _ _ _ _ _ _ _ _ _ _ _ _ _ _ _ _ _ _ _ _ _ _ _ _ _ _ _ _ _ _ _ _ _ _ _ _ _ _ \n\nself = <selenium.webdriver.support.wait.WebDriverWait (session=\"c43dc53d03fb3bd8b38154255aadd0b8\")>\nmethod = <function presence_of_element_located.<locals>._predicate at 0x7fc2e7adc360>\nmessage = ''\n\n    def until(self, method, message: str = \"\"):\n        \"\"\"Calls the method provided with the driver as an argument until the \\\n        return value does not evaluate to ``False``.\n    \n        :param method: callable(WebDriver)\n        :param message: optional message for :exc:`TimeoutException`\n        :returns: the result of the last call to `method`\n        :raises: :exc:`selenium.common.exceptions.TimeoutException` if timeout occurs\n        \"\"\"\n        screen = None\n        stacktrace = None\n    \n        end_time = time.monotonic() + self._timeout\n        while True:\n            try:\n                value = method(self._driver)\n                if value:\n                    return value\n            except self._ignored_exceptions as exc:\n                screen = getattr(exc, \"screen\", None)\n                stacktrace = getattr(exc, \"stacktrace\", None)\n            time.sleep(self._poll)\n            if time.monotonic() > end_time:\n                break\n>       raise TimeoutException(message, screen, stacktrace)\nE       selenium.common.exceptions.TimeoutException: Message: \nE       Stacktrace:\nE       #0 0x55c01cf9c7ca <unknown>\nE       #1 0x55c01ca942f0 <unknown>\nE       #2 0x55c01cae4035 <unknown>\nE       #3 0x55c01cae4251 <unknown>\nE       #4 0x55c01cb2a054 <unknown>\nE       #5 0x55c01cb089dd <unknown>\nE       #6 0x55c01cb273b3 <unknown>\nE       #7 0x55c01cb08753 <unknown>\nE       #8 0x55c01cad5baa <unknown>\nE       #9 0x55c01cad6dfe <unknown>\nE       #10 0x55c01cf6738b <unknown>\nE       #11 0x55c01cf6b307 <unknown>\nE       #12 0x55c01cf53e7c <unknown>\nE       #13 0x55c01cf6bec7 <unknown>\nE       #14 0x55c01cf3824f <unknown>\nE       #15 0x55c01cf8b2f8 <unknown>\nE       #16 0x55c01cf8b4c0 <unknown>\nE       #17 0x55c01cf9b646 <unknown>\nE       #18 0x7fb5a8e9ca94 <unknown>\nE       #19 0x7fb5a8f29c3c <unknown>\n\n/opt/hostedtoolcache/Python/3.11.11/x64/lib/python3.11/site-packages/selenium/webdriver/support/wait.py:95: TimeoutException",
  "flaky" : false,
  "newFailed" : false,
  "beforeStages" : [ {
    "name" : "clear_allure_result_folder",
    "time" : {
      "start" : 1737854757354,
      "stop" : 1737854757354,
      "duration" : 0
    },
    "status" : "passed",
    "steps" : [ ],
    "attachments" : [ ],
    "parameters" : [ ],
    "stepsCount" : 0,
    "attachmentsCount" : 0,
    "shouldDisplayMessage" : false,
    "hasContent" : false
  }, {
    "name" : "driver",
    "time" : {
      "start" : 1737856018528,
      "stop" : 1737856019719,
      "duration" : 1191
    },
    "status" : "passed",
    "steps" : [ ],
    "attachments" : [ ],
    "parameters" : [ ],
    "stepsCount" : 0,
    "attachmentsCount" : 0,
    "shouldDisplayMessage" : false,
    "hasContent" : false
  }, {
    "name" : "_session_faker",
    "time" : {
      "start" : 1737854757290,
      "stop" : 1737854757353,
      "duration" : 63
    },
    "status" : "passed",
    "steps" : [ ],
    "attachments" : [ ],
    "parameters" : [ ],
    "stepsCount" : 0,
    "attachmentsCount" : 0,
    "shouldDisplayMessage" : false,
    "hasContent" : false
  } ],
  "testStage" : {
    "description" : "This test checks if block 4 'home-performance' in section 2 in the Promo Block is present\n            in the DOM tree on the main page",
    "status" : "broken",
    "statusMessage" : "selenium.common.exceptions.TimeoutException: Message: \nStacktrace:\n#0 0x55c01cf9c7ca <unknown>\n#1 0x55c01ca942f0 <unknown>\n#2 0x55c01cae4035 <unknown>\n#3 0x55c01cae4251 <unknown>\n#4 0x55c01cb2a054 <unknown>\n#5 0x55c01cb089dd <unknown>\n#6 0x55c01cb273b3 <unknown>\n#7 0x55c01cb08753 <unknown>\n#8 0x55c01cad5baa <unknown>\n#9 0x55c01cad6dfe <unknown>\n#10 0x55c01cf6738b <unknown>\n#11 0x55c01cf6b307 <unknown>\n#12 0x55c01cf53e7c <unknown>\n#13 0x55c01cf6bec7 <unknown>\n#14 0x55c01cf3824f <unknown>\n#15 0x55c01cf8b2f8 <unknown>\n#16 0x55c01cf8b4c0 <unknown>\n#17 0x55c01cf9b646 <unknown>\n#18 0x7fb5a8e9ca94 <unknown>\n#19 0x7fb5a8f29c3c <unknown>",
    "statusTrace" : "self = <test_main_page.TestMainPage.TestPromoBlock object at 0x7fc2e82b5010>\ndriver = <selenium.webdriver.chrome.webdriver.WebDriver (session=\"c43dc53d03fb3bd8b38154255aadd0b8\")>\n\n    @allure.title(\"TC 13.01.47 - Check block 4 'home-performance' in section 2 of the Promo Block is present \"\n                  \"in the DOM tree\")\n    def test_tc_13_01_47_check_block4_in_section2_is_present(self, driver):\n        \"\"\"This test checks if block 4 'home-performance' in section 2 in the Promo Block is present\n        in the DOM tree on the main page\"\"\"\n        page = PromoBlock(driver, MAIN_PAGE_URL)\n        page.open()\n>       block4_section2 = page.check_block4_section2_is_present()\n\ntests/test_main_page.py:616: \n_ _ _ _ _ _ _ _ _ _ _ _ _ _ _ _ _ _ _ _ _ _ _ _ _ _ _ _ _ _ _ _ _ _ _ _ _ _ _ _ \npages/main_page.py:221: in check_block4_section2_is_present\n    return self.element_is_present(self.locators.SECTION_2_BLOCK_4)\npages/base_page.py:50: in element_is_present\n    return wait(self.driver, timeout).until(EC.presence_of_element_located(locator))\n_ _ _ _ _ _ _ _ _ _ _ _ _ _ _ _ _ _ _ _ _ _ _ _ _ _ _ _ _ _ _ _ _ _ _ _ _ _ _ _ \n\nself = <selenium.webdriver.support.wait.WebDriverWait (session=\"c43dc53d03fb3bd8b38154255aadd0b8\")>\nmethod = <function presence_of_element_located.<locals>._predicate at 0x7fc2e7adc360>\nmessage = ''\n\n    def until(self, method, message: str = \"\"):\n        \"\"\"Calls the method provided with the driver as an argument until the \\\n        return value does not evaluate to ``False``.\n    \n        :param method: callable(WebDriver)\n        :param message: optional message for :exc:`TimeoutException`\n        :returns: the result of the last call to `method`\n        :raises: :exc:`selenium.common.exceptions.TimeoutException` if timeout occurs\n        \"\"\"\n        screen = None\n        stacktrace = None\n    \n        end_time = time.monotonic() + self._timeout\n        while True:\n            try:\n                value = method(self._driver)\n                if value:\n                    return value\n            except self._ignored_exceptions as exc:\n                screen = getattr(exc, \"screen\", None)\n                stacktrace = getattr(exc, \"stacktrace\", None)\n            time.sleep(self._poll)\n            if time.monotonic() > end_time:\n                break\n>       raise TimeoutException(message, screen, stacktrace)\nE       selenium.common.exceptions.TimeoutException: Message: \nE       Stacktrace:\nE       #0 0x55c01cf9c7ca <unknown>\nE       #1 0x55c01ca942f0 <unknown>\nE       #2 0x55c01cae4035 <unknown>\nE       #3 0x55c01cae4251 <unknown>\nE       #4 0x55c01cb2a054 <unknown>\nE       #5 0x55c01cb089dd <unknown>\nE       #6 0x55c01cb273b3 <unknown>\nE       #7 0x55c01cb08753 <unknown>\nE       #8 0x55c01cad5baa <unknown>\nE       #9 0x55c01cad6dfe <unknown>\nE       #10 0x55c01cf6738b <unknown>\nE       #11 0x55c01cf6b307 <unknown>\nE       #12 0x55c01cf53e7c <unknown>\nE       #13 0x55c01cf6bec7 <unknown>\nE       #14 0x55c01cf3824f <unknown>\nE       #15 0x55c01cf8b2f8 <unknown>\nE       #16 0x55c01cf8b4c0 <unknown>\nE       #17 0x55c01cf9b646 <unknown>\nE       #18 0x7fb5a8e9ca94 <unknown>\nE       #19 0x7fb5a8f29c3c <unknown>\n\n/opt/hostedtoolcache/Python/3.11.11/x64/lib/python3.11/site-packages/selenium/webdriver/support/wait.py:95: TimeoutException",
    "steps" : [ {
      "name" : "Open a browser",
      "time" : {
        "start" : 1737856019719,
        "stop" : 1737856019958,
        "duration" : 239
      },
      "status" : "passed",
      "steps" : [ ],
      "attachments" : [ ],
      "parameters" : [ ],
      "stepsCount" : 0,
      "attachmentsCount" : 0,
      "shouldDisplayMessage" : false,
      "hasContent" : false
    }, {
      "name" : "Check block 4 'home-performance' in section 2 of the Promo Block is present in the DOM tree",
      "time" : {
        "start" : 1737856019958,
        "stop" : 1737856025077,
        "duration" : 5119
      },
      "status" : "broken",
      "statusMessage" : "selenium.common.exceptions.TimeoutException: Message: \nStacktrace:\n#0 0x55c01cf9c7ca <unknown>\n#1 0x55c01ca942f0 <unknown>\n#2 0x55c01cae4035 <unknown>\n#3 0x55c01cae4251 <unknown>\n#4 0x55c01cb2a054 <unknown>\n#5 0x55c01cb089dd <unknown>\n#6 0x55c01cb273b3 <unknown>\n#7 0x55c01cb08753 <unknown>\n#8 0x55c01cad5baa <unknown>\n#9 0x55c01cad6dfe <unknown>\n#10 0x55c01cf6738b <unknown>\n#11 0x55c01cf6b307 <unknown>\n#12 0x55c01cf53e7c <unknown>\n#13 0x55c01cf6bec7 <unknown>\n#14 0x55c01cf3824f <unknown>\n#15 0x55c01cf8b2f8 <unknown>\n#16 0x55c01cf8b4c0 <unknown>\n#17 0x55c01cf9b646 <unknown>\n#18 0x7fb5a8e9ca94 <unknown>\n#19 0x7fb5a8f29c3c <unknown>\n\n",
      "statusTrace" : "  File \"/opt/hostedtoolcache/Python/3.11.11/x64/lib/python3.11/site-packages/allure_commons/_allure.py\", line 192, in impl\n    return func(*a, **kw)\n           ^^^^^^^^^^^^^^\n  File \"/home/runner/work/luma_project/luma_project/pages/main_page.py\", line 221, in check_block4_section2_is_present\n    return self.element_is_present(self.locators.SECTION_2_BLOCK_4)\n           ^^^^^^^^^^^^^^^^^^^^^^^^^^^^^^^^^^^^^^^^^^^^^^^^^^^^^^^^\n  File \"/opt/hostedtoolcache/Python/3.11.11/x64/lib/python3.11/site-packages/allure_commons/_allure.py\", line 192, in impl\n    return func(*a, **kw)\n           ^^^^^^^^^^^^^^\n  File \"/home/runner/work/luma_project/luma_project/pages/base_page.py\", line 50, in element_is_present\n    return wait(self.driver, timeout).until(EC.presence_of_element_located(locator))\n           ^^^^^^^^^^^^^^^^^^^^^^^^^^^^^^^^^^^^^^^^^^^^^^^^^^^^^^^^^^^^^^^^^^^^^^^^^\n  File \"/opt/hostedtoolcache/Python/3.11.11/x64/lib/python3.11/site-packages/selenium/webdriver/support/wait.py\", line 95, in until\n    raise TimeoutException(message, screen, stacktrace)\n",
      "steps" : [ {
        "name" : "Find a present element",
        "time" : {
          "start" : 1737856019959,
          "stop" : 1737856025077,
          "duration" : 5118
        },
        "status" : "broken",
        "statusMessage" : "selenium.common.exceptions.TimeoutException: Message: \nStacktrace:\n#0 0x55c01cf9c7ca <unknown>\n#1 0x55c01ca942f0 <unknown>\n#2 0x55c01cae4035 <unknown>\n#3 0x55c01cae4251 <unknown>\n#4 0x55c01cb2a054 <unknown>\n#5 0x55c01cb089dd <unknown>\n#6 0x55c01cb273b3 <unknown>\n#7 0x55c01cb08753 <unknown>\n#8 0x55c01cad5baa <unknown>\n#9 0x55c01cad6dfe <unknown>\n#10 0x55c01cf6738b <unknown>\n#11 0x55c01cf6b307 <unknown>\n#12 0x55c01cf53e7c <unknown>\n#13 0x55c01cf6bec7 <unknown>\n#14 0x55c01cf3824f <unknown>\n#15 0x55c01cf8b2f8 <unknown>\n#16 0x55c01cf8b4c0 <unknown>\n#17 0x55c01cf9b646 <unknown>\n#18 0x7fb5a8e9ca94 <unknown>\n#19 0x7fb5a8f29c3c <unknown>\n\n",
        "statusTrace" : "  File \"/opt/hostedtoolcache/Python/3.11.11/x64/lib/python3.11/site-packages/allure_commons/_allure.py\", line 192, in impl\n    return func(*a, **kw)\n           ^^^^^^^^^^^^^^\n  File \"/home/runner/work/luma_project/luma_project/pages/base_page.py\", line 50, in element_is_present\n    return wait(self.driver, timeout).until(EC.presence_of_element_located(locator))\n           ^^^^^^^^^^^^^^^^^^^^^^^^^^^^^^^^^^^^^^^^^^^^^^^^^^^^^^^^^^^^^^^^^^^^^^^^^\n  File \"/opt/hostedtoolcache/Python/3.11.11/x64/lib/python3.11/site-packages/selenium/webdriver/support/wait.py\", line 95, in until\n    raise TimeoutException(message, screen, stacktrace)\n",
        "steps" : [ ],
        "attachments" : [ ],
        "parameters" : [ {
          "name" : "locator",
          "value" : "('css selector', '.home-performance')"
        }, {
          "name" : "timeout",
          "value" : "5"
        } ],
        "stepsCount" : 0,
        "attachmentsCount" : 0,
        "shouldDisplayMessage" : true,
        "hasContent" : true
      } ],
      "attachments" : [ ],
      "parameters" : [ ],
      "stepsCount" : 1,
      "attachmentsCount" : 0,
      "shouldDisplayMessage" : false,
      "hasContent" : true
    } ],
    "attachments" : [ {
      "uid" : "28120bd0e9293116",
      "name" : "Screenshot",
      "source" : "28120bd0e9293116.png",
      "type" : "image/png",
      "size" : 25650
    }, {
      "uid" : "dec3f14f17e7d9bd",
      "name" : "HTML source",
      "source" : "dec3f14f17e7d9bd.html",
      "type" : "text/html",
      "size" : 258745
    } ],
    "parameters" : [ ],
    "stepsCount" : 3,
    "attachmentsCount" : 2,
    "shouldDisplayMessage" : true,
    "hasContent" : true
  },
  "afterStages" : [ {
    "name" : "clear_allure_result_folder::0",
    "time" : {
      "start" : 1737857182853,
      "stop" : 1737857182853,
      "duration" : 0
    },
    "status" : "passed",
    "steps" : [ ],
    "attachments" : [ ],
    "parameters" : [ ],
    "stepsCount" : 0,
    "attachmentsCount" : 0,
    "shouldDisplayMessage" : false,
    "hasContent" : false
  }, {
    "name" : "driver::0",
    "time" : {
      "start" : 1737856025198,
      "stop" : 1737856025262,
      "duration" : 64
    },
    "status" : "passed",
    "steps" : [ ],
    "attachments" : [ ],
    "parameters" : [ ],
    "stepsCount" : 0,
    "attachmentsCount" : 0,
    "shouldDisplayMessage" : false,
    "hasContent" : false
  } ],
  "labels" : [ {
    "name" : "feature",
    "value" : "Promo Block Testing"
  }, {
    "name" : "epic",
    "value" : "Main Page"
  }, {
    "name" : "parentSuite",
    "value" : "tests"
  }, {
    "name" : "suite",
    "value" : "test_main_page"
  }, {
    "name" : "subSuite",
    "value" : "TestMainPage"
  }, {
    "name" : "host",
    "value" : "fv-az1922-652"
  }, {
    "name" : "thread",
    "value" : "2797-MainThread"
  }, {
    "name" : "framework",
    "value" : "pytest"
  }, {
    "name" : "language",
    "value" : "cpython3"
  }, {
    "name" : "package",
    "value" : "tests.test_main_page"
  }, {
    "name" : "resultFormat",
    "value" : "allure2"
  } ],
  "parameters" : [ ],
  "links" : [ ],
  "hidden" : false,
  "retry" : false,
  "extra" : {
    "severity" : "normal",
    "retries" : [ ],
    "categories" : [ {
      "name" : "Test defects",
      "matchedStatuses" : [ ],
      "flaky" : false
    } ],
    "tags" : [ ]
  },
  "source" : "4eee48c1f3d3333d.json",
  "parameterValues" : [ ]
}