{
  "uid" : "52c3d406234b0e3b",
  "name" : "TC 13.02.04 - Check the link in section 2 block 3 'home-erin' in the Promo Block leads to the correct page",
  "fullName" : "tests.test_main_page.TestPromoBlock#test_tc_13_02_04_check_section2_block3_link",
  "historyId" : "5d3b0b6226171412707a07ee4e2e97aa",
  "time" : {
    "start" : 1737856093915,
    "stop" : 1737856099290,
    "duration" : 5375
  },
  "description" : "Check that link in section 2 block 3 'home-erin' is correct",
  "descriptionHtml" : "<p>Check that link in section 2 block 3 'home-erin' is correct</p>\n",
  "status" : "broken",
  "statusMessage" : "selenium.common.exceptions.TimeoutException: Message: \nStacktrace:\n#0 0x5633d7dbd7ca <unknown>\n#1 0x5633d78b52f0 <unknown>\n#2 0x5633d7905035 <unknown>\n#3 0x5633d7905251 <unknown>\n#4 0x5633d794b054 <unknown>\n#5 0x5633d79299dd <unknown>\n#6 0x5633d79483b3 <unknown>\n#7 0x5633d7929753 <unknown>\n#8 0x5633d78f6baa <unknown>\n#9 0x5633d78f7dfe <unknown>\n#10 0x5633d7d8838b <unknown>\n#11 0x5633d7d8c307 <unknown>\n#12 0x5633d7d74e7c <unknown>\n#13 0x5633d7d8cec7 <unknown>\n#14 0x5633d7d5924f <unknown>\n#15 0x5633d7dac2f8 <unknown>\n#16 0x5633d7dac4c0 <unknown>\n#17 0x5633d7dbc646 <unknown>\n#18 0x7fc349c9ca94 <unknown>\n#19 0x7fc349d29c3c <unknown>",
  "statusTrace" : "self = <test_main_page.TestMainPage.TestPromoBlock object at 0x7fc2e6366250>\ndriver = <selenium.webdriver.chrome.webdriver.WebDriver (session=\"ab866f918b198585c0e1f58fa8837de2\")>\n\n    @allure.title(\"TC 13.02.04 - Check the link in section 2 block 3 'home-erin' in the Promo Block \"\n                  \"leads to the correct page\")\n    def test_tc_13_02_04_check_section2_block3_link(self, driver):\n        \"\"\"Check that link in section 2 block 3 'home-erin' is correct\"\"\"\n        page = PromoBlock(driver, MAIN_PAGE_URL)\n        page.open()\n>       page.check_section2_block3_link()\n\ntests/test_main_page.py:723: \n_ _ _ _ _ _ _ _ _ _ _ _ _ _ _ _ _ _ _ _ _ _ _ _ _ _ _ _ _ _ _ _ _ _ _ _ _ _ _ _ \npages/main_page.py:400: in check_section2_block3_link\n    section2_block3 = self.element_is_visible(self.locators.SECTION_2_BLOCK_3)\npages/base_page.py:29: in element_is_visible\n    self.go_to_element(self.element_is_present(locator))\npages/base_page.py:50: in element_is_present\n    return wait(self.driver, timeout).until(EC.presence_of_element_located(locator))\n_ _ _ _ _ _ _ _ _ _ _ _ _ _ _ _ _ _ _ _ _ _ _ _ _ _ _ _ _ _ _ _ _ _ _ _ _ _ _ _ \n\nself = <selenium.webdriver.support.wait.WebDriverWait (session=\"ab866f918b198585c0e1f58fa8837de2\")>\nmethod = <function presence_of_element_located.<locals>._predicate at 0x7fc2e76b2660>\nmessage = ''\n\n    def until(self, method, message: str = \"\"):\n        \"\"\"Calls the method provided with the driver as an argument until the \\\n        return value does not evaluate to ``False``.\n    \n        :param method: callable(WebDriver)\n        :param message: optional message for :exc:`TimeoutException`\n        :returns: the result of the last call to `method`\n        :raises: :exc:`selenium.common.exceptions.TimeoutException` if timeout occurs\n        \"\"\"\n        screen = None\n        stacktrace = None\n    \n        end_time = time.monotonic() + self._timeout\n        while True:\n            try:\n                value = method(self._driver)\n                if value:\n                    return value\n            except self._ignored_exceptions as exc:\n                screen = getattr(exc, \"screen\", None)\n                stacktrace = getattr(exc, \"stacktrace\", None)\n            time.sleep(self._poll)\n            if time.monotonic() > end_time:\n                break\n>       raise TimeoutException(message, screen, stacktrace)\nE       selenium.common.exceptions.TimeoutException: Message: \nE       Stacktrace:\nE       #0 0x5633d7dbd7ca <unknown>\nE       #1 0x5633d78b52f0 <unknown>\nE       #2 0x5633d7905035 <unknown>\nE       #3 0x5633d7905251 <unknown>\nE       #4 0x5633d794b054 <unknown>\nE       #5 0x5633d79299dd <unknown>\nE       #6 0x5633d79483b3 <unknown>\nE       #7 0x5633d7929753 <unknown>\nE       #8 0x5633d78f6baa <unknown>\nE       #9 0x5633d78f7dfe <unknown>\nE       #10 0x5633d7d8838b <unknown>\nE       #11 0x5633d7d8c307 <unknown>\nE       #12 0x5633d7d74e7c <unknown>\nE       #13 0x5633d7d8cec7 <unknown>\nE       #14 0x5633d7d5924f <unknown>\nE       #15 0x5633d7dac2f8 <unknown>\nE       #16 0x5633d7dac4c0 <unknown>\nE       #17 0x5633d7dbc646 <unknown>\nE       #18 0x7fc349c9ca94 <unknown>\nE       #19 0x7fc349d29c3c <unknown>\n\n/opt/hostedtoolcache/Python/3.11.11/x64/lib/python3.11/site-packages/selenium/webdriver/support/wait.py:95: TimeoutException",
  "flaky" : false,
  "newFailed" : false,
  "beforeStages" : [ {
    "name" : "clear_allure_result_folder",
    "time" : {
      "start" : 1737854757354,
      "stop" : 1737854757354,
      "duration" : 0
    },
    "status" : "passed",
    "steps" : [ ],
    "attachments" : [ ],
    "parameters" : [ ],
    "stepsCount" : 0,
    "attachmentsCount" : 0,
    "shouldDisplayMessage" : false,
    "hasContent" : false
  }, {
    "name" : "_session_faker",
    "time" : {
      "start" : 1737854757290,
      "stop" : 1737854757353,
      "duration" : 63
    },
    "status" : "passed",
    "steps" : [ ],
    "attachments" : [ ],
    "parameters" : [ ],
    "stepsCount" : 0,
    "attachmentsCount" : 0,
    "shouldDisplayMessage" : false,
    "hasContent" : false
  }, {
    "name" : "driver",
    "time" : {
      "start" : 1737856092660,
      "stop" : 1737856093914,
      "duration" : 1254
    },
    "status" : "passed",
    "steps" : [ ],
    "attachments" : [ ],
    "parameters" : [ ],
    "stepsCount" : 0,
    "attachmentsCount" : 0,
    "shouldDisplayMessage" : false,
    "hasContent" : false
  } ],
  "testStage" : {
    "description" : "Check that link in section 2 block 3 'home-erin' is correct",
    "status" : "broken",
    "statusMessage" : "selenium.common.exceptions.TimeoutException: Message: \nStacktrace:\n#0 0x5633d7dbd7ca <unknown>\n#1 0x5633d78b52f0 <unknown>\n#2 0x5633d7905035 <unknown>\n#3 0x5633d7905251 <unknown>\n#4 0x5633d794b054 <unknown>\n#5 0x5633d79299dd <unknown>\n#6 0x5633d79483b3 <unknown>\n#7 0x5633d7929753 <unknown>\n#8 0x5633d78f6baa <unknown>\n#9 0x5633d78f7dfe <unknown>\n#10 0x5633d7d8838b <unknown>\n#11 0x5633d7d8c307 <unknown>\n#12 0x5633d7d74e7c <unknown>\n#13 0x5633d7d8cec7 <unknown>\n#14 0x5633d7d5924f <unknown>\n#15 0x5633d7dac2f8 <unknown>\n#16 0x5633d7dac4c0 <unknown>\n#17 0x5633d7dbc646 <unknown>\n#18 0x7fc349c9ca94 <unknown>\n#19 0x7fc349d29c3c <unknown>",
    "statusTrace" : "self = <test_main_page.TestMainPage.TestPromoBlock object at 0x7fc2e6366250>\ndriver = <selenium.webdriver.chrome.webdriver.WebDriver (session=\"ab866f918b198585c0e1f58fa8837de2\")>\n\n    @allure.title(\"TC 13.02.04 - Check the link in section 2 block 3 'home-erin' in the Promo Block \"\n                  \"leads to the correct page\")\n    def test_tc_13_02_04_check_section2_block3_link(self, driver):\n        \"\"\"Check that link in section 2 block 3 'home-erin' is correct\"\"\"\n        page = PromoBlock(driver, MAIN_PAGE_URL)\n        page.open()\n>       page.check_section2_block3_link()\n\ntests/test_main_page.py:723: \n_ _ _ _ _ _ _ _ _ _ _ _ _ _ _ _ _ _ _ _ _ _ _ _ _ _ _ _ _ _ _ _ _ _ _ _ _ _ _ _ \npages/main_page.py:400: in check_section2_block3_link\n    section2_block3 = self.element_is_visible(self.locators.SECTION_2_BLOCK_3)\npages/base_page.py:29: in element_is_visible\n    self.go_to_element(self.element_is_present(locator))\npages/base_page.py:50: in element_is_present\n    return wait(self.driver, timeout).until(EC.presence_of_element_located(locator))\n_ _ _ _ _ _ _ _ _ _ _ _ _ _ _ _ _ _ _ _ _ _ _ _ _ _ _ _ _ _ _ _ _ _ _ _ _ _ _ _ \n\nself = <selenium.webdriver.support.wait.WebDriverWait (session=\"ab866f918b198585c0e1f58fa8837de2\")>\nmethod = <function presence_of_element_located.<locals>._predicate at 0x7fc2e76b2660>\nmessage = ''\n\n    def until(self, method, message: str = \"\"):\n        \"\"\"Calls the method provided with the driver as an argument until the \\\n        return value does not evaluate to ``False``.\n    \n        :param method: callable(WebDriver)\n        :param message: optional message for :exc:`TimeoutException`\n        :returns: the result of the last call to `method`\n        :raises: :exc:`selenium.common.exceptions.TimeoutException` if timeout occurs\n        \"\"\"\n        screen = None\n        stacktrace = None\n    \n        end_time = time.monotonic() + self._timeout\n        while True:\n            try:\n                value = method(self._driver)\n                if value:\n                    return value\n            except self._ignored_exceptions as exc:\n                screen = getattr(exc, \"screen\", None)\n                stacktrace = getattr(exc, \"stacktrace\", None)\n            time.sleep(self._poll)\n            if time.monotonic() > end_time:\n                break\n>       raise TimeoutException(message, screen, stacktrace)\nE       selenium.common.exceptions.TimeoutException: Message: \nE       Stacktrace:\nE       #0 0x5633d7dbd7ca <unknown>\nE       #1 0x5633d78b52f0 <unknown>\nE       #2 0x5633d7905035 <unknown>\nE       #3 0x5633d7905251 <unknown>\nE       #4 0x5633d794b054 <unknown>\nE       #5 0x5633d79299dd <unknown>\nE       #6 0x5633d79483b3 <unknown>\nE       #7 0x5633d7929753 <unknown>\nE       #8 0x5633d78f6baa <unknown>\nE       #9 0x5633d78f7dfe <unknown>\nE       #10 0x5633d7d8838b <unknown>\nE       #11 0x5633d7d8c307 <unknown>\nE       #12 0x5633d7d74e7c <unknown>\nE       #13 0x5633d7d8cec7 <unknown>\nE       #14 0x5633d7d5924f <unknown>\nE       #15 0x5633d7dac2f8 <unknown>\nE       #16 0x5633d7dac4c0 <unknown>\nE       #17 0x5633d7dbc646 <unknown>\nE       #18 0x7fc349c9ca94 <unknown>\nE       #19 0x7fc349d29c3c <unknown>\n\n/opt/hostedtoolcache/Python/3.11.11/x64/lib/python3.11/site-packages/selenium/webdriver/support/wait.py:95: TimeoutException",
    "steps" : [ {
      "name" : "Open a browser",
      "time" : {
        "start" : 1737856093915,
        "stop" : 1737856094169,
        "duration" : 254
      },
      "status" : "passed",
      "steps" : [ ],
      "attachments" : [ ],
      "parameters" : [ ],
      "stepsCount" : 0,
      "attachmentsCount" : 0,
      "shouldDisplayMessage" : false,
      "hasContent" : false
    }, {
      "name" : "Check the link in section 2 block 3 'home-erin' in the Promo Block leads to the correct page",
      "time" : {
        "start" : 1737856094170,
        "stop" : 1737856099289,
        "duration" : 5119
      },
      "status" : "broken",
      "statusMessage" : "selenium.common.exceptions.TimeoutException: Message: \nStacktrace:\n#0 0x5633d7dbd7ca <unknown>\n#1 0x5633d78b52f0 <unknown>\n#2 0x5633d7905035 <unknown>\n#3 0x5633d7905251 <unknown>\n#4 0x5633d794b054 <unknown>\n#5 0x5633d79299dd <unknown>\n#6 0x5633d79483b3 <unknown>\n#7 0x5633d7929753 <unknown>\n#8 0x5633d78f6baa <unknown>\n#9 0x5633d78f7dfe <unknown>\n#10 0x5633d7d8838b <unknown>\n#11 0x5633d7d8c307 <unknown>\n#12 0x5633d7d74e7c <unknown>\n#13 0x5633d7d8cec7 <unknown>\n#14 0x5633d7d5924f <unknown>\n#15 0x5633d7dac2f8 <unknown>\n#16 0x5633d7dac4c0 <unknown>\n#17 0x5633d7dbc646 <unknown>\n#18 0x7fc349c9ca94 <unknown>\n#19 0x7fc349d29c3c <unknown>\n\n",
      "statusTrace" : "  File \"/opt/hostedtoolcache/Python/3.11.11/x64/lib/python3.11/site-packages/allure_commons/_allure.py\", line 192, in impl\n    return func(*a, **kw)\n           ^^^^^^^^^^^^^^\n  File \"/home/runner/work/luma_project/luma_project/pages/main_page.py\", line 400, in check_section2_block3_link\n    section2_block3 = self.element_is_visible(self.locators.SECTION_2_BLOCK_3)\n                      ^^^^^^^^^^^^^^^^^^^^^^^^^^^^^^^^^^^^^^^^^^^^^^^^^^^^^^^^\n  File \"/opt/hostedtoolcache/Python/3.11.11/x64/lib/python3.11/site-packages/allure_commons/_allure.py\", line 192, in impl\n    return func(*a, **kw)\n           ^^^^^^^^^^^^^^\n  File \"/home/runner/work/luma_project/luma_project/pages/base_page.py\", line 29, in element_is_visible\n    self.go_to_element(self.element_is_present(locator))\n                       ^^^^^^^^^^^^^^^^^^^^^^^^^^^^^^^^\n  File \"/opt/hostedtoolcache/Python/3.11.11/x64/lib/python3.11/site-packages/allure_commons/_allure.py\", line 192, in impl\n    return func(*a, **kw)\n           ^^^^^^^^^^^^^^\n  File \"/home/runner/work/luma_project/luma_project/pages/base_page.py\", line 50, in element_is_present\n    return wait(self.driver, timeout).until(EC.presence_of_element_located(locator))\n           ^^^^^^^^^^^^^^^^^^^^^^^^^^^^^^^^^^^^^^^^^^^^^^^^^^^^^^^^^^^^^^^^^^^^^^^^^\n  File \"/opt/hostedtoolcache/Python/3.11.11/x64/lib/python3.11/site-packages/selenium/webdriver/support/wait.py\", line 95, in until\n    raise TimeoutException(message, screen, stacktrace)\n",
      "steps" : [ {
        "name" : "Find a visible element",
        "time" : {
          "start" : 1737856094170,
          "stop" : 1737856099289,
          "duration" : 5119
        },
        "status" : "broken",
        "statusMessage" : "selenium.common.exceptions.TimeoutException: Message: \nStacktrace:\n#0 0x5633d7dbd7ca <unknown>\n#1 0x5633d78b52f0 <unknown>\n#2 0x5633d7905035 <unknown>\n#3 0x5633d7905251 <unknown>\n#4 0x5633d794b054 <unknown>\n#5 0x5633d79299dd <unknown>\n#6 0x5633d79483b3 <unknown>\n#7 0x5633d7929753 <unknown>\n#8 0x5633d78f6baa <unknown>\n#9 0x5633d78f7dfe <unknown>\n#10 0x5633d7d8838b <unknown>\n#11 0x5633d7d8c307 <unknown>\n#12 0x5633d7d74e7c <unknown>\n#13 0x5633d7d8cec7 <unknown>\n#14 0x5633d7d5924f <unknown>\n#15 0x5633d7dac2f8 <unknown>\n#16 0x5633d7dac4c0 <unknown>\n#17 0x5633d7dbc646 <unknown>\n#18 0x7fc349c9ca94 <unknown>\n#19 0x7fc349d29c3c <unknown>\n\n",
        "statusTrace" : "  File \"/opt/hostedtoolcache/Python/3.11.11/x64/lib/python3.11/site-packages/allure_commons/_allure.py\", line 192, in impl\n    return func(*a, **kw)\n           ^^^^^^^^^^^^^^\n  File \"/home/runner/work/luma_project/luma_project/pages/base_page.py\", line 29, in element_is_visible\n    self.go_to_element(self.element_is_present(locator))\n                       ^^^^^^^^^^^^^^^^^^^^^^^^^^^^^^^^\n  File \"/opt/hostedtoolcache/Python/3.11.11/x64/lib/python3.11/site-packages/allure_commons/_allure.py\", line 192, in impl\n    return func(*a, **kw)\n           ^^^^^^^^^^^^^^\n  File \"/home/runner/work/luma_project/luma_project/pages/base_page.py\", line 50, in element_is_present\n    return wait(self.driver, timeout).until(EC.presence_of_element_located(locator))\n           ^^^^^^^^^^^^^^^^^^^^^^^^^^^^^^^^^^^^^^^^^^^^^^^^^^^^^^^^^^^^^^^^^^^^^^^^^\n  File \"/opt/hostedtoolcache/Python/3.11.11/x64/lib/python3.11/site-packages/selenium/webdriver/support/wait.py\", line 95, in until\n    raise TimeoutException(message, screen, stacktrace)\n",
        "steps" : [ {
          "name" : "Find a present element",
          "time" : {
            "start" : 1737856094170,
            "stop" : 1737856099289,
            "duration" : 5119
          },
          "status" : "broken",
          "statusMessage" : "selenium.common.exceptions.TimeoutException: Message: \nStacktrace:\n#0 0x5633d7dbd7ca <unknown>\n#1 0x5633d78b52f0 <unknown>\n#2 0x5633d7905035 <unknown>\n#3 0x5633d7905251 <unknown>\n#4 0x5633d794b054 <unknown>\n#5 0x5633d79299dd <unknown>\n#6 0x5633d79483b3 <unknown>\n#7 0x5633d7929753 <unknown>\n#8 0x5633d78f6baa <unknown>\n#9 0x5633d78f7dfe <unknown>\n#10 0x5633d7d8838b <unknown>\n#11 0x5633d7d8c307 <unknown>\n#12 0x5633d7d74e7c <unknown>\n#13 0x5633d7d8cec7 <unknown>\n#14 0x5633d7d5924f <unknown>\n#15 0x5633d7dac2f8 <unknown>\n#16 0x5633d7dac4c0 <unknown>\n#17 0x5633d7dbc646 <unknown>\n#18 0x7fc349c9ca94 <unknown>\n#19 0x7fc349d29c3c <unknown>\n\n",
          "statusTrace" : "  File \"/opt/hostedtoolcache/Python/3.11.11/x64/lib/python3.11/site-packages/allure_commons/_allure.py\", line 192, in impl\n    return func(*a, **kw)\n           ^^^^^^^^^^^^^^\n  File \"/home/runner/work/luma_project/luma_project/pages/base_page.py\", line 50, in element_is_present\n    return wait(self.driver, timeout).until(EC.presence_of_element_located(locator))\n           ^^^^^^^^^^^^^^^^^^^^^^^^^^^^^^^^^^^^^^^^^^^^^^^^^^^^^^^^^^^^^^^^^^^^^^^^^\n  File \"/opt/hostedtoolcache/Python/3.11.11/x64/lib/python3.11/site-packages/selenium/webdriver/support/wait.py\", line 95, in until\n    raise TimeoutException(message, screen, stacktrace)\n",
          "steps" : [ ],
          "attachments" : [ ],
          "parameters" : [ {
            "name" : "locator",
            "value" : "('css selector', '.home-erin')"
          }, {
            "name" : "timeout",
            "value" : "5"
          } ],
          "stepsCount" : 0,
          "attachmentsCount" : 0,
          "shouldDisplayMessage" : true,
          "hasContent" : true
        } ],
        "attachments" : [ ],
        "parameters" : [ {
          "name" : "locator",
          "value" : "('css selector', '.home-erin')"
        }, {
          "name" : "timeout",
          "value" : "10"
        } ],
        "stepsCount" : 1,
        "attachmentsCount" : 0,
        "shouldDisplayMessage" : false,
        "hasContent" : true
      } ],
      "attachments" : [ ],
      "parameters" : [ ],
      "stepsCount" : 2,
      "attachmentsCount" : 0,
      "shouldDisplayMessage" : false,
      "hasContent" : true
    } ],
    "attachments" : [ {
      "uid" : "7559b69d3b505004",
      "name" : "Screenshot",
      "source" : "7559b69d3b505004.png",
      "type" : "image/png",
      "size" : 25650
    }, {
      "uid" : "14ed2e3b32649af7",
      "name" : "HTML source",
      "source" : "14ed2e3b32649af7.html",
      "type" : "text/html",
      "size" : 258745
    } ],
    "parameters" : [ ],
    "stepsCount" : 4,
    "attachmentsCount" : 2,
    "shouldDisplayMessage" : true,
    "hasContent" : true
  },
  "afterStages" : [ {
    "name" : "clear_allure_result_folder::0",
    "time" : {
      "start" : 1737857182853,
      "stop" : 1737857182853,
      "duration" : 0
    },
    "status" : "passed",
    "steps" : [ ],
    "attachments" : [ ],
    "parameters" : [ ],
    "stepsCount" : 0,
    "attachmentsCount" : 0,
    "shouldDisplayMessage" : false,
    "hasContent" : false
  }, {
    "name" : "driver::0",
    "time" : {
      "start" : 1737856099413,
      "stop" : 1737856099476,
      "duration" : 63
    },
    "status" : "passed",
    "steps" : [ ],
    "attachments" : [ ],
    "parameters" : [ ],
    "stepsCount" : 0,
    "attachmentsCount" : 0,
    "shouldDisplayMessage" : false,
    "hasContent" : false
  } ],
  "labels" : [ {
    "name" : "feature",
    "value" : "Promo Block Testing"
  }, {
    "name" : "epic",
    "value" : "Main Page"
  }, {
    "name" : "parentSuite",
    "value" : "tests"
  }, {
    "name" : "suite",
    "value" : "test_main_page"
  }, {
    "name" : "subSuite",
    "value" : "TestMainPage"
  }, {
    "name" : "host",
    "value" : "fv-az1922-652"
  }, {
    "name" : "thread",
    "value" : "2797-MainThread"
  }, {
    "name" : "framework",
    "value" : "pytest"
  }, {
    "name" : "language",
    "value" : "cpython3"
  }, {
    "name" : "package",
    "value" : "tests.test_main_page"
  }, {
    "name" : "resultFormat",
    "value" : "allure2"
  } ],
  "parameters" : [ ],
  "links" : [ ],
  "hidden" : false,
  "retry" : false,
  "extra" : {
    "severity" : "normal",
    "retries" : [ ],
    "categories" : [ {
      "name" : "Test defects",
      "matchedStatuses" : [ ],
      "flaky" : false
    } ],
    "tags" : [ ]
  },
  "source" : "52c3d406234b0e3b.json",
  "parameterValues" : [ ]
}