{
  "uid" : "53a344747dc1a776",
  "name" : "TC 02.01.19 - Check display of Orders and Returns link on each page specified in DATA_1",
  "fullName" : "tests.test_footer.TestFooter#test_tc_02_01_19_check_visibility_of_orders_and_returns_link_on_pages",
  "historyId" : "5f6b2ca88594c19234865edb48e13397",
  "time" : {
    "start" : 1697332671862,
    "stop" : 1697332677221,
    "duration" : 5359
  },
  "description" : "Checks if Orders and Returns link is visible on each page in DATA_1",
  "descriptionHtml" : "<p>Checks if Orders and Returns link is visible on each page in DATA_1</p>\n",
  "status" : "broken",
  "statusMessage" : "selenium.common.exceptions.TimeoutException: Message: \nStacktrace:\n#0 0x565147cdb6b3 <unknown>\n#1 0x5651479b11e7 <unknown>\n#2 0x5651479f8566 <unknown>\n#3 0x5651479f8651 <unknown>\n#4 0x565147a35a74 <unknown>\n#5 0x565147a1a0ed <unknown>\n#6 0x565147a33322 <unknown>\n#7 0x565147a19e93 <unknown>\n#8 0x5651479ec934 <unknown>\n#9 0x5651479ed71e <unknown>\n#10 0x565147ca0cb8 <unknown>\n#11 0x565147ca4bf0 <unknown>\n#12 0x565147caf19c <unknown>\n#13 0x565147ca5808 <unknown>\n#14 0x565147c7227f <unknown>\n#15 0x565147cc9e88 <unknown>\n#16 0x565147cca059 <unknown>\n#17 0x565147cda843 <unknown>\n#18 0x7f0ee5894b43 <unknown>",
  "statusTrace" : "self = <test_footer.TestFooter object at 0x7fe0b0bc7a50>\ndriver = <selenium.webdriver.chrome.webdriver.WebDriver (session=\"f83edf1dfa6d268e840789151fecc55e\")>\nURL = 'https://magento.softwaretestingboard.com/what-is-new.html'\n\n    @allure.title(\"TC 02.01.19 - Check display of Orders and Returns link on each page specified in DATA_1\")\n    @pytest.mark.parametrize('URL', DATA_1)\n    def test_tc_02_01_19_check_visibility_of_orders_and_returns_link_on_pages(self, driver, URL):\n        \"\"\"Checks if Orders and Returns link is visible on each page in DATA_1\"\"\"\n        page = FooterPage(driver, url=URL)\n        page.open()\n>       orders_and_returns_link = page.check_orders_and_returns_link_is_visible()\n\ntests/test_footer.py:172: \n_ _ _ _ _ _ _ _ _ _ _ _ _ _ _ _ _ _ _ _ _ _ _ _ _ _ _ _ _ _ _ _ _ _ _ _ _ _ _ _ \npages/footer_page.py:124: in check_orders_and_returns_link_is_visible\n    return self.element_is_visible(self.footer_locators.ORDERS_AND_RETURNS_LINK)\npages/base_page.py:29: in element_is_visible\n    self.go_to_element(self.element_is_present(locator))\npages/base_page.py:50: in element_is_present\n    return wait(self.driver, timeout).until(EC.presence_of_element_located(locator))\n_ _ _ _ _ _ _ _ _ _ _ _ _ _ _ _ _ _ _ _ _ _ _ _ _ _ _ _ _ _ _ _ _ _ _ _ _ _ _ _ \n\nself = <selenium.webdriver.support.wait.WebDriverWait (session=\"f83edf1dfa6d268e840789151fecc55e\")>\nmethod = <function presence_of_element_located.<locals>._predicate at 0x7fe0b1019da0>\nmessage = ''\n\n    def until(self, method, message: str = \"\"):\n        \"\"\"Calls the method provided with the driver as an argument until the \\\n        return value does not evaluate to ``False``.\n    \n        :param method: callable(WebDriver)\n        :param message: optional message for :exc:`TimeoutException`\n        :returns: the result of the last call to `method`\n        :raises: :exc:`selenium.common.exceptions.TimeoutException` if timeout occurs\n        \"\"\"\n        screen = None\n        stacktrace = None\n    \n        end_time = time.monotonic() + self._timeout\n        while True:\n            try:\n                value = method(self._driver)\n                if value:\n                    return value\n            except self._ignored_exceptions as exc:\n                screen = getattr(exc, \"screen\", None)\n                stacktrace = getattr(exc, \"stacktrace\", None)\n            time.sleep(self._poll)\n            if time.monotonic() > end_time:\n                break\n>       raise TimeoutException(message, screen, stacktrace)\nE       selenium.common.exceptions.TimeoutException: Message: \nE       Stacktrace:\nE       #0 0x565147cdb6b3 <unknown>\nE       #1 0x5651479b11e7 <unknown>\nE       #2 0x5651479f8566 <unknown>\nE       #3 0x5651479f8651 <unknown>\nE       #4 0x565147a35a74 <unknown>\nE       #5 0x565147a1a0ed <unknown>\nE       #6 0x565147a33322 <unknown>\nE       #7 0x565147a19e93 <unknown>\nE       #8 0x5651479ec934 <unknown>\nE       #9 0x5651479ed71e <unknown>\nE       #10 0x565147ca0cb8 <unknown>\nE       #11 0x565147ca4bf0 <unknown>\nE       #12 0x565147caf19c <unknown>\nE       #13 0x565147ca5808 <unknown>\nE       #14 0x565147c7227f <unknown>\nE       #15 0x565147cc9e88 <unknown>\nE       #16 0x565147cca059 <unknown>\nE       #17 0x565147cda843 <unknown>\nE       #18 0x7f0ee5894b43 <unknown>\n\n/opt/hostedtoolcache/Python/3.11.5/x64/lib/python3.11/site-packages/selenium/webdriver/support/wait.py:95: TimeoutException",
  "flaky" : false,
  "newFailed" : false,
  "beforeStages" : [ {
    "name" : "_session_faker",
    "time" : {
      "start" : 1697332188525,
      "stop" : 1697332188634,
      "duration" : 109
    },
    "status" : "passed",
    "steps" : [ ],
    "attachments" : [ ],
    "parameters" : [ ],
    "stepsCount" : 0,
    "attachmentsCount" : 0,
    "shouldDisplayMessage" : false,
    "hasContent" : false
  }, {
    "name" : "driver",
    "time" : {
      "start" : 1697332670805,
      "stop" : 1697332671861,
      "duration" : 1056
    },
    "status" : "passed",
    "steps" : [ ],
    "attachments" : [ ],
    "parameters" : [ ],
    "stepsCount" : 0,
    "attachmentsCount" : 0,
    "shouldDisplayMessage" : false,
    "hasContent" : false
  }, {
    "name" : "clear_allure_result_folder",
    "time" : {
      "start" : 1697332188634,
      "stop" : 1697332188634,
      "duration" : 0
    },
    "status" : "passed",
    "steps" : [ ],
    "attachments" : [ ],
    "parameters" : [ ],
    "stepsCount" : 0,
    "attachmentsCount" : 0,
    "shouldDisplayMessage" : false,
    "hasContent" : false
  } ],
  "testStage" : {
    "description" : "Checks if Orders and Returns link is visible on each page in DATA_1",
    "status" : "broken",
    "statusMessage" : "selenium.common.exceptions.TimeoutException: Message: \nStacktrace:\n#0 0x565147cdb6b3 <unknown>\n#1 0x5651479b11e7 <unknown>\n#2 0x5651479f8566 <unknown>\n#3 0x5651479f8651 <unknown>\n#4 0x565147a35a74 <unknown>\n#5 0x565147a1a0ed <unknown>\n#6 0x565147a33322 <unknown>\n#7 0x565147a19e93 <unknown>\n#8 0x5651479ec934 <unknown>\n#9 0x5651479ed71e <unknown>\n#10 0x565147ca0cb8 <unknown>\n#11 0x565147ca4bf0 <unknown>\n#12 0x565147caf19c <unknown>\n#13 0x565147ca5808 <unknown>\n#14 0x565147c7227f <unknown>\n#15 0x565147cc9e88 <unknown>\n#16 0x565147cca059 <unknown>\n#17 0x565147cda843 <unknown>\n#18 0x7f0ee5894b43 <unknown>",
    "statusTrace" : "self = <test_footer.TestFooter object at 0x7fe0b0bc7a50>\ndriver = <selenium.webdriver.chrome.webdriver.WebDriver (session=\"f83edf1dfa6d268e840789151fecc55e\")>\nURL = 'https://magento.softwaretestingboard.com/what-is-new.html'\n\n    @allure.title(\"TC 02.01.19 - Check display of Orders and Returns link on each page specified in DATA_1\")\n    @pytest.mark.parametrize('URL', DATA_1)\n    def test_tc_02_01_19_check_visibility_of_orders_and_returns_link_on_pages(self, driver, URL):\n        \"\"\"Checks if Orders and Returns link is visible on each page in DATA_1\"\"\"\n        page = FooterPage(driver, url=URL)\n        page.open()\n>       orders_and_returns_link = page.check_orders_and_returns_link_is_visible()\n\ntests/test_footer.py:172: \n_ _ _ _ _ _ _ _ _ _ _ _ _ _ _ _ _ _ _ _ _ _ _ _ _ _ _ _ _ _ _ _ _ _ _ _ _ _ _ _ \npages/footer_page.py:124: in check_orders_and_returns_link_is_visible\n    return self.element_is_visible(self.footer_locators.ORDERS_AND_RETURNS_LINK)\npages/base_page.py:29: in element_is_visible\n    self.go_to_element(self.element_is_present(locator))\npages/base_page.py:50: in element_is_present\n    return wait(self.driver, timeout).until(EC.presence_of_element_located(locator))\n_ _ _ _ _ _ _ _ _ _ _ _ _ _ _ _ _ _ _ _ _ _ _ _ _ _ _ _ _ _ _ _ _ _ _ _ _ _ _ _ \n\nself = <selenium.webdriver.support.wait.WebDriverWait (session=\"f83edf1dfa6d268e840789151fecc55e\")>\nmethod = <function presence_of_element_located.<locals>._predicate at 0x7fe0b1019da0>\nmessage = ''\n\n    def until(self, method, message: str = \"\"):\n        \"\"\"Calls the method provided with the driver as an argument until the \\\n        return value does not evaluate to ``False``.\n    \n        :param method: callable(WebDriver)\n        :param message: optional message for :exc:`TimeoutException`\n        :returns: the result of the last call to `method`\n        :raises: :exc:`selenium.common.exceptions.TimeoutException` if timeout occurs\n        \"\"\"\n        screen = None\n        stacktrace = None\n    \n        end_time = time.monotonic() + self._timeout\n        while True:\n            try:\n                value = method(self._driver)\n                if value:\n                    return value\n            except self._ignored_exceptions as exc:\n                screen = getattr(exc, \"screen\", None)\n                stacktrace = getattr(exc, \"stacktrace\", None)\n            time.sleep(self._poll)\n            if time.monotonic() > end_time:\n                break\n>       raise TimeoutException(message, screen, stacktrace)\nE       selenium.common.exceptions.TimeoutException: Message: \nE       Stacktrace:\nE       #0 0x565147cdb6b3 <unknown>\nE       #1 0x5651479b11e7 <unknown>\nE       #2 0x5651479f8566 <unknown>\nE       #3 0x5651479f8651 <unknown>\nE       #4 0x565147a35a74 <unknown>\nE       #5 0x565147a1a0ed <unknown>\nE       #6 0x565147a33322 <unknown>\nE       #7 0x565147a19e93 <unknown>\nE       #8 0x5651479ec934 <unknown>\nE       #9 0x5651479ed71e <unknown>\nE       #10 0x565147ca0cb8 <unknown>\nE       #11 0x565147ca4bf0 <unknown>\nE       #12 0x565147caf19c <unknown>\nE       #13 0x565147ca5808 <unknown>\nE       #14 0x565147c7227f <unknown>\nE       #15 0x565147cc9e88 <unknown>\nE       #16 0x565147cca059 <unknown>\nE       #17 0x565147cda843 <unknown>\nE       #18 0x7f0ee5894b43 <unknown>\n\n/opt/hostedtoolcache/Python/3.11.5/x64/lib/python3.11/site-packages/selenium/webdriver/support/wait.py:95: TimeoutException",
    "steps" : [ {
      "name" : "Open a browser",
      "time" : {
        "start" : 1697332671862,
        "stop" : 1697332672081,
        "duration" : 219
      },
      "status" : "passed",
      "steps" : [ ],
      "attachments" : [ ],
      "parameters" : [ ],
      "stepsCount" : 0,
      "attachmentsCount" : 0,
      "shouldDisplayMessage" : false,
      "hasContent" : false
    }, {
      "name" : "Check Orders and Returns link is visible on the page",
      "time" : {
        "start" : 1697332672081,
        "stop" : 1697332677220,
        "duration" : 5139
      },
      "status" : "broken",
      "statusMessage" : "selenium.common.exceptions.TimeoutException: Message: \nStacktrace:\n#0 0x565147cdb6b3 <unknown>\n#1 0x5651479b11e7 <unknown>\n#2 0x5651479f8566 <unknown>\n#3 0x5651479f8651 <unknown>\n#4 0x565147a35a74 <unknown>\n#5 0x565147a1a0ed <unknown>\n#6 0x565147a33322 <unknown>\n#7 0x565147a19e93 <unknown>\n#8 0x5651479ec934 <unknown>\n#9 0x5651479ed71e <unknown>\n#10 0x565147ca0cb8 <unknown>\n#11 0x565147ca4bf0 <unknown>\n#12 0x565147caf19c <unknown>\n#13 0x565147ca5808 <unknown>\n#14 0x565147c7227f <unknown>\n#15 0x565147cc9e88 <unknown>\n#16 0x565147cca059 <unknown>\n#17 0x565147cda843 <unknown>\n#18 0x7f0ee5894b43 <unknown>\n\n",
      "statusTrace" : "  File \"/opt/hostedtoolcache/Python/3.11.5/x64/lib/python3.11/site-packages/allure_commons/_allure.py\", line 192, in impl\n    return func(*a, **kw)\n           ^^^^^^^^^^^^^^\n  File \"/home/runner/work/luma_project/luma_project/pages/footer_page.py\", line 124, in check_orders_and_returns_link_is_visible\n    return self.element_is_visible(self.footer_locators.ORDERS_AND_RETURNS_LINK)\n           ^^^^^^^^^^^^^^^^^^^^^^^^^^^^^^^^^^^^^^^^^^^^^^^^^^^^^^^^^^^^^^^^^^^^^\n  File \"/opt/hostedtoolcache/Python/3.11.5/x64/lib/python3.11/site-packages/allure_commons/_allure.py\", line 192, in impl\n    return func(*a, **kw)\n           ^^^^^^^^^^^^^^\n  File \"/home/runner/work/luma_project/luma_project/pages/base_page.py\", line 29, in element_is_visible\n    self.go_to_element(self.element_is_present(locator))\n                       ^^^^^^^^^^^^^^^^^^^^^^^^^^^^^^^^\n  File \"/opt/hostedtoolcache/Python/3.11.5/x64/lib/python3.11/site-packages/allure_commons/_allure.py\", line 192, in impl\n    return func(*a, **kw)\n           ^^^^^^^^^^^^^^\n  File \"/home/runner/work/luma_project/luma_project/pages/base_page.py\", line 50, in element_is_present\n    return wait(self.driver, timeout).until(EC.presence_of_element_located(locator))\n           ^^^^^^^^^^^^^^^^^^^^^^^^^^^^^^^^^^^^^^^^^^^^^^^^^^^^^^^^^^^^^^^^^^^^^^^^^\n  File \"/opt/hostedtoolcache/Python/3.11.5/x64/lib/python3.11/site-packages/selenium/webdriver/support/wait.py\", line 95, in until\n    raise TimeoutException(message, screen, stacktrace)\n",
      "steps" : [ {
        "name" : "Find a visible element",
        "time" : {
          "start" : 1697332672081,
          "stop" : 1697332677220,
          "duration" : 5139
        },
        "status" : "broken",
        "statusMessage" : "selenium.common.exceptions.TimeoutException: Message: \nStacktrace:\n#0 0x565147cdb6b3 <unknown>\n#1 0x5651479b11e7 <unknown>\n#2 0x5651479f8566 <unknown>\n#3 0x5651479f8651 <unknown>\n#4 0x565147a35a74 <unknown>\n#5 0x565147a1a0ed <unknown>\n#6 0x565147a33322 <unknown>\n#7 0x565147a19e93 <unknown>\n#8 0x5651479ec934 <unknown>\n#9 0x5651479ed71e <unknown>\n#10 0x565147ca0cb8 <unknown>\n#11 0x565147ca4bf0 <unknown>\n#12 0x565147caf19c <unknown>\n#13 0x565147ca5808 <unknown>\n#14 0x565147c7227f <unknown>\n#15 0x565147cc9e88 <unknown>\n#16 0x565147cca059 <unknown>\n#17 0x565147cda843 <unknown>\n#18 0x7f0ee5894b43 <unknown>\n\n",
        "statusTrace" : "  File \"/opt/hostedtoolcache/Python/3.11.5/x64/lib/python3.11/site-packages/allure_commons/_allure.py\", line 192, in impl\n    return func(*a, **kw)\n           ^^^^^^^^^^^^^^\n  File \"/home/runner/work/luma_project/luma_project/pages/base_page.py\", line 29, in element_is_visible\n    self.go_to_element(self.element_is_present(locator))\n                       ^^^^^^^^^^^^^^^^^^^^^^^^^^^^^^^^\n  File \"/opt/hostedtoolcache/Python/3.11.5/x64/lib/python3.11/site-packages/allure_commons/_allure.py\", line 192, in impl\n    return func(*a, **kw)\n           ^^^^^^^^^^^^^^\n  File \"/home/runner/work/luma_project/luma_project/pages/base_page.py\", line 50, in element_is_present\n    return wait(self.driver, timeout).until(EC.presence_of_element_located(locator))\n           ^^^^^^^^^^^^^^^^^^^^^^^^^^^^^^^^^^^^^^^^^^^^^^^^^^^^^^^^^^^^^^^^^^^^^^^^^\n  File \"/opt/hostedtoolcache/Python/3.11.5/x64/lib/python3.11/site-packages/selenium/webdriver/support/wait.py\", line 95, in until\n    raise TimeoutException(message, screen, stacktrace)\n",
        "steps" : [ {
          "name" : "Find a present element",
          "time" : {
            "start" : 1697332672081,
            "stop" : 1697332677220,
            "duration" : 5139
          },
          "status" : "broken",
          "statusMessage" : "selenium.common.exceptions.TimeoutException: Message: \nStacktrace:\n#0 0x565147cdb6b3 <unknown>\n#1 0x5651479b11e7 <unknown>\n#2 0x5651479f8566 <unknown>\n#3 0x5651479f8651 <unknown>\n#4 0x565147a35a74 <unknown>\n#5 0x565147a1a0ed <unknown>\n#6 0x565147a33322 <unknown>\n#7 0x565147a19e93 <unknown>\n#8 0x5651479ec934 <unknown>\n#9 0x5651479ed71e <unknown>\n#10 0x565147ca0cb8 <unknown>\n#11 0x565147ca4bf0 <unknown>\n#12 0x565147caf19c <unknown>\n#13 0x565147ca5808 <unknown>\n#14 0x565147c7227f <unknown>\n#15 0x565147cc9e88 <unknown>\n#16 0x565147cca059 <unknown>\n#17 0x565147cda843 <unknown>\n#18 0x7f0ee5894b43 <unknown>\n\n",
          "statusTrace" : "  File \"/opt/hostedtoolcache/Python/3.11.5/x64/lib/python3.11/site-packages/allure_commons/_allure.py\", line 192, in impl\n    return func(*a, **kw)\n           ^^^^^^^^^^^^^^\n  File \"/home/runner/work/luma_project/luma_project/pages/base_page.py\", line 50, in element_is_present\n    return wait(self.driver, timeout).until(EC.presence_of_element_located(locator))\n           ^^^^^^^^^^^^^^^^^^^^^^^^^^^^^^^^^^^^^^^^^^^^^^^^^^^^^^^^^^^^^^^^^^^^^^^^^\n  File \"/opt/hostedtoolcache/Python/3.11.5/x64/lib/python3.11/site-packages/selenium/webdriver/support/wait.py\", line 95, in until\n    raise TimeoutException(message, screen, stacktrace)\n",
          "steps" : [ ],
          "attachments" : [ ],
          "parameters" : [ {
            "name" : "locator",
            "value" : "('css selector', '.footer > :nth-child(4) > a')"
          }, {
            "name" : "timeout",
            "value" : "5"
          } ],
          "stepsCount" : 0,
          "attachmentsCount" : 0,
          "shouldDisplayMessage" : true,
          "hasContent" : true
        } ],
        "attachments" : [ ],
        "parameters" : [ {
          "name" : "locator",
          "value" : "('css selector', '.footer > :nth-child(4) > a')"
        }, {
          "name" : "timeout",
          "value" : "10"
        } ],
        "stepsCount" : 1,
        "attachmentsCount" : 0,
        "shouldDisplayMessage" : false,
        "hasContent" : true
      } ],
      "attachments" : [ ],
      "parameters" : [ ],
      "stepsCount" : 2,
      "attachmentsCount" : 0,
      "shouldDisplayMessage" : false,
      "hasContent" : true
    } ],
    "attachments" : [ {
      "uid" : "a9dc96c66363e594",
      "name" : "Screenshot",
      "source" : "a9dc96c66363e594.png",
      "type" : "image/png",
      "size" : 14907
    }, {
      "uid" : "382f64cd300d8fb0",
      "name" : "HTML source",
      "source" : "382f64cd300d8fb0.html",
      "type" : "text/html",
      "size" : 571
    } ],
    "parameters" : [ ],
    "stepsCount" : 4,
    "attachmentsCount" : 2,
    "shouldDisplayMessage" : true,
    "hasContent" : true
  },
  "afterStages" : [ {
    "name" : "driver::0",
    "time" : {
      "start" : 1697332677411,
      "stop" : 1697332677470,
      "duration" : 59
    },
    "status" : "passed",
    "steps" : [ ],
    "attachments" : [ ],
    "parameters" : [ ],
    "stepsCount" : 0,
    "attachmentsCount" : 0,
    "shouldDisplayMessage" : false,
    "hasContent" : false
  }, {
    "name" : "clear_allure_result_folder::0",
    "time" : {
      "start" : 1697335158583,
      "stop" : 1697335158584,
      "duration" : 1
    },
    "status" : "passed",
    "steps" : [ ],
    "attachments" : [ ],
    "parameters" : [ ],
    "stepsCount" : 0,
    "attachmentsCount" : 0,
    "shouldDisplayMessage" : false,
    "hasContent" : false
  } ],
  "labels" : [ {
    "name" : "epic",
    "value" : "Test Footer"
  }, {
    "name" : "parentSuite",
    "value" : "tests"
  }, {
    "name" : "suite",
    "value" : "test_footer"
  }, {
    "name" : "subSuite",
    "value" : "TestFooter"
  }, {
    "name" : "host",
    "value" : "fv-az163-423"
  }, {
    "name" : "thread",
    "value" : "3041-MainThread"
  }, {
    "name" : "framework",
    "value" : "pytest"
  }, {
    "name" : "language",
    "value" : "cpython3"
  }, {
    "name" : "package",
    "value" : "tests.test_footer"
  }, {
    "name" : "resultFormat",
    "value" : "allure2"
  } ],
  "parameters" : [ {
    "name" : "URL",
    "value" : "'https://magento.softwaretestingboard.com/what-is-new.html'"
  } ],
  "links" : [ ],
  "hidden" : false,
  "retry" : false,
  "extra" : {
    "severity" : "normal",
    "retries" : [ ],
    "categories" : [ {
      "name" : "Test defects",
      "matchedStatuses" : [ ],
      "flaky" : false
    } ],
    "tags" : [ ]
  },
  "source" : "53a344747dc1a776.json",
  "parameterValues" : [ "'https://magento.softwaretestingboard.com/what-is-new.html'" ]
}