{
  "uid" : "5814e08f812852ac",
  "name" : "TC 04_01_02 Verify Personal Information heading",
  "fullName" : "tests.test_create_an_account.TestCreateAnAccount#test_04_01_02_personal_information_heading",
  "historyId" : "ebedd52f4cd42907726b2c636646a4ce",
  "time" : {
    "start" : 1697332197985,
    "stop" : 1697332203103,
    "duration" : 5118
  },
  "description" : " Verify that Personal Information heading is present ",
  "descriptionHtml" : "<p>Verify that Personal Information heading is present</p>\n",
  "status" : "broken",
  "statusMessage" : "selenium.common.exceptions.TimeoutException: Message: \nStacktrace:\n#0 0x55f8278076b3 <unknown>\n#1 0x55f8274dd1e7 <unknown>\n#2 0x55f827524566 <unknown>\n#3 0x55f827524651 <unknown>\n#4 0x55f827561a74 <unknown>\n#5 0x55f8275460ed <unknown>\n#6 0x55f82755f322 <unknown>\n#7 0x55f827545e93 <unknown>\n#8 0x55f827518934 <unknown>\n#9 0x55f82751971e <unknown>\n#10 0x55f8277cccb8 <unknown>\n#11 0x55f8277d0bf0 <unknown>\n#12 0x55f8277db19c <unknown>\n#13 0x55f8277d1808 <unknown>\n#14 0x55f82779e27f <unknown>\n#15 0x55f8277f5e88 <unknown>\n#16 0x55f8277f6059 <unknown>\n#17 0x55f827806843 <unknown>\n#18 0x7f73c3094b43 <unknown>",
  "statusTrace" : "self = <test_create_an_account.TestCreateAnAccount object at 0x7fe0b14bea90>\ncreate_account_page = <pages.create_an_account_page.CreateAccountPage object at 0x7fe0b10bbd90>\n\n    @allure.title('TC 04_01_02 Verify Personal Information heading')\n    def test_04_01_02_personal_information_heading(self, create_account_page):\n        \"\"\" Verify that Personal Information heading is present \"\"\"\n>       personal_information_legend = create_account_page.check_personal_information_label()\n\ntests/test_create_an_account.py:28: \n_ _ _ _ _ _ _ _ _ _ _ _ _ _ _ _ _ _ _ _ _ _ _ _ _ _ _ _ _ _ _ _ _ _ _ _ _ _ _ _ \npages/create_an_account_page.py:25: in check_personal_information_label\n    return self.element_is_visible(self.locators.PERSONAL_INFORMATION_LEGEND)\npages/base_page.py:29: in element_is_visible\n    self.go_to_element(self.element_is_present(locator))\npages/base_page.py:50: in element_is_present\n    return wait(self.driver, timeout).until(EC.presence_of_element_located(locator))\n_ _ _ _ _ _ _ _ _ _ _ _ _ _ _ _ _ _ _ _ _ _ _ _ _ _ _ _ _ _ _ _ _ _ _ _ _ _ _ _ \n\nself = <selenium.webdriver.support.wait.WebDriverWait (session=\"12a52df4255930795400a66e8357990b\")>\nmethod = <function presence_of_element_located.<locals>._predicate at 0x7fe0af321940>\nmessage = ''\n\n    def until(self, method, message: str = \"\"):\n        \"\"\"Calls the method provided with the driver as an argument until the \\\n        return value does not evaluate to ``False``.\n    \n        :param method: callable(WebDriver)\n        :param message: optional message for :exc:`TimeoutException`\n        :returns: the result of the last call to `method`\n        :raises: :exc:`selenium.common.exceptions.TimeoutException` if timeout occurs\n        \"\"\"\n        screen = None\n        stacktrace = None\n    \n        end_time = time.monotonic() + self._timeout\n        while True:\n            try:\n                value = method(self._driver)\n                if value:\n                    return value\n            except self._ignored_exceptions as exc:\n                screen = getattr(exc, \"screen\", None)\n                stacktrace = getattr(exc, \"stacktrace\", None)\n            time.sleep(self._poll)\n            if time.monotonic() > end_time:\n                break\n>       raise TimeoutException(message, screen, stacktrace)\nE       selenium.common.exceptions.TimeoutException: Message: \nE       Stacktrace:\nE       #0 0x55f8278076b3 <unknown>\nE       #1 0x55f8274dd1e7 <unknown>\nE       #2 0x55f827524566 <unknown>\nE       #3 0x55f827524651 <unknown>\nE       #4 0x55f827561a74 <unknown>\nE       #5 0x55f8275460ed <unknown>\nE       #6 0x55f82755f322 <unknown>\nE       #7 0x55f827545e93 <unknown>\nE       #8 0x55f827518934 <unknown>\nE       #9 0x55f82751971e <unknown>\nE       #10 0x55f8277cccb8 <unknown>\nE       #11 0x55f8277d0bf0 <unknown>\nE       #12 0x55f8277db19c <unknown>\nE       #13 0x55f8277d1808 <unknown>\nE       #14 0x55f82779e27f <unknown>\nE       #15 0x55f8277f5e88 <unknown>\nE       #16 0x55f8277f6059 <unknown>\nE       #17 0x55f827806843 <unknown>\nE       #18 0x7f73c3094b43 <unknown>\n\n/opt/hostedtoolcache/Python/3.11.5/x64/lib/python3.11/site-packages/selenium/webdriver/support/wait.py:95: TimeoutException",
  "flaky" : false,
  "newFailed" : false,
  "beforeStages" : [ {
    "name" : "_session_faker",
    "time" : {
      "start" : 1697332188525,
      "stop" : 1697332188634,
      "duration" : 109
    },
    "status" : "passed",
    "steps" : [ ],
    "attachments" : [ ],
    "parameters" : [ ],
    "stepsCount" : 0,
    "attachmentsCount" : 0,
    "shouldDisplayMessage" : false,
    "hasContent" : false
  }, {
    "name" : "driver",
    "time" : {
      "start" : 1697332196581,
      "stop" : 1697332197630,
      "duration" : 1049
    },
    "status" : "passed",
    "steps" : [ ],
    "attachments" : [ ],
    "parameters" : [ ],
    "stepsCount" : 0,
    "attachmentsCount" : 0,
    "shouldDisplayMessage" : false,
    "hasContent" : false
  }, {
    "name" : "create_account_page",
    "time" : {
      "start" : 1697332197630,
      "stop" : 1697332197985,
      "duration" : 355
    },
    "status" : "passed",
    "steps" : [ {
      "name" : "Open a browser",
      "time" : {
        "start" : 1697332197630,
        "stop" : 1697332197985,
        "duration" : 355
      },
      "status" : "passed",
      "steps" : [ ],
      "attachments" : [ ],
      "parameters" : [ ],
      "stepsCount" : 0,
      "attachmentsCount" : 0,
      "shouldDisplayMessage" : false,
      "hasContent" : false
    } ],
    "attachments" : [ ],
    "parameters" : [ ],
    "stepsCount" : 1,
    "attachmentsCount" : 0,
    "shouldDisplayMessage" : false,
    "hasContent" : true
  }, {
    "name" : "clear_allure_result_folder",
    "time" : {
      "start" : 1697332188634,
      "stop" : 1697332188634,
      "duration" : 0
    },
    "status" : "passed",
    "steps" : [ ],
    "attachments" : [ ],
    "parameters" : [ ],
    "stepsCount" : 0,
    "attachmentsCount" : 0,
    "shouldDisplayMessage" : false,
    "hasContent" : false
  } ],
  "testStage" : {
    "description" : " Verify that Personal Information heading is present ",
    "status" : "broken",
    "statusMessage" : "selenium.common.exceptions.TimeoutException: Message: \nStacktrace:\n#0 0x55f8278076b3 <unknown>\n#1 0x55f8274dd1e7 <unknown>\n#2 0x55f827524566 <unknown>\n#3 0x55f827524651 <unknown>\n#4 0x55f827561a74 <unknown>\n#5 0x55f8275460ed <unknown>\n#6 0x55f82755f322 <unknown>\n#7 0x55f827545e93 <unknown>\n#8 0x55f827518934 <unknown>\n#9 0x55f82751971e <unknown>\n#10 0x55f8277cccb8 <unknown>\n#11 0x55f8277d0bf0 <unknown>\n#12 0x55f8277db19c <unknown>\n#13 0x55f8277d1808 <unknown>\n#14 0x55f82779e27f <unknown>\n#15 0x55f8277f5e88 <unknown>\n#16 0x55f8277f6059 <unknown>\n#17 0x55f827806843 <unknown>\n#18 0x7f73c3094b43 <unknown>",
    "statusTrace" : "self = <test_create_an_account.TestCreateAnAccount object at 0x7fe0b14bea90>\ncreate_account_page = <pages.create_an_account_page.CreateAccountPage object at 0x7fe0b10bbd90>\n\n    @allure.title('TC 04_01_02 Verify Personal Information heading')\n    def test_04_01_02_personal_information_heading(self, create_account_page):\n        \"\"\" Verify that Personal Information heading is present \"\"\"\n>       personal_information_legend = create_account_page.check_personal_information_label()\n\ntests/test_create_an_account.py:28: \n_ _ _ _ _ _ _ _ _ _ _ _ _ _ _ _ _ _ _ _ _ _ _ _ _ _ _ _ _ _ _ _ _ _ _ _ _ _ _ _ \npages/create_an_account_page.py:25: in check_personal_information_label\n    return self.element_is_visible(self.locators.PERSONAL_INFORMATION_LEGEND)\npages/base_page.py:29: in element_is_visible\n    self.go_to_element(self.element_is_present(locator))\npages/base_page.py:50: in element_is_present\n    return wait(self.driver, timeout).until(EC.presence_of_element_located(locator))\n_ _ _ _ _ _ _ _ _ _ _ _ _ _ _ _ _ _ _ _ _ _ _ _ _ _ _ _ _ _ _ _ _ _ _ _ _ _ _ _ \n\nself = <selenium.webdriver.support.wait.WebDriverWait (session=\"12a52df4255930795400a66e8357990b\")>\nmethod = <function presence_of_element_located.<locals>._predicate at 0x7fe0af321940>\nmessage = ''\n\n    def until(self, method, message: str = \"\"):\n        \"\"\"Calls the method provided with the driver as an argument until the \\\n        return value does not evaluate to ``False``.\n    \n        :param method: callable(WebDriver)\n        :param message: optional message for :exc:`TimeoutException`\n        :returns: the result of the last call to `method`\n        :raises: :exc:`selenium.common.exceptions.TimeoutException` if timeout occurs\n        \"\"\"\n        screen = None\n        stacktrace = None\n    \n        end_time = time.monotonic() + self._timeout\n        while True:\n            try:\n                value = method(self._driver)\n                if value:\n                    return value\n            except self._ignored_exceptions as exc:\n                screen = getattr(exc, \"screen\", None)\n                stacktrace = getattr(exc, \"stacktrace\", None)\n            time.sleep(self._poll)\n            if time.monotonic() > end_time:\n                break\n>       raise TimeoutException(message, screen, stacktrace)\nE       selenium.common.exceptions.TimeoutException: Message: \nE       Stacktrace:\nE       #0 0x55f8278076b3 <unknown>\nE       #1 0x55f8274dd1e7 <unknown>\nE       #2 0x55f827524566 <unknown>\nE       #3 0x55f827524651 <unknown>\nE       #4 0x55f827561a74 <unknown>\nE       #5 0x55f8275460ed <unknown>\nE       #6 0x55f82755f322 <unknown>\nE       #7 0x55f827545e93 <unknown>\nE       #8 0x55f827518934 <unknown>\nE       #9 0x55f82751971e <unknown>\nE       #10 0x55f8277cccb8 <unknown>\nE       #11 0x55f8277d0bf0 <unknown>\nE       #12 0x55f8277db19c <unknown>\nE       #13 0x55f8277d1808 <unknown>\nE       #14 0x55f82779e27f <unknown>\nE       #15 0x55f8277f5e88 <unknown>\nE       #16 0x55f8277f6059 <unknown>\nE       #17 0x55f827806843 <unknown>\nE       #18 0x7f73c3094b43 <unknown>\n\n/opt/hostedtoolcache/Python/3.11.5/x64/lib/python3.11/site-packages/selenium/webdriver/support/wait.py:95: TimeoutException",
    "steps" : [ {
      "name" : "Check Personal Informatio label is visible",
      "time" : {
        "start" : 1697332197986,
        "stop" : 1697332203103,
        "duration" : 5117
      },
      "status" : "broken",
      "statusMessage" : "selenium.common.exceptions.TimeoutException: Message: \nStacktrace:\n#0 0x55f8278076b3 <unknown>\n#1 0x55f8274dd1e7 <unknown>\n#2 0x55f827524566 <unknown>\n#3 0x55f827524651 <unknown>\n#4 0x55f827561a74 <unknown>\n#5 0x55f8275460ed <unknown>\n#6 0x55f82755f322 <unknown>\n#7 0x55f827545e93 <unknown>\n#8 0x55f827518934 <unknown>\n#9 0x55f82751971e <unknown>\n#10 0x55f8277cccb8 <unknown>\n#11 0x55f8277d0bf0 <unknown>\n#12 0x55f8277db19c <unknown>\n#13 0x55f8277d1808 <unknown>\n#14 0x55f82779e27f <unknown>\n#15 0x55f8277f5e88 <unknown>\n#16 0x55f8277f6059 <unknown>\n#17 0x55f827806843 <unknown>\n#18 0x7f73c3094b43 <unknown>\n\n",
      "statusTrace" : "  File \"/opt/hostedtoolcache/Python/3.11.5/x64/lib/python3.11/site-packages/allure_commons/_allure.py\", line 192, in impl\n    return func(*a, **kw)\n           ^^^^^^^^^^^^^^\n  File \"/home/runner/work/luma_project/luma_project/pages/create_an_account_page.py\", line 25, in check_personal_information_label\n    return self.element_is_visible(self.locators.PERSONAL_INFORMATION_LEGEND)\n           ^^^^^^^^^^^^^^^^^^^^^^^^^^^^^^^^^^^^^^^^^^^^^^^^^^^^^^^^^^^^^^^^^^\n  File \"/opt/hostedtoolcache/Python/3.11.5/x64/lib/python3.11/site-packages/allure_commons/_allure.py\", line 192, in impl\n    return func(*a, **kw)\n           ^^^^^^^^^^^^^^\n  File \"/home/runner/work/luma_project/luma_project/pages/base_page.py\", line 29, in element_is_visible\n    self.go_to_element(self.element_is_present(locator))\n                       ^^^^^^^^^^^^^^^^^^^^^^^^^^^^^^^^\n  File \"/opt/hostedtoolcache/Python/3.11.5/x64/lib/python3.11/site-packages/allure_commons/_allure.py\", line 192, in impl\n    return func(*a, **kw)\n           ^^^^^^^^^^^^^^\n  File \"/home/runner/work/luma_project/luma_project/pages/base_page.py\", line 50, in element_is_present\n    return wait(self.driver, timeout).until(EC.presence_of_element_located(locator))\n           ^^^^^^^^^^^^^^^^^^^^^^^^^^^^^^^^^^^^^^^^^^^^^^^^^^^^^^^^^^^^^^^^^^^^^^^^^\n  File \"/opt/hostedtoolcache/Python/3.11.5/x64/lib/python3.11/site-packages/selenium/webdriver/support/wait.py\", line 95, in until\n    raise TimeoutException(message, screen, stacktrace)\n",
      "steps" : [ {
        "name" : "Find a visible element",
        "time" : {
          "start" : 1697332197986,
          "stop" : 1697332203102,
          "duration" : 5116
        },
        "status" : "broken",
        "statusMessage" : "selenium.common.exceptions.TimeoutException: Message: \nStacktrace:\n#0 0x55f8278076b3 <unknown>\n#1 0x55f8274dd1e7 <unknown>\n#2 0x55f827524566 <unknown>\n#3 0x55f827524651 <unknown>\n#4 0x55f827561a74 <unknown>\n#5 0x55f8275460ed <unknown>\n#6 0x55f82755f322 <unknown>\n#7 0x55f827545e93 <unknown>\n#8 0x55f827518934 <unknown>\n#9 0x55f82751971e <unknown>\n#10 0x55f8277cccb8 <unknown>\n#11 0x55f8277d0bf0 <unknown>\n#12 0x55f8277db19c <unknown>\n#13 0x55f8277d1808 <unknown>\n#14 0x55f82779e27f <unknown>\n#15 0x55f8277f5e88 <unknown>\n#16 0x55f8277f6059 <unknown>\n#17 0x55f827806843 <unknown>\n#18 0x7f73c3094b43 <unknown>\n\n",
        "statusTrace" : "  File \"/opt/hostedtoolcache/Python/3.11.5/x64/lib/python3.11/site-packages/allure_commons/_allure.py\", line 192, in impl\n    return func(*a, **kw)\n           ^^^^^^^^^^^^^^\n  File \"/home/runner/work/luma_project/luma_project/pages/base_page.py\", line 29, in element_is_visible\n    self.go_to_element(self.element_is_present(locator))\n                       ^^^^^^^^^^^^^^^^^^^^^^^^^^^^^^^^\n  File \"/opt/hostedtoolcache/Python/3.11.5/x64/lib/python3.11/site-packages/allure_commons/_allure.py\", line 192, in impl\n    return func(*a, **kw)\n           ^^^^^^^^^^^^^^\n  File \"/home/runner/work/luma_project/luma_project/pages/base_page.py\", line 50, in element_is_present\n    return wait(self.driver, timeout).until(EC.presence_of_element_located(locator))\n           ^^^^^^^^^^^^^^^^^^^^^^^^^^^^^^^^^^^^^^^^^^^^^^^^^^^^^^^^^^^^^^^^^^^^^^^^^\n  File \"/opt/hostedtoolcache/Python/3.11.5/x64/lib/python3.11/site-packages/selenium/webdriver/support/wait.py\", line 95, in until\n    raise TimeoutException(message, screen, stacktrace)\n",
        "steps" : [ {
          "name" : "Find a present element",
          "time" : {
            "start" : 1697332197986,
            "stop" : 1697332203102,
            "duration" : 5116
          },
          "status" : "broken",
          "statusMessage" : "selenium.common.exceptions.TimeoutException: Message: \nStacktrace:\n#0 0x55f8278076b3 <unknown>\n#1 0x55f8274dd1e7 <unknown>\n#2 0x55f827524566 <unknown>\n#3 0x55f827524651 <unknown>\n#4 0x55f827561a74 <unknown>\n#5 0x55f8275460ed <unknown>\n#6 0x55f82755f322 <unknown>\n#7 0x55f827545e93 <unknown>\n#8 0x55f827518934 <unknown>\n#9 0x55f82751971e <unknown>\n#10 0x55f8277cccb8 <unknown>\n#11 0x55f8277d0bf0 <unknown>\n#12 0x55f8277db19c <unknown>\n#13 0x55f8277d1808 <unknown>\n#14 0x55f82779e27f <unknown>\n#15 0x55f8277f5e88 <unknown>\n#16 0x55f8277f6059 <unknown>\n#17 0x55f827806843 <unknown>\n#18 0x7f73c3094b43 <unknown>\n\n",
          "statusTrace" : "  File \"/opt/hostedtoolcache/Python/3.11.5/x64/lib/python3.11/site-packages/allure_commons/_allure.py\", line 192, in impl\n    return func(*a, **kw)\n           ^^^^^^^^^^^^^^\n  File \"/home/runner/work/luma_project/luma_project/pages/base_page.py\", line 50, in element_is_present\n    return wait(self.driver, timeout).until(EC.presence_of_element_located(locator))\n           ^^^^^^^^^^^^^^^^^^^^^^^^^^^^^^^^^^^^^^^^^^^^^^^^^^^^^^^^^^^^^^^^^^^^^^^^^\n  File \"/opt/hostedtoolcache/Python/3.11.5/x64/lib/python3.11/site-packages/selenium/webdriver/support/wait.py\", line 95, in until\n    raise TimeoutException(message, screen, stacktrace)\n",
          "steps" : [ ],
          "attachments" : [ ],
          "parameters" : [ {
            "name" : "locator",
            "value" : "('css selector', '.fieldset.create.info legend')"
          }, {
            "name" : "timeout",
            "value" : "5"
          } ],
          "stepsCount" : 0,
          "attachmentsCount" : 0,
          "shouldDisplayMessage" : true,
          "hasContent" : true
        } ],
        "attachments" : [ ],
        "parameters" : [ {
          "name" : "locator",
          "value" : "('css selector', '.fieldset.create.info legend')"
        }, {
          "name" : "timeout",
          "value" : "10"
        } ],
        "stepsCount" : 1,
        "attachmentsCount" : 0,
        "shouldDisplayMessage" : false,
        "hasContent" : true
      } ],
      "attachments" : [ ],
      "parameters" : [ ],
      "stepsCount" : 2,
      "attachmentsCount" : 0,
      "shouldDisplayMessage" : false,
      "hasContent" : true
    } ],
    "attachments" : [ {
      "uid" : "5166e17a72ef1083",
      "name" : "Screenshot",
      "source" : "5166e17a72ef1083.png",
      "type" : "image/png",
      "size" : 14900
    }, {
      "uid" : "b1322a9e158be41b",
      "name" : "HTML source",
      "source" : "b1322a9e158be41b.html",
      "type" : "text/html",
      "size" : 571
    } ],
    "parameters" : [ ],
    "stepsCount" : 3,
    "attachmentsCount" : 2,
    "shouldDisplayMessage" : true,
    "hasContent" : true
  },
  "afterStages" : [ {
    "name" : "driver::0",
    "time" : {
      "start" : 1697332203270,
      "stop" : 1697332203329,
      "duration" : 59
    },
    "status" : "passed",
    "steps" : [ ],
    "attachments" : [ ],
    "parameters" : [ ],
    "stepsCount" : 0,
    "attachmentsCount" : 0,
    "shouldDisplayMessage" : false,
    "hasContent" : false
  }, {
    "name" : "clear_allure_result_folder::0",
    "time" : {
      "start" : 1697335158583,
      "stop" : 1697335158584,
      "duration" : 1
    },
    "status" : "passed",
    "steps" : [ ],
    "attachments" : [ ],
    "parameters" : [ ],
    "stepsCount" : 0,
    "attachmentsCount" : 0,
    "shouldDisplayMessage" : false,
    "hasContent" : false
  } ],
  "labels" : [ {
    "name" : "epic",
    "value" : "Create An Account"
  }, {
    "name" : "parentSuite",
    "value" : "tests"
  }, {
    "name" : "suite",
    "value" : "test_create_an_account"
  }, {
    "name" : "subSuite",
    "value" : "TestCreateAnAccount"
  }, {
    "name" : "host",
    "value" : "fv-az163-423"
  }, {
    "name" : "thread",
    "value" : "3041-MainThread"
  }, {
    "name" : "framework",
    "value" : "pytest"
  }, {
    "name" : "language",
    "value" : "cpython3"
  }, {
    "name" : "package",
    "value" : "tests.test_create_an_account"
  }, {
    "name" : "resultFormat",
    "value" : "allure2"
  } ],
  "parameters" : [ ],
  "links" : [ ],
  "hidden" : false,
  "retry" : false,
  "extra" : {
    "severity" : "normal",
    "retries" : [ ],
    "categories" : [ {
      "name" : "Test defects",
      "matchedStatuses" : [ ],
      "flaky" : false
    } ],
    "tags" : [ ]
  },
  "source" : "5814e08f812852ac.json",
  "parameterValues" : [ ]
}