{
  "uid" : "594dc4417dd96709",
  "name" : "tc 07.02.25 Verify the message coupon code is not valid is displayed correct",
  "fullName" : "tests.test_shopping_cart.TestShoppingCartFull#test_tc_07_02_25_verify_msg_coupon_code_is_not_valid_is_displayed",
  "historyId" : "492343fa43b6d6d286e390bbb49df7ba",
  "time" : {
    "start" : 1717897161761,
    "stop" : 1717897166543,
    "duration" : 4782
  },
  "description" : "Check that message coupon code is not valid is displayed correct",
  "descriptionHtml" : "<p>Check that message coupon code is not valid is displayed correct</p>\n",
  "status" : "broken",
  "statusMessage" : "selenium.common.exceptions.StaleElementReferenceException: Message: stale element reference: stale element not found in the current frame\n  (Session info: chrome=125.0.6422.141); For documentation on this error, please visit: https://www.selenium.dev/documentation/webdriver/troubleshooting/errors#stale-element-reference-exception\nStacktrace:\n#0 0x55b41d381e3a <unknown>\n#1 0x55b41d06b45c <unknown>\n#2 0x55b41d070b69 <unknown>\n#3 0x55b41d072bdc <unknown>\n#4 0x55b41d0fa289 <unknown>\n#5 0x55b41d0da4b2 <unknown>\n#6 0x55b41d0f92cc <unknown>\n#7 0x55b41d0da253 <unknown>\n#8 0x55b41d0aa1c7 <unknown>\n#9 0x55b41d0aab3e <unknown>\n#10 0x55b41d34827b <unknown>\n#11 0x55b41d34c327 <unknown>\n#12 0x55b41d334dae <unknown>\n#13 0x55b41d34cdf2 <unknown>\n#14 0x55b41d31974f <unknown>\n#15 0x55b41d371128 <unknown>\n#16 0x55b41d3712fb <unknown>\n#17 0x55b41d380f6c <unknown>\n#18 0x7f8078c94ac3 <unknown>",
  "statusTrace" : "self = <test_shopping_cart.TestShoppingCartFull object at 0x7f55704e9590>\ndriver = <selenium.webdriver.chrome.webdriver.WebDriver (session=\"43817573739eca77a91e07ea8ffdbb1e\")>\nfull_cart_page = None\n\n    @allure.title(\"tc 07.02.25 Verify the message coupon code is not valid is displayed correct\")\n    def test_tc_07_02_25_verify_msg_coupon_code_is_not_valid_is_displayed(self, driver, full_cart_page):\n        \"\"\"Check that message coupon code is not valid is displayed correct\"\"\"\n        page = ShoppingCartPage(driver, SHOPPING_CART_PAGE)\n        page.open()\n        page.click_apply_discount_code()\n        page.send_discount_code(page.code)\n        page.click_btn_apply_discount()\n>       msg = page.get_msg_discount_code_is_not_valid()\n\ntests/test_shopping_cart.py:166: \n_ _ _ _ _ _ _ _ _ _ _ _ _ _ _ _ _ _ _ _ _ _ _ _ _ _ _ _ _ _ _ _ _ _ _ _ _ _ _ _ \npages/shopping_cart_page.py:219: in get_msg_discount_code_is_not_valid\n    msg = self.element_is_visible(self.shopping_locators.MSG_CODE_IS_NOT_VALID).text\npages/base_page.py:29: in element_is_visible\n    self.go_to_element(self.element_is_present(locator))\npages/base_page.py:87: in go_to_element\n    self.driver.execute_script(\"arguments[0].scrollIntoView();\", element)\n/opt/hostedtoolcache/Python/3.11.9/x64/lib/python3.11/site-packages/selenium/webdriver/remote/webdriver.py:404: in execute_script\n    return self.execute(command, {\"script\": script, \"args\": converted_args})[\"value\"]\n/opt/hostedtoolcache/Python/3.11.9/x64/lib/python3.11/site-packages/selenium/webdriver/remote/webdriver.py:344: in execute\n    self.error_handler.check_response(response)\n_ _ _ _ _ _ _ _ _ _ _ _ _ _ _ _ _ _ _ _ _ _ _ _ _ _ _ _ _ _ _ _ _ _ _ _ _ _ _ _ \n\nself = <selenium.webdriver.remote.errorhandler.ErrorHandler object at 0x7f55721989d0>\nresponse = {'status': 404, 'value': '{\"value\":{\"error\":\"stale element reference\",\"message\":\"stale element reference: stale elemen...\\\\n#16 0x55b41d3712fb \\\\u003Cunknown>\\\\n#17 0x55b41d380f6c \\\\u003Cunknown>\\\\n#18 0x7f8078c94ac3 \\\\u003Cunknown>\\\\n\"}}'}\n\n    def check_response(self, response: Dict[str, Any]) -> None:\n        \"\"\"Checks that a JSON response from the WebDriver does not have an\n        error.\n    \n        :Args:\n         - response - The JSON response from the WebDriver server as a dictionary\n           object.\n    \n        :Raises: If the response contains an error message.\n        \"\"\"\n        status = response.get(\"status\", None)\n        if not status or status == ErrorCode.SUCCESS:\n            return\n        value = None\n        message = response.get(\"message\", \"\")\n        screen: str = response.get(\"screen\", \"\")\n        stacktrace = None\n        if isinstance(status, int):\n            value_json = response.get(\"value\", None)\n            if value_json and isinstance(value_json, str):\n                import json\n    \n                try:\n                    value = json.loads(value_json)\n                    if len(value) == 1:\n                        value = value[\"value\"]\n                    status = value.get(\"error\", None)\n                    if not status:\n                        status = value.get(\"status\", ErrorCode.UNKNOWN_ERROR)\n                        message = value.get(\"value\") or value.get(\"message\")\n                        if not isinstance(message, str):\n                            value = message\n                            message = message.get(\"message\")\n                    else:\n                        message = value.get(\"message\", None)\n                except ValueError:\n                    pass\n    \n        exception_class: Type[WebDriverException]\n        e = ErrorCode()\n        error_codes = [item for item in dir(e) if not item.startswith(\"__\")]\n        for error_code in error_codes:\n            error_info = getattr(ErrorCode, error_code)\n            if isinstance(error_info, list) and status in error_info:\n                exception_class = getattr(ExceptionMapping, error_code, WebDriverException)\n                break\n        else:\n            exception_class = WebDriverException\n    \n        if not value:\n            value = response[\"value\"]\n        if isinstance(value, str):\n            raise exception_class(value)\n        if message == \"\" and \"message\" in value:\n            message = value[\"message\"]\n    \n        screen = None  # type: ignore[assignment]\n        if \"screen\" in value:\n            screen = value[\"screen\"]\n    \n        stacktrace = None\n        st_value = value.get(\"stackTrace\") or value.get(\"stacktrace\")\n        if st_value:\n            if isinstance(st_value, str):\n                stacktrace = st_value.split(\"\\n\")\n            else:\n                stacktrace = []\n                try:\n                    for frame in st_value:\n                        line = frame.get(\"lineNumber\", \"\")\n                        file = frame.get(\"fileName\", \"<anonymous>\")\n                        if line:\n                            file = f\"{file}:{line}\"\n                        meth = frame.get(\"methodName\", \"<anonymous>\")\n                        if \"className\" in frame:\n                            meth = f\"{frame['className']}.{meth}\"\n                        msg = \"    at %s (%s)\"\n                        msg = msg % (meth, file)\n                        stacktrace.append(msg)\n                except TypeError:\n                    pass\n        if exception_class == UnexpectedAlertPresentException:\n            alert_text = None\n            if \"data\" in value:\n                alert_text = value[\"data\"].get(\"text\")\n            elif \"alert\" in value:\n                alert_text = value[\"alert\"].get(\"text\")\n            raise exception_class(message, screen, stacktrace, alert_text)  # type: ignore[call-arg]  # mypy is not smart enough here\n>       raise exception_class(message, screen, stacktrace)\nE       selenium.common.exceptions.StaleElementReferenceException: Message: stale element reference: stale element not found in the current frame\nE         (Session info: chrome=125.0.6422.141); For documentation on this error, please visit: https://www.selenium.dev/documentation/webdriver/troubleshooting/errors#stale-element-reference-exception\nE       Stacktrace:\nE       #0 0x55b41d381e3a <unknown>\nE       #1 0x55b41d06b45c <unknown>\nE       #2 0x55b41d070b69 <unknown>\nE       #3 0x55b41d072bdc <unknown>\nE       #4 0x55b41d0fa289 <unknown>\nE       #5 0x55b41d0da4b2 <unknown>\nE       #6 0x55b41d0f92cc <unknown>\nE       #7 0x55b41d0da253 <unknown>\nE       #8 0x55b41d0aa1c7 <unknown>\nE       #9 0x55b41d0aab3e <unknown>\nE       #10 0x55b41d34827b <unknown>\nE       #11 0x55b41d34c327 <unknown>\nE       #12 0x55b41d334dae <unknown>\nE       #13 0x55b41d34cdf2 <unknown>\nE       #14 0x55b41d31974f <unknown>\nE       #15 0x55b41d371128 <unknown>\nE       #16 0x55b41d3712fb <unknown>\nE       #17 0x55b41d380f6c <unknown>\nE       #18 0x7f8078c94ac3 <unknown>\n\n/opt/hostedtoolcache/Python/3.11.9/x64/lib/python3.11/site-packages/selenium/webdriver/remote/errorhandler.py:229: StaleElementReferenceException",
  "flaky" : false,
  "newFailed" : false,
  "beforeStages" : [ {
    "name" : "_session_faker",
    "time" : {
      "start" : 1717895870955,
      "stop" : 1717895871018,
      "duration" : 63
    },
    "status" : "passed",
    "steps" : [ ],
    "attachments" : [ ],
    "parameters" : [ ],
    "stepsCount" : 0,
    "attachmentsCount" : 0,
    "shouldDisplayMessage" : false,
    "hasContent" : false
  }, {
    "name" : "clear_allure_result_folder",
    "time" : {
      "start" : 1717895871019,
      "stop" : 1717895871019,
      "duration" : 0
    },
    "status" : "passed",
    "steps" : [ ],
    "attachments" : [ ],
    "parameters" : [ ],
    "stepsCount" : 0,
    "attachmentsCount" : 0,
    "shouldDisplayMessage" : false,
    "hasContent" : false
  }, {
    "name" : "driver",
    "time" : {
      "start" : 1717897154551,
      "stop" : 1717897155833,
      "duration" : 1282
    },
    "status" : "passed",
    "steps" : [ ],
    "attachments" : [ ],
    "parameters" : [ ],
    "stepsCount" : 0,
    "attachmentsCount" : 0,
    "shouldDisplayMessage" : false,
    "hasContent" : false
  }, {
    "name" : "full_cart_page",
    "time" : {
      "start" : 1717897155834,
      "stop" : 1717897161761,
      "duration" : 5927
    },
    "status" : "passed",
    "steps" : [ ],
    "attachments" : [ ],
    "parameters" : [ ],
    "stepsCount" : 0,
    "attachmentsCount" : 0,
    "shouldDisplayMessage" : false,
    "hasContent" : false
  } ],
  "testStage" : {
    "description" : "Check that message coupon code is not valid is displayed correct",
    "status" : "broken",
    "statusMessage" : "selenium.common.exceptions.StaleElementReferenceException: Message: stale element reference: stale element not found in the current frame\n  (Session info: chrome=125.0.6422.141); For documentation on this error, please visit: https://www.selenium.dev/documentation/webdriver/troubleshooting/errors#stale-element-reference-exception\nStacktrace:\n#0 0x55b41d381e3a <unknown>\n#1 0x55b41d06b45c <unknown>\n#2 0x55b41d070b69 <unknown>\n#3 0x55b41d072bdc <unknown>\n#4 0x55b41d0fa289 <unknown>\n#5 0x55b41d0da4b2 <unknown>\n#6 0x55b41d0f92cc <unknown>\n#7 0x55b41d0da253 <unknown>\n#8 0x55b41d0aa1c7 <unknown>\n#9 0x55b41d0aab3e <unknown>\n#10 0x55b41d34827b <unknown>\n#11 0x55b41d34c327 <unknown>\n#12 0x55b41d334dae <unknown>\n#13 0x55b41d34cdf2 <unknown>\n#14 0x55b41d31974f <unknown>\n#15 0x55b41d371128 <unknown>\n#16 0x55b41d3712fb <unknown>\n#17 0x55b41d380f6c <unknown>\n#18 0x7f8078c94ac3 <unknown>",
    "statusTrace" : "self = <test_shopping_cart.TestShoppingCartFull object at 0x7f55704e9590>\ndriver = <selenium.webdriver.chrome.webdriver.WebDriver (session=\"43817573739eca77a91e07ea8ffdbb1e\")>\nfull_cart_page = None\n\n    @allure.title(\"tc 07.02.25 Verify the message coupon code is not valid is displayed correct\")\n    def test_tc_07_02_25_verify_msg_coupon_code_is_not_valid_is_displayed(self, driver, full_cart_page):\n        \"\"\"Check that message coupon code is not valid is displayed correct\"\"\"\n        page = ShoppingCartPage(driver, SHOPPING_CART_PAGE)\n        page.open()\n        page.click_apply_discount_code()\n        page.send_discount_code(page.code)\n        page.click_btn_apply_discount()\n>       msg = page.get_msg_discount_code_is_not_valid()\n\ntests/test_shopping_cart.py:166: \n_ _ _ _ _ _ _ _ _ _ _ _ _ _ _ _ _ _ _ _ _ _ _ _ _ _ _ _ _ _ _ _ _ _ _ _ _ _ _ _ \npages/shopping_cart_page.py:219: in get_msg_discount_code_is_not_valid\n    msg = self.element_is_visible(self.shopping_locators.MSG_CODE_IS_NOT_VALID).text\npages/base_page.py:29: in element_is_visible\n    self.go_to_element(self.element_is_present(locator))\npages/base_page.py:87: in go_to_element\n    self.driver.execute_script(\"arguments[0].scrollIntoView();\", element)\n/opt/hostedtoolcache/Python/3.11.9/x64/lib/python3.11/site-packages/selenium/webdriver/remote/webdriver.py:404: in execute_script\n    return self.execute(command, {\"script\": script, \"args\": converted_args})[\"value\"]\n/opt/hostedtoolcache/Python/3.11.9/x64/lib/python3.11/site-packages/selenium/webdriver/remote/webdriver.py:344: in execute\n    self.error_handler.check_response(response)\n_ _ _ _ _ _ _ _ _ _ _ _ _ _ _ _ _ _ _ _ _ _ _ _ _ _ _ _ _ _ _ _ _ _ _ _ _ _ _ _ \n\nself = <selenium.webdriver.remote.errorhandler.ErrorHandler object at 0x7f55721989d0>\nresponse = {'status': 404, 'value': '{\"value\":{\"error\":\"stale element reference\",\"message\":\"stale element reference: stale elemen...\\\\n#16 0x55b41d3712fb \\\\u003Cunknown>\\\\n#17 0x55b41d380f6c \\\\u003Cunknown>\\\\n#18 0x7f8078c94ac3 \\\\u003Cunknown>\\\\n\"}}'}\n\n    def check_response(self, response: Dict[str, Any]) -> None:\n        \"\"\"Checks that a JSON response from the WebDriver does not have an\n        error.\n    \n        :Args:\n         - response - The JSON response from the WebDriver server as a dictionary\n           object.\n    \n        :Raises: If the response contains an error message.\n        \"\"\"\n        status = response.get(\"status\", None)\n        if not status or status == ErrorCode.SUCCESS:\n            return\n        value = None\n        message = response.get(\"message\", \"\")\n        screen: str = response.get(\"screen\", \"\")\n        stacktrace = None\n        if isinstance(status, int):\n            value_json = response.get(\"value\", None)\n            if value_json and isinstance(value_json, str):\n                import json\n    \n                try:\n                    value = json.loads(value_json)\n                    if len(value) == 1:\n                        value = value[\"value\"]\n                    status = value.get(\"error\", None)\n                    if not status:\n                        status = value.get(\"status\", ErrorCode.UNKNOWN_ERROR)\n                        message = value.get(\"value\") or value.get(\"message\")\n                        if not isinstance(message, str):\n                            value = message\n                            message = message.get(\"message\")\n                    else:\n                        message = value.get(\"message\", None)\n                except ValueError:\n                    pass\n    \n        exception_class: Type[WebDriverException]\n        e = ErrorCode()\n        error_codes = [item for item in dir(e) if not item.startswith(\"__\")]\n        for error_code in error_codes:\n            error_info = getattr(ErrorCode, error_code)\n            if isinstance(error_info, list) and status in error_info:\n                exception_class = getattr(ExceptionMapping, error_code, WebDriverException)\n                break\n        else:\n            exception_class = WebDriverException\n    \n        if not value:\n            value = response[\"value\"]\n        if isinstance(value, str):\n            raise exception_class(value)\n        if message == \"\" and \"message\" in value:\n            message = value[\"message\"]\n    \n        screen = None  # type: ignore[assignment]\n        if \"screen\" in value:\n            screen = value[\"screen\"]\n    \n        stacktrace = None\n        st_value = value.get(\"stackTrace\") or value.get(\"stacktrace\")\n        if st_value:\n            if isinstance(st_value, str):\n                stacktrace = st_value.split(\"\\n\")\n            else:\n                stacktrace = []\n                try:\n                    for frame in st_value:\n                        line = frame.get(\"lineNumber\", \"\")\n                        file = frame.get(\"fileName\", \"<anonymous>\")\n                        if line:\n                            file = f\"{file}:{line}\"\n                        meth = frame.get(\"methodName\", \"<anonymous>\")\n                        if \"className\" in frame:\n                            meth = f\"{frame['className']}.{meth}\"\n                        msg = \"    at %s (%s)\"\n                        msg = msg % (meth, file)\n                        stacktrace.append(msg)\n                except TypeError:\n                    pass\n        if exception_class == UnexpectedAlertPresentException:\n            alert_text = None\n            if \"data\" in value:\n                alert_text = value[\"data\"].get(\"text\")\n            elif \"alert\" in value:\n                alert_text = value[\"alert\"].get(\"text\")\n            raise exception_class(message, screen, stacktrace, alert_text)  # type: ignore[call-arg]  # mypy is not smart enough here\n>       raise exception_class(message, screen, stacktrace)\nE       selenium.common.exceptions.StaleElementReferenceException: Message: stale element reference: stale element not found in the current frame\nE         (Session info: chrome=125.0.6422.141); For documentation on this error, please visit: https://www.selenium.dev/documentation/webdriver/troubleshooting/errors#stale-element-reference-exception\nE       Stacktrace:\nE       #0 0x55b41d381e3a <unknown>\nE       #1 0x55b41d06b45c <unknown>\nE       #2 0x55b41d070b69 <unknown>\nE       #3 0x55b41d072bdc <unknown>\nE       #4 0x55b41d0fa289 <unknown>\nE       #5 0x55b41d0da4b2 <unknown>\nE       #6 0x55b41d0f92cc <unknown>\nE       #7 0x55b41d0da253 <unknown>\nE       #8 0x55b41d0aa1c7 <unknown>\nE       #9 0x55b41d0aab3e <unknown>\nE       #10 0x55b41d34827b <unknown>\nE       #11 0x55b41d34c327 <unknown>\nE       #12 0x55b41d334dae <unknown>\nE       #13 0x55b41d34cdf2 <unknown>\nE       #14 0x55b41d31974f <unknown>\nE       #15 0x55b41d371128 <unknown>\nE       #16 0x55b41d3712fb <unknown>\nE       #17 0x55b41d380f6c <unknown>\nE       #18 0x7f8078c94ac3 <unknown>\n\n/opt/hostedtoolcache/Python/3.11.9/x64/lib/python3.11/site-packages/selenium/webdriver/remote/errorhandler.py:229: StaleElementReferenceException",
    "steps" : [ {
      "name" : "Open a browser",
      "time" : {
        "start" : 1717897161761,
        "stop" : 1717897163935,
        "duration" : 2174
      },
      "status" : "passed",
      "steps" : [ ],
      "attachments" : [ ],
      "parameters" : [ ],
      "stepsCount" : 0,
      "attachmentsCount" : 0,
      "shouldDisplayMessage" : false,
      "hasContent" : false
    }, {
      "name" : "Apply Discount Code on click",
      "time" : {
        "start" : 1717897163936,
        "stop" : 1717897164073,
        "duration" : 137
      },
      "status" : "passed",
      "steps" : [ {
        "name" : "Find clickable elements",
        "time" : {
          "start" : 1717897163936,
          "stop" : 1717897164040,
          "duration" : 104
        },
        "status" : "passed",
        "steps" : [ ],
        "attachments" : [ ],
        "parameters" : [ {
          "name" : "locator",
          "value" : "('css selector', '#block-discount-heading')"
        }, {
          "name" : "timeout",
          "value" : "5"
        } ],
        "stepsCount" : 0,
        "attachmentsCount" : 0,
        "shouldDisplayMessage" : false,
        "hasContent" : true
      } ],
      "attachments" : [ ],
      "parameters" : [ ],
      "stepsCount" : 1,
      "attachmentsCount" : 0,
      "shouldDisplayMessage" : false,
      "hasContent" : true
    }, {
      "name" : "Send discount code",
      "time" : {
        "start" : 1717897164073,
        "stop" : 1717897164209,
        "duration" : 136
      },
      "status" : "passed",
      "steps" : [ {
        "name" : "Fill in a field",
        "time" : {
          "start" : 1717897164073,
          "stop" : 1717897164209,
          "duration" : 136
        },
        "status" : "passed",
        "steps" : [ {
          "name" : "Find clickable elements",
          "time" : {
            "start" : 1717897164074,
            "stop" : 1717897164126,
            "duration" : 52
          },
          "status" : "passed",
          "steps" : [ ],
          "attachments" : [ ],
          "parameters" : [ {
            "name" : "locator",
            "value" : "('css selector', '#coupon_code')"
          }, {
            "name" : "timeout",
            "value" : "5"
          } ],
          "stepsCount" : 0,
          "attachmentsCount" : 0,
          "shouldDisplayMessage" : false,
          "hasContent" : true
        } ],
        "attachments" : [ ],
        "parameters" : [ {
          "name" : "locator",
          "value" : "('css selector', '#coupon_code')"
        }, {
          "name" : "value",
          "value" : "'odjczqsq'"
        } ],
        "stepsCount" : 1,
        "attachmentsCount" : 0,
        "shouldDisplayMessage" : false,
        "hasContent" : true
      } ],
      "attachments" : [ ],
      "parameters" : [ {
        "name" : "code",
        "value" : "'odjczqsq'"
      } ],
      "stepsCount" : 2,
      "attachmentsCount" : 0,
      "shouldDisplayMessage" : false,
      "hasContent" : true
    }, {
      "name" : "Click button Apply Discount",
      "time" : {
        "start" : 1717897164210,
        "stop" : 1717897166491,
        "duration" : 2281
      },
      "status" : "passed",
      "steps" : [ {
        "name" : "Find clickable elements",
        "time" : {
          "start" : 1717897164210,
          "stop" : 1717897164232,
          "duration" : 22
        },
        "status" : "passed",
        "steps" : [ ],
        "attachments" : [ ],
        "parameters" : [ {
          "name" : "locator",
          "value" : "('css selector', '#discount-coupon-form > div > div.actions-toolbar > div > button')"
        }, {
          "name" : "timeout",
          "value" : "5"
        } ],
        "stepsCount" : 0,
        "attachmentsCount" : 0,
        "shouldDisplayMessage" : false,
        "hasContent" : true
      } ],
      "attachments" : [ ],
      "parameters" : [ ],
      "stepsCount" : 1,
      "attachmentsCount" : 0,
      "shouldDisplayMessage" : false,
      "hasContent" : true
    }, {
      "name" : "Get message discount code is not valid by page",
      "time" : {
        "start" : 1717897166491,
        "stop" : 1717897166543,
        "duration" : 52
      },
      "status" : "broken",
      "statusMessage" : "selenium.common.exceptions.StaleElementReferenceException: Message: stale element reference: stale element not found in the current frame\n  (Session info: chrome=125.0.6422.141); For documentation on this error, please visit: https://www.selenium.dev/documentation/webdriver/troubleshooting/errors#stale-element-reference-exception\nStacktrace:\n#0 0x55b41d381e3a <unknown>\n#1 0x55b41d06b45c <unknown>\n#2 0x55b41d070b69 <unknown>\n#3 0x55b41d072bdc <unknown>\n#4 0x55b41d0fa289 <unknown>\n#5 0x55b41d0da4b2 <unknown>\n#6 0x55b41d0f92cc <unknown>\n#7 0x55b41d0da253 <unknown>\n#8 0x55b41d0aa1c7 <unknown>\n#9 0x55b41d0aab3e <unknown>\n#10 0x55b41d34827b <unknown>\n#11 0x55b41d34c327 <unknown>\n#12 0x55b41d334dae <unknown>\n#13 0x55b41d34cdf2 <unknown>\n#14 0x55b41d31974f <unknown>\n#15 0x55b41d371128 <unknown>\n#16 0x55b41d3712fb <unknown>\n#17 0x55b41d380f6c <unknown>\n#18 0x7f8078c94ac3 <unknown>\n\n",
      "statusTrace" : "  File \"/opt/hostedtoolcache/Python/3.11.9/x64/lib/python3.11/site-packages/allure_commons/_allure.py\", line 192, in impl\n    return func(*a, **kw)\n           ^^^^^^^^^^^^^^\n  File \"/home/runner/work/luma_project/luma_project/pages/shopping_cart_page.py\", line 219, in get_msg_discount_code_is_not_valid\n    msg = self.element_is_visible(self.shopping_locators.MSG_CODE_IS_NOT_VALID).text\n          ^^^^^^^^^^^^^^^^^^^^^^^^^^^^^^^^^^^^^^^^^^^^^^^^^^^^^^^^^^^^^^^^^^^^^\n  File \"/opt/hostedtoolcache/Python/3.11.9/x64/lib/python3.11/site-packages/allure_commons/_allure.py\", line 192, in impl\n    return func(*a, **kw)\n           ^^^^^^^^^^^^^^\n  File \"/home/runner/work/luma_project/luma_project/pages/base_page.py\", line 29, in element_is_visible\n    self.go_to_element(self.element_is_present(locator))\n  File \"/opt/hostedtoolcache/Python/3.11.9/x64/lib/python3.11/site-packages/allure_commons/_allure.py\", line 192, in impl\n    return func(*a, **kw)\n           ^^^^^^^^^^^^^^\n  File \"/home/runner/work/luma_project/luma_project/pages/base_page.py\", line 87, in go_to_element\n    self.driver.execute_script(\"arguments[0].scrollIntoView();\", element)\n  File \"/opt/hostedtoolcache/Python/3.11.9/x64/lib/python3.11/site-packages/selenium/webdriver/remote/webdriver.py\", line 404, in execute_script\n    return self.execute(command, {\"script\": script, \"args\": converted_args})[\"value\"]\n           ^^^^^^^^^^^^^^^^^^^^^^^^^^^^^^^^^^^^^^^^^^^^^^^^^^^^^^^^^^^^^^^^^\n  File \"/opt/hostedtoolcache/Python/3.11.9/x64/lib/python3.11/site-packages/selenium/webdriver/remote/webdriver.py\", line 344, in execute\n    self.error_handler.check_response(response)\n  File \"/opt/hostedtoolcache/Python/3.11.9/x64/lib/python3.11/site-packages/selenium/webdriver/remote/errorhandler.py\", line 229, in check_response\n    raise exception_class(message, screen, stacktrace)\n",
      "steps" : [ {
        "name" : "Find a visible element",
        "time" : {
          "start" : 1717897166491,
          "stop" : 1717897166542,
          "duration" : 51
        },
        "status" : "broken",
        "statusMessage" : "selenium.common.exceptions.StaleElementReferenceException: Message: stale element reference: stale element not found in the current frame\n  (Session info: chrome=125.0.6422.141); For documentation on this error, please visit: https://www.selenium.dev/documentation/webdriver/troubleshooting/errors#stale-element-reference-exception\nStacktrace:\n#0 0x55b41d381e3a <unknown>\n#1 0x55b41d06b45c <unknown>\n#2 0x55b41d070b69 <unknown>\n#3 0x55b41d072bdc <unknown>\n#4 0x55b41d0fa289 <unknown>\n#5 0x55b41d0da4b2 <unknown>\n#6 0x55b41d0f92cc <unknown>\n#7 0x55b41d0da253 <unknown>\n#8 0x55b41d0aa1c7 <unknown>\n#9 0x55b41d0aab3e <unknown>\n#10 0x55b41d34827b <unknown>\n#11 0x55b41d34c327 <unknown>\n#12 0x55b41d334dae <unknown>\n#13 0x55b41d34cdf2 <unknown>\n#14 0x55b41d31974f <unknown>\n#15 0x55b41d371128 <unknown>\n#16 0x55b41d3712fb <unknown>\n#17 0x55b41d380f6c <unknown>\n#18 0x7f8078c94ac3 <unknown>\n\n",
        "statusTrace" : "  File \"/opt/hostedtoolcache/Python/3.11.9/x64/lib/python3.11/site-packages/allure_commons/_allure.py\", line 192, in impl\n    return func(*a, **kw)\n           ^^^^^^^^^^^^^^\n  File \"/home/runner/work/luma_project/luma_project/pages/base_page.py\", line 29, in element_is_visible\n    self.go_to_element(self.element_is_present(locator))\n  File \"/opt/hostedtoolcache/Python/3.11.9/x64/lib/python3.11/site-packages/allure_commons/_allure.py\", line 192, in impl\n    return func(*a, **kw)\n           ^^^^^^^^^^^^^^\n  File \"/home/runner/work/luma_project/luma_project/pages/base_page.py\", line 87, in go_to_element\n    self.driver.execute_script(\"arguments[0].scrollIntoView();\", element)\n  File \"/opt/hostedtoolcache/Python/3.11.9/x64/lib/python3.11/site-packages/selenium/webdriver/remote/webdriver.py\", line 404, in execute_script\n    return self.execute(command, {\"script\": script, \"args\": converted_args})[\"value\"]\n           ^^^^^^^^^^^^^^^^^^^^^^^^^^^^^^^^^^^^^^^^^^^^^^^^^^^^^^^^^^^^^^^^^\n  File \"/opt/hostedtoolcache/Python/3.11.9/x64/lib/python3.11/site-packages/selenium/webdriver/remote/webdriver.py\", line 344, in execute\n    self.error_handler.check_response(response)\n  File \"/opt/hostedtoolcache/Python/3.11.9/x64/lib/python3.11/site-packages/selenium/webdriver/remote/errorhandler.py\", line 229, in check_response\n    raise exception_class(message, screen, stacktrace)\n",
        "steps" : [ {
          "name" : "Find a present element",
          "time" : {
            "start" : 1717897166491,
            "stop" : 1717897166502,
            "duration" : 11
          },
          "status" : "passed",
          "steps" : [ ],
          "attachments" : [ ],
          "parameters" : [ {
            "name" : "locator",
            "value" : "('css selector', '#maincontent > div.page.messages > div:nth-child(2) > div > div > div')"
          }, {
            "name" : "timeout",
            "value" : "5"
          } ],
          "stepsCount" : 0,
          "attachmentsCount" : 0,
          "shouldDisplayMessage" : false,
          "hasContent" : true
        }, {
          "name" : "Go to specified element",
          "time" : {
            "start" : 1717897166502,
            "stop" : 1717897166541,
            "duration" : 39
          },
          "status" : "broken",
          "statusMessage" : "selenium.common.exceptions.StaleElementReferenceException: Message: stale element reference: stale element not found in the current frame\n  (Session info: chrome=125.0.6422.141); For documentation on this error, please visit: https://www.selenium.dev/documentation/webdriver/troubleshooting/errors#stale-element-reference-exception\nStacktrace:\n#0 0x55b41d381e3a <unknown>\n#1 0x55b41d06b45c <unknown>\n#2 0x55b41d070b69 <unknown>\n#3 0x55b41d072bdc <unknown>\n#4 0x55b41d0fa289 <unknown>\n#5 0x55b41d0da4b2 <unknown>\n#6 0x55b41d0f92cc <unknown>\n#7 0x55b41d0da253 <unknown>\n#8 0x55b41d0aa1c7 <unknown>\n#9 0x55b41d0aab3e <unknown>\n#10 0x55b41d34827b <unknown>\n#11 0x55b41d34c327 <unknown>\n#12 0x55b41d334dae <unknown>\n#13 0x55b41d34cdf2 <unknown>\n#14 0x55b41d31974f <unknown>\n#15 0x55b41d371128 <unknown>\n#16 0x55b41d3712fb <unknown>\n#17 0x55b41d380f6c <unknown>\n#18 0x7f8078c94ac3 <unknown>\n\n",
          "statusTrace" : "  File \"/opt/hostedtoolcache/Python/3.11.9/x64/lib/python3.11/site-packages/allure_commons/_allure.py\", line 192, in impl\n    return func(*a, **kw)\n           ^^^^^^^^^^^^^^\n  File \"/home/runner/work/luma_project/luma_project/pages/base_page.py\", line 87, in go_to_element\n    self.driver.execute_script(\"arguments[0].scrollIntoView();\", element)\n  File \"/opt/hostedtoolcache/Python/3.11.9/x64/lib/python3.11/site-packages/selenium/webdriver/remote/webdriver.py\", line 404, in execute_script\n    return self.execute(command, {\"script\": script, \"args\": converted_args})[\"value\"]\n           ^^^^^^^^^^^^^^^^^^^^^^^^^^^^^^^^^^^^^^^^^^^^^^^^^^^^^^^^^^^^^^^^^\n  File \"/opt/hostedtoolcache/Python/3.11.9/x64/lib/python3.11/site-packages/selenium/webdriver/remote/webdriver.py\", line 344, in execute\n    self.error_handler.check_response(response)\n  File \"/opt/hostedtoolcache/Python/3.11.9/x64/lib/python3.11/site-packages/selenium/webdriver/remote/errorhandler.py\", line 229, in check_response\n    raise exception_class(message, screen, stacktrace)\n",
          "steps" : [ ],
          "attachments" : [ ],
          "parameters" : [ {
            "name" : "element",
            "value" : "<selenium.webdriver.remote.webelement.WebElement (session=\"43817573739eca77a91e07ea8ffdbb1e\", element=\"f.0D3FE688F95559C434240341CCE6DD5D.d.BAF87145E07A166038DD0EC146D77BA5.e.251\")>"
          } ],
          "stepsCount" : 0,
          "attachmentsCount" : 0,
          "shouldDisplayMessage" : true,
          "hasContent" : true
        } ],
        "attachments" : [ ],
        "parameters" : [ {
          "name" : "locator",
          "value" : "('css selector', '#maincontent > div.page.messages > div:nth-child(2) > div > div > div')"
        }, {
          "name" : "timeout",
          "value" : "10"
        } ],
        "stepsCount" : 2,
        "attachmentsCount" : 0,
        "shouldDisplayMessage" : false,
        "hasContent" : true
      } ],
      "attachments" : [ ],
      "parameters" : [ ],
      "stepsCount" : 3,
      "attachmentsCount" : 0,
      "shouldDisplayMessage" : false,
      "hasContent" : true
    } ],
    "attachments" : [ {
      "uid" : "ab214410c4f578b6",
      "name" : "Screenshot",
      "source" : "ab214410c4f578b6.png",
      "type" : "image/png",
      "size" : 118746
    }, {
      "uid" : "406e1d47dc04d0dd",
      "name" : "HTML source",
      "source" : "406e1d47dc04d0dd.html",
      "type" : "text/html",
      "size" : 200797
    } ],
    "parameters" : [ ],
    "stepsCount" : 12,
    "attachmentsCount" : 2,
    "shouldDisplayMessage" : true,
    "hasContent" : true
  },
  "afterStages" : [ {
    "name" : "clear_allure_result_folder::0",
    "time" : {
      "start" : 1717897424526,
      "stop" : 1717897424526,
      "duration" : 0
    },
    "status" : "passed",
    "steps" : [ ],
    "attachments" : [ ],
    "parameters" : [ ],
    "stepsCount" : 0,
    "attachmentsCount" : 0,
    "shouldDisplayMessage" : false,
    "hasContent" : false
  }, {
    "name" : "driver::0",
    "time" : {
      "start" : 1717897166704,
      "stop" : 1717897166786,
      "duration" : 82
    },
    "status" : "passed",
    "steps" : [ ],
    "attachments" : [ ],
    "parameters" : [ ],
    "stepsCount" : 0,
    "attachmentsCount" : 0,
    "shouldDisplayMessage" : false,
    "hasContent" : false
  } ],
  "labels" : [ {
    "name" : "feature",
    "value" : "Shopping Cart is full"
  }, {
    "name" : "parentSuite",
    "value" : "tests"
  }, {
    "name" : "suite",
    "value" : "test_shopping_cart"
  }, {
    "name" : "subSuite",
    "value" : "TestShoppingCartFull"
  }, {
    "name" : "host",
    "value" : "fv-az1121-517"
  }, {
    "name" : "thread",
    "value" : "2868-MainThread"
  }, {
    "name" : "framework",
    "value" : "pytest"
  }, {
    "name" : "language",
    "value" : "cpython3"
  }, {
    "name" : "package",
    "value" : "tests.test_shopping_cart"
  }, {
    "name" : "resultFormat",
    "value" : "allure2"
  } ],
  "parameters" : [ ],
  "links" : [ ],
  "hidden" : false,
  "retry" : false,
  "extra" : {
    "severity" : "normal",
    "retries" : [ ],
    "categories" : [ {
      "name" : "Test defects",
      "matchedStatuses" : [ ],
      "flaky" : false
    } ],
    "tags" : [ ]
  },
  "source" : "594dc4417dd96709.json",
  "parameterValues" : [ ]
}