{
  "uid" : "5a1b9cc651f4a241",
  "name" : "TC 17.01.02 Verify Forgot Your Password note",
  "fullName" : "tests.test_forgot_your_password.TestForgotYourPassword#test_17_01_02_registered_customers_note",
  "historyId" : "97a0b48b6fa8f2c0bd5d6c41e7847b75",
  "time" : {
    "start" : 1737855238519,
    "stop" : 1737855243637,
    "duration" : 5118
  },
  "description" : "Check Registered Customers note is present ",
  "descriptionHtml" : "<p>Check Registered Customers note is present</p>\n",
  "status" : "broken",
  "statusMessage" : "selenium.common.exceptions.TimeoutException: Message: \nStacktrace:\n#0 0x5612bfe917ca <unknown>\n#1 0x5612bf9892f0 <unknown>\n#2 0x5612bf9d9035 <unknown>\n#3 0x5612bf9d9251 <unknown>\n#4 0x5612bfa1f054 <unknown>\n#5 0x5612bf9fd9dd <unknown>\n#6 0x5612bfa1c3b3 <unknown>\n#7 0x5612bf9fd753 <unknown>\n#8 0x5612bf9cabaa <unknown>\n#9 0x5612bf9cbdfe <unknown>\n#10 0x5612bfe5c38b <unknown>\n#11 0x5612bfe60307 <unknown>\n#12 0x5612bfe48e7c <unknown>\n#13 0x5612bfe60ec7 <unknown>\n#14 0x5612bfe2d24f <unknown>\n#15 0x5612bfe802f8 <unknown>\n#16 0x5612bfe804c0 <unknown>\n#17 0x5612bfe90646 <unknown>\n#18 0x7f142409ca94 <unknown>\n#19 0x7f1424129c3c <unknown>",
  "statusTrace" : "self = <test_forgot_your_password.TestForgotYourPassword object at 0x7fc2e8177750>\ndriver = <selenium.webdriver.chrome.webdriver.WebDriver (session=\"c0da5fb1f5f8e80598dad915682a9245\")>\nforgot_psw_page = <pages.forgot_your_password_page.ForgotYourPasswordPage object at 0x7fc2e7caefd0>\n\n    @allure.title('TC 17.01.02 Verify Forgot Your Password note')\n    def test_17_01_02_registered_customers_note(self, driver, forgot_psw_page):\n        \"\"\"Check Registered Customers note is present \"\"\"\n>       note = forgot_psw_page.check_forgot_your_psw_note()\n\ntests/test_forgot_your_password.py:31: \n_ _ _ _ _ _ _ _ _ _ _ _ _ _ _ _ _ _ _ _ _ _ _ _ _ _ _ _ _ _ _ _ _ _ _ _ _ _ _ _ \npages/forgot_your_password_page.py:19: in check_forgot_your_psw_note\n    return self.element_is_visible(self.locators.FORGOT_YOUR_PASSWORD_NOTE)\npages/base_page.py:29: in element_is_visible\n    self.go_to_element(self.element_is_present(locator))\npages/base_page.py:50: in element_is_present\n    return wait(self.driver, timeout).until(EC.presence_of_element_located(locator))\n_ _ _ _ _ _ _ _ _ _ _ _ _ _ _ _ _ _ _ _ _ _ _ _ _ _ _ _ _ _ _ _ _ _ _ _ _ _ _ _ \n\nself = <selenium.webdriver.support.wait.WebDriverWait (session=\"c0da5fb1f5f8e80598dad915682a9245\")>\nmethod = <function presence_of_element_located.<locals>._predicate at 0x7fc2e80c6de0>\nmessage = ''\n\n    def until(self, method, message: str = \"\"):\n        \"\"\"Calls the method provided with the driver as an argument until the \\\n        return value does not evaluate to ``False``.\n    \n        :param method: callable(WebDriver)\n        :param message: optional message for :exc:`TimeoutException`\n        :returns: the result of the last call to `method`\n        :raises: :exc:`selenium.common.exceptions.TimeoutException` if timeout occurs\n        \"\"\"\n        screen = None\n        stacktrace = None\n    \n        end_time = time.monotonic() + self._timeout\n        while True:\n            try:\n                value = method(self._driver)\n                if value:\n                    return value\n            except self._ignored_exceptions as exc:\n                screen = getattr(exc, \"screen\", None)\n                stacktrace = getattr(exc, \"stacktrace\", None)\n            time.sleep(self._poll)\n            if time.monotonic() > end_time:\n                break\n>       raise TimeoutException(message, screen, stacktrace)\nE       selenium.common.exceptions.TimeoutException: Message: \nE       Stacktrace:\nE       #0 0x5612bfe917ca <unknown>\nE       #1 0x5612bf9892f0 <unknown>\nE       #2 0x5612bf9d9035 <unknown>\nE       #3 0x5612bf9d9251 <unknown>\nE       #4 0x5612bfa1f054 <unknown>\nE       #5 0x5612bf9fd9dd <unknown>\nE       #6 0x5612bfa1c3b3 <unknown>\nE       #7 0x5612bf9fd753 <unknown>\nE       #8 0x5612bf9cabaa <unknown>\nE       #9 0x5612bf9cbdfe <unknown>\nE       #10 0x5612bfe5c38b <unknown>\nE       #11 0x5612bfe60307 <unknown>\nE       #12 0x5612bfe48e7c <unknown>\nE       #13 0x5612bfe60ec7 <unknown>\nE       #14 0x5612bfe2d24f <unknown>\nE       #15 0x5612bfe802f8 <unknown>\nE       #16 0x5612bfe804c0 <unknown>\nE       #17 0x5612bfe90646 <unknown>\nE       #18 0x7f142409ca94 <unknown>\nE       #19 0x7f1424129c3c <unknown>\n\n/opt/hostedtoolcache/Python/3.11.11/x64/lib/python3.11/site-packages/selenium/webdriver/support/wait.py:95: TimeoutException",
  "flaky" : false,
  "newFailed" : false,
  "beforeStages" : [ {
    "name" : "clear_allure_result_folder",
    "time" : {
      "start" : 1737854757354,
      "stop" : 1737854757354,
      "duration" : 0
    },
    "status" : "passed",
    "steps" : [ ],
    "attachments" : [ ],
    "parameters" : [ ],
    "stepsCount" : 0,
    "attachmentsCount" : 0,
    "shouldDisplayMessage" : false,
    "hasContent" : false
  }, {
    "name" : "_session_faker",
    "time" : {
      "start" : 1737854757290,
      "stop" : 1737854757353,
      "duration" : 63
    },
    "status" : "passed",
    "steps" : [ ],
    "attachments" : [ ],
    "parameters" : [ ],
    "stepsCount" : 0,
    "attachmentsCount" : 0,
    "shouldDisplayMessage" : false,
    "hasContent" : false
  }, {
    "name" : "driver",
    "time" : {
      "start" : 1737855237103,
      "stop" : 1737855238285,
      "duration" : 1182
    },
    "status" : "passed",
    "steps" : [ ],
    "attachments" : [ ],
    "parameters" : [ ],
    "stepsCount" : 0,
    "attachmentsCount" : 0,
    "shouldDisplayMessage" : false,
    "hasContent" : false
  }, {
    "name" : "forgot_psw_page",
    "time" : {
      "start" : 1737855238285,
      "stop" : 1737855238518,
      "duration" : 233
    },
    "status" : "passed",
    "steps" : [ {
      "name" : "Open a browser",
      "time" : {
        "start" : 1737855238285,
        "stop" : 1737855238518,
        "duration" : 233
      },
      "status" : "passed",
      "steps" : [ ],
      "attachments" : [ ],
      "parameters" : [ ],
      "stepsCount" : 0,
      "attachmentsCount" : 0,
      "shouldDisplayMessage" : false,
      "hasContent" : false
    } ],
    "attachments" : [ ],
    "parameters" : [ ],
    "stepsCount" : 1,
    "attachmentsCount" : 0,
    "shouldDisplayMessage" : false,
    "hasContent" : true
  } ],
  "testStage" : {
    "description" : "Check Registered Customers note is present ",
    "status" : "broken",
    "statusMessage" : "selenium.common.exceptions.TimeoutException: Message: \nStacktrace:\n#0 0x5612bfe917ca <unknown>\n#1 0x5612bf9892f0 <unknown>\n#2 0x5612bf9d9035 <unknown>\n#3 0x5612bf9d9251 <unknown>\n#4 0x5612bfa1f054 <unknown>\n#5 0x5612bf9fd9dd <unknown>\n#6 0x5612bfa1c3b3 <unknown>\n#7 0x5612bf9fd753 <unknown>\n#8 0x5612bf9cabaa <unknown>\n#9 0x5612bf9cbdfe <unknown>\n#10 0x5612bfe5c38b <unknown>\n#11 0x5612bfe60307 <unknown>\n#12 0x5612bfe48e7c <unknown>\n#13 0x5612bfe60ec7 <unknown>\n#14 0x5612bfe2d24f <unknown>\n#15 0x5612bfe802f8 <unknown>\n#16 0x5612bfe804c0 <unknown>\n#17 0x5612bfe90646 <unknown>\n#18 0x7f142409ca94 <unknown>\n#19 0x7f1424129c3c <unknown>",
    "statusTrace" : "self = <test_forgot_your_password.TestForgotYourPassword object at 0x7fc2e8177750>\ndriver = <selenium.webdriver.chrome.webdriver.WebDriver (session=\"c0da5fb1f5f8e80598dad915682a9245\")>\nforgot_psw_page = <pages.forgot_your_password_page.ForgotYourPasswordPage object at 0x7fc2e7caefd0>\n\n    @allure.title('TC 17.01.02 Verify Forgot Your Password note')\n    def test_17_01_02_registered_customers_note(self, driver, forgot_psw_page):\n        \"\"\"Check Registered Customers note is present \"\"\"\n>       note = forgot_psw_page.check_forgot_your_psw_note()\n\ntests/test_forgot_your_password.py:31: \n_ _ _ _ _ _ _ _ _ _ _ _ _ _ _ _ _ _ _ _ _ _ _ _ _ _ _ _ _ _ _ _ _ _ _ _ _ _ _ _ \npages/forgot_your_password_page.py:19: in check_forgot_your_psw_note\n    return self.element_is_visible(self.locators.FORGOT_YOUR_PASSWORD_NOTE)\npages/base_page.py:29: in element_is_visible\n    self.go_to_element(self.element_is_present(locator))\npages/base_page.py:50: in element_is_present\n    return wait(self.driver, timeout).until(EC.presence_of_element_located(locator))\n_ _ _ _ _ _ _ _ _ _ _ _ _ _ _ _ _ _ _ _ _ _ _ _ _ _ _ _ _ _ _ _ _ _ _ _ _ _ _ _ \n\nself = <selenium.webdriver.support.wait.WebDriverWait (session=\"c0da5fb1f5f8e80598dad915682a9245\")>\nmethod = <function presence_of_element_located.<locals>._predicate at 0x7fc2e80c6de0>\nmessage = ''\n\n    def until(self, method, message: str = \"\"):\n        \"\"\"Calls the method provided with the driver as an argument until the \\\n        return value does not evaluate to ``False``.\n    \n        :param method: callable(WebDriver)\n        :param message: optional message for :exc:`TimeoutException`\n        :returns: the result of the last call to `method`\n        :raises: :exc:`selenium.common.exceptions.TimeoutException` if timeout occurs\n        \"\"\"\n        screen = None\n        stacktrace = None\n    \n        end_time = time.monotonic() + self._timeout\n        while True:\n            try:\n                value = method(self._driver)\n                if value:\n                    return value\n            except self._ignored_exceptions as exc:\n                screen = getattr(exc, \"screen\", None)\n                stacktrace = getattr(exc, \"stacktrace\", None)\n            time.sleep(self._poll)\n            if time.monotonic() > end_time:\n                break\n>       raise TimeoutException(message, screen, stacktrace)\nE       selenium.common.exceptions.TimeoutException: Message: \nE       Stacktrace:\nE       #0 0x5612bfe917ca <unknown>\nE       #1 0x5612bf9892f0 <unknown>\nE       #2 0x5612bf9d9035 <unknown>\nE       #3 0x5612bf9d9251 <unknown>\nE       #4 0x5612bfa1f054 <unknown>\nE       #5 0x5612bf9fd9dd <unknown>\nE       #6 0x5612bfa1c3b3 <unknown>\nE       #7 0x5612bf9fd753 <unknown>\nE       #8 0x5612bf9cabaa <unknown>\nE       #9 0x5612bf9cbdfe <unknown>\nE       #10 0x5612bfe5c38b <unknown>\nE       #11 0x5612bfe60307 <unknown>\nE       #12 0x5612bfe48e7c <unknown>\nE       #13 0x5612bfe60ec7 <unknown>\nE       #14 0x5612bfe2d24f <unknown>\nE       #15 0x5612bfe802f8 <unknown>\nE       #16 0x5612bfe804c0 <unknown>\nE       #17 0x5612bfe90646 <unknown>\nE       #18 0x7f142409ca94 <unknown>\nE       #19 0x7f1424129c3c <unknown>\n\n/opt/hostedtoolcache/Python/3.11.11/x64/lib/python3.11/site-packages/selenium/webdriver/support/wait.py:95: TimeoutException",
    "steps" : [ {
      "name" : "Check Forgot Your Password note is visible",
      "time" : {
        "start" : 1737855238519,
        "stop" : 1737855243637,
        "duration" : 5118
      },
      "status" : "broken",
      "statusMessage" : "selenium.common.exceptions.TimeoutException: Message: \nStacktrace:\n#0 0x5612bfe917ca <unknown>\n#1 0x5612bf9892f0 <unknown>\n#2 0x5612bf9d9035 <unknown>\n#3 0x5612bf9d9251 <unknown>\n#4 0x5612bfa1f054 <unknown>\n#5 0x5612bf9fd9dd <unknown>\n#6 0x5612bfa1c3b3 <unknown>\n#7 0x5612bf9fd753 <unknown>\n#8 0x5612bf9cabaa <unknown>\n#9 0x5612bf9cbdfe <unknown>\n#10 0x5612bfe5c38b <unknown>\n#11 0x5612bfe60307 <unknown>\n#12 0x5612bfe48e7c <unknown>\n#13 0x5612bfe60ec7 <unknown>\n#14 0x5612bfe2d24f <unknown>\n#15 0x5612bfe802f8 <unknown>\n#16 0x5612bfe804c0 <unknown>\n#17 0x5612bfe90646 <unknown>\n#18 0x7f142409ca94 <unknown>\n#19 0x7f1424129c3c <unknown>\n\n",
      "statusTrace" : "  File \"/opt/hostedtoolcache/Python/3.11.11/x64/lib/python3.11/site-packages/allure_commons/_allure.py\", line 192, in impl\n    return func(*a, **kw)\n           ^^^^^^^^^^^^^^\n  File \"/home/runner/work/luma_project/luma_project/pages/forgot_your_password_page.py\", line 19, in check_forgot_your_psw_note\n    return self.element_is_visible(self.locators.FORGOT_YOUR_PASSWORD_NOTE)\n           ^^^^^^^^^^^^^^^^^^^^^^^^^^^^^^^^^^^^^^^^^^^^^^^^^^^^^^^^^^^^^^^^\n  File \"/opt/hostedtoolcache/Python/3.11.11/x64/lib/python3.11/site-packages/allure_commons/_allure.py\", line 192, in impl\n    return func(*a, **kw)\n           ^^^^^^^^^^^^^^\n  File \"/home/runner/work/luma_project/luma_project/pages/base_page.py\", line 29, in element_is_visible\n    self.go_to_element(self.element_is_present(locator))\n                       ^^^^^^^^^^^^^^^^^^^^^^^^^^^^^^^^\n  File \"/opt/hostedtoolcache/Python/3.11.11/x64/lib/python3.11/site-packages/allure_commons/_allure.py\", line 192, in impl\n    return func(*a, **kw)\n           ^^^^^^^^^^^^^^\n  File \"/home/runner/work/luma_project/luma_project/pages/base_page.py\", line 50, in element_is_present\n    return wait(self.driver, timeout).until(EC.presence_of_element_located(locator))\n           ^^^^^^^^^^^^^^^^^^^^^^^^^^^^^^^^^^^^^^^^^^^^^^^^^^^^^^^^^^^^^^^^^^^^^^^^^\n  File \"/opt/hostedtoolcache/Python/3.11.11/x64/lib/python3.11/site-packages/selenium/webdriver/support/wait.py\", line 95, in until\n    raise TimeoutException(message, screen, stacktrace)\n",
      "steps" : [ {
        "name" : "Find a visible element",
        "time" : {
          "start" : 1737855238519,
          "stop" : 1737855243637,
          "duration" : 5118
        },
        "status" : "broken",
        "statusMessage" : "selenium.common.exceptions.TimeoutException: Message: \nStacktrace:\n#0 0x5612bfe917ca <unknown>\n#1 0x5612bf9892f0 <unknown>\n#2 0x5612bf9d9035 <unknown>\n#3 0x5612bf9d9251 <unknown>\n#4 0x5612bfa1f054 <unknown>\n#5 0x5612bf9fd9dd <unknown>\n#6 0x5612bfa1c3b3 <unknown>\n#7 0x5612bf9fd753 <unknown>\n#8 0x5612bf9cabaa <unknown>\n#9 0x5612bf9cbdfe <unknown>\n#10 0x5612bfe5c38b <unknown>\n#11 0x5612bfe60307 <unknown>\n#12 0x5612bfe48e7c <unknown>\n#13 0x5612bfe60ec7 <unknown>\n#14 0x5612bfe2d24f <unknown>\n#15 0x5612bfe802f8 <unknown>\n#16 0x5612bfe804c0 <unknown>\n#17 0x5612bfe90646 <unknown>\n#18 0x7f142409ca94 <unknown>\n#19 0x7f1424129c3c <unknown>\n\n",
        "statusTrace" : "  File \"/opt/hostedtoolcache/Python/3.11.11/x64/lib/python3.11/site-packages/allure_commons/_allure.py\", line 192, in impl\n    return func(*a, **kw)\n           ^^^^^^^^^^^^^^\n  File \"/home/runner/work/luma_project/luma_project/pages/base_page.py\", line 29, in element_is_visible\n    self.go_to_element(self.element_is_present(locator))\n                       ^^^^^^^^^^^^^^^^^^^^^^^^^^^^^^^^\n  File \"/opt/hostedtoolcache/Python/3.11.11/x64/lib/python3.11/site-packages/allure_commons/_allure.py\", line 192, in impl\n    return func(*a, **kw)\n           ^^^^^^^^^^^^^^\n  File \"/home/runner/work/luma_project/luma_project/pages/base_page.py\", line 50, in element_is_present\n    return wait(self.driver, timeout).until(EC.presence_of_element_located(locator))\n           ^^^^^^^^^^^^^^^^^^^^^^^^^^^^^^^^^^^^^^^^^^^^^^^^^^^^^^^^^^^^^^^^^^^^^^^^^\n  File \"/opt/hostedtoolcache/Python/3.11.11/x64/lib/python3.11/site-packages/selenium/webdriver/support/wait.py\", line 95, in until\n    raise TimeoutException(message, screen, stacktrace)\n",
        "steps" : [ {
          "name" : "Find a present element",
          "time" : {
            "start" : 1737855238519,
            "stop" : 1737855243636,
            "duration" : 5117
          },
          "status" : "broken",
          "statusMessage" : "selenium.common.exceptions.TimeoutException: Message: \nStacktrace:\n#0 0x5612bfe917ca <unknown>\n#1 0x5612bf9892f0 <unknown>\n#2 0x5612bf9d9035 <unknown>\n#3 0x5612bf9d9251 <unknown>\n#4 0x5612bfa1f054 <unknown>\n#5 0x5612bf9fd9dd <unknown>\n#6 0x5612bfa1c3b3 <unknown>\n#7 0x5612bf9fd753 <unknown>\n#8 0x5612bf9cabaa <unknown>\n#9 0x5612bf9cbdfe <unknown>\n#10 0x5612bfe5c38b <unknown>\n#11 0x5612bfe60307 <unknown>\n#12 0x5612bfe48e7c <unknown>\n#13 0x5612bfe60ec7 <unknown>\n#14 0x5612bfe2d24f <unknown>\n#15 0x5612bfe802f8 <unknown>\n#16 0x5612bfe804c0 <unknown>\n#17 0x5612bfe90646 <unknown>\n#18 0x7f142409ca94 <unknown>\n#19 0x7f1424129c3c <unknown>\n\n",
          "statusTrace" : "  File \"/opt/hostedtoolcache/Python/3.11.11/x64/lib/python3.11/site-packages/allure_commons/_allure.py\", line 192, in impl\n    return func(*a, **kw)\n           ^^^^^^^^^^^^^^\n  File \"/home/runner/work/luma_project/luma_project/pages/base_page.py\", line 50, in element_is_present\n    return wait(self.driver, timeout).until(EC.presence_of_element_located(locator))\n           ^^^^^^^^^^^^^^^^^^^^^^^^^^^^^^^^^^^^^^^^^^^^^^^^^^^^^^^^^^^^^^^^^^^^^^^^^\n  File \"/opt/hostedtoolcache/Python/3.11.11/x64/lib/python3.11/site-packages/selenium/webdriver/support/wait.py\", line 95, in until\n    raise TimeoutException(message, screen, stacktrace)\n",
          "steps" : [ ],
          "attachments" : [ ],
          "parameters" : [ {
            "name" : "locator",
            "value" : "('css selector', 'div.field.note')"
          }, {
            "name" : "timeout",
            "value" : "5"
          } ],
          "stepsCount" : 0,
          "attachmentsCount" : 0,
          "shouldDisplayMessage" : true,
          "hasContent" : true
        } ],
        "attachments" : [ ],
        "parameters" : [ {
          "name" : "locator",
          "value" : "('css selector', 'div.field.note')"
        }, {
          "name" : "timeout",
          "value" : "10"
        } ],
        "stepsCount" : 1,
        "attachmentsCount" : 0,
        "shouldDisplayMessage" : false,
        "hasContent" : true
      } ],
      "attachments" : [ ],
      "parameters" : [ ],
      "stepsCount" : 2,
      "attachmentsCount" : 0,
      "shouldDisplayMessage" : false,
      "hasContent" : true
    } ],
    "attachments" : [ {
      "uid" : "7fc670f66a0ca453",
      "name" : "Screenshot",
      "source" : "7fc670f66a0ca453.png",
      "type" : "image/png",
      "size" : 25649
    }, {
      "uid" : "ff3594c1b046387c",
      "name" : "HTML source",
      "source" : "ff3594c1b046387c.html",
      "type" : "text/html",
      "size" : 258809
    } ],
    "parameters" : [ ],
    "stepsCount" : 3,
    "attachmentsCount" : 2,
    "shouldDisplayMessage" : true,
    "hasContent" : true
  },
  "afterStages" : [ {
    "name" : "clear_allure_result_folder::0",
    "time" : {
      "start" : 1737857182853,
      "stop" : 1737857182853,
      "duration" : 0
    },
    "status" : "passed",
    "steps" : [ ],
    "attachments" : [ ],
    "parameters" : [ ],
    "stepsCount" : 0,
    "attachmentsCount" : 0,
    "shouldDisplayMessage" : false,
    "hasContent" : false
  }, {
    "name" : "driver::0",
    "time" : {
      "start" : 1737855243753,
      "stop" : 1737855243817,
      "duration" : 64
    },
    "status" : "passed",
    "steps" : [ ],
    "attachments" : [ ],
    "parameters" : [ ],
    "stepsCount" : 0,
    "attachmentsCount" : 0,
    "shouldDisplayMessage" : false,
    "hasContent" : false
  } ],
  "labels" : [ {
    "name" : "epic",
    "value" : "Forgot Your Password Page"
  }, {
    "name" : "parentSuite",
    "value" : "tests"
  }, {
    "name" : "suite",
    "value" : "test_forgot_your_password"
  }, {
    "name" : "subSuite",
    "value" : "TestForgotYourPassword"
  }, {
    "name" : "host",
    "value" : "fv-az1922-652"
  }, {
    "name" : "thread",
    "value" : "2797-MainThread"
  }, {
    "name" : "framework",
    "value" : "pytest"
  }, {
    "name" : "language",
    "value" : "cpython3"
  }, {
    "name" : "package",
    "value" : "tests.test_forgot_your_password"
  }, {
    "name" : "resultFormat",
    "value" : "allure2"
  } ],
  "parameters" : [ ],
  "links" : [ ],
  "hidden" : false,
  "retry" : false,
  "extra" : {
    "severity" : "normal",
    "retries" : [ ],
    "categories" : [ {
      "name" : "Test defects",
      "matchedStatuses" : [ ],
      "flaky" : false
    } ],
    "tags" : [ ]
  },
  "source" : "5a1b9cc651f4a241.json",
  "parameterValues" : [ ]
}