{
  "uid" : "65a6d80a576a845e",
  "name" : "TC 13.01.52 - Check if block 3 'home-erin' in section 2 is clickablein the Promo Block on the main page",
  "fullName" : "tests.test_main_page.TestPromoBlock#test_tc_13_01_52_check_section2_block3_clickability",
  "historyId" : "2dd6059093f3a778171c7c1f2bca6ca4",
  "time" : {
    "start" : 1739065767241,
    "stop" : 1739065773809,
    "duration" : 6568
  },
  "description" : "This test checks if block 3 'home-erin' in section 2 in Promo Block under header is clickable",
  "descriptionHtml" : "<p>This test checks if block 3 'home-erin' in section 2 in Promo Block under header is clickable</p>\n",
  "status" : "broken",
  "statusMessage" : "selenium.common.exceptions.TimeoutException: Message: \nStacktrace:\n#0 0x561d720b253a <unknown>\n#1 0x561d71badf00 <unknown>\n#2 0x561d71bfdc0c <unknown>\n#3 0x561d71bfde31 <unknown>\n#4 0x561d71c43bd4 <unknown>\n#5 0x561d71c225cd <unknown>\n#6 0x561d71c40f84 <unknown>\n#7 0x561d71c22343 <unknown>\n#8 0x561d71bef78a <unknown>\n#9 0x561d71bf09de <unknown>\n#10 0x561d7207c2cb <unknown>\n#11 0x561d72080242 <unknown>\n#12 0x561d720697ac <unknown>\n#13 0x561d72080df7 <unknown>\n#14 0x561d7204db2f <unknown>\n#15 0x561d720a11a8 <unknown>\n#16 0x561d720a1370 <unknown>\n#17 0x561d720b13b6 <unknown>\n#18 0x7f91d4c9ca94 <unknown>\n#19 0x7f91d4d29c3c <unknown>",
  "statusTrace" : "self = <test_main_page.TestMainPage.TestPromoBlock object at 0x7fd456d8b750>\ndriver = <selenium.webdriver.chrome.webdriver.WebDriver (session=\"7400a54601f1d9b7cd283f4170c95729\")>\n\n    @allure.title(\"TC 13.01.52 - Check if block 3 'home-erin' in section 2 is clickable\"\n                  \"in the Promo Block on the main page\")\n    def test_tc_13_01_52_check_section2_block3_clickability(self, driver):\n        \"\"\"This test checks if block 3 'home-erin' in section 2 in Promo Block under header is clickable\"\"\"\n        page = PromoBlock(driver, MAIN_PAGE_URL)\n        page.open()\n>       section2_block3 = page.check_section2_block3_clickability()\n\ntests/test_main_page.py:663: \n_ _ _ _ _ _ _ _ _ _ _ _ _ _ _ _ _ _ _ _ _ _ _ _ _ _ _ _ _ _ _ _ _ _ _ _ _ _ _ _ \npages/main_page.py:340: in check_section2_block3_clickability\n    section2_block3 = self.element_is_clickable(self.locators.SECTION_2_BLOCK_3)\npages/base_page.py:80: in element_is_clickable\n    return wait(self.driver, timeout).until(EC.element_to_be_clickable(locator))\n_ _ _ _ _ _ _ _ _ _ _ _ _ _ _ _ _ _ _ _ _ _ _ _ _ _ _ _ _ _ _ _ _ _ _ _ _ _ _ _ \n\nself = <selenium.webdriver.support.wait.WebDriverWait (session=\"7400a54601f1d9b7cd283f4170c95729\")>\nmethod = <function element_to_be_clickable.<locals>._predicate at 0x7fd458a5be20>\nmessage = ''\n\n    def until(self, method, message: str = \"\"):\n        \"\"\"Calls the method provided with the driver as an argument until the \\\n        return value does not evaluate to ``False``.\n    \n        :param method: callable(WebDriver)\n        :param message: optional message for :exc:`TimeoutException`\n        :returns: the result of the last call to `method`\n        :raises: :exc:`selenium.common.exceptions.TimeoutException` if timeout occurs\n        \"\"\"\n        screen = None\n        stacktrace = None\n    \n        end_time = time.monotonic() + self._timeout\n        while True:\n            try:\n                value = method(self._driver)\n                if value:\n                    return value\n            except self._ignored_exceptions as exc:\n                screen = getattr(exc, \"screen\", None)\n                stacktrace = getattr(exc, \"stacktrace\", None)\n            time.sleep(self._poll)\n            if time.monotonic() > end_time:\n                break\n>       raise TimeoutException(message, screen, stacktrace)\nE       selenium.common.exceptions.TimeoutException: Message: \nE       Stacktrace:\nE       #0 0x561d720b253a <unknown>\nE       #1 0x561d71badf00 <unknown>\nE       #2 0x561d71bfdc0c <unknown>\nE       #3 0x561d71bfde31 <unknown>\nE       #4 0x561d71c43bd4 <unknown>\nE       #5 0x561d71c225cd <unknown>\nE       #6 0x561d71c40f84 <unknown>\nE       #7 0x561d71c22343 <unknown>\nE       #8 0x561d71bef78a <unknown>\nE       #9 0x561d71bf09de <unknown>\nE       #10 0x561d7207c2cb <unknown>\nE       #11 0x561d72080242 <unknown>\nE       #12 0x561d720697ac <unknown>\nE       #13 0x561d72080df7 <unknown>\nE       #14 0x561d7204db2f <unknown>\nE       #15 0x561d720a11a8 <unknown>\nE       #16 0x561d720a1370 <unknown>\nE       #17 0x561d720b13b6 <unknown>\nE       #18 0x7f91d4c9ca94 <unknown>\nE       #19 0x7f91d4d29c3c <unknown>\n\n/opt/hostedtoolcache/Python/3.11.11/x64/lib/python3.11/site-packages/selenium/webdriver/support/wait.py:95: TimeoutException",
  "flaky" : false,
  "newFailed" : false,
  "beforeStages" : [ {
    "name" : "clear_allure_result_folder",
    "time" : {
      "start" : 1739064926805,
      "stop" : 1739064926805,
      "duration" : 0
    },
    "status" : "passed",
    "steps" : [ ],
    "attachments" : [ ],
    "parameters" : [ ],
    "stepsCount" : 0,
    "attachmentsCount" : 0,
    "shouldDisplayMessage" : false,
    "hasContent" : false
  }, {
    "name" : "_session_faker",
    "time" : {
      "start" : 1739064926740,
      "stop" : 1739064926805,
      "duration" : 65
    },
    "status" : "passed",
    "steps" : [ ],
    "attachments" : [ ],
    "parameters" : [ ],
    "stepsCount" : 0,
    "attachmentsCount" : 0,
    "shouldDisplayMessage" : false,
    "hasContent" : false
  }, {
    "name" : "driver",
    "time" : {
      "start" : 1739065765968,
      "stop" : 1739065767240,
      "duration" : 1272
    },
    "status" : "passed",
    "steps" : [ ],
    "attachments" : [ ],
    "parameters" : [ ],
    "stepsCount" : 0,
    "attachmentsCount" : 0,
    "shouldDisplayMessage" : false,
    "hasContent" : false
  } ],
  "testStage" : {
    "description" : "This test checks if block 3 'home-erin' in section 2 in Promo Block under header is clickable",
    "status" : "broken",
    "statusMessage" : "selenium.common.exceptions.TimeoutException: Message: \nStacktrace:\n#0 0x561d720b253a <unknown>\n#1 0x561d71badf00 <unknown>\n#2 0x561d71bfdc0c <unknown>\n#3 0x561d71bfde31 <unknown>\n#4 0x561d71c43bd4 <unknown>\n#5 0x561d71c225cd <unknown>\n#6 0x561d71c40f84 <unknown>\n#7 0x561d71c22343 <unknown>\n#8 0x561d71bef78a <unknown>\n#9 0x561d71bf09de <unknown>\n#10 0x561d7207c2cb <unknown>\n#11 0x561d72080242 <unknown>\n#12 0x561d720697ac <unknown>\n#13 0x561d72080df7 <unknown>\n#14 0x561d7204db2f <unknown>\n#15 0x561d720a11a8 <unknown>\n#16 0x561d720a1370 <unknown>\n#17 0x561d720b13b6 <unknown>\n#18 0x7f91d4c9ca94 <unknown>\n#19 0x7f91d4d29c3c <unknown>",
    "statusTrace" : "self = <test_main_page.TestMainPage.TestPromoBlock object at 0x7fd456d8b750>\ndriver = <selenium.webdriver.chrome.webdriver.WebDriver (session=\"7400a54601f1d9b7cd283f4170c95729\")>\n\n    @allure.title(\"TC 13.01.52 - Check if block 3 'home-erin' in section 2 is clickable\"\n                  \"in the Promo Block on the main page\")\n    def test_tc_13_01_52_check_section2_block3_clickability(self, driver):\n        \"\"\"This test checks if block 3 'home-erin' in section 2 in Promo Block under header is clickable\"\"\"\n        page = PromoBlock(driver, MAIN_PAGE_URL)\n        page.open()\n>       section2_block3 = page.check_section2_block3_clickability()\n\ntests/test_main_page.py:663: \n_ _ _ _ _ _ _ _ _ _ _ _ _ _ _ _ _ _ _ _ _ _ _ _ _ _ _ _ _ _ _ _ _ _ _ _ _ _ _ _ \npages/main_page.py:340: in check_section2_block3_clickability\n    section2_block3 = self.element_is_clickable(self.locators.SECTION_2_BLOCK_3)\npages/base_page.py:80: in element_is_clickable\n    return wait(self.driver, timeout).until(EC.element_to_be_clickable(locator))\n_ _ _ _ _ _ _ _ _ _ _ _ _ _ _ _ _ _ _ _ _ _ _ _ _ _ _ _ _ _ _ _ _ _ _ _ _ _ _ _ \n\nself = <selenium.webdriver.support.wait.WebDriverWait (session=\"7400a54601f1d9b7cd283f4170c95729\")>\nmethod = <function element_to_be_clickable.<locals>._predicate at 0x7fd458a5be20>\nmessage = ''\n\n    def until(self, method, message: str = \"\"):\n        \"\"\"Calls the method provided with the driver as an argument until the \\\n        return value does not evaluate to ``False``.\n    \n        :param method: callable(WebDriver)\n        :param message: optional message for :exc:`TimeoutException`\n        :returns: the result of the last call to `method`\n        :raises: :exc:`selenium.common.exceptions.TimeoutException` if timeout occurs\n        \"\"\"\n        screen = None\n        stacktrace = None\n    \n        end_time = time.monotonic() + self._timeout\n        while True:\n            try:\n                value = method(self._driver)\n                if value:\n                    return value\n            except self._ignored_exceptions as exc:\n                screen = getattr(exc, \"screen\", None)\n                stacktrace = getattr(exc, \"stacktrace\", None)\n            time.sleep(self._poll)\n            if time.monotonic() > end_time:\n                break\n>       raise TimeoutException(message, screen, stacktrace)\nE       selenium.common.exceptions.TimeoutException: Message: \nE       Stacktrace:\nE       #0 0x561d720b253a <unknown>\nE       #1 0x561d71badf00 <unknown>\nE       #2 0x561d71bfdc0c <unknown>\nE       #3 0x561d71bfde31 <unknown>\nE       #4 0x561d71c43bd4 <unknown>\nE       #5 0x561d71c225cd <unknown>\nE       #6 0x561d71c40f84 <unknown>\nE       #7 0x561d71c22343 <unknown>\nE       #8 0x561d71bef78a <unknown>\nE       #9 0x561d71bf09de <unknown>\nE       #10 0x561d7207c2cb <unknown>\nE       #11 0x561d72080242 <unknown>\nE       #12 0x561d720697ac <unknown>\nE       #13 0x561d72080df7 <unknown>\nE       #14 0x561d7204db2f <unknown>\nE       #15 0x561d720a11a8 <unknown>\nE       #16 0x561d720a1370 <unknown>\nE       #17 0x561d720b13b6 <unknown>\nE       #18 0x7f91d4c9ca94 <unknown>\nE       #19 0x7f91d4d29c3c <unknown>\n\n/opt/hostedtoolcache/Python/3.11.11/x64/lib/python3.11/site-packages/selenium/webdriver/support/wait.py:95: TimeoutException",
    "steps" : [ {
      "name" : "Open a browser",
      "time" : {
        "start" : 1739065767241,
        "stop" : 1739065768495,
        "duration" : 1254
      },
      "status" : "passed",
      "steps" : [ ],
      "attachments" : [ ],
      "parameters" : [ ],
      "stepsCount" : 0,
      "attachmentsCount" : 0,
      "shouldDisplayMessage" : false,
      "hasContent" : false
    }, {
      "name" : "Check clickability of the block 3 'home-erin' in the section 2 in the Promo Block",
      "time" : {
        "start" : 1739065768495,
        "stop" : 1739065773809,
        "duration" : 5314
      },
      "status" : "broken",
      "statusMessage" : "selenium.common.exceptions.TimeoutException: Message: \nStacktrace:\n#0 0x561d720b253a <unknown>\n#1 0x561d71badf00 <unknown>\n#2 0x561d71bfdc0c <unknown>\n#3 0x561d71bfde31 <unknown>\n#4 0x561d71c43bd4 <unknown>\n#5 0x561d71c225cd <unknown>\n#6 0x561d71c40f84 <unknown>\n#7 0x561d71c22343 <unknown>\n#8 0x561d71bef78a <unknown>\n#9 0x561d71bf09de <unknown>\n#10 0x561d7207c2cb <unknown>\n#11 0x561d72080242 <unknown>\n#12 0x561d720697ac <unknown>\n#13 0x561d72080df7 <unknown>\n#14 0x561d7204db2f <unknown>\n#15 0x561d720a11a8 <unknown>\n#16 0x561d720a1370 <unknown>\n#17 0x561d720b13b6 <unknown>\n#18 0x7f91d4c9ca94 <unknown>\n#19 0x7f91d4d29c3c <unknown>\n\n",
      "statusTrace" : "  File \"/opt/hostedtoolcache/Python/3.11.11/x64/lib/python3.11/site-packages/allure_commons/_allure.py\", line 192, in impl\n    return func(*a, **kw)\n           ^^^^^^^^^^^^^^\n  File \"/home/runner/work/luma_project/luma_project/pages/main_page.py\", line 340, in check_section2_block3_clickability\n    section2_block3 = self.element_is_clickable(self.locators.SECTION_2_BLOCK_3)\n                      ^^^^^^^^^^^^^^^^^^^^^^^^^^^^^^^^^^^^^^^^^^^^^^^^^^^^^^^^^^\n  File \"/opt/hostedtoolcache/Python/3.11.11/x64/lib/python3.11/site-packages/allure_commons/_allure.py\", line 192, in impl\n    return func(*a, **kw)\n           ^^^^^^^^^^^^^^\n  File \"/home/runner/work/luma_project/luma_project/pages/base_page.py\", line 80, in element_is_clickable\n    return wait(self.driver, timeout).until(EC.element_to_be_clickable(locator))\n           ^^^^^^^^^^^^^^^^^^^^^^^^^^^^^^^^^^^^^^^^^^^^^^^^^^^^^^^^^^^^^^^^^^^^^\n  File \"/opt/hostedtoolcache/Python/3.11.11/x64/lib/python3.11/site-packages/selenium/webdriver/support/wait.py\", line 95, in until\n    raise TimeoutException(message, screen, stacktrace)\n",
      "steps" : [ {
        "name" : "Find clickable elements",
        "time" : {
          "start" : 1739065768495,
          "stop" : 1739065773808,
          "duration" : 5313
        },
        "status" : "broken",
        "statusMessage" : "selenium.common.exceptions.TimeoutException: Message: \nStacktrace:\n#0 0x561d720b253a <unknown>\n#1 0x561d71badf00 <unknown>\n#2 0x561d71bfdc0c <unknown>\n#3 0x561d71bfde31 <unknown>\n#4 0x561d71c43bd4 <unknown>\n#5 0x561d71c225cd <unknown>\n#6 0x561d71c40f84 <unknown>\n#7 0x561d71c22343 <unknown>\n#8 0x561d71bef78a <unknown>\n#9 0x561d71bf09de <unknown>\n#10 0x561d7207c2cb <unknown>\n#11 0x561d72080242 <unknown>\n#12 0x561d720697ac <unknown>\n#13 0x561d72080df7 <unknown>\n#14 0x561d7204db2f <unknown>\n#15 0x561d720a11a8 <unknown>\n#16 0x561d720a1370 <unknown>\n#17 0x561d720b13b6 <unknown>\n#18 0x7f91d4c9ca94 <unknown>\n#19 0x7f91d4d29c3c <unknown>\n\n",
        "statusTrace" : "  File \"/opt/hostedtoolcache/Python/3.11.11/x64/lib/python3.11/site-packages/allure_commons/_allure.py\", line 192, in impl\n    return func(*a, **kw)\n           ^^^^^^^^^^^^^^\n  File \"/home/runner/work/luma_project/luma_project/pages/base_page.py\", line 80, in element_is_clickable\n    return wait(self.driver, timeout).until(EC.element_to_be_clickable(locator))\n           ^^^^^^^^^^^^^^^^^^^^^^^^^^^^^^^^^^^^^^^^^^^^^^^^^^^^^^^^^^^^^^^^^^^^^\n  File \"/opt/hostedtoolcache/Python/3.11.11/x64/lib/python3.11/site-packages/selenium/webdriver/support/wait.py\", line 95, in until\n    raise TimeoutException(message, screen, stacktrace)\n",
        "steps" : [ ],
        "attachments" : [ ],
        "parameters" : [ {
          "name" : "locator",
          "value" : "('css selector', '.home-erin')"
        }, {
          "name" : "timeout",
          "value" : "5"
        } ],
        "stepsCount" : 0,
        "attachmentsCount" : 0,
        "shouldDisplayMessage" : true,
        "hasContent" : true
      } ],
      "attachments" : [ ],
      "parameters" : [ ],
      "stepsCount" : 1,
      "attachmentsCount" : 0,
      "shouldDisplayMessage" : false,
      "hasContent" : true
    } ],
    "attachments" : [ {
      "uid" : "2fbedba19de53c89",
      "name" : "Screenshot",
      "source" : "2fbedba19de53c89.png",
      "type" : "image/png",
      "size" : 548028
    }, {
      "uid" : "befff88f7ce720ff",
      "name" : "HTML source",
      "source" : "befff88f7ce720ff.html",
      "type" : "text/html",
      "size" : 145511
    } ],
    "parameters" : [ ],
    "stepsCount" : 3,
    "attachmentsCount" : 2,
    "shouldDisplayMessage" : true,
    "hasContent" : true
  },
  "afterStages" : [ {
    "name" : "clear_allure_result_folder::0",
    "time" : {
      "start" : 1739066439675,
      "stop" : 1739066439675,
      "duration" : 0
    },
    "status" : "passed",
    "steps" : [ ],
    "attachments" : [ ],
    "parameters" : [ ],
    "stepsCount" : 0,
    "attachmentsCount" : 0,
    "shouldDisplayMessage" : false,
    "hasContent" : false
  }, {
    "name" : "driver::0",
    "time" : {
      "start" : 1739065774364,
      "stop" : 1739065774481,
      "duration" : 117
    },
    "status" : "passed",
    "steps" : [ ],
    "attachments" : [ ],
    "parameters" : [ ],
    "stepsCount" : 0,
    "attachmentsCount" : 0,
    "shouldDisplayMessage" : false,
    "hasContent" : false
  } ],
  "labels" : [ {
    "name" : "feature",
    "value" : "Promo Block Testing"
  }, {
    "name" : "epic",
    "value" : "Main Page"
  }, {
    "name" : "parentSuite",
    "value" : "tests"
  }, {
    "name" : "suite",
    "value" : "test_main_page"
  }, {
    "name" : "subSuite",
    "value" : "TestMainPage"
  }, {
    "name" : "host",
    "value" : "fv-az2032-678"
  }, {
    "name" : "thread",
    "value" : "2808-MainThread"
  }, {
    "name" : "framework",
    "value" : "pytest"
  }, {
    "name" : "language",
    "value" : "cpython3"
  }, {
    "name" : "package",
    "value" : "tests.test_main_page"
  }, {
    "name" : "resultFormat",
    "value" : "allure2"
  } ],
  "parameters" : [ ],
  "links" : [ ],
  "hidden" : false,
  "retry" : false,
  "extra" : {
    "severity" : "normal",
    "retries" : [ ],
    "categories" : [ {
      "name" : "Test defects",
      "matchedStatuses" : [ ],
      "flaky" : false
    } ],
    "tags" : [ ]
  },
  "source" : "65a6d80a576a845e.json",
  "parameterValues" : [ ]
}