{
  "uid" : "6dd37884a4cce005",
  "name" : "TC 13.01.22 - Check the display of the info block in block 2 't-shirts' in the Promo Block",
  "fullName" : "tests.test_main_page.TestPromoBlock#test_tc_13_01_22_check_info_block_in_section2_block2",
  "historyId" : "342a5116c5ce3ed94bdd5e7be25b86c8",
  "time" : {
    "start" : 1737251175252,
    "stop" : 1737251181781,
    "duration" : 6529
  },
  "description" : "This test checks if info block in section 2 block 2 'home-t-shirts' is displayed\n            in the Promo Block under header on the main page",
  "descriptionHtml" : "<p>This test checks if info block in section 2 block 2 'home-t-shirts' is displayed\nin the Promo Block under header on the main page</p>\n",
  "status" : "broken",
  "statusMessage" : "selenium.common.exceptions.TimeoutException: Message: \nStacktrace:\n#0 0x5617dd5cd8fa <unknown>\n#1 0x5617dd0ded20 <unknown>\n#2 0x5617dd12da66 <unknown>\n#3 0x5617dd12dd01 <unknown>\n#4 0x5617dd173184 <unknown>\n#5 0x5617dd151b1d <unknown>\n#6 0x5617dd170560 <unknown>\n#7 0x5617dd151893 <unknown>\n#8 0x5617dd12030d <unknown>\n#9 0x5617dd12132e <unknown>\n#10 0x5617dd59a00b <unknown>\n#11 0x5617dd59df97 <unknown>\n#12 0x5617dd58671c <unknown>\n#13 0x5617dd59eb17 <unknown>\n#14 0x5617dd56b6cf <unknown>\n#15 0x5617dd5bc6b8 <unknown>\n#16 0x5617dd5bc880 <unknown>\n#17 0x5617dd5cc776 <unknown>\n#18 0x7f43bec9ca94 <unknown>\n#19 0x7f43bed29c3c <unknown>",
  "statusTrace" : "self = <test_main_page.TestMainPage.TestPromoBlock object at 0x7f3ebe09f290>\ndriver = <selenium.webdriver.chrome.webdriver.WebDriver (session=\"2e8c0adec416e366d5b686ffdffd300c\")>\n\n    @allure.title(\"TC 13.01.22 - Check the display of the info block in block 2 't-shirts' in the Promo Block\")\n    def test_tc_13_01_22_check_info_block_in_section2_block2(self, driver):\n        \"\"\"This test checks if info block in section 2 block 2 'home-t-shirts' is displayed\n        in the Promo Block under header on the main page\"\"\"\n        page = PromoBlock(driver, MAIN_PAGE_URL)\n        page.open()\n>       assert page.element_is_visible(self.locators.SECTION_2_BLOCK_2_INFO_BLOCK), \\\n            \"The info block in section 2 block 2 under header is invisible on the Main Page\"\n\ntests/test_main_page.py:321: \n_ _ _ _ _ _ _ _ _ _ _ _ _ _ _ _ _ _ _ _ _ _ _ _ _ _ _ _ _ _ _ _ _ _ _ _ _ _ _ _ \npages/base_page.py:29: in element_is_visible\n    self.go_to_element(self.element_is_present(locator))\npages/base_page.py:50: in element_is_present\n    return wait(self.driver, timeout).until(EC.presence_of_element_located(locator))\n_ _ _ _ _ _ _ _ _ _ _ _ _ _ _ _ _ _ _ _ _ _ _ _ _ _ _ _ _ _ _ _ _ _ _ _ _ _ _ _ \n\nself = <selenium.webdriver.support.wait.WebDriverWait (session=\"2e8c0adec416e366d5b686ffdffd300c\")>\nmethod = <function presence_of_element_located.<locals>._predicate at 0x7f3ebfd02840>\nmessage = ''\n\n    def until(self, method, message: str = \"\"):\n        \"\"\"Calls the method provided with the driver as an argument until the \\\n        return value does not evaluate to ``False``.\n    \n        :param method: callable(WebDriver)\n        :param message: optional message for :exc:`TimeoutException`\n        :returns: the result of the last call to `method`\n        :raises: :exc:`selenium.common.exceptions.TimeoutException` if timeout occurs\n        \"\"\"\n        screen = None\n        stacktrace = None\n    \n        end_time = time.monotonic() + self._timeout\n        while True:\n            try:\n                value = method(self._driver)\n                if value:\n                    return value\n            except self._ignored_exceptions as exc:\n                screen = getattr(exc, \"screen\", None)\n                stacktrace = getattr(exc, \"stacktrace\", None)\n            time.sleep(self._poll)\n            if time.monotonic() > end_time:\n                break\n>       raise TimeoutException(message, screen, stacktrace)\nE       selenium.common.exceptions.TimeoutException: Message: \nE       Stacktrace:\nE       #0 0x5617dd5cd8fa <unknown>\nE       #1 0x5617dd0ded20 <unknown>\nE       #2 0x5617dd12da66 <unknown>\nE       #3 0x5617dd12dd01 <unknown>\nE       #4 0x5617dd173184 <unknown>\nE       #5 0x5617dd151b1d <unknown>\nE       #6 0x5617dd170560 <unknown>\nE       #7 0x5617dd151893 <unknown>\nE       #8 0x5617dd12030d <unknown>\nE       #9 0x5617dd12132e <unknown>\nE       #10 0x5617dd59a00b <unknown>\nE       #11 0x5617dd59df97 <unknown>\nE       #12 0x5617dd58671c <unknown>\nE       #13 0x5617dd59eb17 <unknown>\nE       #14 0x5617dd56b6cf <unknown>\nE       #15 0x5617dd5bc6b8 <unknown>\nE       #16 0x5617dd5bc880 <unknown>\nE       #17 0x5617dd5cc776 <unknown>\nE       #18 0x7f43bec9ca94 <unknown>\nE       #19 0x7f43bed29c3c <unknown>\n\n/opt/hostedtoolcache/Python/3.11.11/x64/lib/python3.11/site-packages/selenium/webdriver/support/wait.py:95: TimeoutException",
  "flaky" : false,
  "newFailed" : false,
  "beforeStages" : [ {
    "name" : "driver",
    "time" : {
      "start" : 1737251174045,
      "stop" : 1737251175252,
      "duration" : 1207
    },
    "status" : "passed",
    "steps" : [ ],
    "attachments" : [ ],
    "parameters" : [ ],
    "stepsCount" : 0,
    "attachmentsCount" : 0,
    "shouldDisplayMessage" : false,
    "hasContent" : false
  }, {
    "name" : "_session_faker",
    "time" : {
      "start" : 1737250538752,
      "stop" : 1737250538819,
      "duration" : 67
    },
    "status" : "passed",
    "steps" : [ ],
    "attachments" : [ ],
    "parameters" : [ ],
    "stepsCount" : 0,
    "attachmentsCount" : 0,
    "shouldDisplayMessage" : false,
    "hasContent" : false
  }, {
    "name" : "clear_allure_result_folder",
    "time" : {
      "start" : 1737250538819,
      "stop" : 1737250538819,
      "duration" : 0
    },
    "status" : "passed",
    "steps" : [ ],
    "attachments" : [ ],
    "parameters" : [ ],
    "stepsCount" : 0,
    "attachmentsCount" : 0,
    "shouldDisplayMessage" : false,
    "hasContent" : false
  } ],
  "testStage" : {
    "description" : "This test checks if info block in section 2 block 2 'home-t-shirts' is displayed\n            in the Promo Block under header on the main page",
    "status" : "broken",
    "statusMessage" : "selenium.common.exceptions.TimeoutException: Message: \nStacktrace:\n#0 0x5617dd5cd8fa <unknown>\n#1 0x5617dd0ded20 <unknown>\n#2 0x5617dd12da66 <unknown>\n#3 0x5617dd12dd01 <unknown>\n#4 0x5617dd173184 <unknown>\n#5 0x5617dd151b1d <unknown>\n#6 0x5617dd170560 <unknown>\n#7 0x5617dd151893 <unknown>\n#8 0x5617dd12030d <unknown>\n#9 0x5617dd12132e <unknown>\n#10 0x5617dd59a00b <unknown>\n#11 0x5617dd59df97 <unknown>\n#12 0x5617dd58671c <unknown>\n#13 0x5617dd59eb17 <unknown>\n#14 0x5617dd56b6cf <unknown>\n#15 0x5617dd5bc6b8 <unknown>\n#16 0x5617dd5bc880 <unknown>\n#17 0x5617dd5cc776 <unknown>\n#18 0x7f43bec9ca94 <unknown>\n#19 0x7f43bed29c3c <unknown>",
    "statusTrace" : "self = <test_main_page.TestMainPage.TestPromoBlock object at 0x7f3ebe09f290>\ndriver = <selenium.webdriver.chrome.webdriver.WebDriver (session=\"2e8c0adec416e366d5b686ffdffd300c\")>\n\n    @allure.title(\"TC 13.01.22 - Check the display of the info block in block 2 't-shirts' in the Promo Block\")\n    def test_tc_13_01_22_check_info_block_in_section2_block2(self, driver):\n        \"\"\"This test checks if info block in section 2 block 2 'home-t-shirts' is displayed\n        in the Promo Block under header on the main page\"\"\"\n        page = PromoBlock(driver, MAIN_PAGE_URL)\n        page.open()\n>       assert page.element_is_visible(self.locators.SECTION_2_BLOCK_2_INFO_BLOCK), \\\n            \"The info block in section 2 block 2 under header is invisible on the Main Page\"\n\ntests/test_main_page.py:321: \n_ _ _ _ _ _ _ _ _ _ _ _ _ _ _ _ _ _ _ _ _ _ _ _ _ _ _ _ _ _ _ _ _ _ _ _ _ _ _ _ \npages/base_page.py:29: in element_is_visible\n    self.go_to_element(self.element_is_present(locator))\npages/base_page.py:50: in element_is_present\n    return wait(self.driver, timeout).until(EC.presence_of_element_located(locator))\n_ _ _ _ _ _ _ _ _ _ _ _ _ _ _ _ _ _ _ _ _ _ _ _ _ _ _ _ _ _ _ _ _ _ _ _ _ _ _ _ \n\nself = <selenium.webdriver.support.wait.WebDriverWait (session=\"2e8c0adec416e366d5b686ffdffd300c\")>\nmethod = <function presence_of_element_located.<locals>._predicate at 0x7f3ebfd02840>\nmessage = ''\n\n    def until(self, method, message: str = \"\"):\n        \"\"\"Calls the method provided with the driver as an argument until the \\\n        return value does not evaluate to ``False``.\n    \n        :param method: callable(WebDriver)\n        :param message: optional message for :exc:`TimeoutException`\n        :returns: the result of the last call to `method`\n        :raises: :exc:`selenium.common.exceptions.TimeoutException` if timeout occurs\n        \"\"\"\n        screen = None\n        stacktrace = None\n    \n        end_time = time.monotonic() + self._timeout\n        while True:\n            try:\n                value = method(self._driver)\n                if value:\n                    return value\n            except self._ignored_exceptions as exc:\n                screen = getattr(exc, \"screen\", None)\n                stacktrace = getattr(exc, \"stacktrace\", None)\n            time.sleep(self._poll)\n            if time.monotonic() > end_time:\n                break\n>       raise TimeoutException(message, screen, stacktrace)\nE       selenium.common.exceptions.TimeoutException: Message: \nE       Stacktrace:\nE       #0 0x5617dd5cd8fa <unknown>\nE       #1 0x5617dd0ded20 <unknown>\nE       #2 0x5617dd12da66 <unknown>\nE       #3 0x5617dd12dd01 <unknown>\nE       #4 0x5617dd173184 <unknown>\nE       #5 0x5617dd151b1d <unknown>\nE       #6 0x5617dd170560 <unknown>\nE       #7 0x5617dd151893 <unknown>\nE       #8 0x5617dd12030d <unknown>\nE       #9 0x5617dd12132e <unknown>\nE       #10 0x5617dd59a00b <unknown>\nE       #11 0x5617dd59df97 <unknown>\nE       #12 0x5617dd58671c <unknown>\nE       #13 0x5617dd59eb17 <unknown>\nE       #14 0x5617dd56b6cf <unknown>\nE       #15 0x5617dd5bc6b8 <unknown>\nE       #16 0x5617dd5bc880 <unknown>\nE       #17 0x5617dd5cc776 <unknown>\nE       #18 0x7f43bec9ca94 <unknown>\nE       #19 0x7f43bed29c3c <unknown>\n\n/opt/hostedtoolcache/Python/3.11.11/x64/lib/python3.11/site-packages/selenium/webdriver/support/wait.py:95: TimeoutException",
    "steps" : [ {
      "name" : "Open a browser",
      "time" : {
        "start" : 1737251175253,
        "stop" : 1737251176701,
        "duration" : 1448
      },
      "status" : "passed",
      "steps" : [ ],
      "attachments" : [ ],
      "parameters" : [ ],
      "stepsCount" : 0,
      "attachmentsCount" : 0,
      "shouldDisplayMessage" : false,
      "hasContent" : false
    }, {
      "name" : "Find a visible element",
      "time" : {
        "start" : 1737251176701,
        "stop" : 1737251181781,
        "duration" : 5080
      },
      "status" : "broken",
      "statusMessage" : "selenium.common.exceptions.TimeoutException: Message: \nStacktrace:\n#0 0x5617dd5cd8fa <unknown>\n#1 0x5617dd0ded20 <unknown>\n#2 0x5617dd12da66 <unknown>\n#3 0x5617dd12dd01 <unknown>\n#4 0x5617dd173184 <unknown>\n#5 0x5617dd151b1d <unknown>\n#6 0x5617dd170560 <unknown>\n#7 0x5617dd151893 <unknown>\n#8 0x5617dd12030d <unknown>\n#9 0x5617dd12132e <unknown>\n#10 0x5617dd59a00b <unknown>\n#11 0x5617dd59df97 <unknown>\n#12 0x5617dd58671c <unknown>\n#13 0x5617dd59eb17 <unknown>\n#14 0x5617dd56b6cf <unknown>\n#15 0x5617dd5bc6b8 <unknown>\n#16 0x5617dd5bc880 <unknown>\n#17 0x5617dd5cc776 <unknown>\n#18 0x7f43bec9ca94 <unknown>\n#19 0x7f43bed29c3c <unknown>\n\n",
      "statusTrace" : "  File \"/opt/hostedtoolcache/Python/3.11.11/x64/lib/python3.11/site-packages/allure_commons/_allure.py\", line 192, in impl\n    return func(*a, **kw)\n           ^^^^^^^^^^^^^^\n  File \"/home/runner/work/luma_project/luma_project/pages/base_page.py\", line 29, in element_is_visible\n    self.go_to_element(self.element_is_present(locator))\n                       ^^^^^^^^^^^^^^^^^^^^^^^^^^^^^^^^\n  File \"/opt/hostedtoolcache/Python/3.11.11/x64/lib/python3.11/site-packages/allure_commons/_allure.py\", line 192, in impl\n    return func(*a, **kw)\n           ^^^^^^^^^^^^^^\n  File \"/home/runner/work/luma_project/luma_project/pages/base_page.py\", line 50, in element_is_present\n    return wait(self.driver, timeout).until(EC.presence_of_element_located(locator))\n           ^^^^^^^^^^^^^^^^^^^^^^^^^^^^^^^^^^^^^^^^^^^^^^^^^^^^^^^^^^^^^^^^^^^^^^^^^\n  File \"/opt/hostedtoolcache/Python/3.11.11/x64/lib/python3.11/site-packages/selenium/webdriver/support/wait.py\", line 95, in until\n    raise TimeoutException(message, screen, stacktrace)\n",
      "steps" : [ {
        "name" : "Find a present element",
        "time" : {
          "start" : 1737251176701,
          "stop" : 1737251181780,
          "duration" : 5079
        },
        "status" : "broken",
        "statusMessage" : "selenium.common.exceptions.TimeoutException: Message: \nStacktrace:\n#0 0x5617dd5cd8fa <unknown>\n#1 0x5617dd0ded20 <unknown>\n#2 0x5617dd12da66 <unknown>\n#3 0x5617dd12dd01 <unknown>\n#4 0x5617dd173184 <unknown>\n#5 0x5617dd151b1d <unknown>\n#6 0x5617dd170560 <unknown>\n#7 0x5617dd151893 <unknown>\n#8 0x5617dd12030d <unknown>\n#9 0x5617dd12132e <unknown>\n#10 0x5617dd59a00b <unknown>\n#11 0x5617dd59df97 <unknown>\n#12 0x5617dd58671c <unknown>\n#13 0x5617dd59eb17 <unknown>\n#14 0x5617dd56b6cf <unknown>\n#15 0x5617dd5bc6b8 <unknown>\n#16 0x5617dd5bc880 <unknown>\n#17 0x5617dd5cc776 <unknown>\n#18 0x7f43bec9ca94 <unknown>\n#19 0x7f43bed29c3c <unknown>\n\n",
        "statusTrace" : "  File \"/opt/hostedtoolcache/Python/3.11.11/x64/lib/python3.11/site-packages/allure_commons/_allure.py\", line 192, in impl\n    return func(*a, **kw)\n           ^^^^^^^^^^^^^^\n  File \"/home/runner/work/luma_project/luma_project/pages/base_page.py\", line 50, in element_is_present\n    return wait(self.driver, timeout).until(EC.presence_of_element_located(locator))\n           ^^^^^^^^^^^^^^^^^^^^^^^^^^^^^^^^^^^^^^^^^^^^^^^^^^^^^^^^^^^^^^^^^^^^^^^^^\n  File \"/opt/hostedtoolcache/Python/3.11.11/x64/lib/python3.11/site-packages/selenium/webdriver/support/wait.py\", line 95, in until\n    raise TimeoutException(message, screen, stacktrace)\n",
        "steps" : [ ],
        "attachments" : [ ],
        "parameters" : [ {
          "name" : "locator",
          "value" : "('css selector', '.home-t-shirts .content')"
        }, {
          "name" : "timeout",
          "value" : "5"
        } ],
        "stepsCount" : 0,
        "attachmentsCount" : 0,
        "shouldDisplayMessage" : true,
        "hasContent" : true
      } ],
      "attachments" : [ ],
      "parameters" : [ {
        "name" : "locator",
        "value" : "('css selector', '.home-t-shirts .content')"
      }, {
        "name" : "timeout",
        "value" : "10"
      } ],
      "stepsCount" : 1,
      "attachmentsCount" : 0,
      "shouldDisplayMessage" : false,
      "hasContent" : true
    } ],
    "attachments" : [ {
      "uid" : "da221a241bf6fb85",
      "name" : "Screenshot",
      "source" : "da221a241bf6fb85.png",
      "type" : "image/png",
      "size" : 548028
    }, {
      "uid" : "7d53dedfcd6ceb0d",
      "name" : "HTML source",
      "source" : "7d53dedfcd6ceb0d.html",
      "type" : "text/html",
      "size" : 144947
    } ],
    "parameters" : [ ],
    "stepsCount" : 3,
    "attachmentsCount" : 2,
    "shouldDisplayMessage" : true,
    "hasContent" : true
  },
  "afterStages" : [ {
    "name" : "driver::0",
    "time" : {
      "start" : 1737251182279,
      "stop" : 1737251182391,
      "duration" : 112
    },
    "status" : "passed",
    "steps" : [ ],
    "attachments" : [ ],
    "parameters" : [ ],
    "stepsCount" : 0,
    "attachmentsCount" : 0,
    "shouldDisplayMessage" : false,
    "hasContent" : false
  }, {
    "name" : "clear_allure_result_folder::0",
    "time" : {
      "start" : 1737251969857,
      "stop" : 1737251969857,
      "duration" : 0
    },
    "status" : "passed",
    "steps" : [ ],
    "attachments" : [ ],
    "parameters" : [ ],
    "stepsCount" : 0,
    "attachmentsCount" : 0,
    "shouldDisplayMessage" : false,
    "hasContent" : false
  } ],
  "labels" : [ {
    "name" : "epic",
    "value" : "Main Page"
  }, {
    "name" : "feature",
    "value" : "Promo Block Testing"
  }, {
    "name" : "parentSuite",
    "value" : "tests"
  }, {
    "name" : "suite",
    "value" : "test_main_page"
  }, {
    "name" : "subSuite",
    "value" : "TestMainPage"
  }, {
    "name" : "host",
    "value" : "fv-az1959-184"
  }, {
    "name" : "thread",
    "value" : "2788-MainThread"
  }, {
    "name" : "framework",
    "value" : "pytest"
  }, {
    "name" : "language",
    "value" : "cpython3"
  }, {
    "name" : "package",
    "value" : "tests.test_main_page"
  }, {
    "name" : "resultFormat",
    "value" : "allure2"
  } ],
  "parameters" : [ ],
  "links" : [ ],
  "hidden" : false,
  "retry" : false,
  "extra" : {
    "severity" : "normal",
    "retries" : [ ],
    "categories" : [ {
      "name" : "Test defects",
      "matchedStatuses" : [ ],
      "flaky" : false
    } ],
    "tags" : [ ]
  },
  "source" : "6dd37884a4cce005.json",
  "parameterValues" : [ ]
}