{
  "uid" : "76de0af8995bb1ff",
  "name" : "TC 10.02.01 - Verify 'MEN'S DEALS' title is correct",
  "fullName" : "tests.test_sale.TestSideMenuBarMen#test_tc_10_02_01",
  "historyId" : "7d9cc06b830a248f9ded0f57b7152948",
  "time" : {
    "start" : 1705195694122,
    "stop" : 1705195694168,
    "duration" : 46
  },
  "description" : "Check title of Men's Deals section",
  "descriptionHtml" : "<p>Check title of Men's Deals section</p>\n",
  "status" : "skipped",
  "statusMessage" : "XFAIL This test is expecting failure == Assertion Error because of error in spelling Men's\n\nAssertionError: Expected title: 'MEN'S DEALS', Actual title: MENS'S DEALS\nassert \"MENS'S DEALS\" == \"MEN'S DEALS\"\n  - MEN'S DEALS\n  + MENS'S DEALS\n  ?    +",
  "statusTrace" : "self = <test_sale.TestSalePage.TestSideMenuBarMen object at 0x7f05aa77a2d0>\nsale_page = <pages.sale_page.SalePage object at 0x7f05aa4cddd0>\n\n    @allure.title(\"TC 10.02.01 - Verify 'MEN'S DEALS' title is correct\")\n    @pytest.mark.xfail(reason=\"This test is expecting failure == Assertion Error \"\n                              \"because of error in spelling Men's\")\n    def test_tc_10_02_01(self, sale_page):\n        \"\"\"Check title of Men's Deals section\"\"\"\n        title = sale_page.check_text_in_men_deals_title()\n>       assert title == \"MEN'S DEALS\", f\"Expected title: 'MEN'S DEALS', Actual title: {title}\"\nE       AssertionError: Expected title: 'MEN'S DEALS', Actual title: MENS'S DEALS\nE       assert \"MENS'S DEALS\" == \"MEN'S DEALS\"\nE         - MEN'S DEALS\nE         + MENS'S DEALS\nE         ?    +\n\ntests/test_sale.py:66: AssertionError",
  "flaky" : false,
  "newFailed" : false,
  "beforeStages" : [ {
    "name" : "driver",
    "time" : {
      "start" : 1705195692145,
      "stop" : 1705195693106,
      "duration" : 961
    },
    "status" : "passed",
    "steps" : [ ],
    "attachments" : [ ],
    "parameters" : [ ],
    "hasContent" : false,
    "stepsCount" : 0,
    "attachmentsCount" : 0,
    "shouldDisplayMessage" : false
  }, {
    "name" : "sale_page",
    "time" : {
      "start" : 1705195693106,
      "stop" : 1705195694121,
      "duration" : 1015
    },
    "status" : "passed",
    "steps" : [ {
      "name" : "Open a browser",
      "time" : {
        "start" : 1705195693106,
        "stop" : 1705195694121,
        "duration" : 1015
      },
      "status" : "passed",
      "steps" : [ ],
      "attachments" : [ ],
      "parameters" : [ ],
      "hasContent" : false,
      "stepsCount" : 0,
      "attachmentsCount" : 0,
      "shouldDisplayMessage" : false
    } ],
    "attachments" : [ ],
    "parameters" : [ ],
    "hasContent" : true,
    "stepsCount" : 1,
    "attachmentsCount" : 0,
    "shouldDisplayMessage" : false
  }, {
    "name" : "clear_allure_result_folder",
    "time" : {
      "start" : 1705194892173,
      "stop" : 1705194892173,
      "duration" : 0
    },
    "status" : "passed",
    "steps" : [ ],
    "attachments" : [ ],
    "parameters" : [ ],
    "hasContent" : false,
    "stepsCount" : 0,
    "attachmentsCount" : 0,
    "shouldDisplayMessage" : false
  }, {
    "name" : "_session_faker",
    "time" : {
      "start" : 1705194892111,
      "stop" : 1705194892173,
      "duration" : 62
    },
    "status" : "passed",
    "steps" : [ ],
    "attachments" : [ ],
    "parameters" : [ ],
    "hasContent" : false,
    "stepsCount" : 0,
    "attachmentsCount" : 0,
    "shouldDisplayMessage" : false
  } ],
  "testStage" : {
    "description" : "Check title of Men's Deals section",
    "status" : "skipped",
    "statusMessage" : "XFAIL This test is expecting failure == Assertion Error because of error in spelling Men's\n\nAssertionError: Expected title: 'MEN'S DEALS', Actual title: MENS'S DEALS\nassert \"MENS'S DEALS\" == \"MEN'S DEALS\"\n  - MEN'S DEALS\n  + MENS'S DEALS\n  ?    +",
    "statusTrace" : "self = <test_sale.TestSalePage.TestSideMenuBarMen object at 0x7f05aa77a2d0>\nsale_page = <pages.sale_page.SalePage object at 0x7f05aa4cddd0>\n\n    @allure.title(\"TC 10.02.01 - Verify 'MEN'S DEALS' title is correct\")\n    @pytest.mark.xfail(reason=\"This test is expecting failure == Assertion Error \"\n                              \"because of error in spelling Men's\")\n    def test_tc_10_02_01(self, sale_page):\n        \"\"\"Check title of Men's Deals section\"\"\"\n        title = sale_page.check_text_in_men_deals_title()\n>       assert title == \"MEN'S DEALS\", f\"Expected title: 'MEN'S DEALS', Actual title: {title}\"\nE       AssertionError: Expected title: 'MEN'S DEALS', Actual title: MENS'S DEALS\nE       assert \"MENS'S DEALS\" == \"MEN'S DEALS\"\nE         - MEN'S DEALS\nE         + MENS'S DEALS\nE         ?    +\n\ntests/test_sale.py:66: AssertionError",
    "steps" : [ {
      "name" : "Check text in Men's deals title",
      "time" : {
        "start" : 1705195694122,
        "stop" : 1705195694168,
        "duration" : 46
      },
      "status" : "passed",
      "steps" : [ {
        "name" : "Find a visible element",
        "time" : {
          "start" : 1705195694122,
          "stop" : 1705195694158,
          "duration" : 36
        },
        "status" : "passed",
        "steps" : [ {
          "name" : "Find a present element",
          "time" : {
            "start" : 1705195694122,
            "stop" : 1705195694130,
            "duration" : 8
          },
          "status" : "passed",
          "steps" : [ ],
          "attachments" : [ ],
          "parameters" : [ {
            "name" : "locator",
            "value" : "('css selector', '.categories-menu > strong:nth-child(3) > span')"
          }, {
            "name" : "timeout",
            "value" : "5"
          } ],
          "hasContent" : true,
          "stepsCount" : 0,
          "attachmentsCount" : 0,
          "shouldDisplayMessage" : false
        }, {
          "name" : "Go to specified element",
          "time" : {
            "start" : 1705195694130,
            "stop" : 1705195694136,
            "duration" : 6
          },
          "status" : "passed",
          "steps" : [ ],
          "attachments" : [ ],
          "parameters" : [ {
            "name" : "element",
            "value" : "<selenium.webdriver.remote.webelement.WebElement (session=\"6113d842a61abf0458ae924598862adc\", element=\"DCC9DD50640BB5BE578594C6740B7A6E_element_6\")>"
          } ],
          "hasContent" : true,
          "stepsCount" : 0,
          "attachmentsCount" : 0,
          "shouldDisplayMessage" : false
        } ],
        "attachments" : [ ],
        "parameters" : [ {
          "name" : "locator",
          "value" : "('css selector', '.categories-menu > strong:nth-child(3) > span')"
        }, {
          "name" : "timeout",
          "value" : "10"
        } ],
        "hasContent" : true,
        "stepsCount" : 2,
        "attachmentsCount" : 0,
        "shouldDisplayMessage" : false
      } ],
      "attachments" : [ ],
      "parameters" : [ ],
      "hasContent" : true,
      "stepsCount" : 3,
      "attachmentsCount" : 0,
      "shouldDisplayMessage" : false
    } ],
    "attachments" : [ {
      "uid" : "3bad20732162989a",
      "name" : "Screenshot",
      "source" : "3bad20732162989a.png",
      "type" : "image/png",
      "size" : 739459
    }, {
      "uid" : "3b87131a7cc5ec53",
      "name" : "HTML source",
      "source" : "3b87131a7cc5ec53.html",
      "type" : "text/html",
      "size" : 85840
    } ],
    "parameters" : [ ],
    "hasContent" : true,
    "stepsCount" : 4,
    "attachmentsCount" : 2,
    "shouldDisplayMessage" : true
  },
  "afterStages" : [ {
    "name" : "driver::0",
    "time" : {
      "start" : 1705195694422,
      "stop" : 1705195694489,
      "duration" : 67
    },
    "status" : "passed",
    "steps" : [ ],
    "attachments" : [ ],
    "parameters" : [ ],
    "hasContent" : false,
    "stepsCount" : 0,
    "attachmentsCount" : 0,
    "shouldDisplayMessage" : false
  }, {
    "name" : "clear_allure_result_folder::0",
    "time" : {
      "start" : 1705196070169,
      "stop" : 1705196070169,
      "duration" : 0
    },
    "status" : "passed",
    "steps" : [ ],
    "attachments" : [ ],
    "parameters" : [ ],
    "hasContent" : false,
    "stepsCount" : 0,
    "attachmentsCount" : 0,
    "shouldDisplayMessage" : false
  } ],
  "labels" : [ {
    "name" : "epic",
    "value" : "Sale Page"
  }, {
    "name" : "feature",
    "value" : "Testing Side Menu Bar - Men's Deals Section"
  }, {
    "name" : "tag",
    "value" : "@pytest.mark.xfail(reason='This test is expecting failure == Assertion Error because of error in spelling Men's')"
  }, {
    "name" : "parentSuite",
    "value" : "tests"
  }, {
    "name" : "suite",
    "value" : "test_sale"
  }, {
    "name" : "subSuite",
    "value" : "TestSalePage"
  }, {
    "name" : "host",
    "value" : "fv-az1542-830"
  }, {
    "name" : "thread",
    "value" : "3008-MainThread"
  }, {
    "name" : "framework",
    "value" : "pytest"
  }, {
    "name" : "language",
    "value" : "cpython3"
  }, {
    "name" : "package",
    "value" : "tests.test_sale"
  }, {
    "name" : "resultFormat",
    "value" : "allure2"
  } ],
  "parameters" : [ ],
  "links" : [ ],
  "hidden" : false,
  "retry" : false,
  "extra" : {
    "severity" : "normal",
    "retries" : [ ],
    "categories" : [ ],
    "tags" : [ "@pytest.mark.xfail(reason='This test is expecting failure == Assertion Error because of error in spelling Men's')" ]
  },
  "source" : "76de0af8995bb1ff.json",
  "parameterValues" : [ ]
}