{
  "uid" : "785da3445fa51e96",
  "name" : "TC 02.01.25 - Check if 'Contact us' link is clickable on each page specified in DATA_1",
  "fullName" : "tests.test_footer.TestFooter#test_tc_02_01_25_check_clickability_of_contact_us_link_on_pages",
  "historyId" : "20d18a4d00ba076e591eb9484d20745b",
  "time" : {
    "start" : 1697332722319,
    "stop" : 1697332841015,
    "duration" : 118696
  },
  "description" : "This test checks if 'Contact us' link is clickable on each page specified in DATA_1",
  "descriptionHtml" : "<p>This test checks if 'Contact us' link is clickable on each page specified in DATA_1</p>\n",
  "status" : "broken",
  "statusMessage" : "selenium.common.exceptions.TimeoutException: Message: \nStacktrace:\n#0 0x556cfc5436b3 <unknown>\n#1 0x556cfc2191e7 <unknown>\n#2 0x556cfc260566 <unknown>\n#3 0x556cfc260651 <unknown>\n#4 0x556cfc29da74 <unknown>\n#5 0x556cfc2820ed <unknown>\n#6 0x556cfc29b322 <unknown>\n#7 0x556cfc281e93 <unknown>\n#8 0x556cfc254934 <unknown>\n#9 0x556cfc25571e <unknown>\n#10 0x556cfc508cb8 <unknown>\n#11 0x556cfc50cbf0 <unknown>\n#12 0x556cfc51719c <unknown>\n#13 0x556cfc50d808 <unknown>\n#14 0x556cfc4da27f <unknown>\n#15 0x556cfc531e88 <unknown>\n#16 0x556cfc532059 <unknown>\n#17 0x556cfc542843 <unknown>\n#18 0x7fa97f494b43 <unknown>",
  "statusTrace" : "self = <test_footer.TestFooter object at 0x7fe0b0bc43d0>\ndriver = <selenium.webdriver.chrome.webdriver.WebDriver (session=\"24e62413c04c83418069e3ea930f6bd3\")>\nURL = 'https://magento.softwaretestingboard.com/'\n\n    @allure.title(\"TC 02.01.25 - Check if 'Contact us' link is clickable on each page specified in DATA_1\")\n    @pytest.mark.parametrize('URL', DATA_1)\n    def test_tc_02_01_25_check_clickability_of_contact_us_link_on_pages(self, driver, URL):\n        \"\"\"This test checks if 'Contact us' link is clickable on each page specified in DATA_1\"\"\"\n        page = FooterPage(driver, url=URL)\n        page.open()\n>       contact_us_link = page.check_contact_us_link_clickability()\n\ntests/test_footer.py:219: \n_ _ _ _ _ _ _ _ _ _ _ _ _ _ _ _ _ _ _ _ _ _ _ _ _ _ _ _ _ _ _ _ _ _ _ _ _ _ _ _ \npages/footer_page.py:199: in check_contact_us_link_clickability\n    return self.element_is_clickable(self.footer_locators.CONTACT_US_LINK)\npages/base_page.py:80: in element_is_clickable\n    return wait(self.driver, timeout).until(EC.element_to_be_clickable(locator))\n_ _ _ _ _ _ _ _ _ _ _ _ _ _ _ _ _ _ _ _ _ _ _ _ _ _ _ _ _ _ _ _ _ _ _ _ _ _ _ _ \n\nself = <selenium.webdriver.support.wait.WebDriverWait (session=\"24e62413c04c83418069e3ea930f6bd3\")>\nmethod = <function element_to_be_clickable.<locals>._predicate at 0x7fe0b101b060>\nmessage = ''\n\n    def until(self, method, message: str = \"\"):\n        \"\"\"Calls the method provided with the driver as an argument until the \\\n        return value does not evaluate to ``False``.\n    \n        :param method: callable(WebDriver)\n        :param message: optional message for :exc:`TimeoutException`\n        :returns: the result of the last call to `method`\n        :raises: :exc:`selenium.common.exceptions.TimeoutException` if timeout occurs\n        \"\"\"\n        screen = None\n        stacktrace = None\n    \n        end_time = time.monotonic() + self._timeout\n        while True:\n            try:\n                value = method(self._driver)\n                if value:\n                    return value\n            except self._ignored_exceptions as exc:\n                screen = getattr(exc, \"screen\", None)\n                stacktrace = getattr(exc, \"stacktrace\", None)\n            time.sleep(self._poll)\n            if time.monotonic() > end_time:\n                break\n>       raise TimeoutException(message, screen, stacktrace)\nE       selenium.common.exceptions.TimeoutException: Message: \nE       Stacktrace:\nE       #0 0x556cfc5436b3 <unknown>\nE       #1 0x556cfc2191e7 <unknown>\nE       #2 0x556cfc260566 <unknown>\nE       #3 0x556cfc260651 <unknown>\nE       #4 0x556cfc29da74 <unknown>\nE       #5 0x556cfc2820ed <unknown>\nE       #6 0x556cfc29b322 <unknown>\nE       #7 0x556cfc281e93 <unknown>\nE       #8 0x556cfc254934 <unknown>\nE       #9 0x556cfc25571e <unknown>\nE       #10 0x556cfc508cb8 <unknown>\nE       #11 0x556cfc50cbf0 <unknown>\nE       #12 0x556cfc51719c <unknown>\nE       #13 0x556cfc50d808 <unknown>\nE       #14 0x556cfc4da27f <unknown>\nE       #15 0x556cfc531e88 <unknown>\nE       #16 0x556cfc532059 <unknown>\nE       #17 0x556cfc542843 <unknown>\nE       #18 0x7fa97f494b43 <unknown>\n\n/opt/hostedtoolcache/Python/3.11.5/x64/lib/python3.11/site-packages/selenium/webdriver/support/wait.py:95: TimeoutException",
  "flaky" : false,
  "newFailed" : false,
  "beforeStages" : [ {
    "name" : "_session_faker",
    "time" : {
      "start" : 1697332188525,
      "stop" : 1697332188634,
      "duration" : 109
    },
    "status" : "passed",
    "steps" : [ ],
    "attachments" : [ ],
    "parameters" : [ ],
    "stepsCount" : 0,
    "attachmentsCount" : 0,
    "shouldDisplayMessage" : false,
    "hasContent" : false
  }, {
    "name" : "driver",
    "time" : {
      "start" : 1697332721137,
      "stop" : 1697332722318,
      "duration" : 1181
    },
    "status" : "passed",
    "steps" : [ ],
    "attachments" : [ ],
    "parameters" : [ ],
    "stepsCount" : 0,
    "attachmentsCount" : 0,
    "shouldDisplayMessage" : false,
    "hasContent" : false
  }, {
    "name" : "clear_allure_result_folder",
    "time" : {
      "start" : 1697332188634,
      "stop" : 1697332188634,
      "duration" : 0
    },
    "status" : "passed",
    "steps" : [ ],
    "attachments" : [ ],
    "parameters" : [ ],
    "stepsCount" : 0,
    "attachmentsCount" : 0,
    "shouldDisplayMessage" : false,
    "hasContent" : false
  } ],
  "testStage" : {
    "description" : "This test checks if 'Contact us' link is clickable on each page specified in DATA_1",
    "status" : "broken",
    "statusMessage" : "selenium.common.exceptions.TimeoutException: Message: \nStacktrace:\n#0 0x556cfc5436b3 <unknown>\n#1 0x556cfc2191e7 <unknown>\n#2 0x556cfc260566 <unknown>\n#3 0x556cfc260651 <unknown>\n#4 0x556cfc29da74 <unknown>\n#5 0x556cfc2820ed <unknown>\n#6 0x556cfc29b322 <unknown>\n#7 0x556cfc281e93 <unknown>\n#8 0x556cfc254934 <unknown>\n#9 0x556cfc25571e <unknown>\n#10 0x556cfc508cb8 <unknown>\n#11 0x556cfc50cbf0 <unknown>\n#12 0x556cfc51719c <unknown>\n#13 0x556cfc50d808 <unknown>\n#14 0x556cfc4da27f <unknown>\n#15 0x556cfc531e88 <unknown>\n#16 0x556cfc532059 <unknown>\n#17 0x556cfc542843 <unknown>\n#18 0x7fa97f494b43 <unknown>",
    "statusTrace" : "self = <test_footer.TestFooter object at 0x7fe0b0bc43d0>\ndriver = <selenium.webdriver.chrome.webdriver.WebDriver (session=\"24e62413c04c83418069e3ea930f6bd3\")>\nURL = 'https://magento.softwaretestingboard.com/'\n\n    @allure.title(\"TC 02.01.25 - Check if 'Contact us' link is clickable on each page specified in DATA_1\")\n    @pytest.mark.parametrize('URL', DATA_1)\n    def test_tc_02_01_25_check_clickability_of_contact_us_link_on_pages(self, driver, URL):\n        \"\"\"This test checks if 'Contact us' link is clickable on each page specified in DATA_1\"\"\"\n        page = FooterPage(driver, url=URL)\n        page.open()\n>       contact_us_link = page.check_contact_us_link_clickability()\n\ntests/test_footer.py:219: \n_ _ _ _ _ _ _ _ _ _ _ _ _ _ _ _ _ _ _ _ _ _ _ _ _ _ _ _ _ _ _ _ _ _ _ _ _ _ _ _ \npages/footer_page.py:199: in check_contact_us_link_clickability\n    return self.element_is_clickable(self.footer_locators.CONTACT_US_LINK)\npages/base_page.py:80: in element_is_clickable\n    return wait(self.driver, timeout).until(EC.element_to_be_clickable(locator))\n_ _ _ _ _ _ _ _ _ _ _ _ _ _ _ _ _ _ _ _ _ _ _ _ _ _ _ _ _ _ _ _ _ _ _ _ _ _ _ _ \n\nself = <selenium.webdriver.support.wait.WebDriverWait (session=\"24e62413c04c83418069e3ea930f6bd3\")>\nmethod = <function element_to_be_clickable.<locals>._predicate at 0x7fe0b101b060>\nmessage = ''\n\n    def until(self, method, message: str = \"\"):\n        \"\"\"Calls the method provided with the driver as an argument until the \\\n        return value does not evaluate to ``False``.\n    \n        :param method: callable(WebDriver)\n        :param message: optional message for :exc:`TimeoutException`\n        :returns: the result of the last call to `method`\n        :raises: :exc:`selenium.common.exceptions.TimeoutException` if timeout occurs\n        \"\"\"\n        screen = None\n        stacktrace = None\n    \n        end_time = time.monotonic() + self._timeout\n        while True:\n            try:\n                value = method(self._driver)\n                if value:\n                    return value\n            except self._ignored_exceptions as exc:\n                screen = getattr(exc, \"screen\", None)\n                stacktrace = getattr(exc, \"stacktrace\", None)\n            time.sleep(self._poll)\n            if time.monotonic() > end_time:\n                break\n>       raise TimeoutException(message, screen, stacktrace)\nE       selenium.common.exceptions.TimeoutException: Message: \nE       Stacktrace:\nE       #0 0x556cfc5436b3 <unknown>\nE       #1 0x556cfc2191e7 <unknown>\nE       #2 0x556cfc260566 <unknown>\nE       #3 0x556cfc260651 <unknown>\nE       #4 0x556cfc29da74 <unknown>\nE       #5 0x556cfc2820ed <unknown>\nE       #6 0x556cfc29b322 <unknown>\nE       #7 0x556cfc281e93 <unknown>\nE       #8 0x556cfc254934 <unknown>\nE       #9 0x556cfc25571e <unknown>\nE       #10 0x556cfc508cb8 <unknown>\nE       #11 0x556cfc50cbf0 <unknown>\nE       #12 0x556cfc51719c <unknown>\nE       #13 0x556cfc50d808 <unknown>\nE       #14 0x556cfc4da27f <unknown>\nE       #15 0x556cfc531e88 <unknown>\nE       #16 0x556cfc532059 <unknown>\nE       #17 0x556cfc542843 <unknown>\nE       #18 0x7fa97f494b43 <unknown>\n\n/opt/hostedtoolcache/Python/3.11.5/x64/lib/python3.11/site-packages/selenium/webdriver/support/wait.py:95: TimeoutException",
    "steps" : [ {
      "name" : "Open a browser",
      "time" : {
        "start" : 1697332722319,
        "stop" : 1697332835880,
        "duration" : 113561
      },
      "status" : "passed",
      "steps" : [ ],
      "attachments" : [ ],
      "parameters" : [ ],
      "stepsCount" : 0,
      "attachmentsCount" : 0,
      "shouldDisplayMessage" : false,
      "hasContent" : false
    }, {
      "name" : "Check Contact Us link is clickable",
      "time" : {
        "start" : 1697332835880,
        "stop" : 1697332841015,
        "duration" : 5135
      },
      "status" : "broken",
      "statusMessage" : "selenium.common.exceptions.TimeoutException: Message: \nStacktrace:\n#0 0x556cfc5436b3 <unknown>\n#1 0x556cfc2191e7 <unknown>\n#2 0x556cfc260566 <unknown>\n#3 0x556cfc260651 <unknown>\n#4 0x556cfc29da74 <unknown>\n#5 0x556cfc2820ed <unknown>\n#6 0x556cfc29b322 <unknown>\n#7 0x556cfc281e93 <unknown>\n#8 0x556cfc254934 <unknown>\n#9 0x556cfc25571e <unknown>\n#10 0x556cfc508cb8 <unknown>\n#11 0x556cfc50cbf0 <unknown>\n#12 0x556cfc51719c <unknown>\n#13 0x556cfc50d808 <unknown>\n#14 0x556cfc4da27f <unknown>\n#15 0x556cfc531e88 <unknown>\n#16 0x556cfc532059 <unknown>\n#17 0x556cfc542843 <unknown>\n#18 0x7fa97f494b43 <unknown>\n\n",
      "statusTrace" : "  File \"/opt/hostedtoolcache/Python/3.11.5/x64/lib/python3.11/site-packages/allure_commons/_allure.py\", line 192, in impl\n    return func(*a, **kw)\n           ^^^^^^^^^^^^^^\n  File \"/home/runner/work/luma_project/luma_project/pages/footer_page.py\", line 199, in check_contact_us_link_clickability\n    return self.element_is_clickable(self.footer_locators.CONTACT_US_LINK)\n           ^^^^^^^^^^^^^^^^^^^^^^^^^^^^^^^^^^^^^^^^^^^^^^^^^^^^^^^^^^^^^^^\n  File \"/opt/hostedtoolcache/Python/3.11.5/x64/lib/python3.11/site-packages/allure_commons/_allure.py\", line 192, in impl\n    return func(*a, **kw)\n           ^^^^^^^^^^^^^^\n  File \"/home/runner/work/luma_project/luma_project/pages/base_page.py\", line 80, in element_is_clickable\n    return wait(self.driver, timeout).until(EC.element_to_be_clickable(locator))\n           ^^^^^^^^^^^^^^^^^^^^^^^^^^^^^^^^^^^^^^^^^^^^^^^^^^^^^^^^^^^^^^^^^^^^^\n  File \"/opt/hostedtoolcache/Python/3.11.5/x64/lib/python3.11/site-packages/selenium/webdriver/support/wait.py\", line 95, in until\n    raise TimeoutException(message, screen, stacktrace)\n",
      "steps" : [ {
        "name" : "Find clickable elements",
        "time" : {
          "start" : 1697332835880,
          "stop" : 1697332841014,
          "duration" : 5134
        },
        "status" : "broken",
        "statusMessage" : "selenium.common.exceptions.TimeoutException: Message: \nStacktrace:\n#0 0x556cfc5436b3 <unknown>\n#1 0x556cfc2191e7 <unknown>\n#2 0x556cfc260566 <unknown>\n#3 0x556cfc260651 <unknown>\n#4 0x556cfc29da74 <unknown>\n#5 0x556cfc2820ed <unknown>\n#6 0x556cfc29b322 <unknown>\n#7 0x556cfc281e93 <unknown>\n#8 0x556cfc254934 <unknown>\n#9 0x556cfc25571e <unknown>\n#10 0x556cfc508cb8 <unknown>\n#11 0x556cfc50cbf0 <unknown>\n#12 0x556cfc51719c <unknown>\n#13 0x556cfc50d808 <unknown>\n#14 0x556cfc4da27f <unknown>\n#15 0x556cfc531e88 <unknown>\n#16 0x556cfc532059 <unknown>\n#17 0x556cfc542843 <unknown>\n#18 0x7fa97f494b43 <unknown>\n\n",
        "statusTrace" : "  File \"/opt/hostedtoolcache/Python/3.11.5/x64/lib/python3.11/site-packages/allure_commons/_allure.py\", line 192, in impl\n    return func(*a, **kw)\n           ^^^^^^^^^^^^^^\n  File \"/home/runner/work/luma_project/luma_project/pages/base_page.py\", line 80, in element_is_clickable\n    return wait(self.driver, timeout).until(EC.element_to_be_clickable(locator))\n           ^^^^^^^^^^^^^^^^^^^^^^^^^^^^^^^^^^^^^^^^^^^^^^^^^^^^^^^^^^^^^^^^^^^^^\n  File \"/opt/hostedtoolcache/Python/3.11.5/x64/lib/python3.11/site-packages/selenium/webdriver/support/wait.py\", line 95, in until\n    raise TimeoutException(message, screen, stacktrace)\n",
        "steps" : [ ],
        "attachments" : [ ],
        "parameters" : [ {
          "name" : "locator",
          "value" : "('css selector', '.footer div :nth-child(3) a')"
        }, {
          "name" : "timeout",
          "value" : "5"
        } ],
        "stepsCount" : 0,
        "attachmentsCount" : 0,
        "shouldDisplayMessage" : true,
        "hasContent" : true
      } ],
      "attachments" : [ ],
      "parameters" : [ ],
      "stepsCount" : 1,
      "attachmentsCount" : 0,
      "shouldDisplayMessage" : false,
      "hasContent" : true
    } ],
    "attachments" : [ {
      "uid" : "b03217c0c19b1b84",
      "name" : "Screenshot",
      "source" : "b03217c0c19b1b84.png",
      "type" : "image/png",
      "size" : 113605
    }, {
      "uid" : "e7d34f3eae4517cf",
      "name" : "HTML source",
      "source" : "e7d34f3eae4517cf.html",
      "type" : "text/html",
      "size" : 6911
    } ],
    "parameters" : [ ],
    "stepsCount" : 3,
    "attachmentsCount" : 2,
    "shouldDisplayMessage" : true,
    "hasContent" : true
  },
  "afterStages" : [ {
    "name" : "driver::0",
    "time" : {
      "start" : 1697332841229,
      "stop" : 1697332841310,
      "duration" : 81
    },
    "status" : "passed",
    "steps" : [ ],
    "attachments" : [ ],
    "parameters" : [ ],
    "stepsCount" : 0,
    "attachmentsCount" : 0,
    "shouldDisplayMessage" : false,
    "hasContent" : false
  }, {
    "name" : "clear_allure_result_folder::0",
    "time" : {
      "start" : 1697335158583,
      "stop" : 1697335158584,
      "duration" : 1
    },
    "status" : "passed",
    "steps" : [ ],
    "attachments" : [ ],
    "parameters" : [ ],
    "stepsCount" : 0,
    "attachmentsCount" : 0,
    "shouldDisplayMessage" : false,
    "hasContent" : false
  } ],
  "labels" : [ {
    "name" : "epic",
    "value" : "Test Footer"
  }, {
    "name" : "parentSuite",
    "value" : "tests"
  }, {
    "name" : "suite",
    "value" : "test_footer"
  }, {
    "name" : "subSuite",
    "value" : "TestFooter"
  }, {
    "name" : "host",
    "value" : "fv-az163-423"
  }, {
    "name" : "thread",
    "value" : "3041-MainThread"
  }, {
    "name" : "framework",
    "value" : "pytest"
  }, {
    "name" : "language",
    "value" : "cpython3"
  }, {
    "name" : "package",
    "value" : "tests.test_footer"
  }, {
    "name" : "resultFormat",
    "value" : "allure2"
  } ],
  "parameters" : [ {
    "name" : "URL",
    "value" : "'https://magento.softwaretestingboard.com/'"
  } ],
  "links" : [ ],
  "hidden" : false,
  "retry" : false,
  "extra" : {
    "severity" : "normal",
    "retries" : [ ],
    "categories" : [ {
      "name" : "Test defects",
      "matchedStatuses" : [ ],
      "flaky" : false
    } ],
    "tags" : [ ]
  },
  "source" : "785da3445fa51e96.json",
  "parameterValues" : [ "'https://magento.softwaretestingboard.com/'" ]
}