{
  "uid" : "78dd05a49f5157bf",
  "name" : "TC 13.01.50 - Check if block 1 'home-pants' in section 2 is clickablein the Promo Block on the main page",
  "fullName" : "tests.test_main_page.TestPromoBlock#test_tc_13_01_50_check_section2_block1_clickability",
  "historyId" : "3859571638e9bbf85fd31e5492109e9c",
  "time" : {
    "start" : 1736041910315,
    "stop" : 1736041916606,
    "duration" : 6291
  },
  "description" : "This test checks if block 1 'home-pants' in section 2 in Promo Block under header is clickable",
  "descriptionHtml" : "<p>This test checks if block 1 'home-pants' in section 2 in Promo Block under header is clickable</p>\n",
  "status" : "broken",
  "statusMessage" : "selenium.common.exceptions.TimeoutException: Message: \nStacktrace:\n#0 0x559dd203a31a <unknown>\n#1 0x559dd1b506e0 <unknown>\n#2 0x559dd1b9f3e6 <unknown>\n#3 0x559dd1b9f681 <unknown>\n#4 0x559dd1be4b04 <unknown>\n#5 0x559dd1bc348d <unknown>\n#6 0x559dd1be1ed7 <unknown>\n#7 0x559dd1bc3203 <unknown>\n#8 0x559dd1b91cc0 <unknown>\n#9 0x559dd1b92c9e <unknown>\n#10 0x559dd2007d0b <unknown>\n#11 0x559dd200bc92 <unknown>\n#12 0x559dd1ff4b3c <unknown>\n#13 0x559dd200c807 <unknown>\n#14 0x559dd1fda0df <unknown>\n#15 0x559dd2029578 <unknown>\n#16 0x559dd2029740 <unknown>\n#17 0x559dd2039196 <unknown>\n#18 0x7f89cce9ca94 <unknown>\n#19 0x7f89ccf29c3c <unknown>",
  "statusTrace" : "self = <test_main_page.TestMainPage.TestPromoBlock object at 0x7f3fbb775f50>\ndriver = <selenium.webdriver.chrome.webdriver.WebDriver (session=\"d73f64bcea258c8b7acf7878bbf2b7b7\")>\n\n    @allure.title(\"TC 13.01.50 - Check if block 1 'home-pants' in section 2 is clickable\"\n                  \"in the Promo Block on the main page\")\n    def test_tc_13_01_50_check_section2_block1_clickability(self, driver):\n        \"\"\"This test checks if block 1 'home-pants' in section 2 in Promo Block under header is clickable\"\"\"\n        page = PromoBlock(driver, MAIN_PAGE_URL)\n        page.open()\n>       section2_block1 = page.check_section2_block1_clickability()\n\ntests/test_main_page.py:645: \n_ _ _ _ _ _ _ _ _ _ _ _ _ _ _ _ _ _ _ _ _ _ _ _ _ _ _ _ _ _ _ _ _ _ _ _ _ _ _ _ \npages/main_page.py:328: in check_section2_block1_clickability\n    section2_block1 = self.element_is_clickable(self.locators.SECTION_2_BLOCK_1)\npages/base_page.py:80: in element_is_clickable\n    return wait(self.driver, timeout).until(EC.element_to_be_clickable(locator))\n_ _ _ _ _ _ _ _ _ _ _ _ _ _ _ _ _ _ _ _ _ _ _ _ _ _ _ _ _ _ _ _ _ _ _ _ _ _ _ _ \n\nself = <selenium.webdriver.support.wait.WebDriverWait (session=\"d73f64bcea258c8b7acf7878bbf2b7b7\")>\nmethod = <function element_to_be_clickable.<locals>._predicate at 0x7f3fbb5c8220>\nmessage = ''\n\n    def until(self, method, message: str = \"\"):\n        \"\"\"Calls the method provided with the driver as an argument until the \\\n        return value does not evaluate to ``False``.\n    \n        :param method: callable(WebDriver)\n        :param message: optional message for :exc:`TimeoutException`\n        :returns: the result of the last call to `method`\n        :raises: :exc:`selenium.common.exceptions.TimeoutException` if timeout occurs\n        \"\"\"\n        screen = None\n        stacktrace = None\n    \n        end_time = time.monotonic() + self._timeout\n        while True:\n            try:\n                value = method(self._driver)\n                if value:\n                    return value\n            except self._ignored_exceptions as exc:\n                screen = getattr(exc, \"screen\", None)\n                stacktrace = getattr(exc, \"stacktrace\", None)\n            time.sleep(self._poll)\n            if time.monotonic() > end_time:\n                break\n>       raise TimeoutException(message, screen, stacktrace)\nE       selenium.common.exceptions.TimeoutException: Message: \nE       Stacktrace:\nE       #0 0x559dd203a31a <unknown>\nE       #1 0x559dd1b506e0 <unknown>\nE       #2 0x559dd1b9f3e6 <unknown>\nE       #3 0x559dd1b9f681 <unknown>\nE       #4 0x559dd1be4b04 <unknown>\nE       #5 0x559dd1bc348d <unknown>\nE       #6 0x559dd1be1ed7 <unknown>\nE       #7 0x559dd1bc3203 <unknown>\nE       #8 0x559dd1b91cc0 <unknown>\nE       #9 0x559dd1b92c9e <unknown>\nE       #10 0x559dd2007d0b <unknown>\nE       #11 0x559dd200bc92 <unknown>\nE       #12 0x559dd1ff4b3c <unknown>\nE       #13 0x559dd200c807 <unknown>\nE       #14 0x559dd1fda0df <unknown>\nE       #15 0x559dd2029578 <unknown>\nE       #16 0x559dd2029740 <unknown>\nE       #17 0x559dd2039196 <unknown>\nE       #18 0x7f89cce9ca94 <unknown>\nE       #19 0x7f89ccf29c3c <unknown>\n\n/opt/hostedtoolcache/Python/3.11.11/x64/lib/python3.11/site-packages/selenium/webdriver/support/wait.py:95: TimeoutException",
  "flaky" : false,
  "newFailed" : false,
  "beforeStages" : [ {
    "name" : "_session_faker",
    "time" : {
      "start" : 1736041142901,
      "stop" : 1736041142966,
      "duration" : 65
    },
    "status" : "passed",
    "steps" : [ ],
    "attachments" : [ ],
    "parameters" : [ ],
    "stepsCount" : 0,
    "attachmentsCount" : 0,
    "shouldDisplayMessage" : false,
    "hasContent" : false
  }, {
    "name" : "driver",
    "time" : {
      "start" : 1736041909129,
      "stop" : 1736041910314,
      "duration" : 1185
    },
    "status" : "passed",
    "steps" : [ ],
    "attachments" : [ ],
    "parameters" : [ ],
    "stepsCount" : 0,
    "attachmentsCount" : 0,
    "shouldDisplayMessage" : false,
    "hasContent" : false
  }, {
    "name" : "clear_allure_result_folder",
    "time" : {
      "start" : 1736041142967,
      "stop" : 1736041142967,
      "duration" : 0
    },
    "status" : "passed",
    "steps" : [ ],
    "attachments" : [ ],
    "parameters" : [ ],
    "stepsCount" : 0,
    "attachmentsCount" : 0,
    "shouldDisplayMessage" : false,
    "hasContent" : false
  } ],
  "testStage" : {
    "description" : "This test checks if block 1 'home-pants' in section 2 in Promo Block under header is clickable",
    "status" : "broken",
    "statusMessage" : "selenium.common.exceptions.TimeoutException: Message: \nStacktrace:\n#0 0x559dd203a31a <unknown>\n#1 0x559dd1b506e0 <unknown>\n#2 0x559dd1b9f3e6 <unknown>\n#3 0x559dd1b9f681 <unknown>\n#4 0x559dd1be4b04 <unknown>\n#5 0x559dd1bc348d <unknown>\n#6 0x559dd1be1ed7 <unknown>\n#7 0x559dd1bc3203 <unknown>\n#8 0x559dd1b91cc0 <unknown>\n#9 0x559dd1b92c9e <unknown>\n#10 0x559dd2007d0b <unknown>\n#11 0x559dd200bc92 <unknown>\n#12 0x559dd1ff4b3c <unknown>\n#13 0x559dd200c807 <unknown>\n#14 0x559dd1fda0df <unknown>\n#15 0x559dd2029578 <unknown>\n#16 0x559dd2029740 <unknown>\n#17 0x559dd2039196 <unknown>\n#18 0x7f89cce9ca94 <unknown>\n#19 0x7f89ccf29c3c <unknown>",
    "statusTrace" : "self = <test_main_page.TestMainPage.TestPromoBlock object at 0x7f3fbb775f50>\ndriver = <selenium.webdriver.chrome.webdriver.WebDriver (session=\"d73f64bcea258c8b7acf7878bbf2b7b7\")>\n\n    @allure.title(\"TC 13.01.50 - Check if block 1 'home-pants' in section 2 is clickable\"\n                  \"in the Promo Block on the main page\")\n    def test_tc_13_01_50_check_section2_block1_clickability(self, driver):\n        \"\"\"This test checks if block 1 'home-pants' in section 2 in Promo Block under header is clickable\"\"\"\n        page = PromoBlock(driver, MAIN_PAGE_URL)\n        page.open()\n>       section2_block1 = page.check_section2_block1_clickability()\n\ntests/test_main_page.py:645: \n_ _ _ _ _ _ _ _ _ _ _ _ _ _ _ _ _ _ _ _ _ _ _ _ _ _ _ _ _ _ _ _ _ _ _ _ _ _ _ _ \npages/main_page.py:328: in check_section2_block1_clickability\n    section2_block1 = self.element_is_clickable(self.locators.SECTION_2_BLOCK_1)\npages/base_page.py:80: in element_is_clickable\n    return wait(self.driver, timeout).until(EC.element_to_be_clickable(locator))\n_ _ _ _ _ _ _ _ _ _ _ _ _ _ _ _ _ _ _ _ _ _ _ _ _ _ _ _ _ _ _ _ _ _ _ _ _ _ _ _ \n\nself = <selenium.webdriver.support.wait.WebDriverWait (session=\"d73f64bcea258c8b7acf7878bbf2b7b7\")>\nmethod = <function element_to_be_clickable.<locals>._predicate at 0x7f3fbb5c8220>\nmessage = ''\n\n    def until(self, method, message: str = \"\"):\n        \"\"\"Calls the method provided with the driver as an argument until the \\\n        return value does not evaluate to ``False``.\n    \n        :param method: callable(WebDriver)\n        :param message: optional message for :exc:`TimeoutException`\n        :returns: the result of the last call to `method`\n        :raises: :exc:`selenium.common.exceptions.TimeoutException` if timeout occurs\n        \"\"\"\n        screen = None\n        stacktrace = None\n    \n        end_time = time.monotonic() + self._timeout\n        while True:\n            try:\n                value = method(self._driver)\n                if value:\n                    return value\n            except self._ignored_exceptions as exc:\n                screen = getattr(exc, \"screen\", None)\n                stacktrace = getattr(exc, \"stacktrace\", None)\n            time.sleep(self._poll)\n            if time.monotonic() > end_time:\n                break\n>       raise TimeoutException(message, screen, stacktrace)\nE       selenium.common.exceptions.TimeoutException: Message: \nE       Stacktrace:\nE       #0 0x559dd203a31a <unknown>\nE       #1 0x559dd1b506e0 <unknown>\nE       #2 0x559dd1b9f3e6 <unknown>\nE       #3 0x559dd1b9f681 <unknown>\nE       #4 0x559dd1be4b04 <unknown>\nE       #5 0x559dd1bc348d <unknown>\nE       #6 0x559dd1be1ed7 <unknown>\nE       #7 0x559dd1bc3203 <unknown>\nE       #8 0x559dd1b91cc0 <unknown>\nE       #9 0x559dd1b92c9e <unknown>\nE       #10 0x559dd2007d0b <unknown>\nE       #11 0x559dd200bc92 <unknown>\nE       #12 0x559dd1ff4b3c <unknown>\nE       #13 0x559dd200c807 <unknown>\nE       #14 0x559dd1fda0df <unknown>\nE       #15 0x559dd2029578 <unknown>\nE       #16 0x559dd2029740 <unknown>\nE       #17 0x559dd2039196 <unknown>\nE       #18 0x7f89cce9ca94 <unknown>\nE       #19 0x7f89ccf29c3c <unknown>\n\n/opt/hostedtoolcache/Python/3.11.11/x64/lib/python3.11/site-packages/selenium/webdriver/support/wait.py:95: TimeoutException",
    "steps" : [ {
      "name" : "Open a browser",
      "time" : {
        "start" : 1736041910315,
        "stop" : 1736041911208,
        "duration" : 893
      },
      "status" : "passed",
      "steps" : [ ],
      "attachments" : [ ],
      "parameters" : [ ],
      "stepsCount" : 0,
      "attachmentsCount" : 0,
      "shouldDisplayMessage" : false,
      "hasContent" : false
    }, {
      "name" : "Check clickability of the block 1 'home-pants' in the section 2 in the Promo Block",
      "time" : {
        "start" : 1736041911208,
        "stop" : 1736041916606,
        "duration" : 5398
      },
      "status" : "broken",
      "statusMessage" : "selenium.common.exceptions.TimeoutException: Message: \nStacktrace:\n#0 0x559dd203a31a <unknown>\n#1 0x559dd1b506e0 <unknown>\n#2 0x559dd1b9f3e6 <unknown>\n#3 0x559dd1b9f681 <unknown>\n#4 0x559dd1be4b04 <unknown>\n#5 0x559dd1bc348d <unknown>\n#6 0x559dd1be1ed7 <unknown>\n#7 0x559dd1bc3203 <unknown>\n#8 0x559dd1b91cc0 <unknown>\n#9 0x559dd1b92c9e <unknown>\n#10 0x559dd2007d0b <unknown>\n#11 0x559dd200bc92 <unknown>\n#12 0x559dd1ff4b3c <unknown>\n#13 0x559dd200c807 <unknown>\n#14 0x559dd1fda0df <unknown>\n#15 0x559dd2029578 <unknown>\n#16 0x559dd2029740 <unknown>\n#17 0x559dd2039196 <unknown>\n#18 0x7f89cce9ca94 <unknown>\n#19 0x7f89ccf29c3c <unknown>\n\n",
      "statusTrace" : "  File \"/opt/hostedtoolcache/Python/3.11.11/x64/lib/python3.11/site-packages/allure_commons/_allure.py\", line 192, in impl\n    return func(*a, **kw)\n           ^^^^^^^^^^^^^^\n  File \"/home/runner/work/luma_project/luma_project/pages/main_page.py\", line 328, in check_section2_block1_clickability\n    section2_block1 = self.element_is_clickable(self.locators.SECTION_2_BLOCK_1)\n                      ^^^^^^^^^^^^^^^^^^^^^^^^^^^^^^^^^^^^^^^^^^^^^^^^^^^^^^^^^^\n  File \"/opt/hostedtoolcache/Python/3.11.11/x64/lib/python3.11/site-packages/allure_commons/_allure.py\", line 192, in impl\n    return func(*a, **kw)\n           ^^^^^^^^^^^^^^\n  File \"/home/runner/work/luma_project/luma_project/pages/base_page.py\", line 80, in element_is_clickable\n    return wait(self.driver, timeout).until(EC.element_to_be_clickable(locator))\n           ^^^^^^^^^^^^^^^^^^^^^^^^^^^^^^^^^^^^^^^^^^^^^^^^^^^^^^^^^^^^^^^^^^^^^\n  File \"/opt/hostedtoolcache/Python/3.11.11/x64/lib/python3.11/site-packages/selenium/webdriver/support/wait.py\", line 95, in until\n    raise TimeoutException(message, screen, stacktrace)\n",
      "steps" : [ {
        "name" : "Find clickable elements",
        "time" : {
          "start" : 1736041911208,
          "stop" : 1736041916606,
          "duration" : 5398
        },
        "status" : "broken",
        "statusMessage" : "selenium.common.exceptions.TimeoutException: Message: \nStacktrace:\n#0 0x559dd203a31a <unknown>\n#1 0x559dd1b506e0 <unknown>\n#2 0x559dd1b9f3e6 <unknown>\n#3 0x559dd1b9f681 <unknown>\n#4 0x559dd1be4b04 <unknown>\n#5 0x559dd1bc348d <unknown>\n#6 0x559dd1be1ed7 <unknown>\n#7 0x559dd1bc3203 <unknown>\n#8 0x559dd1b91cc0 <unknown>\n#9 0x559dd1b92c9e <unknown>\n#10 0x559dd2007d0b <unknown>\n#11 0x559dd200bc92 <unknown>\n#12 0x559dd1ff4b3c <unknown>\n#13 0x559dd200c807 <unknown>\n#14 0x559dd1fda0df <unknown>\n#15 0x559dd2029578 <unknown>\n#16 0x559dd2029740 <unknown>\n#17 0x559dd2039196 <unknown>\n#18 0x7f89cce9ca94 <unknown>\n#19 0x7f89ccf29c3c <unknown>\n\n",
        "statusTrace" : "  File \"/opt/hostedtoolcache/Python/3.11.11/x64/lib/python3.11/site-packages/allure_commons/_allure.py\", line 192, in impl\n    return func(*a, **kw)\n           ^^^^^^^^^^^^^^\n  File \"/home/runner/work/luma_project/luma_project/pages/base_page.py\", line 80, in element_is_clickable\n    return wait(self.driver, timeout).until(EC.element_to_be_clickable(locator))\n           ^^^^^^^^^^^^^^^^^^^^^^^^^^^^^^^^^^^^^^^^^^^^^^^^^^^^^^^^^^^^^^^^^^^^^\n  File \"/opt/hostedtoolcache/Python/3.11.11/x64/lib/python3.11/site-packages/selenium/webdriver/support/wait.py\", line 95, in until\n    raise TimeoutException(message, screen, stacktrace)\n",
        "steps" : [ ],
        "attachments" : [ ],
        "parameters" : [ {
          "name" : "locator",
          "value" : "('css selector', '.home-pants')"
        }, {
          "name" : "timeout",
          "value" : "5"
        } ],
        "stepsCount" : 0,
        "attachmentsCount" : 0,
        "shouldDisplayMessage" : true,
        "hasContent" : true
      } ],
      "attachments" : [ ],
      "parameters" : [ ],
      "stepsCount" : 1,
      "attachmentsCount" : 0,
      "shouldDisplayMessage" : false,
      "hasContent" : true
    } ],
    "attachments" : [ {
      "uid" : "a83977f4606bdb94",
      "name" : "Screenshot",
      "source" : "a83977f4606bdb94.png",
      "type" : "image/png",
      "size" : 548028
    }, {
      "uid" : "c147758cc00cc6cb",
      "name" : "HTML source",
      "source" : "c147758cc00cc6cb.html",
      "type" : "text/html",
      "size" : 144959
    } ],
    "parameters" : [ ],
    "stepsCount" : 3,
    "attachmentsCount" : 2,
    "shouldDisplayMessage" : true,
    "hasContent" : true
  },
  "afterStages" : [ {
    "name" : "driver::0",
    "time" : {
      "start" : 1736041916841,
      "stop" : 1736041916963,
      "duration" : 122
    },
    "status" : "passed",
    "steps" : [ ],
    "attachments" : [ ],
    "parameters" : [ ],
    "stepsCount" : 0,
    "attachmentsCount" : 0,
    "shouldDisplayMessage" : false,
    "hasContent" : false
  }, {
    "name" : "clear_allure_result_folder::0",
    "time" : {
      "start" : 1736042541017,
      "stop" : 1736042541017,
      "duration" : 0
    },
    "status" : "passed",
    "steps" : [ ],
    "attachments" : [ ],
    "parameters" : [ ],
    "stepsCount" : 0,
    "attachmentsCount" : 0,
    "shouldDisplayMessage" : false,
    "hasContent" : false
  } ],
  "labels" : [ {
    "name" : "feature",
    "value" : "Promo Block Testing"
  }, {
    "name" : "epic",
    "value" : "Main Page"
  }, {
    "name" : "parentSuite",
    "value" : "tests"
  }, {
    "name" : "suite",
    "value" : "test_main_page"
  }, {
    "name" : "subSuite",
    "value" : "TestMainPage"
  }, {
    "name" : "host",
    "value" : "fv-az1047-656"
  }, {
    "name" : "thread",
    "value" : "2794-MainThread"
  }, {
    "name" : "framework",
    "value" : "pytest"
  }, {
    "name" : "language",
    "value" : "cpython3"
  }, {
    "name" : "package",
    "value" : "tests.test_main_page"
  }, {
    "name" : "resultFormat",
    "value" : "allure2"
  } ],
  "parameters" : [ ],
  "links" : [ ],
  "hidden" : false,
  "retry" : false,
  "extra" : {
    "severity" : "normal",
    "retries" : [ ],
    "categories" : [ {
      "name" : "Test defects",
      "matchedStatuses" : [ ],
      "flaky" : false
    } ],
    "tags" : [ ]
  },
  "source" : "78dd05a49f5157bf.json",
  "parameterValues" : [ ]
}