{
  "uid" : "7b7dd27b9f2799eb",
  "name" : "TC 17.01.09 Verify FYP captcha input field is present",
  "fullName" : "tests.test_forgot_your_password.TestForgotYourPassword#test_17_01_09_email_field_is_present",
  "historyId" : "cd76134b1f5e36a57a9e536da7128211",
  "time" : {
    "start" : 1700961404100,
    "stop" : 1700961409193,
    "duration" : 5093
  },
  "description" : "Check if the captcha input field is present",
  "descriptionHtml" : "<p>Check if the captcha input field is present</p>\n",
  "status" : "broken",
  "statusMessage" : "selenium.common.exceptions.TimeoutException: Message: \nStacktrace:\n#0 0x55657cc9a5e3 <unknown>\n#1 0x55657c95d0b7 <unknown>\n#2 0x55657c9aaf53 <unknown>\n#3 0x55657c9ab051 <unknown>\n#4 0x55657c9f09c4 <unknown>\n#5 0x55657c9d1f1d <unknown>\n#6 0x55657c9edb3d <unknown>\n#7 0x55657c9d1cc3 <unknown>\n#8 0x55657c99d0e4 <unknown>\n#9 0x55657c99e0ae <unknown>\n#10 0x55657cc60ce1 <unknown>\n#11 0x55657cc64b7e <unknown>\n#12 0x55657cc4e4b5 <unknown>\n#13 0x55657cc657d6 <unknown>\n#14 0x55657cc31dbf <unknown>\n#15 0x55657cc88748 <unknown>\n#16 0x55657cc88917 <unknown>\n#17 0x55657cc99773 <unknown>\n#18 0x7fd8a2694ac3 <unknown>",
  "statusTrace" : "self = <test_forgot_your_password.TestForgotYourPassword object at 0x7fbd6868fd10>\ndriver = <selenium.webdriver.chrome.webdriver.WebDriver (session=\"e8863f919a4058b8debbe2f3505711f6\")>\nforgot_psw_page = <pages.forgot_your_password_page.ForgotYourPasswordPage object at 0x7fbd686aa850>\n\n    @allure.title('TC 17.01.09 Verify FYP captcha input field is present')\n    def test_17_01_09_email_field_is_present(self, driver, forgot_psw_page):\n        \"\"\"Check if the captcha input field is present\"\"\"\n>       captcha_input = forgot_psw_page.check_forgot_psw_captcha_field_is_clickable()\n\ntests/test_forgot_your_password.py:87: \n_ _ _ _ _ _ _ _ _ _ _ _ _ _ _ _ _ _ _ _ _ _ _ _ _ _ _ _ _ _ _ _ _ _ _ _ _ _ _ _ \npages/forgot_your_password_page.py:59: in check_forgot_psw_captcha_field_is_clickable\n    return self.element_is_clickable(self.locators.FORGOT_YOUR_PASSWORD_CAPTCHA)\npages/base_page.py:80: in element_is_clickable\n    return wait(self.driver, timeout).until(EC.element_to_be_clickable(locator))\n_ _ _ _ _ _ _ _ _ _ _ _ _ _ _ _ _ _ _ _ _ _ _ _ _ _ _ _ _ _ _ _ _ _ _ _ _ _ _ _ \n\nself = <selenium.webdriver.support.wait.WebDriverWait (session=\"e8863f919a4058b8debbe2f3505711f6\")>\nmethod = <function element_to_be_clickable.<locals>._predicate at 0x7fbd6901c4a0>\nmessage = ''\n\n    def until(self, method, message: str = \"\"):\n        \"\"\"Calls the method provided with the driver as an argument until the \\\n        return value does not evaluate to ``False``.\n    \n        :param method: callable(WebDriver)\n        :param message: optional message for :exc:`TimeoutException`\n        :returns: the result of the last call to `method`\n        :raises: :exc:`selenium.common.exceptions.TimeoutException` if timeout occurs\n        \"\"\"\n        screen = None\n        stacktrace = None\n    \n        end_time = time.monotonic() + self._timeout\n        while True:\n            try:\n                value = method(self._driver)\n                if value:\n                    return value\n            except self._ignored_exceptions as exc:\n                screen = getattr(exc, \"screen\", None)\n                stacktrace = getattr(exc, \"stacktrace\", None)\n            time.sleep(self._poll)\n            if time.monotonic() > end_time:\n                break\n>       raise TimeoutException(message, screen, stacktrace)\nE       selenium.common.exceptions.TimeoutException: Message: \nE       Stacktrace:\nE       #0 0x55657cc9a5e3 <unknown>\nE       #1 0x55657c95d0b7 <unknown>\nE       #2 0x55657c9aaf53 <unknown>\nE       #3 0x55657c9ab051 <unknown>\nE       #4 0x55657c9f09c4 <unknown>\nE       #5 0x55657c9d1f1d <unknown>\nE       #6 0x55657c9edb3d <unknown>\nE       #7 0x55657c9d1cc3 <unknown>\nE       #8 0x55657c99d0e4 <unknown>\nE       #9 0x55657c99e0ae <unknown>\nE       #10 0x55657cc60ce1 <unknown>\nE       #11 0x55657cc64b7e <unknown>\nE       #12 0x55657cc4e4b5 <unknown>\nE       #13 0x55657cc657d6 <unknown>\nE       #14 0x55657cc31dbf <unknown>\nE       #15 0x55657cc88748 <unknown>\nE       #16 0x55657cc88917 <unknown>\nE       #17 0x55657cc99773 <unknown>\nE       #18 0x7fd8a2694ac3 <unknown>\n\n/opt/hostedtoolcache/Python/3.11.6/x64/lib/python3.11/site-packages/selenium/webdriver/support/wait.py:95: TimeoutException",
  "flaky" : false,
  "newFailed" : false,
  "beforeStages" : [ {
    "name" : "_session_faker",
    "time" : {
      "start" : 1700961123060,
      "stop" : 1700961123122,
      "duration" : 62
    },
    "status" : "passed",
    "steps" : [ ],
    "attachments" : [ ],
    "parameters" : [ ],
    "stepsCount" : 0,
    "attachmentsCount" : 0,
    "shouldDisplayMessage" : false,
    "hasContent" : false
  }, {
    "name" : "driver",
    "time" : {
      "start" : 1700961402286,
      "stop" : 1700961403252,
      "duration" : 966
    },
    "status" : "passed",
    "steps" : [ ],
    "attachments" : [ ],
    "parameters" : [ ],
    "stepsCount" : 0,
    "attachmentsCount" : 0,
    "shouldDisplayMessage" : false,
    "hasContent" : false
  }, {
    "name" : "clear_allure_result_folder",
    "time" : {
      "start" : 1700961123122,
      "stop" : 1700961123122,
      "duration" : 0
    },
    "status" : "passed",
    "steps" : [ ],
    "attachments" : [ ],
    "parameters" : [ ],
    "stepsCount" : 0,
    "attachmentsCount" : 0,
    "shouldDisplayMessage" : false,
    "hasContent" : false
  }, {
    "name" : "forgot_psw_page",
    "time" : {
      "start" : 1700961403252,
      "stop" : 1700961404099,
      "duration" : 847
    },
    "status" : "passed",
    "steps" : [ {
      "name" : "Open a browser",
      "time" : {
        "start" : 1700961403252,
        "stop" : 1700961404099,
        "duration" : 847
      },
      "status" : "passed",
      "steps" : [ ],
      "attachments" : [ ],
      "parameters" : [ ],
      "stepsCount" : 0,
      "attachmentsCount" : 0,
      "shouldDisplayMessage" : false,
      "hasContent" : false
    } ],
    "attachments" : [ ],
    "parameters" : [ ],
    "stepsCount" : 1,
    "attachmentsCount" : 0,
    "shouldDisplayMessage" : false,
    "hasContent" : true
  } ],
  "testStage" : {
    "description" : "Check if the captcha input field is present",
    "status" : "broken",
    "statusMessage" : "selenium.common.exceptions.TimeoutException: Message: \nStacktrace:\n#0 0x55657cc9a5e3 <unknown>\n#1 0x55657c95d0b7 <unknown>\n#2 0x55657c9aaf53 <unknown>\n#3 0x55657c9ab051 <unknown>\n#4 0x55657c9f09c4 <unknown>\n#5 0x55657c9d1f1d <unknown>\n#6 0x55657c9edb3d <unknown>\n#7 0x55657c9d1cc3 <unknown>\n#8 0x55657c99d0e4 <unknown>\n#9 0x55657c99e0ae <unknown>\n#10 0x55657cc60ce1 <unknown>\n#11 0x55657cc64b7e <unknown>\n#12 0x55657cc4e4b5 <unknown>\n#13 0x55657cc657d6 <unknown>\n#14 0x55657cc31dbf <unknown>\n#15 0x55657cc88748 <unknown>\n#16 0x55657cc88917 <unknown>\n#17 0x55657cc99773 <unknown>\n#18 0x7fd8a2694ac3 <unknown>",
    "statusTrace" : "self = <test_forgot_your_password.TestForgotYourPassword object at 0x7fbd6868fd10>\ndriver = <selenium.webdriver.chrome.webdriver.WebDriver (session=\"e8863f919a4058b8debbe2f3505711f6\")>\nforgot_psw_page = <pages.forgot_your_password_page.ForgotYourPasswordPage object at 0x7fbd686aa850>\n\n    @allure.title('TC 17.01.09 Verify FYP captcha input field is present')\n    def test_17_01_09_email_field_is_present(self, driver, forgot_psw_page):\n        \"\"\"Check if the captcha input field is present\"\"\"\n>       captcha_input = forgot_psw_page.check_forgot_psw_captcha_field_is_clickable()\n\ntests/test_forgot_your_password.py:87: \n_ _ _ _ _ _ _ _ _ _ _ _ _ _ _ _ _ _ _ _ _ _ _ _ _ _ _ _ _ _ _ _ _ _ _ _ _ _ _ _ \npages/forgot_your_password_page.py:59: in check_forgot_psw_captcha_field_is_clickable\n    return self.element_is_clickable(self.locators.FORGOT_YOUR_PASSWORD_CAPTCHA)\npages/base_page.py:80: in element_is_clickable\n    return wait(self.driver, timeout).until(EC.element_to_be_clickable(locator))\n_ _ _ _ _ _ _ _ _ _ _ _ _ _ _ _ _ _ _ _ _ _ _ _ _ _ _ _ _ _ _ _ _ _ _ _ _ _ _ _ \n\nself = <selenium.webdriver.support.wait.WebDriverWait (session=\"e8863f919a4058b8debbe2f3505711f6\")>\nmethod = <function element_to_be_clickable.<locals>._predicate at 0x7fbd6901c4a0>\nmessage = ''\n\n    def until(self, method, message: str = \"\"):\n        \"\"\"Calls the method provided with the driver as an argument until the \\\n        return value does not evaluate to ``False``.\n    \n        :param method: callable(WebDriver)\n        :param message: optional message for :exc:`TimeoutException`\n        :returns: the result of the last call to `method`\n        :raises: :exc:`selenium.common.exceptions.TimeoutException` if timeout occurs\n        \"\"\"\n        screen = None\n        stacktrace = None\n    \n        end_time = time.monotonic() + self._timeout\n        while True:\n            try:\n                value = method(self._driver)\n                if value:\n                    return value\n            except self._ignored_exceptions as exc:\n                screen = getattr(exc, \"screen\", None)\n                stacktrace = getattr(exc, \"stacktrace\", None)\n            time.sleep(self._poll)\n            if time.monotonic() > end_time:\n                break\n>       raise TimeoutException(message, screen, stacktrace)\nE       selenium.common.exceptions.TimeoutException: Message: \nE       Stacktrace:\nE       #0 0x55657cc9a5e3 <unknown>\nE       #1 0x55657c95d0b7 <unknown>\nE       #2 0x55657c9aaf53 <unknown>\nE       #3 0x55657c9ab051 <unknown>\nE       #4 0x55657c9f09c4 <unknown>\nE       #5 0x55657c9d1f1d <unknown>\nE       #6 0x55657c9edb3d <unknown>\nE       #7 0x55657c9d1cc3 <unknown>\nE       #8 0x55657c99d0e4 <unknown>\nE       #9 0x55657c99e0ae <unknown>\nE       #10 0x55657cc60ce1 <unknown>\nE       #11 0x55657cc64b7e <unknown>\nE       #12 0x55657cc4e4b5 <unknown>\nE       #13 0x55657cc657d6 <unknown>\nE       #14 0x55657cc31dbf <unknown>\nE       #15 0x55657cc88748 <unknown>\nE       #16 0x55657cc88917 <unknown>\nE       #17 0x55657cc99773 <unknown>\nE       #18 0x7fd8a2694ac3 <unknown>\n\n/opt/hostedtoolcache/Python/3.11.6/x64/lib/python3.11/site-packages/selenium/webdriver/support/wait.py:95: TimeoutException",
    "steps" : [ {
      "name" : "Check FYP captcha input field is clickable",
      "time" : {
        "start" : 1700961404100,
        "stop" : 1700961409192,
        "duration" : 5092
      },
      "status" : "broken",
      "statusMessage" : "selenium.common.exceptions.TimeoutException: Message: \nStacktrace:\n#0 0x55657cc9a5e3 <unknown>\n#1 0x55657c95d0b7 <unknown>\n#2 0x55657c9aaf53 <unknown>\n#3 0x55657c9ab051 <unknown>\n#4 0x55657c9f09c4 <unknown>\n#5 0x55657c9d1f1d <unknown>\n#6 0x55657c9edb3d <unknown>\n#7 0x55657c9d1cc3 <unknown>\n#8 0x55657c99d0e4 <unknown>\n#9 0x55657c99e0ae <unknown>\n#10 0x55657cc60ce1 <unknown>\n#11 0x55657cc64b7e <unknown>\n#12 0x55657cc4e4b5 <unknown>\n#13 0x55657cc657d6 <unknown>\n#14 0x55657cc31dbf <unknown>\n#15 0x55657cc88748 <unknown>\n#16 0x55657cc88917 <unknown>\n#17 0x55657cc99773 <unknown>\n#18 0x7fd8a2694ac3 <unknown>\n\n",
      "statusTrace" : "  File \"/opt/hostedtoolcache/Python/3.11.6/x64/lib/python3.11/site-packages/allure_commons/_allure.py\", line 192, in impl\n    return func(*a, **kw)\n           ^^^^^^^^^^^^^^\n  File \"/home/runner/work/luma_project/luma_project/pages/forgot_your_password_page.py\", line 59, in check_forgot_psw_captcha_field_is_clickable\n    return self.element_is_clickable(self.locators.FORGOT_YOUR_PASSWORD_CAPTCHA)\n           ^^^^^^^^^^^^^^^^^^^^^^^^^^^^^^^^^^^^^^^^^^^^^^^^^^^^^^^^^^^^^^^^^^^^^\n  File \"/opt/hostedtoolcache/Python/3.11.6/x64/lib/python3.11/site-packages/allure_commons/_allure.py\", line 192, in impl\n    return func(*a, **kw)\n           ^^^^^^^^^^^^^^\n  File \"/home/runner/work/luma_project/luma_project/pages/base_page.py\", line 80, in element_is_clickable\n    return wait(self.driver, timeout).until(EC.element_to_be_clickable(locator))\n           ^^^^^^^^^^^^^^^^^^^^^^^^^^^^^^^^^^^^^^^^^^^^^^^^^^^^^^^^^^^^^^^^^^^^^\n  File \"/opt/hostedtoolcache/Python/3.11.6/x64/lib/python3.11/site-packages/selenium/webdriver/support/wait.py\", line 95, in until\n    raise TimeoutException(message, screen, stacktrace)\n",
      "steps" : [ {
        "name" : "Find clickable elements",
        "time" : {
          "start" : 1700961404100,
          "stop" : 1700961409192,
          "duration" : 5092
        },
        "status" : "broken",
        "statusMessage" : "selenium.common.exceptions.TimeoutException: Message: \nStacktrace:\n#0 0x55657cc9a5e3 <unknown>\n#1 0x55657c95d0b7 <unknown>\n#2 0x55657c9aaf53 <unknown>\n#3 0x55657c9ab051 <unknown>\n#4 0x55657c9f09c4 <unknown>\n#5 0x55657c9d1f1d <unknown>\n#6 0x55657c9edb3d <unknown>\n#7 0x55657c9d1cc3 <unknown>\n#8 0x55657c99d0e4 <unknown>\n#9 0x55657c99e0ae <unknown>\n#10 0x55657cc60ce1 <unknown>\n#11 0x55657cc64b7e <unknown>\n#12 0x55657cc4e4b5 <unknown>\n#13 0x55657cc657d6 <unknown>\n#14 0x55657cc31dbf <unknown>\n#15 0x55657cc88748 <unknown>\n#16 0x55657cc88917 <unknown>\n#17 0x55657cc99773 <unknown>\n#18 0x7fd8a2694ac3 <unknown>\n\n",
        "statusTrace" : "  File \"/opt/hostedtoolcache/Python/3.11.6/x64/lib/python3.11/site-packages/allure_commons/_allure.py\", line 192, in impl\n    return func(*a, **kw)\n           ^^^^^^^^^^^^^^\n  File \"/home/runner/work/luma_project/luma_project/pages/base_page.py\", line 80, in element_is_clickable\n    return wait(self.driver, timeout).until(EC.element_to_be_clickable(locator))\n           ^^^^^^^^^^^^^^^^^^^^^^^^^^^^^^^^^^^^^^^^^^^^^^^^^^^^^^^^^^^^^^^^^^^^^\n  File \"/opt/hostedtoolcache/Python/3.11.6/x64/lib/python3.11/site-packages/selenium/webdriver/support/wait.py\", line 95, in until\n    raise TimeoutException(message, screen, stacktrace)\n",
        "steps" : [ ],
        "attachments" : [ ],
        "parameters" : [ {
          "name" : "locator",
          "value" : "('css selector', '#captcha_user_forgotpassword')"
        }, {
          "name" : "timeout",
          "value" : "5"
        } ],
        "stepsCount" : 0,
        "attachmentsCount" : 0,
        "shouldDisplayMessage" : true,
        "hasContent" : true
      } ],
      "attachments" : [ ],
      "parameters" : [ ],
      "stepsCount" : 1,
      "attachmentsCount" : 0,
      "shouldDisplayMessage" : false,
      "hasContent" : true
    } ],
    "attachments" : [ {
      "uid" : "7c0190e8baf1ddd0",
      "name" : "Screenshot",
      "source" : "7c0190e8baf1ddd0.png",
      "type" : "image/png",
      "size" : 75616
    }, {
      "uid" : "94d7fc929396cc02",
      "name" : "HTML source",
      "source" : "94d7fc929396cc02.html",
      "type" : "text/html",
      "size" : 78628
    } ],
    "parameters" : [ ],
    "stepsCount" : 2,
    "attachmentsCount" : 2,
    "shouldDisplayMessage" : true,
    "hasContent" : true
  },
  "afterStages" : [ {
    "name" : "driver::0",
    "time" : {
      "start" : 1700961409320,
      "stop" : 1700961409387,
      "duration" : 67
    },
    "status" : "passed",
    "steps" : [ ],
    "attachments" : [ ],
    "parameters" : [ ],
    "stepsCount" : 0,
    "attachmentsCount" : 0,
    "shouldDisplayMessage" : false,
    "hasContent" : false
  }, {
    "name" : "clear_allure_result_folder::0",
    "time" : {
      "start" : 1700962407050,
      "stop" : 1700962407050,
      "duration" : 0
    },
    "status" : "passed",
    "steps" : [ ],
    "attachments" : [ ],
    "parameters" : [ ],
    "stepsCount" : 0,
    "attachmentsCount" : 0,
    "shouldDisplayMessage" : false,
    "hasContent" : false
  } ],
  "labels" : [ {
    "name" : "epic",
    "value" : "Forgot Your Password Page"
  }, {
    "name" : "parentSuite",
    "value" : "tests"
  }, {
    "name" : "suite",
    "value" : "test_forgot_your_password"
  }, {
    "name" : "subSuite",
    "value" : "TestForgotYourPassword"
  }, {
    "name" : "host",
    "value" : "fv-az1206-644"
  }, {
    "name" : "thread",
    "value" : "3057-MainThread"
  }, {
    "name" : "framework",
    "value" : "pytest"
  }, {
    "name" : "language",
    "value" : "cpython3"
  }, {
    "name" : "package",
    "value" : "tests.test_forgot_your_password"
  }, {
    "name" : "resultFormat",
    "value" : "allure2"
  } ],
  "parameters" : [ ],
  "links" : [ ],
  "hidden" : false,
  "retry" : false,
  "extra" : {
    "severity" : "normal",
    "retries" : [ ],
    "categories" : [ {
      "name" : "Test defects",
      "matchedStatuses" : [ ],
      "flaky" : false
    } ],
    "tags" : [ ]
  },
  "source" : "7b7dd27b9f2799eb.json",
  "parameterValues" : [ ]
}