{
  "uid" : "7cfd333dc4d662cd",
  "name" : "TC 01.03.22 correctness of the \"Tanks\" link of the \"Men\" section",
  "fullName" : "tests.test_header.TestHeader#test_tc_01_03_22_correctness_of_tanks_men_section_link",
  "historyId" : "624219791e9cdef93da4ca00906ee324",
  "time" : {
    "start" : 1697334079497,
    "stop" : 1697334084862,
    "duration" : 5365
  },
  "description" : "Check 'Tanks' subsection link click in 'Men' section redirects to the Tanks-men page and         the 'Tanks' header is displayed",
  "descriptionHtml" : "<p>Check 'Tanks' subsection link click in 'Men' section redirects to the Tanks-men page and         the 'Tanks' header is displayed</p>\n",
  "status" : "broken",
  "statusMessage" : "selenium.common.exceptions.TimeoutException: Message: \nStacktrace:\n#0 0x55ac5145d6b3 <unknown>\n#1 0x55ac511331e7 <unknown>\n#2 0x55ac5117a566 <unknown>\n#3 0x55ac5117a651 <unknown>\n#4 0x55ac511b7a74 <unknown>\n#5 0x55ac5119c0ed <unknown>\n#6 0x55ac511b5322 <unknown>\n#7 0x55ac5119be93 <unknown>\n#8 0x55ac5116e934 <unknown>\n#9 0x55ac5116f71e <unknown>\n#10 0x55ac51422cb8 <unknown>\n#11 0x55ac51426bf0 <unknown>\n#12 0x55ac5143119c <unknown>\n#13 0x55ac51427808 <unknown>\n#14 0x55ac513f427f <unknown>\n#15 0x55ac5144be88 <unknown>\n#16 0x55ac5144c059 <unknown>\n#17 0x55ac5145c843 <unknown>\n#18 0x7f61d1694b43 <unknown>",
  "statusTrace" : "self = <test_header.TestHeader object at 0x7fe0af35f210>\ndriver = <selenium.webdriver.chrome.webdriver.WebDriver (session=\"1ea98b143c228ddaa802bb6826a922df\")>\n\n    @allure.title('TC 01.03.22 correctness of the \"Tanks\" link of the \"Men\" section')\n    def test_tc_01_03_22_correctness_of_tanks_men_section_link(self, driver):\n        \"\"\"Check 'Tanks' subsection link click in 'Men' section redirects to the Tanks-men page and \\\n        the 'Tanks' header is displayed\"\"\"\n        page = HeaderPage(driver, MAIN_PAGE_URL)\n        page.open()\n>       page.check_redirection_of_tanks_subsection_of_men_section_link()\n\ntests/test_header.py:383: \n_ _ _ _ _ _ _ _ _ _ _ _ _ _ _ _ _ _ _ _ _ _ _ _ _ _ _ _ _ _ _ _ _ _ _ _ _ _ _ _ \npages/header_page.py:298: in check_redirection_of_tanks_subsection_of_men_section_link\n    self.action_move_to_element(self.element_is_visible(self.header_locators.MEN_SECTION))\npages/base_page.py:29: in element_is_visible\n    self.go_to_element(self.element_is_present(locator))\npages/base_page.py:50: in element_is_present\n    return wait(self.driver, timeout).until(EC.presence_of_element_located(locator))\n_ _ _ _ _ _ _ _ _ _ _ _ _ _ _ _ _ _ _ _ _ _ _ _ _ _ _ _ _ _ _ _ _ _ _ _ _ _ _ _ \n\nself = <selenium.webdriver.support.wait.WebDriverWait (session=\"1ea98b143c228ddaa802bb6826a922df\")>\nmethod = <function presence_of_element_located.<locals>._predicate at 0x7fe0b0a7e340>\nmessage = ''\n\n    def until(self, method, message: str = \"\"):\n        \"\"\"Calls the method provided with the driver as an argument until the \\\n        return value does not evaluate to ``False``.\n    \n        :param method: callable(WebDriver)\n        :param message: optional message for :exc:`TimeoutException`\n        :returns: the result of the last call to `method`\n        :raises: :exc:`selenium.common.exceptions.TimeoutException` if timeout occurs\n        \"\"\"\n        screen = None\n        stacktrace = None\n    \n        end_time = time.monotonic() + self._timeout\n        while True:\n            try:\n                value = method(self._driver)\n                if value:\n                    return value\n            except self._ignored_exceptions as exc:\n                screen = getattr(exc, \"screen\", None)\n                stacktrace = getattr(exc, \"stacktrace\", None)\n            time.sleep(self._poll)\n            if time.monotonic() > end_time:\n                break\n>       raise TimeoutException(message, screen, stacktrace)\nE       selenium.common.exceptions.TimeoutException: Message: \nE       Stacktrace:\nE       #0 0x55ac5145d6b3 <unknown>\nE       #1 0x55ac511331e7 <unknown>\nE       #2 0x55ac5117a566 <unknown>\nE       #3 0x55ac5117a651 <unknown>\nE       #4 0x55ac511b7a74 <unknown>\nE       #5 0x55ac5119c0ed <unknown>\nE       #6 0x55ac511b5322 <unknown>\nE       #7 0x55ac5119be93 <unknown>\nE       #8 0x55ac5116e934 <unknown>\nE       #9 0x55ac5116f71e <unknown>\nE       #10 0x55ac51422cb8 <unknown>\nE       #11 0x55ac51426bf0 <unknown>\nE       #12 0x55ac5143119c <unknown>\nE       #13 0x55ac51427808 <unknown>\nE       #14 0x55ac513f427f <unknown>\nE       #15 0x55ac5144be88 <unknown>\nE       #16 0x55ac5144c059 <unknown>\nE       #17 0x55ac5145c843 <unknown>\nE       #18 0x7f61d1694b43 <unknown>\n\n/opt/hostedtoolcache/Python/3.11.5/x64/lib/python3.11/site-packages/selenium/webdriver/support/wait.py:95: TimeoutException",
  "flaky" : false,
  "newFailed" : false,
  "beforeStages" : [ {
    "name" : "driver",
    "time" : {
      "start" : 1697334078330,
      "stop" : 1697334079497,
      "duration" : 1167
    },
    "status" : "passed",
    "steps" : [ ],
    "attachments" : [ ],
    "parameters" : [ ],
    "stepsCount" : 0,
    "attachmentsCount" : 0,
    "shouldDisplayMessage" : false,
    "hasContent" : false
  }, {
    "name" : "_session_faker",
    "time" : {
      "start" : 1697332188525,
      "stop" : 1697332188634,
      "duration" : 109
    },
    "status" : "passed",
    "steps" : [ ],
    "attachments" : [ ],
    "parameters" : [ ],
    "stepsCount" : 0,
    "attachmentsCount" : 0,
    "shouldDisplayMessage" : false,
    "hasContent" : false
  }, {
    "name" : "clear_allure_result_folder",
    "time" : {
      "start" : 1697332188634,
      "stop" : 1697332188634,
      "duration" : 0
    },
    "status" : "passed",
    "steps" : [ ],
    "attachments" : [ ],
    "parameters" : [ ],
    "stepsCount" : 0,
    "attachmentsCount" : 0,
    "shouldDisplayMessage" : false,
    "hasContent" : false
  } ],
  "testStage" : {
    "description" : "Check 'Tanks' subsection link click in 'Men' section redirects to the Tanks-men page and         the 'Tanks' header is displayed",
    "status" : "broken",
    "statusMessage" : "selenium.common.exceptions.TimeoutException: Message: \nStacktrace:\n#0 0x55ac5145d6b3 <unknown>\n#1 0x55ac511331e7 <unknown>\n#2 0x55ac5117a566 <unknown>\n#3 0x55ac5117a651 <unknown>\n#4 0x55ac511b7a74 <unknown>\n#5 0x55ac5119c0ed <unknown>\n#6 0x55ac511b5322 <unknown>\n#7 0x55ac5119be93 <unknown>\n#8 0x55ac5116e934 <unknown>\n#9 0x55ac5116f71e <unknown>\n#10 0x55ac51422cb8 <unknown>\n#11 0x55ac51426bf0 <unknown>\n#12 0x55ac5143119c <unknown>\n#13 0x55ac51427808 <unknown>\n#14 0x55ac513f427f <unknown>\n#15 0x55ac5144be88 <unknown>\n#16 0x55ac5144c059 <unknown>\n#17 0x55ac5145c843 <unknown>\n#18 0x7f61d1694b43 <unknown>",
    "statusTrace" : "self = <test_header.TestHeader object at 0x7fe0af35f210>\ndriver = <selenium.webdriver.chrome.webdriver.WebDriver (session=\"1ea98b143c228ddaa802bb6826a922df\")>\n\n    @allure.title('TC 01.03.22 correctness of the \"Tanks\" link of the \"Men\" section')\n    def test_tc_01_03_22_correctness_of_tanks_men_section_link(self, driver):\n        \"\"\"Check 'Tanks' subsection link click in 'Men' section redirects to the Tanks-men page and \\\n        the 'Tanks' header is displayed\"\"\"\n        page = HeaderPage(driver, MAIN_PAGE_URL)\n        page.open()\n>       page.check_redirection_of_tanks_subsection_of_men_section_link()\n\ntests/test_header.py:383: \n_ _ _ _ _ _ _ _ _ _ _ _ _ _ _ _ _ _ _ _ _ _ _ _ _ _ _ _ _ _ _ _ _ _ _ _ _ _ _ _ \npages/header_page.py:298: in check_redirection_of_tanks_subsection_of_men_section_link\n    self.action_move_to_element(self.element_is_visible(self.header_locators.MEN_SECTION))\npages/base_page.py:29: in element_is_visible\n    self.go_to_element(self.element_is_present(locator))\npages/base_page.py:50: in element_is_present\n    return wait(self.driver, timeout).until(EC.presence_of_element_located(locator))\n_ _ _ _ _ _ _ _ _ _ _ _ _ _ _ _ _ _ _ _ _ _ _ _ _ _ _ _ _ _ _ _ _ _ _ _ _ _ _ _ \n\nself = <selenium.webdriver.support.wait.WebDriverWait (session=\"1ea98b143c228ddaa802bb6826a922df\")>\nmethod = <function presence_of_element_located.<locals>._predicate at 0x7fe0b0a7e340>\nmessage = ''\n\n    def until(self, method, message: str = \"\"):\n        \"\"\"Calls the method provided with the driver as an argument until the \\\n        return value does not evaluate to ``False``.\n    \n        :param method: callable(WebDriver)\n        :param message: optional message for :exc:`TimeoutException`\n        :returns: the result of the last call to `method`\n        :raises: :exc:`selenium.common.exceptions.TimeoutException` if timeout occurs\n        \"\"\"\n        screen = None\n        stacktrace = None\n    \n        end_time = time.monotonic() + self._timeout\n        while True:\n            try:\n                value = method(self._driver)\n                if value:\n                    return value\n            except self._ignored_exceptions as exc:\n                screen = getattr(exc, \"screen\", None)\n                stacktrace = getattr(exc, \"stacktrace\", None)\n            time.sleep(self._poll)\n            if time.monotonic() > end_time:\n                break\n>       raise TimeoutException(message, screen, stacktrace)\nE       selenium.common.exceptions.TimeoutException: Message: \nE       Stacktrace:\nE       #0 0x55ac5145d6b3 <unknown>\nE       #1 0x55ac511331e7 <unknown>\nE       #2 0x55ac5117a566 <unknown>\nE       #3 0x55ac5117a651 <unknown>\nE       #4 0x55ac511b7a74 <unknown>\nE       #5 0x55ac5119c0ed <unknown>\nE       #6 0x55ac511b5322 <unknown>\nE       #7 0x55ac5119be93 <unknown>\nE       #8 0x55ac5116e934 <unknown>\nE       #9 0x55ac5116f71e <unknown>\nE       #10 0x55ac51422cb8 <unknown>\nE       #11 0x55ac51426bf0 <unknown>\nE       #12 0x55ac5143119c <unknown>\nE       #13 0x55ac51427808 <unknown>\nE       #14 0x55ac513f427f <unknown>\nE       #15 0x55ac5144be88 <unknown>\nE       #16 0x55ac5144c059 <unknown>\nE       #17 0x55ac5145c843 <unknown>\nE       #18 0x7f61d1694b43 <unknown>\n\n/opt/hostedtoolcache/Python/3.11.5/x64/lib/python3.11/site-packages/selenium/webdriver/support/wait.py:95: TimeoutException",
    "steps" : [ {
      "name" : "Open a browser",
      "time" : {
        "start" : 1697334079498,
        "stop" : 1697334079740,
        "duration" : 242
      },
      "status" : "passed",
      "steps" : [ ],
      "attachments" : [ ],
      "parameters" : [ ],
      "stepsCount" : 0,
      "attachmentsCount" : 0,
      "shouldDisplayMessage" : false,
      "hasContent" : false
    }, {
      "name" : "Check redirection of the \"Tanks\" subsection of \"Men\" section link",
      "time" : {
        "start" : 1697334079740,
        "stop" : 1697334084862,
        "duration" : 5122
      },
      "status" : "broken",
      "statusMessage" : "selenium.common.exceptions.TimeoutException: Message: \nStacktrace:\n#0 0x55ac5145d6b3 <unknown>\n#1 0x55ac511331e7 <unknown>\n#2 0x55ac5117a566 <unknown>\n#3 0x55ac5117a651 <unknown>\n#4 0x55ac511b7a74 <unknown>\n#5 0x55ac5119c0ed <unknown>\n#6 0x55ac511b5322 <unknown>\n#7 0x55ac5119be93 <unknown>\n#8 0x55ac5116e934 <unknown>\n#9 0x55ac5116f71e <unknown>\n#10 0x55ac51422cb8 <unknown>\n#11 0x55ac51426bf0 <unknown>\n#12 0x55ac5143119c <unknown>\n#13 0x55ac51427808 <unknown>\n#14 0x55ac513f427f <unknown>\n#15 0x55ac5144be88 <unknown>\n#16 0x55ac5144c059 <unknown>\n#17 0x55ac5145c843 <unknown>\n#18 0x7f61d1694b43 <unknown>\n\n",
      "statusTrace" : "  File \"/opt/hostedtoolcache/Python/3.11.5/x64/lib/python3.11/site-packages/allure_commons/_allure.py\", line 192, in impl\n    return func(*a, **kw)\n           ^^^^^^^^^^^^^^\n  File \"/home/runner/work/luma_project/luma_project/pages/header_page.py\", line 298, in check_redirection_of_tanks_subsection_of_men_section_link\n    self.action_move_to_element(self.element_is_visible(self.header_locators.MEN_SECTION))\n                                ^^^^^^^^^^^^^^^^^^^^^^^^^^^^^^^^^^^^^^^^^^^^^^^^^^^^^^^^^\n  File \"/opt/hostedtoolcache/Python/3.11.5/x64/lib/python3.11/site-packages/allure_commons/_allure.py\", line 192, in impl\n    return func(*a, **kw)\n           ^^^^^^^^^^^^^^\n  File \"/home/runner/work/luma_project/luma_project/pages/base_page.py\", line 29, in element_is_visible\n    self.go_to_element(self.element_is_present(locator))\n                       ^^^^^^^^^^^^^^^^^^^^^^^^^^^^^^^^\n  File \"/opt/hostedtoolcache/Python/3.11.5/x64/lib/python3.11/site-packages/allure_commons/_allure.py\", line 192, in impl\n    return func(*a, **kw)\n           ^^^^^^^^^^^^^^\n  File \"/home/runner/work/luma_project/luma_project/pages/base_page.py\", line 50, in element_is_present\n    return wait(self.driver, timeout).until(EC.presence_of_element_located(locator))\n           ^^^^^^^^^^^^^^^^^^^^^^^^^^^^^^^^^^^^^^^^^^^^^^^^^^^^^^^^^^^^^^^^^^^^^^^^^\n  File \"/opt/hostedtoolcache/Python/3.11.5/x64/lib/python3.11/site-packages/selenium/webdriver/support/wait.py\", line 95, in until\n    raise TimeoutException(message, screen, stacktrace)\n",
      "steps" : [ {
        "name" : "Find a visible element",
        "time" : {
          "start" : 1697334079740,
          "stop" : 1697334084862,
          "duration" : 5122
        },
        "status" : "broken",
        "statusMessage" : "selenium.common.exceptions.TimeoutException: Message: \nStacktrace:\n#0 0x55ac5145d6b3 <unknown>\n#1 0x55ac511331e7 <unknown>\n#2 0x55ac5117a566 <unknown>\n#3 0x55ac5117a651 <unknown>\n#4 0x55ac511b7a74 <unknown>\n#5 0x55ac5119c0ed <unknown>\n#6 0x55ac511b5322 <unknown>\n#7 0x55ac5119be93 <unknown>\n#8 0x55ac5116e934 <unknown>\n#9 0x55ac5116f71e <unknown>\n#10 0x55ac51422cb8 <unknown>\n#11 0x55ac51426bf0 <unknown>\n#12 0x55ac5143119c <unknown>\n#13 0x55ac51427808 <unknown>\n#14 0x55ac513f427f <unknown>\n#15 0x55ac5144be88 <unknown>\n#16 0x55ac5144c059 <unknown>\n#17 0x55ac5145c843 <unknown>\n#18 0x7f61d1694b43 <unknown>\n\n",
        "statusTrace" : "  File \"/opt/hostedtoolcache/Python/3.11.5/x64/lib/python3.11/site-packages/allure_commons/_allure.py\", line 192, in impl\n    return func(*a, **kw)\n           ^^^^^^^^^^^^^^\n  File \"/home/runner/work/luma_project/luma_project/pages/base_page.py\", line 29, in element_is_visible\n    self.go_to_element(self.element_is_present(locator))\n                       ^^^^^^^^^^^^^^^^^^^^^^^^^^^^^^^^\n  File \"/opt/hostedtoolcache/Python/3.11.5/x64/lib/python3.11/site-packages/allure_commons/_allure.py\", line 192, in impl\n    return func(*a, **kw)\n           ^^^^^^^^^^^^^^\n  File \"/home/runner/work/luma_project/luma_project/pages/base_page.py\", line 50, in element_is_present\n    return wait(self.driver, timeout).until(EC.presence_of_element_located(locator))\n           ^^^^^^^^^^^^^^^^^^^^^^^^^^^^^^^^^^^^^^^^^^^^^^^^^^^^^^^^^^^^^^^^^^^^^^^^^\n  File \"/opt/hostedtoolcache/Python/3.11.5/x64/lib/python3.11/site-packages/selenium/webdriver/support/wait.py\", line 95, in until\n    raise TimeoutException(message, screen, stacktrace)\n",
        "steps" : [ {
          "name" : "Find a present element",
          "time" : {
            "start" : 1697334079740,
            "stop" : 1697334084861,
            "duration" : 5121
          },
          "status" : "broken",
          "statusMessage" : "selenium.common.exceptions.TimeoutException: Message: \nStacktrace:\n#0 0x55ac5145d6b3 <unknown>\n#1 0x55ac511331e7 <unknown>\n#2 0x55ac5117a566 <unknown>\n#3 0x55ac5117a651 <unknown>\n#4 0x55ac511b7a74 <unknown>\n#5 0x55ac5119c0ed <unknown>\n#6 0x55ac511b5322 <unknown>\n#7 0x55ac5119be93 <unknown>\n#8 0x55ac5116e934 <unknown>\n#9 0x55ac5116f71e <unknown>\n#10 0x55ac51422cb8 <unknown>\n#11 0x55ac51426bf0 <unknown>\n#12 0x55ac5143119c <unknown>\n#13 0x55ac51427808 <unknown>\n#14 0x55ac513f427f <unknown>\n#15 0x55ac5144be88 <unknown>\n#16 0x55ac5144c059 <unknown>\n#17 0x55ac5145c843 <unknown>\n#18 0x7f61d1694b43 <unknown>\n\n",
          "statusTrace" : "  File \"/opt/hostedtoolcache/Python/3.11.5/x64/lib/python3.11/site-packages/allure_commons/_allure.py\", line 192, in impl\n    return func(*a, **kw)\n           ^^^^^^^^^^^^^^\n  File \"/home/runner/work/luma_project/luma_project/pages/base_page.py\", line 50, in element_is_present\n    return wait(self.driver, timeout).until(EC.presence_of_element_located(locator))\n           ^^^^^^^^^^^^^^^^^^^^^^^^^^^^^^^^^^^^^^^^^^^^^^^^^^^^^^^^^^^^^^^^^^^^^^^^^\n  File \"/opt/hostedtoolcache/Python/3.11.5/x64/lib/python3.11/site-packages/selenium/webdriver/support/wait.py\", line 95, in until\n    raise TimeoutException(message, screen, stacktrace)\n",
          "steps" : [ ],
          "attachments" : [ ],
          "parameters" : [ {
            "name" : "locator",
            "value" : "('id', 'ui-id-5')"
          }, {
            "name" : "timeout",
            "value" : "5"
          } ],
          "stepsCount" : 0,
          "attachmentsCount" : 0,
          "shouldDisplayMessage" : true,
          "hasContent" : true
        } ],
        "attachments" : [ ],
        "parameters" : [ {
          "name" : "locator",
          "value" : "('id', 'ui-id-5')"
        }, {
          "name" : "timeout",
          "value" : "10"
        } ],
        "stepsCount" : 1,
        "attachmentsCount" : 0,
        "shouldDisplayMessage" : false,
        "hasContent" : true
      } ],
      "attachments" : [ ],
      "parameters" : [ ],
      "stepsCount" : 2,
      "attachmentsCount" : 0,
      "shouldDisplayMessage" : false,
      "hasContent" : true
    } ],
    "attachments" : [ {
      "uid" : "53dccceb86e1748b",
      "name" : "Screenshot",
      "source" : "53dccceb86e1748b.png",
      "type" : "image/png",
      "size" : 14924
    }, {
      "uid" : "2efed55356a1d64",
      "name" : "HTML source",
      "source" : "2efed55356a1d64.html",
      "type" : "text/html",
      "size" : 571
    } ],
    "parameters" : [ ],
    "stepsCount" : 4,
    "attachmentsCount" : 2,
    "shouldDisplayMessage" : true,
    "hasContent" : true
  },
  "afterStages" : [ {
    "name" : "driver::0",
    "time" : {
      "start" : 1697334085048,
      "stop" : 1697334085107,
      "duration" : 59
    },
    "status" : "passed",
    "steps" : [ ],
    "attachments" : [ ],
    "parameters" : [ ],
    "stepsCount" : 0,
    "attachmentsCount" : 0,
    "shouldDisplayMessage" : false,
    "hasContent" : false
  }, {
    "name" : "clear_allure_result_folder::0",
    "time" : {
      "start" : 1697335158583,
      "stop" : 1697335158584,
      "duration" : 1
    },
    "status" : "passed",
    "steps" : [ ],
    "attachments" : [ ],
    "parameters" : [ ],
    "stepsCount" : 0,
    "attachmentsCount" : 0,
    "shouldDisplayMessage" : false,
    "hasContent" : false
  } ],
  "labels" : [ {
    "name" : "epic",
    "value" : "Test Header"
  }, {
    "name" : "parentSuite",
    "value" : "tests"
  }, {
    "name" : "suite",
    "value" : "test_header"
  }, {
    "name" : "subSuite",
    "value" : "TestHeader"
  }, {
    "name" : "host",
    "value" : "fv-az163-423"
  }, {
    "name" : "thread",
    "value" : "3041-MainThread"
  }, {
    "name" : "framework",
    "value" : "pytest"
  }, {
    "name" : "language",
    "value" : "cpython3"
  }, {
    "name" : "package",
    "value" : "tests.test_header"
  }, {
    "name" : "resultFormat",
    "value" : "allure2"
  } ],
  "parameters" : [ ],
  "links" : [ ],
  "hidden" : false,
  "retry" : false,
  "extra" : {
    "severity" : "normal",
    "retries" : [ ],
    "categories" : [ {
      "name" : "Test defects",
      "matchedStatuses" : [ ],
      "flaky" : false
    } ],
    "tags" : [ ]
  },
  "source" : "7cfd333dc4d662cd.json",
  "parameterValues" : [ ]
}