{
  "uid" : "7e8a7a54a15514e5",
  "name" : "TC 02.01.32 - Check text of Write for us link on each page specified in DATA_1",
  "fullName" : "tests.test_footer.TestFooter#test_tc_02_01_32_check_text_of_write_for_us_link_on_pages",
  "historyId" : "c65b8fb39c2a222a3d094b0435d6bee5",
  "time" : {
    "start" : 1707009162482,
    "stop" : 1707009163376,
    "duration" : 894
  },
  "description" : "Checks if text of Write for us link is correct on each page in DATA_1",
  "descriptionHtml" : "<p>Checks if text of Write for us link is correct on each page in DATA_1</p>\n",
  "status" : "failed",
  "statusMessage" : "AssertionError: Actual text 'Notes' of Write for us link does not match expected 'Write for us'\nassert 'Notes' == 'Write for us'\n  - Write for us\n  + Notes",
  "statusTrace" : "self = <test_footer.TestFooter object at 0x7fd29c76be10>\ndriver = <selenium.webdriver.chrome.webdriver.WebDriver (session=\"2d46a1df758a86a0ab64a8b04e538b3a\")>\nURL = 'https://magento.softwaretestingboard.com/what-is-new.html'\n\n    @allure.title(\"TC 02.01.32 - Check text of Write for us link on each page specified in DATA_1\")\n    @pytest.mark.parametrize('URL', DATA_1)\n    def test_tc_02_01_32_check_text_of_write_for_us_link_on_pages(self, driver, URL):\n        \"\"\"Checks if text of Write for us link is correct on each page in DATA_1\"\"\"\n        page = FooterPage(driver, url=URL)\n        page.open()\n        actual_text = page.check_text_of_write_for_us_link()\n        expected_text = FooterElementsText.WRITE_FOR_US_LINK_TEXT\n>       assert actual_text == expected_text, \\\n            f\"Actual text '{actual_text}' of Write for us link does not match expected '{expected_text}'\"\nE       AssertionError: Actual text 'Notes' of Write for us link does not match expected 'Write for us'\nE       assert 'Notes' == 'Write for us'\nE         - Write for us\nE         + Notes\n\ntests/test_footer.py:268: AssertionError",
  "flaky" : false,
  "newFailed" : false,
  "beforeStages" : [ {
    "name" : "clear_allure_result_folder",
    "time" : {
      "start" : 1707008947503,
      "stop" : 1707008947503,
      "duration" : 0
    },
    "status" : "passed",
    "steps" : [ ],
    "attachments" : [ ],
    "parameters" : [ ],
    "stepsCount" : 0,
    "attachmentsCount" : 0,
    "shouldDisplayMessage" : false,
    "hasContent" : false
  }, {
    "name" : "driver",
    "time" : {
      "start" : 1707009161451,
      "stop" : 1707009162481,
      "duration" : 1030
    },
    "status" : "passed",
    "steps" : [ ],
    "attachments" : [ ],
    "parameters" : [ ],
    "stepsCount" : 0,
    "attachmentsCount" : 0,
    "shouldDisplayMessage" : false,
    "hasContent" : false
  }, {
    "name" : "_session_faker",
    "time" : {
      "start" : 1707008947440,
      "stop" : 1707008947503,
      "duration" : 63
    },
    "status" : "passed",
    "steps" : [ ],
    "attachments" : [ ],
    "parameters" : [ ],
    "stepsCount" : 0,
    "attachmentsCount" : 0,
    "shouldDisplayMessage" : false,
    "hasContent" : false
  } ],
  "testStage" : {
    "description" : "Checks if text of Write for us link is correct on each page in DATA_1",
    "status" : "failed",
    "statusMessage" : "AssertionError: Actual text 'Notes' of Write for us link does not match expected 'Write for us'\nassert 'Notes' == 'Write for us'\n  - Write for us\n  + Notes",
    "statusTrace" : "self = <test_footer.TestFooter object at 0x7fd29c76be10>\ndriver = <selenium.webdriver.chrome.webdriver.WebDriver (session=\"2d46a1df758a86a0ab64a8b04e538b3a\")>\nURL = 'https://magento.softwaretestingboard.com/what-is-new.html'\n\n    @allure.title(\"TC 02.01.32 - Check text of Write for us link on each page specified in DATA_1\")\n    @pytest.mark.parametrize('URL', DATA_1)\n    def test_tc_02_01_32_check_text_of_write_for_us_link_on_pages(self, driver, URL):\n        \"\"\"Checks if text of Write for us link is correct on each page in DATA_1\"\"\"\n        page = FooterPage(driver, url=URL)\n        page.open()\n        actual_text = page.check_text_of_write_for_us_link()\n        expected_text = FooterElementsText.WRITE_FOR_US_LINK_TEXT\n>       assert actual_text == expected_text, \\\n            f\"Actual text '{actual_text}' of Write for us link does not match expected '{expected_text}'\"\nE       AssertionError: Actual text 'Notes' of Write for us link does not match expected 'Write for us'\nE       assert 'Notes' == 'Write for us'\nE         - Write for us\nE         + Notes\n\ntests/test_footer.py:268: AssertionError",
    "steps" : [ {
      "name" : "Open a browser",
      "time" : {
        "start" : 1707009162482,
        "stop" : 1707009163345,
        "duration" : 863
      },
      "status" : "passed",
      "steps" : [ ],
      "attachments" : [ ],
      "parameters" : [ ],
      "stepsCount" : 0,
      "attachmentsCount" : 0,
      "shouldDisplayMessage" : false,
      "hasContent" : false
    }, {
      "name" : "Check the text of Write for us link",
      "time" : {
        "start" : 1707009163345,
        "stop" : 1707009163376,
        "duration" : 31
      },
      "status" : "passed",
      "steps" : [ ],
      "attachments" : [ ],
      "parameters" : [ ],
      "stepsCount" : 0,
      "attachmentsCount" : 0,
      "shouldDisplayMessage" : false,
      "hasContent" : false
    } ],
    "attachments" : [ {
      "uid" : "f8e6a09e315782f",
      "name" : "Screenshot",
      "source" : "f8e6a09e315782f.png",
      "type" : "image/png",
      "size" : 540960
    }, {
      "uid" : "b74a479b148b38ef",
      "name" : "HTML source",
      "source" : "b74a479b148b38ef.html",
      "type" : "text/html",
      "size" : 107924
    } ],
    "parameters" : [ ],
    "stepsCount" : 2,
    "attachmentsCount" : 2,
    "shouldDisplayMessage" : true,
    "hasContent" : true
  },
  "afterStages" : [ {
    "name" : "clear_allure_result_folder::0",
    "time" : {
      "start" : 1707010230360,
      "stop" : 1707010230361,
      "duration" : 1
    },
    "status" : "passed",
    "steps" : [ ],
    "attachments" : [ ],
    "parameters" : [ ],
    "stepsCount" : 0,
    "attachmentsCount" : 0,
    "shouldDisplayMessage" : false,
    "hasContent" : false
  }, {
    "name" : "driver::0",
    "time" : {
      "start" : 1707009163624,
      "stop" : 1707009163692,
      "duration" : 68
    },
    "status" : "passed",
    "steps" : [ ],
    "attachments" : [ ],
    "parameters" : [ ],
    "stepsCount" : 0,
    "attachmentsCount" : 0,
    "shouldDisplayMessage" : false,
    "hasContent" : false
  } ],
  "labels" : [ {
    "name" : "epic",
    "value" : "Test Footer"
  }, {
    "name" : "parentSuite",
    "value" : "tests"
  }, {
    "name" : "suite",
    "value" : "test_footer"
  }, {
    "name" : "subSuite",
    "value" : "TestFooter"
  }, {
    "name" : "host",
    "value" : "fv-az520-75"
  }, {
    "name" : "thread",
    "value" : "2973-MainThread"
  }, {
    "name" : "framework",
    "value" : "pytest"
  }, {
    "name" : "language",
    "value" : "cpython3"
  }, {
    "name" : "package",
    "value" : "tests.test_footer"
  }, {
    "name" : "resultFormat",
    "value" : "allure2"
  } ],
  "parameters" : [ {
    "name" : "URL",
    "value" : "'https://magento.softwaretestingboard.com/what-is-new.html'"
  } ],
  "links" : [ ],
  "hidden" : false,
  "retry" : false,
  "extra" : {
    "severity" : "normal",
    "retries" : [ ],
    "categories" : [ {
      "name" : "Product defects",
      "matchedStatuses" : [ ],
      "flaky" : false
    } ],
    "tags" : [ ]
  },
  "source" : "7e8a7a54a15514e5.json",
  "parameterValues" : [ "'https://magento.softwaretestingboard.com/what-is-new.html'" ]
}