{
  "uid" : "83df5b86f1ac64ea",
  "name" : "TC 10.01.03, 10.01.05, 10.01.07, 10.01.09, 10.01.11, 10.01.13 - Verify 6 links in Women's Deals open the correct pages",
  "fullName" : "tests.test_sale.TestSideMenuBarWomen#test_tc_10_01_03__05_07_09_11_13",
  "historyId" : "824e46eb1b34d14bba5877762f998b11",
  "time" : {
    "start" : 1737856393523,
    "stop" : 1737856398643,
    "duration" : 5120
  },
  "description" : "Check that six links in Women's Deals section lead to the correct pages after click",
  "descriptionHtml" : "<p>Check that six links in Women's Deals section lead to the correct pages after click</p>\n",
  "status" : "broken",
  "statusMessage" : "selenium.common.exceptions.TimeoutException: Message: \nStacktrace:\n#0 0x564ff65557ca <unknown>\n#1 0x564ff604d2f0 <unknown>\n#2 0x564ff609d035 <unknown>\n#3 0x564ff609d251 <unknown>\n#4 0x564ff60e3054 <unknown>\n#5 0x564ff60c19dd <unknown>\n#6 0x564ff60e03b3 <unknown>\n#7 0x564ff60c1753 <unknown>\n#8 0x564ff608ebaa <unknown>\n#9 0x564ff608fdfe <unknown>\n#10 0x564ff652038b <unknown>\n#11 0x564ff6524307 <unknown>\n#12 0x564ff650ce7c <unknown>\n#13 0x564ff6524ec7 <unknown>\n#14 0x564ff64f124f <unknown>\n#15 0x564ff65442f8 <unknown>\n#16 0x564ff65444c0 <unknown>\n#17 0x564ff6554646 <unknown>\n#18 0x7fd290c9ca94 <unknown>\n#19 0x7fd290d29c3c <unknown>",
  "statusTrace" : "self = <test_sale.TestSalePage.TestSideMenuBarWomen object at 0x7fc2e82ab0d0>\nsale_page = <pages.sale_page.SalePage object at 0x7fc2e803f9d0>\nelement_locator = ('css selector', '.categories-menu > ul:nth-child(2) > li:nth-child(4) > a')\nexpected_title = 'Bras & Tanks - Tops - Women'\nexpected_url = 'https://magento.softwaretestingboard.com/women/tops-women/tanks-women.html'\n\n    @allure.title(\"TC 10.01.03, 10.01.05, 10.01.07, 10.01.09, 10.01.11, 10.01.13 - \"\n                  \"Verify 6 links in Women's Deals open the correct pages\")\n    @pytest.mark.parametrize(\n        \"element_locator, expected_title, expected_url\",\n        zip(\n            SideBarLocators.WOMEN_DEALS_ELEMENTS.values(),\n            expected_titles_w.values(),\n            expected_urls_w.values(),\n        )\n    )\n    def test_tc_10_01_03__05_07_09_11_13(self, sale_page, element_locator, expected_title, expected_url):\n        \"\"\"Check that six links in Women's Deals section lead to the correct pages after click\"\"\"\n>       element_in_women_deals = sale_page.element_is_clickable(element_locator)\n\ntests/test_sale.py:51: \n_ _ _ _ _ _ _ _ _ _ _ _ _ _ _ _ _ _ _ _ _ _ _ _ _ _ _ _ _ _ _ _ _ _ _ _ _ _ _ _ \npages/base_page.py:80: in element_is_clickable\n    return wait(self.driver, timeout).until(EC.element_to_be_clickable(locator))\n_ _ _ _ _ _ _ _ _ _ _ _ _ _ _ _ _ _ _ _ _ _ _ _ _ _ _ _ _ _ _ _ _ _ _ _ _ _ _ _ \n\nself = <selenium.webdriver.support.wait.WebDriverWait (session=\"3f0ff3fddc0bd06a4d8376fb3ee65e7e\")>\nmethod = <function element_to_be_clickable.<locals>._predicate at 0x7fc2e76ecf40>\nmessage = ''\n\n    def until(self, method, message: str = \"\"):\n        \"\"\"Calls the method provided with the driver as an argument until the \\\n        return value does not evaluate to ``False``.\n    \n        :param method: callable(WebDriver)\n        :param message: optional message for :exc:`TimeoutException`\n        :returns: the result of the last call to `method`\n        :raises: :exc:`selenium.common.exceptions.TimeoutException` if timeout occurs\n        \"\"\"\n        screen = None\n        stacktrace = None\n    \n        end_time = time.monotonic() + self._timeout\n        while True:\n            try:\n                value = method(self._driver)\n                if value:\n                    return value\n            except self._ignored_exceptions as exc:\n                screen = getattr(exc, \"screen\", None)\n                stacktrace = getattr(exc, \"stacktrace\", None)\n            time.sleep(self._poll)\n            if time.monotonic() > end_time:\n                break\n>       raise TimeoutException(message, screen, stacktrace)\nE       selenium.common.exceptions.TimeoutException: Message: \nE       Stacktrace:\nE       #0 0x564ff65557ca <unknown>\nE       #1 0x564ff604d2f0 <unknown>\nE       #2 0x564ff609d035 <unknown>\nE       #3 0x564ff609d251 <unknown>\nE       #4 0x564ff60e3054 <unknown>\nE       #5 0x564ff60c19dd <unknown>\nE       #6 0x564ff60e03b3 <unknown>\nE       #7 0x564ff60c1753 <unknown>\nE       #8 0x564ff608ebaa <unknown>\nE       #9 0x564ff608fdfe <unknown>\nE       #10 0x564ff652038b <unknown>\nE       #11 0x564ff6524307 <unknown>\nE       #12 0x564ff650ce7c <unknown>\nE       #13 0x564ff6524ec7 <unknown>\nE       #14 0x564ff64f124f <unknown>\nE       #15 0x564ff65442f8 <unknown>\nE       #16 0x564ff65444c0 <unknown>\nE       #17 0x564ff6554646 <unknown>\nE       #18 0x7fd290c9ca94 <unknown>\nE       #19 0x7fd290d29c3c <unknown>\n\n/opt/hostedtoolcache/Python/3.11.11/x64/lib/python3.11/site-packages/selenium/webdriver/support/wait.py:95: TimeoutException",
  "flaky" : false,
  "newFailed" : false,
  "beforeStages" : [ {
    "name" : "clear_allure_result_folder",
    "time" : {
      "start" : 1737854757354,
      "stop" : 1737854757354,
      "duration" : 0
    },
    "status" : "passed",
    "steps" : [ ],
    "attachments" : [ ],
    "parameters" : [ ],
    "stepsCount" : 0,
    "attachmentsCount" : 0,
    "shouldDisplayMessage" : false,
    "hasContent" : false
  }, {
    "name" : "_session_faker",
    "time" : {
      "start" : 1737854757290,
      "stop" : 1737854757353,
      "duration" : 63
    },
    "status" : "passed",
    "steps" : [ ],
    "attachments" : [ ],
    "parameters" : [ ],
    "stepsCount" : 0,
    "attachmentsCount" : 0,
    "shouldDisplayMessage" : false,
    "hasContent" : false
  }, {
    "name" : "driver",
    "time" : {
      "start" : 1737856392055,
      "stop" : 1737856393309,
      "duration" : 1254
    },
    "status" : "passed",
    "steps" : [ ],
    "attachments" : [ ],
    "parameters" : [ ],
    "stepsCount" : 0,
    "attachmentsCount" : 0,
    "shouldDisplayMessage" : false,
    "hasContent" : false
  }, {
    "name" : "sale_page",
    "time" : {
      "start" : 1737856393309,
      "stop" : 1737856393522,
      "duration" : 213
    },
    "status" : "passed",
    "steps" : [ {
      "name" : "Open a browser",
      "time" : {
        "start" : 1737856393309,
        "stop" : 1737856393522,
        "duration" : 213
      },
      "status" : "passed",
      "steps" : [ ],
      "attachments" : [ ],
      "parameters" : [ ],
      "stepsCount" : 0,
      "attachmentsCount" : 0,
      "shouldDisplayMessage" : false,
      "hasContent" : false
    } ],
    "attachments" : [ ],
    "parameters" : [ ],
    "stepsCount" : 1,
    "attachmentsCount" : 0,
    "shouldDisplayMessage" : false,
    "hasContent" : true
  } ],
  "testStage" : {
    "description" : "Check that six links in Women's Deals section lead to the correct pages after click",
    "status" : "broken",
    "statusMessage" : "selenium.common.exceptions.TimeoutException: Message: \nStacktrace:\n#0 0x564ff65557ca <unknown>\n#1 0x564ff604d2f0 <unknown>\n#2 0x564ff609d035 <unknown>\n#3 0x564ff609d251 <unknown>\n#4 0x564ff60e3054 <unknown>\n#5 0x564ff60c19dd <unknown>\n#6 0x564ff60e03b3 <unknown>\n#7 0x564ff60c1753 <unknown>\n#8 0x564ff608ebaa <unknown>\n#9 0x564ff608fdfe <unknown>\n#10 0x564ff652038b <unknown>\n#11 0x564ff6524307 <unknown>\n#12 0x564ff650ce7c <unknown>\n#13 0x564ff6524ec7 <unknown>\n#14 0x564ff64f124f <unknown>\n#15 0x564ff65442f8 <unknown>\n#16 0x564ff65444c0 <unknown>\n#17 0x564ff6554646 <unknown>\n#18 0x7fd290c9ca94 <unknown>\n#19 0x7fd290d29c3c <unknown>",
    "statusTrace" : "self = <test_sale.TestSalePage.TestSideMenuBarWomen object at 0x7fc2e82ab0d0>\nsale_page = <pages.sale_page.SalePage object at 0x7fc2e803f9d0>\nelement_locator = ('css selector', '.categories-menu > ul:nth-child(2) > li:nth-child(4) > a')\nexpected_title = 'Bras & Tanks - Tops - Women'\nexpected_url = 'https://magento.softwaretestingboard.com/women/tops-women/tanks-women.html'\n\n    @allure.title(\"TC 10.01.03, 10.01.05, 10.01.07, 10.01.09, 10.01.11, 10.01.13 - \"\n                  \"Verify 6 links in Women's Deals open the correct pages\")\n    @pytest.mark.parametrize(\n        \"element_locator, expected_title, expected_url\",\n        zip(\n            SideBarLocators.WOMEN_DEALS_ELEMENTS.values(),\n            expected_titles_w.values(),\n            expected_urls_w.values(),\n        )\n    )\n    def test_tc_10_01_03__05_07_09_11_13(self, sale_page, element_locator, expected_title, expected_url):\n        \"\"\"Check that six links in Women's Deals section lead to the correct pages after click\"\"\"\n>       element_in_women_deals = sale_page.element_is_clickable(element_locator)\n\ntests/test_sale.py:51: \n_ _ _ _ _ _ _ _ _ _ _ _ _ _ _ _ _ _ _ _ _ _ _ _ _ _ _ _ _ _ _ _ _ _ _ _ _ _ _ _ \npages/base_page.py:80: in element_is_clickable\n    return wait(self.driver, timeout).until(EC.element_to_be_clickable(locator))\n_ _ _ _ _ _ _ _ _ _ _ _ _ _ _ _ _ _ _ _ _ _ _ _ _ _ _ _ _ _ _ _ _ _ _ _ _ _ _ _ \n\nself = <selenium.webdriver.support.wait.WebDriverWait (session=\"3f0ff3fddc0bd06a4d8376fb3ee65e7e\")>\nmethod = <function element_to_be_clickable.<locals>._predicate at 0x7fc2e76ecf40>\nmessage = ''\n\n    def until(self, method, message: str = \"\"):\n        \"\"\"Calls the method provided with the driver as an argument until the \\\n        return value does not evaluate to ``False``.\n    \n        :param method: callable(WebDriver)\n        :param message: optional message for :exc:`TimeoutException`\n        :returns: the result of the last call to `method`\n        :raises: :exc:`selenium.common.exceptions.TimeoutException` if timeout occurs\n        \"\"\"\n        screen = None\n        stacktrace = None\n    \n        end_time = time.monotonic() + self._timeout\n        while True:\n            try:\n                value = method(self._driver)\n                if value:\n                    return value\n            except self._ignored_exceptions as exc:\n                screen = getattr(exc, \"screen\", None)\n                stacktrace = getattr(exc, \"stacktrace\", None)\n            time.sleep(self._poll)\n            if time.monotonic() > end_time:\n                break\n>       raise TimeoutException(message, screen, stacktrace)\nE       selenium.common.exceptions.TimeoutException: Message: \nE       Stacktrace:\nE       #0 0x564ff65557ca <unknown>\nE       #1 0x564ff604d2f0 <unknown>\nE       #2 0x564ff609d035 <unknown>\nE       #3 0x564ff609d251 <unknown>\nE       #4 0x564ff60e3054 <unknown>\nE       #5 0x564ff60c19dd <unknown>\nE       #6 0x564ff60e03b3 <unknown>\nE       #7 0x564ff60c1753 <unknown>\nE       #8 0x564ff608ebaa <unknown>\nE       #9 0x564ff608fdfe <unknown>\nE       #10 0x564ff652038b <unknown>\nE       #11 0x564ff6524307 <unknown>\nE       #12 0x564ff650ce7c <unknown>\nE       #13 0x564ff6524ec7 <unknown>\nE       #14 0x564ff64f124f <unknown>\nE       #15 0x564ff65442f8 <unknown>\nE       #16 0x564ff65444c0 <unknown>\nE       #17 0x564ff6554646 <unknown>\nE       #18 0x7fd290c9ca94 <unknown>\nE       #19 0x7fd290d29c3c <unknown>\n\n/opt/hostedtoolcache/Python/3.11.11/x64/lib/python3.11/site-packages/selenium/webdriver/support/wait.py:95: TimeoutException",
    "steps" : [ {
      "name" : "Find clickable elements",
      "time" : {
        "start" : 1737856393523,
        "stop" : 1737856398643,
        "duration" : 5120
      },
      "status" : "broken",
      "statusMessage" : "selenium.common.exceptions.TimeoutException: Message: \nStacktrace:\n#0 0x564ff65557ca <unknown>\n#1 0x564ff604d2f0 <unknown>\n#2 0x564ff609d035 <unknown>\n#3 0x564ff609d251 <unknown>\n#4 0x564ff60e3054 <unknown>\n#5 0x564ff60c19dd <unknown>\n#6 0x564ff60e03b3 <unknown>\n#7 0x564ff60c1753 <unknown>\n#8 0x564ff608ebaa <unknown>\n#9 0x564ff608fdfe <unknown>\n#10 0x564ff652038b <unknown>\n#11 0x564ff6524307 <unknown>\n#12 0x564ff650ce7c <unknown>\n#13 0x564ff6524ec7 <unknown>\n#14 0x564ff64f124f <unknown>\n#15 0x564ff65442f8 <unknown>\n#16 0x564ff65444c0 <unknown>\n#17 0x564ff6554646 <unknown>\n#18 0x7fd290c9ca94 <unknown>\n#19 0x7fd290d29c3c <unknown>\n\n",
      "statusTrace" : "  File \"/opt/hostedtoolcache/Python/3.11.11/x64/lib/python3.11/site-packages/allure_commons/_allure.py\", line 192, in impl\n    return func(*a, **kw)\n           ^^^^^^^^^^^^^^\n  File \"/home/runner/work/luma_project/luma_project/pages/base_page.py\", line 80, in element_is_clickable\n    return wait(self.driver, timeout).until(EC.element_to_be_clickable(locator))\n           ^^^^^^^^^^^^^^^^^^^^^^^^^^^^^^^^^^^^^^^^^^^^^^^^^^^^^^^^^^^^^^^^^^^^^\n  File \"/opt/hostedtoolcache/Python/3.11.11/x64/lib/python3.11/site-packages/selenium/webdriver/support/wait.py\", line 95, in until\n    raise TimeoutException(message, screen, stacktrace)\n",
      "steps" : [ ],
      "attachments" : [ ],
      "parameters" : [ {
        "name" : "locator",
        "value" : "('css selector', '.categories-menu > ul:nth-child(2) > li:nth-child(4) > a')"
      }, {
        "name" : "timeout",
        "value" : "5"
      } ],
      "stepsCount" : 0,
      "attachmentsCount" : 0,
      "shouldDisplayMessage" : true,
      "hasContent" : true
    } ],
    "attachments" : [ {
      "uid" : "c11e655ce1cbec79",
      "name" : "Screenshot",
      "source" : "c11e655ce1cbec79.png",
      "type" : "image/png",
      "size" : 25650
    }, {
      "uid" : "483e63238bea4d03",
      "name" : "HTML source",
      "source" : "483e63238bea4d03.html",
      "type" : "text/html",
      "size" : 258763
    } ],
    "parameters" : [ ],
    "stepsCount" : 1,
    "attachmentsCount" : 2,
    "shouldDisplayMessage" : true,
    "hasContent" : true
  },
  "afterStages" : [ {
    "name" : "clear_allure_result_folder::0",
    "time" : {
      "start" : 1737857182853,
      "stop" : 1737857182853,
      "duration" : 0
    },
    "status" : "passed",
    "steps" : [ ],
    "attachments" : [ ],
    "parameters" : [ ],
    "stepsCount" : 0,
    "attachmentsCount" : 0,
    "shouldDisplayMessage" : false,
    "hasContent" : false
  }, {
    "name" : "driver::0",
    "time" : {
      "start" : 1737856398759,
      "stop" : 1737856398823,
      "duration" : 64
    },
    "status" : "passed",
    "steps" : [ ],
    "attachments" : [ ],
    "parameters" : [ ],
    "stepsCount" : 0,
    "attachmentsCount" : 0,
    "shouldDisplayMessage" : false,
    "hasContent" : false
  } ],
  "labels" : [ {
    "name" : "epic",
    "value" : "Sale Page"
  }, {
    "name" : "feature",
    "value" : "Testing Side Menu Bar - Women's Deals Section"
  }, {
    "name" : "parentSuite",
    "value" : "tests"
  }, {
    "name" : "suite",
    "value" : "test_sale"
  }, {
    "name" : "subSuite",
    "value" : "TestSalePage"
  }, {
    "name" : "host",
    "value" : "fv-az1922-652"
  }, {
    "name" : "thread",
    "value" : "2797-MainThread"
  }, {
    "name" : "framework",
    "value" : "pytest"
  }, {
    "name" : "language",
    "value" : "cpython3"
  }, {
    "name" : "package",
    "value" : "tests.test_sale"
  }, {
    "name" : "resultFormat",
    "value" : "allure2"
  } ],
  "parameters" : [ {
    "name" : "element_locator",
    "value" : "('css selector', '.categories-menu > ul:nth-child(2) > li:nth-child(4) > a')"
  }, {
    "name" : "expected_title",
    "value" : "'Bras & Tanks - Tops - Women'"
  }, {
    "name" : "expected_url",
    "value" : "'https://magento.softwaretestingboard.com/women/tops-women/tanks-women.html'"
  } ],
  "links" : [ ],
  "hidden" : false,
  "retry" : false,
  "extra" : {
    "severity" : "normal",
    "retries" : [ ],
    "categories" : [ {
      "name" : "Test defects",
      "matchedStatuses" : [ ],
      "flaky" : false
    } ],
    "tags" : [ ]
  },
  "source" : "83df5b86f1ac64ea.json",
  "parameterValues" : [ "('css selector', '.categories-menu > ul:nth-child(2) > li:nth-child(4) > a')", "'Bras & Tanks - Tops - Women'", "'https://magento.softwaretestingboard.com/women/tops-women/tanks-women.html'" ]
}