{
  "uid" : "86e28d11a66ea9b",
  "name" : "TC 10.02.01 - Verify 'MEN'S DEALS' title is correct",
  "fullName" : "tests.test_sale.TestSideMenuBarMen#test_tc_10_02_01",
  "historyId" : "7d9cc06b830a248f9ded0f57b7152948",
  "time" : {
    "start" : 1732414153353,
    "stop" : 1732414153414,
    "duration" : 61
  },
  "description" : "Check title of Men's Deals section",
  "descriptionHtml" : "<p>Check title of Men's Deals section</p>\n",
  "status" : "skipped",
  "statusMessage" : "XFAIL This test is expecting failure == Assertion Error because of error in spelling Men's\n\nAssertionError: Expected title: 'MEN'S DEALS', Actual title: MENS'S DEALS\nassert \"MENS'S DEALS\" == \"MEN'S DEALS\"\n  - MEN'S DEALS\n  + MENS'S DEALS\n  ?    +",
  "statusTrace" : "self = <test_sale.TestSalePage.TestSideMenuBarMen object at 0x7fac3deb0810>\nsale_page = <pages.sale_page.SalePage object at 0x7fac3dd72e10>\n\n    @allure.title(\"TC 10.02.01 - Verify 'MEN'S DEALS' title is correct\")\n    @pytest.mark.xfail(reason=\"This test is expecting failure == Assertion Error \"\n                              \"because of error in spelling Men's\")\n    def test_tc_10_02_01(self, sale_page):\n        \"\"\"Check title of Men's Deals section\"\"\"\n        title = sale_page.check_text_in_men_deals_title()\n>       assert title == \"MEN'S DEALS\", f\"Expected title: 'MEN'S DEALS', Actual title: {title}\"\nE       AssertionError: Expected title: 'MEN'S DEALS', Actual title: MENS'S DEALS\nE       assert \"MENS'S DEALS\" == \"MEN'S DEALS\"\nE         - MEN'S DEALS\nE         + MENS'S DEALS\nE         ?    +\n\ntests/test_sale.py:66: AssertionError",
  "flaky" : false,
  "newFailed" : false,
  "beforeStages" : [ {
    "name" : "driver",
    "time" : {
      "start" : 1732414150836,
      "stop" : 1732414152049,
      "duration" : 1213
    },
    "status" : "passed",
    "steps" : [ ],
    "attachments" : [ ],
    "parameters" : [ ],
    "stepsCount" : 0,
    "attachmentsCount" : 0,
    "shouldDisplayMessage" : false,
    "hasContent" : false
  }, {
    "name" : "clear_allure_result_folder",
    "time" : {
      "start" : 1732412504324,
      "stop" : 1732412504324,
      "duration" : 0
    },
    "status" : "passed",
    "steps" : [ ],
    "attachments" : [ ],
    "parameters" : [ ],
    "stepsCount" : 0,
    "attachmentsCount" : 0,
    "shouldDisplayMessage" : false,
    "hasContent" : false
  }, {
    "name" : "_session_faker",
    "time" : {
      "start" : 1732412504258,
      "stop" : 1732412504324,
      "duration" : 66
    },
    "status" : "passed",
    "steps" : [ ],
    "attachments" : [ ],
    "parameters" : [ ],
    "stepsCount" : 0,
    "attachmentsCount" : 0,
    "shouldDisplayMessage" : false,
    "hasContent" : false
  }, {
    "name" : "sale_page",
    "time" : {
      "start" : 1732414152049,
      "stop" : 1732414153352,
      "duration" : 1303
    },
    "status" : "passed",
    "steps" : [ {
      "name" : "Open a browser",
      "time" : {
        "start" : 1732414152049,
        "stop" : 1732414153352,
        "duration" : 1303
      },
      "status" : "passed",
      "steps" : [ ],
      "attachments" : [ ],
      "parameters" : [ ],
      "stepsCount" : 0,
      "attachmentsCount" : 0,
      "shouldDisplayMessage" : false,
      "hasContent" : false
    } ],
    "attachments" : [ ],
    "parameters" : [ ],
    "stepsCount" : 1,
    "attachmentsCount" : 0,
    "shouldDisplayMessage" : false,
    "hasContent" : true
  } ],
  "testStage" : {
    "description" : "Check title of Men's Deals section",
    "status" : "skipped",
    "statusMessage" : "XFAIL This test is expecting failure == Assertion Error because of error in spelling Men's\n\nAssertionError: Expected title: 'MEN'S DEALS', Actual title: MENS'S DEALS\nassert \"MENS'S DEALS\" == \"MEN'S DEALS\"\n  - MEN'S DEALS\n  + MENS'S DEALS\n  ?    +",
    "statusTrace" : "self = <test_sale.TestSalePage.TestSideMenuBarMen object at 0x7fac3deb0810>\nsale_page = <pages.sale_page.SalePage object at 0x7fac3dd72e10>\n\n    @allure.title(\"TC 10.02.01 - Verify 'MEN'S DEALS' title is correct\")\n    @pytest.mark.xfail(reason=\"This test is expecting failure == Assertion Error \"\n                              \"because of error in spelling Men's\")\n    def test_tc_10_02_01(self, sale_page):\n        \"\"\"Check title of Men's Deals section\"\"\"\n        title = sale_page.check_text_in_men_deals_title()\n>       assert title == \"MEN'S DEALS\", f\"Expected title: 'MEN'S DEALS', Actual title: {title}\"\nE       AssertionError: Expected title: 'MEN'S DEALS', Actual title: MENS'S DEALS\nE       assert \"MENS'S DEALS\" == \"MEN'S DEALS\"\nE         - MEN'S DEALS\nE         + MENS'S DEALS\nE         ?    +\n\ntests/test_sale.py:66: AssertionError",
    "steps" : [ {
      "name" : "Check text in Men's deals title",
      "time" : {
        "start" : 1732414153353,
        "stop" : 1732414153413,
        "duration" : 60
      },
      "status" : "passed",
      "steps" : [ {
        "name" : "Find a visible element",
        "time" : {
          "start" : 1732414153353,
          "stop" : 1732414153398,
          "duration" : 45
        },
        "status" : "passed",
        "steps" : [ {
          "name" : "Find a present element",
          "time" : {
            "start" : 1732414153353,
            "stop" : 1732414153366,
            "duration" : 13
          },
          "status" : "passed",
          "steps" : [ ],
          "attachments" : [ ],
          "parameters" : [ {
            "name" : "locator",
            "value" : "('css selector', '.categories-menu > strong:nth-child(3) > span')"
          }, {
            "name" : "timeout",
            "value" : "5"
          } ],
          "stepsCount" : 0,
          "attachmentsCount" : 0,
          "shouldDisplayMessage" : false,
          "hasContent" : true
        }, {
          "name" : "Go to specified element",
          "time" : {
            "start" : 1732414153366,
            "stop" : 1732414153371,
            "duration" : 5
          },
          "status" : "passed",
          "steps" : [ ],
          "attachments" : [ ],
          "parameters" : [ {
            "name" : "element",
            "value" : "<selenium.webdriver.remote.webelement.WebElement (session=\"78dc38c3f4a00a49ab4a272d1c96bb4c\", element=\"f.A79D8311CD286EE34360CB8AF004C114.d.EC618C2DE28DD6383BBBC071124D1AE5.e.32\")>"
          } ],
          "stepsCount" : 0,
          "attachmentsCount" : 0,
          "shouldDisplayMessage" : false,
          "hasContent" : true
        } ],
        "attachments" : [ ],
        "parameters" : [ {
          "name" : "locator",
          "value" : "('css selector', '.categories-menu > strong:nth-child(3) > span')"
        }, {
          "name" : "timeout",
          "value" : "10"
        } ],
        "stepsCount" : 2,
        "attachmentsCount" : 0,
        "shouldDisplayMessage" : false,
        "hasContent" : true
      } ],
      "attachments" : [ ],
      "parameters" : [ ],
      "stepsCount" : 3,
      "attachmentsCount" : 0,
      "shouldDisplayMessage" : false,
      "hasContent" : true
    } ],
    "attachments" : [ {
      "uid" : "e7ddde3053df46e8",
      "name" : "Screenshot",
      "source" : "e7ddde3053df46e8.png",
      "type" : "image/png",
      "size" : 625626
    }, {
      "uid" : "6eda4bd75856d6a8",
      "name" : "HTML source",
      "source" : "6eda4bd75856d6a8.html",
      "type" : "text/html",
      "size" : 115018
    } ],
    "parameters" : [ ],
    "stepsCount" : 4,
    "attachmentsCount" : 2,
    "shouldDisplayMessage" : true,
    "hasContent" : true
  },
  "afterStages" : [ {
    "name" : "driver::0",
    "time" : {
      "start" : 1732414153692,
      "stop" : 1732414153769,
      "duration" : 77
    },
    "status" : "passed",
    "steps" : [ ],
    "attachments" : [ ],
    "parameters" : [ ],
    "stepsCount" : 0,
    "attachmentsCount" : 0,
    "shouldDisplayMessage" : false,
    "hasContent" : false
  }, {
    "name" : "clear_allure_result_folder::0",
    "time" : {
      "start" : 1732414882774,
      "stop" : 1732414882774,
      "duration" : 0
    },
    "status" : "passed",
    "steps" : [ ],
    "attachments" : [ ],
    "parameters" : [ ],
    "stepsCount" : 0,
    "attachmentsCount" : 0,
    "shouldDisplayMessage" : false,
    "hasContent" : false
  } ],
  "labels" : [ {
    "name" : "epic",
    "value" : "Sale Page"
  }, {
    "name" : "feature",
    "value" : "Testing Side Menu Bar - Men's Deals Section"
  }, {
    "name" : "tag",
    "value" : "@pytest.mark.xfail(reason='This test is expecting failure == Assertion Error because of error in spelling Men's')"
  }, {
    "name" : "parentSuite",
    "value" : "tests"
  }, {
    "name" : "suite",
    "value" : "test_sale"
  }, {
    "name" : "subSuite",
    "value" : "TestSalePage"
  }, {
    "name" : "host",
    "value" : "fv-az1345-142"
  }, {
    "name" : "thread",
    "value" : "2905-MainThread"
  }, {
    "name" : "framework",
    "value" : "pytest"
  }, {
    "name" : "language",
    "value" : "cpython3"
  }, {
    "name" : "package",
    "value" : "tests.test_sale"
  }, {
    "name" : "resultFormat",
    "value" : "allure2"
  } ],
  "parameters" : [ ],
  "links" : [ ],
  "hidden" : false,
  "retry" : false,
  "extra" : {
    "severity" : "normal",
    "retries" : [ ],
    "categories" : [ ],
    "tags" : [ "@pytest.mark.xfail(reason='This test is expecting failure == Assertion Error because of error in spelling Men's')" ]
  },
  "source" : "86e28d11a66ea9b.json",
  "parameterValues" : [ ]
}