{
  "uid" : "87f8eee2a86c94f8",
  "name" : "TC 01.03.07 correctness of the \"Jackets\" link of the \"Women\" section",
  "fullName" : "tests.test_header.TestHeader#test_tc_01_03_07_correctness_of_jackets_women_section_link",
  "historyId" : "d257a09f0717093dcd2202098c0d6571",
  "time" : {
    "start" : 1737855642833,
    "stop" : 1737855648194,
    "duration" : 5361
  },
  "description" : "Check 'Jackets' subsection link click in 'Women' section redirects to the Jackets-women page and         the 'Jackets' header is displayed",
  "descriptionHtml" : "<p>Check 'Jackets' subsection link click in 'Women' section redirects to the Jackets-women page and         the 'Jackets' header is displayed</p>\n",
  "status" : "broken",
  "statusMessage" : "selenium.common.exceptions.TimeoutException: Message: \nStacktrace:\n#0 0x5622ab75a7ca <unknown>\n#1 0x5622ab2522f0 <unknown>\n#2 0x5622ab2a2035 <unknown>\n#3 0x5622ab2a2251 <unknown>\n#4 0x5622ab2e8054 <unknown>\n#5 0x5622ab2c69dd <unknown>\n#6 0x5622ab2e53b3 <unknown>\n#7 0x5622ab2c6753 <unknown>\n#8 0x5622ab293baa <unknown>\n#9 0x5622ab294dfe <unknown>\n#10 0x5622ab72538b <unknown>\n#11 0x5622ab729307 <unknown>\n#12 0x5622ab711e7c <unknown>\n#13 0x5622ab729ec7 <unknown>\n#14 0x5622ab6f624f <unknown>\n#15 0x5622ab7492f8 <unknown>\n#16 0x5622ab7494c0 <unknown>\n#17 0x5622ab759646 <unknown>\n#18 0x7fe688e9ca94 <unknown>\n#19 0x7fe688f29c3c <unknown>",
  "statusTrace" : "self = <test_header.TestHeader object at 0x7fc2e63b7750>\ndriver = <selenium.webdriver.chrome.webdriver.WebDriver (session=\"3e6139a0c8ada0a302323c5aa075400d\")>\n\n    @allure.title('TC 01.03.07 correctness of the \"Jackets\" link of the \"Women\" section')\n    def test_tc_01_03_07_correctness_of_jackets_women_section_link(self, driver):\n        \"\"\"Check 'Jackets' subsection link click in 'Women' section redirects to the Jackets-women page and \\\n        the 'Jackets' header is displayed\"\"\"\n        page = HeaderPage(driver, MAIN_PAGE_URL)\n        page.open()\n>       page.check_redirection_of_jackets_subsection_of_women_section_link()\n\ntests/test_header.py:453: \n_ _ _ _ _ _ _ _ _ _ _ _ _ _ _ _ _ _ _ _ _ _ _ _ _ _ _ _ _ _ _ _ _ _ _ _ _ _ _ _ \npages/header_page.py:351: in check_redirection_of_jackets_subsection_of_women_section_link\n    self.action_move_to_element(self.element_is_visible(self.header_locators.WOMEN_SECTION))\npages/base_page.py:29: in element_is_visible\n    self.go_to_element(self.element_is_present(locator))\npages/base_page.py:50: in element_is_present\n    return wait(self.driver, timeout).until(EC.presence_of_element_located(locator))\n_ _ _ _ _ _ _ _ _ _ _ _ _ _ _ _ _ _ _ _ _ _ _ _ _ _ _ _ _ _ _ _ _ _ _ _ _ _ _ _ \n\nself = <selenium.webdriver.support.wait.WebDriverWait (session=\"3e6139a0c8ada0a302323c5aa075400d\")>\nmethod = <function presence_of_element_located.<locals>._predicate at 0x7fc2e7c04400>\nmessage = ''\n\n    def until(self, method, message: str = \"\"):\n        \"\"\"Calls the method provided with the driver as an argument until the \\\n        return value does not evaluate to ``False``.\n    \n        :param method: callable(WebDriver)\n        :param message: optional message for :exc:`TimeoutException`\n        :returns: the result of the last call to `method`\n        :raises: :exc:`selenium.common.exceptions.TimeoutException` if timeout occurs\n        \"\"\"\n        screen = None\n        stacktrace = None\n    \n        end_time = time.monotonic() + self._timeout\n        while True:\n            try:\n                value = method(self._driver)\n                if value:\n                    return value\n            except self._ignored_exceptions as exc:\n                screen = getattr(exc, \"screen\", None)\n                stacktrace = getattr(exc, \"stacktrace\", None)\n            time.sleep(self._poll)\n            if time.monotonic() > end_time:\n                break\n>       raise TimeoutException(message, screen, stacktrace)\nE       selenium.common.exceptions.TimeoutException: Message: \nE       Stacktrace:\nE       #0 0x5622ab75a7ca <unknown>\nE       #1 0x5622ab2522f0 <unknown>\nE       #2 0x5622ab2a2035 <unknown>\nE       #3 0x5622ab2a2251 <unknown>\nE       #4 0x5622ab2e8054 <unknown>\nE       #5 0x5622ab2c69dd <unknown>\nE       #6 0x5622ab2e53b3 <unknown>\nE       #7 0x5622ab2c6753 <unknown>\nE       #8 0x5622ab293baa <unknown>\nE       #9 0x5622ab294dfe <unknown>\nE       #10 0x5622ab72538b <unknown>\nE       #11 0x5622ab729307 <unknown>\nE       #12 0x5622ab711e7c <unknown>\nE       #13 0x5622ab729ec7 <unknown>\nE       #14 0x5622ab6f624f <unknown>\nE       #15 0x5622ab7492f8 <unknown>\nE       #16 0x5622ab7494c0 <unknown>\nE       #17 0x5622ab759646 <unknown>\nE       #18 0x7fe688e9ca94 <unknown>\nE       #19 0x7fe688f29c3c <unknown>\n\n/opt/hostedtoolcache/Python/3.11.11/x64/lib/python3.11/site-packages/selenium/webdriver/support/wait.py:95: TimeoutException",
  "flaky" : false,
  "newFailed" : false,
  "beforeStages" : [ {
    "name" : "clear_allure_result_folder",
    "time" : {
      "start" : 1737854757354,
      "stop" : 1737854757354,
      "duration" : 0
    },
    "status" : "passed",
    "steps" : [ ],
    "attachments" : [ ],
    "parameters" : [ ],
    "stepsCount" : 0,
    "attachmentsCount" : 0,
    "shouldDisplayMessage" : false,
    "hasContent" : false
  }, {
    "name" : "driver",
    "time" : {
      "start" : 1737855641642,
      "stop" : 1737855642832,
      "duration" : 1190
    },
    "status" : "passed",
    "steps" : [ ],
    "attachments" : [ ],
    "parameters" : [ ],
    "stepsCount" : 0,
    "attachmentsCount" : 0,
    "shouldDisplayMessage" : false,
    "hasContent" : false
  }, {
    "name" : "_session_faker",
    "time" : {
      "start" : 1737854757290,
      "stop" : 1737854757353,
      "duration" : 63
    },
    "status" : "passed",
    "steps" : [ ],
    "attachments" : [ ],
    "parameters" : [ ],
    "stepsCount" : 0,
    "attachmentsCount" : 0,
    "shouldDisplayMessage" : false,
    "hasContent" : false
  } ],
  "testStage" : {
    "description" : "Check 'Jackets' subsection link click in 'Women' section redirects to the Jackets-women page and         the 'Jackets' header is displayed",
    "status" : "broken",
    "statusMessage" : "selenium.common.exceptions.TimeoutException: Message: \nStacktrace:\n#0 0x5622ab75a7ca <unknown>\n#1 0x5622ab2522f0 <unknown>\n#2 0x5622ab2a2035 <unknown>\n#3 0x5622ab2a2251 <unknown>\n#4 0x5622ab2e8054 <unknown>\n#5 0x5622ab2c69dd <unknown>\n#6 0x5622ab2e53b3 <unknown>\n#7 0x5622ab2c6753 <unknown>\n#8 0x5622ab293baa <unknown>\n#9 0x5622ab294dfe <unknown>\n#10 0x5622ab72538b <unknown>\n#11 0x5622ab729307 <unknown>\n#12 0x5622ab711e7c <unknown>\n#13 0x5622ab729ec7 <unknown>\n#14 0x5622ab6f624f <unknown>\n#15 0x5622ab7492f8 <unknown>\n#16 0x5622ab7494c0 <unknown>\n#17 0x5622ab759646 <unknown>\n#18 0x7fe688e9ca94 <unknown>\n#19 0x7fe688f29c3c <unknown>",
    "statusTrace" : "self = <test_header.TestHeader object at 0x7fc2e63b7750>\ndriver = <selenium.webdriver.chrome.webdriver.WebDriver (session=\"3e6139a0c8ada0a302323c5aa075400d\")>\n\n    @allure.title('TC 01.03.07 correctness of the \"Jackets\" link of the \"Women\" section')\n    def test_tc_01_03_07_correctness_of_jackets_women_section_link(self, driver):\n        \"\"\"Check 'Jackets' subsection link click in 'Women' section redirects to the Jackets-women page and \\\n        the 'Jackets' header is displayed\"\"\"\n        page = HeaderPage(driver, MAIN_PAGE_URL)\n        page.open()\n>       page.check_redirection_of_jackets_subsection_of_women_section_link()\n\ntests/test_header.py:453: \n_ _ _ _ _ _ _ _ _ _ _ _ _ _ _ _ _ _ _ _ _ _ _ _ _ _ _ _ _ _ _ _ _ _ _ _ _ _ _ _ \npages/header_page.py:351: in check_redirection_of_jackets_subsection_of_women_section_link\n    self.action_move_to_element(self.element_is_visible(self.header_locators.WOMEN_SECTION))\npages/base_page.py:29: in element_is_visible\n    self.go_to_element(self.element_is_present(locator))\npages/base_page.py:50: in element_is_present\n    return wait(self.driver, timeout).until(EC.presence_of_element_located(locator))\n_ _ _ _ _ _ _ _ _ _ _ _ _ _ _ _ _ _ _ _ _ _ _ _ _ _ _ _ _ _ _ _ _ _ _ _ _ _ _ _ \n\nself = <selenium.webdriver.support.wait.WebDriverWait (session=\"3e6139a0c8ada0a302323c5aa075400d\")>\nmethod = <function presence_of_element_located.<locals>._predicate at 0x7fc2e7c04400>\nmessage = ''\n\n    def until(self, method, message: str = \"\"):\n        \"\"\"Calls the method provided with the driver as an argument until the \\\n        return value does not evaluate to ``False``.\n    \n        :param method: callable(WebDriver)\n        :param message: optional message for :exc:`TimeoutException`\n        :returns: the result of the last call to `method`\n        :raises: :exc:`selenium.common.exceptions.TimeoutException` if timeout occurs\n        \"\"\"\n        screen = None\n        stacktrace = None\n    \n        end_time = time.monotonic() + self._timeout\n        while True:\n            try:\n                value = method(self._driver)\n                if value:\n                    return value\n            except self._ignored_exceptions as exc:\n                screen = getattr(exc, \"screen\", None)\n                stacktrace = getattr(exc, \"stacktrace\", None)\n            time.sleep(self._poll)\n            if time.monotonic() > end_time:\n                break\n>       raise TimeoutException(message, screen, stacktrace)\nE       selenium.common.exceptions.TimeoutException: Message: \nE       Stacktrace:\nE       #0 0x5622ab75a7ca <unknown>\nE       #1 0x5622ab2522f0 <unknown>\nE       #2 0x5622ab2a2035 <unknown>\nE       #3 0x5622ab2a2251 <unknown>\nE       #4 0x5622ab2e8054 <unknown>\nE       #5 0x5622ab2c69dd <unknown>\nE       #6 0x5622ab2e53b3 <unknown>\nE       #7 0x5622ab2c6753 <unknown>\nE       #8 0x5622ab293baa <unknown>\nE       #9 0x5622ab294dfe <unknown>\nE       #10 0x5622ab72538b <unknown>\nE       #11 0x5622ab729307 <unknown>\nE       #12 0x5622ab711e7c <unknown>\nE       #13 0x5622ab729ec7 <unknown>\nE       #14 0x5622ab6f624f <unknown>\nE       #15 0x5622ab7492f8 <unknown>\nE       #16 0x5622ab7494c0 <unknown>\nE       #17 0x5622ab759646 <unknown>\nE       #18 0x7fe688e9ca94 <unknown>\nE       #19 0x7fe688f29c3c <unknown>\n\n/opt/hostedtoolcache/Python/3.11.11/x64/lib/python3.11/site-packages/selenium/webdriver/support/wait.py:95: TimeoutException",
    "steps" : [ {
      "name" : "Open a browser",
      "time" : {
        "start" : 1737855642833,
        "stop" : 1737855643069,
        "duration" : 236
      },
      "status" : "passed",
      "steps" : [ ],
      "attachments" : [ ],
      "parameters" : [ ],
      "stepsCount" : 0,
      "attachmentsCount" : 0,
      "shouldDisplayMessage" : false,
      "hasContent" : false
    }, {
      "name" : "Check redirection of the \"Jackets\" subsection of the \"Women\" section link",
      "time" : {
        "start" : 1737855643069,
        "stop" : 1737855648194,
        "duration" : 5125
      },
      "status" : "broken",
      "statusMessage" : "selenium.common.exceptions.TimeoutException: Message: \nStacktrace:\n#0 0x5622ab75a7ca <unknown>\n#1 0x5622ab2522f0 <unknown>\n#2 0x5622ab2a2035 <unknown>\n#3 0x5622ab2a2251 <unknown>\n#4 0x5622ab2e8054 <unknown>\n#5 0x5622ab2c69dd <unknown>\n#6 0x5622ab2e53b3 <unknown>\n#7 0x5622ab2c6753 <unknown>\n#8 0x5622ab293baa <unknown>\n#9 0x5622ab294dfe <unknown>\n#10 0x5622ab72538b <unknown>\n#11 0x5622ab729307 <unknown>\n#12 0x5622ab711e7c <unknown>\n#13 0x5622ab729ec7 <unknown>\n#14 0x5622ab6f624f <unknown>\n#15 0x5622ab7492f8 <unknown>\n#16 0x5622ab7494c0 <unknown>\n#17 0x5622ab759646 <unknown>\n#18 0x7fe688e9ca94 <unknown>\n#19 0x7fe688f29c3c <unknown>\n\n",
      "statusTrace" : "  File \"/opt/hostedtoolcache/Python/3.11.11/x64/lib/python3.11/site-packages/allure_commons/_allure.py\", line 192, in impl\n    return func(*a, **kw)\n           ^^^^^^^^^^^^^^\n  File \"/home/runner/work/luma_project/luma_project/pages/header_page.py\", line 351, in check_redirection_of_jackets_subsection_of_women_section_link\n    self.action_move_to_element(self.element_is_visible(self.header_locators.WOMEN_SECTION))\n                                ^^^^^^^^^^^^^^^^^^^^^^^^^^^^^^^^^^^^^^^^^^^^^^^^^^^^^^^^^^^\n  File \"/opt/hostedtoolcache/Python/3.11.11/x64/lib/python3.11/site-packages/allure_commons/_allure.py\", line 192, in impl\n    return func(*a, **kw)\n           ^^^^^^^^^^^^^^\n  File \"/home/runner/work/luma_project/luma_project/pages/base_page.py\", line 29, in element_is_visible\n    self.go_to_element(self.element_is_present(locator))\n                       ^^^^^^^^^^^^^^^^^^^^^^^^^^^^^^^^\n  File \"/opt/hostedtoolcache/Python/3.11.11/x64/lib/python3.11/site-packages/allure_commons/_allure.py\", line 192, in impl\n    return func(*a, **kw)\n           ^^^^^^^^^^^^^^\n  File \"/home/runner/work/luma_project/luma_project/pages/base_page.py\", line 50, in element_is_present\n    return wait(self.driver, timeout).until(EC.presence_of_element_located(locator))\n           ^^^^^^^^^^^^^^^^^^^^^^^^^^^^^^^^^^^^^^^^^^^^^^^^^^^^^^^^^^^^^^^^^^^^^^^^^\n  File \"/opt/hostedtoolcache/Python/3.11.11/x64/lib/python3.11/site-packages/selenium/webdriver/support/wait.py\", line 95, in until\n    raise TimeoutException(message, screen, stacktrace)\n",
      "steps" : [ {
        "name" : "Find a visible element",
        "time" : {
          "start" : 1737855643069,
          "stop" : 1737855648193,
          "duration" : 5124
        },
        "status" : "broken",
        "statusMessage" : "selenium.common.exceptions.TimeoutException: Message: \nStacktrace:\n#0 0x5622ab75a7ca <unknown>\n#1 0x5622ab2522f0 <unknown>\n#2 0x5622ab2a2035 <unknown>\n#3 0x5622ab2a2251 <unknown>\n#4 0x5622ab2e8054 <unknown>\n#5 0x5622ab2c69dd <unknown>\n#6 0x5622ab2e53b3 <unknown>\n#7 0x5622ab2c6753 <unknown>\n#8 0x5622ab293baa <unknown>\n#9 0x5622ab294dfe <unknown>\n#10 0x5622ab72538b <unknown>\n#11 0x5622ab729307 <unknown>\n#12 0x5622ab711e7c <unknown>\n#13 0x5622ab729ec7 <unknown>\n#14 0x5622ab6f624f <unknown>\n#15 0x5622ab7492f8 <unknown>\n#16 0x5622ab7494c0 <unknown>\n#17 0x5622ab759646 <unknown>\n#18 0x7fe688e9ca94 <unknown>\n#19 0x7fe688f29c3c <unknown>\n\n",
        "statusTrace" : "  File \"/opt/hostedtoolcache/Python/3.11.11/x64/lib/python3.11/site-packages/allure_commons/_allure.py\", line 192, in impl\n    return func(*a, **kw)\n           ^^^^^^^^^^^^^^\n  File \"/home/runner/work/luma_project/luma_project/pages/base_page.py\", line 29, in element_is_visible\n    self.go_to_element(self.element_is_present(locator))\n                       ^^^^^^^^^^^^^^^^^^^^^^^^^^^^^^^^\n  File \"/opt/hostedtoolcache/Python/3.11.11/x64/lib/python3.11/site-packages/allure_commons/_allure.py\", line 192, in impl\n    return func(*a, **kw)\n           ^^^^^^^^^^^^^^\n  File \"/home/runner/work/luma_project/luma_project/pages/base_page.py\", line 50, in element_is_present\n    return wait(self.driver, timeout).until(EC.presence_of_element_located(locator))\n           ^^^^^^^^^^^^^^^^^^^^^^^^^^^^^^^^^^^^^^^^^^^^^^^^^^^^^^^^^^^^^^^^^^^^^^^^^\n  File \"/opt/hostedtoolcache/Python/3.11.11/x64/lib/python3.11/site-packages/selenium/webdriver/support/wait.py\", line 95, in until\n    raise TimeoutException(message, screen, stacktrace)\n",
        "steps" : [ {
          "name" : "Find a present element",
          "time" : {
            "start" : 1737855643069,
            "stop" : 1737855648193,
            "duration" : 5124
          },
          "status" : "broken",
          "statusMessage" : "selenium.common.exceptions.TimeoutException: Message: \nStacktrace:\n#0 0x5622ab75a7ca <unknown>\n#1 0x5622ab2522f0 <unknown>\n#2 0x5622ab2a2035 <unknown>\n#3 0x5622ab2a2251 <unknown>\n#4 0x5622ab2e8054 <unknown>\n#5 0x5622ab2c69dd <unknown>\n#6 0x5622ab2e53b3 <unknown>\n#7 0x5622ab2c6753 <unknown>\n#8 0x5622ab293baa <unknown>\n#9 0x5622ab294dfe <unknown>\n#10 0x5622ab72538b <unknown>\n#11 0x5622ab729307 <unknown>\n#12 0x5622ab711e7c <unknown>\n#13 0x5622ab729ec7 <unknown>\n#14 0x5622ab6f624f <unknown>\n#15 0x5622ab7492f8 <unknown>\n#16 0x5622ab7494c0 <unknown>\n#17 0x5622ab759646 <unknown>\n#18 0x7fe688e9ca94 <unknown>\n#19 0x7fe688f29c3c <unknown>\n\n",
          "statusTrace" : "  File \"/opt/hostedtoolcache/Python/3.11.11/x64/lib/python3.11/site-packages/allure_commons/_allure.py\", line 192, in impl\n    return func(*a, **kw)\n           ^^^^^^^^^^^^^^\n  File \"/home/runner/work/luma_project/luma_project/pages/base_page.py\", line 50, in element_is_present\n    return wait(self.driver, timeout).until(EC.presence_of_element_located(locator))\n           ^^^^^^^^^^^^^^^^^^^^^^^^^^^^^^^^^^^^^^^^^^^^^^^^^^^^^^^^^^^^^^^^^^^^^^^^^\n  File \"/opt/hostedtoolcache/Python/3.11.11/x64/lib/python3.11/site-packages/selenium/webdriver/support/wait.py\", line 95, in until\n    raise TimeoutException(message, screen, stacktrace)\n",
          "steps" : [ ],
          "attachments" : [ ],
          "parameters" : [ {
            "name" : "locator",
            "value" : "('xpath', \"(//a[@id='ui-id-4'])[1]\")"
          }, {
            "name" : "timeout",
            "value" : "5"
          } ],
          "stepsCount" : 0,
          "attachmentsCount" : 0,
          "shouldDisplayMessage" : true,
          "hasContent" : true
        } ],
        "attachments" : [ ],
        "parameters" : [ {
          "name" : "locator",
          "value" : "('xpath', \"(//a[@id='ui-id-4'])[1]\")"
        }, {
          "name" : "timeout",
          "value" : "10"
        } ],
        "stepsCount" : 1,
        "attachmentsCount" : 0,
        "shouldDisplayMessage" : false,
        "hasContent" : true
      } ],
      "attachments" : [ ],
      "parameters" : [ ],
      "stepsCount" : 2,
      "attachmentsCount" : 0,
      "shouldDisplayMessage" : false,
      "hasContent" : true
    } ],
    "attachments" : [ {
      "uid" : "6d885c49a8aecba3",
      "name" : "Screenshot",
      "source" : "6d885c49a8aecba3.png",
      "type" : "image/png",
      "size" : 25650
    }, {
      "uid" : "d5e7d947b3d65c89",
      "name" : "HTML source",
      "source" : "d5e7d947b3d65c89.html",
      "type" : "text/html",
      "size" : 258745
    } ],
    "parameters" : [ ],
    "stepsCount" : 4,
    "attachmentsCount" : 2,
    "shouldDisplayMessage" : true,
    "hasContent" : true
  },
  "afterStages" : [ {
    "name" : "clear_allure_result_folder::0",
    "time" : {
      "start" : 1737857182853,
      "stop" : 1737857182853,
      "duration" : 0
    },
    "status" : "passed",
    "steps" : [ ],
    "attachments" : [ ],
    "parameters" : [ ],
    "stepsCount" : 0,
    "attachmentsCount" : 0,
    "shouldDisplayMessage" : false,
    "hasContent" : false
  }, {
    "name" : "driver::0",
    "time" : {
      "start" : 1737855648331,
      "stop" : 1737855648395,
      "duration" : 64
    },
    "status" : "passed",
    "steps" : [ ],
    "attachments" : [ ],
    "parameters" : [ ],
    "stepsCount" : 0,
    "attachmentsCount" : 0,
    "shouldDisplayMessage" : false,
    "hasContent" : false
  } ],
  "labels" : [ {
    "name" : "epic",
    "value" : "Test Header"
  }, {
    "name" : "parentSuite",
    "value" : "tests"
  }, {
    "name" : "suite",
    "value" : "test_header"
  }, {
    "name" : "subSuite",
    "value" : "TestHeader"
  }, {
    "name" : "host",
    "value" : "fv-az1922-652"
  }, {
    "name" : "thread",
    "value" : "2797-MainThread"
  }, {
    "name" : "framework",
    "value" : "pytest"
  }, {
    "name" : "language",
    "value" : "cpython3"
  }, {
    "name" : "package",
    "value" : "tests.test_header"
  }, {
    "name" : "resultFormat",
    "value" : "allure2"
  } ],
  "parameters" : [ ],
  "links" : [ ],
  "hidden" : false,
  "retry" : false,
  "extra" : {
    "severity" : "normal",
    "retries" : [ ],
    "categories" : [ {
      "name" : "Test defects",
      "matchedStatuses" : [ ],
      "flaky" : false
    } ],
    "tags" : [ ]
  },
  "source" : "87f8eee2a86c94f8.json",
  "parameterValues" : [ ]
}