{
  "uid" : "8f8eb766717bf1d7",
  "name" : "TC 10.01.03, 10.01.05, 10.01.07, 10.01.09, 10.01.11, 10.01.13 - Verify 6 links in Women's Deals open the correct pages",
  "fullName" : "tests.test_sale.TestSideMenuBarWomen#test_tc_10_01_03__05_07_09_11_13",
  "historyId" : "6d7213a1d65a707abbb41883be7b66e1",
  "time" : {
    "start" : 1737856406967,
    "stop" : 1737856412089,
    "duration" : 5122
  },
  "description" : "Check that six links in Women's Deals section lead to the correct pages after click",
  "descriptionHtml" : "<p>Check that six links in Women's Deals section lead to the correct pages after click</p>\n",
  "status" : "broken",
  "statusMessage" : "selenium.common.exceptions.TimeoutException: Message: \nStacktrace:\n#0 0x5635ad0f57ca <unknown>\n#1 0x5635acbed2f0 <unknown>\n#2 0x5635acc3d035 <unknown>\n#3 0x5635acc3d251 <unknown>\n#4 0x5635acc83054 <unknown>\n#5 0x5635acc619dd <unknown>\n#6 0x5635acc803b3 <unknown>\n#7 0x5635acc61753 <unknown>\n#8 0x5635acc2ebaa <unknown>\n#9 0x5635acc2fdfe <unknown>\n#10 0x5635ad0c038b <unknown>\n#11 0x5635ad0c4307 <unknown>\n#12 0x5635ad0ace7c <unknown>\n#13 0x5635ad0c4ec7 <unknown>\n#14 0x5635ad09124f <unknown>\n#15 0x5635ad0e42f8 <unknown>\n#16 0x5635ad0e44c0 <unknown>\n#17 0x5635ad0f4646 <unknown>\n#18 0x7f4db8e9ca94 <unknown>\n#19 0x7f4db8f29c3c <unknown>",
  "statusTrace" : "self = <test_sale.TestSalePage.TestSideMenuBarWomen object at 0x7fc2e82a9450>\nsale_page = <pages.sale_page.SalePage object at 0x7fc2e770ce90>\nelement_locator = ('css selector', '.categories-menu > ul:nth-child(2) > li:nth-child(6) > a')\nexpected_title = 'Shorts - Bottoms - Women'\nexpected_url = 'https://magento.softwaretestingboard.com/women/bottoms-women/shorts-women.html'\n\n    @allure.title(\"TC 10.01.03, 10.01.05, 10.01.07, 10.01.09, 10.01.11, 10.01.13 - \"\n                  \"Verify 6 links in Women's Deals open the correct pages\")\n    @pytest.mark.parametrize(\n        \"element_locator, expected_title, expected_url\",\n        zip(\n            SideBarLocators.WOMEN_DEALS_ELEMENTS.values(),\n            expected_titles_w.values(),\n            expected_urls_w.values(),\n        )\n    )\n    def test_tc_10_01_03__05_07_09_11_13(self, sale_page, element_locator, expected_title, expected_url):\n        \"\"\"Check that six links in Women's Deals section lead to the correct pages after click\"\"\"\n>       element_in_women_deals = sale_page.element_is_clickable(element_locator)\n\ntests/test_sale.py:51: \n_ _ _ _ _ _ _ _ _ _ _ _ _ _ _ _ _ _ _ _ _ _ _ _ _ _ _ _ _ _ _ _ _ _ _ _ _ _ _ _ \npages/base_page.py:80: in element_is_clickable\n    return wait(self.driver, timeout).until(EC.element_to_be_clickable(locator))\n_ _ _ _ _ _ _ _ _ _ _ _ _ _ _ _ _ _ _ _ _ _ _ _ _ _ _ _ _ _ _ _ _ _ _ _ _ _ _ _ \n\nself = <selenium.webdriver.support.wait.WebDriverWait (session=\"84cfccbbceb56a1a6cce449489deba45\")>\nmethod = <function element_to_be_clickable.<locals>._predicate at 0x7fc2e76ec720>\nmessage = ''\n\n    def until(self, method, message: str = \"\"):\n        \"\"\"Calls the method provided with the driver as an argument until the \\\n        return value does not evaluate to ``False``.\n    \n        :param method: callable(WebDriver)\n        :param message: optional message for :exc:`TimeoutException`\n        :returns: the result of the last call to `method`\n        :raises: :exc:`selenium.common.exceptions.TimeoutException` if timeout occurs\n        \"\"\"\n        screen = None\n        stacktrace = None\n    \n        end_time = time.monotonic() + self._timeout\n        while True:\n            try:\n                value = method(self._driver)\n                if value:\n                    return value\n            except self._ignored_exceptions as exc:\n                screen = getattr(exc, \"screen\", None)\n                stacktrace = getattr(exc, \"stacktrace\", None)\n            time.sleep(self._poll)\n            if time.monotonic() > end_time:\n                break\n>       raise TimeoutException(message, screen, stacktrace)\nE       selenium.common.exceptions.TimeoutException: Message: \nE       Stacktrace:\nE       #0 0x5635ad0f57ca <unknown>\nE       #1 0x5635acbed2f0 <unknown>\nE       #2 0x5635acc3d035 <unknown>\nE       #3 0x5635acc3d251 <unknown>\nE       #4 0x5635acc83054 <unknown>\nE       #5 0x5635acc619dd <unknown>\nE       #6 0x5635acc803b3 <unknown>\nE       #7 0x5635acc61753 <unknown>\nE       #8 0x5635acc2ebaa <unknown>\nE       #9 0x5635acc2fdfe <unknown>\nE       #10 0x5635ad0c038b <unknown>\nE       #11 0x5635ad0c4307 <unknown>\nE       #12 0x5635ad0ace7c <unknown>\nE       #13 0x5635ad0c4ec7 <unknown>\nE       #14 0x5635ad09124f <unknown>\nE       #15 0x5635ad0e42f8 <unknown>\nE       #16 0x5635ad0e44c0 <unknown>\nE       #17 0x5635ad0f4646 <unknown>\nE       #18 0x7f4db8e9ca94 <unknown>\nE       #19 0x7f4db8f29c3c <unknown>\n\n/opt/hostedtoolcache/Python/3.11.11/x64/lib/python3.11/site-packages/selenium/webdriver/support/wait.py:95: TimeoutException",
  "flaky" : false,
  "newFailed" : false,
  "beforeStages" : [ {
    "name" : "clear_allure_result_folder",
    "time" : {
      "start" : 1737854757354,
      "stop" : 1737854757354,
      "duration" : 0
    },
    "status" : "passed",
    "steps" : [ ],
    "attachments" : [ ],
    "parameters" : [ ],
    "stepsCount" : 0,
    "attachmentsCount" : 0,
    "shouldDisplayMessage" : false,
    "hasContent" : false
  }, {
    "name" : "sale_page",
    "time" : {
      "start" : 1737856406724,
      "stop" : 1737856406966,
      "duration" : 242
    },
    "status" : "passed",
    "steps" : [ {
      "name" : "Open a browser",
      "time" : {
        "start" : 1737856406724,
        "stop" : 1737856406966,
        "duration" : 242
      },
      "status" : "passed",
      "steps" : [ ],
      "attachments" : [ ],
      "parameters" : [ ],
      "stepsCount" : 0,
      "attachmentsCount" : 0,
      "shouldDisplayMessage" : false,
      "hasContent" : false
    } ],
    "attachments" : [ ],
    "parameters" : [ ],
    "stepsCount" : 1,
    "attachmentsCount" : 0,
    "shouldDisplayMessage" : false,
    "hasContent" : true
  }, {
    "name" : "driver",
    "time" : {
      "start" : 1737856405538,
      "stop" : 1737856406723,
      "duration" : 1185
    },
    "status" : "passed",
    "steps" : [ ],
    "attachments" : [ ],
    "parameters" : [ ],
    "stepsCount" : 0,
    "attachmentsCount" : 0,
    "shouldDisplayMessage" : false,
    "hasContent" : false
  }, {
    "name" : "_session_faker",
    "time" : {
      "start" : 1737854757290,
      "stop" : 1737854757353,
      "duration" : 63
    },
    "status" : "passed",
    "steps" : [ ],
    "attachments" : [ ],
    "parameters" : [ ],
    "stepsCount" : 0,
    "attachmentsCount" : 0,
    "shouldDisplayMessage" : false,
    "hasContent" : false
  } ],
  "testStage" : {
    "description" : "Check that six links in Women's Deals section lead to the correct pages after click",
    "status" : "broken",
    "statusMessage" : "selenium.common.exceptions.TimeoutException: Message: \nStacktrace:\n#0 0x5635ad0f57ca <unknown>\n#1 0x5635acbed2f0 <unknown>\n#2 0x5635acc3d035 <unknown>\n#3 0x5635acc3d251 <unknown>\n#4 0x5635acc83054 <unknown>\n#5 0x5635acc619dd <unknown>\n#6 0x5635acc803b3 <unknown>\n#7 0x5635acc61753 <unknown>\n#8 0x5635acc2ebaa <unknown>\n#9 0x5635acc2fdfe <unknown>\n#10 0x5635ad0c038b <unknown>\n#11 0x5635ad0c4307 <unknown>\n#12 0x5635ad0ace7c <unknown>\n#13 0x5635ad0c4ec7 <unknown>\n#14 0x5635ad09124f <unknown>\n#15 0x5635ad0e42f8 <unknown>\n#16 0x5635ad0e44c0 <unknown>\n#17 0x5635ad0f4646 <unknown>\n#18 0x7f4db8e9ca94 <unknown>\n#19 0x7f4db8f29c3c <unknown>",
    "statusTrace" : "self = <test_sale.TestSalePage.TestSideMenuBarWomen object at 0x7fc2e82a9450>\nsale_page = <pages.sale_page.SalePage object at 0x7fc2e770ce90>\nelement_locator = ('css selector', '.categories-menu > ul:nth-child(2) > li:nth-child(6) > a')\nexpected_title = 'Shorts - Bottoms - Women'\nexpected_url = 'https://magento.softwaretestingboard.com/women/bottoms-women/shorts-women.html'\n\n    @allure.title(\"TC 10.01.03, 10.01.05, 10.01.07, 10.01.09, 10.01.11, 10.01.13 - \"\n                  \"Verify 6 links in Women's Deals open the correct pages\")\n    @pytest.mark.parametrize(\n        \"element_locator, expected_title, expected_url\",\n        zip(\n            SideBarLocators.WOMEN_DEALS_ELEMENTS.values(),\n            expected_titles_w.values(),\n            expected_urls_w.values(),\n        )\n    )\n    def test_tc_10_01_03__05_07_09_11_13(self, sale_page, element_locator, expected_title, expected_url):\n        \"\"\"Check that six links in Women's Deals section lead to the correct pages after click\"\"\"\n>       element_in_women_deals = sale_page.element_is_clickable(element_locator)\n\ntests/test_sale.py:51: \n_ _ _ _ _ _ _ _ _ _ _ _ _ _ _ _ _ _ _ _ _ _ _ _ _ _ _ _ _ _ _ _ _ _ _ _ _ _ _ _ \npages/base_page.py:80: in element_is_clickable\n    return wait(self.driver, timeout).until(EC.element_to_be_clickable(locator))\n_ _ _ _ _ _ _ _ _ _ _ _ _ _ _ _ _ _ _ _ _ _ _ _ _ _ _ _ _ _ _ _ _ _ _ _ _ _ _ _ \n\nself = <selenium.webdriver.support.wait.WebDriverWait (session=\"84cfccbbceb56a1a6cce449489deba45\")>\nmethod = <function element_to_be_clickable.<locals>._predicate at 0x7fc2e76ec720>\nmessage = ''\n\n    def until(self, method, message: str = \"\"):\n        \"\"\"Calls the method provided with the driver as an argument until the \\\n        return value does not evaluate to ``False``.\n    \n        :param method: callable(WebDriver)\n        :param message: optional message for :exc:`TimeoutException`\n        :returns: the result of the last call to `method`\n        :raises: :exc:`selenium.common.exceptions.TimeoutException` if timeout occurs\n        \"\"\"\n        screen = None\n        stacktrace = None\n    \n        end_time = time.monotonic() + self._timeout\n        while True:\n            try:\n                value = method(self._driver)\n                if value:\n                    return value\n            except self._ignored_exceptions as exc:\n                screen = getattr(exc, \"screen\", None)\n                stacktrace = getattr(exc, \"stacktrace\", None)\n            time.sleep(self._poll)\n            if time.monotonic() > end_time:\n                break\n>       raise TimeoutException(message, screen, stacktrace)\nE       selenium.common.exceptions.TimeoutException: Message: \nE       Stacktrace:\nE       #0 0x5635ad0f57ca <unknown>\nE       #1 0x5635acbed2f0 <unknown>\nE       #2 0x5635acc3d035 <unknown>\nE       #3 0x5635acc3d251 <unknown>\nE       #4 0x5635acc83054 <unknown>\nE       #5 0x5635acc619dd <unknown>\nE       #6 0x5635acc803b3 <unknown>\nE       #7 0x5635acc61753 <unknown>\nE       #8 0x5635acc2ebaa <unknown>\nE       #9 0x5635acc2fdfe <unknown>\nE       #10 0x5635ad0c038b <unknown>\nE       #11 0x5635ad0c4307 <unknown>\nE       #12 0x5635ad0ace7c <unknown>\nE       #13 0x5635ad0c4ec7 <unknown>\nE       #14 0x5635ad09124f <unknown>\nE       #15 0x5635ad0e42f8 <unknown>\nE       #16 0x5635ad0e44c0 <unknown>\nE       #17 0x5635ad0f4646 <unknown>\nE       #18 0x7f4db8e9ca94 <unknown>\nE       #19 0x7f4db8f29c3c <unknown>\n\n/opt/hostedtoolcache/Python/3.11.11/x64/lib/python3.11/site-packages/selenium/webdriver/support/wait.py:95: TimeoutException",
    "steps" : [ {
      "name" : "Find clickable elements",
      "time" : {
        "start" : 1737856406968,
        "stop" : 1737856412088,
        "duration" : 5120
      },
      "status" : "broken",
      "statusMessage" : "selenium.common.exceptions.TimeoutException: Message: \nStacktrace:\n#0 0x5635ad0f57ca <unknown>\n#1 0x5635acbed2f0 <unknown>\n#2 0x5635acc3d035 <unknown>\n#3 0x5635acc3d251 <unknown>\n#4 0x5635acc83054 <unknown>\n#5 0x5635acc619dd <unknown>\n#6 0x5635acc803b3 <unknown>\n#7 0x5635acc61753 <unknown>\n#8 0x5635acc2ebaa <unknown>\n#9 0x5635acc2fdfe <unknown>\n#10 0x5635ad0c038b <unknown>\n#11 0x5635ad0c4307 <unknown>\n#12 0x5635ad0ace7c <unknown>\n#13 0x5635ad0c4ec7 <unknown>\n#14 0x5635ad09124f <unknown>\n#15 0x5635ad0e42f8 <unknown>\n#16 0x5635ad0e44c0 <unknown>\n#17 0x5635ad0f4646 <unknown>\n#18 0x7f4db8e9ca94 <unknown>\n#19 0x7f4db8f29c3c <unknown>\n\n",
      "statusTrace" : "  File \"/opt/hostedtoolcache/Python/3.11.11/x64/lib/python3.11/site-packages/allure_commons/_allure.py\", line 192, in impl\n    return func(*a, **kw)\n           ^^^^^^^^^^^^^^\n  File \"/home/runner/work/luma_project/luma_project/pages/base_page.py\", line 80, in element_is_clickable\n    return wait(self.driver, timeout).until(EC.element_to_be_clickable(locator))\n           ^^^^^^^^^^^^^^^^^^^^^^^^^^^^^^^^^^^^^^^^^^^^^^^^^^^^^^^^^^^^^^^^^^^^^\n  File \"/opt/hostedtoolcache/Python/3.11.11/x64/lib/python3.11/site-packages/selenium/webdriver/support/wait.py\", line 95, in until\n    raise TimeoutException(message, screen, stacktrace)\n",
      "steps" : [ ],
      "attachments" : [ ],
      "parameters" : [ {
        "name" : "locator",
        "value" : "('css selector', '.categories-menu > ul:nth-child(2) > li:nth-child(6) > a')"
      }, {
        "name" : "timeout",
        "value" : "5"
      } ],
      "stepsCount" : 0,
      "attachmentsCount" : 0,
      "shouldDisplayMessage" : true,
      "hasContent" : true
    } ],
    "attachments" : [ {
      "uid" : "cead72e8047f8cf6",
      "name" : "Screenshot",
      "source" : "cead72e8047f8cf6.png",
      "type" : "image/png",
      "size" : 25650
    }, {
      "uid" : "242b99656720c5eb",
      "name" : "HTML source",
      "source" : "242b99656720c5eb.html",
      "type" : "text/html",
      "size" : 258763
    } ],
    "parameters" : [ ],
    "stepsCount" : 1,
    "attachmentsCount" : 2,
    "shouldDisplayMessage" : true,
    "hasContent" : true
  },
  "afterStages" : [ {
    "name" : "clear_allure_result_folder::0",
    "time" : {
      "start" : 1737857182853,
      "stop" : 1737857182853,
      "duration" : 0
    },
    "status" : "passed",
    "steps" : [ ],
    "attachments" : [ ],
    "parameters" : [ ],
    "stepsCount" : 0,
    "attachmentsCount" : 0,
    "shouldDisplayMessage" : false,
    "hasContent" : false
  }, {
    "name" : "driver::0",
    "time" : {
      "start" : 1737856412191,
      "stop" : 1737856412255,
      "duration" : 64
    },
    "status" : "passed",
    "steps" : [ ],
    "attachments" : [ ],
    "parameters" : [ ],
    "stepsCount" : 0,
    "attachmentsCount" : 0,
    "shouldDisplayMessage" : false,
    "hasContent" : false
  } ],
  "labels" : [ {
    "name" : "epic",
    "value" : "Sale Page"
  }, {
    "name" : "feature",
    "value" : "Testing Side Menu Bar - Women's Deals Section"
  }, {
    "name" : "parentSuite",
    "value" : "tests"
  }, {
    "name" : "suite",
    "value" : "test_sale"
  }, {
    "name" : "subSuite",
    "value" : "TestSalePage"
  }, {
    "name" : "host",
    "value" : "fv-az1922-652"
  }, {
    "name" : "thread",
    "value" : "2797-MainThread"
  }, {
    "name" : "framework",
    "value" : "pytest"
  }, {
    "name" : "language",
    "value" : "cpython3"
  }, {
    "name" : "package",
    "value" : "tests.test_sale"
  }, {
    "name" : "resultFormat",
    "value" : "allure2"
  } ],
  "parameters" : [ {
    "name" : "element_locator",
    "value" : "('css selector', '.categories-menu > ul:nth-child(2) > li:nth-child(6) > a')"
  }, {
    "name" : "expected_title",
    "value" : "'Shorts - Bottoms - Women'"
  }, {
    "name" : "expected_url",
    "value" : "'https://magento.softwaretestingboard.com/women/bottoms-women/shorts-women.html'"
  } ],
  "links" : [ ],
  "hidden" : false,
  "retry" : false,
  "extra" : {
    "severity" : "normal",
    "retries" : [ ],
    "categories" : [ {
      "name" : "Test defects",
      "matchedStatuses" : [ ],
      "flaky" : false
    } ],
    "tags" : [ ]
  },
  "source" : "8f8eb766717bf1d7.json",
  "parameterValues" : [ "('css selector', '.categories-menu > ul:nth-child(2) > li:nth-child(6) > a')", "'Shorts - Bottoms - Women'", "'https://magento.softwaretestingboard.com/women/bottoms-women/shorts-women.html'" ]
}