{
  "uid" : "98250c901f7d67cc",
  "name" : "TC 13.01.47 - Check block 4 'home-performance' in section 2 of the Promo Block is present in the DOM tree",
  "fullName" : "tests.test_main_page.TestPromoBlock#test_tc_13_01_47_check_block4_in_section2_is_present",
  "historyId" : "85bcf003b4dd7cde75369e78794015b3",
  "time" : {
    "start" : 1737251304492,
    "stop" : 1737251311148,
    "duration" : 6656
  },
  "description" : "This test checks if block 4 'home-performance' in section 2 in the Promo Block is present\n            in the DOM tree on the main page",
  "descriptionHtml" : "<p>This test checks if block 4 'home-performance' in section 2 in the Promo Block is present\nin the DOM tree on the main page</p>\n",
  "status" : "broken",
  "statusMessage" : "selenium.common.exceptions.TimeoutException: Message: \nStacktrace:\n#0 0x55ffc67c18fa <unknown>\n#1 0x55ffc62d2d20 <unknown>\n#2 0x55ffc6321a66 <unknown>\n#3 0x55ffc6321d01 <unknown>\n#4 0x55ffc6367184 <unknown>\n#5 0x55ffc6345b1d <unknown>\n#6 0x55ffc6364560 <unknown>\n#7 0x55ffc6345893 <unknown>\n#8 0x55ffc631430d <unknown>\n#9 0x55ffc631532e <unknown>\n#10 0x55ffc678e00b <unknown>\n#11 0x55ffc6791f97 <unknown>\n#12 0x55ffc677a71c <unknown>\n#13 0x55ffc6792b17 <unknown>\n#14 0x55ffc675f6cf <unknown>\n#15 0x55ffc67b06b8 <unknown>\n#16 0x55ffc67b0880 <unknown>\n#17 0x55ffc67c0776 <unknown>\n#18 0x7f5e2849ca94 <unknown>\n#19 0x7f5e28529c3c <unknown>",
  "statusTrace" : "self = <test_main_page.TestMainPage.TestPromoBlock object at 0x7f3ebe079190>\ndriver = <selenium.webdriver.chrome.webdriver.WebDriver (session=\"e0c97a76fa3cdde42902f6e568e31666\")>\n\n    @allure.title(\"TC 13.01.47 - Check block 4 'home-performance' in section 2 of the Promo Block is present \"\n                  \"in the DOM tree\")\n    def test_tc_13_01_47_check_block4_in_section2_is_present(self, driver):\n        \"\"\"This test checks if block 4 'home-performance' in section 2 in the Promo Block is present\n        in the DOM tree on the main page\"\"\"\n        page = PromoBlock(driver, MAIN_PAGE_URL)\n        page.open()\n>       block4_section2 = page.check_block4_section2_is_present()\n\ntests/test_main_page.py:616: \n_ _ _ _ _ _ _ _ _ _ _ _ _ _ _ _ _ _ _ _ _ _ _ _ _ _ _ _ _ _ _ _ _ _ _ _ _ _ _ _ \npages/main_page.py:221: in check_block4_section2_is_present\n    return self.element_is_present(self.locators.SECTION_2_BLOCK_4)\npages/base_page.py:50: in element_is_present\n    return wait(self.driver, timeout).until(EC.presence_of_element_located(locator))\n_ _ _ _ _ _ _ _ _ _ _ _ _ _ _ _ _ _ _ _ _ _ _ _ _ _ _ _ _ _ _ _ _ _ _ _ _ _ _ _ \n\nself = <selenium.webdriver.support.wait.WebDriverWait (session=\"e0c97a76fa3cdde42902f6e568e31666\")>\nmethod = <function presence_of_element_located.<locals>._predicate at 0x7f3ebf75eca0>\nmessage = ''\n\n    def until(self, method, message: str = \"\"):\n        \"\"\"Calls the method provided with the driver as an argument until the \\\n        return value does not evaluate to ``False``.\n    \n        :param method: callable(WebDriver)\n        :param message: optional message for :exc:`TimeoutException`\n        :returns: the result of the last call to `method`\n        :raises: :exc:`selenium.common.exceptions.TimeoutException` if timeout occurs\n        \"\"\"\n        screen = None\n        stacktrace = None\n    \n        end_time = time.monotonic() + self._timeout\n        while True:\n            try:\n                value = method(self._driver)\n                if value:\n                    return value\n            except self._ignored_exceptions as exc:\n                screen = getattr(exc, \"screen\", None)\n                stacktrace = getattr(exc, \"stacktrace\", None)\n            time.sleep(self._poll)\n            if time.monotonic() > end_time:\n                break\n>       raise TimeoutException(message, screen, stacktrace)\nE       selenium.common.exceptions.TimeoutException: Message: \nE       Stacktrace:\nE       #0 0x55ffc67c18fa <unknown>\nE       #1 0x55ffc62d2d20 <unknown>\nE       #2 0x55ffc6321a66 <unknown>\nE       #3 0x55ffc6321d01 <unknown>\nE       #4 0x55ffc6367184 <unknown>\nE       #5 0x55ffc6345b1d <unknown>\nE       #6 0x55ffc6364560 <unknown>\nE       #7 0x55ffc6345893 <unknown>\nE       #8 0x55ffc631430d <unknown>\nE       #9 0x55ffc631532e <unknown>\nE       #10 0x55ffc678e00b <unknown>\nE       #11 0x55ffc6791f97 <unknown>\nE       #12 0x55ffc677a71c <unknown>\nE       #13 0x55ffc6792b17 <unknown>\nE       #14 0x55ffc675f6cf <unknown>\nE       #15 0x55ffc67b06b8 <unknown>\nE       #16 0x55ffc67b0880 <unknown>\nE       #17 0x55ffc67c0776 <unknown>\nE       #18 0x7f5e2849ca94 <unknown>\nE       #19 0x7f5e28529c3c <unknown>\n\n/opt/hostedtoolcache/Python/3.11.11/x64/lib/python3.11/site-packages/selenium/webdriver/support/wait.py:95: TimeoutException",
  "flaky" : false,
  "newFailed" : false,
  "beforeStages" : [ {
    "name" : "_session_faker",
    "time" : {
      "start" : 1737250538752,
      "stop" : 1737250538819,
      "duration" : 67
    },
    "status" : "passed",
    "steps" : [ ],
    "attachments" : [ ],
    "parameters" : [ ],
    "stepsCount" : 0,
    "attachmentsCount" : 0,
    "shouldDisplayMessage" : false,
    "hasContent" : false
  }, {
    "name" : "clear_allure_result_folder",
    "time" : {
      "start" : 1737250538819,
      "stop" : 1737250538819,
      "duration" : 0
    },
    "status" : "passed",
    "steps" : [ ],
    "attachments" : [ ],
    "parameters" : [ ],
    "stepsCount" : 0,
    "attachmentsCount" : 0,
    "shouldDisplayMessage" : false,
    "hasContent" : false
  }, {
    "name" : "driver",
    "time" : {
      "start" : 1737251303282,
      "stop" : 1737251304492,
      "duration" : 1210
    },
    "status" : "passed",
    "steps" : [ ],
    "attachments" : [ ],
    "parameters" : [ ],
    "stepsCount" : 0,
    "attachmentsCount" : 0,
    "shouldDisplayMessage" : false,
    "hasContent" : false
  } ],
  "testStage" : {
    "description" : "This test checks if block 4 'home-performance' in section 2 in the Promo Block is present\n            in the DOM tree on the main page",
    "status" : "broken",
    "statusMessage" : "selenium.common.exceptions.TimeoutException: Message: \nStacktrace:\n#0 0x55ffc67c18fa <unknown>\n#1 0x55ffc62d2d20 <unknown>\n#2 0x55ffc6321a66 <unknown>\n#3 0x55ffc6321d01 <unknown>\n#4 0x55ffc6367184 <unknown>\n#5 0x55ffc6345b1d <unknown>\n#6 0x55ffc6364560 <unknown>\n#7 0x55ffc6345893 <unknown>\n#8 0x55ffc631430d <unknown>\n#9 0x55ffc631532e <unknown>\n#10 0x55ffc678e00b <unknown>\n#11 0x55ffc6791f97 <unknown>\n#12 0x55ffc677a71c <unknown>\n#13 0x55ffc6792b17 <unknown>\n#14 0x55ffc675f6cf <unknown>\n#15 0x55ffc67b06b8 <unknown>\n#16 0x55ffc67b0880 <unknown>\n#17 0x55ffc67c0776 <unknown>\n#18 0x7f5e2849ca94 <unknown>\n#19 0x7f5e28529c3c <unknown>",
    "statusTrace" : "self = <test_main_page.TestMainPage.TestPromoBlock object at 0x7f3ebe079190>\ndriver = <selenium.webdriver.chrome.webdriver.WebDriver (session=\"e0c97a76fa3cdde42902f6e568e31666\")>\n\n    @allure.title(\"TC 13.01.47 - Check block 4 'home-performance' in section 2 of the Promo Block is present \"\n                  \"in the DOM tree\")\n    def test_tc_13_01_47_check_block4_in_section2_is_present(self, driver):\n        \"\"\"This test checks if block 4 'home-performance' in section 2 in the Promo Block is present\n        in the DOM tree on the main page\"\"\"\n        page = PromoBlock(driver, MAIN_PAGE_URL)\n        page.open()\n>       block4_section2 = page.check_block4_section2_is_present()\n\ntests/test_main_page.py:616: \n_ _ _ _ _ _ _ _ _ _ _ _ _ _ _ _ _ _ _ _ _ _ _ _ _ _ _ _ _ _ _ _ _ _ _ _ _ _ _ _ \npages/main_page.py:221: in check_block4_section2_is_present\n    return self.element_is_present(self.locators.SECTION_2_BLOCK_4)\npages/base_page.py:50: in element_is_present\n    return wait(self.driver, timeout).until(EC.presence_of_element_located(locator))\n_ _ _ _ _ _ _ _ _ _ _ _ _ _ _ _ _ _ _ _ _ _ _ _ _ _ _ _ _ _ _ _ _ _ _ _ _ _ _ _ \n\nself = <selenium.webdriver.support.wait.WebDriverWait (session=\"e0c97a76fa3cdde42902f6e568e31666\")>\nmethod = <function presence_of_element_located.<locals>._predicate at 0x7f3ebf75eca0>\nmessage = ''\n\n    def until(self, method, message: str = \"\"):\n        \"\"\"Calls the method provided with the driver as an argument until the \\\n        return value does not evaluate to ``False``.\n    \n        :param method: callable(WebDriver)\n        :param message: optional message for :exc:`TimeoutException`\n        :returns: the result of the last call to `method`\n        :raises: :exc:`selenium.common.exceptions.TimeoutException` if timeout occurs\n        \"\"\"\n        screen = None\n        stacktrace = None\n    \n        end_time = time.monotonic() + self._timeout\n        while True:\n            try:\n                value = method(self._driver)\n                if value:\n                    return value\n            except self._ignored_exceptions as exc:\n                screen = getattr(exc, \"screen\", None)\n                stacktrace = getattr(exc, \"stacktrace\", None)\n            time.sleep(self._poll)\n            if time.monotonic() > end_time:\n                break\n>       raise TimeoutException(message, screen, stacktrace)\nE       selenium.common.exceptions.TimeoutException: Message: \nE       Stacktrace:\nE       #0 0x55ffc67c18fa <unknown>\nE       #1 0x55ffc62d2d20 <unknown>\nE       #2 0x55ffc6321a66 <unknown>\nE       #3 0x55ffc6321d01 <unknown>\nE       #4 0x55ffc6367184 <unknown>\nE       #5 0x55ffc6345b1d <unknown>\nE       #6 0x55ffc6364560 <unknown>\nE       #7 0x55ffc6345893 <unknown>\nE       #8 0x55ffc631430d <unknown>\nE       #9 0x55ffc631532e <unknown>\nE       #10 0x55ffc678e00b <unknown>\nE       #11 0x55ffc6791f97 <unknown>\nE       #12 0x55ffc677a71c <unknown>\nE       #13 0x55ffc6792b17 <unknown>\nE       #14 0x55ffc675f6cf <unknown>\nE       #15 0x55ffc67b06b8 <unknown>\nE       #16 0x55ffc67b0880 <unknown>\nE       #17 0x55ffc67c0776 <unknown>\nE       #18 0x7f5e2849ca94 <unknown>\nE       #19 0x7f5e28529c3c <unknown>\n\n/opt/hostedtoolcache/Python/3.11.11/x64/lib/python3.11/site-packages/selenium/webdriver/support/wait.py:95: TimeoutException",
    "steps" : [ {
      "name" : "Open a browser",
      "time" : {
        "start" : 1737251304492,
        "stop" : 1737251305700,
        "duration" : 1208
      },
      "status" : "passed",
      "steps" : [ ],
      "attachments" : [ ],
      "parameters" : [ ],
      "stepsCount" : 0,
      "attachmentsCount" : 0,
      "shouldDisplayMessage" : false,
      "hasContent" : false
    }, {
      "name" : "Check block 4 'home-performance' in section 2 of the Promo Block is present in the DOM tree",
      "time" : {
        "start" : 1737251305700,
        "stop" : 1737251311147,
        "duration" : 5447
      },
      "status" : "broken",
      "statusMessage" : "selenium.common.exceptions.TimeoutException: Message: \nStacktrace:\n#0 0x55ffc67c18fa <unknown>\n#1 0x55ffc62d2d20 <unknown>\n#2 0x55ffc6321a66 <unknown>\n#3 0x55ffc6321d01 <unknown>\n#4 0x55ffc6367184 <unknown>\n#5 0x55ffc6345b1d <unknown>\n#6 0x55ffc6364560 <unknown>\n#7 0x55ffc6345893 <unknown>\n#8 0x55ffc631430d <unknown>\n#9 0x55ffc631532e <unknown>\n#10 0x55ffc678e00b <unknown>\n#11 0x55ffc6791f97 <unknown>\n#12 0x55ffc677a71c <unknown>\n#13 0x55ffc6792b17 <unknown>\n#14 0x55ffc675f6cf <unknown>\n#15 0x55ffc67b06b8 <unknown>\n#16 0x55ffc67b0880 <unknown>\n#17 0x55ffc67c0776 <unknown>\n#18 0x7f5e2849ca94 <unknown>\n#19 0x7f5e28529c3c <unknown>\n\n",
      "statusTrace" : "  File \"/opt/hostedtoolcache/Python/3.11.11/x64/lib/python3.11/site-packages/allure_commons/_allure.py\", line 192, in impl\n    return func(*a, **kw)\n           ^^^^^^^^^^^^^^\n  File \"/home/runner/work/luma_project/luma_project/pages/main_page.py\", line 221, in check_block4_section2_is_present\n    return self.element_is_present(self.locators.SECTION_2_BLOCK_4)\n           ^^^^^^^^^^^^^^^^^^^^^^^^^^^^^^^^^^^^^^^^^^^^^^^^^^^^^^^^\n  File \"/opt/hostedtoolcache/Python/3.11.11/x64/lib/python3.11/site-packages/allure_commons/_allure.py\", line 192, in impl\n    return func(*a, **kw)\n           ^^^^^^^^^^^^^^\n  File \"/home/runner/work/luma_project/luma_project/pages/base_page.py\", line 50, in element_is_present\n    return wait(self.driver, timeout).until(EC.presence_of_element_located(locator))\n           ^^^^^^^^^^^^^^^^^^^^^^^^^^^^^^^^^^^^^^^^^^^^^^^^^^^^^^^^^^^^^^^^^^^^^^^^^\n  File \"/opt/hostedtoolcache/Python/3.11.11/x64/lib/python3.11/site-packages/selenium/webdriver/support/wait.py\", line 95, in until\n    raise TimeoutException(message, screen, stacktrace)\n",
      "steps" : [ {
        "name" : "Find a present element",
        "time" : {
          "start" : 1737251305700,
          "stop" : 1737251311147,
          "duration" : 5447
        },
        "status" : "broken",
        "statusMessage" : "selenium.common.exceptions.TimeoutException: Message: \nStacktrace:\n#0 0x55ffc67c18fa <unknown>\n#1 0x55ffc62d2d20 <unknown>\n#2 0x55ffc6321a66 <unknown>\n#3 0x55ffc6321d01 <unknown>\n#4 0x55ffc6367184 <unknown>\n#5 0x55ffc6345b1d <unknown>\n#6 0x55ffc6364560 <unknown>\n#7 0x55ffc6345893 <unknown>\n#8 0x55ffc631430d <unknown>\n#9 0x55ffc631532e <unknown>\n#10 0x55ffc678e00b <unknown>\n#11 0x55ffc6791f97 <unknown>\n#12 0x55ffc677a71c <unknown>\n#13 0x55ffc6792b17 <unknown>\n#14 0x55ffc675f6cf <unknown>\n#15 0x55ffc67b06b8 <unknown>\n#16 0x55ffc67b0880 <unknown>\n#17 0x55ffc67c0776 <unknown>\n#18 0x7f5e2849ca94 <unknown>\n#19 0x7f5e28529c3c <unknown>\n\n",
        "statusTrace" : "  File \"/opt/hostedtoolcache/Python/3.11.11/x64/lib/python3.11/site-packages/allure_commons/_allure.py\", line 192, in impl\n    return func(*a, **kw)\n           ^^^^^^^^^^^^^^\n  File \"/home/runner/work/luma_project/luma_project/pages/base_page.py\", line 50, in element_is_present\n    return wait(self.driver, timeout).until(EC.presence_of_element_located(locator))\n           ^^^^^^^^^^^^^^^^^^^^^^^^^^^^^^^^^^^^^^^^^^^^^^^^^^^^^^^^^^^^^^^^^^^^^^^^^\n  File \"/opt/hostedtoolcache/Python/3.11.11/x64/lib/python3.11/site-packages/selenium/webdriver/support/wait.py\", line 95, in until\n    raise TimeoutException(message, screen, stacktrace)\n",
        "steps" : [ ],
        "attachments" : [ ],
        "parameters" : [ {
          "name" : "locator",
          "value" : "('css selector', '.home-performance')"
        }, {
          "name" : "timeout",
          "value" : "5"
        } ],
        "stepsCount" : 0,
        "attachmentsCount" : 0,
        "shouldDisplayMessage" : true,
        "hasContent" : true
      } ],
      "attachments" : [ ],
      "parameters" : [ ],
      "stepsCount" : 1,
      "attachmentsCount" : 0,
      "shouldDisplayMessage" : false,
      "hasContent" : true
    } ],
    "attachments" : [ {
      "uid" : "8826dafa8d506221",
      "name" : "Screenshot",
      "source" : "8826dafa8d506221.png",
      "type" : "image/png",
      "size" : 547971
    }, {
      "uid" : "80dacb49c173af78",
      "name" : "HTML source",
      "source" : "80dacb49c173af78.html",
      "type" : "text/html",
      "size" : 145203
    } ],
    "parameters" : [ ],
    "stepsCount" : 3,
    "attachmentsCount" : 2,
    "shouldDisplayMessage" : true,
    "hasContent" : true
  },
  "afterStages" : [ {
    "name" : "clear_allure_result_folder::0",
    "time" : {
      "start" : 1737251969857,
      "stop" : 1737251969857,
      "duration" : 0
    },
    "status" : "passed",
    "steps" : [ ],
    "attachments" : [ ],
    "parameters" : [ ],
    "stepsCount" : 0,
    "attachmentsCount" : 0,
    "shouldDisplayMessage" : false,
    "hasContent" : false
  }, {
    "name" : "driver::0",
    "time" : {
      "start" : 1737251311388,
      "stop" : 1737251311514,
      "duration" : 126
    },
    "status" : "passed",
    "steps" : [ ],
    "attachments" : [ ],
    "parameters" : [ ],
    "stepsCount" : 0,
    "attachmentsCount" : 0,
    "shouldDisplayMessage" : false,
    "hasContent" : false
  } ],
  "labels" : [ {
    "name" : "epic",
    "value" : "Main Page"
  }, {
    "name" : "feature",
    "value" : "Promo Block Testing"
  }, {
    "name" : "parentSuite",
    "value" : "tests"
  }, {
    "name" : "suite",
    "value" : "test_main_page"
  }, {
    "name" : "subSuite",
    "value" : "TestMainPage"
  }, {
    "name" : "host",
    "value" : "fv-az1959-184"
  }, {
    "name" : "thread",
    "value" : "2788-MainThread"
  }, {
    "name" : "framework",
    "value" : "pytest"
  }, {
    "name" : "language",
    "value" : "cpython3"
  }, {
    "name" : "package",
    "value" : "tests.test_main_page"
  }, {
    "name" : "resultFormat",
    "value" : "allure2"
  } ],
  "parameters" : [ ],
  "links" : [ ],
  "hidden" : false,
  "retry" : false,
  "extra" : {
    "severity" : "normal",
    "retries" : [ ],
    "categories" : [ {
      "name" : "Test defects",
      "matchedStatuses" : [ ],
      "flaky" : false
    } ],
    "tags" : [ ]
  },
  "source" : "98250c901f7d67cc.json",
  "parameterValues" : [ ]
}