{
  "uid" : "9cb8a3c33033297a",
  "name" : "TC 01.02.01 display and interactivity of the \"Search\" field",
  "fullName" : "tests.test_header.TestHeader#test_tc_01_02_01_display_and_interactivity_of_the_search_field",
  "historyId" : "d241827fd0c9fb064358eb342ab51eae",
  "time" : {
    "start" : 1737855406836,
    "stop" : 1737855412202,
    "duration" : 5366
  },
  "description" : "Check the \"Search\" field is activated with a vertical flashing symbol \"|\" and highlighted",
  "descriptionHtml" : "<p>Check the &quot;Search&quot; field is activated with a vertical flashing symbol &quot;|&quot; and highlighted</p>\n",
  "status" : "broken",
  "statusMessage" : "selenium.common.exceptions.TimeoutException: Message: \nStacktrace:\n#0 0x5593f79a37ca <unknown>\n#1 0x5593f749b2f0 <unknown>\n#2 0x5593f74eb035 <unknown>\n#3 0x5593f74eb251 <unknown>\n#4 0x5593f7531054 <unknown>\n#5 0x5593f750f9dd <unknown>\n#6 0x5593f752e3b3 <unknown>\n#7 0x5593f750f753 <unknown>\n#8 0x5593f74dcbaa <unknown>\n#9 0x5593f74dddfe <unknown>\n#10 0x5593f796e38b <unknown>\n#11 0x5593f7972307 <unknown>\n#12 0x5593f795ae7c <unknown>\n#13 0x5593f7972ec7 <unknown>\n#14 0x5593f793f24f <unknown>\n#15 0x5593f79922f8 <unknown>\n#16 0x5593f79924c0 <unknown>\n#17 0x5593f79a2646 <unknown>\n#18 0x7fce04a9ca94 <unknown>\n#19 0x7fce04b29c3c <unknown>",
  "statusTrace" : "self = <test_header.TestHeader object at 0x7fc2e63c9250>\ndriver = <selenium.webdriver.chrome.webdriver.WebDriver (session=\"12a428090f1049bb19ea8fe71570fa9c\")>\n\n    @allure.title('TC 01.02.01 display and interactivity of the \"Search\" field')\n    def test_tc_01_02_01_display_and_interactivity_of_the_search_field(self, driver):\n        \"\"\"Check the \"Search\" field is activated with a vertical flashing symbol \"|\" and highlighted\"\"\"\n        page = HeaderPage(driver, MAIN_PAGE_URL)\n        page.open()\n>       initial_box_shadow, active_box_shadow = page.activate_search_field_and_check_style()\n\ntests/test_header.py:119: \n_ _ _ _ _ _ _ _ _ _ _ _ _ _ _ _ _ _ _ _ _ _ _ _ _ _ _ _ _ _ _ _ _ _ _ _ _ _ _ _ \npages/header_page.py:73: in activate_search_field_and_check_style\n    initial_box_shadow = self.check_element_hover_style(self.header_locators.SEARCH_FIELD, 'box-shadow', 5)\npages/base_page.py:120: in check_element_hover_style\n    element = self.element_is_visible(locator)  # Get the WebElement using locator\npages/base_page.py:29: in element_is_visible\n    self.go_to_element(self.element_is_present(locator))\npages/base_page.py:50: in element_is_present\n    return wait(self.driver, timeout).until(EC.presence_of_element_located(locator))\n_ _ _ _ _ _ _ _ _ _ _ _ _ _ _ _ _ _ _ _ _ _ _ _ _ _ _ _ _ _ _ _ _ _ _ _ _ _ _ _ \n\nself = <selenium.webdriver.support.wait.WebDriverWait (session=\"12a428090f1049bb19ea8fe71570fa9c\")>\nmethod = <function presence_of_element_located.<locals>._predicate at 0x7fc2e80c3920>\nmessage = ''\n\n    def until(self, method, message: str = \"\"):\n        \"\"\"Calls the method provided with the driver as an argument until the \\\n        return value does not evaluate to ``False``.\n    \n        :param method: callable(WebDriver)\n        :param message: optional message for :exc:`TimeoutException`\n        :returns: the result of the last call to `method`\n        :raises: :exc:`selenium.common.exceptions.TimeoutException` if timeout occurs\n        \"\"\"\n        screen = None\n        stacktrace = None\n    \n        end_time = time.monotonic() + self._timeout\n        while True:\n            try:\n                value = method(self._driver)\n                if value:\n                    return value\n            except self._ignored_exceptions as exc:\n                screen = getattr(exc, \"screen\", None)\n                stacktrace = getattr(exc, \"stacktrace\", None)\n            time.sleep(self._poll)\n            if time.monotonic() > end_time:\n                break\n>       raise TimeoutException(message, screen, stacktrace)\nE       selenium.common.exceptions.TimeoutException: Message: \nE       Stacktrace:\nE       #0 0x5593f79a37ca <unknown>\nE       #1 0x5593f749b2f0 <unknown>\nE       #2 0x5593f74eb035 <unknown>\nE       #3 0x5593f74eb251 <unknown>\nE       #4 0x5593f7531054 <unknown>\nE       #5 0x5593f750f9dd <unknown>\nE       #6 0x5593f752e3b3 <unknown>\nE       #7 0x5593f750f753 <unknown>\nE       #8 0x5593f74dcbaa <unknown>\nE       #9 0x5593f74dddfe <unknown>\nE       #10 0x5593f796e38b <unknown>\nE       #11 0x5593f7972307 <unknown>\nE       #12 0x5593f795ae7c <unknown>\nE       #13 0x5593f7972ec7 <unknown>\nE       #14 0x5593f793f24f <unknown>\nE       #15 0x5593f79922f8 <unknown>\nE       #16 0x5593f79924c0 <unknown>\nE       #17 0x5593f79a2646 <unknown>\nE       #18 0x7fce04a9ca94 <unknown>\nE       #19 0x7fce04b29c3c <unknown>\n\n/opt/hostedtoolcache/Python/3.11.11/x64/lib/python3.11/site-packages/selenium/webdriver/support/wait.py:95: TimeoutException",
  "flaky" : false,
  "newFailed" : false,
  "beforeStages" : [ {
    "name" : "clear_allure_result_folder",
    "time" : {
      "start" : 1737854757354,
      "stop" : 1737854757354,
      "duration" : 0
    },
    "status" : "passed",
    "steps" : [ ],
    "attachments" : [ ],
    "parameters" : [ ],
    "stepsCount" : 0,
    "attachmentsCount" : 0,
    "shouldDisplayMessage" : false,
    "hasContent" : false
  }, {
    "name" : "driver",
    "time" : {
      "start" : 1737855405637,
      "stop" : 1737855406835,
      "duration" : 1198
    },
    "status" : "passed",
    "steps" : [ ],
    "attachments" : [ ],
    "parameters" : [ ],
    "stepsCount" : 0,
    "attachmentsCount" : 0,
    "shouldDisplayMessage" : false,
    "hasContent" : false
  }, {
    "name" : "_session_faker",
    "time" : {
      "start" : 1737854757290,
      "stop" : 1737854757353,
      "duration" : 63
    },
    "status" : "passed",
    "steps" : [ ],
    "attachments" : [ ],
    "parameters" : [ ],
    "stepsCount" : 0,
    "attachmentsCount" : 0,
    "shouldDisplayMessage" : false,
    "hasContent" : false
  } ],
  "testStage" : {
    "description" : "Check the \"Search\" field is activated with a vertical flashing symbol \"|\" and highlighted",
    "status" : "broken",
    "statusMessage" : "selenium.common.exceptions.TimeoutException: Message: \nStacktrace:\n#0 0x5593f79a37ca <unknown>\n#1 0x5593f749b2f0 <unknown>\n#2 0x5593f74eb035 <unknown>\n#3 0x5593f74eb251 <unknown>\n#4 0x5593f7531054 <unknown>\n#5 0x5593f750f9dd <unknown>\n#6 0x5593f752e3b3 <unknown>\n#7 0x5593f750f753 <unknown>\n#8 0x5593f74dcbaa <unknown>\n#9 0x5593f74dddfe <unknown>\n#10 0x5593f796e38b <unknown>\n#11 0x5593f7972307 <unknown>\n#12 0x5593f795ae7c <unknown>\n#13 0x5593f7972ec7 <unknown>\n#14 0x5593f793f24f <unknown>\n#15 0x5593f79922f8 <unknown>\n#16 0x5593f79924c0 <unknown>\n#17 0x5593f79a2646 <unknown>\n#18 0x7fce04a9ca94 <unknown>\n#19 0x7fce04b29c3c <unknown>",
    "statusTrace" : "self = <test_header.TestHeader object at 0x7fc2e63c9250>\ndriver = <selenium.webdriver.chrome.webdriver.WebDriver (session=\"12a428090f1049bb19ea8fe71570fa9c\")>\n\n    @allure.title('TC 01.02.01 display and interactivity of the \"Search\" field')\n    def test_tc_01_02_01_display_and_interactivity_of_the_search_field(self, driver):\n        \"\"\"Check the \"Search\" field is activated with a vertical flashing symbol \"|\" and highlighted\"\"\"\n        page = HeaderPage(driver, MAIN_PAGE_URL)\n        page.open()\n>       initial_box_shadow, active_box_shadow = page.activate_search_field_and_check_style()\n\ntests/test_header.py:119: \n_ _ _ _ _ _ _ _ _ _ _ _ _ _ _ _ _ _ _ _ _ _ _ _ _ _ _ _ _ _ _ _ _ _ _ _ _ _ _ _ \npages/header_page.py:73: in activate_search_field_and_check_style\n    initial_box_shadow = self.check_element_hover_style(self.header_locators.SEARCH_FIELD, 'box-shadow', 5)\npages/base_page.py:120: in check_element_hover_style\n    element = self.element_is_visible(locator)  # Get the WebElement using locator\npages/base_page.py:29: in element_is_visible\n    self.go_to_element(self.element_is_present(locator))\npages/base_page.py:50: in element_is_present\n    return wait(self.driver, timeout).until(EC.presence_of_element_located(locator))\n_ _ _ _ _ _ _ _ _ _ _ _ _ _ _ _ _ _ _ _ _ _ _ _ _ _ _ _ _ _ _ _ _ _ _ _ _ _ _ _ \n\nself = <selenium.webdriver.support.wait.WebDriverWait (session=\"12a428090f1049bb19ea8fe71570fa9c\")>\nmethod = <function presence_of_element_located.<locals>._predicate at 0x7fc2e80c3920>\nmessage = ''\n\n    def until(self, method, message: str = \"\"):\n        \"\"\"Calls the method provided with the driver as an argument until the \\\n        return value does not evaluate to ``False``.\n    \n        :param method: callable(WebDriver)\n        :param message: optional message for :exc:`TimeoutException`\n        :returns: the result of the last call to `method`\n        :raises: :exc:`selenium.common.exceptions.TimeoutException` if timeout occurs\n        \"\"\"\n        screen = None\n        stacktrace = None\n    \n        end_time = time.monotonic() + self._timeout\n        while True:\n            try:\n                value = method(self._driver)\n                if value:\n                    return value\n            except self._ignored_exceptions as exc:\n                screen = getattr(exc, \"screen\", None)\n                stacktrace = getattr(exc, \"stacktrace\", None)\n            time.sleep(self._poll)\n            if time.monotonic() > end_time:\n                break\n>       raise TimeoutException(message, screen, stacktrace)\nE       selenium.common.exceptions.TimeoutException: Message: \nE       Stacktrace:\nE       #0 0x5593f79a37ca <unknown>\nE       #1 0x5593f749b2f0 <unknown>\nE       #2 0x5593f74eb035 <unknown>\nE       #3 0x5593f74eb251 <unknown>\nE       #4 0x5593f7531054 <unknown>\nE       #5 0x5593f750f9dd <unknown>\nE       #6 0x5593f752e3b3 <unknown>\nE       #7 0x5593f750f753 <unknown>\nE       #8 0x5593f74dcbaa <unknown>\nE       #9 0x5593f74dddfe <unknown>\nE       #10 0x5593f796e38b <unknown>\nE       #11 0x5593f7972307 <unknown>\nE       #12 0x5593f795ae7c <unknown>\nE       #13 0x5593f7972ec7 <unknown>\nE       #14 0x5593f793f24f <unknown>\nE       #15 0x5593f79922f8 <unknown>\nE       #16 0x5593f79924c0 <unknown>\nE       #17 0x5593f79a2646 <unknown>\nE       #18 0x7fce04a9ca94 <unknown>\nE       #19 0x7fce04b29c3c <unknown>\n\n/opt/hostedtoolcache/Python/3.11.11/x64/lib/python3.11/site-packages/selenium/webdriver/support/wait.py:95: TimeoutException",
    "steps" : [ {
      "name" : "Open a browser",
      "time" : {
        "start" : 1737855406836,
        "stop" : 1737855407078,
        "duration" : 242
      },
      "status" : "passed",
      "steps" : [ ],
      "attachments" : [ ],
      "parameters" : [ ],
      "stepsCount" : 0,
      "attachmentsCount" : 0,
      "shouldDisplayMessage" : false,
      "hasContent" : false
    }, {
      "name" : "Check \"Search\" field activation style",
      "time" : {
        "start" : 1737855407078,
        "stop" : 1737855412201,
        "duration" : 5123
      },
      "status" : "broken",
      "statusMessage" : "selenium.common.exceptions.TimeoutException: Message: \nStacktrace:\n#0 0x5593f79a37ca <unknown>\n#1 0x5593f749b2f0 <unknown>\n#2 0x5593f74eb035 <unknown>\n#3 0x5593f74eb251 <unknown>\n#4 0x5593f7531054 <unknown>\n#5 0x5593f750f9dd <unknown>\n#6 0x5593f752e3b3 <unknown>\n#7 0x5593f750f753 <unknown>\n#8 0x5593f74dcbaa <unknown>\n#9 0x5593f74dddfe <unknown>\n#10 0x5593f796e38b <unknown>\n#11 0x5593f7972307 <unknown>\n#12 0x5593f795ae7c <unknown>\n#13 0x5593f7972ec7 <unknown>\n#14 0x5593f793f24f <unknown>\n#15 0x5593f79922f8 <unknown>\n#16 0x5593f79924c0 <unknown>\n#17 0x5593f79a2646 <unknown>\n#18 0x7fce04a9ca94 <unknown>\n#19 0x7fce04b29c3c <unknown>\n\n",
      "statusTrace" : "  File \"/opt/hostedtoolcache/Python/3.11.11/x64/lib/python3.11/site-packages/allure_commons/_allure.py\", line 192, in impl\n    return func(*a, **kw)\n           ^^^^^^^^^^^^^^\n  File \"/home/runner/work/luma_project/luma_project/pages/header_page.py\", line 73, in activate_search_field_and_check_style\n    initial_box_shadow = self.check_element_hover_style(self.header_locators.SEARCH_FIELD, 'box-shadow', 5)\n                         ^^^^^^^^^^^^^^^^^^^^^^^^^^^^^^^^^^^^^^^^^^^^^^^^^^^^^^^^^^^^^^^^^^^^^^^^^^^^^^^^^^\n  File \"/opt/hostedtoolcache/Python/3.11.11/x64/lib/python3.11/site-packages/allure_commons/_allure.py\", line 192, in impl\n    return func(*a, **kw)\n           ^^^^^^^^^^^^^^\n  File \"/home/runner/work/luma_project/luma_project/pages/base_page.py\", line 120, in check_element_hover_style\n    element = self.element_is_visible(locator)  # Get the WebElement using locator\n              ^^^^^^^^^^^^^^^^^^^^^^^^^^^^^^^^\n  File \"/opt/hostedtoolcache/Python/3.11.11/x64/lib/python3.11/site-packages/allure_commons/_allure.py\", line 192, in impl\n    return func(*a, **kw)\n           ^^^^^^^^^^^^^^\n  File \"/home/runner/work/luma_project/luma_project/pages/base_page.py\", line 29, in element_is_visible\n    self.go_to_element(self.element_is_present(locator))\n                       ^^^^^^^^^^^^^^^^^^^^^^^^^^^^^^^^\n  File \"/opt/hostedtoolcache/Python/3.11.11/x64/lib/python3.11/site-packages/allure_commons/_allure.py\", line 192, in impl\n    return func(*a, **kw)\n           ^^^^^^^^^^^^^^\n  File \"/home/runner/work/luma_project/luma_project/pages/base_page.py\", line 50, in element_is_present\n    return wait(self.driver, timeout).until(EC.presence_of_element_located(locator))\n           ^^^^^^^^^^^^^^^^^^^^^^^^^^^^^^^^^^^^^^^^^^^^^^^^^^^^^^^^^^^^^^^^^^^^^^^^^\n  File \"/opt/hostedtoolcache/Python/3.11.11/x64/lib/python3.11/site-packages/selenium/webdriver/support/wait.py\", line 95, in until\n    raise TimeoutException(message, screen, stacktrace)\n",
      "steps" : [ {
        "name" : "Check element hover style",
        "time" : {
          "start" : 1737855407078,
          "stop" : 1737855412201,
          "duration" : 5123
        },
        "status" : "broken",
        "statusMessage" : "selenium.common.exceptions.TimeoutException: Message: \nStacktrace:\n#0 0x5593f79a37ca <unknown>\n#1 0x5593f749b2f0 <unknown>\n#2 0x5593f74eb035 <unknown>\n#3 0x5593f74eb251 <unknown>\n#4 0x5593f7531054 <unknown>\n#5 0x5593f750f9dd <unknown>\n#6 0x5593f752e3b3 <unknown>\n#7 0x5593f750f753 <unknown>\n#8 0x5593f74dcbaa <unknown>\n#9 0x5593f74dddfe <unknown>\n#10 0x5593f796e38b <unknown>\n#11 0x5593f7972307 <unknown>\n#12 0x5593f795ae7c <unknown>\n#13 0x5593f7972ec7 <unknown>\n#14 0x5593f793f24f <unknown>\n#15 0x5593f79922f8 <unknown>\n#16 0x5593f79924c0 <unknown>\n#17 0x5593f79a2646 <unknown>\n#18 0x7fce04a9ca94 <unknown>\n#19 0x7fce04b29c3c <unknown>\n\n",
        "statusTrace" : "  File \"/opt/hostedtoolcache/Python/3.11.11/x64/lib/python3.11/site-packages/allure_commons/_allure.py\", line 192, in impl\n    return func(*a, **kw)\n           ^^^^^^^^^^^^^^\n  File \"/home/runner/work/luma_project/luma_project/pages/base_page.py\", line 120, in check_element_hover_style\n    element = self.element_is_visible(locator)  # Get the WebElement using locator\n              ^^^^^^^^^^^^^^^^^^^^^^^^^^^^^^^^\n  File \"/opt/hostedtoolcache/Python/3.11.11/x64/lib/python3.11/site-packages/allure_commons/_allure.py\", line 192, in impl\n    return func(*a, **kw)\n           ^^^^^^^^^^^^^^\n  File \"/home/runner/work/luma_project/luma_project/pages/base_page.py\", line 29, in element_is_visible\n    self.go_to_element(self.element_is_present(locator))\n                       ^^^^^^^^^^^^^^^^^^^^^^^^^^^^^^^^\n  File \"/opt/hostedtoolcache/Python/3.11.11/x64/lib/python3.11/site-packages/allure_commons/_allure.py\", line 192, in impl\n    return func(*a, **kw)\n           ^^^^^^^^^^^^^^\n  File \"/home/runner/work/luma_project/luma_project/pages/base_page.py\", line 50, in element_is_present\n    return wait(self.driver, timeout).until(EC.presence_of_element_located(locator))\n           ^^^^^^^^^^^^^^^^^^^^^^^^^^^^^^^^^^^^^^^^^^^^^^^^^^^^^^^^^^^^^^^^^^^^^^^^^\n  File \"/opt/hostedtoolcache/Python/3.11.11/x64/lib/python3.11/site-packages/selenium/webdriver/support/wait.py\", line 95, in until\n    raise TimeoutException(message, screen, stacktrace)\n",
        "steps" : [ {
          "name" : "Find a visible element",
          "time" : {
            "start" : 1737855407078,
            "stop" : 1737855412201,
            "duration" : 5123
          },
          "status" : "broken",
          "statusMessage" : "selenium.common.exceptions.TimeoutException: Message: \nStacktrace:\n#0 0x5593f79a37ca <unknown>\n#1 0x5593f749b2f0 <unknown>\n#2 0x5593f74eb035 <unknown>\n#3 0x5593f74eb251 <unknown>\n#4 0x5593f7531054 <unknown>\n#5 0x5593f750f9dd <unknown>\n#6 0x5593f752e3b3 <unknown>\n#7 0x5593f750f753 <unknown>\n#8 0x5593f74dcbaa <unknown>\n#9 0x5593f74dddfe <unknown>\n#10 0x5593f796e38b <unknown>\n#11 0x5593f7972307 <unknown>\n#12 0x5593f795ae7c <unknown>\n#13 0x5593f7972ec7 <unknown>\n#14 0x5593f793f24f <unknown>\n#15 0x5593f79922f8 <unknown>\n#16 0x5593f79924c0 <unknown>\n#17 0x5593f79a2646 <unknown>\n#18 0x7fce04a9ca94 <unknown>\n#19 0x7fce04b29c3c <unknown>\n\n",
          "statusTrace" : "  File \"/opt/hostedtoolcache/Python/3.11.11/x64/lib/python3.11/site-packages/allure_commons/_allure.py\", line 192, in impl\n    return func(*a, **kw)\n           ^^^^^^^^^^^^^^\n  File \"/home/runner/work/luma_project/luma_project/pages/base_page.py\", line 29, in element_is_visible\n    self.go_to_element(self.element_is_present(locator))\n                       ^^^^^^^^^^^^^^^^^^^^^^^^^^^^^^^^\n  File \"/opt/hostedtoolcache/Python/3.11.11/x64/lib/python3.11/site-packages/allure_commons/_allure.py\", line 192, in impl\n    return func(*a, **kw)\n           ^^^^^^^^^^^^^^\n  File \"/home/runner/work/luma_project/luma_project/pages/base_page.py\", line 50, in element_is_present\n    return wait(self.driver, timeout).until(EC.presence_of_element_located(locator))\n           ^^^^^^^^^^^^^^^^^^^^^^^^^^^^^^^^^^^^^^^^^^^^^^^^^^^^^^^^^^^^^^^^^^^^^^^^^\n  File \"/opt/hostedtoolcache/Python/3.11.11/x64/lib/python3.11/site-packages/selenium/webdriver/support/wait.py\", line 95, in until\n    raise TimeoutException(message, screen, stacktrace)\n",
          "steps" : [ {
            "name" : "Find a present element",
            "time" : {
              "start" : 1737855407078,
              "stop" : 1737855412200,
              "duration" : 5122
            },
            "status" : "broken",
            "statusMessage" : "selenium.common.exceptions.TimeoutException: Message: \nStacktrace:\n#0 0x5593f79a37ca <unknown>\n#1 0x5593f749b2f0 <unknown>\n#2 0x5593f74eb035 <unknown>\n#3 0x5593f74eb251 <unknown>\n#4 0x5593f7531054 <unknown>\n#5 0x5593f750f9dd <unknown>\n#6 0x5593f752e3b3 <unknown>\n#7 0x5593f750f753 <unknown>\n#8 0x5593f74dcbaa <unknown>\n#9 0x5593f74dddfe <unknown>\n#10 0x5593f796e38b <unknown>\n#11 0x5593f7972307 <unknown>\n#12 0x5593f795ae7c <unknown>\n#13 0x5593f7972ec7 <unknown>\n#14 0x5593f793f24f <unknown>\n#15 0x5593f79922f8 <unknown>\n#16 0x5593f79924c0 <unknown>\n#17 0x5593f79a2646 <unknown>\n#18 0x7fce04a9ca94 <unknown>\n#19 0x7fce04b29c3c <unknown>\n\n",
            "statusTrace" : "  File \"/opt/hostedtoolcache/Python/3.11.11/x64/lib/python3.11/site-packages/allure_commons/_allure.py\", line 192, in impl\n    return func(*a, **kw)\n           ^^^^^^^^^^^^^^\n  File \"/home/runner/work/luma_project/luma_project/pages/base_page.py\", line 50, in element_is_present\n    return wait(self.driver, timeout).until(EC.presence_of_element_located(locator))\n           ^^^^^^^^^^^^^^^^^^^^^^^^^^^^^^^^^^^^^^^^^^^^^^^^^^^^^^^^^^^^^^^^^^^^^^^^^\n  File \"/opt/hostedtoolcache/Python/3.11.11/x64/lib/python3.11/site-packages/selenium/webdriver/support/wait.py\", line 95, in until\n    raise TimeoutException(message, screen, stacktrace)\n",
            "steps" : [ ],
            "attachments" : [ ],
            "parameters" : [ {
              "name" : "locator",
              "value" : "('xpath', \"//input[@id='search']\")"
            }, {
              "name" : "timeout",
              "value" : "5"
            } ],
            "stepsCount" : 0,
            "attachmentsCount" : 0,
            "shouldDisplayMessage" : true,
            "hasContent" : true
          } ],
          "attachments" : [ ],
          "parameters" : [ {
            "name" : "locator",
            "value" : "('xpath', \"//input[@id='search']\")"
          }, {
            "name" : "timeout",
            "value" : "10"
          } ],
          "stepsCount" : 1,
          "attachmentsCount" : 0,
          "shouldDisplayMessage" : false,
          "hasContent" : true
        } ],
        "attachments" : [ ],
        "parameters" : [ {
          "name" : "locator",
          "value" : "('xpath', \"//input[@id='search']\")"
        }, {
          "name" : "css_property",
          "value" : "'box-shadow'"
        }, {
          "name" : "seconds",
          "value" : "5"
        } ],
        "stepsCount" : 2,
        "attachmentsCount" : 0,
        "shouldDisplayMessage" : false,
        "hasContent" : true
      } ],
      "attachments" : [ ],
      "parameters" : [ ],
      "stepsCount" : 3,
      "attachmentsCount" : 0,
      "shouldDisplayMessage" : false,
      "hasContent" : true
    } ],
    "attachments" : [ {
      "uid" : "714c7e95b974d990",
      "name" : "Screenshot",
      "source" : "714c7e95b974d990.png",
      "type" : "image/png",
      "size" : 25650
    }, {
      "uid" : "e154dcdd092e1ab6",
      "name" : "HTML source",
      "source" : "e154dcdd092e1ab6.html",
      "type" : "text/html",
      "size" : 258745
    } ],
    "parameters" : [ ],
    "stepsCount" : 5,
    "attachmentsCount" : 2,
    "shouldDisplayMessage" : true,
    "hasContent" : true
  },
  "afterStages" : [ {
    "name" : "clear_allure_result_folder::0",
    "time" : {
      "start" : 1737857182853,
      "stop" : 1737857182853,
      "duration" : 0
    },
    "status" : "passed",
    "steps" : [ ],
    "attachments" : [ ],
    "parameters" : [ ],
    "stepsCount" : 0,
    "attachmentsCount" : 0,
    "shouldDisplayMessage" : false,
    "hasContent" : false
  }, {
    "name" : "driver::0",
    "time" : {
      "start" : 1737855412324,
      "stop" : 1737855412388,
      "duration" : 64
    },
    "status" : "passed",
    "steps" : [ ],
    "attachments" : [ ],
    "parameters" : [ ],
    "stepsCount" : 0,
    "attachmentsCount" : 0,
    "shouldDisplayMessage" : false,
    "hasContent" : false
  } ],
  "labels" : [ {
    "name" : "epic",
    "value" : "Test Header"
  }, {
    "name" : "parentSuite",
    "value" : "tests"
  }, {
    "name" : "suite",
    "value" : "test_header"
  }, {
    "name" : "subSuite",
    "value" : "TestHeader"
  }, {
    "name" : "host",
    "value" : "fv-az1922-652"
  }, {
    "name" : "thread",
    "value" : "2797-MainThread"
  }, {
    "name" : "framework",
    "value" : "pytest"
  }, {
    "name" : "language",
    "value" : "cpython3"
  }, {
    "name" : "package",
    "value" : "tests.test_header"
  }, {
    "name" : "resultFormat",
    "value" : "allure2"
  } ],
  "parameters" : [ ],
  "links" : [ ],
  "hidden" : false,
  "retry" : false,
  "extra" : {
    "severity" : "normal",
    "retries" : [ ],
    "categories" : [ {
      "name" : "Test defects",
      "matchedStatuses" : [ ],
      "flaky" : false
    } ],
    "tags" : [ ]
  },
  "source" : "9cb8a3c33033297a.json",
  "parameterValues" : [ ]
}