{
  "uid" : "a05b69c11256c2b9",
  "name" : "TC 04_01_13 Verify presence of Password label and the required asterisk",
  "fullName" : "tests.test_create_an_account.TestCreateAnAccount#test_04_01_13_password_labeled",
  "historyId" : "1c14faafe94a7bcaca434978117500c8",
  "time" : {
    "start" : 1735437711244,
    "stop" : 1735437716385,
    "duration" : 5141
  },
  "description" : " Verify presence of Password label and the required asterisk ",
  "descriptionHtml" : "<p>Verify presence of Password label and the required asterisk</p>\n",
  "status" : "broken",
  "statusMessage" : "selenium.common.exceptions.TimeoutException: Message: \nStacktrace:\n#0 0x556d26fa831a <unknown>\n#1 0x556d26abe6e0 <unknown>\n#2 0x556d26b0d3e6 <unknown>\n#3 0x556d26b0d681 <unknown>\n#4 0x556d26b52b04 <unknown>\n#5 0x556d26b3148d <unknown>\n#6 0x556d26b4fed7 <unknown>\n#7 0x556d26b31203 <unknown>\n#8 0x556d26affcc0 <unknown>\n#9 0x556d26b00c9e <unknown>\n#10 0x556d26f75d0b <unknown>\n#11 0x556d26f79c92 <unknown>\n#12 0x556d26f62b3c <unknown>\n#13 0x556d26f7a807 <unknown>\n#14 0x556d26f480df <unknown>\n#15 0x556d26f97578 <unknown>\n#16 0x556d26f97740 <unknown>\n#17 0x556d26fa7196 <unknown>\n#18 0x7f74d789ca94 <unknown>\n#19 0x7f74d7929c3c <unknown>",
  "statusTrace" : "self = <test_create_an_account.TestCreateAnAccount object at 0x7fcc684a9cd0>\ncreate_account_page = <pages.create_an_account_page.CreateAccountPage object at 0x7fcc6746b190>\n\n    @allure.title('TC 04_01_13 Verify presence of Password label and the required asterisk')\n    def test_04_01_13_password_labeled(self, create_account_page):\n        \"\"\" Verify presence of Password label and the required asterisk \"\"\"\n>       password_label = create_account_page.check_password_label()\n\ntests/test_create_an_account.py:116: \n_ _ _ _ _ _ _ _ _ _ _ _ _ _ _ _ _ _ _ _ _ _ _ _ _ _ _ _ _ _ _ _ _ _ _ _ _ _ _ _ \npages/create_an_account_page.py:45: in check_password_label\n    return self.element_is_visible(self.locators.PASSWORD_LABEL)\npages/base_page.py:29: in element_is_visible\n    self.go_to_element(self.element_is_present(locator))\npages/base_page.py:50: in element_is_present\n    return wait(self.driver, timeout).until(EC.presence_of_element_located(locator))\n_ _ _ _ _ _ _ _ _ _ _ _ _ _ _ _ _ _ _ _ _ _ _ _ _ _ _ _ _ _ _ _ _ _ _ _ _ _ _ _ \n\nself = <selenium.webdriver.support.wait.WebDriverWait (session=\"05e0f27f1ed9e37e95e38a3027950795\")>\nmethod = <function presence_of_element_located.<locals>._predicate at 0x7fcc674471a0>\nmessage = ''\n\n    def until(self, method, message: str = \"\"):\n        \"\"\"Calls the method provided with the driver as an argument until the \\\n        return value does not evaluate to ``False``.\n    \n        :param method: callable(WebDriver)\n        :param message: optional message for :exc:`TimeoutException`\n        :returns: the result of the last call to `method`\n        :raises: :exc:`selenium.common.exceptions.TimeoutException` if timeout occurs\n        \"\"\"\n        screen = None\n        stacktrace = None\n    \n        end_time = time.monotonic() + self._timeout\n        while True:\n            try:\n                value = method(self._driver)\n                if value:\n                    return value\n            except self._ignored_exceptions as exc:\n                screen = getattr(exc, \"screen\", None)\n                stacktrace = getattr(exc, \"stacktrace\", None)\n            time.sleep(self._poll)\n            if time.monotonic() > end_time:\n                break\n>       raise TimeoutException(message, screen, stacktrace)\nE       selenium.common.exceptions.TimeoutException: Message: \nE       Stacktrace:\nE       #0 0x556d26fa831a <unknown>\nE       #1 0x556d26abe6e0 <unknown>\nE       #2 0x556d26b0d3e6 <unknown>\nE       #3 0x556d26b0d681 <unknown>\nE       #4 0x556d26b52b04 <unknown>\nE       #5 0x556d26b3148d <unknown>\nE       #6 0x556d26b4fed7 <unknown>\nE       #7 0x556d26b31203 <unknown>\nE       #8 0x556d26affcc0 <unknown>\nE       #9 0x556d26b00c9e <unknown>\nE       #10 0x556d26f75d0b <unknown>\nE       #11 0x556d26f79c92 <unknown>\nE       #12 0x556d26f62b3c <unknown>\nE       #13 0x556d26f7a807 <unknown>\nE       #14 0x556d26f480df <unknown>\nE       #15 0x556d26f97578 <unknown>\nE       #16 0x556d26f97740 <unknown>\nE       #17 0x556d26fa7196 <unknown>\nE       #18 0x7f74d789ca94 <unknown>\nE       #19 0x7f74d7929c3c <unknown>\n\n/opt/hostedtoolcache/Python/3.11.11/x64/lib/python3.11/site-packages/selenium/webdriver/support/wait.py:95: TimeoutException",
  "flaky" : false,
  "newFailed" : false,
  "beforeStages" : [ {
    "name" : "_session_faker",
    "time" : {
      "start" : 1735436375854,
      "stop" : 1735436375914,
      "duration" : 60
    },
    "status" : "passed",
    "steps" : [ ],
    "attachments" : [ ],
    "parameters" : [ ],
    "stepsCount" : 0,
    "attachmentsCount" : 0,
    "shouldDisplayMessage" : false,
    "hasContent" : false
  }, {
    "name" : "clear_allure_result_folder",
    "time" : {
      "start" : 1735436375915,
      "stop" : 1735436375915,
      "duration" : 0
    },
    "status" : "passed",
    "steps" : [ ],
    "attachments" : [ ],
    "parameters" : [ ],
    "stepsCount" : 0,
    "attachmentsCount" : 0,
    "shouldDisplayMessage" : false,
    "hasContent" : false
  }, {
    "name" : "create_account_page",
    "time" : {
      "start" : 1735437672302,
      "stop" : 1735437711244,
      "duration" : 38942
    },
    "status" : "passed",
    "steps" : [ {
      "name" : "Open a browser",
      "time" : {
        "start" : 1735437672302,
        "stop" : 1735437711244,
        "duration" : 38942
      },
      "status" : "passed",
      "steps" : [ ],
      "attachments" : [ ],
      "parameters" : [ ],
      "stepsCount" : 0,
      "attachmentsCount" : 0,
      "shouldDisplayMessage" : false,
      "hasContent" : false
    } ],
    "attachments" : [ ],
    "parameters" : [ ],
    "stepsCount" : 1,
    "attachmentsCount" : 0,
    "shouldDisplayMessage" : false,
    "hasContent" : true
  }, {
    "name" : "driver",
    "time" : {
      "start" : 1735437671122,
      "stop" : 1735437672302,
      "duration" : 1180
    },
    "status" : "passed",
    "steps" : [ ],
    "attachments" : [ ],
    "parameters" : [ ],
    "stepsCount" : 0,
    "attachmentsCount" : 0,
    "shouldDisplayMessage" : false,
    "hasContent" : false
  } ],
  "testStage" : {
    "description" : " Verify presence of Password label and the required asterisk ",
    "status" : "broken",
    "statusMessage" : "selenium.common.exceptions.TimeoutException: Message: \nStacktrace:\n#0 0x556d26fa831a <unknown>\n#1 0x556d26abe6e0 <unknown>\n#2 0x556d26b0d3e6 <unknown>\n#3 0x556d26b0d681 <unknown>\n#4 0x556d26b52b04 <unknown>\n#5 0x556d26b3148d <unknown>\n#6 0x556d26b4fed7 <unknown>\n#7 0x556d26b31203 <unknown>\n#8 0x556d26affcc0 <unknown>\n#9 0x556d26b00c9e <unknown>\n#10 0x556d26f75d0b <unknown>\n#11 0x556d26f79c92 <unknown>\n#12 0x556d26f62b3c <unknown>\n#13 0x556d26f7a807 <unknown>\n#14 0x556d26f480df <unknown>\n#15 0x556d26f97578 <unknown>\n#16 0x556d26f97740 <unknown>\n#17 0x556d26fa7196 <unknown>\n#18 0x7f74d789ca94 <unknown>\n#19 0x7f74d7929c3c <unknown>",
    "statusTrace" : "self = <test_create_an_account.TestCreateAnAccount object at 0x7fcc684a9cd0>\ncreate_account_page = <pages.create_an_account_page.CreateAccountPage object at 0x7fcc6746b190>\n\n    @allure.title('TC 04_01_13 Verify presence of Password label and the required asterisk')\n    def test_04_01_13_password_labeled(self, create_account_page):\n        \"\"\" Verify presence of Password label and the required asterisk \"\"\"\n>       password_label = create_account_page.check_password_label()\n\ntests/test_create_an_account.py:116: \n_ _ _ _ _ _ _ _ _ _ _ _ _ _ _ _ _ _ _ _ _ _ _ _ _ _ _ _ _ _ _ _ _ _ _ _ _ _ _ _ \npages/create_an_account_page.py:45: in check_password_label\n    return self.element_is_visible(self.locators.PASSWORD_LABEL)\npages/base_page.py:29: in element_is_visible\n    self.go_to_element(self.element_is_present(locator))\npages/base_page.py:50: in element_is_present\n    return wait(self.driver, timeout).until(EC.presence_of_element_located(locator))\n_ _ _ _ _ _ _ _ _ _ _ _ _ _ _ _ _ _ _ _ _ _ _ _ _ _ _ _ _ _ _ _ _ _ _ _ _ _ _ _ \n\nself = <selenium.webdriver.support.wait.WebDriverWait (session=\"05e0f27f1ed9e37e95e38a3027950795\")>\nmethod = <function presence_of_element_located.<locals>._predicate at 0x7fcc674471a0>\nmessage = ''\n\n    def until(self, method, message: str = \"\"):\n        \"\"\"Calls the method provided with the driver as an argument until the \\\n        return value does not evaluate to ``False``.\n    \n        :param method: callable(WebDriver)\n        :param message: optional message for :exc:`TimeoutException`\n        :returns: the result of the last call to `method`\n        :raises: :exc:`selenium.common.exceptions.TimeoutException` if timeout occurs\n        \"\"\"\n        screen = None\n        stacktrace = None\n    \n        end_time = time.monotonic() + self._timeout\n        while True:\n            try:\n                value = method(self._driver)\n                if value:\n                    return value\n            except self._ignored_exceptions as exc:\n                screen = getattr(exc, \"screen\", None)\n                stacktrace = getattr(exc, \"stacktrace\", None)\n            time.sleep(self._poll)\n            if time.monotonic() > end_time:\n                break\n>       raise TimeoutException(message, screen, stacktrace)\nE       selenium.common.exceptions.TimeoutException: Message: \nE       Stacktrace:\nE       #0 0x556d26fa831a <unknown>\nE       #1 0x556d26abe6e0 <unknown>\nE       #2 0x556d26b0d3e6 <unknown>\nE       #3 0x556d26b0d681 <unknown>\nE       #4 0x556d26b52b04 <unknown>\nE       #5 0x556d26b3148d <unknown>\nE       #6 0x556d26b4fed7 <unknown>\nE       #7 0x556d26b31203 <unknown>\nE       #8 0x556d26affcc0 <unknown>\nE       #9 0x556d26b00c9e <unknown>\nE       #10 0x556d26f75d0b <unknown>\nE       #11 0x556d26f79c92 <unknown>\nE       #12 0x556d26f62b3c <unknown>\nE       #13 0x556d26f7a807 <unknown>\nE       #14 0x556d26f480df <unknown>\nE       #15 0x556d26f97578 <unknown>\nE       #16 0x556d26f97740 <unknown>\nE       #17 0x556d26fa7196 <unknown>\nE       #18 0x7f74d789ca94 <unknown>\nE       #19 0x7f74d7929c3c <unknown>\n\n/opt/hostedtoolcache/Python/3.11.11/x64/lib/python3.11/site-packages/selenium/webdriver/support/wait.py:95: TimeoutException",
    "steps" : [ {
      "name" : "Check Password label is visible",
      "time" : {
        "start" : 1735437711245,
        "stop" : 1735437716384,
        "duration" : 5139
      },
      "status" : "broken",
      "statusMessage" : "selenium.common.exceptions.TimeoutException: Message: \nStacktrace:\n#0 0x556d26fa831a <unknown>\n#1 0x556d26abe6e0 <unknown>\n#2 0x556d26b0d3e6 <unknown>\n#3 0x556d26b0d681 <unknown>\n#4 0x556d26b52b04 <unknown>\n#5 0x556d26b3148d <unknown>\n#6 0x556d26b4fed7 <unknown>\n#7 0x556d26b31203 <unknown>\n#8 0x556d26affcc0 <unknown>\n#9 0x556d26b00c9e <unknown>\n#10 0x556d26f75d0b <unknown>\n#11 0x556d26f79c92 <unknown>\n#12 0x556d26f62b3c <unknown>\n#13 0x556d26f7a807 <unknown>\n#14 0x556d26f480df <unknown>\n#15 0x556d26f97578 <unknown>\n#16 0x556d26f97740 <unknown>\n#17 0x556d26fa7196 <unknown>\n#18 0x7f74d789ca94 <unknown>\n#19 0x7f74d7929c3c <unknown>\n\n",
      "statusTrace" : "  File \"/opt/hostedtoolcache/Python/3.11.11/x64/lib/python3.11/site-packages/allure_commons/_allure.py\", line 192, in impl\n    return func(*a, **kw)\n           ^^^^^^^^^^^^^^\n  File \"/home/runner/work/luma_project/luma_project/pages/create_an_account_page.py\", line 45, in check_password_label\n    return self.element_is_visible(self.locators.PASSWORD_LABEL)\n           ^^^^^^^^^^^^^^^^^^^^^^^^^^^^^^^^^^^^^^^^^^^^^^^^^^^^^\n  File \"/opt/hostedtoolcache/Python/3.11.11/x64/lib/python3.11/site-packages/allure_commons/_allure.py\", line 192, in impl\n    return func(*a, **kw)\n           ^^^^^^^^^^^^^^\n  File \"/home/runner/work/luma_project/luma_project/pages/base_page.py\", line 29, in element_is_visible\n    self.go_to_element(self.element_is_present(locator))\n                       ^^^^^^^^^^^^^^^^^^^^^^^^^^^^^^^^\n  File \"/opt/hostedtoolcache/Python/3.11.11/x64/lib/python3.11/site-packages/allure_commons/_allure.py\", line 192, in impl\n    return func(*a, **kw)\n           ^^^^^^^^^^^^^^\n  File \"/home/runner/work/luma_project/luma_project/pages/base_page.py\", line 50, in element_is_present\n    return wait(self.driver, timeout).until(EC.presence_of_element_located(locator))\n           ^^^^^^^^^^^^^^^^^^^^^^^^^^^^^^^^^^^^^^^^^^^^^^^^^^^^^^^^^^^^^^^^^^^^^^^^^\n  File \"/opt/hostedtoolcache/Python/3.11.11/x64/lib/python3.11/site-packages/selenium/webdriver/support/wait.py\", line 95, in until\n    raise TimeoutException(message, screen, stacktrace)\n",
      "steps" : [ {
        "name" : "Find a visible element",
        "time" : {
          "start" : 1735437711245,
          "stop" : 1735437716384,
          "duration" : 5139
        },
        "status" : "broken",
        "statusMessage" : "selenium.common.exceptions.TimeoutException: Message: \nStacktrace:\n#0 0x556d26fa831a <unknown>\n#1 0x556d26abe6e0 <unknown>\n#2 0x556d26b0d3e6 <unknown>\n#3 0x556d26b0d681 <unknown>\n#4 0x556d26b52b04 <unknown>\n#5 0x556d26b3148d <unknown>\n#6 0x556d26b4fed7 <unknown>\n#7 0x556d26b31203 <unknown>\n#8 0x556d26affcc0 <unknown>\n#9 0x556d26b00c9e <unknown>\n#10 0x556d26f75d0b <unknown>\n#11 0x556d26f79c92 <unknown>\n#12 0x556d26f62b3c <unknown>\n#13 0x556d26f7a807 <unknown>\n#14 0x556d26f480df <unknown>\n#15 0x556d26f97578 <unknown>\n#16 0x556d26f97740 <unknown>\n#17 0x556d26fa7196 <unknown>\n#18 0x7f74d789ca94 <unknown>\n#19 0x7f74d7929c3c <unknown>\n\n",
        "statusTrace" : "  File \"/opt/hostedtoolcache/Python/3.11.11/x64/lib/python3.11/site-packages/allure_commons/_allure.py\", line 192, in impl\n    return func(*a, **kw)\n           ^^^^^^^^^^^^^^\n  File \"/home/runner/work/luma_project/luma_project/pages/base_page.py\", line 29, in element_is_visible\n    self.go_to_element(self.element_is_present(locator))\n                       ^^^^^^^^^^^^^^^^^^^^^^^^^^^^^^^^\n  File \"/opt/hostedtoolcache/Python/3.11.11/x64/lib/python3.11/site-packages/allure_commons/_allure.py\", line 192, in impl\n    return func(*a, **kw)\n           ^^^^^^^^^^^^^^\n  File \"/home/runner/work/luma_project/luma_project/pages/base_page.py\", line 50, in element_is_present\n    return wait(self.driver, timeout).until(EC.presence_of_element_located(locator))\n           ^^^^^^^^^^^^^^^^^^^^^^^^^^^^^^^^^^^^^^^^^^^^^^^^^^^^^^^^^^^^^^^^^^^^^^^^^\n  File \"/opt/hostedtoolcache/Python/3.11.11/x64/lib/python3.11/site-packages/selenium/webdriver/support/wait.py\", line 95, in until\n    raise TimeoutException(message, screen, stacktrace)\n",
        "steps" : [ {
          "name" : "Find a present element",
          "time" : {
            "start" : 1735437711245,
            "stop" : 1735437716384,
            "duration" : 5139
          },
          "status" : "broken",
          "statusMessage" : "selenium.common.exceptions.TimeoutException: Message: \nStacktrace:\n#0 0x556d26fa831a <unknown>\n#1 0x556d26abe6e0 <unknown>\n#2 0x556d26b0d3e6 <unknown>\n#3 0x556d26b0d681 <unknown>\n#4 0x556d26b52b04 <unknown>\n#5 0x556d26b3148d <unknown>\n#6 0x556d26b4fed7 <unknown>\n#7 0x556d26b31203 <unknown>\n#8 0x556d26affcc0 <unknown>\n#9 0x556d26b00c9e <unknown>\n#10 0x556d26f75d0b <unknown>\n#11 0x556d26f79c92 <unknown>\n#12 0x556d26f62b3c <unknown>\n#13 0x556d26f7a807 <unknown>\n#14 0x556d26f480df <unknown>\n#15 0x556d26f97578 <unknown>\n#16 0x556d26f97740 <unknown>\n#17 0x556d26fa7196 <unknown>\n#18 0x7f74d789ca94 <unknown>\n#19 0x7f74d7929c3c <unknown>\n\n",
          "statusTrace" : "  File \"/opt/hostedtoolcache/Python/3.11.11/x64/lib/python3.11/site-packages/allure_commons/_allure.py\", line 192, in impl\n    return func(*a, **kw)\n           ^^^^^^^^^^^^^^\n  File \"/home/runner/work/luma_project/luma_project/pages/base_page.py\", line 50, in element_is_present\n    return wait(self.driver, timeout).until(EC.presence_of_element_located(locator))\n           ^^^^^^^^^^^^^^^^^^^^^^^^^^^^^^^^^^^^^^^^^^^^^^^^^^^^^^^^^^^^^^^^^^^^^^^^^\n  File \"/opt/hostedtoolcache/Python/3.11.11/x64/lib/python3.11/site-packages/selenium/webdriver/support/wait.py\", line 95, in until\n    raise TimeoutException(message, screen, stacktrace)\n",
          "steps" : [ ],
          "attachments" : [ ],
          "parameters" : [ {
            "name" : "locator",
            "value" : "('css selector', 'label[for=\"password\"]')"
          }, {
            "name" : "timeout",
            "value" : "5"
          } ],
          "stepsCount" : 0,
          "attachmentsCount" : 0,
          "shouldDisplayMessage" : true,
          "hasContent" : true
        } ],
        "attachments" : [ ],
        "parameters" : [ {
          "name" : "locator",
          "value" : "('css selector', 'label[for=\"password\"]')"
        }, {
          "name" : "timeout",
          "value" : "10"
        } ],
        "stepsCount" : 1,
        "attachmentsCount" : 0,
        "shouldDisplayMessage" : false,
        "hasContent" : true
      } ],
      "attachments" : [ ],
      "parameters" : [ ],
      "stepsCount" : 2,
      "attachmentsCount" : 0,
      "shouldDisplayMessage" : false,
      "hasContent" : true
    } ],
    "attachments" : [ {
      "uid" : "234c850abc55e418",
      "name" : "Screenshot",
      "source" : "234c850abc55e418.png",
      "type" : "image/png",
      "size" : 102997
    }, {
      "uid" : "775540e2e506cd74",
      "name" : "HTML source",
      "source" : "775540e2e506cd74.html",
      "type" : "text/html",
      "size" : 6909
    } ],
    "parameters" : [ ],
    "stepsCount" : 3,
    "attachmentsCount" : 2,
    "shouldDisplayMessage" : true,
    "hasContent" : true
  },
  "afterStages" : [ {
    "name" : "clear_allure_result_folder::0",
    "time" : {
      "start" : 1735439409300,
      "stop" : 1735439409300,
      "duration" : 0
    },
    "status" : "passed",
    "steps" : [ ],
    "attachments" : [ ],
    "parameters" : [ ],
    "stepsCount" : 0,
    "attachmentsCount" : 0,
    "shouldDisplayMessage" : false,
    "hasContent" : false
  }, {
    "name" : "driver::0",
    "time" : {
      "start" : 1735437716502,
      "stop" : 1735437716571,
      "duration" : 69
    },
    "status" : "passed",
    "steps" : [ ],
    "attachments" : [ ],
    "parameters" : [ ],
    "stepsCount" : 0,
    "attachmentsCount" : 0,
    "shouldDisplayMessage" : false,
    "hasContent" : false
  } ],
  "labels" : [ {
    "name" : "epic",
    "value" : "Create An Account"
  }, {
    "name" : "parentSuite",
    "value" : "tests"
  }, {
    "name" : "suite",
    "value" : "test_create_an_account"
  }, {
    "name" : "subSuite",
    "value" : "TestCreateAnAccount"
  }, {
    "name" : "host",
    "value" : "fv-az1110-580"
  }, {
    "name" : "thread",
    "value" : "2884-MainThread"
  }, {
    "name" : "framework",
    "value" : "pytest"
  }, {
    "name" : "language",
    "value" : "cpython3"
  }, {
    "name" : "package",
    "value" : "tests.test_create_an_account"
  }, {
    "name" : "resultFormat",
    "value" : "allure2"
  } ],
  "parameters" : [ ],
  "links" : [ ],
  "hidden" : false,
  "retry" : false,
  "extra" : {
    "severity" : "normal",
    "retries" : [ ],
    "categories" : [ {
      "name" : "Test defects",
      "matchedStatuses" : [ ],
      "flaky" : false
    } ],
    "tags" : [ ]
  },
  "source" : "a05b69c11256c2b9.json",
  "parameterValues" : [ ]
}