{
  "uid" : "b6e598fe698dc8b9",
  "name" : "TC 17.01.25 Verify error on resetting My Password with empty email",
  "fullName" : "tests.test_forgot_your_password.TestForgotYourPasswordFunctionality#test_17_01_25_error_if_reset_my_password_with_empty_email",
  "historyId" : "3fc451d87c8653c0431c5bf955165f1b",
  "time" : {
    "start" : 1699147104705,
    "stop" : 1699147109859,
    "duration" : 5154
  },
  "description" : "Check error message on attempt to reset password with empty email field",
  "descriptionHtml" : "<p>Check error message on attempt to reset password with empty email field</p>\n",
  "status" : "broken",
  "statusMessage" : "selenium.common.exceptions.TimeoutException: Message: \nStacktrace:\n#0 0x5651e6246fb3 <unknown>\n#1 0x5651e5f1a4a7 <unknown>\n#2 0x5651e5f61dd6 <unknown>\n#3 0x5651e5f61ec1 <unknown>\n#4 0x5651e5f9f354 <unknown>\n#5 0x5651e5f8396d <unknown>\n#6 0x5651e5f9cc02 <unknown>\n#7 0x5651e5f83713 <unknown>\n#8 0x5651e5f5618b <unknown>\n#9 0x5651e5f56f7e <unknown>\n#10 0x5651e620c8d8 <unknown>\n#11 0x5651e6210800 <unknown>\n#12 0x5651e621acfc <unknown>\n#13 0x5651e6211418 <unknown>\n#14 0x5651e61de42f <unknown>\n#15 0x5651e62354e8 <unknown>\n#16 0x5651e62356b4 <unknown>\n#17 0x5651e6246143 <unknown>\n#18 0x7f787fc94ac3 <unknown>",
  "statusTrace" : "self = <test_forgot_your_password.TestForgotYourPasswordFunctionality object at 0x7f87d9671e50>\ndriver = <selenium.webdriver.chrome.webdriver.WebDriver (session=\"d5441387abb4b5e04ed6105e2a2c5ca1\")>\nforgot_psw_page = <pages.forgot_your_password_page.ForgotYourPasswordPage object at 0x7f87da077290>\n\n    @allure.title('TC 17.01.25 Verify error on resetting My Password with empty email')\n    def test_17_01_25_error_if_reset_my_password_with_empty_email(self, driver, forgot_psw_page):\n        \"\"\"Check error message on attempt to reset password with empty email field\"\"\"\n>       forgot_psw_page.fill_in_forgot_psw_captcha_field(captcha)\n\ntests/test_forgot_your_password.py:196: \n_ _ _ _ _ _ _ _ _ _ _ _ _ _ _ _ _ _ _ _ _ _ _ _ _ _ _ _ _ _ _ _ _ _ _ _ _ _ _ _ \npages/forgot_your_password_page.py:84: in fill_in_forgot_psw_captcha_field\n    return self.fill_in_field(self.check_forgot_psw_captcha_field_is_clickable(), text)\npages/forgot_your_password_page.py:59: in check_forgot_psw_captcha_field_is_clickable\n    return self.element_is_clickable(self.locators.FORGOT_YOUR_PASSWORD_CAPTCHA)\npages/base_page.py:80: in element_is_clickable\n    return wait(self.driver, timeout).until(EC.element_to_be_clickable(locator))\n_ _ _ _ _ _ _ _ _ _ _ _ _ _ _ _ _ _ _ _ _ _ _ _ _ _ _ _ _ _ _ _ _ _ _ _ _ _ _ _ \n\nself = <selenium.webdriver.support.wait.WebDriverWait (session=\"d5441387abb4b5e04ed6105e2a2c5ca1\")>\nmethod = <function element_to_be_clickable.<locals>._predicate at 0x7f87d975ef20>\nmessage = ''\n\n    def until(self, method, message: str = \"\"):\n        \"\"\"Calls the method provided with the driver as an argument until the \\\n        return value does not evaluate to ``False``.\n    \n        :param method: callable(WebDriver)\n        :param message: optional message for :exc:`TimeoutException`\n        :returns: the result of the last call to `method`\n        :raises: :exc:`selenium.common.exceptions.TimeoutException` if timeout occurs\n        \"\"\"\n        screen = None\n        stacktrace = None\n    \n        end_time = time.monotonic() + self._timeout\n        while True:\n            try:\n                value = method(self._driver)\n                if value:\n                    return value\n            except self._ignored_exceptions as exc:\n                screen = getattr(exc, \"screen\", None)\n                stacktrace = getattr(exc, \"stacktrace\", None)\n            time.sleep(self._poll)\n            if time.monotonic() > end_time:\n                break\n>       raise TimeoutException(message, screen, stacktrace)\nE       selenium.common.exceptions.TimeoutException: Message: \nE       Stacktrace:\nE       #0 0x5651e6246fb3 <unknown>\nE       #1 0x5651e5f1a4a7 <unknown>\nE       #2 0x5651e5f61dd6 <unknown>\nE       #3 0x5651e5f61ec1 <unknown>\nE       #4 0x5651e5f9f354 <unknown>\nE       #5 0x5651e5f8396d <unknown>\nE       #6 0x5651e5f9cc02 <unknown>\nE       #7 0x5651e5f83713 <unknown>\nE       #8 0x5651e5f5618b <unknown>\nE       #9 0x5651e5f56f7e <unknown>\nE       #10 0x5651e620c8d8 <unknown>\nE       #11 0x5651e6210800 <unknown>\nE       #12 0x5651e621acfc <unknown>\nE       #13 0x5651e6211418 <unknown>\nE       #14 0x5651e61de42f <unknown>\nE       #15 0x5651e62354e8 <unknown>\nE       #16 0x5651e62356b4 <unknown>\nE       #17 0x5651e6246143 <unknown>\nE       #18 0x7f787fc94ac3 <unknown>\n\n/opt/hostedtoolcache/Python/3.11.6/x64/lib/python3.11/site-packages/selenium/webdriver/support/wait.py:95: TimeoutException",
  "flaky" : false,
  "newFailed" : false,
  "beforeStages" : [ {
    "name" : "driver",
    "time" : {
      "start" : 1699147102322,
      "stop" : 1699147103473,
      "duration" : 1151
    },
    "status" : "passed",
    "steps" : [ ],
    "attachments" : [ ],
    "parameters" : [ ],
    "stepsCount" : 0,
    "attachmentsCount" : 0,
    "shouldDisplayMessage" : false,
    "hasContent" : false
  }, {
    "name" : "clear_allure_result_folder",
    "time" : {
      "start" : 1699146617809,
      "stop" : 1699146617809,
      "duration" : 0
    },
    "status" : "passed",
    "steps" : [ ],
    "attachments" : [ ],
    "parameters" : [ ],
    "stepsCount" : 0,
    "attachmentsCount" : 0,
    "shouldDisplayMessage" : false,
    "hasContent" : false
  }, {
    "name" : "forgot_psw_page",
    "time" : {
      "start" : 1699147103473,
      "stop" : 1699147104704,
      "duration" : 1231
    },
    "status" : "passed",
    "steps" : [ {
      "name" : "Open a browser",
      "time" : {
        "start" : 1699147103474,
        "stop" : 1699147104704,
        "duration" : 1230
      },
      "status" : "passed",
      "steps" : [ ],
      "attachments" : [ ],
      "parameters" : [ ],
      "stepsCount" : 0,
      "attachmentsCount" : 0,
      "shouldDisplayMessage" : false,
      "hasContent" : false
    } ],
    "attachments" : [ ],
    "parameters" : [ ],
    "stepsCount" : 1,
    "attachmentsCount" : 0,
    "shouldDisplayMessage" : false,
    "hasContent" : true
  }, {
    "name" : "_session_faker",
    "time" : {
      "start" : 1699146617721,
      "stop" : 1699146617808,
      "duration" : 87
    },
    "status" : "passed",
    "steps" : [ ],
    "attachments" : [ ],
    "parameters" : [ ],
    "stepsCount" : 0,
    "attachmentsCount" : 0,
    "shouldDisplayMessage" : false,
    "hasContent" : false
  } ],
  "testStage" : {
    "description" : "Check error message on attempt to reset password with empty email field",
    "status" : "broken",
    "statusMessage" : "selenium.common.exceptions.TimeoutException: Message: \nStacktrace:\n#0 0x5651e6246fb3 <unknown>\n#1 0x5651e5f1a4a7 <unknown>\n#2 0x5651e5f61dd6 <unknown>\n#3 0x5651e5f61ec1 <unknown>\n#4 0x5651e5f9f354 <unknown>\n#5 0x5651e5f8396d <unknown>\n#6 0x5651e5f9cc02 <unknown>\n#7 0x5651e5f83713 <unknown>\n#8 0x5651e5f5618b <unknown>\n#9 0x5651e5f56f7e <unknown>\n#10 0x5651e620c8d8 <unknown>\n#11 0x5651e6210800 <unknown>\n#12 0x5651e621acfc <unknown>\n#13 0x5651e6211418 <unknown>\n#14 0x5651e61de42f <unknown>\n#15 0x5651e62354e8 <unknown>\n#16 0x5651e62356b4 <unknown>\n#17 0x5651e6246143 <unknown>\n#18 0x7f787fc94ac3 <unknown>",
    "statusTrace" : "self = <test_forgot_your_password.TestForgotYourPasswordFunctionality object at 0x7f87d9671e50>\ndriver = <selenium.webdriver.chrome.webdriver.WebDriver (session=\"d5441387abb4b5e04ed6105e2a2c5ca1\")>\nforgot_psw_page = <pages.forgot_your_password_page.ForgotYourPasswordPage object at 0x7f87da077290>\n\n    @allure.title('TC 17.01.25 Verify error on resetting My Password with empty email')\n    def test_17_01_25_error_if_reset_my_password_with_empty_email(self, driver, forgot_psw_page):\n        \"\"\"Check error message on attempt to reset password with empty email field\"\"\"\n>       forgot_psw_page.fill_in_forgot_psw_captcha_field(captcha)\n\ntests/test_forgot_your_password.py:196: \n_ _ _ _ _ _ _ _ _ _ _ _ _ _ _ _ _ _ _ _ _ _ _ _ _ _ _ _ _ _ _ _ _ _ _ _ _ _ _ _ \npages/forgot_your_password_page.py:84: in fill_in_forgot_psw_captcha_field\n    return self.fill_in_field(self.check_forgot_psw_captcha_field_is_clickable(), text)\npages/forgot_your_password_page.py:59: in check_forgot_psw_captcha_field_is_clickable\n    return self.element_is_clickable(self.locators.FORGOT_YOUR_PASSWORD_CAPTCHA)\npages/base_page.py:80: in element_is_clickable\n    return wait(self.driver, timeout).until(EC.element_to_be_clickable(locator))\n_ _ _ _ _ _ _ _ _ _ _ _ _ _ _ _ _ _ _ _ _ _ _ _ _ _ _ _ _ _ _ _ _ _ _ _ _ _ _ _ \n\nself = <selenium.webdriver.support.wait.WebDriverWait (session=\"d5441387abb4b5e04ed6105e2a2c5ca1\")>\nmethod = <function element_to_be_clickable.<locals>._predicate at 0x7f87d975ef20>\nmessage = ''\n\n    def until(self, method, message: str = \"\"):\n        \"\"\"Calls the method provided with the driver as an argument until the \\\n        return value does not evaluate to ``False``.\n    \n        :param method: callable(WebDriver)\n        :param message: optional message for :exc:`TimeoutException`\n        :returns: the result of the last call to `method`\n        :raises: :exc:`selenium.common.exceptions.TimeoutException` if timeout occurs\n        \"\"\"\n        screen = None\n        stacktrace = None\n    \n        end_time = time.monotonic() + self._timeout\n        while True:\n            try:\n                value = method(self._driver)\n                if value:\n                    return value\n            except self._ignored_exceptions as exc:\n                screen = getattr(exc, \"screen\", None)\n                stacktrace = getattr(exc, \"stacktrace\", None)\n            time.sleep(self._poll)\n            if time.monotonic() > end_time:\n                break\n>       raise TimeoutException(message, screen, stacktrace)\nE       selenium.common.exceptions.TimeoutException: Message: \nE       Stacktrace:\nE       #0 0x5651e6246fb3 <unknown>\nE       #1 0x5651e5f1a4a7 <unknown>\nE       #2 0x5651e5f61dd6 <unknown>\nE       #3 0x5651e5f61ec1 <unknown>\nE       #4 0x5651e5f9f354 <unknown>\nE       #5 0x5651e5f8396d <unknown>\nE       #6 0x5651e5f9cc02 <unknown>\nE       #7 0x5651e5f83713 <unknown>\nE       #8 0x5651e5f5618b <unknown>\nE       #9 0x5651e5f56f7e <unknown>\nE       #10 0x5651e620c8d8 <unknown>\nE       #11 0x5651e6210800 <unknown>\nE       #12 0x5651e621acfc <unknown>\nE       #13 0x5651e6211418 <unknown>\nE       #14 0x5651e61de42f <unknown>\nE       #15 0x5651e62354e8 <unknown>\nE       #16 0x5651e62356b4 <unknown>\nE       #17 0x5651e6246143 <unknown>\nE       #18 0x7f787fc94ac3 <unknown>\n\n/opt/hostedtoolcache/Python/3.11.6/x64/lib/python3.11/site-packages/selenium/webdriver/support/wait.py:95: TimeoutException",
    "steps" : [ {
      "name" : "Fill in FYP Email field",
      "time" : {
        "start" : 1699147104705,
        "stop" : 1699147109858,
        "duration" : 5153
      },
      "status" : "broken",
      "statusMessage" : "selenium.common.exceptions.TimeoutException: Message: \nStacktrace:\n#0 0x5651e6246fb3 <unknown>\n#1 0x5651e5f1a4a7 <unknown>\n#2 0x5651e5f61dd6 <unknown>\n#3 0x5651e5f61ec1 <unknown>\n#4 0x5651e5f9f354 <unknown>\n#5 0x5651e5f8396d <unknown>\n#6 0x5651e5f9cc02 <unknown>\n#7 0x5651e5f83713 <unknown>\n#8 0x5651e5f5618b <unknown>\n#9 0x5651e5f56f7e <unknown>\n#10 0x5651e620c8d8 <unknown>\n#11 0x5651e6210800 <unknown>\n#12 0x5651e621acfc <unknown>\n#13 0x5651e6211418 <unknown>\n#14 0x5651e61de42f <unknown>\n#15 0x5651e62354e8 <unknown>\n#16 0x5651e62356b4 <unknown>\n#17 0x5651e6246143 <unknown>\n#18 0x7f787fc94ac3 <unknown>\n\n",
      "statusTrace" : "  File \"/opt/hostedtoolcache/Python/3.11.6/x64/lib/python3.11/site-packages/allure_commons/_allure.py\", line 192, in impl\n    return func(*a, **kw)\n           ^^^^^^^^^^^^^^\n  File \"/home/runner/work/luma_project/luma_project/pages/forgot_your_password_page.py\", line 84, in fill_in_forgot_psw_captcha_field\n    return self.fill_in_field(self.check_forgot_psw_captcha_field_is_clickable(), text)\n                              ^^^^^^^^^^^^^^^^^^^^^^^^^^^^^^^^^^^^^^^^^^^^^^^^^^\n  File \"/opt/hostedtoolcache/Python/3.11.6/x64/lib/python3.11/site-packages/allure_commons/_allure.py\", line 192, in impl\n    return func(*a, **kw)\n           ^^^^^^^^^^^^^^\n  File \"/home/runner/work/luma_project/luma_project/pages/forgot_your_password_page.py\", line 59, in check_forgot_psw_captcha_field_is_clickable\n    return self.element_is_clickable(self.locators.FORGOT_YOUR_PASSWORD_CAPTCHA)\n           ^^^^^^^^^^^^^^^^^^^^^^^^^^^^^^^^^^^^^^^^^^^^^^^^^^^^^^^^^^^^^^^^^^^^^\n  File \"/opt/hostedtoolcache/Python/3.11.6/x64/lib/python3.11/site-packages/allure_commons/_allure.py\", line 192, in impl\n    return func(*a, **kw)\n           ^^^^^^^^^^^^^^\n  File \"/home/runner/work/luma_project/luma_project/pages/base_page.py\", line 80, in element_is_clickable\n    return wait(self.driver, timeout).until(EC.element_to_be_clickable(locator))\n           ^^^^^^^^^^^^^^^^^^^^^^^^^^^^^^^^^^^^^^^^^^^^^^^^^^^^^^^^^^^^^^^^^^^^^\n  File \"/opt/hostedtoolcache/Python/3.11.6/x64/lib/python3.11/site-packages/selenium/webdriver/support/wait.py\", line 95, in until\n    raise TimeoutException(message, screen, stacktrace)\n",
      "steps" : [ {
        "name" : "Check FYP captcha input field is clickable",
        "time" : {
          "start" : 1699147104705,
          "stop" : 1699147109857,
          "duration" : 5152
        },
        "status" : "broken",
        "statusMessage" : "selenium.common.exceptions.TimeoutException: Message: \nStacktrace:\n#0 0x5651e6246fb3 <unknown>\n#1 0x5651e5f1a4a7 <unknown>\n#2 0x5651e5f61dd6 <unknown>\n#3 0x5651e5f61ec1 <unknown>\n#4 0x5651e5f9f354 <unknown>\n#5 0x5651e5f8396d <unknown>\n#6 0x5651e5f9cc02 <unknown>\n#7 0x5651e5f83713 <unknown>\n#8 0x5651e5f5618b <unknown>\n#9 0x5651e5f56f7e <unknown>\n#10 0x5651e620c8d8 <unknown>\n#11 0x5651e6210800 <unknown>\n#12 0x5651e621acfc <unknown>\n#13 0x5651e6211418 <unknown>\n#14 0x5651e61de42f <unknown>\n#15 0x5651e62354e8 <unknown>\n#16 0x5651e62356b4 <unknown>\n#17 0x5651e6246143 <unknown>\n#18 0x7f787fc94ac3 <unknown>\n\n",
        "statusTrace" : "  File \"/opt/hostedtoolcache/Python/3.11.6/x64/lib/python3.11/site-packages/allure_commons/_allure.py\", line 192, in impl\n    return func(*a, **kw)\n           ^^^^^^^^^^^^^^\n  File \"/home/runner/work/luma_project/luma_project/pages/forgot_your_password_page.py\", line 59, in check_forgot_psw_captcha_field_is_clickable\n    return self.element_is_clickable(self.locators.FORGOT_YOUR_PASSWORD_CAPTCHA)\n           ^^^^^^^^^^^^^^^^^^^^^^^^^^^^^^^^^^^^^^^^^^^^^^^^^^^^^^^^^^^^^^^^^^^^^\n  File \"/opt/hostedtoolcache/Python/3.11.6/x64/lib/python3.11/site-packages/allure_commons/_allure.py\", line 192, in impl\n    return func(*a, **kw)\n           ^^^^^^^^^^^^^^\n  File \"/home/runner/work/luma_project/luma_project/pages/base_page.py\", line 80, in element_is_clickable\n    return wait(self.driver, timeout).until(EC.element_to_be_clickable(locator))\n           ^^^^^^^^^^^^^^^^^^^^^^^^^^^^^^^^^^^^^^^^^^^^^^^^^^^^^^^^^^^^^^^^^^^^^\n  File \"/opt/hostedtoolcache/Python/3.11.6/x64/lib/python3.11/site-packages/selenium/webdriver/support/wait.py\", line 95, in until\n    raise TimeoutException(message, screen, stacktrace)\n",
        "steps" : [ {
          "name" : "Find clickable elements",
          "time" : {
            "start" : 1699147104705,
            "stop" : 1699147109857,
            "duration" : 5152
          },
          "status" : "broken",
          "statusMessage" : "selenium.common.exceptions.TimeoutException: Message: \nStacktrace:\n#0 0x5651e6246fb3 <unknown>\n#1 0x5651e5f1a4a7 <unknown>\n#2 0x5651e5f61dd6 <unknown>\n#3 0x5651e5f61ec1 <unknown>\n#4 0x5651e5f9f354 <unknown>\n#5 0x5651e5f8396d <unknown>\n#6 0x5651e5f9cc02 <unknown>\n#7 0x5651e5f83713 <unknown>\n#8 0x5651e5f5618b <unknown>\n#9 0x5651e5f56f7e <unknown>\n#10 0x5651e620c8d8 <unknown>\n#11 0x5651e6210800 <unknown>\n#12 0x5651e621acfc <unknown>\n#13 0x5651e6211418 <unknown>\n#14 0x5651e61de42f <unknown>\n#15 0x5651e62354e8 <unknown>\n#16 0x5651e62356b4 <unknown>\n#17 0x5651e6246143 <unknown>\n#18 0x7f787fc94ac3 <unknown>\n\n",
          "statusTrace" : "  File \"/opt/hostedtoolcache/Python/3.11.6/x64/lib/python3.11/site-packages/allure_commons/_allure.py\", line 192, in impl\n    return func(*a, **kw)\n           ^^^^^^^^^^^^^^\n  File \"/home/runner/work/luma_project/luma_project/pages/base_page.py\", line 80, in element_is_clickable\n    return wait(self.driver, timeout).until(EC.element_to_be_clickable(locator))\n           ^^^^^^^^^^^^^^^^^^^^^^^^^^^^^^^^^^^^^^^^^^^^^^^^^^^^^^^^^^^^^^^^^^^^^\n  File \"/opt/hostedtoolcache/Python/3.11.6/x64/lib/python3.11/site-packages/selenium/webdriver/support/wait.py\", line 95, in until\n    raise TimeoutException(message, screen, stacktrace)\n",
          "steps" : [ ],
          "attachments" : [ ],
          "parameters" : [ {
            "name" : "locator",
            "value" : "('css selector', '#captcha_user_forgotpassword')"
          }, {
            "name" : "timeout",
            "value" : "5"
          } ],
          "stepsCount" : 0,
          "attachmentsCount" : 0,
          "shouldDisplayMessage" : true,
          "hasContent" : true
        } ],
        "attachments" : [ ],
        "parameters" : [ ],
        "stepsCount" : 1,
        "attachmentsCount" : 0,
        "shouldDisplayMessage" : false,
        "hasContent" : true
      } ],
      "attachments" : [ ],
      "parameters" : [ {
        "name" : "text",
        "value" : "'2BMWSY'"
      } ],
      "stepsCount" : 2,
      "attachmentsCount" : 0,
      "shouldDisplayMessage" : false,
      "hasContent" : true
    } ],
    "attachments" : [ {
      "uid" : "168f88584fecf10a",
      "name" : "Screenshot",
      "source" : "168f88584fecf10a.png",
      "type" : "image/png",
      "size" : 75616
    }, {
      "uid" : "21d528687f56056e",
      "name" : "HTML source",
      "source" : "21d528687f56056e.html",
      "type" : "text/html",
      "size" : 78628
    } ],
    "parameters" : [ ],
    "stepsCount" : 3,
    "attachmentsCount" : 2,
    "shouldDisplayMessage" : true,
    "hasContent" : true
  },
  "afterStages" : [ {
    "name" : "driver::0",
    "time" : {
      "start" : 1699147110048,
      "stop" : 1699147110113,
      "duration" : 65
    },
    "status" : "passed",
    "steps" : [ ],
    "attachments" : [ ],
    "parameters" : [ ],
    "stepsCount" : 0,
    "attachmentsCount" : 0,
    "shouldDisplayMessage" : false,
    "hasContent" : false
  }, {
    "name" : "clear_allure_result_folder::0",
    "time" : {
      "start" : 1699148327375,
      "stop" : 1699148327375,
      "duration" : 0
    },
    "status" : "passed",
    "steps" : [ ],
    "attachments" : [ ],
    "parameters" : [ ],
    "stepsCount" : 0,
    "attachmentsCount" : 0,
    "shouldDisplayMessage" : false,
    "hasContent" : false
  } ],
  "labels" : [ {
    "name" : "epic",
    "value" : "Forgot Your Password Functionality"
  }, {
    "name" : "parentSuite",
    "value" : "tests"
  }, {
    "name" : "suite",
    "value" : "test_forgot_your_password"
  }, {
    "name" : "subSuite",
    "value" : "TestForgotYourPasswordFunctionality"
  }, {
    "name" : "host",
    "value" : "fv-az246-626"
  }, {
    "name" : "thread",
    "value" : "3077-MainThread"
  }, {
    "name" : "framework",
    "value" : "pytest"
  }, {
    "name" : "language",
    "value" : "cpython3"
  }, {
    "name" : "package",
    "value" : "tests.test_forgot_your_password"
  }, {
    "name" : "resultFormat",
    "value" : "allure2"
  } ],
  "parameters" : [ ],
  "links" : [ ],
  "hidden" : false,
  "retry" : false,
  "extra" : {
    "severity" : "normal",
    "retries" : [ ],
    "categories" : [ {
      "name" : "Test defects",
      "matchedStatuses" : [ ],
      "flaky" : false
    } ],
    "tags" : [ ]
  },
  "source" : "b6e598fe698dc8b9.json",
  "parameterValues" : [ ]
}