{
  "uid" : "bccebf96cb118ab",
  "name" : "TC 02.01.06 Check if Search Terms link is interactive",
  "fullName" : "tests.test_footer.TestFooter#test_tc_02_01_06_check_interactivity_of_search_terms_link",
  "historyId" : "2ec5175ab49cd51021eb8da58d481c73",
  "time" : {
    "start" : 1708218611176,
    "stop" : 1708218612447,
    "duration" : 1271
  },
  "description" : "This test checks if Search Terms link is underlined while hovering over it",
  "descriptionHtml" : "<p>This test checks if Search Terms link is underlined while hovering over it</p>\n",
  "status" : "skipped",
  "statusMessage" : "XFAIL In CI the test is not stable and needs to be improved\n\nAssertionError: The Search Terms link is not underlined while hovering over it\nassert 'underline' in 'none solid rgb(87, 87, 87)'",
  "statusTrace" : "self = <test_footer.TestFooter object at 0x7f990c0a4b50>\ndriver = <selenium.webdriver.chrome.webdriver.WebDriver (session=\"6a4770f6a0bbcd162758fa05139a79bc\")>\n\n    @pytest.mark.xfail(reason=\"In CI the test is not stable and needs to be improved\")\n    @allure.title(\"TC 02.01.06 Check if Search Terms link is interactive\")\n    def test_tc_02_01_06_check_interactivity_of_search_terms_link(self, driver):\n        \"\"\"This test checks if Search Terms link is underlined while hovering over it\"\"\"\n        page = FooterPage(driver, MAIN_PAGE_URL)\n        page.open()\n        underlined_link = page.check_element_hover_style(page.footer_locators.SEARCH_TERMS_LINK, \"text-decoration\", 2)\n>       assert \"underline\" in underlined_link, \"The Search Terms link is not underlined while hovering over it\"\nE       AssertionError: The Search Terms link is not underlined while hovering over it\nE       assert 'underline' in 'none solid rgb(87, 87, 87)'\n\ntests/test_footer.py:65: AssertionError",
  "flaky" : false,
  "newFailed" : false,
  "beforeStages" : [ {
    "name" : "clear_allure_result_folder",
    "time" : {
      "start" : 1708218502324,
      "stop" : 1708218502324,
      "duration" : 0
    },
    "status" : "passed",
    "steps" : [ ],
    "attachments" : [ ],
    "parameters" : [ ],
    "shouldDisplayMessage" : false,
    "hasContent" : false,
    "stepsCount" : 0,
    "attachmentsCount" : 0
  }, {
    "name" : "_session_faker",
    "time" : {
      "start" : 1708218502259,
      "stop" : 1708218502323,
      "duration" : 64
    },
    "status" : "passed",
    "steps" : [ ],
    "attachments" : [ ],
    "parameters" : [ ],
    "shouldDisplayMessage" : false,
    "hasContent" : false,
    "stepsCount" : 0,
    "attachmentsCount" : 0
  }, {
    "name" : "driver",
    "time" : {
      "start" : 1708218610226,
      "stop" : 1708218611176,
      "duration" : 950
    },
    "status" : "passed",
    "steps" : [ ],
    "attachments" : [ ],
    "parameters" : [ ],
    "shouldDisplayMessage" : false,
    "hasContent" : false,
    "stepsCount" : 0,
    "attachmentsCount" : 0
  } ],
  "testStage" : {
    "description" : "This test checks if Search Terms link is underlined while hovering over it",
    "status" : "skipped",
    "statusMessage" : "XFAIL In CI the test is not stable and needs to be improved\n\nAssertionError: The Search Terms link is not underlined while hovering over it\nassert 'underline' in 'none solid rgb(87, 87, 87)'",
    "statusTrace" : "self = <test_footer.TestFooter object at 0x7f990c0a4b50>\ndriver = <selenium.webdriver.chrome.webdriver.WebDriver (session=\"6a4770f6a0bbcd162758fa05139a79bc\")>\n\n    @pytest.mark.xfail(reason=\"In CI the test is not stable and needs to be improved\")\n    @allure.title(\"TC 02.01.06 Check if Search Terms link is interactive\")\n    def test_tc_02_01_06_check_interactivity_of_search_terms_link(self, driver):\n        \"\"\"This test checks if Search Terms link is underlined while hovering over it\"\"\"\n        page = FooterPage(driver, MAIN_PAGE_URL)\n        page.open()\n        underlined_link = page.check_element_hover_style(page.footer_locators.SEARCH_TERMS_LINK, \"text-decoration\", 2)\n>       assert \"underline\" in underlined_link, \"The Search Terms link is not underlined while hovering over it\"\nE       AssertionError: The Search Terms link is not underlined while hovering over it\nE       assert 'underline' in 'none solid rgb(87, 87, 87)'\n\ntests/test_footer.py:65: AssertionError",
    "steps" : [ {
      "name" : "Open a browser",
      "time" : {
        "start" : 1708218611176,
        "stop" : 1708218612136,
        "duration" : 960
      },
      "status" : "passed",
      "steps" : [ ],
      "attachments" : [ ],
      "parameters" : [ ],
      "shouldDisplayMessage" : false,
      "hasContent" : false,
      "stepsCount" : 0,
      "attachmentsCount" : 0
    }, {
      "name" : "Check element hover style",
      "time" : {
        "start" : 1708218612137,
        "stop" : 1708218612447,
        "duration" : 310
      },
      "status" : "passed",
      "steps" : [ {
        "name" : "Find a visible element",
        "time" : {
          "start" : 1708218612137,
          "stop" : 1708218612168,
          "duration" : 31
        },
        "status" : "passed",
        "steps" : [ {
          "name" : "Find a present element",
          "time" : {
            "start" : 1708218612137,
            "stop" : 1708218612146,
            "duration" : 9
          },
          "status" : "passed",
          "steps" : [ ],
          "attachments" : [ ],
          "parameters" : [ {
            "name" : "locator",
            "value" : "('css selector', '.footer > :nth-child(1) > a')"
          }, {
            "name" : "timeout",
            "value" : "5"
          } ],
          "shouldDisplayMessage" : false,
          "hasContent" : true,
          "stepsCount" : 0,
          "attachmentsCount" : 0
        }, {
          "name" : "Go to specified element",
          "time" : {
            "start" : 1708218612146,
            "stop" : 1708218612150,
            "duration" : 4
          },
          "status" : "passed",
          "steps" : [ ],
          "attachments" : [ ],
          "parameters" : [ {
            "name" : "element",
            "value" : "<selenium.webdriver.remote.webelement.WebElement (session=\"6a4770f6a0bbcd162758fa05139a79bc\", element=\"DE563FC05185355598E474E33CC0520E_element_26\")>"
          } ],
          "shouldDisplayMessage" : false,
          "hasContent" : true,
          "stepsCount" : 0,
          "attachmentsCount" : 0
        } ],
        "attachments" : [ ],
        "parameters" : [ {
          "name" : "locator",
          "value" : "('css selector', '.footer > :nth-child(1) > a')"
        }, {
          "name" : "timeout",
          "value" : "10"
        } ],
        "shouldDisplayMessage" : false,
        "hasContent" : true,
        "stepsCount" : 2,
        "attachmentsCount" : 0
      }, {
        "name" : "Move cursor to element",
        "time" : {
          "start" : 1708218612168,
          "stop" : 1708218612440,
          "duration" : 272
        },
        "status" : "passed",
        "steps" : [ ],
        "attachments" : [ ],
        "parameters" : [ {
          "name" : "element",
          "value" : "<selenium.webdriver.remote.webelement.WebElement (session=\"6a4770f6a0bbcd162758fa05139a79bc\", element=\"DE563FC05185355598E474E33CC0520E_element_26\")>"
        } ],
        "shouldDisplayMessage" : false,
        "hasContent" : true,
        "stepsCount" : 0,
        "attachmentsCount" : 0
      } ],
      "attachments" : [ ],
      "parameters" : [ {
        "name" : "locator",
        "value" : "('css selector', '.footer > :nth-child(1) > a')"
      }, {
        "name" : "css_property",
        "value" : "'text-decoration'"
      }, {
        "name" : "seconds",
        "value" : "2"
      } ],
      "shouldDisplayMessage" : false,
      "hasContent" : true,
      "stepsCount" : 4,
      "attachmentsCount" : 0
    } ],
    "attachments" : [ {
      "uid" : "27f6930ef99be970",
      "name" : "Screenshot",
      "source" : "27f6930ef99be970.png",
      "type" : "image/png",
      "size" : 171374
    }, {
      "uid" : "c9a9e89e51de9c38",
      "name" : "HTML source",
      "source" : "c9a9e89e51de9c38.html",
      "type" : "text/html",
      "size" : 117752
    } ],
    "parameters" : [ ],
    "shouldDisplayMessage" : true,
    "hasContent" : true,
    "stepsCount" : 6,
    "attachmentsCount" : 2
  },
  "afterStages" : [ {
    "name" : "clear_allure_result_folder::0",
    "time" : {
      "start" : 1708219815446,
      "stop" : 1708219815446,
      "duration" : 0
    },
    "status" : "passed",
    "steps" : [ ],
    "attachments" : [ ],
    "parameters" : [ ],
    "shouldDisplayMessage" : false,
    "hasContent" : false,
    "stepsCount" : 0,
    "attachmentsCount" : 0
  }, {
    "name" : "driver::0",
    "time" : {
      "start" : 1708218612625,
      "stop" : 1708218612692,
      "duration" : 67
    },
    "status" : "passed",
    "steps" : [ ],
    "attachments" : [ ],
    "parameters" : [ ],
    "shouldDisplayMessage" : false,
    "hasContent" : false,
    "stepsCount" : 0,
    "attachmentsCount" : 0
  } ],
  "labels" : [ {
    "name" : "epic",
    "value" : "Test Footer"
  }, {
    "name" : "tag",
    "value" : "@pytest.mark.xfail(reason='In CI the test is not stable and needs to be improved')"
  }, {
    "name" : "parentSuite",
    "value" : "tests"
  }, {
    "name" : "suite",
    "value" : "test_footer"
  }, {
    "name" : "subSuite",
    "value" : "TestFooter"
  }, {
    "name" : "host",
    "value" : "fv-az915-4"
  }, {
    "name" : "thread",
    "value" : "3120-MainThread"
  }, {
    "name" : "framework",
    "value" : "pytest"
  }, {
    "name" : "language",
    "value" : "cpython3"
  }, {
    "name" : "package",
    "value" : "tests.test_footer"
  }, {
    "name" : "resultFormat",
    "value" : "allure2"
  } ],
  "parameters" : [ ],
  "links" : [ ],
  "hidden" : false,
  "retry" : false,
  "extra" : {
    "severity" : "normal",
    "retries" : [ ],
    "categories" : [ ],
    "tags" : [ "@pytest.mark.xfail(reason='In CI the test is not stable and needs to be improved')" ]
  },
  "source" : "bccebf96cb118ab.json",
  "parameterValues" : [ ]
}