{
  "uid" : "c162df8b4a59fefb",
  "name" : "TC 01.01.10 functionality of the \"My account\" section in the dropdown list",
  "fullName" : "tests.test_header.TestHeader#test_tc_01_01_10_functionality_of_the_my_account_in_the_dropdown_list",
  "historyId" : "a95a9651966df2aa874136590ec5b84f",
  "time" : {
    "start" : 1715476934218,
    "stop" : 1715476946187,
    "duration" : 11969
  },
  "description" : "Check the list appears with sections 'My Account', 'My Wish List', 'Sign Out' after clicking the button,        then clicking on 'My Account' redirects to the account page with the header 'My Account' displayed",
  "descriptionHtml" : "<p>Check the list appears with sections 'My Account', 'My Wish List', 'Sign Out' after clicking the button,        then clicking on 'My Account' redirects to the account page with the header 'My Account' displayed</p>\n",
  "status" : "broken",
  "statusMessage" : "selenium.common.exceptions.TimeoutException: Message:",
  "statusTrace" : "self = <test_header.TestHeader object at 0x7fc656702c50>\ndriver = <selenium.webdriver.chrome.webdriver.WebDriver (session=\"51e2822f84e89ae0cac9d59d69d749f4\")>\n\n    @allure.title('TC 01.01.10 functionality of the \"My account\" section in the dropdown list')\n    def test_tc_01_01_10_functionality_of_the_my_account_in_the_dropdown_list(self, driver):\n        \"\"\"Check the list appears with sections 'My Account', 'My Wish List', 'Sign Out' after clicking the button,\\\n        then clicking on 'My Account' redirects to the account page with the header 'My Account' displayed\"\"\"\n        page = HeaderPage(driver, MAIN_PAGE_URL)\n        page.open()\n>       page.user_authorization()\n\ntests/test_header.py:395: \n_ _ _ _ _ _ _ _ _ _ _ _ _ _ _ _ _ _ _ _ _ _ _ _ _ _ _ _ _ _ _ _ _ _ _ _ _ _ _ _ \npages/header_page.py:249: in user_authorization\n    return self.element_is_not_visible(self.header_locators.SIGN_IN)\npages/base_page.py:70: in element_is_not_visible\n    return wait(self.driver, timeout).until(EC.invisibility_of_element_located(locator))\n_ _ _ _ _ _ _ _ _ _ _ _ _ _ _ _ _ _ _ _ _ _ _ _ _ _ _ _ _ _ _ _ _ _ _ _ _ _ _ _ \n\nself = <selenium.webdriver.support.wait.WebDriverWait (session=\"51e2822f84e89ae0cac9d59d69d749f4\")>\nmethod = <function invisibility_of_element_located.<locals>._predicate at 0x7fc658746b60>\nmessage = ''\n\n    def until(self, method, message: str = \"\"):\n        \"\"\"Calls the method provided with the driver as an argument until the \\\n        return value does not evaluate to ``False``.\n    \n        :param method: callable(WebDriver)\n        :param message: optional message for :exc:`TimeoutException`\n        :returns: the result of the last call to `method`\n        :raises: :exc:`selenium.common.exceptions.TimeoutException` if timeout occurs\n        \"\"\"\n        screen = None\n        stacktrace = None\n    \n        end_time = time.monotonic() + self._timeout\n        while True:\n            try:\n                value = method(self._driver)\n                if value:\n                    return value\n            except self._ignored_exceptions as exc:\n                screen = getattr(exc, \"screen\", None)\n                stacktrace = getattr(exc, \"stacktrace\", None)\n            time.sleep(self._poll)\n            if time.monotonic() > end_time:\n                break\n>       raise TimeoutException(message, screen, stacktrace)\nE       selenium.common.exceptions.TimeoutException: Message:\n\n/opt/hostedtoolcache/Python/3.11.9/x64/lib/python3.11/site-packages/selenium/webdriver/support/wait.py:95: TimeoutException",
  "flaky" : false,
  "newFailed" : false,
  "beforeStages" : [ {
    "name" : "driver",
    "time" : {
      "start" : 1715476932949,
      "stop" : 1715476934218,
      "duration" : 1269
    },
    "status" : "passed",
    "steps" : [ ],
    "attachments" : [ ],
    "parameters" : [ ],
    "shouldDisplayMessage" : false,
    "hasContent" : false,
    "stepsCount" : 0,
    "attachmentsCount" : 0
  }, {
    "name" : "clear_allure_result_folder",
    "time" : {
      "start" : 1715476468052,
      "stop" : 1715476468052,
      "duration" : 0
    },
    "status" : "passed",
    "steps" : [ ],
    "attachments" : [ ],
    "parameters" : [ ],
    "shouldDisplayMessage" : false,
    "hasContent" : false,
    "stepsCount" : 0,
    "attachmentsCount" : 0
  }, {
    "name" : "_session_faker",
    "time" : {
      "start" : 1715476467990,
      "stop" : 1715476468052,
      "duration" : 62
    },
    "status" : "passed",
    "steps" : [ ],
    "attachments" : [ ],
    "parameters" : [ ],
    "shouldDisplayMessage" : false,
    "hasContent" : false,
    "stepsCount" : 0,
    "attachmentsCount" : 0
  } ],
  "testStage" : {
    "description" : "Check the list appears with sections 'My Account', 'My Wish List', 'Sign Out' after clicking the button,        then clicking on 'My Account' redirects to the account page with the header 'My Account' displayed",
    "status" : "broken",
    "statusMessage" : "selenium.common.exceptions.TimeoutException: Message:",
    "statusTrace" : "self = <test_header.TestHeader object at 0x7fc656702c50>\ndriver = <selenium.webdriver.chrome.webdriver.WebDriver (session=\"51e2822f84e89ae0cac9d59d69d749f4\")>\n\n    @allure.title('TC 01.01.10 functionality of the \"My account\" section in the dropdown list')\n    def test_tc_01_01_10_functionality_of_the_my_account_in_the_dropdown_list(self, driver):\n        \"\"\"Check the list appears with sections 'My Account', 'My Wish List', 'Sign Out' after clicking the button,\\\n        then clicking on 'My Account' redirects to the account page with the header 'My Account' displayed\"\"\"\n        page = HeaderPage(driver, MAIN_PAGE_URL)\n        page.open()\n>       page.user_authorization()\n\ntests/test_header.py:395: \n_ _ _ _ _ _ _ _ _ _ _ _ _ _ _ _ _ _ _ _ _ _ _ _ _ _ _ _ _ _ _ _ _ _ _ _ _ _ _ _ \npages/header_page.py:249: in user_authorization\n    return self.element_is_not_visible(self.header_locators.SIGN_IN)\npages/base_page.py:70: in element_is_not_visible\n    return wait(self.driver, timeout).until(EC.invisibility_of_element_located(locator))\n_ _ _ _ _ _ _ _ _ _ _ _ _ _ _ _ _ _ _ _ _ _ _ _ _ _ _ _ _ _ _ _ _ _ _ _ _ _ _ _ \n\nself = <selenium.webdriver.support.wait.WebDriverWait (session=\"51e2822f84e89ae0cac9d59d69d749f4\")>\nmethod = <function invisibility_of_element_located.<locals>._predicate at 0x7fc658746b60>\nmessage = ''\n\n    def until(self, method, message: str = \"\"):\n        \"\"\"Calls the method provided with the driver as an argument until the \\\n        return value does not evaluate to ``False``.\n    \n        :param method: callable(WebDriver)\n        :param message: optional message for :exc:`TimeoutException`\n        :returns: the result of the last call to `method`\n        :raises: :exc:`selenium.common.exceptions.TimeoutException` if timeout occurs\n        \"\"\"\n        screen = None\n        stacktrace = None\n    \n        end_time = time.monotonic() + self._timeout\n        while True:\n            try:\n                value = method(self._driver)\n                if value:\n                    return value\n            except self._ignored_exceptions as exc:\n                screen = getattr(exc, \"screen\", None)\n                stacktrace = getattr(exc, \"stacktrace\", None)\n            time.sleep(self._poll)\n            if time.monotonic() > end_time:\n                break\n>       raise TimeoutException(message, screen, stacktrace)\nE       selenium.common.exceptions.TimeoutException: Message:\n\n/opt/hostedtoolcache/Python/3.11.9/x64/lib/python3.11/site-packages/selenium/webdriver/support/wait.py:95: TimeoutException",
    "steps" : [ {
      "name" : "Open a browser",
      "time" : {
        "start" : 1715476934218,
        "stop" : 1715476935630,
        "duration" : 1412
      },
      "status" : "passed",
      "steps" : [ ],
      "attachments" : [ ],
      "parameters" : [ ],
      "shouldDisplayMessage" : false,
      "hasContent" : false,
      "stepsCount" : 0,
      "attachmentsCount" : 0
    }, {
      "name" : "User authorization",
      "time" : {
        "start" : 1715476935630,
        "stop" : 1715476946187,
        "duration" : 10557
      },
      "status" : "broken",
      "statusMessage" : "selenium.common.exceptions.TimeoutException: Message: \n\n",
      "statusTrace" : "  File \"/opt/hostedtoolcache/Python/3.11.9/x64/lib/python3.11/site-packages/allure_commons/_allure.py\", line 192, in impl\n    return func(*a, **kw)\n           ^^^^^^^^^^^^^^\n  File \"/home/runner/work/luma_project/luma_project/pages/header_page.py\", line 249, in user_authorization\n    return self.element_is_not_visible(self.header_locators.SIGN_IN)\n           ^^^^^^^^^^^^^^^^^^^^^^^^^^^^^^^^^^^^^^^^^^^^^^^^^^^^^^^^^\n  File \"/opt/hostedtoolcache/Python/3.11.9/x64/lib/python3.11/site-packages/allure_commons/_allure.py\", line 192, in impl\n    return func(*a, **kw)\n           ^^^^^^^^^^^^^^\n  File \"/home/runner/work/luma_project/luma_project/pages/base_page.py\", line 70, in element_is_not_visible\n    return wait(self.driver, timeout).until(EC.invisibility_of_element_located(locator))\n           ^^^^^^^^^^^^^^^^^^^^^^^^^^^^^^^^^^^^^^^^^^^^^^^^^^^^^^^^^^^^^^^^^^^^^^^^^^^^^\n  File \"/opt/hostedtoolcache/Python/3.11.9/x64/lib/python3.11/site-packages/selenium/webdriver/support/wait.py\", line 95, in until\n    raise TimeoutException(message, screen, stacktrace)\n",
      "steps" : [ {
        "name" : "Find a visible element",
        "time" : {
          "start" : 1715476935630,
          "stop" : 1715476935661,
          "duration" : 31
        },
        "status" : "passed",
        "steps" : [ {
          "name" : "Find a present element",
          "time" : {
            "start" : 1715476935630,
            "stop" : 1715476935640,
            "duration" : 10
          },
          "status" : "passed",
          "steps" : [ ],
          "attachments" : [ ],
          "parameters" : [ {
            "name" : "locator",
            "value" : "('xpath', \"(//a[contains(text(),'Sign In')])[1]\")"
          }, {
            "name" : "timeout",
            "value" : "5"
          } ],
          "shouldDisplayMessage" : false,
          "hasContent" : true,
          "stepsCount" : 0,
          "attachmentsCount" : 0
        }, {
          "name" : "Go to specified element",
          "time" : {
            "start" : 1715476935640,
            "stop" : 1715476935644,
            "duration" : 4
          },
          "status" : "passed",
          "steps" : [ ],
          "attachments" : [ ],
          "parameters" : [ {
            "name" : "element",
            "value" : "<selenium.webdriver.remote.webelement.WebElement (session=\"51e2822f84e89ae0cac9d59d69d749f4\", element=\"f.EE0BE347269ED112CC2855892C373618.d.A054C01DF77A1F7EFB593722C40F2F47.e.24\")>"
          } ],
          "shouldDisplayMessage" : false,
          "hasContent" : true,
          "stepsCount" : 0,
          "attachmentsCount" : 0
        } ],
        "attachments" : [ ],
        "parameters" : [ {
          "name" : "locator",
          "value" : "('xpath', \"(//a[contains(text(),'Sign In')])[1]\")"
        }, {
          "name" : "timeout",
          "value" : "10"
        } ],
        "shouldDisplayMessage" : false,
        "hasContent" : true,
        "stepsCount" : 2,
        "attachmentsCount" : 0
      }, {
        "name" : "Find a visible element",
        "time" : {
          "start" : 1715476938088,
          "stop" : 1715476938125,
          "duration" : 37
        },
        "status" : "passed",
        "steps" : [ {
          "name" : "Find a present element",
          "time" : {
            "start" : 1715476938088,
            "stop" : 1715476938097,
            "duration" : 9
          },
          "status" : "passed",
          "steps" : [ ],
          "attachments" : [ ],
          "parameters" : [ {
            "name" : "locator",
            "value" : "('css selector', '#email')"
          }, {
            "name" : "timeout",
            "value" : "5"
          } ],
          "shouldDisplayMessage" : false,
          "hasContent" : true,
          "stepsCount" : 0,
          "attachmentsCount" : 0
        }, {
          "name" : "Go to specified element",
          "time" : {
            "start" : 1715476938097,
            "stop" : 1715476938109,
            "duration" : 12
          },
          "status" : "passed",
          "steps" : [ ],
          "attachments" : [ ],
          "parameters" : [ {
            "name" : "element",
            "value" : "<selenium.webdriver.remote.webelement.WebElement (session=\"51e2822f84e89ae0cac9d59d69d749f4\", element=\"f.EE0BE347269ED112CC2855892C373618.d.1588D28BC00FD039C12823E6E2C6B9E7.e.60\")>"
          } ],
          "shouldDisplayMessage" : false,
          "hasContent" : true,
          "stepsCount" : 0,
          "attachmentsCount" : 0
        } ],
        "attachments" : [ ],
        "parameters" : [ {
          "name" : "locator",
          "value" : "('css selector', '#email')"
        }, {
          "name" : "timeout",
          "value" : "10"
        } ],
        "shouldDisplayMessage" : false,
        "hasContent" : true,
        "stepsCount" : 2,
        "attachmentsCount" : 0
      }, {
        "name" : "Find a visible element",
        "time" : {
          "start" : 1715476938231,
          "stop" : 1715476938260,
          "duration" : 29
        },
        "status" : "passed",
        "steps" : [ {
          "name" : "Find a present element",
          "time" : {
            "start" : 1715476938231,
            "stop" : 1715476938242,
            "duration" : 11
          },
          "status" : "passed",
          "steps" : [ ],
          "attachments" : [ ],
          "parameters" : [ {
            "name" : "locator",
            "value" : "('css selector', '#pass')"
          }, {
            "name" : "timeout",
            "value" : "5"
          } ],
          "shouldDisplayMessage" : false,
          "hasContent" : true,
          "stepsCount" : 0,
          "attachmentsCount" : 0
        }, {
          "name" : "Go to specified element",
          "time" : {
            "start" : 1715476938242,
            "stop" : 1715476938246,
            "duration" : 4
          },
          "status" : "passed",
          "steps" : [ ],
          "attachments" : [ ],
          "parameters" : [ {
            "name" : "element",
            "value" : "<selenium.webdriver.remote.webelement.WebElement (session=\"51e2822f84e89ae0cac9d59d69d749f4\", element=\"f.EE0BE347269ED112CC2855892C373618.d.1588D28BC00FD039C12823E6E2C6B9E7.e.61\")>"
          } ],
          "shouldDisplayMessage" : false,
          "hasContent" : true,
          "stepsCount" : 0,
          "attachmentsCount" : 0
        } ],
        "attachments" : [ ],
        "parameters" : [ {
          "name" : "locator",
          "value" : "('css selector', '#pass')"
        }, {
          "name" : "timeout",
          "value" : "10"
        } ],
        "shouldDisplayMessage" : false,
        "hasContent" : true,
        "stepsCount" : 2,
        "attachmentsCount" : 0
      }, {
        "name" : "Find a visible element",
        "time" : {
          "start" : 1715476938305,
          "stop" : 1715476938329,
          "duration" : 24
        },
        "status" : "passed",
        "steps" : [ {
          "name" : "Find a present element",
          "time" : {
            "start" : 1715476938305,
            "stop" : 1715476938314,
            "duration" : 9
          },
          "status" : "passed",
          "steps" : [ ],
          "attachments" : [ ],
          "parameters" : [ {
            "name" : "locator",
            "value" : "('xpath', '//button[@id=\"send2\"]')"
          }, {
            "name" : "timeout",
            "value" : "5"
          } ],
          "shouldDisplayMessage" : false,
          "hasContent" : true,
          "stepsCount" : 0,
          "attachmentsCount" : 0
        }, {
          "name" : "Go to specified element",
          "time" : {
            "start" : 1715476938314,
            "stop" : 1715476938317,
            "duration" : 3
          },
          "status" : "passed",
          "steps" : [ ],
          "attachments" : [ ],
          "parameters" : [ {
            "name" : "element",
            "value" : "<selenium.webdriver.remote.webelement.WebElement (session=\"51e2822f84e89ae0cac9d59d69d749f4\", element=\"f.EE0BE347269ED112CC2855892C373618.d.1588D28BC00FD039C12823E6E2C6B9E7.e.66\")>"
          } ],
          "shouldDisplayMessage" : false,
          "hasContent" : true,
          "stepsCount" : 0,
          "attachmentsCount" : 0
        } ],
        "attachments" : [ ],
        "parameters" : [ {
          "name" : "locator",
          "value" : "('xpath', '//button[@id=\"send2\"]')"
        }, {
          "name" : "timeout",
          "value" : "10"
        } ],
        "shouldDisplayMessage" : false,
        "hasContent" : true,
        "stepsCount" : 2,
        "attachmentsCount" : 0
      }, {
        "name" : "Find a not visible element",
        "time" : {
          "start" : 1715476941060,
          "stop" : 1715476946187,
          "duration" : 5127
        },
        "status" : "broken",
        "statusMessage" : "selenium.common.exceptions.TimeoutException: Message: \n\n",
        "statusTrace" : "  File \"/opt/hostedtoolcache/Python/3.11.9/x64/lib/python3.11/site-packages/allure_commons/_allure.py\", line 192, in impl\n    return func(*a, **kw)\n           ^^^^^^^^^^^^^^\n  File \"/home/runner/work/luma_project/luma_project/pages/base_page.py\", line 70, in element_is_not_visible\n    return wait(self.driver, timeout).until(EC.invisibility_of_element_located(locator))\n           ^^^^^^^^^^^^^^^^^^^^^^^^^^^^^^^^^^^^^^^^^^^^^^^^^^^^^^^^^^^^^^^^^^^^^^^^^^^^^\n  File \"/opt/hostedtoolcache/Python/3.11.9/x64/lib/python3.11/site-packages/selenium/webdriver/support/wait.py\", line 95, in until\n    raise TimeoutException(message, screen, stacktrace)\n",
        "steps" : [ ],
        "attachments" : [ ],
        "parameters" : [ {
          "name" : "locator",
          "value" : "('xpath', \"(//a[contains(text(),'Sign In')])[1]\")"
        }, {
          "name" : "timeout",
          "value" : "5"
        } ],
        "shouldDisplayMessage" : true,
        "hasContent" : true,
        "stepsCount" : 0,
        "attachmentsCount" : 0
      } ],
      "attachments" : [ ],
      "parameters" : [ ],
      "shouldDisplayMessage" : false,
      "hasContent" : true,
      "stepsCount" : 13,
      "attachmentsCount" : 0
    } ],
    "attachments" : [ {
      "uid" : "224a9059df546f52",
      "name" : "Screenshot",
      "source" : "224a9059df546f52.png",
      "type" : "image/png",
      "size" : 100120
    }, {
      "uid" : "21e95a5b27399db8",
      "name" : "HTML source",
      "source" : "21e95a5b27399db8.html",
      "type" : "text/html",
      "size" : 105701
    } ],
    "parameters" : [ ],
    "shouldDisplayMessage" : true,
    "hasContent" : true,
    "stepsCount" : 15,
    "attachmentsCount" : 2
  },
  "afterStages" : [ {
    "name" : "driver::0",
    "time" : {
      "start" : 1715476946317,
      "stop" : 1715476946394,
      "duration" : 77
    },
    "status" : "passed",
    "steps" : [ ],
    "attachments" : [ ],
    "parameters" : [ ],
    "shouldDisplayMessage" : false,
    "hasContent" : false,
    "stepsCount" : 0,
    "attachmentsCount" : 0
  }, {
    "name" : "clear_allure_result_folder::0",
    "time" : {
      "start" : 1715477996250,
      "stop" : 1715477996250,
      "duration" : 0
    },
    "status" : "passed",
    "steps" : [ ],
    "attachments" : [ ],
    "parameters" : [ ],
    "shouldDisplayMessage" : false,
    "hasContent" : false,
    "stepsCount" : 0,
    "attachmentsCount" : 0
  } ],
  "labels" : [ {
    "name" : "epic",
    "value" : "Test Header"
  }, {
    "name" : "parentSuite",
    "value" : "tests"
  }, {
    "name" : "suite",
    "value" : "test_header"
  }, {
    "name" : "subSuite",
    "value" : "TestHeader"
  }, {
    "name" : "host",
    "value" : "fv-az1530-39"
  }, {
    "name" : "thread",
    "value" : "3034-MainThread"
  }, {
    "name" : "framework",
    "value" : "pytest"
  }, {
    "name" : "language",
    "value" : "cpython3"
  }, {
    "name" : "package",
    "value" : "tests.test_header"
  }, {
    "name" : "resultFormat",
    "value" : "allure2"
  } ],
  "parameters" : [ ],
  "links" : [ ],
  "hidden" : false,
  "retry" : false,
  "extra" : {
    "severity" : "normal",
    "retries" : [ ],
    "categories" : [ {
      "name" : "Test defects",
      "matchedStatuses" : [ ],
      "flaky" : false
    } ],
    "tags" : [ ]
  },
  "source" : "c162df8b4a59fefb.json",
  "parameterValues" : [ ]
}