{
  "uid" : "c3ffe1cd4bf7433",
  "name" : "TC 02.01.06 Check if Search Terms link is interactive",
  "fullName" : "tests.test_footer.TestFooter#test_tc_02_01_06_check_interactivity_of_search_terms_link",
  "historyId" : "2ec5175ab49cd51021eb8da58d481c73",
  "time" : {
    "start" : 1701566054628,
    "stop" : 1701566055784,
    "duration" : 1156
  },
  "description" : "This test checks if Search Terms link is underlined while hovering over it",
  "descriptionHtml" : "<p>This test checks if Search Terms link is underlined while hovering over it</p>\n",
  "status" : "skipped",
  "statusMessage" : "XFAIL In CI the test is not stable and needs to be improved\n\nAssertionError: The Search Terms link is not underlined while hovering over it\nassert 'underline' in 'none solid rgb(87, 87, 87)'",
  "statusTrace" : "self = <test_footer.TestFooter object at 0x7fad009f1110>\ndriver = <selenium.webdriver.chrome.webdriver.WebDriver (session=\"1e336e981d7a7e2c5618dc7c484d6537\")>\n\n    @pytest.mark.xfail(reason=\"In CI the test is not stable and needs to be improved\")\n    @allure.title(\"TC 02.01.06 Check if Search Terms link is interactive\")\n    def test_tc_02_01_06_check_interactivity_of_search_terms_link(self, driver):\n        \"\"\"This test checks if Search Terms link is underlined while hovering over it\"\"\"\n        page = FooterPage(driver, MAIN_PAGE_URL)\n        page.open()\n        underlined_link = page.check_element_hover_style(page.footer_locators.SEARCH_TERMS_LINK, \"text-decoration\", 2)\n>       assert \"underline\" in underlined_link, \"The Search Terms link is not underlined while hovering over it\"\nE       AssertionError: The Search Terms link is not underlined while hovering over it\nE       assert 'underline' in 'none solid rgb(87, 87, 87)'\n\ntests/test_footer.py:65: AssertionError",
  "flaky" : false,
  "newFailed" : false,
  "beforeStages" : [ {
    "name" : "_session_faker",
    "time" : {
      "start" : 1701565934376,
      "stop" : 1701565934438,
      "duration" : 62
    },
    "status" : "passed",
    "steps" : [ ],
    "attachments" : [ ],
    "parameters" : [ ],
    "stepsCount" : 0,
    "attachmentsCount" : 0,
    "shouldDisplayMessage" : false,
    "hasContent" : false
  }, {
    "name" : "driver",
    "time" : {
      "start" : 1701566053662,
      "stop" : 1701566054628,
      "duration" : 966
    },
    "status" : "passed",
    "steps" : [ ],
    "attachments" : [ ],
    "parameters" : [ ],
    "stepsCount" : 0,
    "attachmentsCount" : 0,
    "shouldDisplayMessage" : false,
    "hasContent" : false
  }, {
    "name" : "clear_allure_result_folder",
    "time" : {
      "start" : 1701565934438,
      "stop" : 1701565934438,
      "duration" : 0
    },
    "status" : "passed",
    "steps" : [ ],
    "attachments" : [ ],
    "parameters" : [ ],
    "stepsCount" : 0,
    "attachmentsCount" : 0,
    "shouldDisplayMessage" : false,
    "hasContent" : false
  } ],
  "testStage" : {
    "description" : "This test checks if Search Terms link is underlined while hovering over it",
    "status" : "skipped",
    "statusMessage" : "XFAIL In CI the test is not stable and needs to be improved\n\nAssertionError: The Search Terms link is not underlined while hovering over it\nassert 'underline' in 'none solid rgb(87, 87, 87)'",
    "statusTrace" : "self = <test_footer.TestFooter object at 0x7fad009f1110>\ndriver = <selenium.webdriver.chrome.webdriver.WebDriver (session=\"1e336e981d7a7e2c5618dc7c484d6537\")>\n\n    @pytest.mark.xfail(reason=\"In CI the test is not stable and needs to be improved\")\n    @allure.title(\"TC 02.01.06 Check if Search Terms link is interactive\")\n    def test_tc_02_01_06_check_interactivity_of_search_terms_link(self, driver):\n        \"\"\"This test checks if Search Terms link is underlined while hovering over it\"\"\"\n        page = FooterPage(driver, MAIN_PAGE_URL)\n        page.open()\n        underlined_link = page.check_element_hover_style(page.footer_locators.SEARCH_TERMS_LINK, \"text-decoration\", 2)\n>       assert \"underline\" in underlined_link, \"The Search Terms link is not underlined while hovering over it\"\nE       AssertionError: The Search Terms link is not underlined while hovering over it\nE       assert 'underline' in 'none solid rgb(87, 87, 87)'\n\ntests/test_footer.py:65: AssertionError",
    "steps" : [ {
      "name" : "Open a browser",
      "time" : {
        "start" : 1701566054629,
        "stop" : 1701566055355,
        "duration" : 726
      },
      "status" : "passed",
      "steps" : [ ],
      "attachments" : [ ],
      "parameters" : [ ],
      "stepsCount" : 0,
      "attachmentsCount" : 0,
      "shouldDisplayMessage" : false,
      "hasContent" : false
    }, {
      "name" : "Check element hover style",
      "time" : {
        "start" : 1701566055355,
        "stop" : 1701566055784,
        "duration" : 429
      },
      "status" : "passed",
      "steps" : [ {
        "name" : "Find a visible element",
        "time" : {
          "start" : 1701566055355,
          "stop" : 1701566055479,
          "duration" : 124
        },
        "status" : "passed",
        "steps" : [ {
          "name" : "Find a present element",
          "time" : {
            "start" : 1701566055355,
            "stop" : 1701566055381,
            "duration" : 26
          },
          "status" : "passed",
          "steps" : [ ],
          "attachments" : [ ],
          "parameters" : [ {
            "name" : "locator",
            "value" : "('css selector', '.footer > :nth-child(1) > a')"
          }, {
            "name" : "timeout",
            "value" : "5"
          } ],
          "stepsCount" : 0,
          "attachmentsCount" : 0,
          "shouldDisplayMessage" : false,
          "hasContent" : true
        }, {
          "name" : "Go to specified element",
          "time" : {
            "start" : 1701566055381,
            "stop" : 1701566055395,
            "duration" : 14
          },
          "status" : "passed",
          "steps" : [ ],
          "attachments" : [ ],
          "parameters" : [ {
            "name" : "element",
            "value" : "<selenium.webdriver.remote.webelement.WebElement (session=\"1e336e981d7a7e2c5618dc7c484d6537\", element=\"895508C6F3DA0915835F202FA066B5CD_element_7\")>"
          } ],
          "stepsCount" : 0,
          "attachmentsCount" : 0,
          "shouldDisplayMessage" : false,
          "hasContent" : true
        } ],
        "attachments" : [ ],
        "parameters" : [ {
          "name" : "locator",
          "value" : "('css selector', '.footer > :nth-child(1) > a')"
        }, {
          "name" : "timeout",
          "value" : "10"
        } ],
        "stepsCount" : 2,
        "attachmentsCount" : 0,
        "shouldDisplayMessage" : false,
        "hasContent" : true
      }, {
        "name" : "Move cursor to element",
        "time" : {
          "start" : 1701566055479,
          "stop" : 1701566055777,
          "duration" : 298
        },
        "status" : "passed",
        "steps" : [ ],
        "attachments" : [ ],
        "parameters" : [ {
          "name" : "element",
          "value" : "<selenium.webdriver.remote.webelement.WebElement (session=\"1e336e981d7a7e2c5618dc7c484d6537\", element=\"895508C6F3DA0915835F202FA066B5CD_element_7\")>"
        } ],
        "stepsCount" : 0,
        "attachmentsCount" : 0,
        "shouldDisplayMessage" : false,
        "hasContent" : true
      } ],
      "attachments" : [ ],
      "parameters" : [ {
        "name" : "locator",
        "value" : "('css selector', '.footer > :nth-child(1) > a')"
      }, {
        "name" : "css_property",
        "value" : "'text-decoration'"
      }, {
        "name" : "seconds",
        "value" : "2"
      } ],
      "stepsCount" : 4,
      "attachmentsCount" : 0,
      "shouldDisplayMessage" : false,
      "hasContent" : true
    } ],
    "attachments" : [ {
      "uid" : "ae24fb099a67eb95",
      "name" : "Screenshot",
      "source" : "ae24fb099a67eb95.png",
      "type" : "image/png",
      "size" : 122913
    }, {
      "uid" : "33c93e44fc8569af",
      "name" : "HTML source",
      "source" : "33c93e44fc8569af.html",
      "type" : "text/html",
      "size" : 116519
    } ],
    "parameters" : [ ],
    "stepsCount" : 6,
    "attachmentsCount" : 2,
    "shouldDisplayMessage" : true,
    "hasContent" : true
  },
  "afterStages" : [ {
    "name" : "driver::0",
    "time" : {
      "start" : 1701566055921,
      "stop" : 1701566055989,
      "duration" : 68
    },
    "status" : "passed",
    "steps" : [ ],
    "attachments" : [ ],
    "parameters" : [ ],
    "stepsCount" : 0,
    "attachmentsCount" : 0,
    "shouldDisplayMessage" : false,
    "hasContent" : false
  }, {
    "name" : "clear_allure_result_folder::0",
    "time" : {
      "start" : 1701567328882,
      "stop" : 1701567328882,
      "duration" : 0
    },
    "status" : "passed",
    "steps" : [ ],
    "attachments" : [ ],
    "parameters" : [ ],
    "stepsCount" : 0,
    "attachmentsCount" : 0,
    "shouldDisplayMessage" : false,
    "hasContent" : false
  } ],
  "labels" : [ {
    "name" : "epic",
    "value" : "Test Footer"
  }, {
    "name" : "tag",
    "value" : "@pytest.mark.xfail(reason='In CI the test is not stable and needs to be improved')"
  }, {
    "name" : "parentSuite",
    "value" : "tests"
  }, {
    "name" : "suite",
    "value" : "test_footer"
  }, {
    "name" : "subSuite",
    "value" : "TestFooter"
  }, {
    "name" : "host",
    "value" : "fv-az1022-254"
  }, {
    "name" : "thread",
    "value" : "3050-MainThread"
  }, {
    "name" : "framework",
    "value" : "pytest"
  }, {
    "name" : "language",
    "value" : "cpython3"
  }, {
    "name" : "package",
    "value" : "tests.test_footer"
  }, {
    "name" : "resultFormat",
    "value" : "allure2"
  } ],
  "parameters" : [ ],
  "links" : [ ],
  "hidden" : false,
  "retry" : false,
  "extra" : {
    "severity" : "normal",
    "retries" : [ ],
    "categories" : [ ],
    "tags" : [ "@pytest.mark.xfail(reason='In CI the test is not stable and needs to be improved')" ]
  },
  "source" : "c3ffe1cd4bf7433.json",
  "parameterValues" : [ ]
}