{
  "uid" : "c4d63b60431313d9",
  "name" : "TC 10.04.15 - Verify the text in 3-columns block - sale-women-t-shirts",
  "fullName" : "tests.test_sale.TestPromoBlocks#test_tc_10_04_15",
  "historyId" : "05f178313a491b7ad2660d26f3b60de2",
  "time" : {
    "start" : 1737856616255,
    "stop" : 1737856621375,
    "duration" : 5120
  },
  "description" : "Check title-text and content-text in 3-columns block - sale-women-t-shirts",
  "descriptionHtml" : "<p>Check title-text and content-text in 3-columns block - sale-women-t-shirts</p>\n",
  "status" : "broken",
  "statusMessage" : "selenium.common.exceptions.TimeoutException: Message: \nStacktrace:\n#0 0x561fbe22d7ca <unknown>\n#1 0x561fbdd252f0 <unknown>\n#2 0x561fbdd75035 <unknown>\n#3 0x561fbdd75251 <unknown>\n#4 0x561fbddbb054 <unknown>\n#5 0x561fbdd999dd <unknown>\n#6 0x561fbddb83b3 <unknown>\n#7 0x561fbdd99753 <unknown>\n#8 0x561fbdd66baa <unknown>\n#9 0x561fbdd67dfe <unknown>\n#10 0x561fbe1f838b <unknown>\n#11 0x561fbe1fc307 <unknown>\n#12 0x561fbe1e4e7c <unknown>\n#13 0x561fbe1fcec7 <unknown>\n#14 0x561fbe1c924f <unknown>\n#15 0x561fbe21c2f8 <unknown>\n#16 0x561fbe21c4c0 <unknown>\n#17 0x561fbe22c646 <unknown>\n#18 0x7ff85829ca94 <unknown>\n#19 0x7ff858329c3c <unknown>",
  "statusTrace" : "self = <test_sale.TestSalePage.TestPromoBlocks object at 0x7fc2e7308ed0>\nsale_page = <pages.sale_page.SalePage object at 0x7fc2e772c510>\n\n    @allure.title(\"TC 10.04.15 - Verify the text in 3-columns block - sale-women-t-shirts\")\n    def test_tc_10_04_15(self, sale_page):\n        \"\"\"Check title-text and content-text in 3-columns block - sale-women-t-shirts\"\"\"\n>       title = sale_page.check_title_text_in_third_block()\n\ntests/test_sale.py:234: \n_ _ _ _ _ _ _ _ _ _ _ _ _ _ _ _ _ _ _ _ _ _ _ _ _ _ _ _ _ _ _ _ _ _ _ _ _ _ _ _ \npages/sale_page.py:127: in check_title_text_in_third_block\n    third_block_title = self.element_is_visible(self.promo_blocks_locators.THIRD_COLUMN_TITLE)\npages/base_page.py:29: in element_is_visible\n    self.go_to_element(self.element_is_present(locator))\npages/base_page.py:50: in element_is_present\n    return wait(self.driver, timeout).until(EC.presence_of_element_located(locator))\n_ _ _ _ _ _ _ _ _ _ _ _ _ _ _ _ _ _ _ _ _ _ _ _ _ _ _ _ _ _ _ _ _ _ _ _ _ _ _ _ \n\nself = <selenium.webdriver.support.wait.WebDriverWait (session=\"da6ac70f9601652cfc744c61f3a0c72b\")>\nmethod = <function presence_of_element_located.<locals>._predicate at 0x7fc2e726ad40>\nmessage = ''\n\n    def until(self, method, message: str = \"\"):\n        \"\"\"Calls the method provided with the driver as an argument until the \\\n        return value does not evaluate to ``False``.\n    \n        :param method: callable(WebDriver)\n        :param message: optional message for :exc:`TimeoutException`\n        :returns: the result of the last call to `method`\n        :raises: :exc:`selenium.common.exceptions.TimeoutException` if timeout occurs\n        \"\"\"\n        screen = None\n        stacktrace = None\n    \n        end_time = time.monotonic() + self._timeout\n        while True:\n            try:\n                value = method(self._driver)\n                if value:\n                    return value\n            except self._ignored_exceptions as exc:\n                screen = getattr(exc, \"screen\", None)\n                stacktrace = getattr(exc, \"stacktrace\", None)\n            time.sleep(self._poll)\n            if time.monotonic() > end_time:\n                break\n>       raise TimeoutException(message, screen, stacktrace)\nE       selenium.common.exceptions.TimeoutException: Message: \nE       Stacktrace:\nE       #0 0x561fbe22d7ca <unknown>\nE       #1 0x561fbdd252f0 <unknown>\nE       #2 0x561fbdd75035 <unknown>\nE       #3 0x561fbdd75251 <unknown>\nE       #4 0x561fbddbb054 <unknown>\nE       #5 0x561fbdd999dd <unknown>\nE       #6 0x561fbddb83b3 <unknown>\nE       #7 0x561fbdd99753 <unknown>\nE       #8 0x561fbdd66baa <unknown>\nE       #9 0x561fbdd67dfe <unknown>\nE       #10 0x561fbe1f838b <unknown>\nE       #11 0x561fbe1fc307 <unknown>\nE       #12 0x561fbe1e4e7c <unknown>\nE       #13 0x561fbe1fcec7 <unknown>\nE       #14 0x561fbe1c924f <unknown>\nE       #15 0x561fbe21c2f8 <unknown>\nE       #16 0x561fbe21c4c0 <unknown>\nE       #17 0x561fbe22c646 <unknown>\nE       #18 0x7ff85829ca94 <unknown>\nE       #19 0x7ff858329c3c <unknown>\n\n/opt/hostedtoolcache/Python/3.11.11/x64/lib/python3.11/site-packages/selenium/webdriver/support/wait.py:95: TimeoutException",
  "flaky" : false,
  "newFailed" : false,
  "beforeStages" : [ {
    "name" : "clear_allure_result_folder",
    "time" : {
      "start" : 1737854757354,
      "stop" : 1737854757354,
      "duration" : 0
    },
    "status" : "passed",
    "steps" : [ ],
    "attachments" : [ ],
    "parameters" : [ ],
    "stepsCount" : 0,
    "attachmentsCount" : 0,
    "shouldDisplayMessage" : false,
    "hasContent" : false
  }, {
    "name" : "sale_page",
    "time" : {
      "start" : 1737856616011,
      "stop" : 1737856616254,
      "duration" : 243
    },
    "status" : "passed",
    "steps" : [ {
      "name" : "Open a browser",
      "time" : {
        "start" : 1737856616011,
        "stop" : 1737856616254,
        "duration" : 243
      },
      "status" : "passed",
      "steps" : [ ],
      "attachments" : [ ],
      "parameters" : [ ],
      "stepsCount" : 0,
      "attachmentsCount" : 0,
      "shouldDisplayMessage" : false,
      "hasContent" : false
    } ],
    "attachments" : [ ],
    "parameters" : [ ],
    "stepsCount" : 1,
    "attachmentsCount" : 0,
    "shouldDisplayMessage" : false,
    "hasContent" : true
  }, {
    "name" : "_session_faker",
    "time" : {
      "start" : 1737854757290,
      "stop" : 1737854757353,
      "duration" : 63
    },
    "status" : "passed",
    "steps" : [ ],
    "attachments" : [ ],
    "parameters" : [ ],
    "stepsCount" : 0,
    "attachmentsCount" : 0,
    "shouldDisplayMessage" : false,
    "hasContent" : false
  }, {
    "name" : "driver",
    "time" : {
      "start" : 1737856614814,
      "stop" : 1737856616010,
      "duration" : 1196
    },
    "status" : "passed",
    "steps" : [ ],
    "attachments" : [ ],
    "parameters" : [ ],
    "stepsCount" : 0,
    "attachmentsCount" : 0,
    "shouldDisplayMessage" : false,
    "hasContent" : false
  } ],
  "testStage" : {
    "description" : "Check title-text and content-text in 3-columns block - sale-women-t-shirts",
    "status" : "broken",
    "statusMessage" : "selenium.common.exceptions.TimeoutException: Message: \nStacktrace:\n#0 0x561fbe22d7ca <unknown>\n#1 0x561fbdd252f0 <unknown>\n#2 0x561fbdd75035 <unknown>\n#3 0x561fbdd75251 <unknown>\n#4 0x561fbddbb054 <unknown>\n#5 0x561fbdd999dd <unknown>\n#6 0x561fbddb83b3 <unknown>\n#7 0x561fbdd99753 <unknown>\n#8 0x561fbdd66baa <unknown>\n#9 0x561fbdd67dfe <unknown>\n#10 0x561fbe1f838b <unknown>\n#11 0x561fbe1fc307 <unknown>\n#12 0x561fbe1e4e7c <unknown>\n#13 0x561fbe1fcec7 <unknown>\n#14 0x561fbe1c924f <unknown>\n#15 0x561fbe21c2f8 <unknown>\n#16 0x561fbe21c4c0 <unknown>\n#17 0x561fbe22c646 <unknown>\n#18 0x7ff85829ca94 <unknown>\n#19 0x7ff858329c3c <unknown>",
    "statusTrace" : "self = <test_sale.TestSalePage.TestPromoBlocks object at 0x7fc2e7308ed0>\nsale_page = <pages.sale_page.SalePage object at 0x7fc2e772c510>\n\n    @allure.title(\"TC 10.04.15 - Verify the text in 3-columns block - sale-women-t-shirts\")\n    def test_tc_10_04_15(self, sale_page):\n        \"\"\"Check title-text and content-text in 3-columns block - sale-women-t-shirts\"\"\"\n>       title = sale_page.check_title_text_in_third_block()\n\ntests/test_sale.py:234: \n_ _ _ _ _ _ _ _ _ _ _ _ _ _ _ _ _ _ _ _ _ _ _ _ _ _ _ _ _ _ _ _ _ _ _ _ _ _ _ _ \npages/sale_page.py:127: in check_title_text_in_third_block\n    third_block_title = self.element_is_visible(self.promo_blocks_locators.THIRD_COLUMN_TITLE)\npages/base_page.py:29: in element_is_visible\n    self.go_to_element(self.element_is_present(locator))\npages/base_page.py:50: in element_is_present\n    return wait(self.driver, timeout).until(EC.presence_of_element_located(locator))\n_ _ _ _ _ _ _ _ _ _ _ _ _ _ _ _ _ _ _ _ _ _ _ _ _ _ _ _ _ _ _ _ _ _ _ _ _ _ _ _ \n\nself = <selenium.webdriver.support.wait.WebDriverWait (session=\"da6ac70f9601652cfc744c61f3a0c72b\")>\nmethod = <function presence_of_element_located.<locals>._predicate at 0x7fc2e726ad40>\nmessage = ''\n\n    def until(self, method, message: str = \"\"):\n        \"\"\"Calls the method provided with the driver as an argument until the \\\n        return value does not evaluate to ``False``.\n    \n        :param method: callable(WebDriver)\n        :param message: optional message for :exc:`TimeoutException`\n        :returns: the result of the last call to `method`\n        :raises: :exc:`selenium.common.exceptions.TimeoutException` if timeout occurs\n        \"\"\"\n        screen = None\n        stacktrace = None\n    \n        end_time = time.monotonic() + self._timeout\n        while True:\n            try:\n                value = method(self._driver)\n                if value:\n                    return value\n            except self._ignored_exceptions as exc:\n                screen = getattr(exc, \"screen\", None)\n                stacktrace = getattr(exc, \"stacktrace\", None)\n            time.sleep(self._poll)\n            if time.monotonic() > end_time:\n                break\n>       raise TimeoutException(message, screen, stacktrace)\nE       selenium.common.exceptions.TimeoutException: Message: \nE       Stacktrace:\nE       #0 0x561fbe22d7ca <unknown>\nE       #1 0x561fbdd252f0 <unknown>\nE       #2 0x561fbdd75035 <unknown>\nE       #3 0x561fbdd75251 <unknown>\nE       #4 0x561fbddbb054 <unknown>\nE       #5 0x561fbdd999dd <unknown>\nE       #6 0x561fbddb83b3 <unknown>\nE       #7 0x561fbdd99753 <unknown>\nE       #8 0x561fbdd66baa <unknown>\nE       #9 0x561fbdd67dfe <unknown>\nE       #10 0x561fbe1f838b <unknown>\nE       #11 0x561fbe1fc307 <unknown>\nE       #12 0x561fbe1e4e7c <unknown>\nE       #13 0x561fbe1fcec7 <unknown>\nE       #14 0x561fbe1c924f <unknown>\nE       #15 0x561fbe21c2f8 <unknown>\nE       #16 0x561fbe21c4c0 <unknown>\nE       #17 0x561fbe22c646 <unknown>\nE       #18 0x7ff85829ca94 <unknown>\nE       #19 0x7ff858329c3c <unknown>\n\n/opt/hostedtoolcache/Python/3.11.11/x64/lib/python3.11/site-packages/selenium/webdriver/support/wait.py:95: TimeoutException",
    "steps" : [ {
      "name" : "Check title-text in 3-columns block - 3rd block",
      "time" : {
        "start" : 1737856616255,
        "stop" : 1737856621374,
        "duration" : 5119
      },
      "status" : "broken",
      "statusMessage" : "selenium.common.exceptions.TimeoutException: Message: \nStacktrace:\n#0 0x561fbe22d7ca <unknown>\n#1 0x561fbdd252f0 <unknown>\n#2 0x561fbdd75035 <unknown>\n#3 0x561fbdd75251 <unknown>\n#4 0x561fbddbb054 <unknown>\n#5 0x561fbdd999dd <unknown>\n#6 0x561fbddb83b3 <unknown>\n#7 0x561fbdd99753 <unknown>\n#8 0x561fbdd66baa <unknown>\n#9 0x561fbdd67dfe <unknown>\n#10 0x561fbe1f838b <unknown>\n#11 0x561fbe1fc307 <unknown>\n#12 0x561fbe1e4e7c <unknown>\n#13 0x561fbe1fcec7 <unknown>\n#14 0x561fbe1c924f <unknown>\n#15 0x561fbe21c2f8 <unknown>\n#16 0x561fbe21c4c0 <unknown>\n#17 0x561fbe22c646 <unknown>\n#18 0x7ff85829ca94 <unknown>\n#19 0x7ff858329c3c <unknown>\n\n",
      "statusTrace" : "  File \"/opt/hostedtoolcache/Python/3.11.11/x64/lib/python3.11/site-packages/allure_commons/_allure.py\", line 192, in impl\n    return func(*a, **kw)\n           ^^^^^^^^^^^^^^\n  File \"/home/runner/work/luma_project/luma_project/pages/sale_page.py\", line 127, in check_title_text_in_third_block\n    third_block_title = self.element_is_visible(self.promo_blocks_locators.THIRD_COLUMN_TITLE)\n                        ^^^^^^^^^^^^^^^^^^^^^^^^^^^^^^^^^^^^^^^^^^^^^^^^^^^^^^^^^^^^^^^^^^^^^^\n  File \"/opt/hostedtoolcache/Python/3.11.11/x64/lib/python3.11/site-packages/allure_commons/_allure.py\", line 192, in impl\n    return func(*a, **kw)\n           ^^^^^^^^^^^^^^\n  File \"/home/runner/work/luma_project/luma_project/pages/base_page.py\", line 29, in element_is_visible\n    self.go_to_element(self.element_is_present(locator))\n                       ^^^^^^^^^^^^^^^^^^^^^^^^^^^^^^^^\n  File \"/opt/hostedtoolcache/Python/3.11.11/x64/lib/python3.11/site-packages/allure_commons/_allure.py\", line 192, in impl\n    return func(*a, **kw)\n           ^^^^^^^^^^^^^^\n  File \"/home/runner/work/luma_project/luma_project/pages/base_page.py\", line 50, in element_is_present\n    return wait(self.driver, timeout).until(EC.presence_of_element_located(locator))\n           ^^^^^^^^^^^^^^^^^^^^^^^^^^^^^^^^^^^^^^^^^^^^^^^^^^^^^^^^^^^^^^^^^^^^^^^^^\n  File \"/opt/hostedtoolcache/Python/3.11.11/x64/lib/python3.11/site-packages/selenium/webdriver/support/wait.py\", line 95, in until\n    raise TimeoutException(message, screen, stacktrace)\n",
      "steps" : [ {
        "name" : "Find a visible element",
        "time" : {
          "start" : 1737856616255,
          "stop" : 1737856621374,
          "duration" : 5119
        },
        "status" : "broken",
        "statusMessage" : "selenium.common.exceptions.TimeoutException: Message: \nStacktrace:\n#0 0x561fbe22d7ca <unknown>\n#1 0x561fbdd252f0 <unknown>\n#2 0x561fbdd75035 <unknown>\n#3 0x561fbdd75251 <unknown>\n#4 0x561fbddbb054 <unknown>\n#5 0x561fbdd999dd <unknown>\n#6 0x561fbddb83b3 <unknown>\n#7 0x561fbdd99753 <unknown>\n#8 0x561fbdd66baa <unknown>\n#9 0x561fbdd67dfe <unknown>\n#10 0x561fbe1f838b <unknown>\n#11 0x561fbe1fc307 <unknown>\n#12 0x561fbe1e4e7c <unknown>\n#13 0x561fbe1fcec7 <unknown>\n#14 0x561fbe1c924f <unknown>\n#15 0x561fbe21c2f8 <unknown>\n#16 0x561fbe21c4c0 <unknown>\n#17 0x561fbe22c646 <unknown>\n#18 0x7ff85829ca94 <unknown>\n#19 0x7ff858329c3c <unknown>\n\n",
        "statusTrace" : "  File \"/opt/hostedtoolcache/Python/3.11.11/x64/lib/python3.11/site-packages/allure_commons/_allure.py\", line 192, in impl\n    return func(*a, **kw)\n           ^^^^^^^^^^^^^^\n  File \"/home/runner/work/luma_project/luma_project/pages/base_page.py\", line 29, in element_is_visible\n    self.go_to_element(self.element_is_present(locator))\n                       ^^^^^^^^^^^^^^^^^^^^^^^^^^^^^^^^\n  File \"/opt/hostedtoolcache/Python/3.11.11/x64/lib/python3.11/site-packages/allure_commons/_allure.py\", line 192, in impl\n    return func(*a, **kw)\n           ^^^^^^^^^^^^^^\n  File \"/home/runner/work/luma_project/luma_project/pages/base_page.py\", line 50, in element_is_present\n    return wait(self.driver, timeout).until(EC.presence_of_element_located(locator))\n           ^^^^^^^^^^^^^^^^^^^^^^^^^^^^^^^^^^^^^^^^^^^^^^^^^^^^^^^^^^^^^^^^^^^^^^^^^\n  File \"/opt/hostedtoolcache/Python/3.11.11/x64/lib/python3.11/site-packages/selenium/webdriver/support/wait.py\", line 95, in until\n    raise TimeoutException(message, screen, stacktrace)\n",
        "steps" : [ {
          "name" : "Find a present element",
          "time" : {
            "start" : 1737856616255,
            "stop" : 1737856621373,
            "duration" : 5118
          },
          "status" : "broken",
          "statusMessage" : "selenium.common.exceptions.TimeoutException: Message: \nStacktrace:\n#0 0x561fbe22d7ca <unknown>\n#1 0x561fbdd252f0 <unknown>\n#2 0x561fbdd75035 <unknown>\n#3 0x561fbdd75251 <unknown>\n#4 0x561fbddbb054 <unknown>\n#5 0x561fbdd999dd <unknown>\n#6 0x561fbddb83b3 <unknown>\n#7 0x561fbdd99753 <unknown>\n#8 0x561fbdd66baa <unknown>\n#9 0x561fbdd67dfe <unknown>\n#10 0x561fbe1f838b <unknown>\n#11 0x561fbe1fc307 <unknown>\n#12 0x561fbe1e4e7c <unknown>\n#13 0x561fbe1fcec7 <unknown>\n#14 0x561fbe1c924f <unknown>\n#15 0x561fbe21c2f8 <unknown>\n#16 0x561fbe21c4c0 <unknown>\n#17 0x561fbe22c646 <unknown>\n#18 0x7ff85829ca94 <unknown>\n#19 0x7ff858329c3c <unknown>\n\n",
          "statusTrace" : "  File \"/opt/hostedtoolcache/Python/3.11.11/x64/lib/python3.11/site-packages/allure_commons/_allure.py\", line 192, in impl\n    return func(*a, **kw)\n           ^^^^^^^^^^^^^^\n  File \"/home/runner/work/luma_project/luma_project/pages/base_page.py\", line 50, in element_is_present\n    return wait(self.driver, timeout).until(EC.presence_of_element_located(locator))\n           ^^^^^^^^^^^^^^^^^^^^^^^^^^^^^^^^^^^^^^^^^^^^^^^^^^^^^^^^^^^^^^^^^^^^^^^^^\n  File \"/opt/hostedtoolcache/Python/3.11.11/x64/lib/python3.11/site-packages/selenium/webdriver/support/wait.py\", line 95, in until\n    raise TimeoutException(message, screen, stacktrace)\n",
          "steps" : [ ],
          "attachments" : [ ],
          "parameters" : [ {
            "name" : "locator",
            "value" : "('css selector', '.sale-womens-t-shirts .content .title')"
          }, {
            "name" : "timeout",
            "value" : "5"
          } ],
          "stepsCount" : 0,
          "attachmentsCount" : 0,
          "shouldDisplayMessage" : true,
          "hasContent" : true
        } ],
        "attachments" : [ ],
        "parameters" : [ {
          "name" : "locator",
          "value" : "('css selector', '.sale-womens-t-shirts .content .title')"
        }, {
          "name" : "timeout",
          "value" : "10"
        } ],
        "stepsCount" : 1,
        "attachmentsCount" : 0,
        "shouldDisplayMessage" : false,
        "hasContent" : true
      } ],
      "attachments" : [ ],
      "parameters" : [ ],
      "stepsCount" : 2,
      "attachmentsCount" : 0,
      "shouldDisplayMessage" : false,
      "hasContent" : true
    } ],
    "attachments" : [ {
      "uid" : "1b33247671bddc73",
      "name" : "Screenshot",
      "source" : "1b33247671bddc73.png",
      "type" : "image/png",
      "size" : 25650
    }, {
      "uid" : "35e208f5abc43d57",
      "name" : "HTML source",
      "source" : "35e208f5abc43d57.html",
      "type" : "text/html",
      "size" : 258763
    } ],
    "parameters" : [ ],
    "stepsCount" : 3,
    "attachmentsCount" : 2,
    "shouldDisplayMessage" : true,
    "hasContent" : true
  },
  "afterStages" : [ {
    "name" : "clear_allure_result_folder::0",
    "time" : {
      "start" : 1737857182853,
      "stop" : 1737857182853,
      "duration" : 0
    },
    "status" : "passed",
    "steps" : [ ],
    "attachments" : [ ],
    "parameters" : [ ],
    "stepsCount" : 0,
    "attachmentsCount" : 0,
    "shouldDisplayMessage" : false,
    "hasContent" : false
  }, {
    "name" : "driver::0",
    "time" : {
      "start" : 1737856621482,
      "stop" : 1737856621545,
      "duration" : 63
    },
    "status" : "passed",
    "steps" : [ ],
    "attachments" : [ ],
    "parameters" : [ ],
    "stepsCount" : 0,
    "attachmentsCount" : 0,
    "shouldDisplayMessage" : false,
    "hasContent" : false
  } ],
  "labels" : [ {
    "name" : "epic",
    "value" : "Sale Page"
  }, {
    "name" : "feature",
    "value" : "Testing Promo Blocks, Main Block (Women's Deals) and 2 columns block - Men's Bargain, Gear Steals"
  }, {
    "name" : "parentSuite",
    "value" : "tests"
  }, {
    "name" : "suite",
    "value" : "test_sale"
  }, {
    "name" : "subSuite",
    "value" : "TestSalePage"
  }, {
    "name" : "host",
    "value" : "fv-az1922-652"
  }, {
    "name" : "thread",
    "value" : "2797-MainThread"
  }, {
    "name" : "framework",
    "value" : "pytest"
  }, {
    "name" : "language",
    "value" : "cpython3"
  }, {
    "name" : "package",
    "value" : "tests.test_sale"
  }, {
    "name" : "resultFormat",
    "value" : "allure2"
  } ],
  "parameters" : [ ],
  "links" : [ ],
  "hidden" : false,
  "retry" : false,
  "extra" : {
    "severity" : "normal",
    "retries" : [ ],
    "categories" : [ {
      "name" : "Test defects",
      "matchedStatuses" : [ ],
      "flaky" : false
    } ],
    "tags" : [ ]
  },
  "source" : "c4d63b60431313d9.json",
  "parameterValues" : [ ]
}