{
  "uid" : "c656e683ce1834db",
  "name" : "TC 02.01.54 - Check if 'Subscribe to our mailing list' link is clickable on each page specified in DATA_1",
  "fullName" : "tests.test_footer.TestFooter#test_tc_02_01_54_check_clickability_of_subscribe_to_our_mailing_list_link_on_pages",
  "historyId" : "c983c9540e7cdad53b56273651da63b7",
  "time" : {
    "start" : 1708218778777,
    "stop" : 1708218784831,
    "duration" : 6054
  },
  "description" : "This test checks if 'Subscribe to our mailing list' link is clickable on each page specified in DATA_1",
  "descriptionHtml" : "<p>This test checks if 'Subscribe to our mailing list' link is clickable on each page specified in DATA_1</p>\n",
  "status" : "broken",
  "statusMessage" : "selenium.common.exceptions.TimeoutException: Message: \nStacktrace:\n#0 0x563e431bdd93 <unknown>\n#1 0x563e42ea1337 <unknown>\n#2 0x563e42eecd60 <unknown>\n#3 0x563e42eece51 <unknown>\n#4 0x563e42f30bc4 <unknown>\n#5 0x563e42f0f46d <unknown>\n#6 0x563e42f2e12d <unknown>\n#7 0x563e42f0f1e3 <unknown>\n#8 0x563e42edf135 <unknown>\n#9 0x563e42ee013e <unknown>\n#10 0x563e43181e4b <unknown>\n#11 0x563e43185dfa <unknown>\n#12 0x563e4316e6d5 <unknown>\n#13 0x563e43186a6f <unknown>\n#14 0x563e4315269f <unknown>\n#15 0x563e431ab098 <unknown>\n#16 0x563e431ab262 <unknown>\n#17 0x563e431bcf34 <unknown>\n#18 0x7f1e39894ac3 <unknown>",
  "statusTrace" : "self = <test_footer.TestFooter object at 0x7f990c0f86d0>\ndriver = <selenium.webdriver.chrome.webdriver.WebDriver (session=\"dd98aafc29ff8115d24658bd05108ec2\")>\nURL = 'https://magento.softwaretestingboard.com/'\n\n    @allure.title(\"TC 02.01.54 - Check if 'Subscribe to our mailing list' link is clickable \"\n                  \"on each page specified in DATA_1\")\n    @pytest.mark.parametrize('URL', DATA_1)\n    def test_tc_02_01_54_check_clickability_of_subscribe_to_our_mailing_list_link_on_pages(self, driver, URL):\n        \"\"\"This test checks if 'Subscribe to our mailing list' link is clickable on each page specified in DATA_1\"\"\"\n        page = FooterPage(driver, url=URL)\n        page.open()\n>       subscribe_link = page.check_subscribe_to_our_mailing_list_link_clickability()\n\ntests/test_footer.py:486: \n_ _ _ _ _ _ _ _ _ _ _ _ _ _ _ _ _ _ _ _ _ _ _ _ _ _ _ _ _ _ _ _ _ _ _ _ _ _ _ _ \npages/footer_page.py:208: in check_subscribe_to_our_mailing_list_link_clickability\n    return self.element_is_clickable(self.footer_locators.SUBSCRIBE_TO_OUR_MAILING_LIST_LINK)\npages/base_page.py:80: in element_is_clickable\n    return wait(self.driver, timeout).until(EC.element_to_be_clickable(locator))\n_ _ _ _ _ _ _ _ _ _ _ _ _ _ _ _ _ _ _ _ _ _ _ _ _ _ _ _ _ _ _ _ _ _ _ _ _ _ _ _ \n\nself = <selenium.webdriver.support.wait.WebDriverWait (session=\"dd98aafc29ff8115d24658bd05108ec2\")>\nmethod = <function element_to_be_clickable.<locals>._predicate at 0x7f990c52cb80>\nmessage = ''\n\n    def until(self, method, message: str = \"\"):\n        \"\"\"Calls the method provided with the driver as an argument until the \\\n        return value does not evaluate to ``False``.\n    \n        :param method: callable(WebDriver)\n        :param message: optional message for :exc:`TimeoutException`\n        :returns: the result of the last call to `method`\n        :raises: :exc:`selenium.common.exceptions.TimeoutException` if timeout occurs\n        \"\"\"\n        screen = None\n        stacktrace = None\n    \n        end_time = time.monotonic() + self._timeout\n        while True:\n            try:\n                value = method(self._driver)\n                if value:\n                    return value\n            except self._ignored_exceptions as exc:\n                screen = getattr(exc, \"screen\", None)\n                stacktrace = getattr(exc, \"stacktrace\", None)\n            time.sleep(self._poll)\n            if time.monotonic() > end_time:\n                break\n>       raise TimeoutException(message, screen, stacktrace)\nE       selenium.common.exceptions.TimeoutException: Message: \nE       Stacktrace:\nE       #0 0x563e431bdd93 <unknown>\nE       #1 0x563e42ea1337 <unknown>\nE       #2 0x563e42eecd60 <unknown>\nE       #3 0x563e42eece51 <unknown>\nE       #4 0x563e42f30bc4 <unknown>\nE       #5 0x563e42f0f46d <unknown>\nE       #6 0x563e42f2e12d <unknown>\nE       #7 0x563e42f0f1e3 <unknown>\nE       #8 0x563e42edf135 <unknown>\nE       #9 0x563e42ee013e <unknown>\nE       #10 0x563e43181e4b <unknown>\nE       #11 0x563e43185dfa <unknown>\nE       #12 0x563e4316e6d5 <unknown>\nE       #13 0x563e43186a6f <unknown>\nE       #14 0x563e4315269f <unknown>\nE       #15 0x563e431ab098 <unknown>\nE       #16 0x563e431ab262 <unknown>\nE       #17 0x563e431bcf34 <unknown>\nE       #18 0x7f1e39894ac3 <unknown>\n\n/opt/hostedtoolcache/Python/3.11.8/x64/lib/python3.11/site-packages/selenium/webdriver/support/wait.py:95: TimeoutException",
  "flaky" : false,
  "newFailed" : false,
  "beforeStages" : [ {
    "name" : "clear_allure_result_folder",
    "time" : {
      "start" : 1708218502324,
      "stop" : 1708218502324,
      "duration" : 0
    },
    "status" : "passed",
    "steps" : [ ],
    "attachments" : [ ],
    "parameters" : [ ],
    "shouldDisplayMessage" : false,
    "hasContent" : false,
    "stepsCount" : 0,
    "attachmentsCount" : 0
  }, {
    "name" : "_session_faker",
    "time" : {
      "start" : 1708218502259,
      "stop" : 1708218502323,
      "duration" : 64
    },
    "status" : "passed",
    "steps" : [ ],
    "attachments" : [ ],
    "parameters" : [ ],
    "shouldDisplayMessage" : false,
    "hasContent" : false,
    "stepsCount" : 0,
    "attachmentsCount" : 0
  }, {
    "name" : "driver",
    "time" : {
      "start" : 1708218777823,
      "stop" : 1708218778777,
      "duration" : 954
    },
    "status" : "passed",
    "steps" : [ ],
    "attachments" : [ ],
    "parameters" : [ ],
    "shouldDisplayMessage" : false,
    "hasContent" : false,
    "stepsCount" : 0,
    "attachmentsCount" : 0
  } ],
  "testStage" : {
    "description" : "This test checks if 'Subscribe to our mailing list' link is clickable on each page specified in DATA_1",
    "status" : "broken",
    "statusMessage" : "selenium.common.exceptions.TimeoutException: Message: \nStacktrace:\n#0 0x563e431bdd93 <unknown>\n#1 0x563e42ea1337 <unknown>\n#2 0x563e42eecd60 <unknown>\n#3 0x563e42eece51 <unknown>\n#4 0x563e42f30bc4 <unknown>\n#5 0x563e42f0f46d <unknown>\n#6 0x563e42f2e12d <unknown>\n#7 0x563e42f0f1e3 <unknown>\n#8 0x563e42edf135 <unknown>\n#9 0x563e42ee013e <unknown>\n#10 0x563e43181e4b <unknown>\n#11 0x563e43185dfa <unknown>\n#12 0x563e4316e6d5 <unknown>\n#13 0x563e43186a6f <unknown>\n#14 0x563e4315269f <unknown>\n#15 0x563e431ab098 <unknown>\n#16 0x563e431ab262 <unknown>\n#17 0x563e431bcf34 <unknown>\n#18 0x7f1e39894ac3 <unknown>",
    "statusTrace" : "self = <test_footer.TestFooter object at 0x7f990c0f86d0>\ndriver = <selenium.webdriver.chrome.webdriver.WebDriver (session=\"dd98aafc29ff8115d24658bd05108ec2\")>\nURL = 'https://magento.softwaretestingboard.com/'\n\n    @allure.title(\"TC 02.01.54 - Check if 'Subscribe to our mailing list' link is clickable \"\n                  \"on each page specified in DATA_1\")\n    @pytest.mark.parametrize('URL', DATA_1)\n    def test_tc_02_01_54_check_clickability_of_subscribe_to_our_mailing_list_link_on_pages(self, driver, URL):\n        \"\"\"This test checks if 'Subscribe to our mailing list' link is clickable on each page specified in DATA_1\"\"\"\n        page = FooterPage(driver, url=URL)\n        page.open()\n>       subscribe_link = page.check_subscribe_to_our_mailing_list_link_clickability()\n\ntests/test_footer.py:486: \n_ _ _ _ _ _ _ _ _ _ _ _ _ _ _ _ _ _ _ _ _ _ _ _ _ _ _ _ _ _ _ _ _ _ _ _ _ _ _ _ \npages/footer_page.py:208: in check_subscribe_to_our_mailing_list_link_clickability\n    return self.element_is_clickable(self.footer_locators.SUBSCRIBE_TO_OUR_MAILING_LIST_LINK)\npages/base_page.py:80: in element_is_clickable\n    return wait(self.driver, timeout).until(EC.element_to_be_clickable(locator))\n_ _ _ _ _ _ _ _ _ _ _ _ _ _ _ _ _ _ _ _ _ _ _ _ _ _ _ _ _ _ _ _ _ _ _ _ _ _ _ _ \n\nself = <selenium.webdriver.support.wait.WebDriverWait (session=\"dd98aafc29ff8115d24658bd05108ec2\")>\nmethod = <function element_to_be_clickable.<locals>._predicate at 0x7f990c52cb80>\nmessage = ''\n\n    def until(self, method, message: str = \"\"):\n        \"\"\"Calls the method provided with the driver as an argument until the \\\n        return value does not evaluate to ``False``.\n    \n        :param method: callable(WebDriver)\n        :param message: optional message for :exc:`TimeoutException`\n        :returns: the result of the last call to `method`\n        :raises: :exc:`selenium.common.exceptions.TimeoutException` if timeout occurs\n        \"\"\"\n        screen = None\n        stacktrace = None\n    \n        end_time = time.monotonic() + self._timeout\n        while True:\n            try:\n                value = method(self._driver)\n                if value:\n                    return value\n            except self._ignored_exceptions as exc:\n                screen = getattr(exc, \"screen\", None)\n                stacktrace = getattr(exc, \"stacktrace\", None)\n            time.sleep(self._poll)\n            if time.monotonic() > end_time:\n                break\n>       raise TimeoutException(message, screen, stacktrace)\nE       selenium.common.exceptions.TimeoutException: Message: \nE       Stacktrace:\nE       #0 0x563e431bdd93 <unknown>\nE       #1 0x563e42ea1337 <unknown>\nE       #2 0x563e42eecd60 <unknown>\nE       #3 0x563e42eece51 <unknown>\nE       #4 0x563e42f30bc4 <unknown>\nE       #5 0x563e42f0f46d <unknown>\nE       #6 0x563e42f2e12d <unknown>\nE       #7 0x563e42f0f1e3 <unknown>\nE       #8 0x563e42edf135 <unknown>\nE       #9 0x563e42ee013e <unknown>\nE       #10 0x563e43181e4b <unknown>\nE       #11 0x563e43185dfa <unknown>\nE       #12 0x563e4316e6d5 <unknown>\nE       #13 0x563e43186a6f <unknown>\nE       #14 0x563e4315269f <unknown>\nE       #15 0x563e431ab098 <unknown>\nE       #16 0x563e431ab262 <unknown>\nE       #17 0x563e431bcf34 <unknown>\nE       #18 0x7f1e39894ac3 <unknown>\n\n/opt/hostedtoolcache/Python/3.11.8/x64/lib/python3.11/site-packages/selenium/webdriver/support/wait.py:95: TimeoutException",
    "steps" : [ {
      "name" : "Open a browser",
      "time" : {
        "start" : 1708218778777,
        "stop" : 1708218779744,
        "duration" : 967
      },
      "status" : "passed",
      "steps" : [ ],
      "attachments" : [ ],
      "parameters" : [ ],
      "shouldDisplayMessage" : false,
      "hasContent" : false,
      "stepsCount" : 0,
      "attachmentsCount" : 0
    }, {
      "name" : "Find clickable elements",
      "time" : {
        "start" : 1708218779744,
        "stop" : 1708218784830,
        "duration" : 5086
      },
      "status" : "broken",
      "statusMessage" : "selenium.common.exceptions.TimeoutException: Message: \nStacktrace:\n#0 0x563e431bdd93 <unknown>\n#1 0x563e42ea1337 <unknown>\n#2 0x563e42eecd60 <unknown>\n#3 0x563e42eece51 <unknown>\n#4 0x563e42f30bc4 <unknown>\n#5 0x563e42f0f46d <unknown>\n#6 0x563e42f2e12d <unknown>\n#7 0x563e42f0f1e3 <unknown>\n#8 0x563e42edf135 <unknown>\n#9 0x563e42ee013e <unknown>\n#10 0x563e43181e4b <unknown>\n#11 0x563e43185dfa <unknown>\n#12 0x563e4316e6d5 <unknown>\n#13 0x563e43186a6f <unknown>\n#14 0x563e4315269f <unknown>\n#15 0x563e431ab098 <unknown>\n#16 0x563e431ab262 <unknown>\n#17 0x563e431bcf34 <unknown>\n#18 0x7f1e39894ac3 <unknown>\n\n",
      "statusTrace" : "  File \"/opt/hostedtoolcache/Python/3.11.8/x64/lib/python3.11/site-packages/allure_commons/_allure.py\", line 192, in impl\n    return func(*a, **kw)\n           ^^^^^^^^^^^^^^\n  File \"/home/runner/work/luma_project/luma_project/pages/base_page.py\", line 80, in element_is_clickable\n    return wait(self.driver, timeout).until(EC.element_to_be_clickable(locator))\n           ^^^^^^^^^^^^^^^^^^^^^^^^^^^^^^^^^^^^^^^^^^^^^^^^^^^^^^^^^^^^^^^^^^^^^\n  File \"/opt/hostedtoolcache/Python/3.11.8/x64/lib/python3.11/site-packages/selenium/webdriver/support/wait.py\", line 95, in until\n    raise TimeoutException(message, screen, stacktrace)\n",
      "steps" : [ ],
      "attachments" : [ ],
      "parameters" : [ {
        "name" : "locator",
        "value" : "('css selector', '.footer div :nth-child(2) a')"
      }, {
        "name" : "timeout",
        "value" : "5"
      } ],
      "shouldDisplayMessage" : true,
      "hasContent" : true,
      "stepsCount" : 0,
      "attachmentsCount" : 0
    } ],
    "attachments" : [ {
      "uid" : "c6a1a35f0bc0a958",
      "name" : "Screenshot",
      "source" : "c6a1a35f0bc0a958.png",
      "type" : "image/png",
      "size" : 657668
    }, {
      "uid" : "4361b2f0c3fd29f",
      "name" : "HTML source",
      "source" : "4361b2f0c3fd29f.html",
      "type" : "text/html",
      "size" : 117752
    } ],
    "parameters" : [ ],
    "shouldDisplayMessage" : true,
    "hasContent" : true,
    "stepsCount" : 2,
    "attachmentsCount" : 2
  },
  "afterStages" : [ {
    "name" : "clear_allure_result_folder::0",
    "time" : {
      "start" : 1708219815446,
      "stop" : 1708219815446,
      "duration" : 0
    },
    "status" : "passed",
    "steps" : [ ],
    "attachments" : [ ],
    "parameters" : [ ],
    "shouldDisplayMessage" : false,
    "hasContent" : false,
    "stepsCount" : 0,
    "attachmentsCount" : 0
  }, {
    "name" : "driver::0",
    "time" : {
      "start" : 1708218785099,
      "stop" : 1708218785166,
      "duration" : 67
    },
    "status" : "passed",
    "steps" : [ ],
    "attachments" : [ ],
    "parameters" : [ ],
    "shouldDisplayMessage" : false,
    "hasContent" : false,
    "stepsCount" : 0,
    "attachmentsCount" : 0
  } ],
  "labels" : [ {
    "name" : "epic",
    "value" : "Test Footer"
  }, {
    "name" : "parentSuite",
    "value" : "tests"
  }, {
    "name" : "suite",
    "value" : "test_footer"
  }, {
    "name" : "subSuite",
    "value" : "TestFooter"
  }, {
    "name" : "host",
    "value" : "fv-az915-4"
  }, {
    "name" : "thread",
    "value" : "3120-MainThread"
  }, {
    "name" : "framework",
    "value" : "pytest"
  }, {
    "name" : "language",
    "value" : "cpython3"
  }, {
    "name" : "package",
    "value" : "tests.test_footer"
  }, {
    "name" : "resultFormat",
    "value" : "allure2"
  } ],
  "parameters" : [ {
    "name" : "URL",
    "value" : "'https://magento.softwaretestingboard.com/'"
  } ],
  "links" : [ ],
  "hidden" : false,
  "retry" : false,
  "extra" : {
    "severity" : "normal",
    "retries" : [ ],
    "categories" : [ {
      "name" : "Test defects",
      "matchedStatuses" : [ ],
      "flaky" : false
    } ],
    "tags" : [ ]
  },
  "source" : "c656e683ce1834db.json",
  "parameterValues" : [ "'https://magento.softwaretestingboard.com/'" ]
}