{
  "uid" : "cad5ad3aa403f36c",
  "name" : "TC 13.01.51 - Check if block 2 'home-t-shirts' in section 2 is clickablein the Promo Block on the main page",
  "fullName" : "tests.test_main_page.TestPromoBlock#test_tc_13_01_51_check_section2_block2_clickability",
  "historyId" : "599c946c7673dcaba5711e72e07bfb3f",
  "time" : {
    "start" : 1737856046668,
    "stop" : 1737856052005,
    "duration" : 5337
  },
  "description" : "This test checks if block 2 'home-t-shirts' in section 2 in Promo Block under header is clickable",
  "descriptionHtml" : "<p>This test checks if block 2 'home-t-shirts' in section 2 in Promo Block under header is clickable</p>\n",
  "status" : "broken",
  "statusMessage" : "selenium.common.exceptions.TimeoutException: Message: \nStacktrace:\n#0 0x562a4f2147ca <unknown>\n#1 0x562a4ed0c2f0 <unknown>\n#2 0x562a4ed5c035 <unknown>\n#3 0x562a4ed5c251 <unknown>\n#4 0x562a4eda2054 <unknown>\n#5 0x562a4ed809dd <unknown>\n#6 0x562a4ed9f3b3 <unknown>\n#7 0x562a4ed80753 <unknown>\n#8 0x562a4ed4dbaa <unknown>\n#9 0x562a4ed4edfe <unknown>\n#10 0x562a4f1df38b <unknown>\n#11 0x562a4f1e3307 <unknown>\n#12 0x562a4f1cbe7c <unknown>\n#13 0x562a4f1e3ec7 <unknown>\n#14 0x562a4f1b024f <unknown>\n#15 0x562a4f2032f8 <unknown>\n#16 0x562a4f2034c0 <unknown>\n#17 0x562a4f213646 <unknown>\n#18 0x7fcc3569ca94 <unknown>\n#19 0x7fcc35729c3c <unknown>",
  "statusTrace" : "self = <test_main_page.TestMainPage.TestPromoBlock object at 0x7fc2e82b4410>\ndriver = <selenium.webdriver.chrome.webdriver.WebDriver (session=\"8544c965cf400780aa5c5bbc87e6aaf2\")>\n\n    @allure.title(\"TC 13.01.51 - Check if block 2 'home-t-shirts' in section 2 is clickable\"\n                  \"in the Promo Block on the main page\")\n    def test_tc_13_01_51_check_section2_block2_clickability(self, driver):\n        \"\"\"This test checks if block 2 'home-t-shirts' in section 2 in Promo Block under header is clickable\"\"\"\n        page = PromoBlock(driver, MAIN_PAGE_URL)\n        page.open()\n>       section2_block2 = page.check_section2_block2_clickability()\n\ntests/test_main_page.py:654: \n_ _ _ _ _ _ _ _ _ _ _ _ _ _ _ _ _ _ _ _ _ _ _ _ _ _ _ _ _ _ _ _ _ _ _ _ _ _ _ _ \npages/main_page.py:334: in check_section2_block2_clickability\n    section2_block2 = self.element_is_clickable(self.locators.SECTION_2_BLOCK_2)\npages/base_page.py:80: in element_is_clickable\n    return wait(self.driver, timeout).until(EC.element_to_be_clickable(locator))\n_ _ _ _ _ _ _ _ _ _ _ _ _ _ _ _ _ _ _ _ _ _ _ _ _ _ _ _ _ _ _ _ _ _ _ _ _ _ _ _ \n\nself = <selenium.webdriver.support.wait.WebDriverWait (session=\"8544c965cf400780aa5c5bbc87e6aaf2\")>\nmethod = <function element_to_be_clickable.<locals>._predicate at 0x7fc2e7add620>\nmessage = ''\n\n    def until(self, method, message: str = \"\"):\n        \"\"\"Calls the method provided with the driver as an argument until the \\\n        return value does not evaluate to ``False``.\n    \n        :param method: callable(WebDriver)\n        :param message: optional message for :exc:`TimeoutException`\n        :returns: the result of the last call to `method`\n        :raises: :exc:`selenium.common.exceptions.TimeoutException` if timeout occurs\n        \"\"\"\n        screen = None\n        stacktrace = None\n    \n        end_time = time.monotonic() + self._timeout\n        while True:\n            try:\n                value = method(self._driver)\n                if value:\n                    return value\n            except self._ignored_exceptions as exc:\n                screen = getattr(exc, \"screen\", None)\n                stacktrace = getattr(exc, \"stacktrace\", None)\n            time.sleep(self._poll)\n            if time.monotonic() > end_time:\n                break\n>       raise TimeoutException(message, screen, stacktrace)\nE       selenium.common.exceptions.TimeoutException: Message: \nE       Stacktrace:\nE       #0 0x562a4f2147ca <unknown>\nE       #1 0x562a4ed0c2f0 <unknown>\nE       #2 0x562a4ed5c035 <unknown>\nE       #3 0x562a4ed5c251 <unknown>\nE       #4 0x562a4eda2054 <unknown>\nE       #5 0x562a4ed809dd <unknown>\nE       #6 0x562a4ed9f3b3 <unknown>\nE       #7 0x562a4ed80753 <unknown>\nE       #8 0x562a4ed4dbaa <unknown>\nE       #9 0x562a4ed4edfe <unknown>\nE       #10 0x562a4f1df38b <unknown>\nE       #11 0x562a4f1e3307 <unknown>\nE       #12 0x562a4f1cbe7c <unknown>\nE       #13 0x562a4f1e3ec7 <unknown>\nE       #14 0x562a4f1b024f <unknown>\nE       #15 0x562a4f2032f8 <unknown>\nE       #16 0x562a4f2034c0 <unknown>\nE       #17 0x562a4f213646 <unknown>\nE       #18 0x7fcc3569ca94 <unknown>\nE       #19 0x7fcc35729c3c <unknown>\n\n/opt/hostedtoolcache/Python/3.11.11/x64/lib/python3.11/site-packages/selenium/webdriver/support/wait.py:95: TimeoutException",
  "flaky" : false,
  "newFailed" : false,
  "beforeStages" : [ {
    "name" : "clear_allure_result_folder",
    "time" : {
      "start" : 1737854757354,
      "stop" : 1737854757354,
      "duration" : 0
    },
    "status" : "passed",
    "steps" : [ ],
    "attachments" : [ ],
    "parameters" : [ ],
    "stepsCount" : 0,
    "attachmentsCount" : 0,
    "shouldDisplayMessage" : false,
    "hasContent" : false
  }, {
    "name" : "_session_faker",
    "time" : {
      "start" : 1737854757290,
      "stop" : 1737854757353,
      "duration" : 63
    },
    "status" : "passed",
    "steps" : [ ],
    "attachments" : [ ],
    "parameters" : [ ],
    "stepsCount" : 0,
    "attachmentsCount" : 0,
    "shouldDisplayMessage" : false,
    "hasContent" : false
  }, {
    "name" : "driver",
    "time" : {
      "start" : 1737856045476,
      "stop" : 1737856046668,
      "duration" : 1192
    },
    "status" : "passed",
    "steps" : [ ],
    "attachments" : [ ],
    "parameters" : [ ],
    "stepsCount" : 0,
    "attachmentsCount" : 0,
    "shouldDisplayMessage" : false,
    "hasContent" : false
  } ],
  "testStage" : {
    "description" : "This test checks if block 2 'home-t-shirts' in section 2 in Promo Block under header is clickable",
    "status" : "broken",
    "statusMessage" : "selenium.common.exceptions.TimeoutException: Message: \nStacktrace:\n#0 0x562a4f2147ca <unknown>\n#1 0x562a4ed0c2f0 <unknown>\n#2 0x562a4ed5c035 <unknown>\n#3 0x562a4ed5c251 <unknown>\n#4 0x562a4eda2054 <unknown>\n#5 0x562a4ed809dd <unknown>\n#6 0x562a4ed9f3b3 <unknown>\n#7 0x562a4ed80753 <unknown>\n#8 0x562a4ed4dbaa <unknown>\n#9 0x562a4ed4edfe <unknown>\n#10 0x562a4f1df38b <unknown>\n#11 0x562a4f1e3307 <unknown>\n#12 0x562a4f1cbe7c <unknown>\n#13 0x562a4f1e3ec7 <unknown>\n#14 0x562a4f1b024f <unknown>\n#15 0x562a4f2032f8 <unknown>\n#16 0x562a4f2034c0 <unknown>\n#17 0x562a4f213646 <unknown>\n#18 0x7fcc3569ca94 <unknown>\n#19 0x7fcc35729c3c <unknown>",
    "statusTrace" : "self = <test_main_page.TestMainPage.TestPromoBlock object at 0x7fc2e82b4410>\ndriver = <selenium.webdriver.chrome.webdriver.WebDriver (session=\"8544c965cf400780aa5c5bbc87e6aaf2\")>\n\n    @allure.title(\"TC 13.01.51 - Check if block 2 'home-t-shirts' in section 2 is clickable\"\n                  \"in the Promo Block on the main page\")\n    def test_tc_13_01_51_check_section2_block2_clickability(self, driver):\n        \"\"\"This test checks if block 2 'home-t-shirts' in section 2 in Promo Block under header is clickable\"\"\"\n        page = PromoBlock(driver, MAIN_PAGE_URL)\n        page.open()\n>       section2_block2 = page.check_section2_block2_clickability()\n\ntests/test_main_page.py:654: \n_ _ _ _ _ _ _ _ _ _ _ _ _ _ _ _ _ _ _ _ _ _ _ _ _ _ _ _ _ _ _ _ _ _ _ _ _ _ _ _ \npages/main_page.py:334: in check_section2_block2_clickability\n    section2_block2 = self.element_is_clickable(self.locators.SECTION_2_BLOCK_2)\npages/base_page.py:80: in element_is_clickable\n    return wait(self.driver, timeout).until(EC.element_to_be_clickable(locator))\n_ _ _ _ _ _ _ _ _ _ _ _ _ _ _ _ _ _ _ _ _ _ _ _ _ _ _ _ _ _ _ _ _ _ _ _ _ _ _ _ \n\nself = <selenium.webdriver.support.wait.WebDriverWait (session=\"8544c965cf400780aa5c5bbc87e6aaf2\")>\nmethod = <function element_to_be_clickable.<locals>._predicate at 0x7fc2e7add620>\nmessage = ''\n\n    def until(self, method, message: str = \"\"):\n        \"\"\"Calls the method provided with the driver as an argument until the \\\n        return value does not evaluate to ``False``.\n    \n        :param method: callable(WebDriver)\n        :param message: optional message for :exc:`TimeoutException`\n        :returns: the result of the last call to `method`\n        :raises: :exc:`selenium.common.exceptions.TimeoutException` if timeout occurs\n        \"\"\"\n        screen = None\n        stacktrace = None\n    \n        end_time = time.monotonic() + self._timeout\n        while True:\n            try:\n                value = method(self._driver)\n                if value:\n                    return value\n            except self._ignored_exceptions as exc:\n                screen = getattr(exc, \"screen\", None)\n                stacktrace = getattr(exc, \"stacktrace\", None)\n            time.sleep(self._poll)\n            if time.monotonic() > end_time:\n                break\n>       raise TimeoutException(message, screen, stacktrace)\nE       selenium.common.exceptions.TimeoutException: Message: \nE       Stacktrace:\nE       #0 0x562a4f2147ca <unknown>\nE       #1 0x562a4ed0c2f0 <unknown>\nE       #2 0x562a4ed5c035 <unknown>\nE       #3 0x562a4ed5c251 <unknown>\nE       #4 0x562a4eda2054 <unknown>\nE       #5 0x562a4ed809dd <unknown>\nE       #6 0x562a4ed9f3b3 <unknown>\nE       #7 0x562a4ed80753 <unknown>\nE       #8 0x562a4ed4dbaa <unknown>\nE       #9 0x562a4ed4edfe <unknown>\nE       #10 0x562a4f1df38b <unknown>\nE       #11 0x562a4f1e3307 <unknown>\nE       #12 0x562a4f1cbe7c <unknown>\nE       #13 0x562a4f1e3ec7 <unknown>\nE       #14 0x562a4f1b024f <unknown>\nE       #15 0x562a4f2032f8 <unknown>\nE       #16 0x562a4f2034c0 <unknown>\nE       #17 0x562a4f213646 <unknown>\nE       #18 0x7fcc3569ca94 <unknown>\nE       #19 0x7fcc35729c3c <unknown>\n\n/opt/hostedtoolcache/Python/3.11.11/x64/lib/python3.11/site-packages/selenium/webdriver/support/wait.py:95: TimeoutException",
    "steps" : [ {
      "name" : "Open a browser",
      "time" : {
        "start" : 1737856046669,
        "stop" : 1737856046889,
        "duration" : 220
      },
      "status" : "passed",
      "steps" : [ ],
      "attachments" : [ ],
      "parameters" : [ ],
      "stepsCount" : 0,
      "attachmentsCount" : 0,
      "shouldDisplayMessage" : false,
      "hasContent" : false
    }, {
      "name" : "Check clickability of the block 2 'home-t-shirts' in the section 2 in the Promo Block",
      "time" : {
        "start" : 1737856046890,
        "stop" : 1737856052005,
        "duration" : 5115
      },
      "status" : "broken",
      "statusMessage" : "selenium.common.exceptions.TimeoutException: Message: \nStacktrace:\n#0 0x562a4f2147ca <unknown>\n#1 0x562a4ed0c2f0 <unknown>\n#2 0x562a4ed5c035 <unknown>\n#3 0x562a4ed5c251 <unknown>\n#4 0x562a4eda2054 <unknown>\n#5 0x562a4ed809dd <unknown>\n#6 0x562a4ed9f3b3 <unknown>\n#7 0x562a4ed80753 <unknown>\n#8 0x562a4ed4dbaa <unknown>\n#9 0x562a4ed4edfe <unknown>\n#10 0x562a4f1df38b <unknown>\n#11 0x562a4f1e3307 <unknown>\n#12 0x562a4f1cbe7c <unknown>\n#13 0x562a4f1e3ec7 <unknown>\n#14 0x562a4f1b024f <unknown>\n#15 0x562a4f2032f8 <unknown>\n#16 0x562a4f2034c0 <unknown>\n#17 0x562a4f213646 <unknown>\n#18 0x7fcc3569ca94 <unknown>\n#19 0x7fcc35729c3c <unknown>\n\n",
      "statusTrace" : "  File \"/opt/hostedtoolcache/Python/3.11.11/x64/lib/python3.11/site-packages/allure_commons/_allure.py\", line 192, in impl\n    return func(*a, **kw)\n           ^^^^^^^^^^^^^^\n  File \"/home/runner/work/luma_project/luma_project/pages/main_page.py\", line 334, in check_section2_block2_clickability\n    section2_block2 = self.element_is_clickable(self.locators.SECTION_2_BLOCK_2)\n                      ^^^^^^^^^^^^^^^^^^^^^^^^^^^^^^^^^^^^^^^^^^^^^^^^^^^^^^^^^^\n  File \"/opt/hostedtoolcache/Python/3.11.11/x64/lib/python3.11/site-packages/allure_commons/_allure.py\", line 192, in impl\n    return func(*a, **kw)\n           ^^^^^^^^^^^^^^\n  File \"/home/runner/work/luma_project/luma_project/pages/base_page.py\", line 80, in element_is_clickable\n    return wait(self.driver, timeout).until(EC.element_to_be_clickable(locator))\n           ^^^^^^^^^^^^^^^^^^^^^^^^^^^^^^^^^^^^^^^^^^^^^^^^^^^^^^^^^^^^^^^^^^^^^\n  File \"/opt/hostedtoolcache/Python/3.11.11/x64/lib/python3.11/site-packages/selenium/webdriver/support/wait.py\", line 95, in until\n    raise TimeoutException(message, screen, stacktrace)\n",
      "steps" : [ {
        "name" : "Find clickable elements",
        "time" : {
          "start" : 1737856046890,
          "stop" : 1737856052004,
          "duration" : 5114
        },
        "status" : "broken",
        "statusMessage" : "selenium.common.exceptions.TimeoutException: Message: \nStacktrace:\n#0 0x562a4f2147ca <unknown>\n#1 0x562a4ed0c2f0 <unknown>\n#2 0x562a4ed5c035 <unknown>\n#3 0x562a4ed5c251 <unknown>\n#4 0x562a4eda2054 <unknown>\n#5 0x562a4ed809dd <unknown>\n#6 0x562a4ed9f3b3 <unknown>\n#7 0x562a4ed80753 <unknown>\n#8 0x562a4ed4dbaa <unknown>\n#9 0x562a4ed4edfe <unknown>\n#10 0x562a4f1df38b <unknown>\n#11 0x562a4f1e3307 <unknown>\n#12 0x562a4f1cbe7c <unknown>\n#13 0x562a4f1e3ec7 <unknown>\n#14 0x562a4f1b024f <unknown>\n#15 0x562a4f2032f8 <unknown>\n#16 0x562a4f2034c0 <unknown>\n#17 0x562a4f213646 <unknown>\n#18 0x7fcc3569ca94 <unknown>\n#19 0x7fcc35729c3c <unknown>\n\n",
        "statusTrace" : "  File \"/opt/hostedtoolcache/Python/3.11.11/x64/lib/python3.11/site-packages/allure_commons/_allure.py\", line 192, in impl\n    return func(*a, **kw)\n           ^^^^^^^^^^^^^^\n  File \"/home/runner/work/luma_project/luma_project/pages/base_page.py\", line 80, in element_is_clickable\n    return wait(self.driver, timeout).until(EC.element_to_be_clickable(locator))\n           ^^^^^^^^^^^^^^^^^^^^^^^^^^^^^^^^^^^^^^^^^^^^^^^^^^^^^^^^^^^^^^^^^^^^^\n  File \"/opt/hostedtoolcache/Python/3.11.11/x64/lib/python3.11/site-packages/selenium/webdriver/support/wait.py\", line 95, in until\n    raise TimeoutException(message, screen, stacktrace)\n",
        "steps" : [ ],
        "attachments" : [ ],
        "parameters" : [ {
          "name" : "locator",
          "value" : "('css selector', '.home-t-shirts')"
        }, {
          "name" : "timeout",
          "value" : "5"
        } ],
        "stepsCount" : 0,
        "attachmentsCount" : 0,
        "shouldDisplayMessage" : true,
        "hasContent" : true
      } ],
      "attachments" : [ ],
      "parameters" : [ ],
      "stepsCount" : 1,
      "attachmentsCount" : 0,
      "shouldDisplayMessage" : false,
      "hasContent" : true
    } ],
    "attachments" : [ {
      "uid" : "a8e31171d9c1167a",
      "name" : "Screenshot",
      "source" : "a8e31171d9c1167a.png",
      "type" : "image/png",
      "size" : 25650
    }, {
      "uid" : "a63315ae4f392042",
      "name" : "HTML source",
      "source" : "a63315ae4f392042.html",
      "type" : "text/html",
      "size" : 258745
    } ],
    "parameters" : [ ],
    "stepsCount" : 3,
    "attachmentsCount" : 2,
    "shouldDisplayMessage" : true,
    "hasContent" : true
  },
  "afterStages" : [ {
    "name" : "clear_allure_result_folder::0",
    "time" : {
      "start" : 1737857182853,
      "stop" : 1737857182853,
      "duration" : 0
    },
    "status" : "passed",
    "steps" : [ ],
    "attachments" : [ ],
    "parameters" : [ ],
    "stepsCount" : 0,
    "attachmentsCount" : 0,
    "shouldDisplayMessage" : false,
    "hasContent" : false
  }, {
    "name" : "driver::0",
    "time" : {
      "start" : 1737856052129,
      "stop" : 1737856052192,
      "duration" : 63
    },
    "status" : "passed",
    "steps" : [ ],
    "attachments" : [ ],
    "parameters" : [ ],
    "stepsCount" : 0,
    "attachmentsCount" : 0,
    "shouldDisplayMessage" : false,
    "hasContent" : false
  } ],
  "labels" : [ {
    "name" : "feature",
    "value" : "Promo Block Testing"
  }, {
    "name" : "epic",
    "value" : "Main Page"
  }, {
    "name" : "parentSuite",
    "value" : "tests"
  }, {
    "name" : "suite",
    "value" : "test_main_page"
  }, {
    "name" : "subSuite",
    "value" : "TestMainPage"
  }, {
    "name" : "host",
    "value" : "fv-az1922-652"
  }, {
    "name" : "thread",
    "value" : "2797-MainThread"
  }, {
    "name" : "framework",
    "value" : "pytest"
  }, {
    "name" : "language",
    "value" : "cpython3"
  }, {
    "name" : "package",
    "value" : "tests.test_main_page"
  }, {
    "name" : "resultFormat",
    "value" : "allure2"
  } ],
  "parameters" : [ ],
  "links" : [ ],
  "hidden" : false,
  "retry" : false,
  "extra" : {
    "severity" : "normal",
    "retries" : [ ],
    "categories" : [ {
      "name" : "Test defects",
      "matchedStatuses" : [ ],
      "flaky" : false
    } ],
    "tags" : [ ]
  },
  "source" : "cad5ad3aa403f36c.json",
  "parameterValues" : [ ]
}