{
  "uid" : "cf7085549e9870cc",
  "name" : "TC 13.01.54 - Check if block 5 'home-eco' in section 2 is clickablein the Promo Block on the main page",
  "fullName" : "tests.test_main_page.TestPromoBlock#test_tc_13_01_54_check_section2_block5_clickability",
  "historyId" : "79b9f19e40b54fa7289d08656f541a45",
  "time" : {
    "start" : 1734832374571,
    "stop" : 1734832380996,
    "duration" : 6425
  },
  "description" : "This test checks if block 5 'home-eco' in section 2 in Promo Block under header is clickable",
  "descriptionHtml" : "<p>This test checks if block 5 'home-eco' in section 2 in Promo Block under header is clickable</p>\n",
  "status" : "broken",
  "statusMessage" : "selenium.common.exceptions.TimeoutException: Message: \nStacktrace:\n#0 0x5571362ec31a <unknown>\n#1 0x557135e026e0 <unknown>\n#2 0x557135e513e6 <unknown>\n#3 0x557135e51681 <unknown>\n#4 0x557135e96b04 <unknown>\n#5 0x557135e7548d <unknown>\n#6 0x557135e93ed7 <unknown>\n#7 0x557135e75203 <unknown>\n#8 0x557135e43cc0 <unknown>\n#9 0x557135e44c9e <unknown>\n#10 0x5571362b9d0b <unknown>\n#11 0x5571362bdc92 <unknown>\n#12 0x5571362a6b3c <unknown>\n#13 0x5571362be807 <unknown>\n#14 0x55713628c0df <unknown>\n#15 0x5571362db578 <unknown>\n#16 0x5571362db740 <unknown>\n#17 0x5571362eb196 <unknown>\n#18 0x7fbcc889ca94 <unknown>\n#19 0x7fbcc8929c3c <unknown>",
  "statusTrace" : "self = <test_main_page.TestMainPage.TestPromoBlock object at 0x7f4b96512590>\ndriver = <selenium.webdriver.chrome.webdriver.WebDriver (session=\"78f82efd1786fd6f46909846f14d3b31\")>\n\n    @allure.title(\"TC 13.01.54 - Check if block 5 'home-eco' in section 2 is clickable\"\n                  \"in the Promo Block on the main page\")\n    def test_tc_13_01_54_check_section2_block5_clickability(self, driver):\n        \"\"\"This test checks if block 5 'home-eco' in section 2 in Promo Block under header is clickable\"\"\"\n        page = PromoBlock(driver, MAIN_PAGE_URL)\n        page.open()\n>       section2_block5 = page.check_section2_block5_clickability()\n\ntests/test_main_page.py:681: \n_ _ _ _ _ _ _ _ _ _ _ _ _ _ _ _ _ _ _ _ _ _ _ _ _ _ _ _ _ _ _ _ _ _ _ _ _ _ _ _ \npages/main_page.py:352: in check_section2_block5_clickability\n    section2_block5 = self.element_is_clickable(self.locators.SECTION_2_BLOCK_5)\npages/base_page.py:80: in element_is_clickable\n    return wait(self.driver, timeout).until(EC.element_to_be_clickable(locator))\n_ _ _ _ _ _ _ _ _ _ _ _ _ _ _ _ _ _ _ _ _ _ _ _ _ _ _ _ _ _ _ _ _ _ _ _ _ _ _ _ \n\nself = <selenium.webdriver.support.wait.WebDriverWait (session=\"78f82efd1786fd6f46909846f14d3b31\")>\nmethod = <function element_to_be_clickable.<locals>._predicate at 0x7f4b9641c2c0>\nmessage = ''\n\n    def until(self, method, message: str = \"\"):\n        \"\"\"Calls the method provided with the driver as an argument until the \\\n        return value does not evaluate to ``False``.\n    \n        :param method: callable(WebDriver)\n        :param message: optional message for :exc:`TimeoutException`\n        :returns: the result of the last call to `method`\n        :raises: :exc:`selenium.common.exceptions.TimeoutException` if timeout occurs\n        \"\"\"\n        screen = None\n        stacktrace = None\n    \n        end_time = time.monotonic() + self._timeout\n        while True:\n            try:\n                value = method(self._driver)\n                if value:\n                    return value\n            except self._ignored_exceptions as exc:\n                screen = getattr(exc, \"screen\", None)\n                stacktrace = getattr(exc, \"stacktrace\", None)\n            time.sleep(self._poll)\n            if time.monotonic() > end_time:\n                break\n>       raise TimeoutException(message, screen, stacktrace)\nE       selenium.common.exceptions.TimeoutException: Message: \nE       Stacktrace:\nE       #0 0x5571362ec31a <unknown>\nE       #1 0x557135e026e0 <unknown>\nE       #2 0x557135e513e6 <unknown>\nE       #3 0x557135e51681 <unknown>\nE       #4 0x557135e96b04 <unknown>\nE       #5 0x557135e7548d <unknown>\nE       #6 0x557135e93ed7 <unknown>\nE       #7 0x557135e75203 <unknown>\nE       #8 0x557135e43cc0 <unknown>\nE       #9 0x557135e44c9e <unknown>\nE       #10 0x5571362b9d0b <unknown>\nE       #11 0x5571362bdc92 <unknown>\nE       #12 0x5571362a6b3c <unknown>\nE       #13 0x5571362be807 <unknown>\nE       #14 0x55713628c0df <unknown>\nE       #15 0x5571362db578 <unknown>\nE       #16 0x5571362db740 <unknown>\nE       #17 0x5571362eb196 <unknown>\nE       #18 0x7fbcc889ca94 <unknown>\nE       #19 0x7fbcc8929c3c <unknown>\n\n/opt/hostedtoolcache/Python/3.11.11/x64/lib/python3.11/site-packages/selenium/webdriver/support/wait.py:95: TimeoutException",
  "flaky" : false,
  "newFailed" : false,
  "beforeStages" : [ {
    "name" : "driver",
    "time" : {
      "start" : 1734832373308,
      "stop" : 1734832374571,
      "duration" : 1263
    },
    "status" : "passed",
    "steps" : [ ],
    "attachments" : [ ],
    "parameters" : [ ],
    "stepsCount" : 0,
    "attachmentsCount" : 0,
    "shouldDisplayMessage" : false,
    "hasContent" : false
  }, {
    "name" : "clear_allure_result_folder",
    "time" : {
      "start" : 1734831518879,
      "stop" : 1734831518879,
      "duration" : 0
    },
    "status" : "passed",
    "steps" : [ ],
    "attachments" : [ ],
    "parameters" : [ ],
    "stepsCount" : 0,
    "attachmentsCount" : 0,
    "shouldDisplayMessage" : false,
    "hasContent" : false
  }, {
    "name" : "_session_faker",
    "time" : {
      "start" : 1734831518817,
      "stop" : 1734831518878,
      "duration" : 61
    },
    "status" : "passed",
    "steps" : [ ],
    "attachments" : [ ],
    "parameters" : [ ],
    "stepsCount" : 0,
    "attachmentsCount" : 0,
    "shouldDisplayMessage" : false,
    "hasContent" : false
  } ],
  "testStage" : {
    "description" : "This test checks if block 5 'home-eco' in section 2 in Promo Block under header is clickable",
    "status" : "broken",
    "statusMessage" : "selenium.common.exceptions.TimeoutException: Message: \nStacktrace:\n#0 0x5571362ec31a <unknown>\n#1 0x557135e026e0 <unknown>\n#2 0x557135e513e6 <unknown>\n#3 0x557135e51681 <unknown>\n#4 0x557135e96b04 <unknown>\n#5 0x557135e7548d <unknown>\n#6 0x557135e93ed7 <unknown>\n#7 0x557135e75203 <unknown>\n#8 0x557135e43cc0 <unknown>\n#9 0x557135e44c9e <unknown>\n#10 0x5571362b9d0b <unknown>\n#11 0x5571362bdc92 <unknown>\n#12 0x5571362a6b3c <unknown>\n#13 0x5571362be807 <unknown>\n#14 0x55713628c0df <unknown>\n#15 0x5571362db578 <unknown>\n#16 0x5571362db740 <unknown>\n#17 0x5571362eb196 <unknown>\n#18 0x7fbcc889ca94 <unknown>\n#19 0x7fbcc8929c3c <unknown>",
    "statusTrace" : "self = <test_main_page.TestMainPage.TestPromoBlock object at 0x7f4b96512590>\ndriver = <selenium.webdriver.chrome.webdriver.WebDriver (session=\"78f82efd1786fd6f46909846f14d3b31\")>\n\n    @allure.title(\"TC 13.01.54 - Check if block 5 'home-eco' in section 2 is clickable\"\n                  \"in the Promo Block on the main page\")\n    def test_tc_13_01_54_check_section2_block5_clickability(self, driver):\n        \"\"\"This test checks if block 5 'home-eco' in section 2 in Promo Block under header is clickable\"\"\"\n        page = PromoBlock(driver, MAIN_PAGE_URL)\n        page.open()\n>       section2_block5 = page.check_section2_block5_clickability()\n\ntests/test_main_page.py:681: \n_ _ _ _ _ _ _ _ _ _ _ _ _ _ _ _ _ _ _ _ _ _ _ _ _ _ _ _ _ _ _ _ _ _ _ _ _ _ _ _ \npages/main_page.py:352: in check_section2_block5_clickability\n    section2_block5 = self.element_is_clickable(self.locators.SECTION_2_BLOCK_5)\npages/base_page.py:80: in element_is_clickable\n    return wait(self.driver, timeout).until(EC.element_to_be_clickable(locator))\n_ _ _ _ _ _ _ _ _ _ _ _ _ _ _ _ _ _ _ _ _ _ _ _ _ _ _ _ _ _ _ _ _ _ _ _ _ _ _ _ \n\nself = <selenium.webdriver.support.wait.WebDriverWait (session=\"78f82efd1786fd6f46909846f14d3b31\")>\nmethod = <function element_to_be_clickable.<locals>._predicate at 0x7f4b9641c2c0>\nmessage = ''\n\n    def until(self, method, message: str = \"\"):\n        \"\"\"Calls the method provided with the driver as an argument until the \\\n        return value does not evaluate to ``False``.\n    \n        :param method: callable(WebDriver)\n        :param message: optional message for :exc:`TimeoutException`\n        :returns: the result of the last call to `method`\n        :raises: :exc:`selenium.common.exceptions.TimeoutException` if timeout occurs\n        \"\"\"\n        screen = None\n        stacktrace = None\n    \n        end_time = time.monotonic() + self._timeout\n        while True:\n            try:\n                value = method(self._driver)\n                if value:\n                    return value\n            except self._ignored_exceptions as exc:\n                screen = getattr(exc, \"screen\", None)\n                stacktrace = getattr(exc, \"stacktrace\", None)\n            time.sleep(self._poll)\n            if time.monotonic() > end_time:\n                break\n>       raise TimeoutException(message, screen, stacktrace)\nE       selenium.common.exceptions.TimeoutException: Message: \nE       Stacktrace:\nE       #0 0x5571362ec31a <unknown>\nE       #1 0x557135e026e0 <unknown>\nE       #2 0x557135e513e6 <unknown>\nE       #3 0x557135e51681 <unknown>\nE       #4 0x557135e96b04 <unknown>\nE       #5 0x557135e7548d <unknown>\nE       #6 0x557135e93ed7 <unknown>\nE       #7 0x557135e75203 <unknown>\nE       #8 0x557135e43cc0 <unknown>\nE       #9 0x557135e44c9e <unknown>\nE       #10 0x5571362b9d0b <unknown>\nE       #11 0x5571362bdc92 <unknown>\nE       #12 0x5571362a6b3c <unknown>\nE       #13 0x5571362be807 <unknown>\nE       #14 0x55713628c0df <unknown>\nE       #15 0x5571362db578 <unknown>\nE       #16 0x5571362db740 <unknown>\nE       #17 0x5571362eb196 <unknown>\nE       #18 0x7fbcc889ca94 <unknown>\nE       #19 0x7fbcc8929c3c <unknown>\n\n/opt/hostedtoolcache/Python/3.11.11/x64/lib/python3.11/site-packages/selenium/webdriver/support/wait.py:95: TimeoutException",
    "steps" : [ {
      "name" : "Open a browser",
      "time" : {
        "start" : 1734832374572,
        "stop" : 1734832375855,
        "duration" : 1283
      },
      "status" : "passed",
      "steps" : [ ],
      "attachments" : [ ],
      "parameters" : [ ],
      "stepsCount" : 0,
      "attachmentsCount" : 0,
      "shouldDisplayMessage" : false,
      "hasContent" : false
    }, {
      "name" : "Check clickability of the block 5 'home-eco' in the section 2 in the Promo Block",
      "time" : {
        "start" : 1734832375855,
        "stop" : 1734832380996,
        "duration" : 5141
      },
      "status" : "broken",
      "statusMessage" : "selenium.common.exceptions.TimeoutException: Message: \nStacktrace:\n#0 0x5571362ec31a <unknown>\n#1 0x557135e026e0 <unknown>\n#2 0x557135e513e6 <unknown>\n#3 0x557135e51681 <unknown>\n#4 0x557135e96b04 <unknown>\n#5 0x557135e7548d <unknown>\n#6 0x557135e93ed7 <unknown>\n#7 0x557135e75203 <unknown>\n#8 0x557135e43cc0 <unknown>\n#9 0x557135e44c9e <unknown>\n#10 0x5571362b9d0b <unknown>\n#11 0x5571362bdc92 <unknown>\n#12 0x5571362a6b3c <unknown>\n#13 0x5571362be807 <unknown>\n#14 0x55713628c0df <unknown>\n#15 0x5571362db578 <unknown>\n#16 0x5571362db740 <unknown>\n#17 0x5571362eb196 <unknown>\n#18 0x7fbcc889ca94 <unknown>\n#19 0x7fbcc8929c3c <unknown>\n\n",
      "statusTrace" : "  File \"/opt/hostedtoolcache/Python/3.11.11/x64/lib/python3.11/site-packages/allure_commons/_allure.py\", line 192, in impl\n    return func(*a, **kw)\n           ^^^^^^^^^^^^^^\n  File \"/home/runner/work/luma_project/luma_project/pages/main_page.py\", line 352, in check_section2_block5_clickability\n    section2_block5 = self.element_is_clickable(self.locators.SECTION_2_BLOCK_5)\n                      ^^^^^^^^^^^^^^^^^^^^^^^^^^^^^^^^^^^^^^^^^^^^^^^^^^^^^^^^^^\n  File \"/opt/hostedtoolcache/Python/3.11.11/x64/lib/python3.11/site-packages/allure_commons/_allure.py\", line 192, in impl\n    return func(*a, **kw)\n           ^^^^^^^^^^^^^^\n  File \"/home/runner/work/luma_project/luma_project/pages/base_page.py\", line 80, in element_is_clickable\n    return wait(self.driver, timeout).until(EC.element_to_be_clickable(locator))\n           ^^^^^^^^^^^^^^^^^^^^^^^^^^^^^^^^^^^^^^^^^^^^^^^^^^^^^^^^^^^^^^^^^^^^^\n  File \"/opt/hostedtoolcache/Python/3.11.11/x64/lib/python3.11/site-packages/selenium/webdriver/support/wait.py\", line 95, in until\n    raise TimeoutException(message, screen, stacktrace)\n",
      "steps" : [ {
        "name" : "Find clickable elements",
        "time" : {
          "start" : 1734832375855,
          "stop" : 1734832380995,
          "duration" : 5140
        },
        "status" : "broken",
        "statusMessage" : "selenium.common.exceptions.TimeoutException: Message: \nStacktrace:\n#0 0x5571362ec31a <unknown>\n#1 0x557135e026e0 <unknown>\n#2 0x557135e513e6 <unknown>\n#3 0x557135e51681 <unknown>\n#4 0x557135e96b04 <unknown>\n#5 0x557135e7548d <unknown>\n#6 0x557135e93ed7 <unknown>\n#7 0x557135e75203 <unknown>\n#8 0x557135e43cc0 <unknown>\n#9 0x557135e44c9e <unknown>\n#10 0x5571362b9d0b <unknown>\n#11 0x5571362bdc92 <unknown>\n#12 0x5571362a6b3c <unknown>\n#13 0x5571362be807 <unknown>\n#14 0x55713628c0df <unknown>\n#15 0x5571362db578 <unknown>\n#16 0x5571362db740 <unknown>\n#17 0x5571362eb196 <unknown>\n#18 0x7fbcc889ca94 <unknown>\n#19 0x7fbcc8929c3c <unknown>\n\n",
        "statusTrace" : "  File \"/opt/hostedtoolcache/Python/3.11.11/x64/lib/python3.11/site-packages/allure_commons/_allure.py\", line 192, in impl\n    return func(*a, **kw)\n           ^^^^^^^^^^^^^^\n  File \"/home/runner/work/luma_project/luma_project/pages/base_page.py\", line 80, in element_is_clickable\n    return wait(self.driver, timeout).until(EC.element_to_be_clickable(locator))\n           ^^^^^^^^^^^^^^^^^^^^^^^^^^^^^^^^^^^^^^^^^^^^^^^^^^^^^^^^^^^^^^^^^^^^^\n  File \"/opt/hostedtoolcache/Python/3.11.11/x64/lib/python3.11/site-packages/selenium/webdriver/support/wait.py\", line 95, in until\n    raise TimeoutException(message, screen, stacktrace)\n",
        "steps" : [ ],
        "attachments" : [ ],
        "parameters" : [ {
          "name" : "locator",
          "value" : "('css selector', '.home-eco')"
        }, {
          "name" : "timeout",
          "value" : "5"
        } ],
        "stepsCount" : 0,
        "attachmentsCount" : 0,
        "shouldDisplayMessage" : true,
        "hasContent" : true
      } ],
      "attachments" : [ ],
      "parameters" : [ ],
      "stepsCount" : 1,
      "attachmentsCount" : 0,
      "shouldDisplayMessage" : false,
      "hasContent" : true
    } ],
    "attachments" : [ {
      "uid" : "886465c616cc505b",
      "name" : "Screenshot",
      "source" : "886465c616cc505b.png",
      "type" : "image/png",
      "size" : 548028
    }, {
      "uid" : "6df3e4288a5c5b97",
      "name" : "HTML source",
      "source" : "6df3e4288a5c5b97.html",
      "type" : "text/html",
      "size" : 144115
    } ],
    "parameters" : [ ],
    "stepsCount" : 3,
    "attachmentsCount" : 2,
    "shouldDisplayMessage" : true,
    "hasContent" : true
  },
  "afterStages" : [ {
    "name" : "driver::0",
    "time" : {
      "start" : 1734832381831,
      "stop" : 1734832381939,
      "duration" : 108
    },
    "status" : "passed",
    "steps" : [ ],
    "attachments" : [ ],
    "parameters" : [ ],
    "stepsCount" : 0,
    "attachmentsCount" : 0,
    "shouldDisplayMessage" : false,
    "hasContent" : false
  }, {
    "name" : "clear_allure_result_folder::0",
    "time" : {
      "start" : 1734833003282,
      "stop" : 1734833003282,
      "duration" : 0
    },
    "status" : "passed",
    "steps" : [ ],
    "attachments" : [ ],
    "parameters" : [ ],
    "stepsCount" : 0,
    "attachmentsCount" : 0,
    "shouldDisplayMessage" : false,
    "hasContent" : false
  } ],
  "labels" : [ {
    "name" : "epic",
    "value" : "Main Page"
  }, {
    "name" : "feature",
    "value" : "Promo Block Testing"
  }, {
    "name" : "parentSuite",
    "value" : "tests"
  }, {
    "name" : "suite",
    "value" : "test_main_page"
  }, {
    "name" : "subSuite",
    "value" : "TestMainPage"
  }, {
    "name" : "host",
    "value" : "fv-az1307-152"
  }, {
    "name" : "thread",
    "value" : "2800-MainThread"
  }, {
    "name" : "framework",
    "value" : "pytest"
  }, {
    "name" : "language",
    "value" : "cpython3"
  }, {
    "name" : "package",
    "value" : "tests.test_main_page"
  }, {
    "name" : "resultFormat",
    "value" : "allure2"
  } ],
  "parameters" : [ ],
  "links" : [ ],
  "hidden" : false,
  "retry" : false,
  "extra" : {
    "severity" : "normal",
    "retries" : [ ],
    "categories" : [ {
      "name" : "Test defects",
      "matchedStatuses" : [ ],
      "flaky" : false
    } ],
    "tags" : [ ]
  },
  "source" : "cf7085549e9870cc.json",
  "parameterValues" : [ ]
}