{
  "uid" : "ddb7a7c7810b0018",
  "name" : "TC 14.04.04 Verify the link 'Shorts' is visible and clickable.",
  "fullName" : "tests.test_men.TestMenPage#test_tc_14_04_04",
  "historyId" : "ba331ee3e13ba0e93ebd4d810013f400",
  "time" : {
    "start" : 1737856237911,
    "stop" : 1737856243255,
    "duration" : 5344
  },
  "description" : "Verify that the link 'Shorts' is displayed and clickable",
  "descriptionHtml" : "<p>Verify that the link 'Shorts' is displayed and clickable</p>\n",
  "status" : "broken",
  "statusMessage" : "selenium.common.exceptions.TimeoutException: Message: \nStacktrace:\n#0 0x56273900a7ca <unknown>\n#1 0x562738b022f0 <unknown>\n#2 0x562738b52035 <unknown>\n#3 0x562738b52251 <unknown>\n#4 0x562738b98054 <unknown>\n#5 0x562738b769dd <unknown>\n#6 0x562738b953b3 <unknown>\n#7 0x562738b76753 <unknown>\n#8 0x562738b43baa <unknown>\n#9 0x562738b44dfe <unknown>\n#10 0x562738fd538b <unknown>\n#11 0x562738fd9307 <unknown>\n#12 0x562738fc1e7c <unknown>\n#13 0x562738fd9ec7 <unknown>\n#14 0x562738fa624f <unknown>\n#15 0x562738ff92f8 <unknown>\n#16 0x562738ff94c0 <unknown>\n#17 0x562739009646 <unknown>\n#18 0x7f102869ca94 <unknown>\n#19 0x7f1028729c3c <unknown>",
  "statusTrace" : "self = <test_men.TestMenPage object at 0x7fc2e7426f50>\ndriver = <selenium.webdriver.chrome.webdriver.WebDriver (session=\"a0748f6424311f8c6e57ce848875b902\")>\n\n    @allure.title(\"TC 14.04.04 Verify the link 'Shorts' is visible and clickable.\")\n    def test_tc_14_04_04(self, driver):\n        \"\"\"Verify that the link 'Shorts' is displayed and clickable\"\"\"\n        page = MenPage(driver, MEN_PAGE_URL)\n        page.open()\n>       link = page.verify_shorts_link_is_visible_and_clickable()\n\ntests/test_men.py:147: \n_ _ _ _ _ _ _ _ _ _ _ _ _ _ _ _ _ _ _ _ _ _ _ _ _ _ _ _ _ _ _ _ _ _ _ _ _ _ _ _ \npages/men_page.py:157: in verify_shorts_link_is_visible_and_clickable\n    element = self.element_is_visible(self.side_bar_locators.SIDE_BAR_SHORTS)\npages/base_page.py:29: in element_is_visible\n    self.go_to_element(self.element_is_present(locator))\npages/base_page.py:50: in element_is_present\n    return wait(self.driver, timeout).until(EC.presence_of_element_located(locator))\n_ _ _ _ _ _ _ _ _ _ _ _ _ _ _ _ _ _ _ _ _ _ _ _ _ _ _ _ _ _ _ _ _ _ _ _ _ _ _ _ \n\nself = <selenium.webdriver.support.wait.WebDriverWait (session=\"a0748f6424311f8c6e57ce848875b902\")>\nmethod = <function presence_of_element_located.<locals>._predicate at 0x7fc2e76b71a0>\nmessage = ''\n\n    def until(self, method, message: str = \"\"):\n        \"\"\"Calls the method provided with the driver as an argument until the \\\n        return value does not evaluate to ``False``.\n    \n        :param method: callable(WebDriver)\n        :param message: optional message for :exc:`TimeoutException`\n        :returns: the result of the last call to `method`\n        :raises: :exc:`selenium.common.exceptions.TimeoutException` if timeout occurs\n        \"\"\"\n        screen = None\n        stacktrace = None\n    \n        end_time = time.monotonic() + self._timeout\n        while True:\n            try:\n                value = method(self._driver)\n                if value:\n                    return value\n            except self._ignored_exceptions as exc:\n                screen = getattr(exc, \"screen\", None)\n                stacktrace = getattr(exc, \"stacktrace\", None)\n            time.sleep(self._poll)\n            if time.monotonic() > end_time:\n                break\n>       raise TimeoutException(message, screen, stacktrace)\nE       selenium.common.exceptions.TimeoutException: Message: \nE       Stacktrace:\nE       #0 0x56273900a7ca <unknown>\nE       #1 0x562738b022f0 <unknown>\nE       #2 0x562738b52035 <unknown>\nE       #3 0x562738b52251 <unknown>\nE       #4 0x562738b98054 <unknown>\nE       #5 0x562738b769dd <unknown>\nE       #6 0x562738b953b3 <unknown>\nE       #7 0x562738b76753 <unknown>\nE       #8 0x562738b43baa <unknown>\nE       #9 0x562738b44dfe <unknown>\nE       #10 0x562738fd538b <unknown>\nE       #11 0x562738fd9307 <unknown>\nE       #12 0x562738fc1e7c <unknown>\nE       #13 0x562738fd9ec7 <unknown>\nE       #14 0x562738fa624f <unknown>\nE       #15 0x562738ff92f8 <unknown>\nE       #16 0x562738ff94c0 <unknown>\nE       #17 0x562739009646 <unknown>\nE       #18 0x7f102869ca94 <unknown>\nE       #19 0x7f1028729c3c <unknown>\n\n/opt/hostedtoolcache/Python/3.11.11/x64/lib/python3.11/site-packages/selenium/webdriver/support/wait.py:95: TimeoutException",
  "flaky" : false,
  "newFailed" : false,
  "beforeStages" : [ {
    "name" : "clear_allure_result_folder",
    "time" : {
      "start" : 1737854757354,
      "stop" : 1737854757354,
      "duration" : 0
    },
    "status" : "passed",
    "steps" : [ ],
    "attachments" : [ ],
    "parameters" : [ ],
    "stepsCount" : 0,
    "attachmentsCount" : 0,
    "shouldDisplayMessage" : false,
    "hasContent" : false
  }, {
    "name" : "driver",
    "time" : {
      "start" : 1737856236640,
      "stop" : 1737856237911,
      "duration" : 1271
    },
    "status" : "passed",
    "steps" : [ ],
    "attachments" : [ ],
    "parameters" : [ ],
    "stepsCount" : 0,
    "attachmentsCount" : 0,
    "shouldDisplayMessage" : false,
    "hasContent" : false
  }, {
    "name" : "_session_faker",
    "time" : {
      "start" : 1737854757290,
      "stop" : 1737854757353,
      "duration" : 63
    },
    "status" : "passed",
    "steps" : [ ],
    "attachments" : [ ],
    "parameters" : [ ],
    "stepsCount" : 0,
    "attachmentsCount" : 0,
    "shouldDisplayMessage" : false,
    "hasContent" : false
  } ],
  "testStage" : {
    "description" : "Verify that the link 'Shorts' is displayed and clickable",
    "status" : "broken",
    "statusMessage" : "selenium.common.exceptions.TimeoutException: Message: \nStacktrace:\n#0 0x56273900a7ca <unknown>\n#1 0x562738b022f0 <unknown>\n#2 0x562738b52035 <unknown>\n#3 0x562738b52251 <unknown>\n#4 0x562738b98054 <unknown>\n#5 0x562738b769dd <unknown>\n#6 0x562738b953b3 <unknown>\n#7 0x562738b76753 <unknown>\n#8 0x562738b43baa <unknown>\n#9 0x562738b44dfe <unknown>\n#10 0x562738fd538b <unknown>\n#11 0x562738fd9307 <unknown>\n#12 0x562738fc1e7c <unknown>\n#13 0x562738fd9ec7 <unknown>\n#14 0x562738fa624f <unknown>\n#15 0x562738ff92f8 <unknown>\n#16 0x562738ff94c0 <unknown>\n#17 0x562739009646 <unknown>\n#18 0x7f102869ca94 <unknown>\n#19 0x7f1028729c3c <unknown>",
    "statusTrace" : "self = <test_men.TestMenPage object at 0x7fc2e7426f50>\ndriver = <selenium.webdriver.chrome.webdriver.WebDriver (session=\"a0748f6424311f8c6e57ce848875b902\")>\n\n    @allure.title(\"TC 14.04.04 Verify the link 'Shorts' is visible and clickable.\")\n    def test_tc_14_04_04(self, driver):\n        \"\"\"Verify that the link 'Shorts' is displayed and clickable\"\"\"\n        page = MenPage(driver, MEN_PAGE_URL)\n        page.open()\n>       link = page.verify_shorts_link_is_visible_and_clickable()\n\ntests/test_men.py:147: \n_ _ _ _ _ _ _ _ _ _ _ _ _ _ _ _ _ _ _ _ _ _ _ _ _ _ _ _ _ _ _ _ _ _ _ _ _ _ _ _ \npages/men_page.py:157: in verify_shorts_link_is_visible_and_clickable\n    element = self.element_is_visible(self.side_bar_locators.SIDE_BAR_SHORTS)\npages/base_page.py:29: in element_is_visible\n    self.go_to_element(self.element_is_present(locator))\npages/base_page.py:50: in element_is_present\n    return wait(self.driver, timeout).until(EC.presence_of_element_located(locator))\n_ _ _ _ _ _ _ _ _ _ _ _ _ _ _ _ _ _ _ _ _ _ _ _ _ _ _ _ _ _ _ _ _ _ _ _ _ _ _ _ \n\nself = <selenium.webdriver.support.wait.WebDriverWait (session=\"a0748f6424311f8c6e57ce848875b902\")>\nmethod = <function presence_of_element_located.<locals>._predicate at 0x7fc2e76b71a0>\nmessage = ''\n\n    def until(self, method, message: str = \"\"):\n        \"\"\"Calls the method provided with the driver as an argument until the \\\n        return value does not evaluate to ``False``.\n    \n        :param method: callable(WebDriver)\n        :param message: optional message for :exc:`TimeoutException`\n        :returns: the result of the last call to `method`\n        :raises: :exc:`selenium.common.exceptions.TimeoutException` if timeout occurs\n        \"\"\"\n        screen = None\n        stacktrace = None\n    \n        end_time = time.monotonic() + self._timeout\n        while True:\n            try:\n                value = method(self._driver)\n                if value:\n                    return value\n            except self._ignored_exceptions as exc:\n                screen = getattr(exc, \"screen\", None)\n                stacktrace = getattr(exc, \"stacktrace\", None)\n            time.sleep(self._poll)\n            if time.monotonic() > end_time:\n                break\n>       raise TimeoutException(message, screen, stacktrace)\nE       selenium.common.exceptions.TimeoutException: Message: \nE       Stacktrace:\nE       #0 0x56273900a7ca <unknown>\nE       #1 0x562738b022f0 <unknown>\nE       #2 0x562738b52035 <unknown>\nE       #3 0x562738b52251 <unknown>\nE       #4 0x562738b98054 <unknown>\nE       #5 0x562738b769dd <unknown>\nE       #6 0x562738b953b3 <unknown>\nE       #7 0x562738b76753 <unknown>\nE       #8 0x562738b43baa <unknown>\nE       #9 0x562738b44dfe <unknown>\nE       #10 0x562738fd538b <unknown>\nE       #11 0x562738fd9307 <unknown>\nE       #12 0x562738fc1e7c <unknown>\nE       #13 0x562738fd9ec7 <unknown>\nE       #14 0x562738fa624f <unknown>\nE       #15 0x562738ff92f8 <unknown>\nE       #16 0x562738ff94c0 <unknown>\nE       #17 0x562739009646 <unknown>\nE       #18 0x7f102869ca94 <unknown>\nE       #19 0x7f1028729c3c <unknown>\n\n/opt/hostedtoolcache/Python/3.11.11/x64/lib/python3.11/site-packages/selenium/webdriver/support/wait.py:95: TimeoutException",
    "steps" : [ {
      "name" : "Open a browser",
      "time" : {
        "start" : 1737856237912,
        "stop" : 1737856238138,
        "duration" : 226
      },
      "status" : "passed",
      "steps" : [ ],
      "attachments" : [ ],
      "parameters" : [ ],
      "stepsCount" : 0,
      "attachmentsCount" : 0,
      "shouldDisplayMessage" : false,
      "hasContent" : false
    }, {
      "name" : "Find clickable elements link 'Shorts' on Men page",
      "time" : {
        "start" : 1737856238138,
        "stop" : 1737856243254,
        "duration" : 5116
      },
      "status" : "broken",
      "statusMessage" : "selenium.common.exceptions.TimeoutException: Message: \nStacktrace:\n#0 0x56273900a7ca <unknown>\n#1 0x562738b022f0 <unknown>\n#2 0x562738b52035 <unknown>\n#3 0x562738b52251 <unknown>\n#4 0x562738b98054 <unknown>\n#5 0x562738b769dd <unknown>\n#6 0x562738b953b3 <unknown>\n#7 0x562738b76753 <unknown>\n#8 0x562738b43baa <unknown>\n#9 0x562738b44dfe <unknown>\n#10 0x562738fd538b <unknown>\n#11 0x562738fd9307 <unknown>\n#12 0x562738fc1e7c <unknown>\n#13 0x562738fd9ec7 <unknown>\n#14 0x562738fa624f <unknown>\n#15 0x562738ff92f8 <unknown>\n#16 0x562738ff94c0 <unknown>\n#17 0x562739009646 <unknown>\n#18 0x7f102869ca94 <unknown>\n#19 0x7f1028729c3c <unknown>\n\n",
      "statusTrace" : "  File \"/opt/hostedtoolcache/Python/3.11.11/x64/lib/python3.11/site-packages/allure_commons/_allure.py\", line 192, in impl\n    return func(*a, **kw)\n           ^^^^^^^^^^^^^^\n  File \"/home/runner/work/luma_project/luma_project/pages/men_page.py\", line 157, in verify_shorts_link_is_visible_and_clickable\n    element = self.element_is_visible(self.side_bar_locators.SIDE_BAR_SHORTS)\n              ^^^^^^^^^^^^^^^^^^^^^^^^^^^^^^^^^^^^^^^^^^^^^^^^^^^^^^^^^^^^^^^\n  File \"/opt/hostedtoolcache/Python/3.11.11/x64/lib/python3.11/site-packages/allure_commons/_allure.py\", line 192, in impl\n    return func(*a, **kw)\n           ^^^^^^^^^^^^^^\n  File \"/home/runner/work/luma_project/luma_project/pages/base_page.py\", line 29, in element_is_visible\n    self.go_to_element(self.element_is_present(locator))\n                       ^^^^^^^^^^^^^^^^^^^^^^^^^^^^^^^^\n  File \"/opt/hostedtoolcache/Python/3.11.11/x64/lib/python3.11/site-packages/allure_commons/_allure.py\", line 192, in impl\n    return func(*a, **kw)\n           ^^^^^^^^^^^^^^\n  File \"/home/runner/work/luma_project/luma_project/pages/base_page.py\", line 50, in element_is_present\n    return wait(self.driver, timeout).until(EC.presence_of_element_located(locator))\n           ^^^^^^^^^^^^^^^^^^^^^^^^^^^^^^^^^^^^^^^^^^^^^^^^^^^^^^^^^^^^^^^^^^^^^^^^^\n  File \"/opt/hostedtoolcache/Python/3.11.11/x64/lib/python3.11/site-packages/selenium/webdriver/support/wait.py\", line 95, in until\n    raise TimeoutException(message, screen, stacktrace)\n",
      "steps" : [ {
        "name" : "Find a visible element",
        "time" : {
          "start" : 1737856238138,
          "stop" : 1737856243254,
          "duration" : 5116
        },
        "status" : "broken",
        "statusMessage" : "selenium.common.exceptions.TimeoutException: Message: \nStacktrace:\n#0 0x56273900a7ca <unknown>\n#1 0x562738b022f0 <unknown>\n#2 0x562738b52035 <unknown>\n#3 0x562738b52251 <unknown>\n#4 0x562738b98054 <unknown>\n#5 0x562738b769dd <unknown>\n#6 0x562738b953b3 <unknown>\n#7 0x562738b76753 <unknown>\n#8 0x562738b43baa <unknown>\n#9 0x562738b44dfe <unknown>\n#10 0x562738fd538b <unknown>\n#11 0x562738fd9307 <unknown>\n#12 0x562738fc1e7c <unknown>\n#13 0x562738fd9ec7 <unknown>\n#14 0x562738fa624f <unknown>\n#15 0x562738ff92f8 <unknown>\n#16 0x562738ff94c0 <unknown>\n#17 0x562739009646 <unknown>\n#18 0x7f102869ca94 <unknown>\n#19 0x7f1028729c3c <unknown>\n\n",
        "statusTrace" : "  File \"/opt/hostedtoolcache/Python/3.11.11/x64/lib/python3.11/site-packages/allure_commons/_allure.py\", line 192, in impl\n    return func(*a, **kw)\n           ^^^^^^^^^^^^^^\n  File \"/home/runner/work/luma_project/luma_project/pages/base_page.py\", line 29, in element_is_visible\n    self.go_to_element(self.element_is_present(locator))\n                       ^^^^^^^^^^^^^^^^^^^^^^^^^^^^^^^^\n  File \"/opt/hostedtoolcache/Python/3.11.11/x64/lib/python3.11/site-packages/allure_commons/_allure.py\", line 192, in impl\n    return func(*a, **kw)\n           ^^^^^^^^^^^^^^\n  File \"/home/runner/work/luma_project/luma_project/pages/base_page.py\", line 50, in element_is_present\n    return wait(self.driver, timeout).until(EC.presence_of_element_located(locator))\n           ^^^^^^^^^^^^^^^^^^^^^^^^^^^^^^^^^^^^^^^^^^^^^^^^^^^^^^^^^^^^^^^^^^^^^^^^^\n  File \"/opt/hostedtoolcache/Python/3.11.11/x64/lib/python3.11/site-packages/selenium/webdriver/support/wait.py\", line 95, in until\n    raise TimeoutException(message, screen, stacktrace)\n",
        "steps" : [ {
          "name" : "Find a present element",
          "time" : {
            "start" : 1737856238138,
            "stop" : 1737856243254,
            "duration" : 5116
          },
          "status" : "broken",
          "statusMessage" : "selenium.common.exceptions.TimeoutException: Message: \nStacktrace:\n#0 0x56273900a7ca <unknown>\n#1 0x562738b022f0 <unknown>\n#2 0x562738b52035 <unknown>\n#3 0x562738b52251 <unknown>\n#4 0x562738b98054 <unknown>\n#5 0x562738b769dd <unknown>\n#6 0x562738b953b3 <unknown>\n#7 0x562738b76753 <unknown>\n#8 0x562738b43baa <unknown>\n#9 0x562738b44dfe <unknown>\n#10 0x562738fd538b <unknown>\n#11 0x562738fd9307 <unknown>\n#12 0x562738fc1e7c <unknown>\n#13 0x562738fd9ec7 <unknown>\n#14 0x562738fa624f <unknown>\n#15 0x562738ff92f8 <unknown>\n#16 0x562738ff94c0 <unknown>\n#17 0x562739009646 <unknown>\n#18 0x7f102869ca94 <unknown>\n#19 0x7f1028729c3c <unknown>\n\n",
          "statusTrace" : "  File \"/opt/hostedtoolcache/Python/3.11.11/x64/lib/python3.11/site-packages/allure_commons/_allure.py\", line 192, in impl\n    return func(*a, **kw)\n           ^^^^^^^^^^^^^^\n  File \"/home/runner/work/luma_project/luma_project/pages/base_page.py\", line 50, in element_is_present\n    return wait(self.driver, timeout).until(EC.presence_of_element_located(locator))\n           ^^^^^^^^^^^^^^^^^^^^^^^^^^^^^^^^^^^^^^^^^^^^^^^^^^^^^^^^^^^^^^^^^^^^^^^^^\n  File \"/opt/hostedtoolcache/Python/3.11.11/x64/lib/python3.11/site-packages/selenium/webdriver/support/wait.py\", line 95, in until\n    raise TimeoutException(message, screen, stacktrace)\n",
          "steps" : [ ],
          "attachments" : [ ],
          "parameters" : [ {
            "name" : "locator",
            "value" : "('xpath', '//*[@id=\"maincontent\"]/div[4]/div[2]/div[2]/div/ul[2]/li[2]/a')"
          }, {
            "name" : "timeout",
            "value" : "5"
          } ],
          "stepsCount" : 0,
          "attachmentsCount" : 0,
          "shouldDisplayMessage" : true,
          "hasContent" : true
        } ],
        "attachments" : [ ],
        "parameters" : [ {
          "name" : "locator",
          "value" : "('xpath', '//*[@id=\"maincontent\"]/div[4]/div[2]/div[2]/div/ul[2]/li[2]/a')"
        }, {
          "name" : "timeout",
          "value" : "10"
        } ],
        "stepsCount" : 1,
        "attachmentsCount" : 0,
        "shouldDisplayMessage" : false,
        "hasContent" : true
      } ],
      "attachments" : [ ],
      "parameters" : [ ],
      "stepsCount" : 2,
      "attachmentsCount" : 0,
      "shouldDisplayMessage" : false,
      "hasContent" : true
    } ],
    "attachments" : [ {
      "uid" : "bf13756fa36799e9",
      "name" : "Screenshot",
      "source" : "bf13756fa36799e9.png",
      "type" : "image/png",
      "size" : 25650
    }, {
      "uid" : "54077d15dab2ab3",
      "name" : "HTML source",
      "source" : "54077d15dab2ab3.html",
      "type" : "text/html",
      "size" : 258761
    } ],
    "parameters" : [ ],
    "stepsCount" : 4,
    "attachmentsCount" : 2,
    "shouldDisplayMessage" : true,
    "hasContent" : true
  },
  "afterStages" : [ {
    "name" : "clear_allure_result_folder::0",
    "time" : {
      "start" : 1737857182853,
      "stop" : 1737857182853,
      "duration" : 0
    },
    "status" : "passed",
    "steps" : [ ],
    "attachments" : [ ],
    "parameters" : [ ],
    "stepsCount" : 0,
    "attachmentsCount" : 0,
    "shouldDisplayMessage" : false,
    "hasContent" : false
  }, {
    "name" : "driver::0",
    "time" : {
      "start" : 1737856243371,
      "stop" : 1737856243434,
      "duration" : 63
    },
    "status" : "passed",
    "steps" : [ ],
    "attachments" : [ ],
    "parameters" : [ ],
    "stepsCount" : 0,
    "attachmentsCount" : 0,
    "shouldDisplayMessage" : false,
    "hasContent" : false
  } ],
  "labels" : [ {
    "name" : "epic",
    "value" : "MenPage"
  }, {
    "name" : "parentSuite",
    "value" : "tests"
  }, {
    "name" : "suite",
    "value" : "test_men"
  }, {
    "name" : "subSuite",
    "value" : "TestMenPage"
  }, {
    "name" : "host",
    "value" : "fv-az1922-652"
  }, {
    "name" : "thread",
    "value" : "2797-MainThread"
  }, {
    "name" : "framework",
    "value" : "pytest"
  }, {
    "name" : "language",
    "value" : "cpython3"
  }, {
    "name" : "package",
    "value" : "tests.test_men"
  }, {
    "name" : "resultFormat",
    "value" : "allure2"
  } ],
  "parameters" : [ ],
  "links" : [ ],
  "hidden" : false,
  "retry" : false,
  "extra" : {
    "severity" : "normal",
    "retries" : [ ],
    "categories" : [ {
      "name" : "Test defects",
      "matchedStatuses" : [ ],
      "flaky" : false
    } ],
    "tags" : [ ]
  },
  "source" : "ddb7a7c7810b0018.json",
  "parameterValues" : [ ]
}