{
  "uid" : "df4c68ffc9e2a59a",
  "name" : "TC 02.02.04 - Check Orders and Returns link in footer leads to the correct page from each page specified in DATA_1",
  "fullName" : "tests.test_footer.TestFooter#test_tc_02_02_04_check_orders_and_returns_link_functionality",
  "historyId" : "000ca65660cd4e4b745ed0a062a5ccb6",
  "time" : {
    "start" : 1697333038299,
    "stop" : 1697333043573,
    "duration" : 5274
  },
  "description" : "Check that Orders and Returns link in footer is correct",
  "descriptionHtml" : "<p>Check that Orders and Returns link in footer is correct</p>\n",
  "status" : "broken",
  "statusMessage" : "selenium.common.exceptions.TimeoutException: Message: \nStacktrace:\n#0 0x56320d1346b3 <unknown>\n#1 0x56320ce0a1e7 <unknown>\n#2 0x56320ce51566 <unknown>\n#3 0x56320ce51651 <unknown>\n#4 0x56320ce8ea74 <unknown>\n#5 0x56320ce730ed <unknown>\n#6 0x56320ce8c322 <unknown>\n#7 0x56320ce72e93 <unknown>\n#8 0x56320ce45934 <unknown>\n#9 0x56320ce4671e <unknown>\n#10 0x56320d0f9cb8 <unknown>\n#11 0x56320d0fdbf0 <unknown>\n#12 0x56320d10819c <unknown>\n#13 0x56320d0fe808 <unknown>\n#14 0x56320d0cb27f <unknown>\n#15 0x56320d122e88 <unknown>\n#16 0x56320d123059 <unknown>\n#17 0x56320d133843 <unknown>\n#18 0x7f3b75c94b43 <unknown>",
  "statusTrace" : "self = <test_footer.TestFooter object at 0x7fe0b0c067d0>\ndriver = <selenium.webdriver.chrome.webdriver.WebDriver (session=\"3b13017f29c5705ebbd07c27f6603781\")>\nURL = 'https://magento.softwaretestingboard.com/'\n\n    @allure.title(\"TC 02.02.04 - Check Orders and Returns link in footer leads to the correct page \"\n                  \"from each page specified in DATA_1\")\n    @pytest.mark.parametrize('URL', DATA_1)\n    def test_tc_02_02_04_check_orders_and_returns_link_functionality(self, driver, URL):\n        \"\"\"Check that Orders and Returns link in footer is correct\"\"\"\n        page = FooterPage(driver, url=URL)\n        page.open()\n>       page.check_orders_and_returns_link_functionality()\n\ntests/test_footer.py:543: \n_ _ _ _ _ _ _ _ _ _ _ _ _ _ _ _ _ _ _ _ _ _ _ _ _ _ _ _ _ _ _ _ _ _ _ _ _ _ _ _ \npages/footer_page.py:314: in check_orders_and_returns_link_functionality\n    orders_and_returns_link = self.element_is_visible(self.footer_locators.ORDERS_AND_RETURNS_LINK)\npages/base_page.py:29: in element_is_visible\n    self.go_to_element(self.element_is_present(locator))\npages/base_page.py:50: in element_is_present\n    return wait(self.driver, timeout).until(EC.presence_of_element_located(locator))\n_ _ _ _ _ _ _ _ _ _ _ _ _ _ _ _ _ _ _ _ _ _ _ _ _ _ _ _ _ _ _ _ _ _ _ _ _ _ _ _ \n\nself = <selenium.webdriver.support.wait.WebDriverWait (session=\"3b13017f29c5705ebbd07c27f6603781\")>\nmethod = <function presence_of_element_located.<locals>._predicate at 0x7fe0b1112de0>\nmessage = ''\n\n    def until(self, method, message: str = \"\"):\n        \"\"\"Calls the method provided with the driver as an argument until the \\\n        return value does not evaluate to ``False``.\n    \n        :param method: callable(WebDriver)\n        :param message: optional message for :exc:`TimeoutException`\n        :returns: the result of the last call to `method`\n        :raises: :exc:`selenium.common.exceptions.TimeoutException` if timeout occurs\n        \"\"\"\n        screen = None\n        stacktrace = None\n    \n        end_time = time.monotonic() + self._timeout\n        while True:\n            try:\n                value = method(self._driver)\n                if value:\n                    return value\n            except self._ignored_exceptions as exc:\n                screen = getattr(exc, \"screen\", None)\n                stacktrace = getattr(exc, \"stacktrace\", None)\n            time.sleep(self._poll)\n            if time.monotonic() > end_time:\n                break\n>       raise TimeoutException(message, screen, stacktrace)\nE       selenium.common.exceptions.TimeoutException: Message: \nE       Stacktrace:\nE       #0 0x56320d1346b3 <unknown>\nE       #1 0x56320ce0a1e7 <unknown>\nE       #2 0x56320ce51566 <unknown>\nE       #3 0x56320ce51651 <unknown>\nE       #4 0x56320ce8ea74 <unknown>\nE       #5 0x56320ce730ed <unknown>\nE       #6 0x56320ce8c322 <unknown>\nE       #7 0x56320ce72e93 <unknown>\nE       #8 0x56320ce45934 <unknown>\nE       #9 0x56320ce4671e <unknown>\nE       #10 0x56320d0f9cb8 <unknown>\nE       #11 0x56320d0fdbf0 <unknown>\nE       #12 0x56320d10819c <unknown>\nE       #13 0x56320d0fe808 <unknown>\nE       #14 0x56320d0cb27f <unknown>\nE       #15 0x56320d122e88 <unknown>\nE       #16 0x56320d123059 <unknown>\nE       #17 0x56320d133843 <unknown>\nE       #18 0x7f3b75c94b43 <unknown>\n\n/opt/hostedtoolcache/Python/3.11.5/x64/lib/python3.11/site-packages/selenium/webdriver/support/wait.py:95: TimeoutException",
  "flaky" : false,
  "newFailed" : false,
  "beforeStages" : [ {
    "name" : "_session_faker",
    "time" : {
      "start" : 1697332188525,
      "stop" : 1697332188634,
      "duration" : 109
    },
    "status" : "passed",
    "steps" : [ ],
    "attachments" : [ ],
    "parameters" : [ ],
    "stepsCount" : 0,
    "attachmentsCount" : 0,
    "shouldDisplayMessage" : false,
    "hasContent" : false
  }, {
    "name" : "driver",
    "time" : {
      "start" : 1697333037124,
      "stop" : 1697333038298,
      "duration" : 1174
    },
    "status" : "passed",
    "steps" : [ ],
    "attachments" : [ ],
    "parameters" : [ ],
    "stepsCount" : 0,
    "attachmentsCount" : 0,
    "shouldDisplayMessage" : false,
    "hasContent" : false
  }, {
    "name" : "clear_allure_result_folder",
    "time" : {
      "start" : 1697332188634,
      "stop" : 1697332188634,
      "duration" : 0
    },
    "status" : "passed",
    "steps" : [ ],
    "attachments" : [ ],
    "parameters" : [ ],
    "stepsCount" : 0,
    "attachmentsCount" : 0,
    "shouldDisplayMessage" : false,
    "hasContent" : false
  } ],
  "testStage" : {
    "description" : "Check that Orders and Returns link in footer is correct",
    "status" : "broken",
    "statusMessage" : "selenium.common.exceptions.TimeoutException: Message: \nStacktrace:\n#0 0x56320d1346b3 <unknown>\n#1 0x56320ce0a1e7 <unknown>\n#2 0x56320ce51566 <unknown>\n#3 0x56320ce51651 <unknown>\n#4 0x56320ce8ea74 <unknown>\n#5 0x56320ce730ed <unknown>\n#6 0x56320ce8c322 <unknown>\n#7 0x56320ce72e93 <unknown>\n#8 0x56320ce45934 <unknown>\n#9 0x56320ce4671e <unknown>\n#10 0x56320d0f9cb8 <unknown>\n#11 0x56320d0fdbf0 <unknown>\n#12 0x56320d10819c <unknown>\n#13 0x56320d0fe808 <unknown>\n#14 0x56320d0cb27f <unknown>\n#15 0x56320d122e88 <unknown>\n#16 0x56320d123059 <unknown>\n#17 0x56320d133843 <unknown>\n#18 0x7f3b75c94b43 <unknown>",
    "statusTrace" : "self = <test_footer.TestFooter object at 0x7fe0b0c067d0>\ndriver = <selenium.webdriver.chrome.webdriver.WebDriver (session=\"3b13017f29c5705ebbd07c27f6603781\")>\nURL = 'https://magento.softwaretestingboard.com/'\n\n    @allure.title(\"TC 02.02.04 - Check Orders and Returns link in footer leads to the correct page \"\n                  \"from each page specified in DATA_1\")\n    @pytest.mark.parametrize('URL', DATA_1)\n    def test_tc_02_02_04_check_orders_and_returns_link_functionality(self, driver, URL):\n        \"\"\"Check that Orders and Returns link in footer is correct\"\"\"\n        page = FooterPage(driver, url=URL)\n        page.open()\n>       page.check_orders_and_returns_link_functionality()\n\ntests/test_footer.py:543: \n_ _ _ _ _ _ _ _ _ _ _ _ _ _ _ _ _ _ _ _ _ _ _ _ _ _ _ _ _ _ _ _ _ _ _ _ _ _ _ _ \npages/footer_page.py:314: in check_orders_and_returns_link_functionality\n    orders_and_returns_link = self.element_is_visible(self.footer_locators.ORDERS_AND_RETURNS_LINK)\npages/base_page.py:29: in element_is_visible\n    self.go_to_element(self.element_is_present(locator))\npages/base_page.py:50: in element_is_present\n    return wait(self.driver, timeout).until(EC.presence_of_element_located(locator))\n_ _ _ _ _ _ _ _ _ _ _ _ _ _ _ _ _ _ _ _ _ _ _ _ _ _ _ _ _ _ _ _ _ _ _ _ _ _ _ _ \n\nself = <selenium.webdriver.support.wait.WebDriverWait (session=\"3b13017f29c5705ebbd07c27f6603781\")>\nmethod = <function presence_of_element_located.<locals>._predicate at 0x7fe0b1112de0>\nmessage = ''\n\n    def until(self, method, message: str = \"\"):\n        \"\"\"Calls the method provided with the driver as an argument until the \\\n        return value does not evaluate to ``False``.\n    \n        :param method: callable(WebDriver)\n        :param message: optional message for :exc:`TimeoutException`\n        :returns: the result of the last call to `method`\n        :raises: :exc:`selenium.common.exceptions.TimeoutException` if timeout occurs\n        \"\"\"\n        screen = None\n        stacktrace = None\n    \n        end_time = time.monotonic() + self._timeout\n        while True:\n            try:\n                value = method(self._driver)\n                if value:\n                    return value\n            except self._ignored_exceptions as exc:\n                screen = getattr(exc, \"screen\", None)\n                stacktrace = getattr(exc, \"stacktrace\", None)\n            time.sleep(self._poll)\n            if time.monotonic() > end_time:\n                break\n>       raise TimeoutException(message, screen, stacktrace)\nE       selenium.common.exceptions.TimeoutException: Message: \nE       Stacktrace:\nE       #0 0x56320d1346b3 <unknown>\nE       #1 0x56320ce0a1e7 <unknown>\nE       #2 0x56320ce51566 <unknown>\nE       #3 0x56320ce51651 <unknown>\nE       #4 0x56320ce8ea74 <unknown>\nE       #5 0x56320ce730ed <unknown>\nE       #6 0x56320ce8c322 <unknown>\nE       #7 0x56320ce72e93 <unknown>\nE       #8 0x56320ce45934 <unknown>\nE       #9 0x56320ce4671e <unknown>\nE       #10 0x56320d0f9cb8 <unknown>\nE       #11 0x56320d0fdbf0 <unknown>\nE       #12 0x56320d10819c <unknown>\nE       #13 0x56320d0fe808 <unknown>\nE       #14 0x56320d0cb27f <unknown>\nE       #15 0x56320d122e88 <unknown>\nE       #16 0x56320d123059 <unknown>\nE       #17 0x56320d133843 <unknown>\nE       #18 0x7f3b75c94b43 <unknown>\n\n/opt/hostedtoolcache/Python/3.11.5/x64/lib/python3.11/site-packages/selenium/webdriver/support/wait.py:95: TimeoutException",
    "steps" : [ {
      "name" : "Open a browser",
      "time" : {
        "start" : 1697333038299,
        "stop" : 1697333038445,
        "duration" : 146
      },
      "status" : "passed",
      "steps" : [ ],
      "attachments" : [ ],
      "parameters" : [ ],
      "stepsCount" : 0,
      "attachmentsCount" : 0,
      "shouldDisplayMessage" : false,
      "hasContent" : false
    }, {
      "name" : "Check Orders and Returns link leads to the correct page",
      "time" : {
        "start" : 1697333038446,
        "stop" : 1697333043572,
        "duration" : 5126
      },
      "status" : "broken",
      "statusMessage" : "selenium.common.exceptions.TimeoutException: Message: \nStacktrace:\n#0 0x56320d1346b3 <unknown>\n#1 0x56320ce0a1e7 <unknown>\n#2 0x56320ce51566 <unknown>\n#3 0x56320ce51651 <unknown>\n#4 0x56320ce8ea74 <unknown>\n#5 0x56320ce730ed <unknown>\n#6 0x56320ce8c322 <unknown>\n#7 0x56320ce72e93 <unknown>\n#8 0x56320ce45934 <unknown>\n#9 0x56320ce4671e <unknown>\n#10 0x56320d0f9cb8 <unknown>\n#11 0x56320d0fdbf0 <unknown>\n#12 0x56320d10819c <unknown>\n#13 0x56320d0fe808 <unknown>\n#14 0x56320d0cb27f <unknown>\n#15 0x56320d122e88 <unknown>\n#16 0x56320d123059 <unknown>\n#17 0x56320d133843 <unknown>\n#18 0x7f3b75c94b43 <unknown>\n\n",
      "statusTrace" : "  File \"/opt/hostedtoolcache/Python/3.11.5/x64/lib/python3.11/site-packages/allure_commons/_allure.py\", line 192, in impl\n    return func(*a, **kw)\n           ^^^^^^^^^^^^^^\n  File \"/home/runner/work/luma_project/luma_project/pages/footer_page.py\", line 314, in check_orders_and_returns_link_functionality\n    orders_and_returns_link = self.element_is_visible(self.footer_locators.ORDERS_AND_RETURNS_LINK)\n                              ^^^^^^^^^^^^^^^^^^^^^^^^^^^^^^^^^^^^^^^^^^^^^^^^^^^^^^^^^^^^^^^^^^^^^\n  File \"/opt/hostedtoolcache/Python/3.11.5/x64/lib/python3.11/site-packages/allure_commons/_allure.py\", line 192, in impl\n    return func(*a, **kw)\n           ^^^^^^^^^^^^^^\n  File \"/home/runner/work/luma_project/luma_project/pages/base_page.py\", line 29, in element_is_visible\n    self.go_to_element(self.element_is_present(locator))\n                       ^^^^^^^^^^^^^^^^^^^^^^^^^^^^^^^^\n  File \"/opt/hostedtoolcache/Python/3.11.5/x64/lib/python3.11/site-packages/allure_commons/_allure.py\", line 192, in impl\n    return func(*a, **kw)\n           ^^^^^^^^^^^^^^\n  File \"/home/runner/work/luma_project/luma_project/pages/base_page.py\", line 50, in element_is_present\n    return wait(self.driver, timeout).until(EC.presence_of_element_located(locator))\n           ^^^^^^^^^^^^^^^^^^^^^^^^^^^^^^^^^^^^^^^^^^^^^^^^^^^^^^^^^^^^^^^^^^^^^^^^^\n  File \"/opt/hostedtoolcache/Python/3.11.5/x64/lib/python3.11/site-packages/selenium/webdriver/support/wait.py\", line 95, in until\n    raise TimeoutException(message, screen, stacktrace)\n",
      "steps" : [ {
        "name" : "Find a visible element",
        "time" : {
          "start" : 1697333038446,
          "stop" : 1697333043572,
          "duration" : 5126
        },
        "status" : "broken",
        "statusMessage" : "selenium.common.exceptions.TimeoutException: Message: \nStacktrace:\n#0 0x56320d1346b3 <unknown>\n#1 0x56320ce0a1e7 <unknown>\n#2 0x56320ce51566 <unknown>\n#3 0x56320ce51651 <unknown>\n#4 0x56320ce8ea74 <unknown>\n#5 0x56320ce730ed <unknown>\n#6 0x56320ce8c322 <unknown>\n#7 0x56320ce72e93 <unknown>\n#8 0x56320ce45934 <unknown>\n#9 0x56320ce4671e <unknown>\n#10 0x56320d0f9cb8 <unknown>\n#11 0x56320d0fdbf0 <unknown>\n#12 0x56320d10819c <unknown>\n#13 0x56320d0fe808 <unknown>\n#14 0x56320d0cb27f <unknown>\n#15 0x56320d122e88 <unknown>\n#16 0x56320d123059 <unknown>\n#17 0x56320d133843 <unknown>\n#18 0x7f3b75c94b43 <unknown>\n\n",
        "statusTrace" : "  File \"/opt/hostedtoolcache/Python/3.11.5/x64/lib/python3.11/site-packages/allure_commons/_allure.py\", line 192, in impl\n    return func(*a, **kw)\n           ^^^^^^^^^^^^^^\n  File \"/home/runner/work/luma_project/luma_project/pages/base_page.py\", line 29, in element_is_visible\n    self.go_to_element(self.element_is_present(locator))\n                       ^^^^^^^^^^^^^^^^^^^^^^^^^^^^^^^^\n  File \"/opt/hostedtoolcache/Python/3.11.5/x64/lib/python3.11/site-packages/allure_commons/_allure.py\", line 192, in impl\n    return func(*a, **kw)\n           ^^^^^^^^^^^^^^\n  File \"/home/runner/work/luma_project/luma_project/pages/base_page.py\", line 50, in element_is_present\n    return wait(self.driver, timeout).until(EC.presence_of_element_located(locator))\n           ^^^^^^^^^^^^^^^^^^^^^^^^^^^^^^^^^^^^^^^^^^^^^^^^^^^^^^^^^^^^^^^^^^^^^^^^^\n  File \"/opt/hostedtoolcache/Python/3.11.5/x64/lib/python3.11/site-packages/selenium/webdriver/support/wait.py\", line 95, in until\n    raise TimeoutException(message, screen, stacktrace)\n",
        "steps" : [ {
          "name" : "Find a present element",
          "time" : {
            "start" : 1697333038446,
            "stop" : 1697333043572,
            "duration" : 5126
          },
          "status" : "broken",
          "statusMessage" : "selenium.common.exceptions.TimeoutException: Message: \nStacktrace:\n#0 0x56320d1346b3 <unknown>\n#1 0x56320ce0a1e7 <unknown>\n#2 0x56320ce51566 <unknown>\n#3 0x56320ce51651 <unknown>\n#4 0x56320ce8ea74 <unknown>\n#5 0x56320ce730ed <unknown>\n#6 0x56320ce8c322 <unknown>\n#7 0x56320ce72e93 <unknown>\n#8 0x56320ce45934 <unknown>\n#9 0x56320ce4671e <unknown>\n#10 0x56320d0f9cb8 <unknown>\n#11 0x56320d0fdbf0 <unknown>\n#12 0x56320d10819c <unknown>\n#13 0x56320d0fe808 <unknown>\n#14 0x56320d0cb27f <unknown>\n#15 0x56320d122e88 <unknown>\n#16 0x56320d123059 <unknown>\n#17 0x56320d133843 <unknown>\n#18 0x7f3b75c94b43 <unknown>\n\n",
          "statusTrace" : "  File \"/opt/hostedtoolcache/Python/3.11.5/x64/lib/python3.11/site-packages/allure_commons/_allure.py\", line 192, in impl\n    return func(*a, **kw)\n           ^^^^^^^^^^^^^^\n  File \"/home/runner/work/luma_project/luma_project/pages/base_page.py\", line 50, in element_is_present\n    return wait(self.driver, timeout).until(EC.presence_of_element_located(locator))\n           ^^^^^^^^^^^^^^^^^^^^^^^^^^^^^^^^^^^^^^^^^^^^^^^^^^^^^^^^^^^^^^^^^^^^^^^^^\n  File \"/opt/hostedtoolcache/Python/3.11.5/x64/lib/python3.11/site-packages/selenium/webdriver/support/wait.py\", line 95, in until\n    raise TimeoutException(message, screen, stacktrace)\n",
          "steps" : [ ],
          "attachments" : [ ],
          "parameters" : [ {
            "name" : "locator",
            "value" : "('css selector', '.footer > :nth-child(4) > a')"
          }, {
            "name" : "timeout",
            "value" : "5"
          } ],
          "stepsCount" : 0,
          "attachmentsCount" : 0,
          "shouldDisplayMessage" : true,
          "hasContent" : true
        } ],
        "attachments" : [ ],
        "parameters" : [ {
          "name" : "locator",
          "value" : "('css selector', '.footer > :nth-child(4) > a')"
        }, {
          "name" : "timeout",
          "value" : "10"
        } ],
        "stepsCount" : 1,
        "attachmentsCount" : 0,
        "shouldDisplayMessage" : false,
        "hasContent" : true
      } ],
      "attachments" : [ ],
      "parameters" : [ ],
      "stepsCount" : 2,
      "attachmentsCount" : 0,
      "shouldDisplayMessage" : false,
      "hasContent" : true
    } ],
    "attachments" : [ {
      "uid" : "74e75990b5e55f94",
      "name" : "Screenshot",
      "source" : "74e75990b5e55f94.png",
      "type" : "image/png",
      "size" : 14900
    }, {
      "uid" : "1717c7c89d0f1041",
      "name" : "HTML source",
      "source" : "1717c7c89d0f1041.html",
      "type" : "text/html",
      "size" : 571
    } ],
    "parameters" : [ ],
    "stepsCount" : 4,
    "attachmentsCount" : 2,
    "shouldDisplayMessage" : true,
    "hasContent" : true
  },
  "afterStages" : [ {
    "name" : "driver::0",
    "time" : {
      "start" : 1697333043739,
      "stop" : 1697333043798,
      "duration" : 59
    },
    "status" : "passed",
    "steps" : [ ],
    "attachments" : [ ],
    "parameters" : [ ],
    "stepsCount" : 0,
    "attachmentsCount" : 0,
    "shouldDisplayMessage" : false,
    "hasContent" : false
  }, {
    "name" : "clear_allure_result_folder::0",
    "time" : {
      "start" : 1697335158583,
      "stop" : 1697335158584,
      "duration" : 1
    },
    "status" : "passed",
    "steps" : [ ],
    "attachments" : [ ],
    "parameters" : [ ],
    "stepsCount" : 0,
    "attachmentsCount" : 0,
    "shouldDisplayMessage" : false,
    "hasContent" : false
  } ],
  "labels" : [ {
    "name" : "epic",
    "value" : "Test Footer"
  }, {
    "name" : "parentSuite",
    "value" : "tests"
  }, {
    "name" : "suite",
    "value" : "test_footer"
  }, {
    "name" : "subSuite",
    "value" : "TestFooter"
  }, {
    "name" : "host",
    "value" : "fv-az163-423"
  }, {
    "name" : "thread",
    "value" : "3041-MainThread"
  }, {
    "name" : "framework",
    "value" : "pytest"
  }, {
    "name" : "language",
    "value" : "cpython3"
  }, {
    "name" : "package",
    "value" : "tests.test_footer"
  }, {
    "name" : "resultFormat",
    "value" : "allure2"
  } ],
  "parameters" : [ {
    "name" : "URL",
    "value" : "'https://magento.softwaretestingboard.com/'"
  } ],
  "links" : [ ],
  "hidden" : false,
  "retry" : false,
  "extra" : {
    "severity" : "normal",
    "retries" : [ ],
    "categories" : [ {
      "name" : "Test defects",
      "matchedStatuses" : [ ],
      "flaky" : false
    } ],
    "tags" : [ ]
  },
  "source" : "df4c68ffc9e2a59a.json",
  "parameterValues" : [ "'https://magento.softwaretestingboard.com/'" ]
}