{
  "uid" : "e0cf8eec9f5351d1",
  "name" : "TC 02.01.14 - Check display of Advanced Search link on each page specified in DATA_1",
  "fullName" : "tests.test_footer.TestFooter#test_tc_02_01_14_check_visibility_of_advanced_search_link_on_pages",
  "historyId" : "ce6162c79191113eb022a4703988627c",
  "time" : {
    "start" : 1697332621181,
    "stop" : 1697332626530,
    "duration" : 5349
  },
  "description" : "Checks if Advanced Search link is visible on each page in DATA_1",
  "descriptionHtml" : "<p>Checks if Advanced Search link is visible on each page in DATA_1</p>\n",
  "status" : "broken",
  "statusMessage" : "selenium.common.exceptions.TimeoutException: Message: \nStacktrace:\n#0 0x55e3145006b3 <unknown>\n#1 0x55e3141d61e7 <unknown>\n#2 0x55e31421d566 <unknown>\n#3 0x55e31421d651 <unknown>\n#4 0x55e31425aa74 <unknown>\n#5 0x55e31423f0ed <unknown>\n#6 0x55e314258322 <unknown>\n#7 0x55e31423ee93 <unknown>\n#8 0x55e314211934 <unknown>\n#9 0x55e31421271e <unknown>\n#10 0x55e3144c5cb8 <unknown>\n#11 0x55e3144c9bf0 <unknown>\n#12 0x55e3144d419c <unknown>\n#13 0x55e3144ca808 <unknown>\n#14 0x55e31449727f <unknown>\n#15 0x55e3144eee88 <unknown>\n#16 0x55e3144ef059 <unknown>\n#17 0x55e3144ff843 <unknown>\n#18 0x7fc5a5894b43 <unknown>",
  "statusTrace" : "self = <test_footer.TestFooter object at 0x7fe0b0bb14d0>\ndriver = <selenium.webdriver.chrome.webdriver.WebDriver (session=\"adcafad074f75712dc1c018ce8538c24\")>\nURL = 'https://magento.softwaretestingboard.com/'\n\n    @allure.title(\"TC 02.01.14 - Check display of Advanced Search link on each page specified in DATA_1\")\n    @pytest.mark.parametrize('URL', DATA_1)\n    def test_tc_02_01_14_check_visibility_of_advanced_search_link_on_pages(self, driver, URL):\n        \"\"\"Checks if Advanced Search link is visible on each page in DATA_1\"\"\"\n        page = FooterPage(driver, url=URL)\n        page.open()\n>       advanced_search_link = page.check_advanced_search_link_is_visible()\n\ntests/test_footer.py:133: \n_ _ _ _ _ _ _ _ _ _ _ _ _ _ _ _ _ _ _ _ _ _ _ _ _ _ _ _ _ _ _ _ _ _ _ _ _ _ _ _ \npages/footer_page.py:119: in check_advanced_search_link_is_visible\n    return self.element_is_visible(self.footer_locators.ADVANCED_SEARCH_LINK)\npages/base_page.py:29: in element_is_visible\n    self.go_to_element(self.element_is_present(locator))\npages/base_page.py:50: in element_is_present\n    return wait(self.driver, timeout).until(EC.presence_of_element_located(locator))\n_ _ _ _ _ _ _ _ _ _ _ _ _ _ _ _ _ _ _ _ _ _ _ _ _ _ _ _ _ _ _ _ _ _ _ _ _ _ _ _ \n\nself = <selenium.webdriver.support.wait.WebDriverWait (session=\"adcafad074f75712dc1c018ce8538c24\")>\nmethod = <function presence_of_element_located.<locals>._predicate at 0x7fe0b106e5c0>\nmessage = ''\n\n    def until(self, method, message: str = \"\"):\n        \"\"\"Calls the method provided with the driver as an argument until the \\\n        return value does not evaluate to ``False``.\n    \n        :param method: callable(WebDriver)\n        :param message: optional message for :exc:`TimeoutException`\n        :returns: the result of the last call to `method`\n        :raises: :exc:`selenium.common.exceptions.TimeoutException` if timeout occurs\n        \"\"\"\n        screen = None\n        stacktrace = None\n    \n        end_time = time.monotonic() + self._timeout\n        while True:\n            try:\n                value = method(self._driver)\n                if value:\n                    return value\n            except self._ignored_exceptions as exc:\n                screen = getattr(exc, \"screen\", None)\n                stacktrace = getattr(exc, \"stacktrace\", None)\n            time.sleep(self._poll)\n            if time.monotonic() > end_time:\n                break\n>       raise TimeoutException(message, screen, stacktrace)\nE       selenium.common.exceptions.TimeoutException: Message: \nE       Stacktrace:\nE       #0 0x55e3145006b3 <unknown>\nE       #1 0x55e3141d61e7 <unknown>\nE       #2 0x55e31421d566 <unknown>\nE       #3 0x55e31421d651 <unknown>\nE       #4 0x55e31425aa74 <unknown>\nE       #5 0x55e31423f0ed <unknown>\nE       #6 0x55e314258322 <unknown>\nE       #7 0x55e31423ee93 <unknown>\nE       #8 0x55e314211934 <unknown>\nE       #9 0x55e31421271e <unknown>\nE       #10 0x55e3144c5cb8 <unknown>\nE       #11 0x55e3144c9bf0 <unknown>\nE       #12 0x55e3144d419c <unknown>\nE       #13 0x55e3144ca808 <unknown>\nE       #14 0x55e31449727f <unknown>\nE       #15 0x55e3144eee88 <unknown>\nE       #16 0x55e3144ef059 <unknown>\nE       #17 0x55e3144ff843 <unknown>\nE       #18 0x7fc5a5894b43 <unknown>\n\n/opt/hostedtoolcache/Python/3.11.5/x64/lib/python3.11/site-packages/selenium/webdriver/support/wait.py:95: TimeoutException",
  "flaky" : false,
  "newFailed" : false,
  "beforeStages" : [ {
    "name" : "_session_faker",
    "time" : {
      "start" : 1697332188525,
      "stop" : 1697332188634,
      "duration" : 109
    },
    "status" : "passed",
    "steps" : [ ],
    "attachments" : [ ],
    "parameters" : [ ],
    "stepsCount" : 0,
    "attachmentsCount" : 0,
    "shouldDisplayMessage" : false,
    "hasContent" : false
  }, {
    "name" : "driver",
    "time" : {
      "start" : 1697332620068,
      "stop" : 1697332621180,
      "duration" : 1112
    },
    "status" : "passed",
    "steps" : [ ],
    "attachments" : [ ],
    "parameters" : [ ],
    "stepsCount" : 0,
    "attachmentsCount" : 0,
    "shouldDisplayMessage" : false,
    "hasContent" : false
  }, {
    "name" : "clear_allure_result_folder",
    "time" : {
      "start" : 1697332188634,
      "stop" : 1697332188634,
      "duration" : 0
    },
    "status" : "passed",
    "steps" : [ ],
    "attachments" : [ ],
    "parameters" : [ ],
    "stepsCount" : 0,
    "attachmentsCount" : 0,
    "shouldDisplayMessage" : false,
    "hasContent" : false
  } ],
  "testStage" : {
    "description" : "Checks if Advanced Search link is visible on each page in DATA_1",
    "status" : "broken",
    "statusMessage" : "selenium.common.exceptions.TimeoutException: Message: \nStacktrace:\n#0 0x55e3145006b3 <unknown>\n#1 0x55e3141d61e7 <unknown>\n#2 0x55e31421d566 <unknown>\n#3 0x55e31421d651 <unknown>\n#4 0x55e31425aa74 <unknown>\n#5 0x55e31423f0ed <unknown>\n#6 0x55e314258322 <unknown>\n#7 0x55e31423ee93 <unknown>\n#8 0x55e314211934 <unknown>\n#9 0x55e31421271e <unknown>\n#10 0x55e3144c5cb8 <unknown>\n#11 0x55e3144c9bf0 <unknown>\n#12 0x55e3144d419c <unknown>\n#13 0x55e3144ca808 <unknown>\n#14 0x55e31449727f <unknown>\n#15 0x55e3144eee88 <unknown>\n#16 0x55e3144ef059 <unknown>\n#17 0x55e3144ff843 <unknown>\n#18 0x7fc5a5894b43 <unknown>",
    "statusTrace" : "self = <test_footer.TestFooter object at 0x7fe0b0bb14d0>\ndriver = <selenium.webdriver.chrome.webdriver.WebDriver (session=\"adcafad074f75712dc1c018ce8538c24\")>\nURL = 'https://magento.softwaretestingboard.com/'\n\n    @allure.title(\"TC 02.01.14 - Check display of Advanced Search link on each page specified in DATA_1\")\n    @pytest.mark.parametrize('URL', DATA_1)\n    def test_tc_02_01_14_check_visibility_of_advanced_search_link_on_pages(self, driver, URL):\n        \"\"\"Checks if Advanced Search link is visible on each page in DATA_1\"\"\"\n        page = FooterPage(driver, url=URL)\n        page.open()\n>       advanced_search_link = page.check_advanced_search_link_is_visible()\n\ntests/test_footer.py:133: \n_ _ _ _ _ _ _ _ _ _ _ _ _ _ _ _ _ _ _ _ _ _ _ _ _ _ _ _ _ _ _ _ _ _ _ _ _ _ _ _ \npages/footer_page.py:119: in check_advanced_search_link_is_visible\n    return self.element_is_visible(self.footer_locators.ADVANCED_SEARCH_LINK)\npages/base_page.py:29: in element_is_visible\n    self.go_to_element(self.element_is_present(locator))\npages/base_page.py:50: in element_is_present\n    return wait(self.driver, timeout).until(EC.presence_of_element_located(locator))\n_ _ _ _ _ _ _ _ _ _ _ _ _ _ _ _ _ _ _ _ _ _ _ _ _ _ _ _ _ _ _ _ _ _ _ _ _ _ _ _ \n\nself = <selenium.webdriver.support.wait.WebDriverWait (session=\"adcafad074f75712dc1c018ce8538c24\")>\nmethod = <function presence_of_element_located.<locals>._predicate at 0x7fe0b106e5c0>\nmessage = ''\n\n    def until(self, method, message: str = \"\"):\n        \"\"\"Calls the method provided with the driver as an argument until the \\\n        return value does not evaluate to ``False``.\n    \n        :param method: callable(WebDriver)\n        :param message: optional message for :exc:`TimeoutException`\n        :returns: the result of the last call to `method`\n        :raises: :exc:`selenium.common.exceptions.TimeoutException` if timeout occurs\n        \"\"\"\n        screen = None\n        stacktrace = None\n    \n        end_time = time.monotonic() + self._timeout\n        while True:\n            try:\n                value = method(self._driver)\n                if value:\n                    return value\n            except self._ignored_exceptions as exc:\n                screen = getattr(exc, \"screen\", None)\n                stacktrace = getattr(exc, \"stacktrace\", None)\n            time.sleep(self._poll)\n            if time.monotonic() > end_time:\n                break\n>       raise TimeoutException(message, screen, stacktrace)\nE       selenium.common.exceptions.TimeoutException: Message: \nE       Stacktrace:\nE       #0 0x55e3145006b3 <unknown>\nE       #1 0x55e3141d61e7 <unknown>\nE       #2 0x55e31421d566 <unknown>\nE       #3 0x55e31421d651 <unknown>\nE       #4 0x55e31425aa74 <unknown>\nE       #5 0x55e31423f0ed <unknown>\nE       #6 0x55e314258322 <unknown>\nE       #7 0x55e31423ee93 <unknown>\nE       #8 0x55e314211934 <unknown>\nE       #9 0x55e31421271e <unknown>\nE       #10 0x55e3144c5cb8 <unknown>\nE       #11 0x55e3144c9bf0 <unknown>\nE       #12 0x55e3144d419c <unknown>\nE       #13 0x55e3144ca808 <unknown>\nE       #14 0x55e31449727f <unknown>\nE       #15 0x55e3144eee88 <unknown>\nE       #16 0x55e3144ef059 <unknown>\nE       #17 0x55e3144ff843 <unknown>\nE       #18 0x7fc5a5894b43 <unknown>\n\n/opt/hostedtoolcache/Python/3.11.5/x64/lib/python3.11/site-packages/selenium/webdriver/support/wait.py:95: TimeoutException",
    "steps" : [ {
      "name" : "Open a browser",
      "time" : {
        "start" : 1697332621181,
        "stop" : 1697332621403,
        "duration" : 222
      },
      "status" : "passed",
      "steps" : [ ],
      "attachments" : [ ],
      "parameters" : [ ],
      "stepsCount" : 0,
      "attachmentsCount" : 0,
      "shouldDisplayMessage" : false,
      "hasContent" : false
    }, {
      "name" : "Check Advanced Search link is visible on the page",
      "time" : {
        "start" : 1697332621403,
        "stop" : 1697332626530,
        "duration" : 5127
      },
      "status" : "broken",
      "statusMessage" : "selenium.common.exceptions.TimeoutException: Message: \nStacktrace:\n#0 0x55e3145006b3 <unknown>\n#1 0x55e3141d61e7 <unknown>\n#2 0x55e31421d566 <unknown>\n#3 0x55e31421d651 <unknown>\n#4 0x55e31425aa74 <unknown>\n#5 0x55e31423f0ed <unknown>\n#6 0x55e314258322 <unknown>\n#7 0x55e31423ee93 <unknown>\n#8 0x55e314211934 <unknown>\n#9 0x55e31421271e <unknown>\n#10 0x55e3144c5cb8 <unknown>\n#11 0x55e3144c9bf0 <unknown>\n#12 0x55e3144d419c <unknown>\n#13 0x55e3144ca808 <unknown>\n#14 0x55e31449727f <unknown>\n#15 0x55e3144eee88 <unknown>\n#16 0x55e3144ef059 <unknown>\n#17 0x55e3144ff843 <unknown>\n#18 0x7fc5a5894b43 <unknown>\n\n",
      "statusTrace" : "  File \"/opt/hostedtoolcache/Python/3.11.5/x64/lib/python3.11/site-packages/allure_commons/_allure.py\", line 192, in impl\n    return func(*a, **kw)\n           ^^^^^^^^^^^^^^\n  File \"/home/runner/work/luma_project/luma_project/pages/footer_page.py\", line 119, in check_advanced_search_link_is_visible\n    return self.element_is_visible(self.footer_locators.ADVANCED_SEARCH_LINK)\n           ^^^^^^^^^^^^^^^^^^^^^^^^^^^^^^^^^^^^^^^^^^^^^^^^^^^^^^^^^^^^^^^^^^\n  File \"/opt/hostedtoolcache/Python/3.11.5/x64/lib/python3.11/site-packages/allure_commons/_allure.py\", line 192, in impl\n    return func(*a, **kw)\n           ^^^^^^^^^^^^^^\n  File \"/home/runner/work/luma_project/luma_project/pages/base_page.py\", line 29, in element_is_visible\n    self.go_to_element(self.element_is_present(locator))\n                       ^^^^^^^^^^^^^^^^^^^^^^^^^^^^^^^^\n  File \"/opt/hostedtoolcache/Python/3.11.5/x64/lib/python3.11/site-packages/allure_commons/_allure.py\", line 192, in impl\n    return func(*a, **kw)\n           ^^^^^^^^^^^^^^\n  File \"/home/runner/work/luma_project/luma_project/pages/base_page.py\", line 50, in element_is_present\n    return wait(self.driver, timeout).until(EC.presence_of_element_located(locator))\n           ^^^^^^^^^^^^^^^^^^^^^^^^^^^^^^^^^^^^^^^^^^^^^^^^^^^^^^^^^^^^^^^^^^^^^^^^^\n  File \"/opt/hostedtoolcache/Python/3.11.5/x64/lib/python3.11/site-packages/selenium/webdriver/support/wait.py\", line 95, in until\n    raise TimeoutException(message, screen, stacktrace)\n",
      "steps" : [ {
        "name" : "Find a visible element",
        "time" : {
          "start" : 1697332621403,
          "stop" : 1697332626529,
          "duration" : 5126
        },
        "status" : "broken",
        "statusMessage" : "selenium.common.exceptions.TimeoutException: Message: \nStacktrace:\n#0 0x55e3145006b3 <unknown>\n#1 0x55e3141d61e7 <unknown>\n#2 0x55e31421d566 <unknown>\n#3 0x55e31421d651 <unknown>\n#4 0x55e31425aa74 <unknown>\n#5 0x55e31423f0ed <unknown>\n#6 0x55e314258322 <unknown>\n#7 0x55e31423ee93 <unknown>\n#8 0x55e314211934 <unknown>\n#9 0x55e31421271e <unknown>\n#10 0x55e3144c5cb8 <unknown>\n#11 0x55e3144c9bf0 <unknown>\n#12 0x55e3144d419c <unknown>\n#13 0x55e3144ca808 <unknown>\n#14 0x55e31449727f <unknown>\n#15 0x55e3144eee88 <unknown>\n#16 0x55e3144ef059 <unknown>\n#17 0x55e3144ff843 <unknown>\n#18 0x7fc5a5894b43 <unknown>\n\n",
        "statusTrace" : "  File \"/opt/hostedtoolcache/Python/3.11.5/x64/lib/python3.11/site-packages/allure_commons/_allure.py\", line 192, in impl\n    return func(*a, **kw)\n           ^^^^^^^^^^^^^^\n  File \"/home/runner/work/luma_project/luma_project/pages/base_page.py\", line 29, in element_is_visible\n    self.go_to_element(self.element_is_present(locator))\n                       ^^^^^^^^^^^^^^^^^^^^^^^^^^^^^^^^\n  File \"/opt/hostedtoolcache/Python/3.11.5/x64/lib/python3.11/site-packages/allure_commons/_allure.py\", line 192, in impl\n    return func(*a, **kw)\n           ^^^^^^^^^^^^^^\n  File \"/home/runner/work/luma_project/luma_project/pages/base_page.py\", line 50, in element_is_present\n    return wait(self.driver, timeout).until(EC.presence_of_element_located(locator))\n           ^^^^^^^^^^^^^^^^^^^^^^^^^^^^^^^^^^^^^^^^^^^^^^^^^^^^^^^^^^^^^^^^^^^^^^^^^\n  File \"/opt/hostedtoolcache/Python/3.11.5/x64/lib/python3.11/site-packages/selenium/webdriver/support/wait.py\", line 95, in until\n    raise TimeoutException(message, screen, stacktrace)\n",
        "steps" : [ {
          "name" : "Find a present element",
          "time" : {
            "start" : 1697332621403,
            "stop" : 1697332626529,
            "duration" : 5126
          },
          "status" : "broken",
          "statusMessage" : "selenium.common.exceptions.TimeoutException: Message: \nStacktrace:\n#0 0x55e3145006b3 <unknown>\n#1 0x55e3141d61e7 <unknown>\n#2 0x55e31421d566 <unknown>\n#3 0x55e31421d651 <unknown>\n#4 0x55e31425aa74 <unknown>\n#5 0x55e31423f0ed <unknown>\n#6 0x55e314258322 <unknown>\n#7 0x55e31423ee93 <unknown>\n#8 0x55e314211934 <unknown>\n#9 0x55e31421271e <unknown>\n#10 0x55e3144c5cb8 <unknown>\n#11 0x55e3144c9bf0 <unknown>\n#12 0x55e3144d419c <unknown>\n#13 0x55e3144ca808 <unknown>\n#14 0x55e31449727f <unknown>\n#15 0x55e3144eee88 <unknown>\n#16 0x55e3144ef059 <unknown>\n#17 0x55e3144ff843 <unknown>\n#18 0x7fc5a5894b43 <unknown>\n\n",
          "statusTrace" : "  File \"/opt/hostedtoolcache/Python/3.11.5/x64/lib/python3.11/site-packages/allure_commons/_allure.py\", line 192, in impl\n    return func(*a, **kw)\n           ^^^^^^^^^^^^^^\n  File \"/home/runner/work/luma_project/luma_project/pages/base_page.py\", line 50, in element_is_present\n    return wait(self.driver, timeout).until(EC.presence_of_element_located(locator))\n           ^^^^^^^^^^^^^^^^^^^^^^^^^^^^^^^^^^^^^^^^^^^^^^^^^^^^^^^^^^^^^^^^^^^^^^^^^\n  File \"/opt/hostedtoolcache/Python/3.11.5/x64/lib/python3.11/site-packages/selenium/webdriver/support/wait.py\", line 95, in until\n    raise TimeoutException(message, screen, stacktrace)\n",
          "steps" : [ ],
          "attachments" : [ ],
          "parameters" : [ {
            "name" : "locator",
            "value" : "('css selector', '.footer > :nth-child(3) > a')"
          }, {
            "name" : "timeout",
            "value" : "5"
          } ],
          "stepsCount" : 0,
          "attachmentsCount" : 0,
          "shouldDisplayMessage" : true,
          "hasContent" : true
        } ],
        "attachments" : [ ],
        "parameters" : [ {
          "name" : "locator",
          "value" : "('css selector', '.footer > :nth-child(3) > a')"
        }, {
          "name" : "timeout",
          "value" : "10"
        } ],
        "stepsCount" : 1,
        "attachmentsCount" : 0,
        "shouldDisplayMessage" : false,
        "hasContent" : true
      } ],
      "attachments" : [ ],
      "parameters" : [ ],
      "stepsCount" : 2,
      "attachmentsCount" : 0,
      "shouldDisplayMessage" : false,
      "hasContent" : true
    } ],
    "attachments" : [ {
      "uid" : "e285eb75e5d1cae",
      "name" : "Screenshot",
      "source" : "e285eb75e5d1cae.png",
      "type" : "image/png",
      "size" : 14924
    }, {
      "uid" : "86f3e202bf6741dc",
      "name" : "HTML source",
      "source" : "86f3e202bf6741dc.html",
      "type" : "text/html",
      "size" : 571
    } ],
    "parameters" : [ ],
    "stepsCount" : 4,
    "attachmentsCount" : 2,
    "shouldDisplayMessage" : true,
    "hasContent" : true
  },
  "afterStages" : [ {
    "name" : "driver::0",
    "time" : {
      "start" : 1697332626745,
      "stop" : 1697332626803,
      "duration" : 58
    },
    "status" : "passed",
    "steps" : [ ],
    "attachments" : [ ],
    "parameters" : [ ],
    "stepsCount" : 0,
    "attachmentsCount" : 0,
    "shouldDisplayMessage" : false,
    "hasContent" : false
  }, {
    "name" : "clear_allure_result_folder::0",
    "time" : {
      "start" : 1697335158583,
      "stop" : 1697335158584,
      "duration" : 1
    },
    "status" : "passed",
    "steps" : [ ],
    "attachments" : [ ],
    "parameters" : [ ],
    "stepsCount" : 0,
    "attachmentsCount" : 0,
    "shouldDisplayMessage" : false,
    "hasContent" : false
  } ],
  "labels" : [ {
    "name" : "epic",
    "value" : "Test Footer"
  }, {
    "name" : "parentSuite",
    "value" : "tests"
  }, {
    "name" : "suite",
    "value" : "test_footer"
  }, {
    "name" : "subSuite",
    "value" : "TestFooter"
  }, {
    "name" : "host",
    "value" : "fv-az163-423"
  }, {
    "name" : "thread",
    "value" : "3041-MainThread"
  }, {
    "name" : "framework",
    "value" : "pytest"
  }, {
    "name" : "language",
    "value" : "cpython3"
  }, {
    "name" : "package",
    "value" : "tests.test_footer"
  }, {
    "name" : "resultFormat",
    "value" : "allure2"
  } ],
  "parameters" : [ {
    "name" : "URL",
    "value" : "'https://magento.softwaretestingboard.com/'"
  } ],
  "links" : [ ],
  "hidden" : false,
  "retry" : false,
  "extra" : {
    "severity" : "normal",
    "retries" : [ ],
    "categories" : [ {
      "name" : "Test defects",
      "matchedStatuses" : [ ],
      "flaky" : false
    } ],
    "tags" : [ ]
  },
  "source" : "e0cf8eec9f5351d1.json",
  "parameterValues" : [ "'https://magento.softwaretestingboard.com/'" ]
}