{
  "uid" : "edd3d156ec398e12",
  "name" : "TC 14.06.25 Verify that the 'Shop Shorts' text is visible.",
  "fullName" : "tests.test_men.TestMenPagePromoBlock#test_tc_14_06_25",
  "historyId" : "21ab4287aaf5b3bc8e666377633feee1",
  "time" : {
    "start" : 1702171798575,
    "stop" : 1702171804697,
    "duration" : 6122
  },
  "description" : "Verify that text-3 in 'Luma shorts' block correctly displayed",
  "descriptionHtml" : "<p>Verify that text-3 in 'Luma shorts' block correctly displayed</p>\n",
  "status" : "broken",
  "statusMessage" : "selenium.common.exceptions.TimeoutException: Message: \nStacktrace:\n#0 0x55adb3e3f5e3 <unknown>\n#1 0x55adb3b020b7 <unknown>\n#2 0x55adb3b4ff53 <unknown>\n#3 0x55adb3b50051 <unknown>\n#4 0x55adb3b959c4 <unknown>\n#5 0x55adb3b76f1d <unknown>\n#6 0x55adb3b92b3d <unknown>\n#7 0x55adb3b76cc3 <unknown>\n#8 0x55adb3b420e4 <unknown>\n#9 0x55adb3b430ae <unknown>\n#10 0x55adb3e05ce1 <unknown>\n#11 0x55adb3e09b7e <unknown>\n#12 0x55adb3df34b5 <unknown>\n#13 0x55adb3e0a7d6 <unknown>\n#14 0x55adb3dd6dbf <unknown>\n#15 0x55adb3e2d748 <unknown>\n#16 0x55adb3e2d917 <unknown>\n#17 0x55adb3e3e773 <unknown>\n#18 0x7f0cbfe94ac3 <unknown>",
  "statusTrace" : "self = <test_men.TestMenPagePromoBlock object at 0x7f21a9bab550>\ndriver = <selenium.webdriver.chrome.webdriver.WebDriver (session=\"cc0a1af76d09fa786929975c7034483d\")>\n\n    @allure.title(\"TC 14.06.25 Verify that the 'Shop Shorts' text is visible.\")\n    def test_tc_14_06_25(self, driver):\n        \"\"\"Verify that text-3 in 'Luma shorts' block correctly displayed\"\"\"\n        page = MenPage(driver, MEN_PAGE_URL)\n        page.open()\n>       block_shorts_text_3 = page.verify_block_shorts_text_3()\n\ntests/test_men.py:303: \n_ _ _ _ _ _ _ _ _ _ _ _ _ _ _ _ _ _ _ _ _ _ _ _ _ _ _ _ _ _ _ _ _ _ _ _ _ _ _ _ \npages/men_page.py:216: in verify_block_shorts_text_3\n    shorts_block_title3 = self.element_is_visible(self.promo_locators.LUMA_SHORTS_TITLE_3)\npages/base_page.py:29: in element_is_visible\n    self.go_to_element(self.element_is_present(locator))\npages/base_page.py:50: in element_is_present\n    return wait(self.driver, timeout).until(EC.presence_of_element_located(locator))\n_ _ _ _ _ _ _ _ _ _ _ _ _ _ _ _ _ _ _ _ _ _ _ _ _ _ _ _ _ _ _ _ _ _ _ _ _ _ _ _ \n\nself = <selenium.webdriver.support.wait.WebDriverWait (session=\"cc0a1af76d09fa786929975c7034483d\")>\nmethod = <function presence_of_element_located.<locals>._predicate at 0x7f21aac33d80>\nmessage = ''\n\n    def until(self, method, message: str = \"\"):\n        \"\"\"Calls the method provided with the driver as an argument until the \\\n        return value does not evaluate to ``False``.\n    \n        :param method: callable(WebDriver)\n        :param message: optional message for :exc:`TimeoutException`\n        :returns: the result of the last call to `method`\n        :raises: :exc:`selenium.common.exceptions.TimeoutException` if timeout occurs\n        \"\"\"\n        screen = None\n        stacktrace = None\n    \n        end_time = time.monotonic() + self._timeout\n        while True:\n            try:\n                value = method(self._driver)\n                if value:\n                    return value\n            except self._ignored_exceptions as exc:\n                screen = getattr(exc, \"screen\", None)\n                stacktrace = getattr(exc, \"stacktrace\", None)\n            time.sleep(self._poll)\n            if time.monotonic() > end_time:\n                break\n>       raise TimeoutException(message, screen, stacktrace)\nE       selenium.common.exceptions.TimeoutException: Message: \nE       Stacktrace:\nE       #0 0x55adb3e3f5e3 <unknown>\nE       #1 0x55adb3b020b7 <unknown>\nE       #2 0x55adb3b4ff53 <unknown>\nE       #3 0x55adb3b50051 <unknown>\nE       #4 0x55adb3b959c4 <unknown>\nE       #5 0x55adb3b76f1d <unknown>\nE       #6 0x55adb3b92b3d <unknown>\nE       #7 0x55adb3b76cc3 <unknown>\nE       #8 0x55adb3b420e4 <unknown>\nE       #9 0x55adb3b430ae <unknown>\nE       #10 0x55adb3e05ce1 <unknown>\nE       #11 0x55adb3e09b7e <unknown>\nE       #12 0x55adb3df34b5 <unknown>\nE       #13 0x55adb3e0a7d6 <unknown>\nE       #14 0x55adb3dd6dbf <unknown>\nE       #15 0x55adb3e2d748 <unknown>\nE       #16 0x55adb3e2d917 <unknown>\nE       #17 0x55adb3e3e773 <unknown>\nE       #18 0x7f0cbfe94ac3 <unknown>\n\n/opt/hostedtoolcache/Python/3.11.7/x64/lib/python3.11/site-packages/selenium/webdriver/support/wait.py:95: TimeoutException",
  "flaky" : false,
  "newFailed" : false,
  "beforeStages" : [ {
    "name" : "driver",
    "time" : {
      "start" : 1702171797600,
      "stop" : 1702171798575,
      "duration" : 975
    },
    "status" : "passed",
    "steps" : [ ],
    "attachments" : [ ],
    "parameters" : [ ],
    "stepsCount" : 0,
    "attachmentsCount" : 0,
    "shouldDisplayMessage" : false,
    "hasContent" : false
  }, {
    "name" : "_session_faker",
    "time" : {
      "start" : 1702170796760,
      "stop" : 1702170796822,
      "duration" : 62
    },
    "status" : "passed",
    "steps" : [ ],
    "attachments" : [ ],
    "parameters" : [ ],
    "stepsCount" : 0,
    "attachmentsCount" : 0,
    "shouldDisplayMessage" : false,
    "hasContent" : false
  }, {
    "name" : "clear_allure_result_folder",
    "time" : {
      "start" : 1702170796822,
      "stop" : 1702170796822,
      "duration" : 0
    },
    "status" : "passed",
    "steps" : [ ],
    "attachments" : [ ],
    "parameters" : [ ],
    "stepsCount" : 0,
    "attachmentsCount" : 0,
    "shouldDisplayMessage" : false,
    "hasContent" : false
  } ],
  "testStage" : {
    "description" : "Verify that text-3 in 'Luma shorts' block correctly displayed",
    "status" : "broken",
    "statusMessage" : "selenium.common.exceptions.TimeoutException: Message: \nStacktrace:\n#0 0x55adb3e3f5e3 <unknown>\n#1 0x55adb3b020b7 <unknown>\n#2 0x55adb3b4ff53 <unknown>\n#3 0x55adb3b50051 <unknown>\n#4 0x55adb3b959c4 <unknown>\n#5 0x55adb3b76f1d <unknown>\n#6 0x55adb3b92b3d <unknown>\n#7 0x55adb3b76cc3 <unknown>\n#8 0x55adb3b420e4 <unknown>\n#9 0x55adb3b430ae <unknown>\n#10 0x55adb3e05ce1 <unknown>\n#11 0x55adb3e09b7e <unknown>\n#12 0x55adb3df34b5 <unknown>\n#13 0x55adb3e0a7d6 <unknown>\n#14 0x55adb3dd6dbf <unknown>\n#15 0x55adb3e2d748 <unknown>\n#16 0x55adb3e2d917 <unknown>\n#17 0x55adb3e3e773 <unknown>\n#18 0x7f0cbfe94ac3 <unknown>",
    "statusTrace" : "self = <test_men.TestMenPagePromoBlock object at 0x7f21a9bab550>\ndriver = <selenium.webdriver.chrome.webdriver.WebDriver (session=\"cc0a1af76d09fa786929975c7034483d\")>\n\n    @allure.title(\"TC 14.06.25 Verify that the 'Shop Shorts' text is visible.\")\n    def test_tc_14_06_25(self, driver):\n        \"\"\"Verify that text-3 in 'Luma shorts' block correctly displayed\"\"\"\n        page = MenPage(driver, MEN_PAGE_URL)\n        page.open()\n>       block_shorts_text_3 = page.verify_block_shorts_text_3()\n\ntests/test_men.py:303: \n_ _ _ _ _ _ _ _ _ _ _ _ _ _ _ _ _ _ _ _ _ _ _ _ _ _ _ _ _ _ _ _ _ _ _ _ _ _ _ _ \npages/men_page.py:216: in verify_block_shorts_text_3\n    shorts_block_title3 = self.element_is_visible(self.promo_locators.LUMA_SHORTS_TITLE_3)\npages/base_page.py:29: in element_is_visible\n    self.go_to_element(self.element_is_present(locator))\npages/base_page.py:50: in element_is_present\n    return wait(self.driver, timeout).until(EC.presence_of_element_located(locator))\n_ _ _ _ _ _ _ _ _ _ _ _ _ _ _ _ _ _ _ _ _ _ _ _ _ _ _ _ _ _ _ _ _ _ _ _ _ _ _ _ \n\nself = <selenium.webdriver.support.wait.WebDriverWait (session=\"cc0a1af76d09fa786929975c7034483d\")>\nmethod = <function presence_of_element_located.<locals>._predicate at 0x7f21aac33d80>\nmessage = ''\n\n    def until(self, method, message: str = \"\"):\n        \"\"\"Calls the method provided with the driver as an argument until the \\\n        return value does not evaluate to ``False``.\n    \n        :param method: callable(WebDriver)\n        :param message: optional message for :exc:`TimeoutException`\n        :returns: the result of the last call to `method`\n        :raises: :exc:`selenium.common.exceptions.TimeoutException` if timeout occurs\n        \"\"\"\n        screen = None\n        stacktrace = None\n    \n        end_time = time.monotonic() + self._timeout\n        while True:\n            try:\n                value = method(self._driver)\n                if value:\n                    return value\n            except self._ignored_exceptions as exc:\n                screen = getattr(exc, \"screen\", None)\n                stacktrace = getattr(exc, \"stacktrace\", None)\n            time.sleep(self._poll)\n            if time.monotonic() > end_time:\n                break\n>       raise TimeoutException(message, screen, stacktrace)\nE       selenium.common.exceptions.TimeoutException: Message: \nE       Stacktrace:\nE       #0 0x55adb3e3f5e3 <unknown>\nE       #1 0x55adb3b020b7 <unknown>\nE       #2 0x55adb3b4ff53 <unknown>\nE       #3 0x55adb3b50051 <unknown>\nE       #4 0x55adb3b959c4 <unknown>\nE       #5 0x55adb3b76f1d <unknown>\nE       #6 0x55adb3b92b3d <unknown>\nE       #7 0x55adb3b76cc3 <unknown>\nE       #8 0x55adb3b420e4 <unknown>\nE       #9 0x55adb3b430ae <unknown>\nE       #10 0x55adb3e05ce1 <unknown>\nE       #11 0x55adb3e09b7e <unknown>\nE       #12 0x55adb3df34b5 <unknown>\nE       #13 0x55adb3e0a7d6 <unknown>\nE       #14 0x55adb3dd6dbf <unknown>\nE       #15 0x55adb3e2d748 <unknown>\nE       #16 0x55adb3e2d917 <unknown>\nE       #17 0x55adb3e3e773 <unknown>\nE       #18 0x7f0cbfe94ac3 <unknown>\n\n/opt/hostedtoolcache/Python/3.11.7/x64/lib/python3.11/site-packages/selenium/webdriver/support/wait.py:95: TimeoutException",
    "steps" : [ {
      "name" : "Open a browser",
      "time" : {
        "start" : 1702171798575,
        "stop" : 1702171799595,
        "duration" : 1020
      },
      "status" : "passed",
      "steps" : [ ],
      "attachments" : [ ],
      "parameters" : [ ],
      "stepsCount" : 0,
      "attachmentsCount" : 0,
      "shouldDisplayMessage" : false,
      "hasContent" : false
    }, {
      "name" : "Check display of the text-3 'Shop Shorts' in the 'Luma shorts' block on Men page",
      "time" : {
        "start" : 1702171799595,
        "stop" : 1702171804697,
        "duration" : 5102
      },
      "status" : "broken",
      "statusMessage" : "selenium.common.exceptions.TimeoutException: Message: \nStacktrace:\n#0 0x55adb3e3f5e3 <unknown>\n#1 0x55adb3b020b7 <unknown>\n#2 0x55adb3b4ff53 <unknown>\n#3 0x55adb3b50051 <unknown>\n#4 0x55adb3b959c4 <unknown>\n#5 0x55adb3b76f1d <unknown>\n#6 0x55adb3b92b3d <unknown>\n#7 0x55adb3b76cc3 <unknown>\n#8 0x55adb3b420e4 <unknown>\n#9 0x55adb3b430ae <unknown>\n#10 0x55adb3e05ce1 <unknown>\n#11 0x55adb3e09b7e <unknown>\n#12 0x55adb3df34b5 <unknown>\n#13 0x55adb3e0a7d6 <unknown>\n#14 0x55adb3dd6dbf <unknown>\n#15 0x55adb3e2d748 <unknown>\n#16 0x55adb3e2d917 <unknown>\n#17 0x55adb3e3e773 <unknown>\n#18 0x7f0cbfe94ac3 <unknown>\n\n",
      "statusTrace" : "  File \"/opt/hostedtoolcache/Python/3.11.7/x64/lib/python3.11/site-packages/allure_commons/_allure.py\", line 192, in impl\n    return func(*a, **kw)\n           ^^^^^^^^^^^^^^\n  File \"/home/runner/work/luma_project/luma_project/pages/men_page.py\", line 216, in verify_block_shorts_text_3\n    shorts_block_title3 = self.element_is_visible(self.promo_locators.LUMA_SHORTS_TITLE_3)\n                          ^^^^^^^^^^^^^^^^^^^^^^^^^^^^^^^^^^^^^^^^^^^^^^^^^^^^^^^^^^^^^^^^\n  File \"/opt/hostedtoolcache/Python/3.11.7/x64/lib/python3.11/site-packages/allure_commons/_allure.py\", line 192, in impl\n    return func(*a, **kw)\n           ^^^^^^^^^^^^^^\n  File \"/home/runner/work/luma_project/luma_project/pages/base_page.py\", line 29, in element_is_visible\n    self.go_to_element(self.element_is_present(locator))\n                       ^^^^^^^^^^^^^^^^^^^^^^^^^^^^^^^^\n  File \"/opt/hostedtoolcache/Python/3.11.7/x64/lib/python3.11/site-packages/allure_commons/_allure.py\", line 192, in impl\n    return func(*a, **kw)\n           ^^^^^^^^^^^^^^\n  File \"/home/runner/work/luma_project/luma_project/pages/base_page.py\", line 50, in element_is_present\n    return wait(self.driver, timeout).until(EC.presence_of_element_located(locator))\n           ^^^^^^^^^^^^^^^^^^^^^^^^^^^^^^^^^^^^^^^^^^^^^^^^^^^^^^^^^^^^^^^^^^^^^^^^^\n  File \"/opt/hostedtoolcache/Python/3.11.7/x64/lib/python3.11/site-packages/selenium/webdriver/support/wait.py\", line 95, in until\n    raise TimeoutException(message, screen, stacktrace)\n",
      "steps" : [ {
        "name" : "Find a visible element",
        "time" : {
          "start" : 1702171799595,
          "stop" : 1702171804696,
          "duration" : 5101
        },
        "status" : "broken",
        "statusMessage" : "selenium.common.exceptions.TimeoutException: Message: \nStacktrace:\n#0 0x55adb3e3f5e3 <unknown>\n#1 0x55adb3b020b7 <unknown>\n#2 0x55adb3b4ff53 <unknown>\n#3 0x55adb3b50051 <unknown>\n#4 0x55adb3b959c4 <unknown>\n#5 0x55adb3b76f1d <unknown>\n#6 0x55adb3b92b3d <unknown>\n#7 0x55adb3b76cc3 <unknown>\n#8 0x55adb3b420e4 <unknown>\n#9 0x55adb3b430ae <unknown>\n#10 0x55adb3e05ce1 <unknown>\n#11 0x55adb3e09b7e <unknown>\n#12 0x55adb3df34b5 <unknown>\n#13 0x55adb3e0a7d6 <unknown>\n#14 0x55adb3dd6dbf <unknown>\n#15 0x55adb3e2d748 <unknown>\n#16 0x55adb3e2d917 <unknown>\n#17 0x55adb3e3e773 <unknown>\n#18 0x7f0cbfe94ac3 <unknown>\n\n",
        "statusTrace" : "  File \"/opt/hostedtoolcache/Python/3.11.7/x64/lib/python3.11/site-packages/allure_commons/_allure.py\", line 192, in impl\n    return func(*a, **kw)\n           ^^^^^^^^^^^^^^\n  File \"/home/runner/work/luma_project/luma_project/pages/base_page.py\", line 29, in element_is_visible\n    self.go_to_element(self.element_is_present(locator))\n                       ^^^^^^^^^^^^^^^^^^^^^^^^^^^^^^^^\n  File \"/opt/hostedtoolcache/Python/3.11.7/x64/lib/python3.11/site-packages/allure_commons/_allure.py\", line 192, in impl\n    return func(*a, **kw)\n           ^^^^^^^^^^^^^^\n  File \"/home/runner/work/luma_project/luma_project/pages/base_page.py\", line 50, in element_is_present\n    return wait(self.driver, timeout).until(EC.presence_of_element_located(locator))\n           ^^^^^^^^^^^^^^^^^^^^^^^^^^^^^^^^^^^^^^^^^^^^^^^^^^^^^^^^^^^^^^^^^^^^^^^^^\n  File \"/opt/hostedtoolcache/Python/3.11.7/x64/lib/python3.11/site-packages/selenium/webdriver/support/wait.py\", line 95, in until\n    raise TimeoutException(message, screen, stacktrace)\n",
        "steps" : [ {
          "name" : "Find a present element",
          "time" : {
            "start" : 1702171799595,
            "stop" : 1702171804696,
            "duration" : 5101
          },
          "status" : "broken",
          "statusMessage" : "selenium.common.exceptions.TimeoutException: Message: \nStacktrace:\n#0 0x55adb3e3f5e3 <unknown>\n#1 0x55adb3b020b7 <unknown>\n#2 0x55adb3b4ff53 <unknown>\n#3 0x55adb3b50051 <unknown>\n#4 0x55adb3b959c4 <unknown>\n#5 0x55adb3b76f1d <unknown>\n#6 0x55adb3b92b3d <unknown>\n#7 0x55adb3b76cc3 <unknown>\n#8 0x55adb3b420e4 <unknown>\n#9 0x55adb3b430ae <unknown>\n#10 0x55adb3e05ce1 <unknown>\n#11 0x55adb3e09b7e <unknown>\n#12 0x55adb3df34b5 <unknown>\n#13 0x55adb3e0a7d6 <unknown>\n#14 0x55adb3dd6dbf <unknown>\n#15 0x55adb3e2d748 <unknown>\n#16 0x55adb3e2d917 <unknown>\n#17 0x55adb3e3e773 <unknown>\n#18 0x7f0cbfe94ac3 <unknown>\n\n",
          "statusTrace" : "  File \"/opt/hostedtoolcache/Python/3.11.7/x64/lib/python3.11/site-packages/allure_commons/_allure.py\", line 192, in impl\n    return func(*a, **kw)\n           ^^^^^^^^^^^^^^\n  File \"/home/runner/work/luma_project/luma_project/pages/base_page.py\", line 50, in element_is_present\n    return wait(self.driver, timeout).until(EC.presence_of_element_located(locator))\n           ^^^^^^^^^^^^^^^^^^^^^^^^^^^^^^^^^^^^^^^^^^^^^^^^^^^^^^^^^^^^^^^^^^^^^^^^^\n  File \"/opt/hostedtoolcache/Python/3.11.7/x64/lib/python3.11/site-packages/selenium/webdriver/support/wait.py\", line 95, in until\n    raise TimeoutException(message, screen, stacktrace)\n",
          "steps" : [ ],
          "attachments" : [ ],
          "parameters" : [ {
            "name" : "locator",
            "value" : "('xpath', '//*[@id=\"maincontent\"]/div[4]/div[1]/div[1]/div[1]/div[2]/a[1]/span[1]/span[2]')"
          }, {
            "name" : "timeout",
            "value" : "5"
          } ],
          "stepsCount" : 0,
          "attachmentsCount" : 0,
          "shouldDisplayMessage" : true,
          "hasContent" : true
        } ],
        "attachments" : [ ],
        "parameters" : [ {
          "name" : "locator",
          "value" : "('xpath', '//*[@id=\"maincontent\"]/div[4]/div[1]/div[1]/div[1]/div[2]/a[1]/span[1]/span[2]')"
        }, {
          "name" : "timeout",
          "value" : "10"
        } ],
        "stepsCount" : 1,
        "attachmentsCount" : 0,
        "shouldDisplayMessage" : false,
        "hasContent" : true
      } ],
      "attachments" : [ ],
      "parameters" : [ ],
      "stepsCount" : 2,
      "attachmentsCount" : 0,
      "shouldDisplayMessage" : false,
      "hasContent" : true
    } ],
    "attachments" : [ {
      "uid" : "6495e5200bdc4784",
      "name" : "Screenshot",
      "source" : "6495e5200bdc4784.png",
      "type" : "image/png",
      "size" : 209962
    }, {
      "uid" : "c5ec063a16a9ee7d",
      "name" : "HTML source",
      "source" : "c5ec063a16a9ee7d.html",
      "type" : "text/html",
      "size" : 121206
    } ],
    "parameters" : [ ],
    "stepsCount" : 4,
    "attachmentsCount" : 2,
    "shouldDisplayMessage" : true,
    "hasContent" : true
  },
  "afterStages" : [ {
    "name" : "driver::0",
    "time" : {
      "start" : 1702171804878,
      "stop" : 1702171804947,
      "duration" : 69
    },
    "status" : "passed",
    "steps" : [ ],
    "attachments" : [ ],
    "parameters" : [ ],
    "stepsCount" : 0,
    "attachmentsCount" : 0,
    "shouldDisplayMessage" : false,
    "hasContent" : false
  }, {
    "name" : "clear_allure_result_folder::0",
    "time" : {
      "start" : 1702172493487,
      "stop" : 1702172493487,
      "duration" : 0
    },
    "status" : "passed",
    "steps" : [ ],
    "attachments" : [ ],
    "parameters" : [ ],
    "stepsCount" : 0,
    "attachmentsCount" : 0,
    "shouldDisplayMessage" : false,
    "hasContent" : false
  } ],
  "labels" : [ {
    "name" : "epic",
    "value" : "MenPage"
  }, {
    "name" : "parentSuite",
    "value" : "tests"
  }, {
    "name" : "suite",
    "value" : "test_men"
  }, {
    "name" : "subSuite",
    "value" : "TestMenPagePromoBlock"
  }, {
    "name" : "host",
    "value" : "fv-az840-726"
  }, {
    "name" : "thread",
    "value" : "3025-MainThread"
  }, {
    "name" : "framework",
    "value" : "pytest"
  }, {
    "name" : "language",
    "value" : "cpython3"
  }, {
    "name" : "package",
    "value" : "tests.test_men"
  }, {
    "name" : "resultFormat",
    "value" : "allure2"
  } ],
  "parameters" : [ ],
  "links" : [ ],
  "hidden" : false,
  "retry" : false,
  "extra" : {
    "severity" : "normal",
    "retries" : [ ],
    "categories" : [ {
      "name" : "Test defects",
      "matchedStatuses" : [ ],
      "flaky" : false
    } ],
    "tags" : [ ]
  },
  "source" : "edd3d156ec398e12.json",
  "parameterValues" : [ ]
}