{"uid":"70ad39f49ec33ed5","name":"TC 13.01.26_01 - Check correctness of the image in block 3 'home-erin' in the Promo Block","fullName":"tests.test_main_page.TestPromoBlock#test_tc_13_01_26_01_check_image_correctness_in_section2_block3","historyId":"4e64f8a6ab4f35e53e65b14d7640bad8","time":{"start":1734228251254,"stop":1734228252264,"duration":1010},"description":"This test checks if the image in section 2 block 3 'home-erin' is correct","descriptionHtml":"<p>This test checks if the image in section 2 block 3 'home-erin' is correct</p>\n","status":"broken","statusMessage":"selenium.common.exceptions.NoSuchElementException: Message: no such element: Unable to locate element: {\"method\":\"css selector\",\"selector\":\".home-erin img\"}\n  (Session info: chrome=131.0.6778.139); For documentation on this error, please visit: https://www.selenium.dev/documentation/webdriver/troubleshooting/errors#no-such-element-exception\nStacktrace:\n#0 0x5634557c231a <unknown>\n#1 0x5634552d86e0 <unknown>\n#2 0x5634553273e6 <unknown>\n#3 0x563455327681 <unknown>\n#4 0x56345536cb04 <unknown>\n#5 0x56345534b48d <unknown>\n#6 0x563455369ed7 <unknown>\n#7 0x56345534b203 <unknown>\n#8 0x563455319cc0 <unknown>\n#9 0x56345531ac9e <unknown>\n#10 0x56345578fd0b <unknown>\n#11 0x563455793c92 <unknown>\n#12 0x56345577cb3c <unknown>\n#13 0x563455794807 <unknown>\n#14 0x5634557620df <unknown>\n#15 0x5634557b1578 <unknown>\n#16 0x5634557b1740 <unknown>\n#17 0x5634557c1196 <unknown>\n#18 0x7f37b4294ac3 <unknown>","statusTrace":"self = <test_main_page.TestMainPage.TestPromoBlock object at 0x7f8a843d8490>\ndriver = <selenium.webdriver.chrome.webdriver.WebDriver (session=\"e3c3d0e50d40cc7b74bca79cb614dd00\")>\n\n    @allure.title(\"TC 13.01.26_01 - Check correctness of the image in block 3 'home-erin' in the Promo Block\")\n    def test_tc_13_01_26_01_check_image_correctness_in_section2_block3(self, driver):\n        \"\"\"This test checks if the image in section 2 block 3 'home-erin' is correct\"\"\"\n        page = PromoBlock(driver, MAIN_PAGE_URL)\n        page.open()\n>       block3_image = page.find_element(self.locators.SECTION_2_BLOCK_3_IMAGE)\n\ntests/test_main_page.py:373: \n_ _ _ _ _ _ _ _ _ _ _ _ _ _ _ _ _ _ _ _ _ _ _ _ _ _ _ _ _ _ _ _ _ _ _ _ _ _ _ _ \npages/base_page.py:201: in find_element\n    return self.driver.find_element(*locator)\n/opt/hostedtoolcache/Python/3.11.11/x64/lib/python3.11/site-packages/selenium/webdriver/remote/webdriver.py:738: in find_element\n    return self.execute(Command.FIND_ELEMENT, {\"using\": by, \"value\": value})[\"value\"]\n/opt/hostedtoolcache/Python/3.11.11/x64/lib/python3.11/site-packages/selenium/webdriver/remote/webdriver.py:344: in execute\n    self.error_handler.check_response(response)\n_ _ _ _ _ _ _ _ _ _ _ _ _ _ _ _ _ _ _ _ _ _ _ _ _ _ _ _ _ _ _ _ _ _ _ _ _ _ _ _ \n\nself = <selenium.webdriver.remote.errorhandler.ErrorHandler object at 0x7f8a8426ded0>\nresponse = {'status': 404, 'value': '{\"value\":{\"error\":\"no such element\",\"message\":\"no such element: Unable to locate element: {\\...\\\\n#16 0x5634557b1740 \\\\u003Cunknown>\\\\n#17 0x5634557c1196 \\\\u003Cunknown>\\\\n#18 0x7f37b4294ac3 \\\\u003Cunknown>\\\\n\"}}'}\n\n    def check_response(self, response: Dict[str, Any]) -> None:\n        \"\"\"Checks that a JSON response from the WebDriver does not have an\n        error.\n    \n        :Args:\n         - response - The JSON response from the WebDriver server as a dictionary\n           object.\n    \n        :Raises: If the response contains an error message.\n        \"\"\"\n        status = response.get(\"status\", None)\n        if not status or status == ErrorCode.SUCCESS:\n            return\n        value = None\n        message = response.get(\"message\", \"\")\n        screen: str = response.get(\"screen\", \"\")\n        stacktrace = None\n        if isinstance(status, int):\n            value_json = response.get(\"value\", None)\n            if value_json and isinstance(value_json, str):\n                import json\n    \n                try:\n                    value = json.loads(value_json)\n                    if len(value) == 1:\n                        value = value[\"value\"]\n                    status = value.get(\"error\", None)\n                    if not status:\n                        status = value.get(\"status\", ErrorCode.UNKNOWN_ERROR)\n                        message = value.get(\"value\") or value.get(\"message\")\n                        if not isinstance(message, str):\n                            value = message\n                            message = message.get(\"message\")\n                    else:\n                        message = value.get(\"message\", None)\n                except ValueError:\n                    pass\n    \n        exception_class: Type[WebDriverException]\n        e = ErrorCode()\n        error_codes = [item for item in dir(e) if not item.startswith(\"__\")]\n        for error_code in error_codes:\n            error_info = getattr(ErrorCode, error_code)\n            if isinstance(error_info, list) and status in error_info:\n                exception_class = getattr(ExceptionMapping, error_code, WebDriverException)\n                break\n        else:\n            exception_class = WebDriverException\n    \n        if not value:\n            value = response[\"value\"]\n        if isinstance(value, str):\n            raise exception_class(value)\n        if message == \"\" and \"message\" in value:\n            message = value[\"message\"]\n    \n        screen = None  # type: ignore[assignment]\n        if \"screen\" in value:\n            screen = value[\"screen\"]\n    \n        stacktrace = None\n        st_value = value.get(\"stackTrace\") or value.get(\"stacktrace\")\n        if st_value:\n            if isinstance(st_value, str):\n                stacktrace = st_value.split(\"\\n\")\n            else:\n                stacktrace = []\n                try:\n                    for frame in st_value:\n                        line = frame.get(\"lineNumber\", \"\")\n                        file = frame.get(\"fileName\", \"<anonymous>\")\n                        if line:\n                            file = f\"{file}:{line}\"\n                        meth = frame.get(\"methodName\", \"<anonymous>\")\n                        if \"className\" in frame:\n                            meth = f\"{frame['className']}.{meth}\"\n                        msg = \"    at %s (%s)\"\n                        msg = msg % (meth, file)\n                        stacktrace.append(msg)\n                except TypeError:\n                    pass\n        if exception_class == UnexpectedAlertPresentException:\n            alert_text = None\n            if \"data\" in value:\n                alert_text = value[\"data\"].get(\"text\")\n            elif \"alert\" in value:\n                alert_text = value[\"alert\"].get(\"text\")\n            raise exception_class(message, screen, stacktrace, alert_text)  # type: ignore[call-arg]  # mypy is not smart enough here\n>       raise exception_class(message, screen, stacktrace)\nE       selenium.common.exceptions.NoSuchElementException: Message: no such element: Unable to locate element: {\"method\":\"css selector\",\"selector\":\".home-erin img\"}\nE         (Session info: chrome=131.0.6778.139); For documentation on this error, please visit: https://www.selenium.dev/documentation/webdriver/troubleshooting/errors#no-such-element-exception\nE       Stacktrace:\nE       #0 0x5634557c231a <unknown>\nE       #1 0x5634552d86e0 <unknown>\nE       #2 0x5634553273e6 <unknown>\nE       #3 0x563455327681 <unknown>\nE       #4 0x56345536cb04 <unknown>\nE       #5 0x56345534b48d <unknown>\nE       #6 0x563455369ed7 <unknown>\nE       #7 0x56345534b203 <unknown>\nE       #8 0x563455319cc0 <unknown>\nE       #9 0x56345531ac9e <unknown>\nE       #10 0x56345578fd0b <unknown>\nE       #11 0x563455793c92 <unknown>\nE       #12 0x56345577cb3c <unknown>\nE       #13 0x563455794807 <unknown>\nE       #14 0x5634557620df <unknown>\nE       #15 0x5634557b1578 <unknown>\nE       #16 0x5634557b1740 <unknown>\nE       #17 0x5634557c1196 <unknown>\nE       #18 0x7f37b4294ac3 <unknown>\n\n/opt/hostedtoolcache/Python/3.11.11/x64/lib/python3.11/site-packages/selenium/webdriver/remote/errorhandler.py:229: NoSuchElementException","flaky":false,"newFailed":false,"newBroken":false,"newPassed":false,"retriesCount":0,"retriesStatusChange":false,"beforeStages":[{"name":"_session_faker","time":{"start":1734227593687,"stop":1734227593751,"duration":64},"status":"passed","steps":[],"attachments":[],"parameters":[],"shouldDisplayMessage":false,"stepsCount":0,"attachmentsCount":0,"hasContent":false,"attachmentStep":false},{"name":"clear_allure_result_folder","time":{"start":1734227593751,"stop":1734227593752,"duration":1},"status":"passed","steps":[],"attachments":[],"parameters":[],"shouldDisplayMessage":false,"stepsCount":0,"attachmentsCount":0,"hasContent":false,"attachmentStep":false},{"name":"driver","time":{"start":1734228249995,"stop":1734228251253,"duration":1258},"status":"passed","steps":[],"attachments":[],"parameters":[],"shouldDisplayMessage":false,"stepsCount":0,"attachmentsCount":0,"hasContent":false,"attachmentStep":false}],"testStage":{"description":"This test checks if the image in section 2 block 3 'home-erin' is correct","status":"broken","statusMessage":"selenium.common.exceptions.NoSuchElementException: Message: no such element: Unable to locate element: {\"method\":\"css selector\",\"selector\":\".home-erin img\"}\n  (Session info: chrome=131.0.6778.139); For documentation on this error, please visit: https://www.selenium.dev/documentation/webdriver/troubleshooting/errors#no-such-element-exception\nStacktrace:\n#0 0x5634557c231a <unknown>\n#1 0x5634552d86e0 <unknown>\n#2 0x5634553273e6 <unknown>\n#3 0x563455327681 <unknown>\n#4 0x56345536cb04 <unknown>\n#5 0x56345534b48d <unknown>\n#6 0x563455369ed7 <unknown>\n#7 0x56345534b203 <unknown>\n#8 0x563455319cc0 <unknown>\n#9 0x56345531ac9e <unknown>\n#10 0x56345578fd0b <unknown>\n#11 0x563455793c92 <unknown>\n#12 0x56345577cb3c <unknown>\n#13 0x563455794807 <unknown>\n#14 0x5634557620df <unknown>\n#15 0x5634557b1578 <unknown>\n#16 0x5634557b1740 <unknown>\n#17 0x5634557c1196 <unknown>\n#18 0x7f37b4294ac3 <unknown>","statusTrace":"self = <test_main_page.TestMainPage.TestPromoBlock object at 0x7f8a843d8490>\ndriver = <selenium.webdriver.chrome.webdriver.WebDriver (session=\"e3c3d0e50d40cc7b74bca79cb614dd00\")>\n\n    @allure.title(\"TC 13.01.26_01 - Check correctness of the image in block 3 'home-erin' in the Promo Block\")\n    def test_tc_13_01_26_01_check_image_correctness_in_section2_block3(self, driver):\n        \"\"\"This test checks if the image in section 2 block 3 'home-erin' is correct\"\"\"\n        page = PromoBlock(driver, MAIN_PAGE_URL)\n        page.open()\n>       block3_image = page.find_element(self.locators.SECTION_2_BLOCK_3_IMAGE)\n\ntests/test_main_page.py:373: \n_ _ _ _ _ _ _ _ _ _ _ _ _ _ _ _ _ _ _ _ _ _ _ _ _ _ _ _ _ _ _ _ _ _ _ _ _ _ _ _ \npages/base_page.py:201: in find_element\n    return self.driver.find_element(*locator)\n/opt/hostedtoolcache/Python/3.11.11/x64/lib/python3.11/site-packages/selenium/webdriver/remote/webdriver.py:738: in find_element\n    return self.execute(Command.FIND_ELEMENT, {\"using\": by, \"value\": value})[\"value\"]\n/opt/hostedtoolcache/Python/3.11.11/x64/lib/python3.11/site-packages/selenium/webdriver/remote/webdriver.py:344: in execute\n    self.error_handler.check_response(response)\n_ _ _ _ _ _ _ _ _ _ _ _ _ _ _ _ _ _ _ _ _ _ _ _ _ _ _ _ _ _ _ _ _ _ _ _ _ _ _ _ \n\nself = <selenium.webdriver.remote.errorhandler.ErrorHandler object at 0x7f8a8426ded0>\nresponse = {'status': 404, 'value': '{\"value\":{\"error\":\"no such element\",\"message\":\"no such element: Unable to locate element: {\\...\\\\n#16 0x5634557b1740 \\\\u003Cunknown>\\\\n#17 0x5634557c1196 \\\\u003Cunknown>\\\\n#18 0x7f37b4294ac3 \\\\u003Cunknown>\\\\n\"}}'}\n\n    def check_response(self, response: Dict[str, Any]) -> None:\n        \"\"\"Checks that a JSON response from the WebDriver does not have an\n        error.\n    \n        :Args:\n         - response - The JSON response from the WebDriver server as a dictionary\n           object.\n    \n        :Raises: If the response contains an error message.\n        \"\"\"\n        status = response.get(\"status\", None)\n        if not status or status == ErrorCode.SUCCESS:\n            return\n        value = None\n        message = response.get(\"message\", \"\")\n        screen: str = response.get(\"screen\", \"\")\n        stacktrace = None\n        if isinstance(status, int):\n            value_json = response.get(\"value\", None)\n            if value_json and isinstance(value_json, str):\n                import json\n    \n                try:\n                    value = json.loads(value_json)\n                    if len(value) == 1:\n                        value = value[\"value\"]\n                    status = value.get(\"error\", None)\n                    if not status:\n                        status = value.get(\"status\", ErrorCode.UNKNOWN_ERROR)\n                        message = value.get(\"value\") or value.get(\"message\")\n                        if not isinstance(message, str):\n                            value = message\n                            message = message.get(\"message\")\n                    else:\n                        message = value.get(\"message\", None)\n                except ValueError:\n                    pass\n    \n        exception_class: Type[WebDriverException]\n        e = ErrorCode()\n        error_codes = [item for item in dir(e) if not item.startswith(\"__\")]\n        for error_code in error_codes:\n            error_info = getattr(ErrorCode, error_code)\n            if isinstance(error_info, list) and status in error_info:\n                exception_class = getattr(ExceptionMapping, error_code, WebDriverException)\n                break\n        else:\n            exception_class = WebDriverException\n    \n        if not value:\n            value = response[\"value\"]\n        if isinstance(value, str):\n            raise exception_class(value)\n        if message == \"\" and \"message\" in value:\n            message = value[\"message\"]\n    \n        screen = None  # type: ignore[assignment]\n        if \"screen\" in value:\n            screen = value[\"screen\"]\n    \n        stacktrace = None\n        st_value = value.get(\"stackTrace\") or value.get(\"stacktrace\")\n        if st_value:\n            if isinstance(st_value, str):\n                stacktrace = st_value.split(\"\\n\")\n            else:\n                stacktrace = []\n                try:\n                    for frame in st_value:\n                        line = frame.get(\"lineNumber\", \"\")\n                        file = frame.get(\"fileName\", \"<anonymous>\")\n                        if line:\n                            file = f\"{file}:{line}\"\n                        meth = frame.get(\"methodName\", \"<anonymous>\")\n                        if \"className\" in frame:\n                            meth = f\"{frame['className']}.{meth}\"\n                        msg = \"    at %s (%s)\"\n                        msg = msg % (meth, file)\n                        stacktrace.append(msg)\n                except TypeError:\n                    pass\n        if exception_class == UnexpectedAlertPresentException:\n            alert_text = None\n            if \"data\" in value:\n                alert_text = value[\"data\"].get(\"text\")\n            elif \"alert\" in value:\n                alert_text = value[\"alert\"].get(\"text\")\n            raise exception_class(message, screen, stacktrace, alert_text)  # type: ignore[call-arg]  # mypy is not smart enough here\n>       raise exception_class(message, screen, stacktrace)\nE       selenium.common.exceptions.NoSuchElementException: Message: no such element: Unable to locate element: {\"method\":\"css selector\",\"selector\":\".home-erin img\"}\nE         (Session info: chrome=131.0.6778.139); For documentation on this error, please visit: https://www.selenium.dev/documentation/webdriver/troubleshooting/errors#no-such-element-exception\nE       Stacktrace:\nE       #0 0x5634557c231a <unknown>\nE       #1 0x5634552d86e0 <unknown>\nE       #2 0x5634553273e6 <unknown>\nE       #3 0x563455327681 <unknown>\nE       #4 0x56345536cb04 <unknown>\nE       #5 0x56345534b48d <unknown>\nE       #6 0x563455369ed7 <unknown>\nE       #7 0x56345534b203 <unknown>\nE       #8 0x563455319cc0 <unknown>\nE       #9 0x56345531ac9e <unknown>\nE       #10 0x56345578fd0b <unknown>\nE       #11 0x563455793c92 <unknown>\nE       #12 0x56345577cb3c <unknown>\nE       #13 0x563455794807 <unknown>\nE       #14 0x5634557620df <unknown>\nE       #15 0x5634557b1578 <unknown>\nE       #16 0x5634557b1740 <unknown>\nE       #17 0x5634557c1196 <unknown>\nE       #18 0x7f37b4294ac3 <unknown>\n\n/opt/hostedtoolcache/Python/3.11.11/x64/lib/python3.11/site-packages/selenium/webdriver/remote/errorhandler.py:229: NoSuchElementException","steps":[{"name":"Open a browser","time":{"start":1734228251254,"stop":1734228252246,"duration":992},"status":"passed","steps":[],"attachments":[],"parameters":[],"shouldDisplayMessage":false,"stepsCount":0,"attachmentsCount":0,"hasContent":false,"attachmentStep":false},{"name":"Find element (unpacking)","time":{"start":1734228252246,"stop":1734228252263,"duration":17},"status":"broken","statusMessage":"selenium.common.exceptions.NoSuchElementException: Message: no such element: Unable to locate element: {\"method\":\"css selector\",\"selector\":\".home-erin img\"}\n  (Session info: chrome=131.0.6778.139); For documentation on this error, please visit: https://www.selenium.dev/documentation/webdriver/troubleshooting/errors#no-such-element-exception\nStacktrace:\n#0 0x5634557c231a <unknown>\n#1 0x5634552d86e0 <unknown>\n#2 0x5634553273e6 <unknown>\n#3 0x563455327681 <unknown>\n#4 0x56345536cb04 <unknown>\n#5 0x56345534b48d <unknown>\n#6 0x563455369ed7 <unknown>\n#7 0x56345534b203 <unknown>\n#8 0x563455319cc0 <unknown>\n#9 0x56345531ac9e <unknown>\n#10 0x56345578fd0b <unknown>\n#11 0x563455793c92 <unknown>\n#12 0x56345577cb3c <unknown>\n#13 0x563455794807 <unknown>\n#14 0x5634557620df <unknown>\n#15 0x5634557b1578 <unknown>\n#16 0x5634557b1740 <unknown>\n#17 0x5634557c1196 <unknown>\n#18 0x7f37b4294ac3 <unknown>\n\n","statusTrace":"  File \"/opt/hostedtoolcache/Python/3.11.11/x64/lib/python3.11/site-packages/allure_commons/_allure.py\", line 192, in impl\n    return func(*a, **kw)\n           ^^^^^^^^^^^^^^\n  File \"/home/runner/work/luma_project/luma_project/pages/base_page.py\", line 201, in find_element\n    return self.driver.find_element(*locator)\n           ^^^^^^^^^^^^^^^^^^^^^^^^^^^^^^^^^^\n  File \"/opt/hostedtoolcache/Python/3.11.11/x64/lib/python3.11/site-packages/selenium/webdriver/remote/webdriver.py\", line 738, in find_element\n    return self.execute(Command.FIND_ELEMENT, {\"using\": by, \"value\": value})[\"value\"]\n           ^^^^^^^^^^^^^^^^^^^^^^^^^^^^^^^^^^^^^^^^^^^^^^^^^^^^^^^^^^^^^^^^^\n  File \"/opt/hostedtoolcache/Python/3.11.11/x64/lib/python3.11/site-packages/selenium/webdriver/remote/webdriver.py\", line 344, in execute\n    self.error_handler.check_response(response)\n  File \"/opt/hostedtoolcache/Python/3.11.11/x64/lib/python3.11/site-packages/selenium/webdriver/remote/errorhandler.py\", line 229, in check_response\n    raise exception_class(message, screen, stacktrace)\n","steps":[],"attachments":[],"parameters":[{"name":"locator","value":"('css selector', '.home-erin img')"}],"shouldDisplayMessage":true,"stepsCount":0,"attachmentsCount":0,"hasContent":true,"attachmentStep":false}],"attachments":[{"uid":"3151a577a2f95c25","name":"Screenshot","source":"3151a577a2f95c25.png","type":"image/png","size":549142},{"uid":"bbf3222f041f3da","name":"HTML source","source":"bbf3222f041f3da.html","type":"text/html","size":136672}],"parameters":[],"shouldDisplayMessage":true,"stepsCount":2,"attachmentsCount":2,"hasContent":true,"attachmentStep":false},"afterStages":[{"name":"driver::0","time":{"start":1734228252523,"stop":1734228252595,"duration":72},"status":"passed","steps":[],"attachments":[],"parameters":[],"shouldDisplayMessage":false,"stepsCount":0,"attachmentsCount":0,"hasContent":false,"attachmentStep":false},{"name":"clear_allure_result_folder::0","time":{"start":1734228980114,"stop":1734228980114,"duration":0},"status":"passed","steps":[],"attachments":[],"parameters":[],"shouldDisplayMessage":false,"stepsCount":0,"attachmentsCount":0,"hasContent":false,"attachmentStep":false}],"labels":[{"name":"feature","value":"Promo Block Testing"},{"name":"epic","value":"Main Page"},{"name":"parentSuite","value":"tests"},{"name":"suite","value":"test_main_page"},{"name":"subSuite","value":"TestMainPage"},{"name":"host","value":"fv-az1535-97"},{"name":"thread","value":"2830-MainThread"},{"name":"framework","value":"pytest"},{"name":"language","value":"cpython3"},{"name":"package","value":"tests.test_main_page"},{"name":"resultFormat","value":"allure2"}],"parameters":[],"links":[],"hidden":false,"retry":false,"extra":{"severity":"normal","retries":[],"categories":[{"name":"Test defects","matchedStatuses":[],"flaky":false}],"tags":[]},"source":"70ad39f49ec33ed5.json","parameterValues":[]}