{"uid":"8e741351854d428b","name":"TC 01_15_01 Verify possibility to vote with 3 stars","fullName":"tests.test_reviews_page.TestReviews#test_tc_01_15_03_check_that_it_is_possible_to_vote_for_3_star","historyId":"a09b3b388c7a950ae742890d45064f2f","time":{"start":1728612250118,"stop":1728612253462,"duration":3344},"description":"\n        The user is NOT logged in, located in the product card, section \"Reviews\"\n        1. All required fields are filled with correct data\n        2. Pressed 3 star\n        3.The \"Submit Review\" button is pressed\n        Result: Present in the DOM and visible on the page the message: \"You submitted your review for moderation.\n        This code works when run on Win, Mac, Ubuntu on a real laptop and has the features of working on GitHub Action.\n        When interacting with the GitHub Action, it checks not for the text of the \"Success\" message, but for the \"Success\" URL\"\n        ","descriptionHtml":"<pre><code>    The user is NOT logged in, located in the product card, section &quot;Reviews&quot;\n    1. All required fields are filled with correct data\n    2. Pressed 3 star\n    3.The &quot;Submit Review&quot; button is pressed\n    Result: Present in the DOM and visible on the page the message: &quot;You submitted your review for moderation.\n    This code works when run on Win, Mac, Ubuntu on a real laptop and has the features of working on GitHub Action.\n    When interacting with the GitHub Action, it checks not for the text of the &quot;Success&quot; message, but for the &quot;Success&quot; URL&quot;\n</code></pre>\n","status":"skipped","statusMessage":"XFAIL Flaky behavior on CI\n\nselenium.common.exceptions.ElementClickInterceptedException: Message: element click intercepted: Element <a class=\"data switch\" tabindex=\"-1\" data-toggle=\"trigger\" href=\"#reviews\" id=\"tab-label-reviews-title\">...</a> is not clickable at point (696, 839). Other element would receive the click: <div id=\"aswift_2_host\" style=\"border: none !important; height: 50px !important; width: 100% !important; margin: 0px !important; padding: 0px !important; position: relative !important; visibility: visible !important; background-color: transparent !important; display: inline-block !important; inset: auto !important; clear: none !important; float: none !important; max-height: none !important; max-width: none !important; opacity: 1 !important; overflow: visible !important; vertical-align: baseline !important; z-index: auto !important;\">...</div>\n  (Session info: chrome=129.0.6668.89)\nStacktrace:\n#0 0x5625ab46a02a <unknown>\n#1 0x5625ab1505e0 <unknown>\n#2 0x5625ab1a6866 <unknown>\n#3 0x5625ab1a478d <unknown>\n#4 0x5625ab1a2237 <unknown>\n#5 0x5625ab1a1646 <unknown>\n#6 0x5625ab194a98 <unknown>\n#7 0x5625ab1c4b22 <unknown>\n#8 0x5625ab194478 <unknown>\n#9 0x5625ab1c4cee <unknown>\n#10 0x5625ab1e3d7d <unknown>\n#11 0x5625ab1c48c3 <unknown>\n#12 0x5625ab1926b3 <unknown>\n#13 0x5625ab19368e <unknown>\n#14 0x5625ab434a2b <unknown>\n#15 0x5625ab4389b1 <unknown>\n#16 0x5625ab421225 <unknown>\n#17 0x5625ab439532 <unknown>\n#18 0x5625ab40638f <unknown>\n#19 0x5625ab458f28 <unknown>\n#20 0x5625ab4590f3 <unknown>\n#21 0x5625ab468e7c <unknown>\n#22 0x7f7c64894ac3 <unknown>","statusTrace":"self = <test_reviews_page.TestReviews object at 0x7f23425f7350>\ndriver = <selenium.webdriver.chrome.webdriver.WebDriver (session=\"604ff9502a38797fc9e506012209e1a8\")>\n\n    @pytest.mark.xfail(reason=\"Flaky behavior on CI\")\n    @allure.title('TC 01_15_01 Verify possibility to vote with 3 stars')\n    def test_tc_01_15_03_check_that_it_is_possible_to_vote_for_3_star(self, driver):\n        \"\"\"\n        The user is NOT logged in, located in the product card, section \"Reviews\"\n        1. All required fields are filled with correct data\n        2. Pressed 3 star\n        3.The \"Submit Review\" button is pressed\n        Result: Present in the DOM and visible on the page the message: \"You submitted your review for moderation.\n        This code works when run on Win, Mac, Ubuntu on a real laptop and has the features of working on GitHub Action.\n        When interacting with the GitHub Action, it checks not for the text of the \"Success\" message, but for the \"Success\" URL\"\n        \"\"\"\n    \n        \"\"\"Steps\"\"\"\n        page = ReviewsPage(driver, REVIEWS_URL_GENERAL)\n        page.open()\n    \n        \"\"\"Get the current URL and print it\"\"\"\n        page.get_the_current_URL_and_print_it()\n    \n        \"\"\"Steps\"\"\"\n>       page.open_review_menu()\n\ntests/test_reviews_page.py:146: \n_ _ _ _ _ _ _ _ _ _ _ _ _ _ _ _ _ _ _ _ _ _ _ _ _ _ _ _ _ _ _ _ _ _ _ _ _ _ _ _ \npages/reviews_page.py:15: in open_review_menu\n    review_menu.click()\n/opt/hostedtoolcache/Python/3.11.10/x64/lib/python3.11/site-packages/selenium/webdriver/remote/webelement.py:93: in click\n    self._execute(Command.CLICK_ELEMENT)\n/opt/hostedtoolcache/Python/3.11.10/x64/lib/python3.11/site-packages/selenium/webdriver/remote/webelement.py:394: in _execute\n    return self._parent.execute(command, params)\n/opt/hostedtoolcache/Python/3.11.10/x64/lib/python3.11/site-packages/selenium/webdriver/remote/webdriver.py:344: in execute\n    self.error_handler.check_response(response)\n_ _ _ _ _ _ _ _ _ _ _ _ _ _ _ _ _ _ _ _ _ _ _ _ _ _ _ _ _ _ _ _ _ _ _ _ _ _ _ _ \n\nself = <selenium.webdriver.remote.errorhandler.ErrorHandler object at 0x7f2341d5e950>\nresponse = {'status': 400, 'value': '{\"value\":{\"error\":\"element click intercepted\",\"message\":\"element click intercepted: Element ...\\\\n#20 0x5625ab4590f3 \\\\u003Cunknown>\\\\n#21 0x5625ab468e7c \\\\u003Cunknown>\\\\n#22 0x7f7c64894ac3 \\\\u003Cunknown>\\\\n\"}}'}\n\n    def check_response(self, response: Dict[str, Any]) -> None:\n        \"\"\"Checks that a JSON response from the WebDriver does not have an\n        error.\n    \n        :Args:\n         - response - The JSON response from the WebDriver server as a dictionary\n           object.\n    \n        :Raises: If the response contains an error message.\n        \"\"\"\n        status = response.get(\"status\", None)\n        if not status or status == ErrorCode.SUCCESS:\n            return\n        value = None\n        message = response.get(\"message\", \"\")\n        screen: str = response.get(\"screen\", \"\")\n        stacktrace = None\n        if isinstance(status, int):\n            value_json = response.get(\"value\", None)\n            if value_json and isinstance(value_json, str):\n                import json\n    \n                try:\n                    value = json.loads(value_json)\n                    if len(value) == 1:\n                        value = value[\"value\"]\n                    status = value.get(\"error\", None)\n                    if not status:\n                        status = value.get(\"status\", ErrorCode.UNKNOWN_ERROR)\n                        message = value.get(\"value\") or value.get(\"message\")\n                        if not isinstance(message, str):\n                            value = message\n                            message = message.get(\"message\")\n                    else:\n                        message = value.get(\"message\", None)\n                except ValueError:\n                    pass\n    \n        exception_class: Type[WebDriverException]\n        e = ErrorCode()\n        error_codes = [item for item in dir(e) if not item.startswith(\"__\")]\n        for error_code in error_codes:\n            error_info = getattr(ErrorCode, error_code)\n            if isinstance(error_info, list) and status in error_info:\n                exception_class = getattr(ExceptionMapping, error_code, WebDriverException)\n                break\n        else:\n            exception_class = WebDriverException\n    \n        if not value:\n            value = response[\"value\"]\n        if isinstance(value, str):\n            raise exception_class(value)\n        if message == \"\" and \"message\" in value:\n            message = value[\"message\"]\n    \n        screen = None  # type: ignore[assignment]\n        if \"screen\" in value:\n            screen = value[\"screen\"]\n    \n        stacktrace = None\n        st_value = value.get(\"stackTrace\") or value.get(\"stacktrace\")\n        if st_value:\n            if isinstance(st_value, str):\n                stacktrace = st_value.split(\"\\n\")\n            else:\n                stacktrace = []\n                try:\n                    for frame in st_value:\n                        line = frame.get(\"lineNumber\", \"\")\n                        file = frame.get(\"fileName\", \"<anonymous>\")\n                        if line:\n                            file = f\"{file}:{line}\"\n                        meth = frame.get(\"methodName\", \"<anonymous>\")\n                        if \"className\" in frame:\n                            meth = f\"{frame['className']}.{meth}\"\n                        msg = \"    at %s (%s)\"\n                        msg = msg % (meth, file)\n                        stacktrace.append(msg)\n                except TypeError:\n                    pass\n        if exception_class == UnexpectedAlertPresentException:\n            alert_text = None\n            if \"data\" in value:\n                alert_text = value[\"data\"].get(\"text\")\n            elif \"alert\" in value:\n                alert_text = value[\"alert\"].get(\"text\")\n            raise exception_class(message, screen, stacktrace, alert_text)  # type: ignore[call-arg]  # mypy is not smart enough here\n>       raise exception_class(message, screen, stacktrace)\nE       selenium.common.exceptions.ElementClickInterceptedException: Message: element click intercepted: Element <a class=\"data switch\" tabindex=\"-1\" data-toggle=\"trigger\" href=\"#reviews\" id=\"tab-label-reviews-title\">...</a> is not clickable at point (696, 839). Other element would receive the click: <div id=\"aswift_2_host\" style=\"border: none !important; height: 50px !important; width: 100% !important; margin: 0px !important; padding: 0px !important; position: relative !important; visibility: visible !important; background-color: transparent !important; display: inline-block !important; inset: auto !important; clear: none !important; float: none !important; max-height: none !important; max-width: none !important; opacity: 1 !important; overflow: visible !important; vertical-align: baseline !important; z-index: auto !important;\">...</div>\nE         (Session info: chrome=129.0.6668.89)\nE       Stacktrace:\nE       #0 0x5625ab46a02a <unknown>\nE       #1 0x5625ab1505e0 <unknown>\nE       #2 0x5625ab1a6866 <unknown>\nE       #3 0x5625ab1a478d <unknown>\nE       #4 0x5625ab1a2237 <unknown>\nE       #5 0x5625ab1a1646 <unknown>\nE       #6 0x5625ab194a98 <unknown>\nE       #7 0x5625ab1c4b22 <unknown>\nE       #8 0x5625ab194478 <unknown>\nE       #9 0x5625ab1c4cee <unknown>\nE       #10 0x5625ab1e3d7d <unknown>\nE       #11 0x5625ab1c48c3 <unknown>\nE       #12 0x5625ab1926b3 <unknown>\nE       #13 0x5625ab19368e <unknown>\nE       #14 0x5625ab434a2b <unknown>\nE       #15 0x5625ab4389b1 <unknown>\nE       #16 0x5625ab421225 <unknown>\nE       #17 0x5625ab439532 <unknown>\nE       #18 0x5625ab40638f <unknown>\nE       #19 0x5625ab458f28 <unknown>\nE       #20 0x5625ab4590f3 <unknown>\nE       #21 0x5625ab468e7c <unknown>\nE       #22 0x7f7c64894ac3 <unknown>\n\n/opt/hostedtoolcache/Python/3.11.10/x64/lib/python3.11/site-packages/selenium/webdriver/remote/errorhandler.py:229: ElementClickInterceptedException","flaky":false,"newFailed":false,"newBroken":false,"newPassed":false,"retriesCount":0,"retriesStatusChange":false,"beforeStages":[{"name":"_session_faker","time":{"start":1728610620743,"stop":1728610620809,"duration":66},"status":"passed","steps":[],"attachments":[],"parameters":[],"shouldDisplayMessage":false,"stepsCount":0,"attachmentsCount":0,"hasContent":false,"attachmentStep":false},{"name":"clear_allure_result_folder","time":{"start":1728610620809,"stop":1728610620809,"duration":0},"status":"passed","steps":[],"attachments":[],"parameters":[],"shouldDisplayMessage":false,"stepsCount":0,"attachmentsCount":0,"hasContent":false,"attachmentStep":false},{"name":"driver","time":{"start":1728612248856,"stop":1728612250117,"duration":1261},"status":"passed","steps":[],"attachments":[],"parameters":[],"shouldDisplayMessage":false,"stepsCount":0,"attachmentsCount":0,"hasContent":false,"attachmentStep":false}],"testStage":{"description":"\n        The user is NOT logged in, located in the product card, section \"Reviews\"\n        1. All required fields are filled with correct data\n        2. Pressed 3 star\n        3.The \"Submit Review\" button is pressed\n        Result: Present in the DOM and visible on the page the message: \"You submitted your review for moderation.\n        This code works when run on Win, Mac, Ubuntu on a real laptop and has the features of working on GitHub Action.\n        When interacting with the GitHub Action, it checks not for the text of the \"Success\" message, but for the \"Success\" URL\"\n        ","status":"skipped","statusMessage":"XFAIL Flaky behavior on CI\n\nselenium.common.exceptions.ElementClickInterceptedException: Message: element click intercepted: Element <a class=\"data switch\" tabindex=\"-1\" data-toggle=\"trigger\" href=\"#reviews\" id=\"tab-label-reviews-title\">...</a> is not clickable at point (696, 839). Other element would receive the click: <div id=\"aswift_2_host\" style=\"border: none !important; height: 50px !important; width: 100% !important; margin: 0px !important; padding: 0px !important; position: relative !important; visibility: visible !important; background-color: transparent !important; display: inline-block !important; inset: auto !important; clear: none !important; float: none !important; max-height: none !important; max-width: none !important; opacity: 1 !important; overflow: visible !important; vertical-align: baseline !important; z-index: auto !important;\">...</div>\n  (Session info: chrome=129.0.6668.89)\nStacktrace:\n#0 0x5625ab46a02a <unknown>\n#1 0x5625ab1505e0 <unknown>\n#2 0x5625ab1a6866 <unknown>\n#3 0x5625ab1a478d <unknown>\n#4 0x5625ab1a2237 <unknown>\n#5 0x5625ab1a1646 <unknown>\n#6 0x5625ab194a98 <unknown>\n#7 0x5625ab1c4b22 <unknown>\n#8 0x5625ab194478 <unknown>\n#9 0x5625ab1c4cee <unknown>\n#10 0x5625ab1e3d7d <unknown>\n#11 0x5625ab1c48c3 <unknown>\n#12 0x5625ab1926b3 <unknown>\n#13 0x5625ab19368e <unknown>\n#14 0x5625ab434a2b <unknown>\n#15 0x5625ab4389b1 <unknown>\n#16 0x5625ab421225 <unknown>\n#17 0x5625ab439532 <unknown>\n#18 0x5625ab40638f <unknown>\n#19 0x5625ab458f28 <unknown>\n#20 0x5625ab4590f3 <unknown>\n#21 0x5625ab468e7c <unknown>\n#22 0x7f7c64894ac3 <unknown>","statusTrace":"self = <test_reviews_page.TestReviews object at 0x7f23425f7350>\ndriver = <selenium.webdriver.chrome.webdriver.WebDriver (session=\"604ff9502a38797fc9e506012209e1a8\")>\n\n    @pytest.mark.xfail(reason=\"Flaky behavior on CI\")\n    @allure.title('TC 01_15_01 Verify possibility to vote with 3 stars')\n    def test_tc_01_15_03_check_that_it_is_possible_to_vote_for_3_star(self, driver):\n        \"\"\"\n        The user is NOT logged in, located in the product card, section \"Reviews\"\n        1. All required fields are filled with correct data\n        2. Pressed 3 star\n        3.The \"Submit Review\" button is pressed\n        Result: Present in the DOM and visible on the page the message: \"You submitted your review for moderation.\n        This code works when run on Win, Mac, Ubuntu on a real laptop and has the features of working on GitHub Action.\n        When interacting with the GitHub Action, it checks not for the text of the \"Success\" message, but for the \"Success\" URL\"\n        \"\"\"\n    \n        \"\"\"Steps\"\"\"\n        page = ReviewsPage(driver, REVIEWS_URL_GENERAL)\n        page.open()\n    \n        \"\"\"Get the current URL and print it\"\"\"\n        page.get_the_current_URL_and_print_it()\n    \n        \"\"\"Steps\"\"\"\n>       page.open_review_menu()\n\ntests/test_reviews_page.py:146: \n_ _ _ _ _ _ _ _ _ _ _ _ _ _ _ _ _ _ _ _ _ _ _ _ _ _ _ _ _ _ _ _ _ _ _ _ _ _ _ _ \npages/reviews_page.py:15: in open_review_menu\n    review_menu.click()\n/opt/hostedtoolcache/Python/3.11.10/x64/lib/python3.11/site-packages/selenium/webdriver/remote/webelement.py:93: in click\n    self._execute(Command.CLICK_ELEMENT)\n/opt/hostedtoolcache/Python/3.11.10/x64/lib/python3.11/site-packages/selenium/webdriver/remote/webelement.py:394: in _execute\n    return self._parent.execute(command, params)\n/opt/hostedtoolcache/Python/3.11.10/x64/lib/python3.11/site-packages/selenium/webdriver/remote/webdriver.py:344: in execute\n    self.error_handler.check_response(response)\n_ _ _ _ _ _ _ _ _ _ _ _ _ _ _ _ _ _ _ _ _ _ _ _ _ _ _ _ _ _ _ _ _ _ _ _ _ _ _ _ \n\nself = <selenium.webdriver.remote.errorhandler.ErrorHandler object at 0x7f2341d5e950>\nresponse = {'status': 400, 'value': '{\"value\":{\"error\":\"element click intercepted\",\"message\":\"element click intercepted: Element ...\\\\n#20 0x5625ab4590f3 \\\\u003Cunknown>\\\\n#21 0x5625ab468e7c \\\\u003Cunknown>\\\\n#22 0x7f7c64894ac3 \\\\u003Cunknown>\\\\n\"}}'}\n\n    def check_response(self, response: Dict[str, Any]) -> None:\n        \"\"\"Checks that a JSON response from the WebDriver does not have an\n        error.\n    \n        :Args:\n         - response - The JSON response from the WebDriver server as a dictionary\n           object.\n    \n        :Raises: If the response contains an error message.\n        \"\"\"\n        status = response.get(\"status\", None)\n        if not status or status == ErrorCode.SUCCESS:\n            return\n        value = None\n        message = response.get(\"message\", \"\")\n        screen: str = response.get(\"screen\", \"\")\n        stacktrace = None\n        if isinstance(status, int):\n            value_json = response.get(\"value\", None)\n            if value_json and isinstance(value_json, str):\n                import json\n    \n                try:\n                    value = json.loads(value_json)\n                    if len(value) == 1:\n                        value = value[\"value\"]\n                    status = value.get(\"error\", None)\n                    if not status:\n                        status = value.get(\"status\", ErrorCode.UNKNOWN_ERROR)\n                        message = value.get(\"value\") or value.get(\"message\")\n                        if not isinstance(message, str):\n                            value = message\n                            message = message.get(\"message\")\n                    else:\n                        message = value.get(\"message\", None)\n                except ValueError:\n                    pass\n    \n        exception_class: Type[WebDriverException]\n        e = ErrorCode()\n        error_codes = [item for item in dir(e) if not item.startswith(\"__\")]\n        for error_code in error_codes:\n            error_info = getattr(ErrorCode, error_code)\n            if isinstance(error_info, list) and status in error_info:\n                exception_class = getattr(ExceptionMapping, error_code, WebDriverException)\n                break\n        else:\n            exception_class = WebDriverException\n    \n        if not value:\n            value = response[\"value\"]\n        if isinstance(value, str):\n            raise exception_class(value)\n        if message == \"\" and \"message\" in value:\n            message = value[\"message\"]\n    \n        screen = None  # type: ignore[assignment]\n        if \"screen\" in value:\n            screen = value[\"screen\"]\n    \n        stacktrace = None\n        st_value = value.get(\"stackTrace\") or value.get(\"stacktrace\")\n        if st_value:\n            if isinstance(st_value, str):\n                stacktrace = st_value.split(\"\\n\")\n            else:\n                stacktrace = []\n                try:\n                    for frame in st_value:\n                        line = frame.get(\"lineNumber\", \"\")\n                        file = frame.get(\"fileName\", \"<anonymous>\")\n                        if line:\n                            file = f\"{file}:{line}\"\n                        meth = frame.get(\"methodName\", \"<anonymous>\")\n                        if \"className\" in frame:\n                            meth = f\"{frame['className']}.{meth}\"\n                        msg = \"    at %s (%s)\"\n                        msg = msg % (meth, file)\n                        stacktrace.append(msg)\n                except TypeError:\n                    pass\n        if exception_class == UnexpectedAlertPresentException:\n            alert_text = None\n            if \"data\" in value:\n                alert_text = value[\"data\"].get(\"text\")\n            elif \"alert\" in value:\n                alert_text = value[\"alert\"].get(\"text\")\n            raise exception_class(message, screen, stacktrace, alert_text)  # type: ignore[call-arg]  # mypy is not smart enough here\n>       raise exception_class(message, screen, stacktrace)\nE       selenium.common.exceptions.ElementClickInterceptedException: Message: element click intercepted: Element <a class=\"data switch\" tabindex=\"-1\" data-toggle=\"trigger\" href=\"#reviews\" id=\"tab-label-reviews-title\">...</a> is not clickable at point (696, 839). Other element would receive the click: <div id=\"aswift_2_host\" style=\"border: none !important; height: 50px !important; width: 100% !important; margin: 0px !important; padding: 0px !important; position: relative !important; visibility: visible !important; background-color: transparent !important; display: inline-block !important; inset: auto !important; clear: none !important; float: none !important; max-height: none !important; max-width: none !important; opacity: 1 !important; overflow: visible !important; vertical-align: baseline !important; z-index: auto !important;\">...</div>\nE         (Session info: chrome=129.0.6668.89)\nE       Stacktrace:\nE       #0 0x5625ab46a02a <unknown>\nE       #1 0x5625ab1505e0 <unknown>\nE       #2 0x5625ab1a6866 <unknown>\nE       #3 0x5625ab1a478d <unknown>\nE       #4 0x5625ab1a2237 <unknown>\nE       #5 0x5625ab1a1646 <unknown>\nE       #6 0x5625ab194a98 <unknown>\nE       #7 0x5625ab1c4b22 <unknown>\nE       #8 0x5625ab194478 <unknown>\nE       #9 0x5625ab1c4cee <unknown>\nE       #10 0x5625ab1e3d7d <unknown>\nE       #11 0x5625ab1c48c3 <unknown>\nE       #12 0x5625ab1926b3 <unknown>\nE       #13 0x5625ab19368e <unknown>\nE       #14 0x5625ab434a2b <unknown>\nE       #15 0x5625ab4389b1 <unknown>\nE       #16 0x5625ab421225 <unknown>\nE       #17 0x5625ab439532 <unknown>\nE       #18 0x5625ab40638f <unknown>\nE       #19 0x5625ab458f28 <unknown>\nE       #20 0x5625ab4590f3 <unknown>\nE       #21 0x5625ab468e7c <unknown>\nE       #22 0x7f7c64894ac3 <unknown>\n\n/opt/hostedtoolcache/Python/3.11.10/x64/lib/python3.11/site-packages/selenium/webdriver/remote/errorhandler.py:229: ElementClickInterceptedException","steps":[{"name":"Open a browser","time":{"start":1728612250118,"stop":1728612252262,"duration":2144},"status":"passed","steps":[],"attachments":[],"parameters":[],"shouldDisplayMessage":false,"stepsCount":0,"attachmentsCount":0,"hasContent":false,"attachmentStep":false},{"name":"Find clickable elements","time":{"start":1728612252266,"stop":1728612252296,"duration":30},"status":"passed","steps":[],"attachments":[],"parameters":[{"name":"locator","value":"('css selector', '#tab-label-reviews-title')"},{"name":"timeout","value":"5"}],"shouldDisplayMessage":false,"stepsCount":0,"attachmentsCount":0,"hasContent":true,"attachmentStep":false}],"attachments":[{"uid":"2971d25d0b28f594","name":"Screenshot","source":"2971d25d0b28f594.png","type":"image/png","size":252905},{"uid":"637ef833a27f9866","name":"HTML source","source":"637ef833a27f9866.html","type":"text/html","size":209849}],"parameters":[],"shouldDisplayMessage":true,"stepsCount":2,"attachmentsCount":2,"hasContent":true,"attachmentStep":false},"afterStages":[{"name":"driver::0","time":{"start":1728612253610,"stop":1728612253685,"duration":75},"status":"passed","steps":[],"attachments":[],"parameters":[],"shouldDisplayMessage":false,"stepsCount":0,"attachmentsCount":0,"hasContent":false,"attachmentStep":false},{"name":"clear_allure_result_folder::0","time":{"start":1728612888791,"stop":1728612888791,"duration":0},"status":"passed","steps":[],"attachments":[],"parameters":[],"shouldDisplayMessage":false,"stepsCount":0,"attachmentsCount":0,"hasContent":false,"attachmentStep":false}],"labels":[{"name":"epic","value":"Review Page"},{"name":"tag","value":"@pytest.mark.xfail(reason='Flaky behavior on CI')"},{"name":"parentSuite","value":"tests"},{"name":"suite","value":"test_reviews_page"},{"name":"subSuite","value":"TestReviews"},{"name":"host","value":"fv-az774-794"},{"name":"thread","value":"2937-MainThread"},{"name":"framework","value":"pytest"},{"name":"language","value":"cpython3"},{"name":"package","value":"tests.test_reviews_page"},{"name":"resultFormat","value":"allure2"}],"parameters":[],"links":[],"hidden":false,"retry":false,"extra":{"severity":"normal","retries":[],"categories":[],"history":{"statistic":{"failed":0,"broken":0,"skipped":1,"passed":5,"unknown":0,"total":6},"items":[{"uid":"bf5900a9881be5e7","reportUrl":"https://verafes.github.io/luma_project/459//#testresult/bf5900a9881be5e7","status":"passed","statusDetails":"XPASS Flaky behavior on CI","time":{"start":1728525344320,"stop":1728525359127,"duration":14807}},{"uid":"b4fcdbb98dceab33","reportUrl":"https://verafes.github.io/luma_project/458//#testresult/b4fcdbb98dceab33","status":"passed","statusDetails":"XPASS Flaky behavior on CI","time":{"start":1728438563549,"stop":1728438575734,"duration":12185}},{"uid":"ad3679ca4bcc9f8b","reportUrl":"https://verafes.github.io/luma_project/457//#testresult/ad3679ca4bcc9f8b","status":"passed","statusDetails":"XPASS Flaky behavior on CI","time":{"start":1728352199489,"stop":1728352212151,"duration":12662}},{"uid":"4f73dbc4fcda6399","reportUrl":"https://verafes.github.io/luma_project/456//#testresult/4f73dbc4fcda6399","status":"passed","statusDetails":"XPASS Flaky behavior on CI","time":{"start":1728265884802,"stop":1728265897134,"duration":12332}},{"uid":"523279dd608f09a1","reportUrl":"https://verafes.github.io/luma_project/455//#testresult/523279dd608f09a1","status":"passed","statusDetails":"XPASS Flaky behavior on CI","time":{"start":1728179635263,"stop":1728179647193,"duration":11930}}]},"tags":["@pytest.mark.xfail(reason='Flaky behavior on CI')"]},"source":"8e741351854d428b.json","parameterValues":[]}