{"uid":"612e1952051fc02d","name":"TC 02.01.54 - Check if 'Subscribe to our mailing list' link is clickable on each page specified in DATA_1","fullName":"tests.test_footer.TestFooter#test_tc_02_01_54_check_clickability_of_subscribe_to_our_mailing_list_link_on_pages","historyId":"c983c9540e7cdad53b56273651da63b7","time":{"start":1708564351941,"stop":1708564357856,"duration":5915},"description":"This test checks if 'Subscribe to our mailing list' link is clickable on each page specified in DATA_1","descriptionHtml":"<p>This test checks if 'Subscribe to our mailing list' link is clickable on each page specified in DATA_1</p>\n","status":"broken","statusMessage":"selenium.common.exceptions.TimeoutException: Message: \nStacktrace:\n#0 0x556696698303 <unknown>\n#1 0x55669637d2b7 <unknown>\n#2 0x5566963c8cc0 <unknown>\n#3 0x5566963c8db1 <unknown>\n#4 0x55669640cb44 <unknown>\n#5 0x5566963eb3ad <unknown>\n#6 0x55669640a07c <unknown>\n#7 0x5566963eb123 <unknown>\n#8 0x5566963bb095 <unknown>\n#9 0x5566963bc09e <unknown>\n#10 0x55669665c6ab <unknown>\n#11 0x5566966604ba <unknown>\n#12 0x556696648f85 <unknown>\n#13 0x55669666112f <unknown>\n#14 0x55669662ce6f <unknown>\n#15 0x5566966855f8 <unknown>\n#16 0x5566966857c2 <unknown>\n#17 0x5566966974a4 <unknown>\n#18 0x7f2f46494ac3 <unknown>","statusTrace":"self = <test_footer.TestFooter object at 0x7fc4054944d0>\ndriver = <selenium.webdriver.chrome.webdriver.WebDriver (session=\"12d177fc3e24bd811e7c7260b82e80e5\")>\nURL = 'https://magento.softwaretestingboard.com/'\n\n    @allure.title(\"TC 02.01.54 - Check if 'Subscribe to our mailing list' link is clickable \"\n                  \"on each page specified in DATA_1\")\n    @pytest.mark.parametrize('URL', DATA_1)\n    def test_tc_02_01_54_check_clickability_of_subscribe_to_our_mailing_list_link_on_pages(self, driver, URL):\n        \"\"\"This test checks if 'Subscribe to our mailing list' link is clickable on each page specified in DATA_1\"\"\"\n        page = FooterPage(driver, url=URL)\n        page.open()\n>       subscribe_link = page.check_subscribe_to_our_mailing_list_link_clickability()\n\ntests/test_footer.py:486: \n_ _ _ _ _ _ _ _ _ _ _ _ _ _ _ _ _ _ _ _ _ _ _ _ _ _ _ _ _ _ _ _ _ _ _ _ _ _ _ _ \npages/footer_page.py:208: in check_subscribe_to_our_mailing_list_link_clickability\n    return self.element_is_clickable(self.footer_locators.SUBSCRIBE_TO_OUR_MAILING_LIST_LINK)\npages/base_page.py:80: in element_is_clickable\n    return wait(self.driver, timeout).until(EC.element_to_be_clickable(locator))\n_ _ _ _ _ _ _ _ _ _ _ _ _ _ _ _ _ _ _ _ _ _ _ _ _ _ _ _ _ _ _ _ _ _ _ _ _ _ _ _ \n\nself = <selenium.webdriver.support.wait.WebDriverWait (session=\"12d177fc3e24bd811e7c7260b82e80e5\")>\nmethod = <function element_to_be_clickable.<locals>._predicate at 0x7fc40720d3a0>\nmessage = ''\n\n    def until(self, method, message: str = \"\"):\n        \"\"\"Calls the method provided with the driver as an argument until the \\\n        return value does not evaluate to ``False``.\n    \n        :param method: callable(WebDriver)\n        :param message: optional message for :exc:`TimeoutException`\n        :returns: the result of the last call to `method`\n        :raises: :exc:`selenium.common.exceptions.TimeoutException` if timeout occurs\n        \"\"\"\n        screen = None\n        stacktrace = None\n    \n        end_time = time.monotonic() + self._timeout\n        while True:\n            try:\n                value = method(self._driver)\n                if value:\n                    return value\n            except self._ignored_exceptions as exc:\n                screen = getattr(exc, \"screen\", None)\n                stacktrace = getattr(exc, \"stacktrace\", None)\n            time.sleep(self._poll)\n            if time.monotonic() > end_time:\n                break\n>       raise TimeoutException(message, screen, stacktrace)\nE       selenium.common.exceptions.TimeoutException: Message: \nE       Stacktrace:\nE       #0 0x556696698303 <unknown>\nE       #1 0x55669637d2b7 <unknown>\nE       #2 0x5566963c8cc0 <unknown>\nE       #3 0x5566963c8db1 <unknown>\nE       #4 0x55669640cb44 <unknown>\nE       #5 0x5566963eb3ad <unknown>\nE       #6 0x55669640a07c <unknown>\nE       #7 0x5566963eb123 <unknown>\nE       #8 0x5566963bb095 <unknown>\nE       #9 0x5566963bc09e <unknown>\nE       #10 0x55669665c6ab <unknown>\nE       #11 0x5566966604ba <unknown>\nE       #12 0x556696648f85 <unknown>\nE       #13 0x55669666112f <unknown>\nE       #14 0x55669662ce6f <unknown>\nE       #15 0x5566966855f8 <unknown>\nE       #16 0x5566966857c2 <unknown>\nE       #17 0x5566966974a4 <unknown>\nE       #18 0x7f2f46494ac3 <unknown>\n\n/opt/hostedtoolcache/Python/3.11.8/x64/lib/python3.11/site-packages/selenium/webdriver/support/wait.py:95: TimeoutException","flaky":false,"newFailed":false,"newBroken":false,"newPassed":false,"retriesCount":0,"retriesStatusChange":false,"beforeStages":[{"name":"_session_faker","time":{"start":1708564074342,"stop":1708564074406,"duration":64},"status":"passed","steps":[],"attachments":[],"parameters":[],"shouldDisplayMessage":false,"stepsCount":0,"attachmentsCount":0,"hasContent":false,"attachmentStep":false},{"name":"clear_allure_result_folder","time":{"start":1708564074407,"stop":1708564074407,"duration":0},"status":"passed","steps":[],"attachments":[],"parameters":[],"shouldDisplayMessage":false,"stepsCount":0,"attachmentsCount":0,"hasContent":false,"attachmentStep":false},{"name":"driver","time":{"start":1708564350977,"stop":1708564351940,"duration":963},"status":"passed","steps":[],"attachments":[],"parameters":[],"shouldDisplayMessage":false,"stepsCount":0,"attachmentsCount":0,"hasContent":false,"attachmentStep":false}],"testStage":{"description":"This test checks if 'Subscribe to our mailing list' link is clickable on each page specified in DATA_1","status":"broken","statusMessage":"selenium.common.exceptions.TimeoutException: Message: \nStacktrace:\n#0 0x556696698303 <unknown>\n#1 0x55669637d2b7 <unknown>\n#2 0x5566963c8cc0 <unknown>\n#3 0x5566963c8db1 <unknown>\n#4 0x55669640cb44 <unknown>\n#5 0x5566963eb3ad <unknown>\n#6 0x55669640a07c <unknown>\n#7 0x5566963eb123 <unknown>\n#8 0x5566963bb095 <unknown>\n#9 0x5566963bc09e <unknown>\n#10 0x55669665c6ab <unknown>\n#11 0x5566966604ba <unknown>\n#12 0x556696648f85 <unknown>\n#13 0x55669666112f <unknown>\n#14 0x55669662ce6f <unknown>\n#15 0x5566966855f8 <unknown>\n#16 0x5566966857c2 <unknown>\n#17 0x5566966974a4 <unknown>\n#18 0x7f2f46494ac3 <unknown>","statusTrace":"self = <test_footer.TestFooter object at 0x7fc4054944d0>\ndriver = <selenium.webdriver.chrome.webdriver.WebDriver (session=\"12d177fc3e24bd811e7c7260b82e80e5\")>\nURL = 'https://magento.softwaretestingboard.com/'\n\n    @allure.title(\"TC 02.01.54 - Check if 'Subscribe to our mailing list' link is clickable \"\n                  \"on each page specified in DATA_1\")\n    @pytest.mark.parametrize('URL', DATA_1)\n    def test_tc_02_01_54_check_clickability_of_subscribe_to_our_mailing_list_link_on_pages(self, driver, URL):\n        \"\"\"This test checks if 'Subscribe to our mailing list' link is clickable on each page specified in DATA_1\"\"\"\n        page = FooterPage(driver, url=URL)\n        page.open()\n>       subscribe_link = page.check_subscribe_to_our_mailing_list_link_clickability()\n\ntests/test_footer.py:486: \n_ _ _ _ _ _ _ _ _ _ _ _ _ _ _ _ _ _ _ _ _ _ _ _ _ _ _ _ _ _ _ _ _ _ _ _ _ _ _ _ \npages/footer_page.py:208: in check_subscribe_to_our_mailing_list_link_clickability\n    return self.element_is_clickable(self.footer_locators.SUBSCRIBE_TO_OUR_MAILING_LIST_LINK)\npages/base_page.py:80: in element_is_clickable\n    return wait(self.driver, timeout).until(EC.element_to_be_clickable(locator))\n_ _ _ _ _ _ _ _ _ _ _ _ _ _ _ _ _ _ _ _ _ _ _ _ _ _ _ _ _ _ _ _ _ _ _ _ _ _ _ _ \n\nself = <selenium.webdriver.support.wait.WebDriverWait (session=\"12d177fc3e24bd811e7c7260b82e80e5\")>\nmethod = <function element_to_be_clickable.<locals>._predicate at 0x7fc40720d3a0>\nmessage = ''\n\n    def until(self, method, message: str = \"\"):\n        \"\"\"Calls the method provided with the driver as an argument until the \\\n        return value does not evaluate to ``False``.\n    \n        :param method: callable(WebDriver)\n        :param message: optional message for :exc:`TimeoutException`\n        :returns: the result of the last call to `method`\n        :raises: :exc:`selenium.common.exceptions.TimeoutException` if timeout occurs\n        \"\"\"\n        screen = None\n        stacktrace = None\n    \n        end_time = time.monotonic() + self._timeout\n        while True:\n            try:\n                value = method(self._driver)\n                if value:\n                    return value\n            except self._ignored_exceptions as exc:\n                screen = getattr(exc, \"screen\", None)\n                stacktrace = getattr(exc, \"stacktrace\", None)\n            time.sleep(self._poll)\n            if time.monotonic() > end_time:\n                break\n>       raise TimeoutException(message, screen, stacktrace)\nE       selenium.common.exceptions.TimeoutException: Message: \nE       Stacktrace:\nE       #0 0x556696698303 <unknown>\nE       #1 0x55669637d2b7 <unknown>\nE       #2 0x5566963c8cc0 <unknown>\nE       #3 0x5566963c8db1 <unknown>\nE       #4 0x55669640cb44 <unknown>\nE       #5 0x5566963eb3ad <unknown>\nE       #6 0x55669640a07c <unknown>\nE       #7 0x5566963eb123 <unknown>\nE       #8 0x5566963bb095 <unknown>\nE       #9 0x5566963bc09e <unknown>\nE       #10 0x55669665c6ab <unknown>\nE       #11 0x5566966604ba <unknown>\nE       #12 0x556696648f85 <unknown>\nE       #13 0x55669666112f <unknown>\nE       #14 0x55669662ce6f <unknown>\nE       #15 0x5566966855f8 <unknown>\nE       #16 0x5566966857c2 <unknown>\nE       #17 0x5566966974a4 <unknown>\nE       #18 0x7f2f46494ac3 <unknown>\n\n/opt/hostedtoolcache/Python/3.11.8/x64/lib/python3.11/site-packages/selenium/webdriver/support/wait.py:95: TimeoutException","steps":[{"name":"Open a browser","time":{"start":1708564351941,"stop":1708564352759,"duration":818},"status":"passed","steps":[],"attachments":[],"parameters":[],"shouldDisplayMessage":false,"stepsCount":0,"attachmentsCount":0,"hasContent":false,"attachmentStep":false},{"name":"Find clickable elements","time":{"start":1708564352760,"stop":1708564357856,"duration":5096},"status":"broken","statusMessage":"selenium.common.exceptions.TimeoutException: Message: \nStacktrace:\n#0 0x556696698303 <unknown>\n#1 0x55669637d2b7 <unknown>\n#2 0x5566963c8cc0 <unknown>\n#3 0x5566963c8db1 <unknown>\n#4 0x55669640cb44 <unknown>\n#5 0x5566963eb3ad <unknown>\n#6 0x55669640a07c <unknown>\n#7 0x5566963eb123 <unknown>\n#8 0x5566963bb095 <unknown>\n#9 0x5566963bc09e <unknown>\n#10 0x55669665c6ab <unknown>\n#11 0x5566966604ba <unknown>\n#12 0x556696648f85 <unknown>\n#13 0x55669666112f <unknown>\n#14 0x55669662ce6f <unknown>\n#15 0x5566966855f8 <unknown>\n#16 0x5566966857c2 <unknown>\n#17 0x5566966974a4 <unknown>\n#18 0x7f2f46494ac3 <unknown>\n\n","statusTrace":"  File \"/opt/hostedtoolcache/Python/3.11.8/x64/lib/python3.11/site-packages/allure_commons/_allure.py\", line 192, in impl\n    return func(*a, **kw)\n           ^^^^^^^^^^^^^^\n  File \"/home/runner/work/luma_project/luma_project/pages/base_page.py\", line 80, in element_is_clickable\n    return wait(self.driver, timeout).until(EC.element_to_be_clickable(locator))\n           ^^^^^^^^^^^^^^^^^^^^^^^^^^^^^^^^^^^^^^^^^^^^^^^^^^^^^^^^^^^^^^^^^^^^^\n  File \"/opt/hostedtoolcache/Python/3.11.8/x64/lib/python3.11/site-packages/selenium/webdriver/support/wait.py\", line 95, in until\n    raise TimeoutException(message, screen, stacktrace)\n","steps":[],"attachments":[],"parameters":[{"name":"locator","value":"('css selector', '.footer div :nth-child(2) a')"},{"name":"timeout","value":"5"}],"shouldDisplayMessage":true,"stepsCount":0,"attachmentsCount":0,"hasContent":true,"attachmentStep":false}],"attachments":[{"uid":"ca54a2ecb83f53ea","name":"Screenshot","source":"ca54a2ecb83f53ea.png","type":"image/png","size":657668},{"uid":"2b2e0af4fd6d55bd","name":"HTML source","source":"2b2e0af4fd6d55bd.html","type":"text/html","size":117752}],"parameters":[],"shouldDisplayMessage":true,"stepsCount":2,"attachmentsCount":2,"hasContent":true,"attachmentStep":false},"afterStages":[{"name":"driver::0","time":{"start":1708564358119,"stop":1708564358187,"duration":68},"status":"passed","steps":[],"attachments":[],"parameters":[],"shouldDisplayMessage":false,"stepsCount":0,"attachmentsCount":0,"hasContent":false,"attachmentStep":false},{"name":"clear_allure_result_folder::0","time":{"start":1708565397755,"stop":1708565397755,"duration":0},"status":"passed","steps":[],"attachments":[],"parameters":[],"shouldDisplayMessage":false,"stepsCount":0,"attachmentsCount":0,"hasContent":false,"attachmentStep":false}],"labels":[{"name":"epic","value":"Test Footer"},{"name":"parentSuite","value":"tests"},{"name":"suite","value":"test_footer"},{"name":"subSuite","value":"TestFooter"},{"name":"host","value":"fv-az1020-984"},{"name":"thread","value":"2963-MainThread"},{"name":"framework","value":"pytest"},{"name":"language","value":"cpython3"},{"name":"package","value":"tests.test_footer"},{"name":"resultFormat","value":"allure2"}],"parameters":[{"name":"URL","value":"'https://magento.softwaretestingboard.com/'"}],"links":[],"hidden":false,"retry":false,"extra":{"severity":"normal","retries":[],"categories":[{"name":"Test defects","matchedStatuses":[],"flaky":false}],"history":{"statistic":{"failed":0,"broken":5,"skipped":0,"passed":0,"unknown":0,"total":5},"items":[{"uid":"b26320c810fd44af","reportUrl":"https://verafes.github.io/luma_project/227//#testresult/b26320c810fd44af","status":"broken","statusDetails":"selenium.common.exceptions.TimeoutException: Message: \nStacktrace:\n#0 0x55e69f180d93 <unknown>\n#1 0x55e69ee64337 <unknown>\n#2 0x55e69eeafd60 <unknown>\n#3 0x55e69eeafe51 <unknown>\n#4 0x55e69eef3bc4 <unknown>\n#5 0x55e69eed246d <unknown>\n#6 0x55e69eef112d <unknown>\n#7 0x55e69eed21e3 <unknown>\n#8 0x55e69eea2135 <unknown>\n#9 0x55e69eea313e <unknown>\n#10 0x55e69f144e4b <unknown>\n#11 0x55e69f148dfa <unknown>\n#12 0x55e69f1316d5 <unknown>\n#13 0x55e69f149a6f <unknown>\n#14 0x55e69f11569f <unknown>\n#15 0x55e69f16e098 <unknown>\n#16 0x55e69f16e262 <unknown>\n#17 0x55e69f17ff34 <unknown>\n#18 0x7f0a82094ac3 <unknown>","time":{"start":1708478032485,"stop":1708478038893,"duration":6408}},{"uid":"c9ee87e9d57398c0","reportUrl":"https://verafes.github.io/luma_project/226//#testresult/c9ee87e9d57398c0","status":"broken","statusDetails":"selenium.common.exceptions.TimeoutException: Message: \nStacktrace:\n#0 0x55bb9ca70d93 <unknown>\n#1 0x55bb9c754337 <unknown>\n#2 0x55bb9c79fd60 <unknown>\n#3 0x55bb9c79fe51 <unknown>\n#4 0x55bb9c7e3bc4 <unknown>\n#5 0x55bb9c7c246d <unknown>\n#6 0x55bb9c7e112d <unknown>\n#7 0x55bb9c7c21e3 <unknown>\n#8 0x55bb9c792135 <unknown>\n#9 0x55bb9c79313e <unknown>\n#10 0x55bb9ca34e4b <unknown>\n#11 0x55bb9ca38dfa <unknown>\n#12 0x55bb9ca216d5 <unknown>\n#13 0x55bb9ca39a6f <unknown>\n#14 0x55bb9ca0569f <unknown>\n#15 0x55bb9ca5e098 <unknown>\n#16 0x55bb9ca5e262 <unknown>\n#17 0x55bb9ca6ff34 <unknown>\n#18 0x7f3dc4294ac3 <unknown>","time":{"start":1708391492124,"stop":1708391498056,"duration":5932}},{"uid":"1cc38dc8d6557f7a","reportUrl":"https://verafes.github.io/luma_project/225//#testresult/1cc38dc8d6557f7a","status":"broken","statusDetails":"selenium.common.exceptions.TimeoutException: Message: \nStacktrace:\n#0 0x55a5ad940d93 <unknown>\n#1 0x55a5ad624337 <unknown>\n#2 0x55a5ad66fd60 <unknown>\n#3 0x55a5ad66fe51 <unknown>\n#4 0x55a5ad6b3bc4 <unknown>\n#5 0x55a5ad69246d <unknown>\n#6 0x55a5ad6b112d <unknown>\n#7 0x55a5ad6921e3 <unknown>\n#8 0x55a5ad662135 <unknown>\n#9 0x55a5ad66313e <unknown>\n#10 0x55a5ad904e4b <unknown>\n#11 0x55a5ad908dfa <unknown>\n#12 0x55a5ad8f16d5 <unknown>\n#13 0x55a5ad909a6f <unknown>\n#14 0x55a5ad8d569f <unknown>\n#15 0x55a5ad92e098 <unknown>\n#16 0x55a5ad92e262 <unknown>\n#17 0x55a5ad93ff34 <unknown>\n#18 0x7f0cb1094ac3 <unknown>","time":{"start":1708305242742,"stop":1708305248649,"duration":5907}},{"uid":"bdc7898c39d10a43","reportUrl":"https://verafes.github.io/luma_project/224//#testresult/bdc7898c39d10a43","status":"broken","statusDetails":"selenium.common.exceptions.TimeoutException: Message: \nStacktrace:\n#0 0x558c4688ad93 <unknown>\n#1 0x558c4656e337 <unknown>\n#2 0x558c465b9d60 <unknown>\n#3 0x558c465b9e51 <unknown>\n#4 0x558c465fdbc4 <unknown>\n#5 0x558c465dc46d <unknown>\n#6 0x558c465fb12d <unknown>\n#7 0x558c465dc1e3 <unknown>\n#8 0x558c465ac135 <unknown>\n#9 0x558c465ad13e <unknown>\n#10 0x558c4684ee4b <unknown>\n#11 0x558c46852dfa <unknown>\n#12 0x558c4683b6d5 <unknown>\n#13 0x558c46853a6f <unknown>\n#14 0x558c4681f69f <unknown>\n#15 0x558c46878098 <unknown>\n#16 0x558c46878262 <unknown>\n#17 0x558c46889f34 <unknown>\n#18 0x7f4880a94ac3 <unknown>","time":{"start":1708219009216,"stop":1708219015080,"duration":5864}}]},"tags":[]},"source":"612e1952051fc02d.json","parameterValues":["'https://magento.softwaretestingboard.com/'"]}