{"uid":"1d782bfc6cb39533","name":"TC 01.03.17 display and interactivity of the \"Tops\" section of the \"Men\" section","fullName":"tests.test_header.TestHeader#test_tc_01_03_17_display_and_interactivity_of_the_tops_men_section","historyId":"f2fc2cfde90aff48375e4c63fc2262b2","time":{"start":1697334194375,"stop":1697334199697,"duration":5322},"description":"Check the 'Tops' subsection in 'Men' section is displayed and the 'Jackets', 'Shorts',         'Hoodies & Sweatshirts', 'Tees' and 'Tanks' subsections is displayed","descriptionHtml":"<p>Check the 'Tops' subsection in 'Men' section is displayed and the 'Jackets', 'Shorts',         'Hoodies &amp; Sweatshirts', 'Tees' and 'Tanks' subsections is displayed</p>\n","status":"broken","statusMessage":"selenium.common.exceptions.TimeoutException: Message: \nStacktrace:\n#0 0x560b77e4a6b3 <unknown>\n#1 0x560b77b201e7 <unknown>\n#2 0x560b77b67566 <unknown>\n#3 0x560b77b67651 <unknown>\n#4 0x560b77ba4a74 <unknown>\n#5 0x560b77b890ed <unknown>\n#6 0x560b77ba2322 <unknown>\n#7 0x560b77b88e93 <unknown>\n#8 0x560b77b5b934 <unknown>\n#9 0x560b77b5c71e <unknown>\n#10 0x560b77e0fcb8 <unknown>\n#11 0x560b77e13bf0 <unknown>\n#12 0x560b77e1e19c <unknown>\n#13 0x560b77e14808 <unknown>\n#14 0x560b77de127f <unknown>\n#15 0x560b77e38e88 <unknown>\n#16 0x560b77e39059 <unknown>\n#17 0x560b77e49843 <unknown>\n#18 0x7fbfb4e94b43 <unknown>","statusTrace":"self = <test_header.TestHeader object at 0x7f612a697c90>\ndriver = <selenium.webdriver.chrome.webdriver.WebDriver (session=\"79d969b5f14388c4f4b21380df8dc30c\")>\n\n    @allure.title('TC 01.03.17 display and interactivity of the \"Tops\" section of the \"Men\" section')\n    def test_tc_01_03_17_display_and_interactivity_of_the_tops_men_section(self, driver):\n        \"\"\"Check the 'Tops' subsection in 'Men' section is displayed and the 'Jackets', 'Shorts', \\\n        'Hoodies & Sweatshirts', 'Tees' and 'Tanks' subsections is displayed\"\"\"\n        page = HeaderPage(driver, MAIN_PAGE_URL)\n        page.open()\n>       dropdown_items = page.check_men_tops_subsection()\n\ntests/test_header.py:291: \n_ _ _ _ _ _ _ _ _ _ _ _ _ _ _ _ _ _ _ _ _ _ _ _ _ _ _ _ _ _ _ _ _ _ _ _ _ _ _ _ \npages/header_page.py:237: in check_men_tops_subsection\n    self.action_move_to_element(self.element_is_visible(self.header_locators.MEN_SECTION))\npages/base_page.py:29: in element_is_visible\n    self.go_to_element(self.element_is_present(locator))\npages/base_page.py:50: in element_is_present\n    return wait(self.driver, timeout).until(EC.presence_of_element_located(locator))\n_ _ _ _ _ _ _ _ _ _ _ _ _ _ _ _ _ _ _ _ _ _ _ _ _ _ _ _ _ _ _ _ _ _ _ _ _ _ _ _ \n\nself = <selenium.webdriver.support.wait.WebDriverWait (session=\"79d969b5f14388c4f4b21380df8dc30c\")>\nmethod = <function presence_of_element_located.<locals>._predicate at 0x7f612ad3e980>\nmessage = ''\n\n    def until(self, method, message: str = \"\"):\n        \"\"\"Calls the method provided with the driver as an argument until the \\\n        return value does not evaluate to ``False``.\n    \n        :param method: callable(WebDriver)\n        :param message: optional message for :exc:`TimeoutException`\n        :returns: the result of the last call to `method`\n        :raises: :exc:`selenium.common.exceptions.TimeoutException` if timeout occurs\n        \"\"\"\n        screen = None\n        stacktrace = None\n    \n        end_time = time.monotonic() + self._timeout\n        while True:\n            try:\n                value = method(self._driver)\n                if value:\n                    return value\n            except self._ignored_exceptions as exc:\n                screen = getattr(exc, \"screen\", None)\n                stacktrace = getattr(exc, \"stacktrace\", None)\n            time.sleep(self._poll)\n            if time.monotonic() > end_time:\n                break\n>       raise TimeoutException(message, screen, stacktrace)\nE       selenium.common.exceptions.TimeoutException: Message: \nE       Stacktrace:\nE       #0 0x560b77e4a6b3 <unknown>\nE       #1 0x560b77b201e7 <unknown>\nE       #2 0x560b77b67566 <unknown>\nE       #3 0x560b77b67651 <unknown>\nE       #4 0x560b77ba4a74 <unknown>\nE       #5 0x560b77b890ed <unknown>\nE       #6 0x560b77ba2322 <unknown>\nE       #7 0x560b77b88e93 <unknown>\nE       #8 0x560b77b5b934 <unknown>\nE       #9 0x560b77b5c71e <unknown>\nE       #10 0x560b77e0fcb8 <unknown>\nE       #11 0x560b77e13bf0 <unknown>\nE       #12 0x560b77e1e19c <unknown>\nE       #13 0x560b77e14808 <unknown>\nE       #14 0x560b77de127f <unknown>\nE       #15 0x560b77e38e88 <unknown>\nE       #16 0x560b77e39059 <unknown>\nE       #17 0x560b77e49843 <unknown>\nE       #18 0x7fbfb4e94b43 <unknown>\n\n/opt/hostedtoolcache/Python/3.11.5/x64/lib/python3.11/site-packages/selenium/webdriver/support/wait.py:95: TimeoutException","flaky":false,"newFailed":false,"newBroken":false,"newPassed":false,"retriesCount":0,"retriesStatusChange":false,"beforeStages":[{"name":"_session_faker","time":{"start":1697332452139,"stop":1697332452233,"duration":94},"status":"passed","steps":[],"attachments":[],"parameters":[],"shouldDisplayMessage":false,"stepsCount":0,"attachmentsCount":0,"hasContent":false},{"name":"clear_allure_result_folder","time":{"start":1697332452233,"stop":1697332452233,"duration":0},"status":"passed","steps":[],"attachments":[],"parameters":[],"shouldDisplayMessage":false,"stepsCount":0,"attachmentsCount":0,"hasContent":false},{"name":"driver","time":{"start":1697334193217,"stop":1697334194374,"duration":1157},"status":"passed","steps":[],"attachments":[],"parameters":[],"shouldDisplayMessage":false,"stepsCount":0,"attachmentsCount":0,"hasContent":false}],"testStage":{"description":"Check the 'Tops' subsection in 'Men' section is displayed and the 'Jackets', 'Shorts',         'Hoodies & Sweatshirts', 'Tees' and 'Tanks' subsections is displayed","status":"broken","statusMessage":"selenium.common.exceptions.TimeoutException: Message: \nStacktrace:\n#0 0x560b77e4a6b3 <unknown>\n#1 0x560b77b201e7 <unknown>\n#2 0x560b77b67566 <unknown>\n#3 0x560b77b67651 <unknown>\n#4 0x560b77ba4a74 <unknown>\n#5 0x560b77b890ed <unknown>\n#6 0x560b77ba2322 <unknown>\n#7 0x560b77b88e93 <unknown>\n#8 0x560b77b5b934 <unknown>\n#9 0x560b77b5c71e <unknown>\n#10 0x560b77e0fcb8 <unknown>\n#11 0x560b77e13bf0 <unknown>\n#12 0x560b77e1e19c <unknown>\n#13 0x560b77e14808 <unknown>\n#14 0x560b77de127f <unknown>\n#15 0x560b77e38e88 <unknown>\n#16 0x560b77e39059 <unknown>\n#17 0x560b77e49843 <unknown>\n#18 0x7fbfb4e94b43 <unknown>","statusTrace":"self = <test_header.TestHeader object at 0x7f612a697c90>\ndriver = <selenium.webdriver.chrome.webdriver.WebDriver (session=\"79d969b5f14388c4f4b21380df8dc30c\")>\n\n    @allure.title('TC 01.03.17 display and interactivity of the \"Tops\" section of the \"Men\" section')\n    def test_tc_01_03_17_display_and_interactivity_of_the_tops_men_section(self, driver):\n        \"\"\"Check the 'Tops' subsection in 'Men' section is displayed and the 'Jackets', 'Shorts', \\\n        'Hoodies & Sweatshirts', 'Tees' and 'Tanks' subsections is displayed\"\"\"\n        page = HeaderPage(driver, MAIN_PAGE_URL)\n        page.open()\n>       dropdown_items = page.check_men_tops_subsection()\n\ntests/test_header.py:291: \n_ _ _ _ _ _ _ _ _ _ _ _ _ _ _ _ _ _ _ _ _ _ _ _ _ _ _ _ _ _ _ _ _ _ _ _ _ _ _ _ \npages/header_page.py:237: in check_men_tops_subsection\n    self.action_move_to_element(self.element_is_visible(self.header_locators.MEN_SECTION))\npages/base_page.py:29: in element_is_visible\n    self.go_to_element(self.element_is_present(locator))\npages/base_page.py:50: in element_is_present\n    return wait(self.driver, timeout).until(EC.presence_of_element_located(locator))\n_ _ _ _ _ _ _ _ _ _ _ _ _ _ _ _ _ _ _ _ _ _ _ _ _ _ _ _ _ _ _ _ _ _ _ _ _ _ _ _ \n\nself = <selenium.webdriver.support.wait.WebDriverWait (session=\"79d969b5f14388c4f4b21380df8dc30c\")>\nmethod = <function presence_of_element_located.<locals>._predicate at 0x7f612ad3e980>\nmessage = ''\n\n    def until(self, method, message: str = \"\"):\n        \"\"\"Calls the method provided with the driver as an argument until the \\\n        return value does not evaluate to ``False``.\n    \n        :param method: callable(WebDriver)\n        :param message: optional message for :exc:`TimeoutException`\n        :returns: the result of the last call to `method`\n        :raises: :exc:`selenium.common.exceptions.TimeoutException` if timeout occurs\n        \"\"\"\n        screen = None\n        stacktrace = None\n    \n        end_time = time.monotonic() + self._timeout\n        while True:\n            try:\n                value = method(self._driver)\n                if value:\n                    return value\n            except self._ignored_exceptions as exc:\n                screen = getattr(exc, \"screen\", None)\n                stacktrace = getattr(exc, \"stacktrace\", None)\n            time.sleep(self._poll)\n            if time.monotonic() > end_time:\n                break\n>       raise TimeoutException(message, screen, stacktrace)\nE       selenium.common.exceptions.TimeoutException: Message: \nE       Stacktrace:\nE       #0 0x560b77e4a6b3 <unknown>\nE       #1 0x560b77b201e7 <unknown>\nE       #2 0x560b77b67566 <unknown>\nE       #3 0x560b77b67651 <unknown>\nE       #4 0x560b77ba4a74 <unknown>\nE       #5 0x560b77b890ed <unknown>\nE       #6 0x560b77ba2322 <unknown>\nE       #7 0x560b77b88e93 <unknown>\nE       #8 0x560b77b5b934 <unknown>\nE       #9 0x560b77b5c71e <unknown>\nE       #10 0x560b77e0fcb8 <unknown>\nE       #11 0x560b77e13bf0 <unknown>\nE       #12 0x560b77e1e19c <unknown>\nE       #13 0x560b77e14808 <unknown>\nE       #14 0x560b77de127f <unknown>\nE       #15 0x560b77e38e88 <unknown>\nE       #16 0x560b77e39059 <unknown>\nE       #17 0x560b77e49843 <unknown>\nE       #18 0x7fbfb4e94b43 <unknown>\n\n/opt/hostedtoolcache/Python/3.11.5/x64/lib/python3.11/site-packages/selenium/webdriver/support/wait.py:95: TimeoutException","steps":[{"name":"Open a browser","time":{"start":1697334194375,"stop":1697334194545,"duration":170},"status":"passed","steps":[],"attachments":[],"parameters":[],"shouldDisplayMessage":false,"stepsCount":0,"attachmentsCount":0,"hasContent":false},{"name":"Check the \"Tops\" link of the \"Men\" section","time":{"start":1697334194545,"stop":1697334199696,"duration":5151},"status":"broken","statusMessage":"selenium.common.exceptions.TimeoutException: Message: \nStacktrace:\n#0 0x560b77e4a6b3 <unknown>\n#1 0x560b77b201e7 <unknown>\n#2 0x560b77b67566 <unknown>\n#3 0x560b77b67651 <unknown>\n#4 0x560b77ba4a74 <unknown>\n#5 0x560b77b890ed <unknown>\n#6 0x560b77ba2322 <unknown>\n#7 0x560b77b88e93 <unknown>\n#8 0x560b77b5b934 <unknown>\n#9 0x560b77b5c71e <unknown>\n#10 0x560b77e0fcb8 <unknown>\n#11 0x560b77e13bf0 <unknown>\n#12 0x560b77e1e19c <unknown>\n#13 0x560b77e14808 <unknown>\n#14 0x560b77de127f <unknown>\n#15 0x560b77e38e88 <unknown>\n#16 0x560b77e39059 <unknown>\n#17 0x560b77e49843 <unknown>\n#18 0x7fbfb4e94b43 <unknown>\n\n","statusTrace":"  File \"/opt/hostedtoolcache/Python/3.11.5/x64/lib/python3.11/site-packages/allure_commons/_allure.py\", line 192, in impl\n    return func(*a, **kw)\n           ^^^^^^^^^^^^^^\n  File \"/home/runner/work/luma_project/luma_project/pages/header_page.py\", line 237, in check_men_tops_subsection\n    self.action_move_to_element(self.element_is_visible(self.header_locators.MEN_SECTION))\n                                ^^^^^^^^^^^^^^^^^^^^^^^^^^^^^^^^^^^^^^^^^^^^^^^^^^^^^^^^^\n  File \"/opt/hostedtoolcache/Python/3.11.5/x64/lib/python3.11/site-packages/allure_commons/_allure.py\", line 192, in impl\n    return func(*a, **kw)\n           ^^^^^^^^^^^^^^\n  File \"/home/runner/work/luma_project/luma_project/pages/base_page.py\", line 29, in element_is_visible\n    self.go_to_element(self.element_is_present(locator))\n                       ^^^^^^^^^^^^^^^^^^^^^^^^^^^^^^^^\n  File \"/opt/hostedtoolcache/Python/3.11.5/x64/lib/python3.11/site-packages/allure_commons/_allure.py\", line 192, in impl\n    return func(*a, **kw)\n           ^^^^^^^^^^^^^^\n  File \"/home/runner/work/luma_project/luma_project/pages/base_page.py\", line 50, in element_is_present\n    return wait(self.driver, timeout).until(EC.presence_of_element_located(locator))\n           ^^^^^^^^^^^^^^^^^^^^^^^^^^^^^^^^^^^^^^^^^^^^^^^^^^^^^^^^^^^^^^^^^^^^^^^^^\n  File \"/opt/hostedtoolcache/Python/3.11.5/x64/lib/python3.11/site-packages/selenium/webdriver/support/wait.py\", line 95, in until\n    raise TimeoutException(message, screen, stacktrace)\n","steps":[{"name":"Find a visible element","time":{"start":1697334194545,"stop":1697334199696,"duration":5151},"status":"broken","statusMessage":"selenium.common.exceptions.TimeoutException: Message: \nStacktrace:\n#0 0x560b77e4a6b3 <unknown>\n#1 0x560b77b201e7 <unknown>\n#2 0x560b77b67566 <unknown>\n#3 0x560b77b67651 <unknown>\n#4 0x560b77ba4a74 <unknown>\n#5 0x560b77b890ed <unknown>\n#6 0x560b77ba2322 <unknown>\n#7 0x560b77b88e93 <unknown>\n#8 0x560b77b5b934 <unknown>\n#9 0x560b77b5c71e <unknown>\n#10 0x560b77e0fcb8 <unknown>\n#11 0x560b77e13bf0 <unknown>\n#12 0x560b77e1e19c <unknown>\n#13 0x560b77e14808 <unknown>\n#14 0x560b77de127f <unknown>\n#15 0x560b77e38e88 <unknown>\n#16 0x560b77e39059 <unknown>\n#17 0x560b77e49843 <unknown>\n#18 0x7fbfb4e94b43 <unknown>\n\n","statusTrace":"  File \"/opt/hostedtoolcache/Python/3.11.5/x64/lib/python3.11/site-packages/allure_commons/_allure.py\", line 192, in impl\n    return func(*a, **kw)\n           ^^^^^^^^^^^^^^\n  File \"/home/runner/work/luma_project/luma_project/pages/base_page.py\", line 29, in element_is_visible\n    self.go_to_element(self.element_is_present(locator))\n                       ^^^^^^^^^^^^^^^^^^^^^^^^^^^^^^^^\n  File \"/opt/hostedtoolcache/Python/3.11.5/x64/lib/python3.11/site-packages/allure_commons/_allure.py\", line 192, in impl\n    return func(*a, **kw)\n           ^^^^^^^^^^^^^^\n  File \"/home/runner/work/luma_project/luma_project/pages/base_page.py\", line 50, in element_is_present\n    return wait(self.driver, timeout).until(EC.presence_of_element_located(locator))\n           ^^^^^^^^^^^^^^^^^^^^^^^^^^^^^^^^^^^^^^^^^^^^^^^^^^^^^^^^^^^^^^^^^^^^^^^^^\n  File \"/opt/hostedtoolcache/Python/3.11.5/x64/lib/python3.11/site-packages/selenium/webdriver/support/wait.py\", line 95, in until\n    raise TimeoutException(message, screen, stacktrace)\n","steps":[{"name":"Find a present element","time":{"start":1697334194545,"stop":1697334199695,"duration":5150},"status":"broken","statusMessage":"selenium.common.exceptions.TimeoutException: Message: \nStacktrace:\n#0 0x560b77e4a6b3 <unknown>\n#1 0x560b77b201e7 <unknown>\n#2 0x560b77b67566 <unknown>\n#3 0x560b77b67651 <unknown>\n#4 0x560b77ba4a74 <unknown>\n#5 0x560b77b890ed <unknown>\n#6 0x560b77ba2322 <unknown>\n#7 0x560b77b88e93 <unknown>\n#8 0x560b77b5b934 <unknown>\n#9 0x560b77b5c71e <unknown>\n#10 0x560b77e0fcb8 <unknown>\n#11 0x560b77e13bf0 <unknown>\n#12 0x560b77e1e19c <unknown>\n#13 0x560b77e14808 <unknown>\n#14 0x560b77de127f <unknown>\n#15 0x560b77e38e88 <unknown>\n#16 0x560b77e39059 <unknown>\n#17 0x560b77e49843 <unknown>\n#18 0x7fbfb4e94b43 <unknown>\n\n","statusTrace":"  File \"/opt/hostedtoolcache/Python/3.11.5/x64/lib/python3.11/site-packages/allure_commons/_allure.py\", line 192, in impl\n    return func(*a, **kw)\n           ^^^^^^^^^^^^^^\n  File \"/home/runner/work/luma_project/luma_project/pages/base_page.py\", line 50, in element_is_present\n    return wait(self.driver, timeout).until(EC.presence_of_element_located(locator))\n           ^^^^^^^^^^^^^^^^^^^^^^^^^^^^^^^^^^^^^^^^^^^^^^^^^^^^^^^^^^^^^^^^^^^^^^^^^\n  File \"/opt/hostedtoolcache/Python/3.11.5/x64/lib/python3.11/site-packages/selenium/webdriver/support/wait.py\", line 95, in until\n    raise TimeoutException(message, screen, stacktrace)\n","steps":[],"attachments":[],"parameters":[{"name":"locator","value":"('id', 'ui-id-5')"},{"name":"timeout","value":"5"}],"shouldDisplayMessage":true,"stepsCount":0,"attachmentsCount":0,"hasContent":true}],"attachments":[],"parameters":[{"name":"locator","value":"('id', 'ui-id-5')"},{"name":"timeout","value":"10"}],"shouldDisplayMessage":false,"stepsCount":1,"attachmentsCount":0,"hasContent":true}],"attachments":[],"parameters":[],"shouldDisplayMessage":false,"stepsCount":2,"attachmentsCount":0,"hasContent":true}],"attachments":[{"uid":"f366c46f30fcb0c","name":"Screenshot","source":"f366c46f30fcb0c.png","type":"image/png","size":14877},{"uid":"f93c05c2ba270069","name":"HTML source","source":"f93c05c2ba270069.html","type":"text/html","size":571}],"parameters":[],"shouldDisplayMessage":true,"stepsCount":4,"attachmentsCount":2,"hasContent":true},"afterStages":[{"name":"driver::0","time":{"start":1697334199921,"stop":1697334199982,"duration":61},"status":"passed","steps":[],"attachments":[],"parameters":[],"shouldDisplayMessage":false,"stepsCount":0,"attachmentsCount":0,"hasContent":false},{"name":"clear_allure_result_folder::0","time":{"start":1697335302392,"stop":1697335302392,"duration":0},"status":"passed","steps":[],"attachments":[],"parameters":[],"shouldDisplayMessage":false,"stepsCount":0,"attachmentsCount":0,"hasContent":false}],"labels":[{"name":"epic","value":"Test Header"},{"name":"parentSuite","value":"tests"},{"name":"suite","value":"test_header"},{"name":"subSuite","value":"TestHeader"},{"name":"host","value":"fv-az453-313"},{"name":"thread","value":"2952-MainThread"},{"name":"framework","value":"pytest"},{"name":"language","value":"cpython3"},{"name":"package","value":"tests.test_header"},{"name":"resultFormat","value":"allure2"}],"parameters":[],"links":[],"hidden":false,"retry":false,"extra":{"severity":"normal","retries":[],"categories":[{"name":"Test defects","matchedStatuses":[],"flaky":false}],"tags":[]},"source":"1d782bfc6cb39533.json","parameterValues":[]}