{"uid":"57105c11ec512d7a","name":"test_check_card_price","fullName":"tests.test_main_page.TestHotSellerSection#test_check_card_price","historyId":"f4026d9f96acc9996f781ecba7818e56","time":{"start":1697334372341,"stop":1697334377742,"duration":5401},"description":"This test checks that the card has a price and a price in USD","descriptionHtml":"<p>This test checks that the card has a price and a price in USD</p>\n","status":"skipped","statusMessage":"XFAIL In CI the test failed in PR#203\n\nselenium.common.exceptions.TimeoutException: Message: \nStacktrace:\n#0 0x562783b656b3 <unknown>\n#1 0x56278383b1e7 <unknown>\n#2 0x562783882566 <unknown>\n#3 0x562783882651 <unknown>\n#4 0x5627838bfa74 <unknown>\n#5 0x5627838a40ed <unknown>\n#6 0x5627838bd322 <unknown>\n#7 0x5627838a3e93 <unknown>\n#8 0x562783876934 <unknown>\n#9 0x56278387771e <unknown>\n#10 0x562783b2acb8 <unknown>\n#11 0x562783b2ebf0 <unknown>\n#12 0x562783b3919c <unknown>\n#13 0x562783b2f808 <unknown>\n#14 0x562783afc27f <unknown>\n#15 0x562783b53e88 <unknown>\n#16 0x562783b54059 <unknown>\n#17 0x562783b64843 <unknown>\n#18 0x7f6966e94b43 <unknown>","statusTrace":"self = <test_main_page.TestMainPage.TestHotSellerSection object at 0x7f612a5e7190>\ndriver = <selenium.webdriver.chrome.webdriver.WebDriver (session=\"51e8ae321e8bcfe5c2a1093fc9d51b59\")>\n\n    @pytest.mark.xfail(reason=\"In CI the test failed in PR#203\")\n    def test_check_card_price(self, driver):\n        \"\"\"This test checks that the card has a price and a price in USD\"\"\"\n        page = MainPage(driver, MAIN_PAGE_URL)\n        page.open()\n>       text = page.check_card_price()\n\ntests/test_main_page.py:47: \n_ _ _ _ _ _ _ _ _ _ _ _ _ _ _ _ _ _ _ _ _ _ _ _ _ _ _ _ _ _ _ _ _ _ _ _ _ _ _ _ \npages/main_page.py:49: in check_card_price\n    text = self.get_text(self.locators.CARD_PRICE)\npages/base_page.py:144: in get_text\n    text = self.element_is_visible(locator)\npages/base_page.py:29: in element_is_visible\n    self.go_to_element(self.element_is_present(locator))\npages/base_page.py:50: in element_is_present\n    return wait(self.driver, timeout).until(EC.presence_of_element_located(locator))\n_ _ _ _ _ _ _ _ _ _ _ _ _ _ _ _ _ _ _ _ _ _ _ _ _ _ _ _ _ _ _ _ _ _ _ _ _ _ _ _ \n\nself = <selenium.webdriver.support.wait.WebDriverWait (session=\"51e8ae321e8bcfe5c2a1093fc9d51b59\")>\nmethod = <function presence_of_element_located.<locals>._predicate at 0x7f612ac6d8a0>\nmessage = ''\n\n    def until(self, method, message: str = \"\"):\n        \"\"\"Calls the method provided with the driver as an argument until the \\\n        return value does not evaluate to ``False``.\n    \n        :param method: callable(WebDriver)\n        :param message: optional message for :exc:`TimeoutException`\n        :returns: the result of the last call to `method`\n        :raises: :exc:`selenium.common.exceptions.TimeoutException` if timeout occurs\n        \"\"\"\n        screen = None\n        stacktrace = None\n    \n        end_time = time.monotonic() + self._timeout\n        while True:\n            try:\n                value = method(self._driver)\n                if value:\n                    return value\n            except self._ignored_exceptions as exc:\n                screen = getattr(exc, \"screen\", None)\n                stacktrace = getattr(exc, \"stacktrace\", None)\n            time.sleep(self._poll)\n            if time.monotonic() > end_time:\n                break\n>       raise TimeoutException(message, screen, stacktrace)\nE       selenium.common.exceptions.TimeoutException: Message: \nE       Stacktrace:\nE       #0 0x562783b656b3 <unknown>\nE       #1 0x56278383b1e7 <unknown>\nE       #2 0x562783882566 <unknown>\nE       #3 0x562783882651 <unknown>\nE       #4 0x5627838bfa74 <unknown>\nE       #5 0x5627838a40ed <unknown>\nE       #6 0x5627838bd322 <unknown>\nE       #7 0x5627838a3e93 <unknown>\nE       #8 0x562783876934 <unknown>\nE       #9 0x56278387771e <unknown>\nE       #10 0x562783b2acb8 <unknown>\nE       #11 0x562783b2ebf0 <unknown>\nE       #12 0x562783b3919c <unknown>\nE       #13 0x562783b2f808 <unknown>\nE       #14 0x562783afc27f <unknown>\nE       #15 0x562783b53e88 <unknown>\nE       #16 0x562783b54059 <unknown>\nE       #17 0x562783b64843 <unknown>\nE       #18 0x7f6966e94b43 <unknown>\n\n/opt/hostedtoolcache/Python/3.11.5/x64/lib/python3.11/site-packages/selenium/webdriver/support/wait.py:95: TimeoutException","flaky":false,"newFailed":false,"newBroken":false,"newPassed":false,"retriesCount":0,"retriesStatusChange":false,"beforeStages":[{"name":"_session_faker","time":{"start":1697332452139,"stop":1697332452233,"duration":94},"status":"passed","steps":[],"attachments":[],"parameters":[],"shouldDisplayMessage":false,"stepsCount":0,"attachmentsCount":0,"hasContent":false},{"name":"clear_allure_result_folder","time":{"start":1697332452233,"stop":1697332452233,"duration":0},"status":"passed","steps":[],"attachments":[],"parameters":[],"shouldDisplayMessage":false,"stepsCount":0,"attachmentsCount":0,"hasContent":false},{"name":"driver","time":{"start":1697334371182,"stop":1697334372341,"duration":1159},"status":"passed","steps":[],"attachments":[],"parameters":[],"shouldDisplayMessage":false,"stepsCount":0,"attachmentsCount":0,"hasContent":false}],"testStage":{"description":"This test checks that the card has a price and a price in USD","status":"skipped","statusMessage":"XFAIL In CI the test failed in PR#203\n\nselenium.common.exceptions.TimeoutException: Message: \nStacktrace:\n#0 0x562783b656b3 <unknown>\n#1 0x56278383b1e7 <unknown>\n#2 0x562783882566 <unknown>\n#3 0x562783882651 <unknown>\n#4 0x5627838bfa74 <unknown>\n#5 0x5627838a40ed <unknown>\n#6 0x5627838bd322 <unknown>\n#7 0x5627838a3e93 <unknown>\n#8 0x562783876934 <unknown>\n#9 0x56278387771e <unknown>\n#10 0x562783b2acb8 <unknown>\n#11 0x562783b2ebf0 <unknown>\n#12 0x562783b3919c <unknown>\n#13 0x562783b2f808 <unknown>\n#14 0x562783afc27f <unknown>\n#15 0x562783b53e88 <unknown>\n#16 0x562783b54059 <unknown>\n#17 0x562783b64843 <unknown>\n#18 0x7f6966e94b43 <unknown>","statusTrace":"self = <test_main_page.TestMainPage.TestHotSellerSection object at 0x7f612a5e7190>\ndriver = <selenium.webdriver.chrome.webdriver.WebDriver (session=\"51e8ae321e8bcfe5c2a1093fc9d51b59\")>\n\n    @pytest.mark.xfail(reason=\"In CI the test failed in PR#203\")\n    def test_check_card_price(self, driver):\n        \"\"\"This test checks that the card has a price and a price in USD\"\"\"\n        page = MainPage(driver, MAIN_PAGE_URL)\n        page.open()\n>       text = page.check_card_price()\n\ntests/test_main_page.py:47: \n_ _ _ _ _ _ _ _ _ _ _ _ _ _ _ _ _ _ _ _ _ _ _ _ _ _ _ _ _ _ _ _ _ _ _ _ _ _ _ _ \npages/main_page.py:49: in check_card_price\n    text = self.get_text(self.locators.CARD_PRICE)\npages/base_page.py:144: in get_text\n    text = self.element_is_visible(locator)\npages/base_page.py:29: in element_is_visible\n    self.go_to_element(self.element_is_present(locator))\npages/base_page.py:50: in element_is_present\n    return wait(self.driver, timeout).until(EC.presence_of_element_located(locator))\n_ _ _ _ _ _ _ _ _ _ _ _ _ _ _ _ _ _ _ _ _ _ _ _ _ _ _ _ _ _ _ _ _ _ _ _ _ _ _ _ \n\nself = <selenium.webdriver.support.wait.WebDriverWait (session=\"51e8ae321e8bcfe5c2a1093fc9d51b59\")>\nmethod = <function presence_of_element_located.<locals>._predicate at 0x7f612ac6d8a0>\nmessage = ''\n\n    def until(self, method, message: str = \"\"):\n        \"\"\"Calls the method provided with the driver as an argument until the \\\n        return value does not evaluate to ``False``.\n    \n        :param method: callable(WebDriver)\n        :param message: optional message for :exc:`TimeoutException`\n        :returns: the result of the last call to `method`\n        :raises: :exc:`selenium.common.exceptions.TimeoutException` if timeout occurs\n        \"\"\"\n        screen = None\n        stacktrace = None\n    \n        end_time = time.monotonic() + self._timeout\n        while True:\n            try:\n                value = method(self._driver)\n                if value:\n                    return value\n            except self._ignored_exceptions as exc:\n                screen = getattr(exc, \"screen\", None)\n                stacktrace = getattr(exc, \"stacktrace\", None)\n            time.sleep(self._poll)\n            if time.monotonic() > end_time:\n                break\n>       raise TimeoutException(message, screen, stacktrace)\nE       selenium.common.exceptions.TimeoutException: Message: \nE       Stacktrace:\nE       #0 0x562783b656b3 <unknown>\nE       #1 0x56278383b1e7 <unknown>\nE       #2 0x562783882566 <unknown>\nE       #3 0x562783882651 <unknown>\nE       #4 0x5627838bfa74 <unknown>\nE       #5 0x5627838a40ed <unknown>\nE       #6 0x5627838bd322 <unknown>\nE       #7 0x5627838a3e93 <unknown>\nE       #8 0x562783876934 <unknown>\nE       #9 0x56278387771e <unknown>\nE       #10 0x562783b2acb8 <unknown>\nE       #11 0x562783b2ebf0 <unknown>\nE       #12 0x562783b3919c <unknown>\nE       #13 0x562783b2f808 <unknown>\nE       #14 0x562783afc27f <unknown>\nE       #15 0x562783b53e88 <unknown>\nE       #16 0x562783b54059 <unknown>\nE       #17 0x562783b64843 <unknown>\nE       #18 0x7f6966e94b43 <unknown>\n\n/opt/hostedtoolcache/Python/3.11.5/x64/lib/python3.11/site-packages/selenium/webdriver/support/wait.py:95: TimeoutException","steps":[{"name":"Open a browser","time":{"start":1697334372341,"stop":1697334372593,"duration":252},"status":"passed","steps":[],"attachments":[],"parameters":[],"shouldDisplayMessage":false,"stepsCount":0,"attachmentsCount":0,"hasContent":false},{"name":"Get element text","time":{"start":1697334372593,"stop":1697334377742,"duration":5149},"status":"broken","statusMessage":"selenium.common.exceptions.TimeoutException: Message: \nStacktrace:\n#0 0x562783b656b3 <unknown>\n#1 0x56278383b1e7 <unknown>\n#2 0x562783882566 <unknown>\n#3 0x562783882651 <unknown>\n#4 0x5627838bfa74 <unknown>\n#5 0x5627838a40ed <unknown>\n#6 0x5627838bd322 <unknown>\n#7 0x5627838a3e93 <unknown>\n#8 0x562783876934 <unknown>\n#9 0x56278387771e <unknown>\n#10 0x562783b2acb8 <unknown>\n#11 0x562783b2ebf0 <unknown>\n#12 0x562783b3919c <unknown>\n#13 0x562783b2f808 <unknown>\n#14 0x562783afc27f <unknown>\n#15 0x562783b53e88 <unknown>\n#16 0x562783b54059 <unknown>\n#17 0x562783b64843 <unknown>\n#18 0x7f6966e94b43 <unknown>\n\n","statusTrace":"  File \"/opt/hostedtoolcache/Python/3.11.5/x64/lib/python3.11/site-packages/allure_commons/_allure.py\", line 192, in impl\n    return func(*a, **kw)\n           ^^^^^^^^^^^^^^\n  File \"/home/runner/work/luma_project/luma_project/pages/base_page.py\", line 144, in get_text\n    text = self.element_is_visible(locator)\n           ^^^^^^^^^^^^^^^^^^^^^^^^^^^^^^^^\n  File \"/opt/hostedtoolcache/Python/3.11.5/x64/lib/python3.11/site-packages/allure_commons/_allure.py\", line 192, in impl\n    return func(*a, **kw)\n           ^^^^^^^^^^^^^^\n  File \"/home/runner/work/luma_project/luma_project/pages/base_page.py\", line 29, in element_is_visible\n    self.go_to_element(self.element_is_present(locator))\n                       ^^^^^^^^^^^^^^^^^^^^^^^^^^^^^^^^\n  File \"/opt/hostedtoolcache/Python/3.11.5/x64/lib/python3.11/site-packages/allure_commons/_allure.py\", line 192, in impl\n    return func(*a, **kw)\n           ^^^^^^^^^^^^^^\n  File \"/home/runner/work/luma_project/luma_project/pages/base_page.py\", line 50, in element_is_present\n    return wait(self.driver, timeout).until(EC.presence_of_element_located(locator))\n           ^^^^^^^^^^^^^^^^^^^^^^^^^^^^^^^^^^^^^^^^^^^^^^^^^^^^^^^^^^^^^^^^^^^^^^^^^\n  File \"/opt/hostedtoolcache/Python/3.11.5/x64/lib/python3.11/site-packages/selenium/webdriver/support/wait.py\", line 95, in until\n    raise TimeoutException(message, screen, stacktrace)\n","steps":[{"name":"Find a visible element","time":{"start":1697334372593,"stop":1697334377741,"duration":5148},"status":"broken","statusMessage":"selenium.common.exceptions.TimeoutException: Message: \nStacktrace:\n#0 0x562783b656b3 <unknown>\n#1 0x56278383b1e7 <unknown>\n#2 0x562783882566 <unknown>\n#3 0x562783882651 <unknown>\n#4 0x5627838bfa74 <unknown>\n#5 0x5627838a40ed <unknown>\n#6 0x5627838bd322 <unknown>\n#7 0x5627838a3e93 <unknown>\n#8 0x562783876934 <unknown>\n#9 0x56278387771e <unknown>\n#10 0x562783b2acb8 <unknown>\n#11 0x562783b2ebf0 <unknown>\n#12 0x562783b3919c <unknown>\n#13 0x562783b2f808 <unknown>\n#14 0x562783afc27f <unknown>\n#15 0x562783b53e88 <unknown>\n#16 0x562783b54059 <unknown>\n#17 0x562783b64843 <unknown>\n#18 0x7f6966e94b43 <unknown>\n\n","statusTrace":"  File \"/opt/hostedtoolcache/Python/3.11.5/x64/lib/python3.11/site-packages/allure_commons/_allure.py\", line 192, in impl\n    return func(*a, **kw)\n           ^^^^^^^^^^^^^^\n  File \"/home/runner/work/luma_project/luma_project/pages/base_page.py\", line 29, in element_is_visible\n    self.go_to_element(self.element_is_present(locator))\n                       ^^^^^^^^^^^^^^^^^^^^^^^^^^^^^^^^\n  File \"/opt/hostedtoolcache/Python/3.11.5/x64/lib/python3.11/site-packages/allure_commons/_allure.py\", line 192, in impl\n    return func(*a, **kw)\n           ^^^^^^^^^^^^^^\n  File \"/home/runner/work/luma_project/luma_project/pages/base_page.py\", line 50, in element_is_present\n    return wait(self.driver, timeout).until(EC.presence_of_element_located(locator))\n           ^^^^^^^^^^^^^^^^^^^^^^^^^^^^^^^^^^^^^^^^^^^^^^^^^^^^^^^^^^^^^^^^^^^^^^^^^\n  File \"/opt/hostedtoolcache/Python/3.11.5/x64/lib/python3.11/site-packages/selenium/webdriver/support/wait.py\", line 95, in until\n    raise TimeoutException(message, screen, stacktrace)\n","steps":[{"name":"Find a present element","time":{"start":1697334372593,"stop":1697334377740,"duration":5147},"status":"broken","statusMessage":"selenium.common.exceptions.TimeoutException: Message: \nStacktrace:\n#0 0x562783b656b3 <unknown>\n#1 0x56278383b1e7 <unknown>\n#2 0x562783882566 <unknown>\n#3 0x562783882651 <unknown>\n#4 0x5627838bfa74 <unknown>\n#5 0x5627838a40ed <unknown>\n#6 0x5627838bd322 <unknown>\n#7 0x5627838a3e93 <unknown>\n#8 0x562783876934 <unknown>\n#9 0x56278387771e <unknown>\n#10 0x562783b2acb8 <unknown>\n#11 0x562783b2ebf0 <unknown>\n#12 0x562783b3919c <unknown>\n#13 0x562783b2f808 <unknown>\n#14 0x562783afc27f <unknown>\n#15 0x562783b53e88 <unknown>\n#16 0x562783b54059 <unknown>\n#17 0x562783b64843 <unknown>\n#18 0x7f6966e94b43 <unknown>\n\n","statusTrace":"  File \"/opt/hostedtoolcache/Python/3.11.5/x64/lib/python3.11/site-packages/allure_commons/_allure.py\", line 192, in impl\n    return func(*a, **kw)\n           ^^^^^^^^^^^^^^\n  File \"/home/runner/work/luma_project/luma_project/pages/base_page.py\", line 50, in element_is_present\n    return wait(self.driver, timeout).until(EC.presence_of_element_located(locator))\n           ^^^^^^^^^^^^^^^^^^^^^^^^^^^^^^^^^^^^^^^^^^^^^^^^^^^^^^^^^^^^^^^^^^^^^^^^^\n  File \"/opt/hostedtoolcache/Python/3.11.5/x64/lib/python3.11/site-packages/selenium/webdriver/support/wait.py\", line 95, in until\n    raise TimeoutException(message, screen, stacktrace)\n","steps":[],"attachments":[],"parameters":[{"name":"locator","value":"('css selector', \"li[class='product-item']:nth-child(6) span[class='price']\")"},{"name":"timeout","value":"5"}],"shouldDisplayMessage":true,"stepsCount":0,"attachmentsCount":0,"hasContent":true}],"attachments":[],"parameters":[{"name":"locator","value":"('css selector', \"li[class='product-item']:nth-child(6) span[class='price']\")"},{"name":"timeout","value":"10"}],"shouldDisplayMessage":false,"stepsCount":1,"attachmentsCount":0,"hasContent":true}],"attachments":[],"parameters":[{"name":"locator","value":"('css selector', \"li[class='product-item']:nth-child(6) span[class='price']\")"}],"shouldDisplayMessage":false,"stepsCount":2,"attachmentsCount":0,"hasContent":true}],"attachments":[{"uid":"77860687bb9c0a52","name":"Screenshot","source":"77860687bb9c0a52.png","type":"image/png","size":14907},{"uid":"5e7bf561430fe793","name":"HTML source","source":"5e7bf561430fe793.html","type":"text/html","size":571}],"parameters":[],"shouldDisplayMessage":true,"stepsCount":4,"attachmentsCount":2,"hasContent":true},"afterStages":[{"name":"driver::0","time":{"start":1697334377950,"stop":1697334378014,"duration":64},"status":"passed","steps":[],"attachments":[],"parameters":[],"shouldDisplayMessage":false,"stepsCount":0,"attachmentsCount":0,"hasContent":false},{"name":"clear_allure_result_folder::0","time":{"start":1697335302392,"stop":1697335302392,"duration":0},"status":"passed","steps":[],"attachments":[],"parameters":[],"shouldDisplayMessage":false,"stepsCount":0,"attachmentsCount":0,"hasContent":false}],"labels":[{"name":"epic","value":"Main Page"},{"name":"feature","value":"Testing Hot Seller Section"},{"name":"tag","value":"@pytest.mark.xfail(reason='In CI the test failed in PR#203')"},{"name":"parentSuite","value":"tests"},{"name":"suite","value":"test_main_page"},{"name":"subSuite","value":"TestMainPage"},{"name":"host","value":"fv-az453-313"},{"name":"thread","value":"2952-MainThread"},{"name":"framework","value":"pytest"},{"name":"language","value":"cpython3"},{"name":"package","value":"tests.test_main_page"},{"name":"resultFormat","value":"allure2"}],"parameters":[],"links":[],"hidden":false,"retry":false,"extra":{"severity":"normal","retries":[],"categories":[],"tags":["@pytest.mark.xfail(reason='In CI the test failed in PR#203')"]},"source":"57105c11ec512d7a.json","parameterValues":[]}