{"uid":"64b06e19252e991","name":"TC 17.01.25 Verify error on resetting My Password with empty email","fullName":"tests.test_forgot_your_password.TestForgotYourPasswordFunctionality#test_17_01_25_error_if_reset_my_password_with_empty_email","historyId":"3fc451d87c8653c0431c5bf955165f1b","time":{"start":1712020583538,"stop":1712020589674,"duration":6136},"description":"Check error message on attempt to reset password with empty email field","descriptionHtml":"<p>Check error message on attempt to reset password with empty email field</p>\n","status":"skipped","statusMessage":"XFAIL Flaky behavior on CI\n\nselenium.common.exceptions.TimeoutException: Message: \nStacktrace:\n#0 0x55670cda7993 <unknown>\n#1 0x55670caa2136 <unknown>\n#2 0x55670caecd48 <unknown>\n#3 0x55670caece01 <unknown>\n#4 0x55670cb2fe44 <unknown>\n#5 0x55670cb0ecfd <unknown>\n#6 0x55670cb2d319 <unknown>\n#7 0x55670cb0ea73 <unknown>\n#8 0x55670cadfc93 <unknown>\n#9 0x55670cae065e <unknown>\n#10 0x55670cd6c08b <unknown>\n#11 0x55670cd70005 <unknown>\n#12 0x55670cd5a491 <unknown>\n#13 0x55670cd70b92 <unknown>\n#14 0x55670cd3f9ef <unknown>\n#15 0x55670cd96df8 <unknown>\n#16 0x55670cd96fcb <unknown>\n#17 0x55670cda6ae4 <unknown>\n#18 0x7f89b3294ac3 <unknown>","statusTrace":"self = <test_forgot_your_password.TestForgotYourPasswordFunctionality object at 0x7ff84c50b350>\ndriver = <selenium.webdriver.chrome.webdriver.WebDriver (session=\"9f64a7d444a632c221d322e1c3695136\")>\nforgot_psw_page = <pages.forgot_your_password_page.ForgotYourPasswordPage object at 0x7ff84d17f7d0>\n\n    @pytest.mark.xfail(reason=\"Flaky behavior on CI\")\n    @allure.title('TC 17.01.25 Verify error on resetting My Password with empty email')\n    def test_17_01_25_error_if_reset_my_password_with_empty_email(self, driver, forgot_psw_page):\n        \"\"\"Check error message on attempt to reset password with empty email field\"\"\"\n        # forgot_psw_page.fill_in_forgot_psw_captcha_field(captcha)\n        forgot_psw_page.click_reset_my_password_button()\n>       error_message = forgot_psw_page.get_error_email_input_is_required()\n\ntests/test_forgot_your_password.py:211: \n_ _ _ _ _ _ _ _ _ _ _ _ _ _ _ _ _ _ _ _ _ _ _ _ _ _ _ _ _ _ _ _ _ _ _ _ _ _ _ _ \npages/forgot_your_password_page.py:139: in get_error_email_input_is_required\n    return self.get_error_message(self.locators.RESET_MY_PASSWORD_EMAIL_ERROR)\npages/base_page.py:337: in get_error_message\n    error = wait(self.driver, timeout).until(EC.visibility_of_element_located(locator))\n_ _ _ _ _ _ _ _ _ _ _ _ _ _ _ _ _ _ _ _ _ _ _ _ _ _ _ _ _ _ _ _ _ _ _ _ _ _ _ _ \n\nself = <selenium.webdriver.support.wait.WebDriverWait (session=\"9f64a7d444a632c221d322e1c3695136\")>\nmethod = <function visibility_of_element_located.<locals>._predicate at 0x7ff84b1460c0>\nmessage = ''\n\n    def until(self, method, message: str = \"\"):\n        \"\"\"Calls the method provided with the driver as an argument until the \\\n        return value does not evaluate to ``False``.\n    \n        :param method: callable(WebDriver)\n        :param message: optional message for :exc:`TimeoutException`\n        :returns: the result of the last call to `method`\n        :raises: :exc:`selenium.common.exceptions.TimeoutException` if timeout occurs\n        \"\"\"\n        screen = None\n        stacktrace = None\n    \n        end_time = time.monotonic() + self._timeout\n        while True:\n            try:\n                value = method(self._driver)\n                if value:\n                    return value\n            except self._ignored_exceptions as exc:\n                screen = getattr(exc, \"screen\", None)\n                stacktrace = getattr(exc, \"stacktrace\", None)\n            time.sleep(self._poll)\n            if time.monotonic() > end_time:\n                break\n>       raise TimeoutException(message, screen, stacktrace)\nE       selenium.common.exceptions.TimeoutException: Message: \nE       Stacktrace:\nE       #0 0x55670cda7993 <unknown>\nE       #1 0x55670caa2136 <unknown>\nE       #2 0x55670caecd48 <unknown>\nE       #3 0x55670caece01 <unknown>\nE       #4 0x55670cb2fe44 <unknown>\nE       #5 0x55670cb0ecfd <unknown>\nE       #6 0x55670cb2d319 <unknown>\nE       #7 0x55670cb0ea73 <unknown>\nE       #8 0x55670cadfc93 <unknown>\nE       #9 0x55670cae065e <unknown>\nE       #10 0x55670cd6c08b <unknown>\nE       #11 0x55670cd70005 <unknown>\nE       #12 0x55670cd5a491 <unknown>\nE       #13 0x55670cd70b92 <unknown>\nE       #14 0x55670cd3f9ef <unknown>\nE       #15 0x55670cd96df8 <unknown>\nE       #16 0x55670cd96fcb <unknown>\nE       #17 0x55670cda6ae4 <unknown>\nE       #18 0x7f89b3294ac3 <unknown>\n\n/opt/hostedtoolcache/Python/3.11.8/x64/lib/python3.11/site-packages/selenium/webdriver/support/wait.py:95: TimeoutException","flaky":false,"newFailed":false,"newBroken":false,"newPassed":false,"retriesCount":0,"retriesStatusChange":false,"beforeStages":[{"name":"_session_faker","time":{"start":1712020389013,"stop":1712020389075,"duration":62},"status":"passed","steps":[],"attachments":[],"parameters":[],"shouldDisplayMessage":false,"stepsCount":0,"attachmentsCount":0,"hasContent":false,"attachmentStep":false},{"name":"clear_allure_result_folder","time":{"start":1712020389075,"stop":1712020389075,"duration":0},"status":"passed","steps":[],"attachments":[],"parameters":[],"shouldDisplayMessage":false,"stepsCount":0,"attachmentsCount":0,"hasContent":false,"attachmentStep":false},{"name":"driver","time":{"start":1712020581650,"stop":1712020582691,"duration":1041},"status":"passed","steps":[],"attachments":[],"parameters":[],"shouldDisplayMessage":false,"stepsCount":0,"attachmentsCount":0,"hasContent":false,"attachmentStep":false},{"name":"forgot_psw_page","time":{"start":1712020582691,"stop":1712020583538,"duration":847},"status":"passed","steps":[{"name":"Open a browser","time":{"start":1712020582691,"stop":1712020583538,"duration":847},"status":"passed","steps":[],"attachments":[],"parameters":[],"shouldDisplayMessage":false,"stepsCount":0,"attachmentsCount":0,"hasContent":false,"attachmentStep":false}],"attachments":[],"parameters":[],"shouldDisplayMessage":false,"stepsCount":1,"attachmentsCount":0,"hasContent":true,"attachmentStep":false}],"testStage":{"description":"Check error message on attempt to reset password with empty email field","status":"skipped","statusMessage":"XFAIL Flaky behavior on CI\n\nselenium.common.exceptions.TimeoutException: Message: \nStacktrace:\n#0 0x55670cda7993 <unknown>\n#1 0x55670caa2136 <unknown>\n#2 0x55670caecd48 <unknown>\n#3 0x55670caece01 <unknown>\n#4 0x55670cb2fe44 <unknown>\n#5 0x55670cb0ecfd <unknown>\n#6 0x55670cb2d319 <unknown>\n#7 0x55670cb0ea73 <unknown>\n#8 0x55670cadfc93 <unknown>\n#9 0x55670cae065e <unknown>\n#10 0x55670cd6c08b <unknown>\n#11 0x55670cd70005 <unknown>\n#12 0x55670cd5a491 <unknown>\n#13 0x55670cd70b92 <unknown>\n#14 0x55670cd3f9ef <unknown>\n#15 0x55670cd96df8 <unknown>\n#16 0x55670cd96fcb <unknown>\n#17 0x55670cda6ae4 <unknown>\n#18 0x7f89b3294ac3 <unknown>","statusTrace":"self = <test_forgot_your_password.TestForgotYourPasswordFunctionality object at 0x7ff84c50b350>\ndriver = <selenium.webdriver.chrome.webdriver.WebDriver (session=\"9f64a7d444a632c221d322e1c3695136\")>\nforgot_psw_page = <pages.forgot_your_password_page.ForgotYourPasswordPage object at 0x7ff84d17f7d0>\n\n    @pytest.mark.xfail(reason=\"Flaky behavior on CI\")\n    @allure.title('TC 17.01.25 Verify error on resetting My Password with empty email')\n    def test_17_01_25_error_if_reset_my_password_with_empty_email(self, driver, forgot_psw_page):\n        \"\"\"Check error message on attempt to reset password with empty email field\"\"\"\n        # forgot_psw_page.fill_in_forgot_psw_captcha_field(captcha)\n        forgot_psw_page.click_reset_my_password_button()\n>       error_message = forgot_psw_page.get_error_email_input_is_required()\n\ntests/test_forgot_your_password.py:211: \n_ _ _ _ _ _ _ _ _ _ _ _ _ _ _ _ _ _ _ _ _ _ _ _ _ _ _ _ _ _ _ _ _ _ _ _ _ _ _ _ \npages/forgot_your_password_page.py:139: in get_error_email_input_is_required\n    return self.get_error_message(self.locators.RESET_MY_PASSWORD_EMAIL_ERROR)\npages/base_page.py:337: in get_error_message\n    error = wait(self.driver, timeout).until(EC.visibility_of_element_located(locator))\n_ _ _ _ _ _ _ _ _ _ _ _ _ _ _ _ _ _ _ _ _ _ _ _ _ _ _ _ _ _ _ _ _ _ _ _ _ _ _ _ \n\nself = <selenium.webdriver.support.wait.WebDriverWait (session=\"9f64a7d444a632c221d322e1c3695136\")>\nmethod = <function visibility_of_element_located.<locals>._predicate at 0x7ff84b1460c0>\nmessage = ''\n\n    def until(self, method, message: str = \"\"):\n        \"\"\"Calls the method provided with the driver as an argument until the \\\n        return value does not evaluate to ``False``.\n    \n        :param method: callable(WebDriver)\n        :param message: optional message for :exc:`TimeoutException`\n        :returns: the result of the last call to `method`\n        :raises: :exc:`selenium.common.exceptions.TimeoutException` if timeout occurs\n        \"\"\"\n        screen = None\n        stacktrace = None\n    \n        end_time = time.monotonic() + self._timeout\n        while True:\n            try:\n                value = method(self._driver)\n                if value:\n                    return value\n            except self._ignored_exceptions as exc:\n                screen = getattr(exc, \"screen\", None)\n                stacktrace = getattr(exc, \"stacktrace\", None)\n            time.sleep(self._poll)\n            if time.monotonic() > end_time:\n                break\n>       raise TimeoutException(message, screen, stacktrace)\nE       selenium.common.exceptions.TimeoutException: Message: \nE       Stacktrace:\nE       #0 0x55670cda7993 <unknown>\nE       #1 0x55670caa2136 <unknown>\nE       #2 0x55670caecd48 <unknown>\nE       #3 0x55670caece01 <unknown>\nE       #4 0x55670cb2fe44 <unknown>\nE       #5 0x55670cb0ecfd <unknown>\nE       #6 0x55670cb2d319 <unknown>\nE       #7 0x55670cb0ea73 <unknown>\nE       #8 0x55670cadfc93 <unknown>\nE       #9 0x55670cae065e <unknown>\nE       #10 0x55670cd6c08b <unknown>\nE       #11 0x55670cd70005 <unknown>\nE       #12 0x55670cd5a491 <unknown>\nE       #13 0x55670cd70b92 <unknown>\nE       #14 0x55670cd3f9ef <unknown>\nE       #15 0x55670cd96df8 <unknown>\nE       #16 0x55670cd96fcb <unknown>\nE       #17 0x55670cda6ae4 <unknown>\nE       #18 0x7f89b3294ac3 <unknown>\n\n/opt/hostedtoolcache/Python/3.11.8/x64/lib/python3.11/site-packages/selenium/webdriver/support/wait.py:95: TimeoutException","steps":[{"name":"Click on Reset My Password button button","time":{"start":1712020583538,"stop":1712020584559,"duration":1021},"status":"passed","steps":[{"name":"Check Reset My Password button is clickable","time":{"start":1712020583538,"stop":1712020583588,"duration":50},"status":"passed","steps":[{"name":"Find clickable elements","time":{"start":1712020583538,"stop":1712020583588,"duration":50},"status":"passed","steps":[],"attachments":[],"parameters":[{"name":"locator","value":"('css selector', 'button[class=\"action submit primary\"]')"},{"name":"timeout","value":"5"}],"shouldDisplayMessage":false,"stepsCount":0,"attachmentsCount":0,"hasContent":true,"attachmentStep":false}],"attachments":[],"parameters":[],"shouldDisplayMessage":false,"stepsCount":1,"attachmentsCount":0,"hasContent":true,"attachmentStep":false}],"attachments":[],"parameters":[],"shouldDisplayMessage":false,"stepsCount":2,"attachmentsCount":0,"hasContent":true,"attachmentStep":false},{"name":"Get error for email input is required ","time":{"start":1712020584559,"stop":1712020589673,"duration":5114},"status":"broken","statusMessage":"selenium.common.exceptions.TimeoutException: Message: \nStacktrace:\n#0 0x55670cda7993 <unknown>\n#1 0x55670caa2136 <unknown>\n#2 0x55670caecd48 <unknown>\n#3 0x55670caece01 <unknown>\n#4 0x55670cb2fe44 <unknown>\n#5 0x55670cb0ecfd <unknown>\n#6 0x55670cb2d319 <unknown>\n#7 0x55670cb0ea73 <unknown>\n#8 0x55670cadfc93 <unknown>\n#9 0x55670cae065e <unknown>\n#10 0x55670cd6c08b <unknown>\n#11 0x55670cd70005 <unknown>\n#12 0x55670cd5a491 <unknown>\n#13 0x55670cd70b92 <unknown>\n#14 0x55670cd3f9ef <unknown>\n#15 0x55670cd96df8 <unknown>\n#16 0x55670cd96fcb <unknown>\n#17 0x55670cda6ae4 <unknown>\n#18 0x7f89b3294ac3 <unknown>\n\n","statusTrace":"  File \"/opt/hostedtoolcache/Python/3.11.8/x64/lib/python3.11/site-packages/allure_commons/_allure.py\", line 192, in impl\n    return func(*a, **kw)\n           ^^^^^^^^^^^^^^\n  File \"/home/runner/work/luma_project/luma_project/pages/forgot_your_password_page.py\", line 139, in get_error_email_input_is_required\n    return self.get_error_message(self.locators.RESET_MY_PASSWORD_EMAIL_ERROR)\n           ^^^^^^^^^^^^^^^^^^^^^^^^^^^^^^^^^^^^^^^^^^^^^^^^^^^^^^^^^^^^^^^^^^^\n  File \"/opt/hostedtoolcache/Python/3.11.8/x64/lib/python3.11/site-packages/allure_commons/_allure.py\", line 192, in impl\n    return func(*a, **kw)\n           ^^^^^^^^^^^^^^\n  File \"/home/runner/work/luma_project/luma_project/pages/base_page.py\", line 337, in get_error_message\n    error = wait(self.driver, timeout).until(EC.visibility_of_element_located(locator))\n            ^^^^^^^^^^^^^^^^^^^^^^^^^^^^^^^^^^^^^^^^^^^^^^^^^^^^^^^^^^^^^^^^^^^^^^^^^^^\n  File \"/opt/hostedtoolcache/Python/3.11.8/x64/lib/python3.11/site-packages/selenium/webdriver/support/wait.py\", line 95, in until\n    raise TimeoutException(message, screen, stacktrace)\n","steps":[{"name":"Get error message","time":{"start":1712020584559,"stop":1712020589673,"duration":5114},"status":"broken","statusMessage":"selenium.common.exceptions.TimeoutException: Message: \nStacktrace:\n#0 0x55670cda7993 <unknown>\n#1 0x55670caa2136 <unknown>\n#2 0x55670caecd48 <unknown>\n#3 0x55670caece01 <unknown>\n#4 0x55670cb2fe44 <unknown>\n#5 0x55670cb0ecfd <unknown>\n#6 0x55670cb2d319 <unknown>\n#7 0x55670cb0ea73 <unknown>\n#8 0x55670cadfc93 <unknown>\n#9 0x55670cae065e <unknown>\n#10 0x55670cd6c08b <unknown>\n#11 0x55670cd70005 <unknown>\n#12 0x55670cd5a491 <unknown>\n#13 0x55670cd70b92 <unknown>\n#14 0x55670cd3f9ef <unknown>\n#15 0x55670cd96df8 <unknown>\n#16 0x55670cd96fcb <unknown>\n#17 0x55670cda6ae4 <unknown>\n#18 0x7f89b3294ac3 <unknown>\n\n","statusTrace":"  File \"/opt/hostedtoolcache/Python/3.11.8/x64/lib/python3.11/site-packages/allure_commons/_allure.py\", line 192, in impl\n    return func(*a, **kw)\n           ^^^^^^^^^^^^^^\n  File \"/home/runner/work/luma_project/luma_project/pages/base_page.py\", line 337, in get_error_message\n    error = wait(self.driver, timeout).until(EC.visibility_of_element_located(locator))\n            ^^^^^^^^^^^^^^^^^^^^^^^^^^^^^^^^^^^^^^^^^^^^^^^^^^^^^^^^^^^^^^^^^^^^^^^^^^^\n  File \"/opt/hostedtoolcache/Python/3.11.8/x64/lib/python3.11/site-packages/selenium/webdriver/support/wait.py\", line 95, in until\n    raise TimeoutException(message, screen, stacktrace)\n","steps":[],"attachments":[],"parameters":[{"name":"locator","value":"('css selector', '#email_address-error')"},{"name":"timeout","value":"5"}],"shouldDisplayMessage":true,"stepsCount":0,"attachmentsCount":0,"hasContent":true,"attachmentStep":false}],"attachments":[],"parameters":[],"shouldDisplayMessage":false,"stepsCount":1,"attachmentsCount":0,"hasContent":true,"attachmentStep":false}],"attachments":[{"uid":"ba0d953a8de01a61","name":"Screenshot","source":"ba0d953a8de01a61.png","type":"image/png","size":112800},{"uid":"8b49abf98eb189be","name":"HTML source","source":"8b49abf98eb189be.html","type":"text/html","size":80418}],"parameters":[],"shouldDisplayMessage":true,"stepsCount":5,"attachmentsCount":2,"hasContent":true,"attachmentStep":false},"afterStages":[{"name":"driver::0","time":{"start":1712020589802,"stop":1712020589871,"duration":69},"status":"passed","steps":[],"attachments":[],"parameters":[],"shouldDisplayMessage":false,"stepsCount":0,"attachmentsCount":0,"hasContent":false,"attachmentStep":false},{"name":"clear_allure_result_folder::0","time":{"start":1712021475532,"stop":1712021475532,"duration":0},"status":"passed","steps":[],"attachments":[],"parameters":[],"shouldDisplayMessage":false,"stepsCount":0,"attachmentsCount":0,"hasContent":false,"attachmentStep":false}],"labels":[{"name":"epic","value":"Forgot Your Password Functionality"},{"name":"tag","value":"@pytest.mark.xfail(reason='Flaky behavior on CI')"},{"name":"parentSuite","value":"tests"},{"name":"suite","value":"test_forgot_your_password"},{"name":"subSuite","value":"TestForgotYourPasswordFunctionality"},{"name":"host","value":"fv-az1272-490"},{"name":"thread","value":"3083-MainThread"},{"name":"framework","value":"pytest"},{"name":"language","value":"cpython3"},{"name":"package","value":"tests.test_forgot_your_password"},{"name":"resultFormat","value":"allure2"}],"parameters":[],"links":[],"hidden":false,"retry":false,"extra":{"severity":"normal","retries":[],"categories":[],"history":{"statistic":{"failed":0,"broken":0,"skipped":2,"passed":1,"unknown":0,"total":3},"items":[{"uid":"5332777283be614","reportUrl":"https://verafes.github.io/luma_project/267//#testresult/5332777283be614","status":"skipped","statusDetails":"XFAIL Flaky behavior on CI\n\nselenium.common.exceptions.TimeoutException: Message: \nStacktrace:\n#0 0x557b54703993 <unknown>\n#1 0x557b543fe136 <unknown>\n#2 0x557b54448d48 <unknown>\n#3 0x557b54448e01 <unknown>\n#4 0x557b5448be44 <unknown>\n#5 0x557b5446acfd <unknown>\n#6 0x557b54489319 <unknown>\n#7 0x557b5446aa73 <unknown>\n#8 0x557b5443bc93 <unknown>\n#9 0x557b5443c65e <unknown>\n#10 0x557b546c808b <unknown>\n#11 0x557b546cc005 <unknown>\n#12 0x557b546b6491 <unknown>\n#13 0x557b546ccb92 <unknown>\n#14 0x557b5469b9ef <unknown>\n#15 0x557b546f2df8 <unknown>\n#16 0x557b546f2fcb <unknown>\n#17 0x557b54702ae4 <unknown>\n#18 0x7f3153a94ac3 <unknown>","time":{"start":1711934335246,"stop":1711934341572,"duration":6326}},{"uid":"3d5eec2b787fff0e","reportUrl":"https://verafes.github.io/luma_project/266//#testresult/3d5eec2b787fff0e","status":"passed","statusDetails":"XPASS Flaky behavior on CI","time":{"start":1711847921146,"stop":1711847921378,"duration":232}}]},"tags":["@pytest.mark.xfail(reason='Flaky behavior on CI')"]},"source":"64b06e19252e991.json","parameterValues":[]}