{"uid":"2815c8b7599478e1","name":"TC 17.01.25 Verify error on resetting My Password with empty email","fullName":"tests.test_forgot_your_password.TestForgotYourPasswordFunctionality#test_17_01_25_error_if_reset_my_password_with_empty_email","historyId":"3fc451d87c8653c0431c5bf955165f1b","time":{"start":1727574427664,"stop":1727574433797,"duration":6133},"description":"Check error message on attempt to reset password with empty email field","descriptionHtml":"<p>Check error message on attempt to reset password with empty email field</p>\n","status":"skipped","statusMessage":"XFAIL Flaky behavior on CI\n\nselenium.common.exceptions.TimeoutException: Message: \nStacktrace:\n#0 0x555cbfa0613a <unknown>\n#1 0x555cbf6ec5e0 <unknown>\n#2 0x555cbf73bbe8 <unknown>\n#3 0x555cbf73be81 <unknown>\n#4 0x555cbf7828c4 <unknown>\n#5 0x555cbf760b4d <unknown>\n#6 0x555cbf77fd7d <unknown>\n#7 0x555cbf7608c3 <unknown>\n#8 0x555cbf72e6b3 <unknown>\n#9 0x555cbf72f68e <unknown>\n#10 0x555cbf9d0b3b <unknown>\n#11 0x555cbf9d4ac1 <unknown>\n#12 0x555cbf9bd335 <unknown>\n#13 0x555cbf9d5642 <unknown>\n#14 0x555cbf9a249f <unknown>\n#15 0x555cbf9f5038 <unknown>\n#16 0x555cbf9f5203 <unknown>\n#17 0x555cbfa04f8c <unknown>\n#18 0x7fbd13a94ac3 <unknown>","statusTrace":"self = <test_forgot_your_password.TestForgotYourPasswordFunctionality object at 0x7fbdb7618090>\ndriver = <selenium.webdriver.chrome.webdriver.WebDriver (session=\"e96fe690726e7216144c37dfd9ec7801\")>\nforgot_psw_page = <pages.forgot_your_password_page.ForgotYourPasswordPage object at 0x7fbdb616ca10>\n\n    @pytest.mark.xfail(reason=\"Flaky behavior on CI\")\n    @allure.title('TC 17.01.25 Verify error on resetting My Password with empty email')\n    def test_17_01_25_error_if_reset_my_password_with_empty_email(self, driver, forgot_psw_page):\n        \"\"\"Check error message on attempt to reset password with empty email field\"\"\"\n        # forgot_psw_page.fill_in_forgot_psw_captcha_field(captcha)\n        forgot_psw_page.click_reset_my_password_button()\n>       error_message = forgot_psw_page.get_error_email_input_is_required()\n\ntests/test_forgot_your_password.py:211: \n_ _ _ _ _ _ _ _ _ _ _ _ _ _ _ _ _ _ _ _ _ _ _ _ _ _ _ _ _ _ _ _ _ _ _ _ _ _ _ _ \npages/forgot_your_password_page.py:139: in get_error_email_input_is_required\n    return self.get_error_message(self.locators.RESET_MY_PASSWORD_EMAIL_ERROR)\npages/base_page.py:337: in get_error_message\n    error = wait(self.driver, timeout).until(EC.visibility_of_element_located(locator))\n_ _ _ _ _ _ _ _ _ _ _ _ _ _ _ _ _ _ _ _ _ _ _ _ _ _ _ _ _ _ _ _ _ _ _ _ _ _ _ _ \n\nself = <selenium.webdriver.support.wait.WebDriverWait (session=\"e96fe690726e7216144c37dfd9ec7801\")>\nmethod = <function visibility_of_element_located.<locals>._predicate at 0x7fbdb61b36a0>\nmessage = ''\n\n    def until(self, method, message: str = \"\"):\n        \"\"\"Calls the method provided with the driver as an argument until the \\\n        return value does not evaluate to ``False``.\n    \n        :param method: callable(WebDriver)\n        :param message: optional message for :exc:`TimeoutException`\n        :returns: the result of the last call to `method`\n        :raises: :exc:`selenium.common.exceptions.TimeoutException` if timeout occurs\n        \"\"\"\n        screen = None\n        stacktrace = None\n    \n        end_time = time.monotonic() + self._timeout\n        while True:\n            try:\n                value = method(self._driver)\n                if value:\n                    return value\n            except self._ignored_exceptions as exc:\n                screen = getattr(exc, \"screen\", None)\n                stacktrace = getattr(exc, \"stacktrace\", None)\n            time.sleep(self._poll)\n            if time.monotonic() > end_time:\n                break\n>       raise TimeoutException(message, screen, stacktrace)\nE       selenium.common.exceptions.TimeoutException: Message: \nE       Stacktrace:\nE       #0 0x555cbfa0613a <unknown>\nE       #1 0x555cbf6ec5e0 <unknown>\nE       #2 0x555cbf73bbe8 <unknown>\nE       #3 0x555cbf73be81 <unknown>\nE       #4 0x555cbf7828c4 <unknown>\nE       #5 0x555cbf760b4d <unknown>\nE       #6 0x555cbf77fd7d <unknown>\nE       #7 0x555cbf7608c3 <unknown>\nE       #8 0x555cbf72e6b3 <unknown>\nE       #9 0x555cbf72f68e <unknown>\nE       #10 0x555cbf9d0b3b <unknown>\nE       #11 0x555cbf9d4ac1 <unknown>\nE       #12 0x555cbf9bd335 <unknown>\nE       #13 0x555cbf9d5642 <unknown>\nE       #14 0x555cbf9a249f <unknown>\nE       #15 0x555cbf9f5038 <unknown>\nE       #16 0x555cbf9f5203 <unknown>\nE       #17 0x555cbfa04f8c <unknown>\nE       #18 0x7fbd13a94ac3 <unknown>\n\n/opt/hostedtoolcache/Python/3.11.10/x64/lib/python3.11/site-packages/selenium/webdriver/support/wait.py:95: TimeoutException","flaky":false,"newFailed":false,"newBroken":false,"newPassed":false,"retriesCount":0,"retriesStatusChange":false,"beforeStages":[{"name":"_session_faker","time":{"start":1727574218106,"stop":1727574218170,"duration":64},"status":"passed","steps":[],"attachments":[],"parameters":[],"shouldDisplayMessage":false,"stepsCount":0,"attachmentsCount":0,"hasContent":false,"attachmentStep":false},{"name":"clear_allure_result_folder","time":{"start":1727574218170,"stop":1727574218170,"duration":0},"status":"passed","steps":[],"attachments":[],"parameters":[],"shouldDisplayMessage":false,"stepsCount":0,"attachmentsCount":0,"hasContent":false,"attachmentStep":false},{"name":"driver","time":{"start":1727574425612,"stop":1727574426864,"duration":1252},"status":"passed","steps":[],"attachments":[],"parameters":[],"shouldDisplayMessage":false,"stepsCount":0,"attachmentsCount":0,"hasContent":false,"attachmentStep":false},{"name":"forgot_psw_page","time":{"start":1727574426864,"stop":1727574427663,"duration":799},"status":"passed","steps":[{"name":"Open a browser","time":{"start":1727574426864,"stop":1727574427663,"duration":799},"status":"passed","steps":[],"attachments":[],"parameters":[],"shouldDisplayMessage":false,"stepsCount":0,"attachmentsCount":0,"hasContent":false,"attachmentStep":false}],"attachments":[],"parameters":[],"shouldDisplayMessage":false,"stepsCount":1,"attachmentsCount":0,"hasContent":true,"attachmentStep":false}],"testStage":{"description":"Check error message on attempt to reset password with empty email field","status":"skipped","statusMessage":"XFAIL Flaky behavior on CI\n\nselenium.common.exceptions.TimeoutException: Message: \nStacktrace:\n#0 0x555cbfa0613a <unknown>\n#1 0x555cbf6ec5e0 <unknown>\n#2 0x555cbf73bbe8 <unknown>\n#3 0x555cbf73be81 <unknown>\n#4 0x555cbf7828c4 <unknown>\n#5 0x555cbf760b4d <unknown>\n#6 0x555cbf77fd7d <unknown>\n#7 0x555cbf7608c3 <unknown>\n#8 0x555cbf72e6b3 <unknown>\n#9 0x555cbf72f68e <unknown>\n#10 0x555cbf9d0b3b <unknown>\n#11 0x555cbf9d4ac1 <unknown>\n#12 0x555cbf9bd335 <unknown>\n#13 0x555cbf9d5642 <unknown>\n#14 0x555cbf9a249f <unknown>\n#15 0x555cbf9f5038 <unknown>\n#16 0x555cbf9f5203 <unknown>\n#17 0x555cbfa04f8c <unknown>\n#18 0x7fbd13a94ac3 <unknown>","statusTrace":"self = <test_forgot_your_password.TestForgotYourPasswordFunctionality object at 0x7fbdb7618090>\ndriver = <selenium.webdriver.chrome.webdriver.WebDriver (session=\"e96fe690726e7216144c37dfd9ec7801\")>\nforgot_psw_page = <pages.forgot_your_password_page.ForgotYourPasswordPage object at 0x7fbdb616ca10>\n\n    @pytest.mark.xfail(reason=\"Flaky behavior on CI\")\n    @allure.title('TC 17.01.25 Verify error on resetting My Password with empty email')\n    def test_17_01_25_error_if_reset_my_password_with_empty_email(self, driver, forgot_psw_page):\n        \"\"\"Check error message on attempt to reset password with empty email field\"\"\"\n        # forgot_psw_page.fill_in_forgot_psw_captcha_field(captcha)\n        forgot_psw_page.click_reset_my_password_button()\n>       error_message = forgot_psw_page.get_error_email_input_is_required()\n\ntests/test_forgot_your_password.py:211: \n_ _ _ _ _ _ _ _ _ _ _ _ _ _ _ _ _ _ _ _ _ _ _ _ _ _ _ _ _ _ _ _ _ _ _ _ _ _ _ _ \npages/forgot_your_password_page.py:139: in get_error_email_input_is_required\n    return self.get_error_message(self.locators.RESET_MY_PASSWORD_EMAIL_ERROR)\npages/base_page.py:337: in get_error_message\n    error = wait(self.driver, timeout).until(EC.visibility_of_element_located(locator))\n_ _ _ _ _ _ _ _ _ _ _ _ _ _ _ _ _ _ _ _ _ _ _ _ _ _ _ _ _ _ _ _ _ _ _ _ _ _ _ _ \n\nself = <selenium.webdriver.support.wait.WebDriverWait (session=\"e96fe690726e7216144c37dfd9ec7801\")>\nmethod = <function visibility_of_element_located.<locals>._predicate at 0x7fbdb61b36a0>\nmessage = ''\n\n    def until(self, method, message: str = \"\"):\n        \"\"\"Calls the method provided with the driver as an argument until the \\\n        return value does not evaluate to ``False``.\n    \n        :param method: callable(WebDriver)\n        :param message: optional message for :exc:`TimeoutException`\n        :returns: the result of the last call to `method`\n        :raises: :exc:`selenium.common.exceptions.TimeoutException` if timeout occurs\n        \"\"\"\n        screen = None\n        stacktrace = None\n    \n        end_time = time.monotonic() + self._timeout\n        while True:\n            try:\n                value = method(self._driver)\n                if value:\n                    return value\n            except self._ignored_exceptions as exc:\n                screen = getattr(exc, \"screen\", None)\n                stacktrace = getattr(exc, \"stacktrace\", None)\n            time.sleep(self._poll)\n            if time.monotonic() > end_time:\n                break\n>       raise TimeoutException(message, screen, stacktrace)\nE       selenium.common.exceptions.TimeoutException: Message: \nE       Stacktrace:\nE       #0 0x555cbfa0613a <unknown>\nE       #1 0x555cbf6ec5e0 <unknown>\nE       #2 0x555cbf73bbe8 <unknown>\nE       #3 0x555cbf73be81 <unknown>\nE       #4 0x555cbf7828c4 <unknown>\nE       #5 0x555cbf760b4d <unknown>\nE       #6 0x555cbf77fd7d <unknown>\nE       #7 0x555cbf7608c3 <unknown>\nE       #8 0x555cbf72e6b3 <unknown>\nE       #9 0x555cbf72f68e <unknown>\nE       #10 0x555cbf9d0b3b <unknown>\nE       #11 0x555cbf9d4ac1 <unknown>\nE       #12 0x555cbf9bd335 <unknown>\nE       #13 0x555cbf9d5642 <unknown>\nE       #14 0x555cbf9a249f <unknown>\nE       #15 0x555cbf9f5038 <unknown>\nE       #16 0x555cbf9f5203 <unknown>\nE       #17 0x555cbfa04f8c <unknown>\nE       #18 0x7fbd13a94ac3 <unknown>\n\n/opt/hostedtoolcache/Python/3.11.10/x64/lib/python3.11/site-packages/selenium/webdriver/support/wait.py:95: TimeoutException","steps":[{"name":"Click on Reset My Password button button","time":{"start":1727574427664,"stop":1727574428635,"duration":971},"status":"passed","steps":[{"name":"Check Reset My Password button is clickable","time":{"start":1727574427664,"stop":1727574427692,"duration":28},"status":"passed","steps":[{"name":"Find clickable elements","time":{"start":1727574427664,"stop":1727574427692,"duration":28},"status":"passed","steps":[],"attachments":[],"parameters":[{"name":"locator","value":"('css selector', 'button[class=\"action submit primary\"]')"},{"name":"timeout","value":"5"}],"shouldDisplayMessage":false,"stepsCount":0,"attachmentsCount":0,"hasContent":true,"attachmentStep":false}],"attachments":[],"parameters":[],"shouldDisplayMessage":false,"stepsCount":1,"attachmentsCount":0,"hasContent":true,"attachmentStep":false}],"attachments":[],"parameters":[],"shouldDisplayMessage":false,"stepsCount":2,"attachmentsCount":0,"hasContent":true,"attachmentStep":false},{"name":"Get error for email input is required ","time":{"start":1727574428636,"stop":1727574433796,"duration":5160},"status":"broken","statusMessage":"selenium.common.exceptions.TimeoutException: Message: \nStacktrace:\n#0 0x555cbfa0613a <unknown>\n#1 0x555cbf6ec5e0 <unknown>\n#2 0x555cbf73bbe8 <unknown>\n#3 0x555cbf73be81 <unknown>\n#4 0x555cbf7828c4 <unknown>\n#5 0x555cbf760b4d <unknown>\n#6 0x555cbf77fd7d <unknown>\n#7 0x555cbf7608c3 <unknown>\n#8 0x555cbf72e6b3 <unknown>\n#9 0x555cbf72f68e <unknown>\n#10 0x555cbf9d0b3b <unknown>\n#11 0x555cbf9d4ac1 <unknown>\n#12 0x555cbf9bd335 <unknown>\n#13 0x555cbf9d5642 <unknown>\n#14 0x555cbf9a249f <unknown>\n#15 0x555cbf9f5038 <unknown>\n#16 0x555cbf9f5203 <unknown>\n#17 0x555cbfa04f8c <unknown>\n#18 0x7fbd13a94ac3 <unknown>\n\n","statusTrace":"  File \"/opt/hostedtoolcache/Python/3.11.10/x64/lib/python3.11/site-packages/allure_commons/_allure.py\", line 192, in impl\n    return func(*a, **kw)\n           ^^^^^^^^^^^^^^\n  File \"/home/runner/work/luma_project/luma_project/pages/forgot_your_password_page.py\", line 139, in get_error_email_input_is_required\n    return self.get_error_message(self.locators.RESET_MY_PASSWORD_EMAIL_ERROR)\n           ^^^^^^^^^^^^^^^^^^^^^^^^^^^^^^^^^^^^^^^^^^^^^^^^^^^^^^^^^^^^^^^^^^^\n  File \"/opt/hostedtoolcache/Python/3.11.10/x64/lib/python3.11/site-packages/allure_commons/_allure.py\", line 192, in impl\n    return func(*a, **kw)\n           ^^^^^^^^^^^^^^\n  File \"/home/runner/work/luma_project/luma_project/pages/base_page.py\", line 337, in get_error_message\n    error = wait(self.driver, timeout).until(EC.visibility_of_element_located(locator))\n            ^^^^^^^^^^^^^^^^^^^^^^^^^^^^^^^^^^^^^^^^^^^^^^^^^^^^^^^^^^^^^^^^^^^^^^^^^^^\n  File \"/opt/hostedtoolcache/Python/3.11.10/x64/lib/python3.11/site-packages/selenium/webdriver/support/wait.py\", line 95, in until\n    raise TimeoutException(message, screen, stacktrace)\n","steps":[{"name":"Get error message","time":{"start":1727574428636,"stop":1727574433796,"duration":5160},"status":"broken","statusMessage":"selenium.common.exceptions.TimeoutException: Message: \nStacktrace:\n#0 0x555cbfa0613a <unknown>\n#1 0x555cbf6ec5e0 <unknown>\n#2 0x555cbf73bbe8 <unknown>\n#3 0x555cbf73be81 <unknown>\n#4 0x555cbf7828c4 <unknown>\n#5 0x555cbf760b4d <unknown>\n#6 0x555cbf77fd7d <unknown>\n#7 0x555cbf7608c3 <unknown>\n#8 0x555cbf72e6b3 <unknown>\n#9 0x555cbf72f68e <unknown>\n#10 0x555cbf9d0b3b <unknown>\n#11 0x555cbf9d4ac1 <unknown>\n#12 0x555cbf9bd335 <unknown>\n#13 0x555cbf9d5642 <unknown>\n#14 0x555cbf9a249f <unknown>\n#15 0x555cbf9f5038 <unknown>\n#16 0x555cbf9f5203 <unknown>\n#17 0x555cbfa04f8c <unknown>\n#18 0x7fbd13a94ac3 <unknown>\n\n","statusTrace":"  File \"/opt/hostedtoolcache/Python/3.11.10/x64/lib/python3.11/site-packages/allure_commons/_allure.py\", line 192, in impl\n    return func(*a, **kw)\n           ^^^^^^^^^^^^^^\n  File \"/home/runner/work/luma_project/luma_project/pages/base_page.py\", line 337, in get_error_message\n    error = wait(self.driver, timeout).until(EC.visibility_of_element_located(locator))\n            ^^^^^^^^^^^^^^^^^^^^^^^^^^^^^^^^^^^^^^^^^^^^^^^^^^^^^^^^^^^^^^^^^^^^^^^^^^^\n  File \"/opt/hostedtoolcache/Python/3.11.10/x64/lib/python3.11/site-packages/selenium/webdriver/support/wait.py\", line 95, in until\n    raise TimeoutException(message, screen, stacktrace)\n","steps":[],"attachments":[],"parameters":[{"name":"locator","value":"('css selector', '#email_address-error')"},{"name":"timeout","value":"5"}],"shouldDisplayMessage":true,"stepsCount":0,"attachmentsCount":0,"hasContent":true,"attachmentStep":false}],"attachments":[],"parameters":[],"shouldDisplayMessage":false,"stepsCount":1,"attachmentsCount":0,"hasContent":true,"attachmentStep":false}],"attachments":[{"uid":"5047845f226dcb27","name":"Screenshot","source":"5047845f226dcb27.png","type":"image/png","size":65530},{"uid":"de4080a5379e2804","name":"HTML source","source":"de4080a5379e2804.html","type":"text/html","size":78684}],"parameters":[],"shouldDisplayMessage":true,"stepsCount":5,"attachmentsCount":2,"hasContent":true,"attachmentStep":false},"afterStages":[{"name":"driver::0","time":{"start":1727574433894,"stop":1727574433965,"duration":71},"status":"passed","steps":[],"attachments":[],"parameters":[],"shouldDisplayMessage":false,"stepsCount":0,"attachmentsCount":0,"hasContent":false,"attachmentStep":false},{"name":"clear_allure_result_folder::0","time":{"start":1727575410469,"stop":1727575410469,"duration":0},"status":"passed","steps":[],"attachments":[],"parameters":[],"shouldDisplayMessage":false,"stepsCount":0,"attachmentsCount":0,"hasContent":false,"attachmentStep":false}],"labels":[{"name":"epic","value":"Forgot Your Password Functionality"},{"name":"tag","value":"@pytest.mark.xfail(reason='Flaky behavior on CI')"},{"name":"parentSuite","value":"tests"},{"name":"suite","value":"test_forgot_your_password"},{"name":"subSuite","value":"TestForgotYourPasswordFunctionality"},{"name":"host","value":"fv-az849-341"},{"name":"thread","value":"2881-MainThread"},{"name":"framework","value":"pytest"},{"name":"language","value":"cpython3"},{"name":"package","value":"tests.test_forgot_your_password"},{"name":"resultFormat","value":"allure2"}],"parameters":[],"links":[],"hidden":false,"retry":false,"extra":{"severity":"normal","retries":[],"categories":[],"tags":["@pytest.mark.xfail(reason='Flaky behavior on CI')"]},"source":"2815c8b7599478e1.json","parameterValues":[]}